<?xml version="1.0" encoding="UTF-8"?>
<testsuite xmlns:xsi="http://www.w3.org/2001/XMLSchema-instance" xsi:noNamespaceSchemaLocation="https://maven.apache.org/surefire/maven-surefire-plugin/xsd/surefire-test-report-3.0.xsd" version="3.0" name="cn.edu.xmu.oomall.product.dao.GrouponActDaoTest" time="29.223" tests="1" errors="0" skipped="0" failures="1">
  <properties>
    <property name="java.specification.version" value="17"/>
    <property name="sun.cpu.isalist" value="amd64"/>
    <property name="sun.jnu.encoding" value="GBK"/>
    <property name="java.class.path" value="D:\JAVA\oomall-2023-1\product\target\test-classes;D:\JAVA\oomall-2023-1\product\target\classes;C:\Users\刘智文\.m2\repository\cn\edu\xmu\javaee\core\0.0.3-SNAPSHOT\core-0.0.3-SNAPSHOT.jar;C:\Users\刘智文\.m2\repository\com\auth0\java-jwt\4.4.0\java-jwt-4.4.0.jar;C:\Users\刘智文\.m2\repository\com\fasterxml\jackson\core\jackson-databind\2.17.3\jackson-databind-2.17.3.jar;C:\Users\刘智文\.m2\repository\com\fasterxml\jackson\core\jackson-annotations\2.17.3\jackson-annotations-2.17.3.jar;C:\Users\刘智文\.m2\repository\com\github\pagehelper\pagehelper-spring-boot-starter\2.1.0\pagehelper-spring-boot-starter-2.1.0.jar;C:\Users\刘智文\.m2\repository\org\mybatis\spring\boot\mybatis-spring-boot-starter\3.0.3\mybatis-spring-boot-starter-3.0.3.jar;C:\Users\刘智文\.m2\repository\org\mybatis\spring\boot\mybatis-spring-boot-autoconfigure\3.0.3\mybatis-spring-boot-autoconfigure-3.0.3.jar;C:\Users\刘智文\.m2\repository\org\mybatis\mybatis\3.5.14\mybatis-3.5.14.jar;C:\Users\刘智文\.m2\repository\org\mybatis\mybatis-spring\3.0.3\mybatis-spring-3.0.3.jar;C:\Users\刘智文\.m2\repository\com\github\pagehelper\pagehelper-spring-boot-autoconfigure\2.1.0\pagehelper-spring-boot-autoconfigure-2.1.0.jar;C:\Users\刘智文\.m2\repository\com\github\pagehelper\pagehelper\6.1.0\pagehelper-6.1.0.jar;C:\Users\刘智文\.m2\repository\com\github\jsqlparser\jsqlparser\4.7\jsqlparser-4.7.jar;C:\Users\刘智文\.m2\repository\org\springframework\cloud\spring-cloud-starter-loadbalancer\4.1.5\spring-cloud-starter-loadbalancer-4.1.5.jar;C:\Users\刘智文\.m2\repository\org\springframework\cloud\spring-cloud-loadbalancer\4.1.5\spring-cloud-loadbalancer-4.1.5.jar;C:\Users\刘智文\.m2\repository\io\projectreactor\addons\reactor-extra\3.5.2\reactor-extra-3.5.2.jar;C:\Users\刘智文\.m2\repository\org\springframework\boot\spring-boot-starter-cache\3.3.6\spring-boot-starter-cache-3.3.6.jar;C:\Users\刘智文\.m2\repository\com\stoyanr\evictor\1.0.0\evictor-1.0.0.jar;C:\Users\刘智文\.m2\repository\com\squareup\javapoet\1.13.0\javapoet-1.13.0.jar;C:\Users\刘智文\.m2\repository\com\google\auto\service\auto-service\1.0.1\auto-service-1.0.1.jar;C:\Users\刘智文\.m2\repository\com\google\auto\service\auto-service-annotations\1.0.1\auto-service-annotations-1.0.1.jar;C:\Users\刘智文\.m2\repository\com\google\auto\auto-common\1.2\auto-common-1.2.jar;C:\Users\刘智文\.m2\repository\com\google\guava\guava\31.0.1-jre\guava-31.0.1-jre.jar;C:\Users\刘智文\.m2\repository\com\google\guava\failureaccess\1.0.1\failureaccess-1.0.1.jar;C:\Users\刘智文\.m2\repository\com\google\guava\listenablefuture\9999.0-empty-to-avoid-conflict-with-guava\listenablefuture-9999.0-empty-to-avoid-conflict-with-guava.jar;C:\Users\刘智文\.m2\repository\com\google\code\findbugs\jsr305\3.0.2\jsr305-3.0.2.jar;C:\Users\刘智文\.m2\repository\org\checkerframework\checker-qual\3.12.0\checker-qual-3.12.0.jar;C:\Users\刘智文\.m2\repository\com\google\errorprone\error_prone_annotations\2.7.1\error_prone_annotations-2.7.1.jar;C:\Users\刘智文\.m2\repository\com\google\j2objc\j2objc-annotations\1.3\j2objc-annotations-1.3.jar;C:\Users\刘智文\.m2\repository\org\springframework\boot\spring-boot-starter-web\3.3.6\spring-boot-starter-web-3.3.6.jar;C:\Users\刘智文\.m2\repository\org\springframework\boot\spring-boot-starter\3.3.6\spring-boot-starter-3.3.6.jar;C:\Users\刘智文\.m2\repository\org\springframework\boot\spring-boot\3.3.6\spring-boot-3.3.6.jar;C:\Users\刘智文\.m2\repository\org\springframework\boot\spring-boot-starter-logging\3.3.6\spring-boot-starter-logging-3.3.6.jar;C:\Users\刘智文\.m2\repository\ch\qos\logback\logback-classic\1.5.12\logback-classic-1.5.12.jar;C:\Users\刘智文\.m2\repository\ch\qos\logback\logback-core\1.5.12\logback-core-1.5.12.jar;C:\Users\刘智文\.m2\repository\org\apache\logging\log4j\log4j-to-slf4j\2.23.1\log4j-to-slf4j-2.23.1.jar;C:\Users\刘智文\.m2\repository\org\apache\logging\log4j\log4j-api\2.23.1\log4j-api-2.23.1.jar;C:\Users\刘智文\.m2\repository\org\slf4j\jul-to-slf4j\2.0.16\jul-to-slf4j-2.0.16.jar;C:\Users\刘智文\.m2\repository\org\yaml\snakeyaml\2.2\snakeyaml-2.2.jar;C:\Users\刘智文\.m2\repository\org\springframework\boot\spring-boot-starter-json\3.3.6\spring-boot-starter-json-3.3.6.jar;C:\Users\刘智文\.m2\repository\com\fasterxml\jackson\datatype\jackson-datatype-jdk8\2.17.3\jackson-datatype-jdk8-2.17.3.jar;C:\Users\刘智文\.m2\repository\com\fasterxml\jackson\datatype\jackson-datatype-jsr310\2.17.3\jackson-datatype-jsr310-2.17.3.jar;C:\Users\刘智文\.m2\repository\com\fasterxml\jackson\module\jackson-module-parameter-names\2.17.3\jackson-module-parameter-names-2.17.3.jar;C:\Users\刘智文\.m2\repository\org\springframework\boot\spring-boot-starter-tomcat\3.3.6\spring-boot-starter-tomcat-3.3.6.jar;C:\Users\刘智文\.m2\repository\org\apache\tomcat\embed\tomcat-embed-core\10.1.33\tomcat-embed-core-10.1.33.jar;C:\Users\刘智文\.m2\repository\org\apache\tomcat\embed\tomcat-embed-websocket\10.1.33\tomcat-embed-websocket-10.1.33.jar;C:\Users\刘智文\.m2\repository\org\springframework\spring-web\6.1.15\spring-web-6.1.15.jar;C:\Users\刘智文\.m2\repository\org\springframework\spring-beans\6.1.15\spring-beans-6.1.15.jar;C:\Users\刘智文\.m2\repository\org\springframework\spring-webmvc\6.1.15\spring-webmvc-6.1.15.jar;C:\Users\刘智文\.m2\repository\org\springframework\spring-context\6.1.15\spring-context-6.1.15.jar;C:\Users\刘智文\.m2\repository\org\springframework\spring-expression\6.1.15\spring-expression-6.1.15.jar;C:\Users\刘智文\.m2\repository\org\springframework\boot\spring-boot-starter-actuator\3.3.6\spring-boot-starter-actuator-3.3.6.jar;C:\Users\刘智文\.m2\repository\org\springframework\boot\spring-boot-actuator-autoconfigure\3.3.6\spring-boot-actuator-autoconfigure-3.3.6.jar;C:\Users\刘智文\.m2\repository\org\springframework\boot\spring-boot-actuator\3.3.6\spring-boot-actuator-3.3.6.jar;C:\Users\刘智文\.m2\repository\io\micrometer\micrometer-observation\1.13.8\micrometer-observation-1.13.8.jar;C:\Users\刘智文\.m2\repository\io\micrometer\micrometer-commons\1.13.8\micrometer-commons-1.13.8.jar;C:\Users\刘智文\.m2\repository\io\micrometer\micrometer-jakarta9\1.13.8\micrometer-jakarta9-1.13.8.jar;C:\Users\刘智文\.m2\repository\io\micrometer\micrometer-core\1.13.8\micrometer-core-1.13.8.jar;C:\Users\刘智文\.m2\repository\org\hdrhistogram\HdrHistogram\2.2.2\HdrHistogram-2.2.2.jar;C:\Users\刘智文\.m2\repository\org\latencyutils\LatencyUtils\2.0.3\LatencyUtils-2.0.3.jar;C:\Users\刘智文\.m2\repository\org\springframework\boot\spring-boot-starter-validation\3.3.6\spring-boot-starter-validation-3.3.6.jar;C:\Users\刘智文\.m2\repository\org\apache\tomcat\embed\tomcat-embed-el\10.1.33\tomcat-embed-el-10.1.33.jar;C:\Users\刘智文\.m2\repository\org\hibernate\validator\hibernate-validator\8.0.1.Final\hibernate-validator-8.0.1.Final.jar;C:\Users\刘智文\.m2\repository\jakarta\validation\jakarta.validation-api\3.0.2\jakarta.validation-api-3.0.2.jar;C:\Users\刘智文\.m2\repository\org\jboss\logging\jboss-logging\3.5.3.Final\jboss-logging-3.5.3.Final.jar;C:\Users\刘智文\.m2\repository\com\fasterxml\classmate\1.7.0\classmate-1.7.0.jar;C:\Users\刘智文\.m2\repository\org\springframework\boot\spring-boot-starter-aop\3.3.6\spring-boot-starter-aop-3.3.6.jar;C:\Users\刘智文\.m2\repository\org\springframework\spring-aop\6.1.15\spring-aop-6.1.15.jar;C:\Users\刘智文\.m2\repository\org\aspectj\aspectjweaver\1.9.22.1\aspectjweaver-1.9.22.1.jar;C:\Users\刘智文\.m2\repository\org\springframework\boot\spring-boot-starter-data-redis\3.3.6\spring-boot-starter-data-redis-3.3.6.jar;C:\Users\刘智文\.m2\repository\io\lettuce\lettuce-core\6.3.2.RELEASE\lettuce-core-6.3.2.RELEASE.jar;C:\Users\刘智文\.m2\repository\io\netty\netty-common\4.1.115.Final\netty-common-4.1.115.Final.jar;C:\Users\刘智文\.m2\repository\io\netty\netty-handler\4.1.115.Final\netty-handler-4.1.115.Final.jar;C:\Users\刘智文\.m2\repository\io\netty\netty-resolver\4.1.115.Final\netty-resolver-4.1.115.Final.jar;C:\Users\刘智文\.m2\repository\io\netty\netty-buffer\4.1.115.Final\netty-buffer-4.1.115.Final.jar;C:\Users\刘智文\.m2\repository\io\netty\netty-transport-native-unix-common\4.1.115.Final\netty-transport-native-unix-common-4.1.115.Final.jar;C:\Users\刘智文\.m2\repository\io\netty\netty-codec\4.1.115.Final\netty-codec-4.1.115.Final.jar;C:\Users\刘智文\.m2\repository\io\netty\netty-transport\4.1.115.Final\netty-transport-4.1.115.Final.jar;C:\Users\刘智文\.m2\repository\io\projectreactor\reactor-core\3.6.12\reactor-core-3.6.12.jar;C:\Users\刘智文\.m2\repository\org\reactivestreams\reactive-streams\1.0.4\reactive-streams-1.0.4.jar;C:\Users\刘智文\.m2\repository\org\springframework\data\spring-data-redis\3.3.6\spring-data-redis-3.3.6.jar;C:\Users\刘智文\.m2\repository\org\springframework\data\spring-data-keyvalue\3.3.6\spring-data-keyvalue-3.3.6.jar;C:\Users\刘智文\.m2\repository\org\springframework\spring-tx\6.1.15\spring-tx-6.1.15.jar;C:\Users\刘智文\.m2\repository\org\springframework\spring-oxm\6.1.15\spring-oxm-6.1.15.jar;C:\Users\刘智文\.m2\repository\org\springframework\spring-context-support\6.1.15\spring-context-support-6.1.15.jar;C:\Users\刘智文\.m2\repository\org\springframework\boot\spring-boot-starter-data-jpa\3.3.6\spring-boot-starter-data-jpa-3.3.6.jar;C:\Users\刘智文\.m2\repository\org\springframework\boot\spring-boot-starter-jdbc\3.3.6\spring-boot-starter-jdbc-3.3.6.jar;C:\Users\刘智文\.m2\repository\com\zaxxer\HikariCP\5.1.0\HikariCP-5.1.0.jar;C:\Users\刘智文\.m2\repository\org\springframework\spring-jdbc\6.1.15\spring-jdbc-6.1.15.jar;C:\Users\刘智文\.m2\repository\org\hibernate\orm\hibernate-core\6.5.3.Final\hibernate-core-6.5.3.Final.jar;C:\Users\刘智文\.m2\repository\jakarta\persistence\jakarta.persistence-api\3.1.0\jakarta.persistence-api-3.1.0.jar;C:\Users\刘智文\.m2\repository\jakarta\transaction\jakarta.transaction-api\2.0.1\jakarta.transaction-api-2.0.1.jar;C:\Users\刘智文\.m2\repository\org\hibernate\common\hibernate-commons-annotations\6.0.6.Final\hibernate-commons-annotations-6.0.6.Final.jar;C:\Users\刘智文\.m2\repository\io\smallrye\jandex\3.1.2\jandex-3.1.2.jar;C:\Users\刘智文\.m2\repository\net\bytebuddy\byte-buddy\1.14.19\byte-buddy-1.14.19.jar;C:\Users\刘智文\.m2\repository\jakarta\inject\jakarta.inject-api\2.0.1\jakarta.inject-api-2.0.1.jar;C:\Users\刘智文\.m2\repository\org\antlr\antlr4-runtime\4.13.0\antlr4-runtime-4.13.0.jar;C:\Users\刘智文\.m2\repository\org\springframework\data\spring-data-jpa\3.3.6\spring-data-jpa-3.3.6.jar;C:\Users\刘智文\.m2\repository\org\springframework\data\spring-data-commons\3.3.6\spring-data-commons-3.3.6.jar;C:\Users\刘智文\.m2\repository\org\springframework\spring-orm\6.1.15\spring-orm-6.1.15.jar;C:\Users\刘智文\.m2\repository\org\springframework\spring-aspects\6.1.15\spring-aspects-6.1.15.jar;C:\Users\刘智文\.m2\repository\org\springframework\boot\spring-boot-starter-data-mongodb\3.3.6\spring-boot-starter-data-mongodb-3.3.6.jar;C:\Users\刘智文\.m2\repository\org\mongodb\mongodb-driver-sync\5.0.1\mongodb-driver-sync-5.0.1.jar;C:\Users\刘智文\.m2\repository\org\mongodb\bson\5.0.1\bson-5.0.1.jar;C:\Users\刘智文\.m2\repository\org\mongodb\mongodb-driver-core\5.0.1\mongodb-driver-core-5.0.1.jar;C:\Users\刘智文\.m2\repository\org\mongodb\bson-record-codec\5.0.1\bson-record-codec-5.0.1.jar;C:\Users\刘智文\.m2\repository\org\springframework\data\spring-data-mongodb\4.3.6\spring-data-mongodb-4.3.6.jar;C:\Users\刘智文\.m2\repository\org\springframework\boot\spring-boot-starter-test\3.3.6\spring-boot-starter-test-3.3.6.jar;C:\Users\刘智文\.m2\repository\org\springframework\boot\spring-boot-test\3.3.6\spring-boot-test-3.3.6.jar;C:\Users\刘智文\.m2\repository\org\springframework\boot\spring-boot-test-autoconfigure\3.3.6\spring-boot-test-autoconfigure-3.3.6.jar;C:\Users\刘智文\.m2\repository\com\jayway\jsonpath\json-path\2.9.0\json-path-2.9.0.jar;C:\Users\刘智文\.m2\repository\jakarta\xml\bind\jakarta.xml.bind-api\4.0.2\jakarta.xml.bind-api-4.0.2.jar;C:\Users\刘智文\.m2\repository\jakarta\activation\jakarta.activation-api\2.1.3\jakarta.activation-api-2.1.3.jar;C:\Users\刘智文\.m2\repository\net\minidev\json-smart\2.5.1\json-smart-2.5.1.jar;C:\Users\刘智文\.m2\repository\net\minidev\accessors-smart\2.5.1\accessors-smart-2.5.1.jar;C:\Users\刘智文\.m2\repository\org\ow2\asm\asm\9.6\asm-9.6.jar;C:\Users\刘智文\.m2\repository\org\assertj\assertj-core\3.25.3\assertj-core-3.25.3.jar;C:\Users\刘智文\.m2\repository\org\awaitility\awaitility\4.2.2\awaitility-4.2.2.jar;C:\Users\刘智文\.m2\repository\org\hamcrest\hamcrest\2.2\hamcrest-2.2.jar;C:\Users\刘智文\.m2\repository\org\junit\jupiter\junit-jupiter\5.10.5\junit-jupiter-5.10.5.jar;C:\Users\刘智文\.m2\repository\org\junit\jupiter\junit-jupiter-api\5.10.5\junit-jupiter-api-5.10.5.jar;C:\Users\刘智文\.m2\repository\org\opentest4j\opentest4j\1.3.0\opentest4j-1.3.0.jar;C:\Users\刘智文\.m2\repository\org\junit\platform\junit-platform-commons\1.10.5\junit-platform-commons-1.10.5.jar;C:\Users\刘智文\.m2\repository\org\apiguardian\apiguardian-api\1.1.2\apiguardian-api-1.1.2.jar;C:\Users\刘智文\.m2\repository\org\junit\jupiter\junit-jupiter-params\5.10.5\junit-jupiter-params-5.10.5.jar;C:\Users\刘智文\.m2\repository\org\junit\jupiter\junit-jupiter-engine\5.10.5\junit-jupiter-engine-5.10.5.jar;C:\Users\刘智文\.m2\repository\org\junit\platform\junit-platform-engine\1.10.5\junit-platform-engine-1.10.5.jar;C:\Users\刘智文\.m2\repository\org\mockito\mockito-core\5.11.0\mockito-core-5.11.0.jar;C:\Users\刘智文\.m2\repository\net\bytebuddy\byte-buddy-agent\1.14.19\byte-buddy-agent-1.14.19.jar;C:\Users\刘智文\.m2\repository\org\objenesis\objenesis\3.3\objenesis-3.3.jar;C:\Users\刘智文\.m2\repository\org\mockito\mockito-junit-jupiter\5.11.0\mockito-junit-jupiter-5.11.0.jar;C:\Users\刘智文\.m2\repository\org\skyscreamer\jsonassert\1.5.3\jsonassert-1.5.3.jar;C:\Users\刘智文\.m2\repository\com\vaadin\external\google\android-json\0.0.20131108.vaadin1\android-json-0.0.20131108.vaadin1.jar;C:\Users\刘智文\.m2\repository\org\springframework\spring-core\6.1.15\spring-core-6.1.15.jar;C:\Users\刘智文\.m2\repository\org\springframework\spring-jcl\6.1.15\spring-jcl-6.1.15.jar;C:\Users\刘智文\.m2\repository\org\springframework\spring-test\6.1.15\spring-test-6.1.15.jar;C:\Users\刘智文\.m2\repository\org\xmlunit\xmlunit-core\2.9.1\xmlunit-core-2.9.1.jar;C:\Users\刘智文\.m2\repository\org\projectlombok\lombok\1.18.36\lombok-1.18.36.jar;C:\Users\刘智文\.m2\repository\com\mysql\mysql-connector-j\9.1.0\mysql-connector-j-9.1.0.jar;C:\Users\刘智文\.m2\repository\com\google\protobuf\protobuf-java\4.26.1\protobuf-java-4.26.1.jar;C:\Users\刘智文\.m2\repository\com\alibaba\druid-spring-boot-starter\1.2.24\druid-spring-boot-starter-1.2.24.jar;C:\Users\刘智文\.m2\repository\com\alibaba\druid\1.2.24\druid-1.2.24.jar;C:\Users\刘智文\.m2\repository\org\slf4j\slf4j-api\2.0.16\slf4j-api-2.0.16.jar;C:\Users\刘智文\.m2\repository\org\springframework\boot\spring-boot-autoconfigure\3.3.6\spring-boot-autoconfigure-3.3.6.jar;C:\Users\刘智文\.m2\repository\org\glassfish\jaxb\jaxb-runtime\4.0.5\jaxb-runtime-4.0.5.jar;C:\Users\刘智文\.m2\repository\org\glassfish\jaxb\jaxb-core\4.0.5\jaxb-core-4.0.5.jar;C:\Users\刘智文\.m2\repository\org\eclipse\angus\angus-activation\2.0.2\angus-activation-2.0.2.jar;C:\Users\刘智文\.m2\repository\org\glassfish\jaxb\txw2\4.0.5\txw2-4.0.5.jar;C:\Users\刘智文\.m2\repository\com\sun\istack\istack-commons-runtime\4.1.2\istack-commons-runtime-4.1.2.jar;C:\Users\刘智文\.m2\repository\org\apache\rocketmq\rocketmq-spring-boot-starter\2.3.1\rocketmq-spring-boot-starter-2.3.1.jar;C:\Users\刘智文\.m2\repository\org\apache\rocketmq\rocketmq-spring-boot\2.3.1\rocketmq-spring-boot-2.3.1.jar;C:\Users\刘智文\.m2\repository\org\apache\rocketmq\rocketmq-client\5.3.0\rocketmq-client-5.3.0.jar;C:\Users\刘智文\.m2\repository\org\apache\rocketmq\rocketmq-remoting\5.3.0\rocketmq-remoting-5.3.0.jar;C:\Users\刘智文\.m2\repository\org\reflections\reflections\0.9.11\reflections-0.9.11.jar;C:\Users\刘智文\.m2\repository\org\javassist\javassist\3.21.0-GA\javassist-3.21.0-GA.jar;C:\Users\刘智文\.m2\repository\org\apache\commons\commons-lang3\3.14.0\commons-lang3-3.14.0.jar;C:\Users\刘智文\.m2\repository\io\github\aliyunmq\rocketmq-slf4j-api\1.0.1\rocketmq-slf4j-api-1.0.1.jar;C:\Users\刘智文\.m2\repository\io\github\aliyunmq\rocketmq-logback-classic\1.0.1\rocketmq-logback-classic-1.0.1.jar;C:\Users\刘智文\.m2\repository\org\apache\rocketmq\rocketmq-acl\5.3.0\rocketmq-acl-5.3.0.jar;C:\Users\刘智文\.m2\repository\org\apache\rocketmq\rocketmq-proto\2.0.3\rocketmq-proto-2.0.3.jar;C:\Users\刘智文\.m2\repository\org\apache\rocketmq\rocketmq-common\5.3.0\rocketmq-common-5.3.0.jar;C:\Users\刘智文\.m2\repository\com\alibaba\fastjson\1.2.83\fastjson-1.2.83.jar;C:\Users\刘智文\.m2\repository\com\alibaba\fastjson2\fastjson2\2.0.43\fastjson2-2.0.43.jar;C:\Users\刘智文\.m2\repository\io\netty\netty-all\4.1.115.Final\netty-all-4.1.115.Final.jar;C:\Users\刘智文\.m2\repository\io\netty\netty-codec-dns\4.1.115.Final\netty-codec-dns-4.1.115.Final.jar;C:\Users\刘智文\.m2\repository\io\netty\netty-codec-haproxy\4.1.115.Final\netty-codec-haproxy-4.1.115.Final.jar;C:\Users\刘智文\.m2\repository\io\netty\netty-codec-http\4.1.115.Final\netty-codec-http-4.1.115.Final.jar;C:\Users\刘智文\.m2\repository\io\netty\netty-codec-http2\4.1.115.Final\netty-codec-http2-4.1.115.Final.jar;C:\Users\刘智文\.m2\repository\io\netty\netty-codec-memcache\4.1.115.Final\netty-codec-memcache-4.1.115.Final.jar;C:\Users\刘智文\.m2\repository\io\netty\netty-codec-mqtt\4.1.115.Final\netty-codec-mqtt-4.1.115.Final.jar;C:\Users\刘智文\.m2\repository\io\netty\netty-codec-redis\4.1.115.Final\netty-codec-redis-4.1.115.Final.jar;C:\Users\刘智文\.m2\repository\io\netty\netty-codec-smtp\4.1.115.Final\netty-codec-smtp-4.1.115.Final.jar;C:\Users\刘智文\.m2\repository\io\netty\netty-codec-socks\4.1.115.Final\netty-codec-socks-4.1.115.Final.jar;C:\Users\刘智文\.m2\repository\io\netty\netty-codec-stomp\4.1.115.Final\netty-codec-stomp-4.1.115.Final.jar;C:\Users\刘智文\.m2\repository\io\netty\netty-codec-xml\4.1.115.Final\netty-codec-xml-4.1.115.Final.jar;C:\Users\刘智文\.m2\repository\io\netty\netty-handler-proxy\4.1.115.Final\netty-handler-proxy-4.1.115.Final.jar;C:\Users\刘智文\.m2\repository\io\netty\netty-handler-ssl-ocsp\4.1.115.Final\netty-handler-ssl-ocsp-4.1.115.Final.jar;C:\Users\刘智文\.m2\repository\io\netty\netty-resolver-dns\4.1.115.Final\netty-resolver-dns-4.1.115.Final.jar;C:\Users\刘智文\.m2\repository\io\netty\netty-transport-rxtx\4.1.115.Final\netty-transport-rxtx-4.1.115.Final.jar;C:\Users\刘智文\.m2\repository\io\netty\netty-transport-sctp\4.1.115.Final\netty-transport-sctp-4.1.115.Final.jar;C:\Users\刘智文\.m2\repository\io\netty\netty-transport-udt\4.1.115.Final\netty-transport-udt-4.1.115.Final.jar;C:\Users\刘智文\.m2\repository\io\netty\netty-transport-classes-epoll\4.1.115.Final\netty-transport-classes-epoll-4.1.115.Final.jar;C:\Users\刘智文\.m2\repository\io\netty\netty-transport-classes-kqueue\4.1.115.Final\netty-transport-classes-kqueue-4.1.115.Final.jar;C:\Users\刘智文\.m2\repository\io\netty\netty-resolver-dns-classes-macos\4.1.115.Final\netty-resolver-dns-classes-macos-4.1.115.Final.jar;C:\Users\刘智文\.m2\repository\io\netty\netty-transport-native-epoll\4.1.115.Final\netty-transport-native-epoll-4.1.115.Final-linux-x86_64.jar;C:\Users\刘智文\.m2\repository\io\netty\netty-transport-native-epoll\4.1.115.Final\netty-transport-native-epoll-4.1.115.Final-linux-aarch_64.jar;C:\Users\刘智文\.m2\repository\io\netty\netty-transport-native-epoll\4.1.115.Final\netty-transport-native-epoll-4.1.115.Final-linux-riscv64.jar;C:\Users\刘智文\.m2\repository\io\netty\netty-transport-native-kqueue\4.1.115.Final\netty-transport-native-kqueue-4.1.115.Final-osx-x86_64.jar;C:\Users\刘智文\.m2\repository\io\netty\netty-transport-native-kqueue\4.1.115.Final\netty-transport-native-kqueue-4.1.115.Final-osx-aarch_64.jar;C:\Users\刘智文\.m2\repository\io\netty\netty-resolver-dns-native-macos\4.1.115.Final\netty-resolver-dns-native-macos-4.1.115.Final-osx-x86_64.jar;C:\Users\刘智文\.m2\repository\io\netty\netty-resolver-dns-native-macos\4.1.115.Final\netty-resolver-dns-native-macos-4.1.115.Final-osx-aarch_64.jar;C:\Users\刘智文\.m2\repository\com\github\luben\zstd-jni\1.5.2-2\zstd-jni-1.5.2-2.jar;C:\Users\刘智文\.m2\repository\org\lz4\lz4-java\1.8.0\lz4-java-1.8.0.jar;C:\Users\刘智文\.m2\repository\io\opentelemetry\opentelemetry-exporter-otlp\1.38.0\opentelemetry-exporter-otlp-1.38.0.jar;C:\Users\刘智文\.m2\repository\io\opentelemetry\opentelemetry-sdk-trace\1.38.0\opentelemetry-sdk-trace-1.38.0.jar;C:\Users\刘智文\.m2\repository\io\opentelemetry\opentelemetry-sdk-metrics\1.38.0\opentelemetry-sdk-metrics-1.38.0.jar;C:\Users\刘智文\.m2\repository\io\opentelemetry\opentelemetry-api-incubator\1.38.0-alpha\opentelemetry-api-incubator-1.38.0-alpha.jar;C:\Users\刘智文\.m2\repository\io\opentelemetry\opentelemetry-sdk-logs\1.38.0\opentelemetry-sdk-logs-1.38.0.jar;C:\Users\刘智文\.m2\repository\io\opentelemetry\opentelemetry-exporter-otlp-common\1.38.0\opentelemetry-exporter-otlp-common-1.38.0.jar;C:\Users\刘智文\.m2\repository\io\opentelemetry\opentelemetry-exporter-common\1.38.0\opentelemetry-exporter-common-1.38.0.jar;C:\Users\刘智文\.m2\repository\io\opentelemetry\opentelemetry-exporter-sender-okhttp\1.38.0\opentelemetry-exporter-sender-okhttp-1.38.0.jar;C:\Users\刘智文\.m2\repository\com\squareup\okhttp3\okhttp\4.12.0\okhttp-4.12.0.jar;C:\Users\刘智文\.m2\repository\com\squareup\okio\okio\3.6.0\okio-3.6.0.jar;C:\Users\刘智文\.m2\repository\org\jetbrains\kotlin\kotlin-stdlib-jdk8\1.9.25\kotlin-stdlib-jdk8-1.9.25.jar;C:\Users\刘智文\.m2\repository\org\jetbrains\kotlin\kotlin-stdlib\1.9.25\kotlin-stdlib-1.9.25.jar;C:\Users\刘智文\.m2\repository\org\jetbrains\annotations\13.0\annotations-13.0.jar;C:\Users\刘智文\.m2\repository\org\jetbrains\kotlin\kotlin-stdlib-jdk7\1.9.25\kotlin-stdlib-jdk7-1.9.25.jar;C:\Users\刘智文\.m2\repository\io\opentelemetry\opentelemetry-sdk-extension-autoconfigure-spi\1.38.0\opentelemetry-sdk-extension-autoconfigure-spi-1.38.0.jar;C:\Users\刘智文\.m2\repository\io\opentelemetry\opentelemetry-exporter-prometheus\1.29.0-alpha\opentelemetry-exporter-prometheus-1.29.0-alpha.jar;C:\Users\刘智文\.m2\repository\io\opentelemetry\opentelemetry-exporter-logging\1.38.0\opentelemetry-exporter-logging-1.38.0.jar;C:\Users\刘智文\.m2\repository\io\opentelemetry\opentelemetry-sdk\1.38.0\opentelemetry-sdk-1.38.0.jar;C:\Users\刘智文\.m2\repository\io\opentelemetry\opentelemetry-api\1.38.0\opentelemetry-api-1.38.0.jar;C:\Users\刘智文\.m2\repository\io\opentelemetry\opentelemetry-context\1.38.0\opentelemetry-context-1.38.0.jar;C:\Users\刘智文\.m2\repository\io\opentelemetry\opentelemetry-sdk-common\1.38.0\opentelemetry-sdk-common-1.38.0.jar;C:\Users\刘智文\.m2\repository\io\opentelemetry\opentelemetry-exporter-logging-otlp\1.38.0\opentelemetry-exporter-logging-otlp-1.38.0.jar;C:\Users\刘智文\.m2\repository\io\grpc\grpc-stub\1.53.0\grpc-stub-1.53.0.jar;C:\Users\刘智文\.m2\repository\io\grpc\grpc-api\1.53.0\grpc-api-1.53.0.jar;C:\Users\刘智文\.m2\repository\io\grpc\grpc-context\1.53.0\grpc-context-1.53.0.jar;C:\Users\刘智文\.m2\repository\io\grpc\grpc-netty-shaded\1.53.0\grpc-netty-shaded-1.53.0.jar;C:\Users\刘智文\.m2\repository\io\perfmark\perfmark-api\0.25.0\perfmark-api-0.25.0.jar;C:\Users\刘智文\.m2\repository\io\grpc\grpc-core\1.53.0\grpc-core-1.53.0.jar;C:\Users\刘智文\.m2\repository\com\google\code\gson\gson\2.10.1\gson-2.10.1.jar;C:\Users\刘智文\.m2\repository\com\google\android\annotations\4.1.1.4\annotations-4.1.1.4.jar;C:\Users\刘智文\.m2\repository\org\codehaus\mojo\animal-sniffer-annotations\1.21\animal-sniffer-annotations-1.21.jar;C:\Users\刘智文\.m2\repository\com\squareup\okio\okio-jvm\3.4.0\okio-jvm-3.4.0.jar;C:\Users\刘智文\.m2\repository\org\apache\rocketmq\rocketmq-srvutil\5.3.0\rocketmq-srvutil-5.3.0.jar;C:\Users\刘智文\.m2\repository\commons-cli\commons-cli\1.5.0\commons-cli-1.5.0.jar;C:\Users\刘智文\.m2\repository\com\googlecode\concurrentlinkedhashmap\concurrentlinkedhashmap-lru\1.4.2\concurrentlinkedhashmap-lru-1.4.2.jar;C:\Users\刘智文\.m2\repository\commons-validator\commons-validator\1.7\commons-validator-1.7.jar;C:\Users\刘智文\.m2\repository\commons-beanutils\commons-beanutils\1.9.4\commons-beanutils-1.9.4.jar;C:\Users\刘智文\.m2\repository\commons-digester\commons-digester\2.1\commons-digester-2.1.jar;C:\Users\刘智文\.m2\repository\commons-logging\commons-logging\1.2\commons-logging-1.2.jar;C:\Users\刘智文\.m2\repository\commons-collections\commons-collections\3.2.2\commons-collections-3.2.2.jar;C:\Users\刘智文\.m2\repository\com\google\protobuf\protobuf-java-util\3.20.1\protobuf-java-util-3.20.1.jar;C:\Users\刘智文\.m2\repository\org\springframework\spring-messaging\6.1.15\spring-messaging-6.1.15.jar;C:\Users\刘智文\.m2\repository\org\springframework\cloud\spring-cloud-starter-openfeign\4.1.4\spring-cloud-starter-openfeign-4.1.4.jar;C:\Users\刘智文\.m2\repository\org\springframework\cloud\spring-cloud-starter\4.1.5\spring-cloud-starter-4.1.5.jar;C:\Users\刘智文\.m2\repository\org\springframework\security\spring-security-rsa\1.1.3\spring-security-rsa-1.1.3.jar;C:\Users\刘智文\.m2\repository\org\bouncycastle\bcprov-jdk18on\1.78\bcprov-jdk18on-1.78.jar;C:\Users\刘智文\.m2\repository\org\springframework\cloud\spring-cloud-commons\4.1.5\spring-cloud-commons-4.1.5.jar;C:\Users\刘智文\.m2\repository\org\springframework\security\spring-security-crypto\6.3.5\spring-security-crypto-6.3.5.jar;C:\Users\刘智文\.m2\repository\io\github\openfeign\feign-core\13.5\feign-core-13.5.jar;C:\Users\刘智文\.m2\repository\io\github\openfeign\feign-slf4j\13.5\feign-slf4j-13.5.jar;C:\Users\刘智文\.m2\repository\org\springframework\cloud\spring-cloud-openfeign-core\4.1.4\spring-cloud-openfeign-core-4.1.4.jar;C:\Users\刘智文\.m2\repository\io\github\openfeign\feign-form-spring\13.5\feign-form-spring-13.5.jar;C:\Users\刘智文\.m2\repository\io\github\openfeign\feign-form\13.5\feign-form-13.5.jar;C:\Users\刘智文\.m2\repository\commons-fileupload\commons-fileupload\1.5\commons-fileupload-1.5.jar;C:\Users\刘智文\.m2\repository\commons-io\commons-io\2.11.0\commons-io-2.11.0.jar;C:\Users\刘智文\.m2\repository\com\alibaba\cloud\spring-cloud-starter-alibaba-nacos-config\2023.0.1.2\spring-cloud-starter-alibaba-nacos-config-2023.0.1.2.jar;C:\Users\刘智文\.m2\repository\com\alibaba\cloud\spring-cloud-alibaba-commons\2023.0.1.2\spring-cloud-alibaba-commons-2023.0.1.2.jar;C:\Users\刘智文\.m2\repository\com\alibaba\spring\spring-context-support\1.0.11\spring-context-support-1.0.11.jar;C:\Users\刘智文\.m2\repository\com\alibaba\nacos\nacos-client\2.3.2\nacos-client-2.3.2.jar;C:\Users\刘智文\.m2\repository\com\alibaba\nacos\nacos-auth-plugin\2.3.2\nacos-auth-plugin-2.3.2.jar;C:\Users\刘智文\.m2\repository\com\alibaba\nacos\nacos-encryption-plugin\2.3.2\nacos-encryption-plugin-2.3.2.jar;C:\Users\刘智文\.m2\repository\commons-codec\commons-codec\1.16.1\commons-codec-1.16.1.jar;C:\Users\刘智文\.m2\repository\com\fasterxml\jackson\core\jackson-core\2.17.3\jackson-core-2.17.3.jar;C:\Users\刘智文\.m2\repository\org\apache\httpcomponents\httpasyncclient\4.1.5\httpasyncclient-4.1.5.jar;C:\Users\刘智文\.m2\repository\org\apache\httpcomponents\httpcore-nio\4.4.16\httpcore-nio-4.4.16.jar;C:\Users\刘智文\.m2\repository\org\apache\httpcomponents\httpclient\4.5.13\httpclient-4.5.13.jar;C:\Users\刘智文\.m2\repository\org\apache\httpcomponents\httpcore\4.4.16\httpcore-4.4.16.jar;C:\Users\刘智文\.m2\repository\io\prometheus\simpleclient\0.16.0\simpleclient-0.16.0.jar;C:\Users\刘智文\.m2\repository\io\prometheus\simpleclient_tracer_otel\0.16.0\simpleclient_tracer_otel-0.16.0.jar;C:\Users\刘智文\.m2\repository\io\prometheus\simpleclient_tracer_common\0.16.0\simpleclient_tracer_common-0.16.0.jar;C:\Users\刘智文\.m2\repository\io\prometheus\simpleclient_tracer_otel_agent\0.16.0\simpleclient_tracer_otel_agent-0.16.0.jar;C:\Users\刘智文\.m2\repository\org\springframework\cloud\spring-cloud-context\4.1.5\spring-cloud-context-4.1.5.jar;C:\Users\刘智文\.m2\repository\jakarta\annotation\jakarta.annotation-api\2.1.1\jakarta.annotation-api-2.1.1.jar;C:\Users\刘智文\.m2\repository\com\alibaba\cloud\spring-cloud-starter-alibaba-nacos-discovery\2023.0.1.2\spring-cloud-starter-alibaba-nacos-discovery-2023.0.1.2.jar;C:\Users\刘智文\.m2\repository\org\springframework\cloud\spring-cloud-starter-bootstrap\4.1.5\spring-cloud-starter-bootstrap-4.1.5.jar;"/>
    <property name="java.vm.vendor" value="Oracle Corporation"/>
    <property name="sun.arch.data.model" value="64"/>
    <property name="user.variant" value=""/>
    <property name="java.vendor.url" value="https://java.oracle.com/"/>
    <property name="user.timezone" value="Asia/Shanghai"/>
    <property name="org.jboss.logging.provider" value="slf4j"/>
    <property name="os.name" value="Windows 11"/>
    <property name="java.vm.specification.version" value="17"/>
    <property name="sun.java.launcher" value="SUN_STANDARD"/>
    <property name="user.country" value="CN"/>
    <property name="sun.boot.library.path" value="D:\JAVA\jdk-17_windows-x64_bin\jdk-17.0.10\bin"/>
    <property name="sun.java.command" value="C:\Users\刘智文\AppData\Local\Temp\surefire7420327723374651456\surefirebooter-20241204221422799_3.jar C:\Users\刘智文\AppData\Local\Temp\surefire7420327723374651456 2024-12-04T22-14-22_232-jvmRun1 surefire-20241204221422799_1tmp surefire_0-20241204221422799_2tmp"/>
    <property name="jdk.debug" value="release"/>
    <property name="surefire.test.class.path" value="D:\JAVA\oomall-2023-1\product\target\test-classes;D:\JAVA\oomall-2023-1\product\target\classes;C:\Users\刘智文\.m2\repository\cn\edu\xmu\javaee\core\0.0.3-SNAPSHOT\core-0.0.3-SNAPSHOT.jar;C:\Users\刘智文\.m2\repository\com\auth0\java-jwt\4.4.0\java-jwt-4.4.0.jar;C:\Users\刘智文\.m2\repository\com\fasterxml\jackson\core\jackson-databind\2.17.3\jackson-databind-2.17.3.jar;C:\Users\刘智文\.m2\repository\com\fasterxml\jackson\core\jackson-annotations\2.17.3\jackson-annotations-2.17.3.jar;C:\Users\刘智文\.m2\repository\com\github\pagehelper\pagehelper-spring-boot-starter\2.1.0\pagehelper-spring-boot-starter-2.1.0.jar;C:\Users\刘智文\.m2\repository\org\mybatis\spring\boot\mybatis-spring-boot-starter\3.0.3\mybatis-spring-boot-starter-3.0.3.jar;C:\Users\刘智文\.m2\repository\org\mybatis\spring\boot\mybatis-spring-boot-autoconfigure\3.0.3\mybatis-spring-boot-autoconfigure-3.0.3.jar;C:\Users\刘智文\.m2\repository\org\mybatis\mybatis\3.5.14\mybatis-3.5.14.jar;C:\Users\刘智文\.m2\repository\org\mybatis\mybatis-spring\3.0.3\mybatis-spring-3.0.3.jar;C:\Users\刘智文\.m2\repository\com\github\pagehelper\pagehelper-spring-boot-autoconfigure\2.1.0\pagehelper-spring-boot-autoconfigure-2.1.0.jar;C:\Users\刘智文\.m2\repository\com\github\pagehelper\pagehelper\6.1.0\pagehelper-6.1.0.jar;C:\Users\刘智文\.m2\repository\com\github\jsqlparser\jsqlparser\4.7\jsqlparser-4.7.jar;C:\Users\刘智文\.m2\repository\org\springframework\cloud\spring-cloud-starter-loadbalancer\4.1.5\spring-cloud-starter-loadbalancer-4.1.5.jar;C:\Users\刘智文\.m2\repository\org\springframework\cloud\spring-cloud-loadbalancer\4.1.5\spring-cloud-loadbalancer-4.1.5.jar;C:\Users\刘智文\.m2\repository\io\projectreactor\addons\reactor-extra\3.5.2\reactor-extra-3.5.2.jar;C:\Users\刘智文\.m2\repository\org\springframework\boot\spring-boot-starter-cache\3.3.6\spring-boot-starter-cache-3.3.6.jar;C:\Users\刘智文\.m2\repository\com\stoyanr\evictor\1.0.0\evictor-1.0.0.jar;C:\Users\刘智文\.m2\repository\com\squareup\javapoet\1.13.0\javapoet-1.13.0.jar;C:\Users\刘智文\.m2\repository\com\google\auto\service\auto-service\1.0.1\auto-service-1.0.1.jar;C:\Users\刘智文\.m2\repository\com\google\auto\service\auto-service-annotations\1.0.1\auto-service-annotations-1.0.1.jar;C:\Users\刘智文\.m2\repository\com\google\auto\auto-common\1.2\auto-common-1.2.jar;C:\Users\刘智文\.m2\repository\com\google\guava\guava\31.0.1-jre\guava-31.0.1-jre.jar;C:\Users\刘智文\.m2\repository\com\google\guava\failureaccess\1.0.1\failureaccess-1.0.1.jar;C:\Users\刘智文\.m2\repository\com\google\guava\listenablefuture\9999.0-empty-to-avoid-conflict-with-guava\listenablefuture-9999.0-empty-to-avoid-conflict-with-guava.jar;C:\Users\刘智文\.m2\repository\com\google\code\findbugs\jsr305\3.0.2\jsr305-3.0.2.jar;C:\Users\刘智文\.m2\repository\org\checkerframework\checker-qual\3.12.0\checker-qual-3.12.0.jar;C:\Users\刘智文\.m2\repository\com\google\errorprone\error_prone_annotations\2.7.1\error_prone_annotations-2.7.1.jar;C:\Users\刘智文\.m2\repository\com\google\j2objc\j2objc-annotations\1.3\j2objc-annotations-1.3.jar;C:\Users\刘智文\.m2\repository\org\springframework\boot\spring-boot-starter-web\3.3.6\spring-boot-starter-web-3.3.6.jar;C:\Users\刘智文\.m2\repository\org\springframework\boot\spring-boot-starter\3.3.6\spring-boot-starter-3.3.6.jar;C:\Users\刘智文\.m2\repository\org\springframework\boot\spring-boot\3.3.6\spring-boot-3.3.6.jar;C:\Users\刘智文\.m2\repository\org\springframework\boot\spring-boot-starter-logging\3.3.6\spring-boot-starter-logging-3.3.6.jar;C:\Users\刘智文\.m2\repository\ch\qos\logback\logback-classic\1.5.12\logback-classic-1.5.12.jar;C:\Users\刘智文\.m2\repository\ch\qos\logback\logback-core\1.5.12\logback-core-1.5.12.jar;C:\Users\刘智文\.m2\repository\org\apache\logging\log4j\log4j-to-slf4j\2.23.1\log4j-to-slf4j-2.23.1.jar;C:\Users\刘智文\.m2\repository\org\apache\logging\log4j\log4j-api\2.23.1\log4j-api-2.23.1.jar;C:\Users\刘智文\.m2\repository\org\slf4j\jul-to-slf4j\2.0.16\jul-to-slf4j-2.0.16.jar;C:\Users\刘智文\.m2\repository\org\yaml\snakeyaml\2.2\snakeyaml-2.2.jar;C:\Users\刘智文\.m2\repository\org\springframework\boot\spring-boot-starter-json\3.3.6\spring-boot-starter-json-3.3.6.jar;C:\Users\刘智文\.m2\repository\com\fasterxml\jackson\datatype\jackson-datatype-jdk8\2.17.3\jackson-datatype-jdk8-2.17.3.jar;C:\Users\刘智文\.m2\repository\com\fasterxml\jackson\datatype\jackson-datatype-jsr310\2.17.3\jackson-datatype-jsr310-2.17.3.jar;C:\Users\刘智文\.m2\repository\com\fasterxml\jackson\module\jackson-module-parameter-names\2.17.3\jackson-module-parameter-names-2.17.3.jar;C:\Users\刘智文\.m2\repository\org\springframework\boot\spring-boot-starter-tomcat\3.3.6\spring-boot-starter-tomcat-3.3.6.jar;C:\Users\刘智文\.m2\repository\org\apache\tomcat\embed\tomcat-embed-core\10.1.33\tomcat-embed-core-10.1.33.jar;C:\Users\刘智文\.m2\repository\org\apache\tomcat\embed\tomcat-embed-websocket\10.1.33\tomcat-embed-websocket-10.1.33.jar;C:\Users\刘智文\.m2\repository\org\springframework\spring-web\6.1.15\spring-web-6.1.15.jar;C:\Users\刘智文\.m2\repository\org\springframework\spring-beans\6.1.15\spring-beans-6.1.15.jar;C:\Users\刘智文\.m2\repository\org\springframework\spring-webmvc\6.1.15\spring-webmvc-6.1.15.jar;C:\Users\刘智文\.m2\repository\org\springframework\spring-context\6.1.15\spring-context-6.1.15.jar;C:\Users\刘智文\.m2\repository\org\springframework\spring-expression\6.1.15\spring-expression-6.1.15.jar;C:\Users\刘智文\.m2\repository\org\springframework\boot\spring-boot-starter-actuator\3.3.6\spring-boot-starter-actuator-3.3.6.jar;C:\Users\刘智文\.m2\repository\org\springframework\boot\spring-boot-actuator-autoconfigure\3.3.6\spring-boot-actuator-autoconfigure-3.3.6.jar;C:\Users\刘智文\.m2\repository\org\springframework\boot\spring-boot-actuator\3.3.6\spring-boot-actuator-3.3.6.jar;C:\Users\刘智文\.m2\repository\io\micrometer\micrometer-observation\1.13.8\micrometer-observation-1.13.8.jar;C:\Users\刘智文\.m2\repository\io\micrometer\micrometer-commons\1.13.8\micrometer-commons-1.13.8.jar;C:\Users\刘智文\.m2\repository\io\micrometer\micrometer-jakarta9\1.13.8\micrometer-jakarta9-1.13.8.jar;C:\Users\刘智文\.m2\repository\io\micrometer\micrometer-core\1.13.8\micrometer-core-1.13.8.jar;C:\Users\刘智文\.m2\repository\org\hdrhistogram\HdrHistogram\2.2.2\HdrHistogram-2.2.2.jar;C:\Users\刘智文\.m2\repository\org\latencyutils\LatencyUtils\2.0.3\LatencyUtils-2.0.3.jar;C:\Users\刘智文\.m2\repository\org\springframework\boot\spring-boot-starter-validation\3.3.6\spring-boot-starter-validation-3.3.6.jar;C:\Users\刘智文\.m2\repository\org\apache\tomcat\embed\tomcat-embed-el\10.1.33\tomcat-embed-el-10.1.33.jar;C:\Users\刘智文\.m2\repository\org\hibernate\validator\hibernate-validator\8.0.1.Final\hibernate-validator-8.0.1.Final.jar;C:\Users\刘智文\.m2\repository\jakarta\validation\jakarta.validation-api\3.0.2\jakarta.validation-api-3.0.2.jar;C:\Users\刘智文\.m2\repository\org\jboss\logging\jboss-logging\3.5.3.Final\jboss-logging-3.5.3.Final.jar;C:\Users\刘智文\.m2\repository\com\fasterxml\classmate\1.7.0\classmate-1.7.0.jar;C:\Users\刘智文\.m2\repository\org\springframework\boot\spring-boot-starter-aop\3.3.6\spring-boot-starter-aop-3.3.6.jar;C:\Users\刘智文\.m2\repository\org\springframework\spring-aop\6.1.15\spring-aop-6.1.15.jar;C:\Users\刘智文\.m2\repository\org\aspectj\aspectjweaver\1.9.22.1\aspectjweaver-1.9.22.1.jar;C:\Users\刘智文\.m2\repository\org\springframework\boot\spring-boot-starter-data-redis\3.3.6\spring-boot-starter-data-redis-3.3.6.jar;C:\Users\刘智文\.m2\repository\io\lettuce\lettuce-core\6.3.2.RELEASE\lettuce-core-6.3.2.RELEASE.jar;C:\Users\刘智文\.m2\repository\io\netty\netty-common\4.1.115.Final\netty-common-4.1.115.Final.jar;C:\Users\刘智文\.m2\repository\io\netty\netty-handler\4.1.115.Final\netty-handler-4.1.115.Final.jar;C:\Users\刘智文\.m2\repository\io\netty\netty-resolver\4.1.115.Final\netty-resolver-4.1.115.Final.jar;C:\Users\刘智文\.m2\repository\io\netty\netty-buffer\4.1.115.Final\netty-buffer-4.1.115.Final.jar;C:\Users\刘智文\.m2\repository\io\netty\netty-transport-native-unix-common\4.1.115.Final\netty-transport-native-unix-common-4.1.115.Final.jar;C:\Users\刘智文\.m2\repository\io\netty\netty-codec\4.1.115.Final\netty-codec-4.1.115.Final.jar;C:\Users\刘智文\.m2\repository\io\netty\netty-transport\4.1.115.Final\netty-transport-4.1.115.Final.jar;C:\Users\刘智文\.m2\repository\io\projectreactor\reactor-core\3.6.12\reactor-core-3.6.12.jar;C:\Users\刘智文\.m2\repository\org\reactivestreams\reactive-streams\1.0.4\reactive-streams-1.0.4.jar;C:\Users\刘智文\.m2\repository\org\springframework\data\spring-data-redis\3.3.6\spring-data-redis-3.3.6.jar;C:\Users\刘智文\.m2\repository\org\springframework\data\spring-data-keyvalue\3.3.6\spring-data-keyvalue-3.3.6.jar;C:\Users\刘智文\.m2\repository\org\springframework\spring-tx\6.1.15\spring-tx-6.1.15.jar;C:\Users\刘智文\.m2\repository\org\springframework\spring-oxm\6.1.15\spring-oxm-6.1.15.jar;C:\Users\刘智文\.m2\repository\org\springframework\spring-context-support\6.1.15\spring-context-support-6.1.15.jar;C:\Users\刘智文\.m2\repository\org\springframework\boot\spring-boot-starter-data-jpa\3.3.6\spring-boot-starter-data-jpa-3.3.6.jar;C:\Users\刘智文\.m2\repository\org\springframework\boot\spring-boot-starter-jdbc\3.3.6\spring-boot-starter-jdbc-3.3.6.jar;C:\Users\刘智文\.m2\repository\com\zaxxer\HikariCP\5.1.0\HikariCP-5.1.0.jar;C:\Users\刘智文\.m2\repository\org\springframework\spring-jdbc\6.1.15\spring-jdbc-6.1.15.jar;C:\Users\刘智文\.m2\repository\org\hibernate\orm\hibernate-core\6.5.3.Final\hibernate-core-6.5.3.Final.jar;C:\Users\刘智文\.m2\repository\jakarta\persistence\jakarta.persistence-api\3.1.0\jakarta.persistence-api-3.1.0.jar;C:\Users\刘智文\.m2\repository\jakarta\transaction\jakarta.transaction-api\2.0.1\jakarta.transaction-api-2.0.1.jar;C:\Users\刘智文\.m2\repository\org\hibernate\common\hibernate-commons-annotations\6.0.6.Final\hibernate-commons-annotations-6.0.6.Final.jar;C:\Users\刘智文\.m2\repository\io\smallrye\jandex\3.1.2\jandex-3.1.2.jar;C:\Users\刘智文\.m2\repository\net\bytebuddy\byte-buddy\1.14.19\byte-buddy-1.14.19.jar;C:\Users\刘智文\.m2\repository\jakarta\inject\jakarta.inject-api\2.0.1\jakarta.inject-api-2.0.1.jar;C:\Users\刘智文\.m2\repository\org\antlr\antlr4-runtime\4.13.0\antlr4-runtime-4.13.0.jar;C:\Users\刘智文\.m2\repository\org\springframework\data\spring-data-jpa\3.3.6\spring-data-jpa-3.3.6.jar;C:\Users\刘智文\.m2\repository\org\springframework\data\spring-data-commons\3.3.6\spring-data-commons-3.3.6.jar;C:\Users\刘智文\.m2\repository\org\springframework\spring-orm\6.1.15\spring-orm-6.1.15.jar;C:\Users\刘智文\.m2\repository\org\springframework\spring-aspects\6.1.15\spring-aspects-6.1.15.jar;C:\Users\刘智文\.m2\repository\org\springframework\boot\spring-boot-starter-data-mongodb\3.3.6\spring-boot-starter-data-mongodb-3.3.6.jar;C:\Users\刘智文\.m2\repository\org\mongodb\mongodb-driver-sync\5.0.1\mongodb-driver-sync-5.0.1.jar;C:\Users\刘智文\.m2\repository\org\mongodb\bson\5.0.1\bson-5.0.1.jar;C:\Users\刘智文\.m2\repository\org\mongodb\mongodb-driver-core\5.0.1\mongodb-driver-core-5.0.1.jar;C:\Users\刘智文\.m2\repository\org\mongodb\bson-record-codec\5.0.1\bson-record-codec-5.0.1.jar;C:\Users\刘智文\.m2\repository\org\springframework\data\spring-data-mongodb\4.3.6\spring-data-mongodb-4.3.6.jar;C:\Users\刘智文\.m2\repository\org\springframework\boot\spring-boot-starter-test\3.3.6\spring-boot-starter-test-3.3.6.jar;C:\Users\刘智文\.m2\repository\org\springframework\boot\spring-boot-test\3.3.6\spring-boot-test-3.3.6.jar;C:\Users\刘智文\.m2\repository\org\springframework\boot\spring-boot-test-autoconfigure\3.3.6\spring-boot-test-autoconfigure-3.3.6.jar;C:\Users\刘智文\.m2\repository\com\jayway\jsonpath\json-path\2.9.0\json-path-2.9.0.jar;C:\Users\刘智文\.m2\repository\jakarta\xml\bind\jakarta.xml.bind-api\4.0.2\jakarta.xml.bind-api-4.0.2.jar;C:\Users\刘智文\.m2\repository\jakarta\activation\jakarta.activation-api\2.1.3\jakarta.activation-api-2.1.3.jar;C:\Users\刘智文\.m2\repository\net\minidev\json-smart\2.5.1\json-smart-2.5.1.jar;C:\Users\刘智文\.m2\repository\net\minidev\accessors-smart\2.5.1\accessors-smart-2.5.1.jar;C:\Users\刘智文\.m2\repository\org\ow2\asm\asm\9.6\asm-9.6.jar;C:\Users\刘智文\.m2\repository\org\assertj\assertj-core\3.25.3\assertj-core-3.25.3.jar;C:\Users\刘智文\.m2\repository\org\awaitility\awaitility\4.2.2\awaitility-4.2.2.jar;C:\Users\刘智文\.m2\repository\org\hamcrest\hamcrest\2.2\hamcrest-2.2.jar;C:\Users\刘智文\.m2\repository\org\junit\jupiter\junit-jupiter\5.10.5\junit-jupiter-5.10.5.jar;C:\Users\刘智文\.m2\repository\org\junit\jupiter\junit-jupiter-api\5.10.5\junit-jupiter-api-5.10.5.jar;C:\Users\刘智文\.m2\repository\org\opentest4j\opentest4j\1.3.0\opentest4j-1.3.0.jar;C:\Users\刘智文\.m2\repository\org\junit\platform\junit-platform-commons\1.10.5\junit-platform-commons-1.10.5.jar;C:\Users\刘智文\.m2\repository\org\apiguardian\apiguardian-api\1.1.2\apiguardian-api-1.1.2.jar;C:\Users\刘智文\.m2\repository\org\junit\jupiter\junit-jupiter-params\5.10.5\junit-jupiter-params-5.10.5.jar;C:\Users\刘智文\.m2\repository\org\junit\jupiter\junit-jupiter-engine\5.10.5\junit-jupiter-engine-5.10.5.jar;C:\Users\刘智文\.m2\repository\org\junit\platform\junit-platform-engine\1.10.5\junit-platform-engine-1.10.5.jar;C:\Users\刘智文\.m2\repository\org\mockito\mockito-core\5.11.0\mockito-core-5.11.0.jar;C:\Users\刘智文\.m2\repository\net\bytebuddy\byte-buddy-agent\1.14.19\byte-buddy-agent-1.14.19.jar;C:\Users\刘智文\.m2\repository\org\objenesis\objenesis\3.3\objenesis-3.3.jar;C:\Users\刘智文\.m2\repository\org\mockito\mockito-junit-jupiter\5.11.0\mockito-junit-jupiter-5.11.0.jar;C:\Users\刘智文\.m2\repository\org\skyscreamer\jsonassert\1.5.3\jsonassert-1.5.3.jar;C:\Users\刘智文\.m2\repository\com\vaadin\external\google\android-json\0.0.20131108.vaadin1\android-json-0.0.20131108.vaadin1.jar;C:\Users\刘智文\.m2\repository\org\springframework\spring-core\6.1.15\spring-core-6.1.15.jar;C:\Users\刘智文\.m2\repository\org\springframework\spring-jcl\6.1.15\spring-jcl-6.1.15.jar;C:\Users\刘智文\.m2\repository\org\springframework\spring-test\6.1.15\spring-test-6.1.15.jar;C:\Users\刘智文\.m2\repository\org\xmlunit\xmlunit-core\2.9.1\xmlunit-core-2.9.1.jar;C:\Users\刘智文\.m2\repository\org\projectlombok\lombok\1.18.36\lombok-1.18.36.jar;C:\Users\刘智文\.m2\repository\com\mysql\mysql-connector-j\9.1.0\mysql-connector-j-9.1.0.jar;C:\Users\刘智文\.m2\repository\com\google\protobuf\protobuf-java\4.26.1\protobuf-java-4.26.1.jar;C:\Users\刘智文\.m2\repository\com\alibaba\druid-spring-boot-starter\1.2.24\druid-spring-boot-starter-1.2.24.jar;C:\Users\刘智文\.m2\repository\com\alibaba\druid\1.2.24\druid-1.2.24.jar;C:\Users\刘智文\.m2\repository\org\slf4j\slf4j-api\2.0.16\slf4j-api-2.0.16.jar;C:\Users\刘智文\.m2\repository\org\springframework\boot\spring-boot-autoconfigure\3.3.6\spring-boot-autoconfigure-3.3.6.jar;C:\Users\刘智文\.m2\repository\org\glassfish\jaxb\jaxb-runtime\4.0.5\jaxb-runtime-4.0.5.jar;C:\Users\刘智文\.m2\repository\org\glassfish\jaxb\jaxb-core\4.0.5\jaxb-core-4.0.5.jar;C:\Users\刘智文\.m2\repository\org\eclipse\angus\angus-activation\2.0.2\angus-activation-2.0.2.jar;C:\Users\刘智文\.m2\repository\org\glassfish\jaxb\txw2\4.0.5\txw2-4.0.5.jar;C:\Users\刘智文\.m2\repository\com\sun\istack\istack-commons-runtime\4.1.2\istack-commons-runtime-4.1.2.jar;C:\Users\刘智文\.m2\repository\org\apache\rocketmq\rocketmq-spring-boot-starter\2.3.1\rocketmq-spring-boot-starter-2.3.1.jar;C:\Users\刘智文\.m2\repository\org\apache\rocketmq\rocketmq-spring-boot\2.3.1\rocketmq-spring-boot-2.3.1.jar;C:\Users\刘智文\.m2\repository\org\apache\rocketmq\rocketmq-client\5.3.0\rocketmq-client-5.3.0.jar;C:\Users\刘智文\.m2\repository\org\apache\rocketmq\rocketmq-remoting\5.3.0\rocketmq-remoting-5.3.0.jar;C:\Users\刘智文\.m2\repository\org\reflections\reflections\0.9.11\reflections-0.9.11.jar;C:\Users\刘智文\.m2\repository\org\javassist\javassist\3.21.0-GA\javassist-3.21.0-GA.jar;C:\Users\刘智文\.m2\repository\org\apache\commons\commons-lang3\3.14.0\commons-lang3-3.14.0.jar;C:\Users\刘智文\.m2\repository\io\github\aliyunmq\rocketmq-slf4j-api\1.0.1\rocketmq-slf4j-api-1.0.1.jar;C:\Users\刘智文\.m2\repository\io\github\aliyunmq\rocketmq-logback-classic\1.0.1\rocketmq-logback-classic-1.0.1.jar;C:\Users\刘智文\.m2\repository\org\apache\rocketmq\rocketmq-acl\5.3.0\rocketmq-acl-5.3.0.jar;C:\Users\刘智文\.m2\repository\org\apache\rocketmq\rocketmq-proto\2.0.3\rocketmq-proto-2.0.3.jar;C:\Users\刘智文\.m2\repository\org\apache\rocketmq\rocketmq-common\5.3.0\rocketmq-common-5.3.0.jar;C:\Users\刘智文\.m2\repository\com\alibaba\fastjson\1.2.83\fastjson-1.2.83.jar;C:\Users\刘智文\.m2\repository\com\alibaba\fastjson2\fastjson2\2.0.43\fastjson2-2.0.43.jar;C:\Users\刘智文\.m2\repository\io\netty\netty-all\4.1.115.Final\netty-all-4.1.115.Final.jar;C:\Users\刘智文\.m2\repository\io\netty\netty-codec-dns\4.1.115.Final\netty-codec-dns-4.1.115.Final.jar;C:\Users\刘智文\.m2\repository\io\netty\netty-codec-haproxy\4.1.115.Final\netty-codec-haproxy-4.1.115.Final.jar;C:\Users\刘智文\.m2\repository\io\netty\netty-codec-http\4.1.115.Final\netty-codec-http-4.1.115.Final.jar;C:\Users\刘智文\.m2\repository\io\netty\netty-codec-http2\4.1.115.Final\netty-codec-http2-4.1.115.Final.jar;C:\Users\刘智文\.m2\repository\io\netty\netty-codec-memcache\4.1.115.Final\netty-codec-memcache-4.1.115.Final.jar;C:\Users\刘智文\.m2\repository\io\netty\netty-codec-mqtt\4.1.115.Final\netty-codec-mqtt-4.1.115.Final.jar;C:\Users\刘智文\.m2\repository\io\netty\netty-codec-redis\4.1.115.Final\netty-codec-redis-4.1.115.Final.jar;C:\Users\刘智文\.m2\repository\io\netty\netty-codec-smtp\4.1.115.Final\netty-codec-smtp-4.1.115.Final.jar;C:\Users\刘智文\.m2\repository\io\netty\netty-codec-socks\4.1.115.Final\netty-codec-socks-4.1.115.Final.jar;C:\Users\刘智文\.m2\repository\io\netty\netty-codec-stomp\4.1.115.Final\netty-codec-stomp-4.1.115.Final.jar;C:\Users\刘智文\.m2\repository\io\netty\netty-codec-xml\4.1.115.Final\netty-codec-xml-4.1.115.Final.jar;C:\Users\刘智文\.m2\repository\io\netty\netty-handler-proxy\4.1.115.Final\netty-handler-proxy-4.1.115.Final.jar;C:\Users\刘智文\.m2\repository\io\netty\netty-handler-ssl-ocsp\4.1.115.Final\netty-handler-ssl-ocsp-4.1.115.Final.jar;C:\Users\刘智文\.m2\repository\io\netty\netty-resolver-dns\4.1.115.Final\netty-resolver-dns-4.1.115.Final.jar;C:\Users\刘智文\.m2\repository\io\netty\netty-transport-rxtx\4.1.115.Final\netty-transport-rxtx-4.1.115.Final.jar;C:\Users\刘智文\.m2\repository\io\netty\netty-transport-sctp\4.1.115.Final\netty-transport-sctp-4.1.115.Final.jar;C:\Users\刘智文\.m2\repository\io\netty\netty-transport-udt\4.1.115.Final\netty-transport-udt-4.1.115.Final.jar;C:\Users\刘智文\.m2\repository\io\netty\netty-transport-classes-epoll\4.1.115.Final\netty-transport-classes-epoll-4.1.115.Final.jar;C:\Users\刘智文\.m2\repository\io\netty\netty-transport-classes-kqueue\4.1.115.Final\netty-transport-classes-kqueue-4.1.115.Final.jar;C:\Users\刘智文\.m2\repository\io\netty\netty-resolver-dns-classes-macos\4.1.115.Final\netty-resolver-dns-classes-macos-4.1.115.Final.jar;C:\Users\刘智文\.m2\repository\io\netty\netty-transport-native-epoll\4.1.115.Final\netty-transport-native-epoll-4.1.115.Final-linux-x86_64.jar;C:\Users\刘智文\.m2\repository\io\netty\netty-transport-native-epoll\4.1.115.Final\netty-transport-native-epoll-4.1.115.Final-linux-aarch_64.jar;C:\Users\刘智文\.m2\repository\io\netty\netty-transport-native-epoll\4.1.115.Final\netty-transport-native-epoll-4.1.115.Final-linux-riscv64.jar;C:\Users\刘智文\.m2\repository\io\netty\netty-transport-native-kqueue\4.1.115.Final\netty-transport-native-kqueue-4.1.115.Final-osx-x86_64.jar;C:\Users\刘智文\.m2\repository\io\netty\netty-transport-native-kqueue\4.1.115.Final\netty-transport-native-kqueue-4.1.115.Final-osx-aarch_64.jar;C:\Users\刘智文\.m2\repository\io\netty\netty-resolver-dns-native-macos\4.1.115.Final\netty-resolver-dns-native-macos-4.1.115.Final-osx-x86_64.jar;C:\Users\刘智文\.m2\repository\io\netty\netty-resolver-dns-native-macos\4.1.115.Final\netty-resolver-dns-native-macos-4.1.115.Final-osx-aarch_64.jar;C:\Users\刘智文\.m2\repository\com\github\luben\zstd-jni\1.5.2-2\zstd-jni-1.5.2-2.jar;C:\Users\刘智文\.m2\repository\org\lz4\lz4-java\1.8.0\lz4-java-1.8.0.jar;C:\Users\刘智文\.m2\repository\io\opentelemetry\opentelemetry-exporter-otlp\1.38.0\opentelemetry-exporter-otlp-1.38.0.jar;C:\Users\刘智文\.m2\repository\io\opentelemetry\opentelemetry-sdk-trace\1.38.0\opentelemetry-sdk-trace-1.38.0.jar;C:\Users\刘智文\.m2\repository\io\opentelemetry\opentelemetry-sdk-metrics\1.38.0\opentelemetry-sdk-metrics-1.38.0.jar;C:\Users\刘智文\.m2\repository\io\opentelemetry\opentelemetry-api-incubator\1.38.0-alpha\opentelemetry-api-incubator-1.38.0-alpha.jar;C:\Users\刘智文\.m2\repository\io\opentelemetry\opentelemetry-sdk-logs\1.38.0\opentelemetry-sdk-logs-1.38.0.jar;C:\Users\刘智文\.m2\repository\io\opentelemetry\opentelemetry-exporter-otlp-common\1.38.0\opentelemetry-exporter-otlp-common-1.38.0.jar;C:\Users\刘智文\.m2\repository\io\opentelemetry\opentelemetry-exporter-common\1.38.0\opentelemetry-exporter-common-1.38.0.jar;C:\Users\刘智文\.m2\repository\io\opentelemetry\opentelemetry-exporter-sender-okhttp\1.38.0\opentelemetry-exporter-sender-okhttp-1.38.0.jar;C:\Users\刘智文\.m2\repository\com\squareup\okhttp3\okhttp\4.12.0\okhttp-4.12.0.jar;C:\Users\刘智文\.m2\repository\com\squareup\okio\okio\3.6.0\okio-3.6.0.jar;C:\Users\刘智文\.m2\repository\org\jetbrains\kotlin\kotlin-stdlib-jdk8\1.9.25\kotlin-stdlib-jdk8-1.9.25.jar;C:\Users\刘智文\.m2\repository\org\jetbrains\kotlin\kotlin-stdlib\1.9.25\kotlin-stdlib-1.9.25.jar;C:\Users\刘智文\.m2\repository\org\jetbrains\annotations\13.0\annotations-13.0.jar;C:\Users\刘智文\.m2\repository\org\jetbrains\kotlin\kotlin-stdlib-jdk7\1.9.25\kotlin-stdlib-jdk7-1.9.25.jar;C:\Users\刘智文\.m2\repository\io\opentelemetry\opentelemetry-sdk-extension-autoconfigure-spi\1.38.0\opentelemetry-sdk-extension-autoconfigure-spi-1.38.0.jar;C:\Users\刘智文\.m2\repository\io\opentelemetry\opentelemetry-exporter-prometheus\1.29.0-alpha\opentelemetry-exporter-prometheus-1.29.0-alpha.jar;C:\Users\刘智文\.m2\repository\io\opentelemetry\opentelemetry-exporter-logging\1.38.0\opentelemetry-exporter-logging-1.38.0.jar;C:\Users\刘智文\.m2\repository\io\opentelemetry\opentelemetry-sdk\1.38.0\opentelemetry-sdk-1.38.0.jar;C:\Users\刘智文\.m2\repository\io\opentelemetry\opentelemetry-api\1.38.0\opentelemetry-api-1.38.0.jar;C:\Users\刘智文\.m2\repository\io\opentelemetry\opentelemetry-context\1.38.0\opentelemetry-context-1.38.0.jar;C:\Users\刘智文\.m2\repository\io\opentelemetry\opentelemetry-sdk-common\1.38.0\opentelemetry-sdk-common-1.38.0.jar;C:\Users\刘智文\.m2\repository\io\opentelemetry\opentelemetry-exporter-logging-otlp\1.38.0\opentelemetry-exporter-logging-otlp-1.38.0.jar;C:\Users\刘智文\.m2\repository\io\grpc\grpc-stub\1.53.0\grpc-stub-1.53.0.jar;C:\Users\刘智文\.m2\repository\io\grpc\grpc-api\1.53.0\grpc-api-1.53.0.jar;C:\Users\刘智文\.m2\repository\io\grpc\grpc-context\1.53.0\grpc-context-1.53.0.jar;C:\Users\刘智文\.m2\repository\io\grpc\grpc-netty-shaded\1.53.0\grpc-netty-shaded-1.53.0.jar;C:\Users\刘智文\.m2\repository\io\perfmark\perfmark-api\0.25.0\perfmark-api-0.25.0.jar;C:\Users\刘智文\.m2\repository\io\grpc\grpc-core\1.53.0\grpc-core-1.53.0.jar;C:\Users\刘智文\.m2\repository\com\google\code\gson\gson\2.10.1\gson-2.10.1.jar;C:\Users\刘智文\.m2\repository\com\google\android\annotations\4.1.1.4\annotations-4.1.1.4.jar;C:\Users\刘智文\.m2\repository\org\codehaus\mojo\animal-sniffer-annotations\1.21\animal-sniffer-annotations-1.21.jar;C:\Users\刘智文\.m2\repository\com\squareup\okio\okio-jvm\3.4.0\okio-jvm-3.4.0.jar;C:\Users\刘智文\.m2\repository\org\apache\rocketmq\rocketmq-srvutil\5.3.0\rocketmq-srvutil-5.3.0.jar;C:\Users\刘智文\.m2\repository\commons-cli\commons-cli\1.5.0\commons-cli-1.5.0.jar;C:\Users\刘智文\.m2\repository\com\googlecode\concurrentlinkedhashmap\concurrentlinkedhashmap-lru\1.4.2\concurrentlinkedhashmap-lru-1.4.2.jar;C:\Users\刘智文\.m2\repository\commons-validator\commons-validator\1.7\commons-validator-1.7.jar;C:\Users\刘智文\.m2\repository\commons-beanutils\commons-beanutils\1.9.4\commons-beanutils-1.9.4.jar;C:\Users\刘智文\.m2\repository\commons-digester\commons-digester\2.1\commons-digester-2.1.jar;C:\Users\刘智文\.m2\repository\commons-logging\commons-logging\1.2\commons-logging-1.2.jar;C:\Users\刘智文\.m2\repository\commons-collections\commons-collections\3.2.2\commons-collections-3.2.2.jar;C:\Users\刘智文\.m2\repository\com\google\protobuf\protobuf-java-util\3.20.1\protobuf-java-util-3.20.1.jar;C:\Users\刘智文\.m2\repository\org\springframework\spring-messaging\6.1.15\spring-messaging-6.1.15.jar;C:\Users\刘智文\.m2\repository\org\springframework\cloud\spring-cloud-starter-openfeign\4.1.4\spring-cloud-starter-openfeign-4.1.4.jar;C:\Users\刘智文\.m2\repository\org\springframework\cloud\spring-cloud-starter\4.1.5\spring-cloud-starter-4.1.5.jar;C:\Users\刘智文\.m2\repository\org\springframework\security\spring-security-rsa\1.1.3\spring-security-rsa-1.1.3.jar;C:\Users\刘智文\.m2\repository\org\bouncycastle\bcprov-jdk18on\1.78\bcprov-jdk18on-1.78.jar;C:\Users\刘智文\.m2\repository\org\springframework\cloud\spring-cloud-commons\4.1.5\spring-cloud-commons-4.1.5.jar;C:\Users\刘智文\.m2\repository\org\springframework\security\spring-security-crypto\6.3.5\spring-security-crypto-6.3.5.jar;C:\Users\刘智文\.m2\repository\io\github\openfeign\feign-core\13.5\feign-core-13.5.jar;C:\Users\刘智文\.m2\repository\io\github\openfeign\feign-slf4j\13.5\feign-slf4j-13.5.jar;C:\Users\刘智文\.m2\repository\org\springframework\cloud\spring-cloud-openfeign-core\4.1.4\spring-cloud-openfeign-core-4.1.4.jar;C:\Users\刘智文\.m2\repository\io\github\openfeign\feign-form-spring\13.5\feign-form-spring-13.5.jar;C:\Users\刘智文\.m2\repository\io\github\openfeign\feign-form\13.5\feign-form-13.5.jar;C:\Users\刘智文\.m2\repository\commons-fileupload\commons-fileupload\1.5\commons-fileupload-1.5.jar;C:\Users\刘智文\.m2\repository\commons-io\commons-io\2.11.0\commons-io-2.11.0.jar;C:\Users\刘智文\.m2\repository\com\alibaba\cloud\spring-cloud-starter-alibaba-nacos-config\2023.0.1.2\spring-cloud-starter-alibaba-nacos-config-2023.0.1.2.jar;C:\Users\刘智文\.m2\repository\com\alibaba\cloud\spring-cloud-alibaba-commons\2023.0.1.2\spring-cloud-alibaba-commons-2023.0.1.2.jar;C:\Users\刘智文\.m2\repository\com\alibaba\spring\spring-context-support\1.0.11\spring-context-support-1.0.11.jar;C:\Users\刘智文\.m2\repository\com\alibaba\nacos\nacos-client\2.3.2\nacos-client-2.3.2.jar;C:\Users\刘智文\.m2\repository\com\alibaba\nacos\nacos-auth-plugin\2.3.2\nacos-auth-plugin-2.3.2.jar;C:\Users\刘智文\.m2\repository\com\alibaba\nacos\nacos-encryption-plugin\2.3.2\nacos-encryption-plugin-2.3.2.jar;C:\Users\刘智文\.m2\repository\commons-codec\commons-codec\1.16.1\commons-codec-1.16.1.jar;C:\Users\刘智文\.m2\repository\com\fasterxml\jackson\core\jackson-core\2.17.3\jackson-core-2.17.3.jar;C:\Users\刘智文\.m2\repository\org\apache\httpcomponents\httpasyncclient\4.1.5\httpasyncclient-4.1.5.jar;C:\Users\刘智文\.m2\repository\org\apache\httpcomponents\httpcore-nio\4.4.16\httpcore-nio-4.4.16.jar;C:\Users\刘智文\.m2\repository\org\apache\httpcomponents\httpclient\4.5.13\httpclient-4.5.13.jar;C:\Users\刘智文\.m2\repository\org\apache\httpcomponents\httpcore\4.4.16\httpcore-4.4.16.jar;C:\Users\刘智文\.m2\repository\io\prometheus\simpleclient\0.16.0\simpleclient-0.16.0.jar;C:\Users\刘智文\.m2\repository\io\prometheus\simpleclient_tracer_otel\0.16.0\simpleclient_tracer_otel-0.16.0.jar;C:\Users\刘智文\.m2\repository\io\prometheus\simpleclient_tracer_common\0.16.0\simpleclient_tracer_common-0.16.0.jar;C:\Users\刘智文\.m2\repository\io\prometheus\simpleclient_tracer_otel_agent\0.16.0\simpleclient_tracer_otel_agent-0.16.0.jar;C:\Users\刘智文\.m2\repository\org\springframework\cloud\spring-cloud-context\4.1.5\spring-cloud-context-4.1.5.jar;C:\Users\刘智文\.m2\repository\jakarta\annotation\jakarta.annotation-api\2.1.1\jakarta.annotation-api-2.1.1.jar;C:\Users\刘智文\.m2\repository\com\alibaba\cloud\spring-cloud-starter-alibaba-nacos-discovery\2023.0.1.2\spring-cloud-starter-alibaba-nacos-discovery-2023.0.1.2.jar;C:\Users\刘智文\.m2\repository\org\springframework\cloud\spring-cloud-starter-bootstrap\4.1.5\spring-cloud-starter-bootstrap-4.1.5.jar;"/>
    <property name="sun.cpu.endian" value="little"/>
    <property name="user.home" value="C:\Users\刘智文"/>
    <property name="user.language" value="zh"/>
    <property name="java.specification.vendor" value="Oracle Corporation"/>
    <property name="java.version.date" value="2024-01-16"/>
    <property name="java.home" value="D:\JAVA\jdk-17_windows-x64_bin\jdk-17.0.10"/>
    <property name="file.separator" value="\"/>
    <property name="basedir" value="D:\JAVA\oomall-2023-1\product"/>
    <property name="java.vm.compressedOopsMode" value="Zero based"/>
    <property name="line.separator" value="&#10;"/>
    <property name="java.vm.specification.vendor" value="Oracle Corporation"/>
    <property name="java.specification.name" value="Java Platform API Specification"/>
    <property name="FILE_LOG_CHARSET" value="UTF-8"/>
    <property name="java.awt.headless" value="true"/>
    <property name="surefire.real.class.path" value="C:\Users\刘智文\AppData\Local\Temp\surefire7420327723374651456\surefirebooter-20241204221422799_3.jar"/>
    <property name="user.script" value=""/>
    <property name="sun.management.compiler" value="HotSpot 64-Bit Tiered Compilers"/>
    <property name="java.runtime.version" value="17.0.10+11-LTS-240"/>
    <property name="user.name" value="刘智文"/>
    <property name="path.separator" value=";"/>
    <property name="os.version" value="10.0"/>
    <property name="java.runtime.name" value="Java(TM) SE Runtime Environment"/>
    <property name="file.encoding" value="UTF-8"/>
    <property name="java.vm.name" value="Java HotSpot(TM) 64-Bit Server VM"/>
    <property name="rocketmq.remoting.version" value="473"/>
    <property name="localRepository" value="C:\Users\刘智文\.m2\repository"/>
    <property name="java.vendor.url.bug" value="https://bugreport.java.com/bugreport/"/>
    <property name="java.io.tmpdir" value="C:\Users\刘智文\AppData\Local\Temp\"/>
    <property name="idea.version" value="2024.1.4"/>
    <property name="java.version" value="17.0.10"/>
    <property name="user.dir" value="D:\JAVA\oomall-2023-1\product"/>
    <property name="os.arch" value="amd64"/>
    <property name="java.vm.specification.name" value="Java Virtual Machine Specification"/>
    <property name="PID" value="41176"/>
    <property name="sun.os.patch.level" value=""/>
    <property name="CONSOLE_LOG_CHARSET" value="UTF-8"/>
    <property name="native.encoding" value="GBK"/>
    <property name="java.library.path" value="D:\JAVA\jdk-17_windows-x64_bin\jdk-17.0.10\bin;C:\WINDOWS\Sun\Java\bin;C:\WINDOWS\system32;C:\WINDOWS;C:\Program Files (x86)\Common Files\NetSarang;D:\VMware\bin\;C:\ProgramData\Oracle\Java\javapath;D:\vmware17\bin\;C:\Program Files\PlasticSCM5\client;D:\Python\Ptyhon1;D:\Python\Ptyhon1\Library\mingw-w64\bin;D:\Python\Ptyhon1\Library\usr\bin;D:\Python\Ptyhon1\Library\bin;D:\Python\Ptyhon1\Scripts;D:\JAVA\JDK\bin;C:\Program Files\Common Files\Oracle\Java\javapath;C:\Program Files (x86)\Common Files\Oracle\Java\javapath;C:\Program Files\Microsoft\jdk-11.0.16.101-hotspot\bin;C:\Windows\system32;C:\Windows;C:\Windows\System32\Wbem;C:\Windows\System32\WindowsPowerShell\v1.0\;C:\Windows\System32\OpenSSH\;C:\Program Files (x86)\NVIDIA Corporation\PhysX\Common;C:\Program Files\NVIDIA Corporation\NVIDIA NvDLISR;C:\WINDOWS\system32;C:\WINDOWS;C:\WINDOWS\System32\Wbem;C:\WINDOWS\System32\WindowsPowerShell\v1.0\;C:\WINDOWS\System32\OpenSSH\;C:\Program Files\dotnet\;D:\刘智文\微信web开发者工具\dll;D:\DataBA;e\CodeArts IDE\bin;D:\JAVA\apache-tomcat-9.0.90-windows-x64\apache-tomcat-9.0.90\bin;C:\Program Files\MySQL\MySQL Server 9.0\bin;D:\SQL2019\150\Tools\Binn\;C:\Program Files\Microsoft SQL Server\150\Tools\Binn\;D:\SQL2019\150\DTS\Binn\;C:\Program Files\Microsoft SQL Server\150\DTS\Binn\;C:\Program Files\Microsoft SQL Server\Client SDK\ODBC\170\Tools\Binn\;C:\Program Files\Azure Data Studio\bin;C:\Program Files\Microsoft SQL Server\130\DTS\Binn\;C:\Program Files\Microsoft SQL Server\140\DTS\Binn\;C:\Program Files\Microsoft SQL Server\160\DTS\Binn\;D:\node\;D:\DM\Graphviz\bin;C:\Program Files\Git\cmd;D:\JAVA\Maven\apache-maven-3.8.8-bin\apache-maven-3.8.8\bin;D:\DM\Anaconda;D:\DM\Anaconda\Library\mingw-w64\bin;D:\DM\Anaconda\Library\usr\bin;D:\DM\Anaconda\Library\bin;D:\DM\Anaconda\Scripts;C:\Users\刘智文\AppData\Local\Microsoft\WindowsApps;D:\Python\Scripts\;D:\Python\;C:\Users\刘智文\AppData\Local\Programs\Python\Python38\;C:\Users\刘智文\AppData\Local\Microsoft\WindowsApps;C:\Program Files (x86)\Tencent\QQGameTempest\Hall.57915\;C:\Users\刘智文\.dotnet\tools;D:\Program Files\JetBrains\PyCharm Community Edition 2022.3.3\bin;;D:\刘智文\Microsoft VS Code\bin;D:\JAVA\apache-tomcat-9.0.90-windows-x64\apache-tomcat-9.0.90\bin;D:\JAVA\IntelliJ IDEA 2024.1.4\bin;;C:\Program Files\Azure Data Studio\bin;C:\Users\刘智文\AppData\Roaming\npm;."/>
    <property name="java.vm.info" value="mixed mode, sharing"/>
    <property name="java.vendor" value="Oracle Corporation"/>
    <property name="java.vm.version" value="17.0.10+11-LTS-240"/>
    <property name="sun.io.unicode.encoding" value="UnicodeLittle"/>
    <property name="java.class.version" value="61.0"/>
    <property name="LOGGED_APPLICATION_NAME" value="[product-service] "/>
  </properties>
  <testcase name="testGetActivityWithWrongObjectId" classname="cn.edu.xmu.oomall.product.dao.GrouponActDaoTest" time="20.255">
    <failure message="expected: &lt;20&gt; but was: &lt;2&gt;" type="org.opentest4j.AssertionFailedError"><![CDATA[org.opentest4j.AssertionFailedError: expected: <20> but was: <2>
	at org.junit.jupiter.api.AssertionFailureBuilder.build(AssertionFailureBuilder.java:151)
	at org.junit.jupiter.api.AssertionFailureBuilder.buildAndThrow(AssertionFailureBuilder.java:132)
	at org.junit.jupiter.api.AssertEquals.failNotEqual(AssertEquals.java:197)
	at org.junit.jupiter.api.AssertEquals.assertEquals(AssertEquals.java:150)
	at org.junit.jupiter.api.AssertEquals.assertEquals(AssertEquals.java:145)
	at org.junit.jupiter.api.Assertions.assertEquals(Assertions.java:531)
	at cn.edu.xmu.oomall.product.dao.GrouponActDaoTest.testGetActivityWithWrongObjectId(GrouponActDaoTest.java:44)
	at java.base/java.lang.reflect.Method.invoke(Method.java:568)
	at java.base/java.util.ArrayList.forEach(ArrayList.java:1511)
	at java.base/java.util.ArrayList.forEach(ArrayList.java:1511)
]]></failure>
    <system-out><![CDATA[22:17:42,369 |-INFO in ch.qos.logback.core.model.processor.AppenderModelHandler - Processing appender named [STDOUT]
22:17:42,369 |-INFO in ch.qos.logback.core.model.processor.AppenderModelHandler - About to instantiate appender of type [ch.qos.logback.core.ConsoleAppender]
22:17:42,369 |-INFO in ch.qos.logback.core.model.processor.AppenderModelHandler - Processing appender named [FILE]
22:17:42,369 |-INFO in ch.qos.logback.core.model.processor.AppenderModelHandler - About to instantiate appender of type [ch.qos.logback.core.rolling.RollingFileAppender]
22:17:42,370 |-INFO in ch.qos.logback.core.model.processor.ModelInterpretationContext@d9b1ac1 - value "logs/product.%d{yyyy-MM-dd}.log" substituted for "${LOG_HOME}/${PROJECT_NAME}.%d{yyyy-MM-dd}.log"
22:17:42,370 |-INFO in c.q.l.core.rolling.TimeBasedRollingPolicy@1836986343 - No compression will be used
22:17:42,370 |-INFO in c.q.l.core.rolling.TimeBasedRollingPolicy@1836986343 - Will use the pattern logs/product.%d{yyyy-MM-dd}.log for the active file
22:17:42,370 |-INFO in c.q.l.core.rolling.DefaultTimeBasedFileNamingAndTriggeringPolicy - The date pattern is 'yyyy-MM-dd' from file name pattern 'logs/product.%d{yyyy-MM-dd}.log'.
22:17:42,370 |-INFO in c.q.l.core.rolling.DefaultTimeBasedFileNamingAndTriggeringPolicy - Roll-over at midnight.
22:17:42,370 |-INFO in c.q.l.core.rolling.DefaultTimeBasedFileNamingAndTriggeringPolicy - Setting initial period to 2024-12-04T14:17:42.370Z
22:17:42,371 |-WARN in ch.qos.logback.core.rolling.RollingFileAppender[FILE] - A triggering policy of type TimeBasedRollingPolicy was already set.
22:17:42,371 |-WARN in ch.qos.logback.core.rolling.RollingFileAppender[FILE] - Note that TimeBasedRollingPolicy doubles as a RollingPolicy
22:17:42,371 |-WARN in ch.qos.logback.core.rolling.RollingFileAppender[FILE] - See also http://logback.qos.ch/codes.html#rfa_reset_rp_or_tp
22:17:42,371 |-INFO in ch.qos.logback.core.rolling.RollingFileAppender[FILE] - Active log file name: logs/product.2024-12-04.log
22:17:42,371 |-INFO in ch.qos.logback.core.rolling.RollingFileAppender[FILE] - File property is set to [null]
22:17:42,372 |-WARN in ch.qos.logback.core.model.processor.AppenderModelHandler - Appender named [DruidFILE] not referenced. Skipping further processing.
22:17:42,372 |-INFO in ch.qos.logback.classic.model.processor.LoggerModelHandler - Setting level of logger [cn.edu.xmu.oomall.product] to DEBUG
22:17:42,372 |-INFO in ch.qos.logback.classic.jul.LevelChangePropagator@1d272499 - Propagating DEBUG level on Logger[cn.edu.xmu.oomall.product] onto the JUL framework
22:17:42,372 |-INFO in ch.qos.logback.classic.model.processor.LoggerModelHandler - Setting level of logger [cn.edu.xmu.oomall.product.controller] to DEBUG
22:17:42,372 |-INFO in ch.qos.logback.classic.jul.LevelChangePropagator@1d272499 - Propagating DEBUG level on Logger[cn.edu.xmu.oomall.product.controller] onto the JUL framework
22:17:42,372 |-INFO in ch.qos.logback.classic.model.processor.LoggerModelHandler - Setting level of logger [cn.edu.xmu.oomall.product.service] to DEBUG
22:17:42,372 |-INFO in ch.qos.logback.classic.jul.LevelChangePropagator@1d272499 - Propagating DEBUG level on Logger[cn.edu.xmu.oomall.product.service] onto the JUL framework
22:17:42,372 |-INFO in ch.qos.logback.classic.model.processor.LoggerModelHandler - Setting level of logger [cn.edu.xmu.oomall.product.dao] to DEBUG
22:17:42,372 |-INFO in ch.qos.logback.classic.jul.LevelChangePropagator@1d272499 - Propagating DEBUG level on Logger[cn.edu.xmu.oomall.product.dao] onto the JUL framework
22:17:42,372 |-INFO in ch.qos.logback.classic.model.processor.LoggerModelHandler - Setting level of logger [cn.edu.xmu.oomall.product.dao.bo] to DEBUG
22:17:42,372 |-INFO in ch.qos.logback.classic.jul.LevelChangePropagator@1d272499 - Propagating DEBUG level on Logger[cn.edu.xmu.oomall.product.dao.bo] onto the JUL framework
22:17:42,372 |-INFO in ch.qos.logback.classic.model.processor.LoggerModelHandler - Setting level of logger [cn.edu.xmu.oomall.product.mapper] to DEBUG
22:17:42,372 |-INFO in ch.qos.logback.classic.jul.LevelChangePropagator@1d272499 - Propagating DEBUG level on Logger[cn.edu.xmu.oomall.product.mapper] onto the JUL framework
22:17:42,372 |-INFO in ch.qos.logback.classic.model.processor.LoggerModelHandler - Setting level of logger [cn.edu.xmu.javaee.core] to DEBUG
22:17:42,372 |-INFO in ch.qos.logback.classic.jul.LevelChangePropagator@1d272499 - Propagating DEBUG level on Logger[cn.edu.xmu.javaee.core] onto the JUL framework
22:17:42,372 |-INFO in ch.qos.logback.classic.model.processor.LoggerModelHandler - Setting level of logger [cn.edu.xmu.javaee.core.aop] to DEBUG
22:17:42,372 |-INFO in ch.qos.logback.classic.jul.LevelChangePropagator@1d272499 - Propagating DEBUG level on Logger[cn.edu.xmu.javaee.core.aop] onto the JUL framework
22:17:42,372 |-INFO in ch.qos.logback.classic.model.processor.LoggerModelHandler - Setting level of logger [cn.edu.xmu.javaee.core.config.OpenFeignHeaderInterceptor] to DEBUG
22:17:42,372 |-INFO in ch.qos.logback.classic.jul.LevelChangePropagator@1d272499 - Propagating DEBUG level on Logger[cn.edu.xmu.javaee.core.config.OpenFeignHeaderInterceptor] onto the JUL framework
22:17:42,372 |-INFO in ch.qos.logback.classic.model.processor.LoggerModelHandler - Setting level of logger [cn.edu.xmu.javaee.core.jpa.SelectiveUpdateJpaRepositoryImpl] to DEBUG
22:17:42,372 |-INFO in ch.qos.logback.classic.jul.LevelChangePropagator@1d272499 - Propagating DEBUG level on Logger[cn.edu.xmu.javaee.core.jpa.SelectiveUpdateJpaRepositoryImpl] onto the JUL framework
22:17:42,372 |-INFO in ch.qos.logback.classic.model.processor.LoggerModelHandler - Setting level of logger [org.hibernate.type.descriptor.sql.BasicBinder] to TRACE
22:17:42,372 |-INFO in ch.qos.logback.classic.jul.LevelChangePropagator@1d272499 - Propagating TRACE level on Logger[org.hibernate.type.descriptor.sql.BasicBinder] onto the JUL framework
22:17:42,372 |-INFO in ch.qos.logback.classic.model.processor.RootLoggerModelHandler - Setting level of ROOT logger to INFO
22:17:42,372 |-INFO in ch.qos.logback.classic.jul.LevelChangePropagator@1d272499 - Propagating INFO level on Logger[ROOT] onto the JUL framework
22:17:42,372 |-INFO in ch.qos.logback.core.model.processor.AppenderRefModelHandler - Attaching appender named [STDOUT] to Logger[ROOT]
22:17:42,372 |-INFO in ch.qos.logback.core.model.processor.AppenderRefModelHandler - Attaching appender named [FILE] to Logger[ROOT]
22:17:42,372 |-INFO in ch.qos.logback.core.model.processor.DefaultProcessor@2c5d03ea - End of configuration.
22:17:42,372 |-INFO in org.springframework.boot.logging.logback.SpringBootJoranConfigurator@794559b2 - Registering current configuration as safe fallback point

22:17:42,689 |-INFO in ch.qos.logback.core.model.processor.AppenderModelHandler - Processing appender named [STDOUT]
22:17:42,689 |-INFO in ch.qos.logback.core.model.processor.AppenderModelHandler - About to instantiate appender of type [ch.qos.logback.core.ConsoleAppender]
22:17:42,690 |-INFO in ch.qos.logback.core.model.processor.AppenderModelHandler - Processing appender named [FILE]
22:17:42,690 |-INFO in ch.qos.logback.core.model.processor.AppenderModelHandler - About to instantiate appender of type [ch.qos.logback.core.rolling.RollingFileAppender]
22:17:42,690 |-INFO in ch.qos.logback.core.model.processor.ModelInterpretationContext@25e6d4b5 - value "logs/product.%d{yyyy-MM-dd}.log" substituted for "${LOG_HOME}/${PROJECT_NAME}.%d{yyyy-MM-dd}.log"
22:17:42,690 |-INFO in c.q.l.core.rolling.TimeBasedRollingPolicy@1882439887 - No compression will be used
22:17:42,690 |-INFO in c.q.l.core.rolling.TimeBasedRollingPolicy@1882439887 - Will use the pattern logs/product.%d{yyyy-MM-dd}.log for the active file
22:17:42,690 |-INFO in c.q.l.core.rolling.DefaultTimeBasedFileNamingAndTriggeringPolicy - The date pattern is 'yyyy-MM-dd' from file name pattern 'logs/product.%d{yyyy-MM-dd}.log'.
22:17:42,690 |-INFO in c.q.l.core.rolling.DefaultTimeBasedFileNamingAndTriggeringPolicy - Roll-over at midnight.
22:17:42,690 |-INFO in c.q.l.core.rolling.DefaultTimeBasedFileNamingAndTriggeringPolicy - Setting initial period to 2024-12-04T14:17:42.690Z
22:17:42,690 |-WARN in ch.qos.logback.core.rolling.RollingFileAppender[FILE] - A triggering policy of type TimeBasedRollingPolicy was already set.
22:17:42,690 |-WARN in ch.qos.logback.core.rolling.RollingFileAppender[FILE] - Note that TimeBasedRollingPolicy doubles as a RollingPolicy
22:17:42,690 |-WARN in ch.qos.logback.core.rolling.RollingFileAppender[FILE] - See also http://logback.qos.ch/codes.html#rfa_reset_rp_or_tp
22:17:42,690 |-INFO in ch.qos.logback.core.rolling.RollingFileAppender[FILE] - Active log file name: logs/product.2024-12-04.log
22:17:42,690 |-INFO in ch.qos.logback.core.rolling.RollingFileAppender[FILE] - File property is set to [null]
22:17:42,691 |-WARN in ch.qos.logback.core.model.processor.AppenderModelHandler - Appender named [DruidFILE] not referenced. Skipping further processing.
22:17:42,691 |-INFO in ch.qos.logback.classic.model.processor.LoggerModelHandler - Setting level of logger [cn.edu.xmu.oomall.product] to DEBUG
22:17:42,691 |-INFO in ch.qos.logback.classic.jul.LevelChangePropagator@2f37c437 - Propagating DEBUG level on Logger[cn.edu.xmu.oomall.product] onto the JUL framework
22:17:42,691 |-INFO in ch.qos.logback.classic.model.processor.LoggerModelHandler - Setting level of logger [cn.edu.xmu.oomall.product.controller] to DEBUG
22:17:42,691 |-INFO in ch.qos.logback.classic.jul.LevelChangePropagator@2f37c437 - Propagating DEBUG level on Logger[cn.edu.xmu.oomall.product.controller] onto the JUL framework
22:17:42,691 |-INFO in ch.qos.logback.classic.model.processor.LoggerModelHandler - Setting level of logger [cn.edu.xmu.oomall.product.service] to DEBUG
22:17:42,691 |-INFO in ch.qos.logback.classic.jul.LevelChangePropagator@2f37c437 - Propagating DEBUG level on Logger[cn.edu.xmu.oomall.product.service] onto the JUL framework
22:17:42,691 |-INFO in ch.qos.logback.classic.model.processor.LoggerModelHandler - Setting level of logger [cn.edu.xmu.oomall.product.dao] to DEBUG
22:17:42,691 |-INFO in ch.qos.logback.classic.jul.LevelChangePropagator@2f37c437 - Propagating DEBUG level on Logger[cn.edu.xmu.oomall.product.dao] onto the JUL framework
22:17:42,691 |-INFO in ch.qos.logback.classic.model.processor.LoggerModelHandler - Setting level of logger [cn.edu.xmu.oomall.product.dao.bo] to DEBUG
22:17:42,691 |-INFO in ch.qos.logback.classic.jul.LevelChangePropagator@2f37c437 - Propagating DEBUG level on Logger[cn.edu.xmu.oomall.product.dao.bo] onto the JUL framework
22:17:42,691 |-INFO in ch.qos.logback.classic.model.processor.LoggerModelHandler - Setting level of logger [cn.edu.xmu.oomall.product.mapper] to DEBUG
22:17:42,691 |-INFO in ch.qos.logback.classic.jul.LevelChangePropagator@2f37c437 - Propagating DEBUG level on Logger[cn.edu.xmu.oomall.product.mapper] onto the JUL framework
22:17:42,691 |-INFO in ch.qos.logback.classic.model.processor.LoggerModelHandler - Setting level of logger [cn.edu.xmu.javaee.core] to DEBUG
22:17:42,691 |-INFO in ch.qos.logback.classic.jul.LevelChangePropagator@2f37c437 - Propagating DEBUG level on Logger[cn.edu.xmu.javaee.core] onto the JUL framework
22:17:42,691 |-INFO in ch.qos.logback.classic.model.processor.LoggerModelHandler - Setting level of logger [cn.edu.xmu.javaee.core.aop] to DEBUG
22:17:42,691 |-INFO in ch.qos.logback.classic.jul.LevelChangePropagator@2f37c437 - Propagating DEBUG level on Logger[cn.edu.xmu.javaee.core.aop] onto the JUL framework
22:17:42,691 |-INFO in ch.qos.logback.classic.model.processor.LoggerModelHandler - Setting level of logger [cn.edu.xmu.javaee.core.config.OpenFeignHeaderInterceptor] to DEBUG
22:17:42,691 |-INFO in ch.qos.logback.classic.jul.LevelChangePropagator@2f37c437 - Propagating DEBUG level on Logger[cn.edu.xmu.javaee.core.config.OpenFeignHeaderInterceptor] onto the JUL framework
22:17:42,691 |-INFO in ch.qos.logback.classic.model.processor.LoggerModelHandler - Setting level of logger [cn.edu.xmu.javaee.core.jpa.SelectiveUpdateJpaRepositoryImpl] to DEBUG
22:17:42,691 |-INFO in ch.qos.logback.classic.jul.LevelChangePropagator@2f37c437 - Propagating DEBUG level on Logger[cn.edu.xmu.javaee.core.jpa.SelectiveUpdateJpaRepositoryImpl] onto the JUL framework
22:17:42,691 |-INFO in ch.qos.logback.classic.model.processor.LoggerModelHandler - Setting level of logger [org.hibernate.type.descriptor.sql.BasicBinder] to TRACE
22:17:42,691 |-INFO in ch.qos.logback.classic.jul.LevelChangePropagator@2f37c437 - Propagating TRACE level on Logger[org.hibernate.type.descriptor.sql.BasicBinder] onto the JUL framework
22:17:42,691 |-INFO in ch.qos.logback.classic.model.processor.RootLoggerModelHandler - Setting level of ROOT logger to INFO
22:17:42,691 |-INFO in ch.qos.logback.classic.jul.LevelChangePropagator@2f37c437 - Propagating INFO level on Logger[ROOT] onto the JUL framework
22:17:42,691 |-INFO in ch.qos.logback.core.model.processor.AppenderRefModelHandler - Attaching appender named [STDOUT] to Logger[ROOT]
22:17:42,691 |-INFO in ch.qos.logback.core.model.processor.AppenderRefModelHandler - Attaching appender named [FILE] to Logger[ROOT]
22:17:42,691 |-INFO in ch.qos.logback.core.model.processor.DefaultProcessor@96d543b - End of configuration.
22:17:42,691 |-INFO in org.springframework.boot.logging.logback.SpringBootJoranConfigurator@1abd7adf - Registering current configuration as safe fallback point


  .   ____          _            __ _ _
 /\\ / ___'_ __ _ _(_)_ __  __ _ \ \ \ \
( ( )\___ | '_ | '_| | '_ \/ _` | \ \ \ \
 \\/  ___)| |_)| | | | | || (_| |  ) ) ) )
  '  |____| .__|_| |_|_| |_\__, | / / / /
 =========|_|==============|___/=/_/_/_/

 :: Spring Boot ::                (v3.3.6)

2024-12-04 22:17:42.745 [cluster-ClusterId{value='675063fa06b2de2102d09639', description='null'}-mongo3:27017] INFO  org.mongodb.driver.cluster - Rediscovering type of existing primary mongo2:27017
2024-12-04 22:17:42.746 [cluster-ClusterId{value='675063fa06b2de2102d09639', description='null'}-mongo3:27017] INFO  org.mongodb.driver.cluster - Discovered replica set primary mongo3:27017 with max election id 7fffffff00000000000000f7 and max set version 1
2024-12-04 22:17:42.747 [main] WARN  c.a.cloud.nacos.client.NacosPropertySourceBuilder - Ignore the empty nacos configuration and get it based on dataId[product-service] & group[DEFAULT_GROUP]
2024-12-04 22:17:42.764 [cluster-ClusterId{value='675063fa06b2de2102d09639', description='null'}-mongo1:27017] INFO  org.mongodb.driver.cluster - Rediscovering type of existing primary mongo3:27017
2024-12-04 22:17:42.765 [cluster-ClusterId{value='675063fa06b2de2102d09639', description='null'}-mongo1:27017] INFO  org.mongodb.driver.cluster - Discovered replica set primary mongo1:27017 with max election id 7fffffff00000000000000f7 and max set version 1
2024-12-04 22:17:42.791 [cluster-ClusterId{value='675063fa06b2de2102d09639', description='null'}-mongo2:27017] INFO  org.mongodb.driver.cluster - Rediscovering type of existing primary mongo1:27017
2024-12-04 22:17:42.791 [cluster-ClusterId{value='675063fa06b2de2102d09639', description='null'}-mongo2:27017] INFO  org.mongodb.driver.cluster - Discovered replica set primary mongo2:27017 with max election id 7fffffff00000000000000f7 and max set version 1
2024-12-04 22:17:42.797 [main] WARN  c.a.cloud.nacos.client.NacosPropertySourceBuilder - Ignore the empty nacos configuration and get it based on dataId[product-service.yaml] & group[DEFAULT_GROUP]
2024-12-04 22:17:42.849 [main] WARN  c.a.cloud.nacos.client.NacosPropertySourceBuilder - Ignore the empty nacos configuration and get it based on dataId[product-service-prod.yaml] & group[DEFAULT_GROUP]
2024-12-04 22:17:42.849 [main] INFO  o.s.c.b.c.PropertySourceBootstrapConfiguration - Located property source: [BootstrapPropertySource {name='bootstrapProperties-product-service-prod.yaml,DEFAULT_GROUP'}, BootstrapPropertySource {name='bootstrapProperties-product-service.yaml,DEFAULT_GROUP'}, BootstrapPropertySource {name='bootstrapProperties-product-service,DEFAULT_GROUP'}]
2024-12-04 22:17:42.854 [main] INFO  cn.edu.xmu.oomall.product.dao.GrouponActDaoTest - The following 1 profile is active: "prod"
2024-12-04 22:17:42.947 [cluster-ClusterId{value='6750642206b2de2102d0963c', description='null'}-mongo3:27017] INFO  org.mongodb.driver.cluster - Rediscovering type of existing primary mongo2:27017
2024-12-04 22:17:42.947 [cluster-ClusterId{value='6750642206b2de2102d0963c', description='null'}-mongo3:27017] INFO  org.mongodb.driver.cluster - Discovered replica set primary mongo3:27017 with max election id 7fffffff00000000000000f7 and max set version 1
2024-12-04 22:17:42.950 [cluster-ClusterId{value='6750642206b2de2102d0963c', description='null'}-mongo1:27017] INFO  org.mongodb.driver.cluster - Rediscovering type of existing primary mongo3:27017
2024-12-04 22:17:42.950 [cluster-ClusterId{value='6750642206b2de2102d0963c', description='null'}-mongo1:27017] INFO  org.mongodb.driver.cluster - Discovered replica set primary mongo1:27017 with max election id 7fffffff00000000000000f7 and max set version 1
2024-12-04 22:17:42.998 [main] INFO  o.s.d.r.config.RepositoryConfigurationDelegate - Multiple Spring Data modules found, entering strict repository configuration mode
2024-12-04 22:17:42.998 [main] INFO  o.s.d.r.config.RepositoryConfigurationDelegate - Bootstrapping Spring Data JPA repositories in DEFAULT mode.
2024-12-04 22:17:43.005 [main] INFO  o.s.d.r.config.RepositoryConfigurationDelegate - Finished Spring Data repository scanning in 6 ms. Found 6 JPA repository interfaces.
2024-12-04 22:17:43.005 [main] INFO  o.s.d.r.config.RepositoryConfigurationDelegate - Multiple Spring Data modules found, entering strict repository configuration mode
2024-12-04 22:17:43.006 [main] INFO  o.s.d.r.config.RepositoryConfigurationDelegate - Bootstrapping Spring Data MongoDB repositories in DEFAULT mode.
2024-12-04 22:17:43.009 [main] INFO  o.s.d.r.config.RepositoryConfigurationDelegate - Finished Spring Data repository scanning in 2 ms. Found 2 MongoDB repository interfaces.
2024-12-04 22:17:43.110 [main] WARN  org.mybatis.spring.mapper.ClassPathMapperScanner - No MyBatis mapper was found in '[cn.edu.xmu.oomall.product]' package. Please check your configuration.
2024-12-04 22:17:43.114 [main] INFO  o.springframework.cloud.context.scope.GenericScope - BeanFactory id=f4e34340-7d00-3f01-af0d-61dfd90c1a34
2024-12-04 22:17:43.152 [main] WARN  o.s.c.s.PostProcessorRegistrationDelegate$BeanPostProcessorChecker - Bean 'org.apache.rocketmq.spring.autoconfigure.ListenerContainerConfiguration' of type [org.apache.rocketmq.spring.autoconfigure.ListenerContainerConfiguration$$SpringCGLIB$$0] is not eligible for getting processed by all BeanPostProcessors (for example: not eligible for auto-proxying). Is this bean getting eagerly injected/applied to a currently created BeanPostProcessor [org.apache.rocketmq.spring.annotation.RocketMQMessageListenerBeanPostProcessor]? Check the corresponding BeanPostProcessor declaration and its dependencies/advisors. If this bean does not have to be post-processed, declare it with ROLE_INFRASTRUCTURE.
2024-12-04 22:17:43.154 [main] WARN  o.s.c.s.PostProcessorRegistrationDelegate$BeanPostProcessorChecker - Bean 'org.apache.rocketmq.spring.autoconfigure.MessageConverterConfiguration' of type [org.apache.rocketmq.spring.autoconfigure.MessageConverterConfiguration$$SpringCGLIB$$0] is not eligible for getting processed by all BeanPostProcessors (for example: not eligible for auto-proxying). Is this bean getting eagerly injected/applied to a currently created BeanPostProcessor [org.apache.rocketmq.spring.annotation.RocketMQMessageListenerBeanPostProcessor]? Check the corresponding BeanPostProcessor declaration and its dependencies/advisors. If this bean does not have to be post-processed, declare it with ROLE_INFRASTRUCTURE.
2024-12-04 22:17:43.154 [main] WARN  o.s.c.s.PostProcessorRegistrationDelegate$BeanPostProcessorChecker - Bean 'createRocketMQMessageConverter' of type [org.apache.rocketmq.spring.support.RocketMQMessageConverter] is not eligible for getting processed by all BeanPostProcessors (for example: not eligible for auto-proxying). Is this bean getting eagerly injected/applied to a currently created BeanPostProcessor [org.apache.rocketmq.spring.annotation.RocketMQMessageListenerBeanPostProcessor]? Check the corresponding BeanPostProcessor declaration and its dependencies/advisors. If this bean does not have to be post-processed, declare it with ROLE_INFRASTRUCTURE.
2024-12-04 22:17:43.156 [main] WARN  o.s.c.s.PostProcessorRegistrationDelegate$BeanPostProcessorChecker - Bean 'org.springframework.cloud.commons.config.CommonsConfigAutoConfiguration' of type [org.springframework.cloud.commons.config.CommonsConfigAutoConfiguration] is not eligible for getting processed by all BeanPostProcessors (for example: not eligible for auto-proxying). Is this bean getting eagerly injected/applied to a currently created BeanPostProcessor [org.apache.rocketmq.spring.annotation.RocketMQMessageListenerBeanPostProcessor]? Check the corresponding BeanPostProcessor declaration and its dependencies/advisors. If this bean does not have to be post-processed, declare it with ROLE_INFRASTRUCTURE.
2024-12-04 22:17:43.157 [main] WARN  o.s.c.s.PostProcessorRegistrationDelegate$BeanPostProcessorChecker - Bean 'org.springframework.cloud.client.loadbalancer.LoadBalancerDefaultMappingsProviderAutoConfiguration' of type [org.springframework.cloud.client.loadbalancer.LoadBalancerDefaultMappingsProviderAutoConfiguration] is not eligible for getting processed by all BeanPostProcessors (for example: not eligible for auto-proxying). Is this bean getting eagerly injected/applied to a currently created BeanPostProcessor [org.apache.rocketmq.spring.annotation.RocketMQMessageListenerBeanPostProcessor]? Check the corresponding BeanPostProcessor declaration and its dependencies/advisors. If this bean does not have to be post-processed, declare it with ROLE_INFRASTRUCTURE.
2024-12-04 22:17:43.157 [main] WARN  o.s.c.s.PostProcessorRegistrationDelegate$BeanPostProcessorChecker - Bean 'loadBalancerClientsDefaultsMappingsProvider' of type [org.springframework.cloud.client.loadbalancer.LoadBalancerDefaultMappingsProviderAutoConfiguration$$Lambda$1213/0x00000211188e2de8] is not eligible for getting processed by all BeanPostProcessors (for example: not eligible for auto-proxying). Is this bean getting eagerly injected/applied to a currently created BeanPostProcessor [org.apache.rocketmq.spring.annotation.RocketMQMessageListenerBeanPostProcessor]? Check the corresponding BeanPostProcessor declaration and its dependencies/advisors. If this bean does not have to be post-processed, declare it with ROLE_INFRASTRUCTURE.
2024-12-04 22:17:43.164 [main] WARN  o.s.c.s.PostProcessorRegistrationDelegate$BeanPostProcessorChecker - Bean 'defaultsBindHandlerAdvisor' of type [org.springframework.cloud.commons.config.DefaultsBindHandlerAdvisor] is not eligible for getting processed by all BeanPostProcessors (for example: not eligible for auto-proxying). Is this bean getting eagerly injected/applied to a currently created BeanPostProcessor [org.apache.rocketmq.spring.annotation.RocketMQMessageListenerBeanPostProcessor]? Check the corresponding BeanPostProcessor declaration and its dependencies/advisors. If this bean does not have to be post-processed, declare it with ROLE_INFRASTRUCTURE.
2024-12-04 22:17:43.168 [main] WARN  o.s.c.s.PostProcessorRegistrationDelegate$BeanPostProcessorChecker - Bean 'rocketmq-org.apache.rocketmq.spring.autoconfigure.RocketMQProperties' of type [org.apache.rocketmq.spring.autoconfigure.RocketMQProperties] is not eligible for getting processed by all BeanPostProcessors (for example: not eligible for auto-proxying). Is this bean getting eagerly injected/applied to a currently created BeanPostProcessor [org.apache.rocketmq.spring.annotation.RocketMQMessageListenerBeanPostProcessor]? Check the corresponding BeanPostProcessor declaration and its dependencies/advisors. If this bean does not have to be post-processed, declare it with ROLE_INFRASTRUCTURE.
2024-12-04 22:17:43.169 [main] WARN  o.s.c.s.PostProcessorRegistrationDelegate$BeanPostProcessorChecker - Bean 'rocketMQMessageListenerContainerRegistrar' of type [org.apache.rocketmq.spring.support.RocketMQMessageListenerContainerRegistrar] is not eligible for getting processed by all BeanPostProcessors (for example: not eligible for auto-proxying). Is this bean getting eagerly injected/applied to a currently created BeanPostProcessor [org.apache.rocketmq.spring.annotation.RocketMQMessageListenerBeanPostProcessor]? Check the corresponding BeanPostProcessor declaration and its dependencies/advisors. If this bean does not have to be post-processed, declare it with ROLE_INFRASTRUCTURE.
2024-12-04 22:17:43.242 [cluster-ClusterId{value='6750647d06b2de2102d09642', description='null'}-mongo2:27017] INFO  org.mongodb.driver.cluster - Exception in monitor thread while connecting to server mongo2:27017
com.mongodb.MongoSocketOpenException: Exception opening socket
	at com.mongodb.internal.connection.SocketStream.lambda$open$0(SocketStream.java:86)
	at java.base/java.util.Optional.orElseThrow(Optional.java:403)
	at com.mongodb.internal.connection.SocketStream.open(SocketStream.java:86)
	at com.mongodb.internal.connection.InternalStreamConnection.open(InternalStreamConnection.java:201)
	at com.mongodb.internal.connection.DefaultServerMonitor$ServerMonitorRunnable.lookupServerDescription(DefaultServerMonitor.java:193)
	at com.mongodb.internal.connection.DefaultServerMonitor$ServerMonitorRunnable.run(DefaultServerMonitor.java:153)
	at java.base/java.lang.Thread.run(Thread.java:842)
Caused by: java.net.SocketTimeoutException: Connect timed out
	at java.base/sun.nio.ch.NioSocketImpl.timedFinishConnect(NioSocketImpl.java:551)
	at java.base/sun.nio.ch.NioSocketImpl.connect(NioSocketImpl.java:602)
	at java.base/java.net.SocksSocketImpl.connect(SocksSocketImpl.java:327)
	at java.base/java.net.Socket.connect(Socket.java:633)
	at com.mongodb.internal.connection.SocketStreamHelper.initialize(SocketStreamHelper.java:76)
	at com.mongodb.internal.connection.SocketStream.initializeSocket(SocketStream.java:105)
	at com.mongodb.internal.connection.SocketStream.open(SocketStream.java:80)
	... 4 common frames omitted
2024-12-04 22:17:43.245 [cluster-ClusterId{value='6750647d06b2de2102d09642', description='null'}-mongo3:27017] INFO  org.mongodb.driver.cluster - Exception in monitor thread while connecting to server mongo3:27017
com.mongodb.MongoSocketOpenException: Exception opening socket
	at com.mongodb.internal.connection.SocketStream.lambda$open$0(SocketStream.java:86)
	at java.base/java.util.Optional.orElseThrow(Optional.java:403)
	at com.mongodb.internal.connection.SocketStream.open(SocketStream.java:86)
	at com.mongodb.internal.connection.InternalStreamConnection.open(InternalStreamConnection.java:201)
	at com.mongodb.internal.connection.DefaultServerMonitor$ServerMonitorRunnable.lookupServerDescription(DefaultServerMonitor.java:193)
	at com.mongodb.internal.connection.DefaultServerMonitor$ServerMonitorRunnable.run(DefaultServerMonitor.java:153)
	at java.base/java.lang.Thread.run(Thread.java:842)
Caused by: java.net.SocketTimeoutException: Connect timed out
	at java.base/sun.nio.ch.NioSocketImpl.timedFinishConnect(NioSocketImpl.java:551)
	at java.base/sun.nio.ch.NioSocketImpl.connect(NioSocketImpl.java:602)
	at java.base/java.net.SocksSocketImpl.connect(SocksSocketImpl.java:327)
	at java.base/java.net.Socket.connect(Socket.java:633)
	at com.mongodb.internal.connection.SocketStreamHelper.initialize(SocketStreamHelper.java:76)
	at com.mongodb.internal.connection.SocketStream.initializeSocket(SocketStream.java:105)
	at com.mongodb.internal.connection.SocketStream.open(SocketStream.java:80)
	... 4 common frames omitted
2024-12-04 22:17:43.291 [main] INFO  com.alibaba.druid.pool.DruidDataSource - {dataSource-10} inited
2024-12-04 22:17:43.796 [main] INFO  org.hibernate.jpa.internal.util.LogHelper - HHH000204: Processing PersistenceUnitInfo [name: default]
2024-12-04 22:17:43.800 [main] INFO  o.hibernate.cache.internal.RegionFactoryInitiator - HHH000026: Second-level cache disabled
2024-12-04 22:17:43.810 [main] INFO  o.s.o.j.persistenceunit.SpringPersistenceUnitInfo - No LoadTimeWeaver setup: ignoring JPA class transformer
2024-12-04 22:17:43.925 [cluster-ClusterId{value='6750642d06b2de2102d0963d', description='null'}-mongo1:27017] INFO  org.mongodb.driver.cluster - Rediscovering type of existing primary mongo3:27017
2024-12-04 22:17:43.925 [cluster-ClusterId{value='6750642d06b2de2102d0963d', description='null'}-mongo1:27017] INFO  org.mongodb.driver.cluster - Discovered replica set primary mongo1:27017 with max election id 7fffffff00000000000000f7 and max set version 1
2024-12-04 22:17:43.925 [cluster-ClusterId{value='6750642d06b2de2102d0963d', description='null'}-mongo3:27017] INFO  org.mongodb.driver.cluster - Rediscovering type of existing primary mongo1:27017
2024-12-04 22:17:43.925 [cluster-ClusterId{value='6750642d06b2de2102d0963d', description='null'}-mongo3:27017] INFO  org.mongodb.driver.cluster - Discovered replica set primary mongo3:27017 with max election id 7fffffff00000000000000f7 and max set version 1
2024-12-04 22:17:43.930 [main] INFO  o.h.e.t.jta.platform.internal.JtaPlatformInitiator - HHH000489: No JTA platform available (set 'hibernate.transaction.jta.platform' to enable JTA platform integration)
2024-12-04 22:17:43.930 [main] INFO  o.s.orm.jpa.LocalContainerEntityManagerFactoryBean - Initialized JPA EntityManagerFactory for persistence unit 'default'
2024-12-04 22:17:44.170 [main] WARN  o.s.b.a.o.j.JpaBaseConfiguration$JpaWebConfiguration - spring.jpa.open-in-view is enabled by default. Therefore, database queries may be performed during view rendering. Explicitly configure spring.jpa.open-in-view to disable this warning
2024-12-04 22:17:44.192 [main] INFO  o.s.cloud.openfeign.FeignClientFactoryBean - For 'shop-service' URL not provided. Will try picking an instance via load-balancing.
2024-12-04 22:17:44.224 [main] DEBUG cn.edu.xmu.oomall.product.config.ProductConfig - snowFlakeIdWorker: ip = 192.168.56.1
2024-12-04 22:17:44.259 [main] INFO  o.s.cloud.openfeign.FeignClientFactoryBean - For 'elasticsearch-service' URL not provided. Will try picking an instance via load-balancing.
2024-12-04 22:17:44.284 [main] INFO  org.mongodb.driver.cluster - Adding discovered server mongo1:27017 to client view of cluster
2024-12-04 22:17:44.290 [main] INFO  org.mongodb.driver.cluster - Adding discovered server mongo2:27017 to client view of cluster
2024-12-04 22:17:44.297 [main] INFO  org.mongodb.driver.cluster - Adding discovered server mongo3:27017 to client view of cluster
2024-12-04 22:17:44.305 [main] INFO  org.mongodb.driver.client - MongoClient with metadata {"driver": {"name": "mongo-java-driver|sync", "version": "5.0.1"}, "os": {"type": "Windows", "name": "Windows 11", "architecture": "amd64", "version": "10.0"}, "platform": "Java/Oracle Corporation/17.0.10+11-LTS-240"} created with settings MongoClientSettings{readPreference=ReadPreference{name=nearest, hedgeOptions=null}, writeConcern=WriteConcern{w=null, wTimeout=null ms, journal=null}, retryWrites=true, retryReads=true, readConcern=ReadConcern{level=null}, credential=MongoCredential{mechanism=null, userName='demouser', source='oomall', password=<hidden>, mechanismProperties=<hidden>}, transportSettings=null, commandListeners=[cn.edu.xmu.oomall.product.config.MongoCommandLogger@14cd9a72], codecRegistry=ProvidersCodecRegistry{codecProviders=[ValueCodecProvider{}, BsonValueCodecProvider{}, DBRefCodecProvider{}, DBObjectCodecProvider{}, DocumentCodecProvider{}, CollectionCodecProvider{}, IterableCodecProvider{}, MapCodecProvider{}, GeoJsonCodecProvider{}, GridFSFileCodecProvider{}, Jsr310CodecProvider{}, JsonObjectCodecProvider{}, BsonCodecProvider{}, EnumCodecProvider{}, com.mongodb.client.model.mql.ExpressionCodecProvider@399a27c0, com.mongodb.Jep395RecordCodecProvider@54baa076, com.mongodb.KotlinCodecProvider@3065d07d]}, loggerSettings=LoggerSettings{maxDocumentLength=1000}, clusterSettings={hosts=[mongo1:27017, mongo2:27017, mongo3:27017], srvServiceName=mongodb, mode=MULTIPLE, requiredClusterType=REPLICA_SET, requiredReplicaSetName='rs0', serverSelector='null', clusterListeners='[]', serverSelectionTimeout='30000 ms', localThreshold='15 ms'}, socketSettings=SocketSettings{connectTimeoutMS=10000, readTimeoutMS=0, receiveBufferSize=0, proxySettings=ProxySettings{host=null, port=null, username=null, password=null}}, heartbeatSocketSettings=SocketSettings{connectTimeoutMS=10000, readTimeoutMS=10000, receiveBufferSize=0, proxySettings=ProxySettings{host=null, port=null, username=null, password=null}}, connectionPoolSettings=ConnectionPoolSettings{maxSize=100, minSize=0, maxWaitTimeMS=120000, maxConnectionLifeTimeMS=0, maxConnectionIdleTimeMS=0, maintenanceInitialDelayMS=0, maintenanceFrequencyMS=60000, connectionPoolListeners=[], maxConnecting=2}, serverSettings=ServerSettings{heartbeatFrequencyMS=10000, minHeartbeatFrequencyMS=500, serverListeners='[]', serverMonitorListeners='[]'}, sslSettings=SslSettings{enabled=false, invalidHostNameAllowed=false, context=null}, applicationName='null', compressorList=[], uuidRepresentation=UNSPECIFIED, serverApi=null, autoEncryptionSettings=null, dnsClient=null, inetAddressResolver=null, contextProvider=null}
2024-12-04 22:17:44.388 [cluster-ClusterId{value='6750648806b2de2102d09643', description='null'}-mongo1:27017] INFO  org.mongodb.driver.cluster - Monitor thread successfully connected to server with description ServerDescription{address=mongo1:27017, type=REPLICA_SET_PRIMARY, state=CONNECTED, ok=true, minWireVersion=0, maxWireVersion=25, maxDocumentSize=16777216, logicalSessionTimeoutMinutes=30, roundTripTimeNanos=46672700, setName='rs0', canonicalAddress=mongo1:27017, hosts=[mongo1:27017], passives=[mongo3:27017, mongo2:27017], arbiters=[], primary='mongo1:27017', tagSet=TagSet{[]}, electionId=7fffffff00000000000000f7, setVersion=1, topologyVersion=TopologyVersion{processId=6750545c33ed055bb0fd0f23, counter=6}, lastWriteDate=Wed Dec 04 22:17:36 CST 2024, lastUpdateTimeNanos=47056395995000}
2024-12-04 22:17:44.388 [cluster-ClusterId{value='6750648806b2de2102d09643', description='null'}-mongo1:27017] INFO  org.mongodb.driver.cluster - Discovered replica set primary mongo1:27017 with max election id 7fffffff00000000000000f7 and max set version 1
2024-12-04 22:17:44.399 [cluster-ClusterId{value='6750648806b2de2102d09643', description='null'}-mongo2:27017] INFO  org.mongodb.driver.cluster - Monitor thread successfully connected to server with description ServerDescription{address=mongo2:27017, type=REPLICA_SET_PRIMARY, state=CONNECTED, ok=true, minWireVersion=0, maxWireVersion=25, maxDocumentSize=16777216, logicalSessionTimeoutMinutes=30, roundTripTimeNanos=48023300, setName='rs0', canonicalAddress=mongo1:27017, hosts=[mongo1:27017], passives=[mongo3:27017, mongo2:27017], arbiters=[], primary='mongo1:27017', tagSet=TagSet{[]}, electionId=7fffffff00000000000000f7, setVersion=1, topologyVersion=TopologyVersion{processId=6750545c33ed055bb0fd0f23, counter=6}, lastWriteDate=Wed Dec 04 22:17:36 CST 2024, lastUpdateTimeNanos=47056407222800}
2024-12-04 22:17:44.399 [cluster-ClusterId{value='6750648806b2de2102d09643', description='null'}-mongo2:27017] INFO  org.mongodb.driver.cluster - Rediscovering type of existing primary mongo1:27017
2024-12-04 22:17:44.399 [cluster-ClusterId{value='6750648806b2de2102d09643', description='null'}-mongo2:27017] INFO  org.mongodb.driver.cluster - Discovered replica set primary mongo2:27017 with max election id 7fffffff00000000000000f7 and max set version 1
2024-12-04 22:17:44.474 [main] INFO  o.s.cloud.openfeign.FeignClientFactoryBean - For 'freight-service' URL not provided. Will try picking an instance via load-balancing.
2024-12-04 22:17:45.915 [cluster-ClusterId{value='6750640706b2de2102d0963a', description='null'}-mongo1:27017] INFO  org.mongodb.driver.cluster - Rediscovering type of existing primary mongo2:27017
2024-12-04 22:17:45.916 [cluster-ClusterId{value='6750640706b2de2102d0963a', description='null'}-mongo1:27017] INFO  org.mongodb.driver.cluster - Discovered replica set primary mongo1:27017 with max election id 7fffffff00000000000000f7 and max set version 1
2024-12-04 22:17:45.916 [cluster-ClusterId{value='6750640706b2de2102d0963a', description='null'}-mongo2:27017] INFO  org.mongodb.driver.cluster - Rediscovering type of existing primary mongo1:27017
2024-12-04 22:17:45.916 [cluster-ClusterId{value='6750640706b2de2102d0963a', description='null'}-mongo2:27017] INFO  org.mongodb.driver.cluster - Discovered replica set primary mongo2:27017 with max election id 7fffffff00000000000000f7 and max set version 1
2024-12-04 22:17:45.924 [cluster-ClusterId{value='6750640706b2de2102d0963a', description='null'}-mongo3:27017] INFO  org.mongodb.driver.cluster - Rediscovering type of existing primary mongo2:27017
2024-12-04 22:17:45.924 [cluster-ClusterId{value='6750640706b2de2102d0963a', description='null'}-mongo3:27017] INFO  org.mongodb.driver.cluster - Discovered replica set primary mongo3:27017 with max election id 7fffffff00000000000000f7 and max set version 1
2024-12-04 22:17:46.519 [cluster-ClusterId{value='675063e906b2de2102d09638', description='null'}-mongo2:27017] INFO  org.mongodb.driver.cluster - Rediscovering type of existing primary mongo1:27017
2024-12-04 22:17:46.519 [cluster-ClusterId{value='675063e906b2de2102d09638', description='null'}-mongo2:27017] INFO  org.mongodb.driver.cluster - Discovered replica set primary mongo2:27017 with max election id 7fffffff00000000000000f7 and max set version 1
2024-12-04 22:17:46.539 [cluster-ClusterId{value='6750647606b2de2102d09641', description='null'}-mongo2:27017] INFO  org.mongodb.driver.cluster - Monitor thread successfully connected to server with description ServerDescription{address=mongo2:27017, type=REPLICA_SET_PRIMARY, state=CONNECTED, ok=true, minWireVersion=0, maxWireVersion=25, maxDocumentSize=16777216, logicalSessionTimeoutMinutes=30, roundTripTimeNanos=49299500, setName='rs0', canonicalAddress=mongo1:27017, hosts=[mongo1:27017], passives=[mongo3:27017, mongo2:27017], arbiters=[], primary='mongo1:27017', tagSet=TagSet{[]}, electionId=7fffffff00000000000000f7, setVersion=1, topologyVersion=TopologyVersion{processId=6750545c33ed055bb0fd0f23, counter=6}, lastWriteDate=Wed Dec 04 22:17:46 CST 2024, lastUpdateTimeNanos=47058547541200}
2024-12-04 22:17:46.539 [cluster-ClusterId{value='6750647606b2de2102d09641', description='null'}-mongo2:27017] INFO  org.mongodb.driver.cluster - Rediscovering type of existing primary mongo1:27017
2024-12-04 22:17:46.539 [cluster-ClusterId{value='6750647606b2de2102d09641', description='null'}-mongo2:27017] INFO  org.mongodb.driver.cluster - Discovered replica set primary mongo2:27017 with max election id 7fffffff00000000000000f7 and max set version 1
2024-12-04 22:17:46.582 [cluster-ClusterId{value='6750647606b2de2102d09641', description='null'}-mongo1:27017] INFO  org.mongodb.driver.cluster - Rediscovering type of existing primary mongo2:27017
2024-12-04 22:17:46.582 [cluster-ClusterId{value='6750647606b2de2102d09641', description='null'}-mongo1:27017] INFO  org.mongodb.driver.cluster - Discovered replica set primary mongo1:27017 with max election id 7fffffff00000000000000f7 and max set version 1
2024-12-04 22:17:46.689 [cluster-ClusterId{value='675063e906b2de2102d09638', description='null'}-mongo3:27017] INFO  org.mongodb.driver.cluster - Rediscovering type of existing primary mongo2:27017
2024-12-04 22:17:46.690 [cluster-ClusterId{value='675063e906b2de2102d09638', description='null'}-mongo3:27017] INFO  org.mongodb.driver.cluster - Discovered replica set primary mongo3:27017 with max election id 7fffffff00000000000000f7 and max set version 1
2024-12-04 22:17:46.692 [cluster-ClusterId{value='675063e906b2de2102d09638', description='null'}-mongo1:27017] INFO  org.mongodb.driver.cluster - Rediscovering type of existing primary mongo3:27017
2024-12-04 22:17:46.692 [cluster-ClusterId{value='675063e906b2de2102d09638', description='null'}-mongo1:27017] INFO  org.mongodb.driver.cluster - Discovered replica set primary mongo1:27017 with max election id 7fffffff00000000000000f7 and max set version 1
2024-12-04 22:17:49.110 [cluster-ClusterId{value='6750646406b2de2102d09640', description='null'}-mongo3:27017] INFO  org.mongodb.driver.cluster - Monitor thread successfully connected to server with description ServerDescription{address=mongo3:27017, type=REPLICA_SET_PRIMARY, state=CONNECTED, ok=true, minWireVersion=0, maxWireVersion=25, maxDocumentSize=16777216, logicalSessionTimeoutMinutes=30, roundTripTimeNanos=52674400, setName='rs0', canonicalAddress=mongo1:27017, hosts=[mongo1:27017], passives=[mongo3:27017, mongo2:27017], arbiters=[], primary='mongo1:27017', tagSet=TagSet{[]}, electionId=7fffffff00000000000000f7, setVersion=1, topologyVersion=TopologyVersion{processId=6750545c33ed055bb0fd0f23, counter=6}, lastWriteDate=Wed Dec 04 22:17:46 CST 2024, lastUpdateTimeNanos=47061118001800}
2024-12-04 22:17:49.110 [cluster-ClusterId{value='6750646406b2de2102d09640', description='null'}-mongo3:27017] INFO  org.mongodb.driver.cluster - Rediscovering type of existing primary mongo1:27017
2024-12-04 22:17:49.110 [cluster-ClusterId{value='6750646406b2de2102d09640', description='null'}-mongo3:27017] INFO  org.mongodb.driver.cluster - Discovered replica set primary mongo3:27017 with max election id 7fffffff00000000000000f7 and max set version 1
2024-12-04 22:17:49.150 [cluster-ClusterId{value='6750646406b2de2102d09640', description='null'}-mongo2:27017] INFO  org.mongodb.driver.cluster - Rediscovering type of existing primary mongo3:27017
2024-12-04 22:17:49.151 [cluster-ClusterId{value='6750646406b2de2102d09640', description='null'}-mongo2:27017] INFO  org.mongodb.driver.cluster - Discovered replica set primary mongo2:27017 with max election id 7fffffff00000000000000f7 and max set version 1
2024-12-04 22:17:49.169 [cluster-ClusterId{value='6750646406b2de2102d09640', description='null'}-mongo1:27017] INFO  org.mongodb.driver.cluster - Rediscovering type of existing primary mongo2:27017
2024-12-04 22:17:49.169 [cluster-ClusterId{value='6750646406b2de2102d09640', description='null'}-mongo1:27017] INFO  org.mongodb.driver.cluster - Discovered replica set primary mongo1:27017 with max election id 7fffffff00000000000000f7 and max set version 1
2024-12-04 22:17:50.056 [main] INFO  o.a.r.s.autoconfigure.RocketMQAutoConfiguration - a producer (goods-producer) init on namesrv rocketmq-namesrv:9876
2024-12-04 22:17:50.345 [main] INFO  o.s.b.test.mock.web.SpringBootMockServletContext - Initializing Spring TestDispatcherServlet ''
2024-12-04 22:17:50.345 [main] INFO  o.s.test.web.servlet.TestDispatcherServlet - Initializing Servlet ''
2024-12-04 22:17:50.348 [main] INFO  o.s.b.actuate.endpoint.web.EndpointLinksResolver - Exposing 19 endpoints beneath base path '/actuator'
2024-12-04 22:17:50.355 [main] INFO  o.s.test.web.servlet.TestDispatcherServlet - Completed initialization in 10 ms
2024-12-04 22:17:50.765 [main] WARN  o.s.c.l.c.LoadBalancerCacheAutoConfiguration$LoadBalancerCaffeineWarnLogger - Spring Cloud LoadBalancer is currently working with the default cache. While this cache implementation is useful for development and tests, it's recommended to use Caffeine cache in production.You can switch to using Caffeine cache, by adding it and org.springframework.cache.caffeine.CaffeineCacheManager to the classpath.
2024-12-04 22:17:50.834 [main] INFO  cn.edu.xmu.oomall.product.dao.GrouponActDaoTest - Started GrouponActDaoTest in 8.952 seconds (process running for 207.402)
2024-12-04 22:17:50.835 [main] DEBUG cn.edu.xmu.javaee.core.util.JwtHelper - createToken:
2024-12-04 22:17:50.835 [main] DEBUG cn.edu.xmu.javaee.core.util.JwtHelper - createToken: userId = 1 userName=13088admin departId=0 tokenId:202412042217508O8A
2024-12-04 22:17:50.835 [main] INFO  cn.edu.xmu.oomall.product.config.StartupRunner - admin token = eyJ0eXAiOiJKV1QiLCJhbGciOiJIUzI1NiJ9.eyJ1c2VySWQiOjEsImRlcGFydElkIjowLCJ0b2tlbklkIjoiMjAyNDEyMDQyMjE3NTA4TzhBIiwidXNlck5hbWUiOiIxMzA4OGFkbWluIiwidXNlckxldmVsIjoxLCJpc3MiOiJPT0FEIiwic3ViIjoidGhpcyBpcyBhIHRva2VuIiwiYXVkIjoiTUlOSUFQUCIsImlhdCI6MTczMzMyMTg3MCwiZXhwIjoxNzMzMzI1NDcwfQ.tZNxLyMGpZl8iI8Q52wEeDinZ6-Dq-SJGicslFV778I
2024-12-04 22:17:50.835 [main] DEBUG cn.edu.xmu.javaee.core.util.JwtHelper - createToken:
2024-12-04 22:17:50.836 [main] DEBUG cn.edu.xmu.javaee.core.util.JwtHelper - createToken: userId = 2 userName=shop1 departId=1 tokenId:202412042217508GXA
2024-12-04 22:17:50.836 [main] INFO  cn.edu.xmu.oomall.product.config.StartupRunner - shop 1 token = eyJ0eXAiOiJKV1QiLCJhbGciOiJIUzI1NiJ9.eyJ1c2VySWQiOjIsImRlcGFydElkIjoxLCJ0b2tlbklkIjoiMjAyNDEyMDQyMjE3NTA4R1hBIiwidXNlck5hbWUiOiJzaG9wMSIsInVzZXJMZXZlbCI6MSwiaXNzIjoiT09BRCIsInN1YiI6InRoaXMgaXMgYSB0b2tlbiIsImF1ZCI6Ik1JTklBUFAiLCJpYXQiOjE3MzMzMjE4NzAsImV4cCI6MTczMzMyNTQ3MH0.T850zQMm2YzWyy8ZQ6JLJVgaqe6Rr1gPGShzQiX0tHE
2024-12-04 22:17:50.836 [main] INFO  com.alibaba.nacos.client.config.impl.CacheData - [fixed-nacos_8848] [add-listener] ok, tenant=, dataId=product-service-prod.yaml, group=DEFAULT_GROUP, cnt=10
2024-12-04 22:17:50.836 [main] INFO  c.a.cloud.nacos.refresh.NacosContextRefresher - [Nacos Config] Listening config: dataId=product-service-prod.yaml, group=DEFAULT_GROUP
2024-12-04 22:17:50.836 [main] INFO  com.alibaba.nacos.client.config.impl.CacheData - [fixed-nacos_8848] [add-listener] ok, tenant=, dataId=product-service, group=DEFAULT_GROUP, cnt=10
2024-12-04 22:17:50.836 [main] INFO  c.a.cloud.nacos.refresh.NacosContextRefresher - [Nacos Config] Listening config: dataId=product-service, group=DEFAULT_GROUP
2024-12-04 22:17:50.836 [main] INFO  com.alibaba.nacos.client.config.impl.CacheData - [fixed-nacos_8848] [add-listener] ok, tenant=, dataId=product-service.yaml, group=DEFAULT_GROUP, cnt=10
2024-12-04 22:17:50.836 [main] INFO  c.a.cloud.nacos.refresh.NacosContextRefresher - [Nacos Config] Listening config: dataId=product-service.yaml, group=DEFAULT_GROUP
2024-12-04 22:17:51.740 [cluster-ClusterId{value='6750645306b2de2102d0963e', description='null'}-mongo2:27017] INFO  org.mongodb.driver.cluster - Rediscovering type of existing primary mongo1:27017
2024-12-04 22:17:51.740 [cluster-ClusterId{value='6750645306b2de2102d0963e', description='null'}-mongo2:27017] INFO  org.mongodb.driver.cluster - Discovered replica set primary mongo2:27017 with max election id 7fffffff00000000000000f7 and max set version 1
2024-12-04 22:17:51.752 [cluster-ClusterId{value='6750645306b2de2102d0963e', description='null'}-mongo3:27017] INFO  org.mongodb.driver.cluster - Rediscovering type of existing primary mongo2:27017
2024-12-04 22:17:51.752 [cluster-ClusterId{value='6750645306b2de2102d0963e', description='null'}-mongo3:27017] INFO  org.mongodb.driver.cluster - Discovered replica set primary mongo3:27017 with max election id 7fffffff00000000000000f7 and max set version 1
2024-12-04 22:17:51.767 [cluster-ClusterId{value='6750645306b2de2102d0963e', description='null'}-mongo1:27017] INFO  org.mongodb.driver.cluster - Rediscovering type of existing primary mongo3:27017
2024-12-04 22:17:51.768 [cluster-ClusterId{value='6750645306b2de2102d0963e', description='null'}-mongo1:27017] INFO  org.mongodb.driver.cluster - Discovered replica set primary mongo1:27017 with max election id 7fffffff00000000000000f7 and max set version 1
2024-12-04 22:17:52.749 [cluster-ClusterId{value='675063fa06b2de2102d09639', description='null'}-mongo3:27017] INFO  org.mongodb.driver.cluster - Rediscovering type of existing primary mongo2:27017
2024-12-04 22:17:52.750 [cluster-ClusterId{value='675063fa06b2de2102d09639', description='null'}-mongo3:27017] INFO  org.mongodb.driver.cluster - Discovered replica set primary mongo3:27017 with max election id 7fffffff00000000000000f7 and max set version 1
2024-12-04 22:17:52.770 [cluster-ClusterId{value='675063fa06b2de2102d09639', description='null'}-mongo1:27017] INFO  org.mongodb.driver.cluster - Rediscovering type of existing primary mongo3:27017
2024-12-04 22:17:52.771 [cluster-ClusterId{value='675063fa06b2de2102d09639', description='null'}-mongo1:27017] INFO  org.mongodb.driver.cluster - Discovered replica set primary mongo1:27017 with max election id 7fffffff00000000000000f7 and max set version 1
2024-12-04 22:17:52.800 [cluster-ClusterId{value='675063fa06b2de2102d09639', description='null'}-mongo2:27017] INFO  org.mongodb.driver.cluster - Rediscovering type of existing primary mongo1:27017
2024-12-04 22:17:52.800 [cluster-ClusterId{value='675063fa06b2de2102d09639', description='null'}-mongo2:27017] INFO  org.mongodb.driver.cluster - Discovered replica set primary mongo2:27017 with max election id 7fffffff00000000000000f7 and max set version 1
2024-12-04 22:17:52.982 [cluster-ClusterId{value='6750642206b2de2102d0963c', description='null'}-mongo2:27017] INFO  org.mongodb.driver.cluster - Rediscovering type of existing primary mongo1:27017
2024-12-04 22:17:52.982 [cluster-ClusterId{value='6750642206b2de2102d0963c', description='null'}-mongo2:27017] INFO  org.mongodb.driver.cluster - Discovered replica set primary mongo2:27017 with max election id 7fffffff00000000000000f7 and max set version 1
2024-12-04 22:17:52.982 [cluster-ClusterId{value='6750642206b2de2102d0963c', description='null'}-mongo3:27017] INFO  org.mongodb.driver.cluster - Rediscovering type of existing primary mongo2:27017
2024-12-04 22:17:52.982 [cluster-ClusterId{value='6750642206b2de2102d0963c', description='null'}-mongo3:27017] INFO  org.mongodb.driver.cluster - Discovered replica set primary mongo3:27017 with max election id 7fffffff00000000000000f7 and max set version 1
2024-12-04 22:17:52.982 [cluster-ClusterId{value='6750642206b2de2102d0963c', description='null'}-mongo1:27017] INFO  org.mongodb.driver.cluster - Rediscovering type of existing primary mongo3:27017
2024-12-04 22:17:52.982 [cluster-ClusterId{value='6750642206b2de2102d0963c', description='null'}-mongo1:27017] INFO  org.mongodb.driver.cluster - Discovered replica set primary mongo1:27017 with max election id 7fffffff00000000000000f7 and max set version 1
2024-12-04 22:17:53.348 [cluster-ClusterId{value='6750647d06b2de2102d09642', description='null'}-mongo2:27017] INFO  org.mongodb.driver.cluster - Monitor thread successfully connected to server with description ServerDescription{address=mongo2:27017, type=REPLICA_SET_PRIMARY, state=CONNECTED, ok=true, minWireVersion=0, maxWireVersion=25, maxDocumentSize=16777216, logicalSessionTimeoutMinutes=30, roundTripTimeNanos=48120600, setName='rs0', canonicalAddress=mongo1:27017, hosts=[mongo1:27017], passives=[mongo3:27017, mongo2:27017], arbiters=[], primary='mongo1:27017', tagSet=TagSet{[]}, electionId=7fffffff00000000000000f7, setVersion=1, topologyVersion=TopologyVersion{processId=6750545c33ed055bb0fd0f23, counter=6}, lastWriteDate=Wed Dec 04 22:17:46 CST 2024, lastUpdateTimeNanos=47065355843000}
2024-12-04 22:17:53.349 [cluster-ClusterId{value='6750647d06b2de2102d09642', description='null'}-mongo2:27017] INFO  org.mongodb.driver.cluster - Rediscovering type of existing primary mongo1:27017
2024-12-04 22:17:53.349 [cluster-ClusterId{value='6750647d06b2de2102d09642', description='null'}-mongo2:27017] INFO  org.mongodb.driver.cluster - Discovered replica set primary mongo2:27017 with max election id 7fffffff00000000000000f7 and max set version 1
2024-12-04 22:17:53.401 [cluster-ClusterId{value='6750647d06b2de2102d09642', description='null'}-mongo1:27017] INFO  org.mongodb.driver.cluster - Rediscovering type of existing primary mongo2:27017
2024-12-04 22:17:53.401 [cluster-ClusterId{value='6750647d06b2de2102d09642', description='null'}-mongo1:27017] INFO  org.mongodb.driver.cluster - Discovered replica set primary mongo1:27017 with max election id 7fffffff00000000000000f7 and max set version 1
2024-12-04 22:17:53.924 [cluster-ClusterId{value='6750642d06b2de2102d0963d', description='null'}-mongo1:27017] INFO  org.mongodb.driver.cluster - Rediscovering type of existing primary mongo3:27017
2024-12-04 22:17:53.925 [cluster-ClusterId{value='6750642d06b2de2102d0963d', description='null'}-mongo1:27017] INFO  org.mongodb.driver.cluster - Discovered replica set primary mongo1:27017 with max election id 7fffffff00000000000000f7 and max set version 1
2024-12-04 22:17:53.935 [cluster-ClusterId{value='6750642d06b2de2102d0963d', description='null'}-mongo3:27017] INFO  org.mongodb.driver.cluster - Rediscovering type of existing primary mongo1:27017
2024-12-04 22:17:53.935 [cluster-ClusterId{value='6750642d06b2de2102d0963d', description='null'}-mongo3:27017] INFO  org.mongodb.driver.cluster - Discovered replica set primary mongo3:27017 with max election id 7fffffff00000000000000f7 and max set version 1
2024-12-04 22:17:54.305 [cluster-ClusterId{value='6750648806b2de2102d09643', description='null'}-mongo3:27017] INFO  org.mongodb.driver.cluster - Exception in monitor thread while connecting to server mongo3:27017
com.mongodb.MongoSocketOpenException: Exception opening socket
	at com.mongodb.internal.connection.SocketStream.lambda$open$0(SocketStream.java:86)
	at java.base/java.util.Optional.orElseThrow(Optional.java:403)
	at com.mongodb.internal.connection.SocketStream.open(SocketStream.java:86)
	at com.mongodb.internal.connection.InternalStreamConnection.open(InternalStreamConnection.java:201)
	at com.mongodb.internal.connection.DefaultServerMonitor$ServerMonitorRunnable.lookupServerDescription(DefaultServerMonitor.java:193)
	at com.mongodb.internal.connection.DefaultServerMonitor$ServerMonitorRunnable.run(DefaultServerMonitor.java:153)
	at java.base/java.lang.Thread.run(Thread.java:842)
Caused by: java.net.SocketTimeoutException: Connect timed out
	at java.base/sun.nio.ch.NioSocketImpl.timedFinishConnect(NioSocketImpl.java:551)
	at java.base/sun.nio.ch.NioSocketImpl.connect(NioSocketImpl.java:602)
	at java.base/java.net.SocksSocketImpl.connect(SocksSocketImpl.java:327)
	at java.base/java.net.Socket.connect(Socket.java:633)
	at com.mongodb.internal.connection.SocketStreamHelper.initialize(SocketStreamHelper.java:76)
	at com.mongodb.internal.connection.SocketStream.initializeSocket(SocketStream.java:105)
	at com.mongodb.internal.connection.SocketStream.open(SocketStream.java:80)
	... 4 common frames omitted
2024-12-04 22:17:54.440 [cluster-ClusterId{value='6750648806b2de2102d09643', description='null'}-mongo1:27017] INFO  org.mongodb.driver.cluster - Rediscovering type of existing primary mongo2:27017
2024-12-04 22:17:54.441 [cluster-ClusterId{value='6750648806b2de2102d09643', description='null'}-mongo1:27017] INFO  org.mongodb.driver.cluster - Discovered replica set primary mongo1:27017 with max election id 7fffffff00000000000000f7 and max set version 1
2024-12-04 22:17:54.458 [cluster-ClusterId{value='6750648806b2de2102d09643', description='null'}-mongo2:27017] INFO  org.mongodb.driver.cluster - Rediscovering type of existing primary mongo1:27017
2024-12-04 22:17:54.458 [cluster-ClusterId{value='6750648806b2de2102d09643', description='null'}-mongo2:27017] INFO  org.mongodb.driver.cluster - Discovered replica set primary mongo2:27017 with max election id 7fffffff00000000000000f7 and max set version 1
2024-12-04 22:17:55.953 [cluster-ClusterId{value='6750640706b2de2102d0963a', description='null'}-mongo1:27017] INFO  org.mongodb.driver.cluster - Rediscovering type of existing primary mongo3:27017
2024-12-04 22:17:55.953 [cluster-ClusterId{value='6750640706b2de2102d0963a', description='null'}-mongo1:27017] INFO  org.mongodb.driver.cluster - Discovered replica set primary mongo1:27017 with max election id 7fffffff00000000000000f7 and max set version 1
2024-12-04 22:17:55.954 [cluster-ClusterId{value='6750640706b2de2102d0963a', description='null'}-mongo2:27017] INFO  org.mongodb.driver.cluster - Rediscovering type of existing primary mongo1:27017
2024-12-04 22:17:55.954 [cluster-ClusterId{value='6750640706b2de2102d0963a', description='null'}-mongo2:27017] INFO  org.mongodb.driver.cluster - Discovered replica set primary mongo2:27017 with max election id 7fffffff00000000000000f7 and max set version 1
2024-12-04 22:17:56.529 [cluster-ClusterId{value='675063e906b2de2102d09638', description='null'}-mongo2:27017] INFO  org.mongodb.driver.cluster - Rediscovering type of existing primary mongo1:27017
2024-12-04 22:17:56.529 [cluster-ClusterId{value='675063e906b2de2102d09638', description='null'}-mongo2:27017] INFO  org.mongodb.driver.cluster - Discovered replica set primary mongo2:27017 with max election id 7fffffff00000000000000f7 and max set version 1
2024-12-04 22:17:56.590 [cluster-ClusterId{value='6750647606b2de2102d09641', description='null'}-mongo2:27017] INFO  org.mongodb.driver.cluster - Rediscovering type of existing primary mongo1:27017
2024-12-04 22:17:56.590 [cluster-ClusterId{value='6750647606b2de2102d09641', description='null'}-mongo2:27017] INFO  org.mongodb.driver.cluster - Discovered replica set primary mongo2:27017 with max election id 7fffffff00000000000000f7 and max set version 1
2024-12-04 22:17:56.699 [cluster-ClusterId{value='675063e906b2de2102d09638', description='null'}-mongo3:27017] INFO  org.mongodb.driver.cluster - Rediscovering type of existing primary mongo2:27017
2024-12-04 22:17:56.699 [cluster-ClusterId{value='675063e906b2de2102d09638', description='null'}-mongo3:27017] INFO  org.mongodb.driver.cluster - Discovered replica set primary mongo3:27017 with max election id 7fffffff00000000000000f7 and max set version 1
2024-12-04 22:17:56.700 [cluster-ClusterId{value='675063e906b2de2102d09638', description='null'}-mongo1:27017] INFO  org.mongodb.driver.cluster - Rediscovering type of existing primary mongo3:27017
2024-12-04 22:17:56.700 [cluster-ClusterId{value='675063e906b2de2102d09638', description='null'}-mongo1:27017] INFO  org.mongodb.driver.cluster - Discovered replica set primary mongo1:27017 with max election id 7fffffff00000000000000f7 and max set version 1
2024-12-04 22:17:59.229 [cluster-ClusterId{value='6750646406b2de2102d09640', description='null'}-mongo3:27017] INFO  org.mongodb.driver.cluster - Rediscovering type of existing primary mongo1:27017
2024-12-04 22:17:59.229 [cluster-ClusterId{value='6750646406b2de2102d09640', description='null'}-mongo3:27017] INFO  org.mongodb.driver.cluster - Discovered replica set primary mongo3:27017 with max election id 7fffffff00000000000000f7 and max set version 1
2024-12-04 22:17:59.229 [cluster-ClusterId{value='6750646406b2de2102d09640', description='null'}-mongo2:27017] INFO  org.mongodb.driver.cluster - Rediscovering type of existing primary mongo3:27017
2024-12-04 22:17:59.230 [cluster-ClusterId{value='6750646406b2de2102d09640', description='null'}-mongo2:27017] INFO  org.mongodb.driver.cluster - Discovered replica set primary mongo2:27017 with max election id 7fffffff00000000000000f7 and max set version 1
2024-12-04 22:18:00.911 [main] INFO  org.mongodb.driver.cluster - Waiting for server to become available for operation with ID 343. Remaining time: 30000 ms. Selector: ReadPreferenceServerSelector{readPreference=ReadPreference{name=nearest, hedgeOptions=null}}, topology description: {type=REPLICA_SET, servers=[{address=mongo3:27017, type=UNKNOWN, state=CONNECTING, exception={com.mongodb.MongoSocketOpenException: Exception opening socket}, caused by {java.net.SocketTimeoutException: Connect timed out}}, {address=mongo2:27017, type=UNKNOWN, state=CONNECTING, exception={com.mongodb.MongoSocketOpenException: Exception opening socket}, caused by {java.net.SocketTimeoutException: Connect timed out}}, {address=mongo1:27017, type=UNKNOWN, state=CONNECTING}].
2024-12-04 22:18:01.034 [cluster-ClusterId{value='6750648806b2de2102d09643', description='null'}-mongo3:27017] INFO  org.mongodb.driver.cluster - Monitor thread successfully connected to server with description ServerDescription{address=mongo3:27017, type=REPLICA_SET_PRIMARY, state=CONNECTED, ok=true, minWireVersion=0, maxWireVersion=25, maxDocumentSize=16777216, logicalSessionTimeoutMinutes=30, roundTripTimeNanos=48700600, setName='rs0', canonicalAddress=mongo1:27017, hosts=[mongo1:27017], passives=[mongo3:27017, mongo2:27017], arbiters=[], primary='mongo1:27017', tagSet=TagSet{[]}, electionId=7fffffff00000000000000f7, setVersion=1, topologyVersion=TopologyVersion{processId=6750545c33ed055bb0fd0f23, counter=6}, lastWriteDate=Wed Dec 04 22:17:56 CST 2024, lastUpdateTimeNanos=47073041330700}
2024-12-04 22:18:01.034 [cluster-ClusterId{value='6750648806b2de2102d09643', description='null'}-mongo3:27017] INFO  org.mongodb.driver.cluster - Discovered replica set primary mongo3:27017 with max election id 7fffffff00000000000000f7 and max set version 1
2024-12-04 22:18:01.514 [cluster-ClusterId{value='6750648806b2de2102d09643', description='null'}-mongo2:27017] INFO  org.mongodb.driver.cluster - Monitor thread successfully connected to server with description ServerDescription{address=mongo2:27017, type=REPLICA_SET_PRIMARY, state=CONNECTED, ok=true, minWireVersion=0, maxWireVersion=25, maxDocumentSize=16777216, logicalSessionTimeoutMinutes=30, roundTripTimeNanos=48446400, setName='rs0', canonicalAddress=mongo1:27017, hosts=[mongo1:27017], passives=[mongo3:27017, mongo2:27017], arbiters=[], primary='mongo1:27017', tagSet=TagSet{[]}, electionId=7fffffff00000000000000f7, setVersion=1, topologyVersion=TopologyVersion{processId=6750545c33ed055bb0fd0f23, counter=6}, lastWriteDate=Wed Dec 04 22:17:56 CST 2024, lastUpdateTimeNanos=47073523016800}
2024-12-04 22:18:01.515 [cluster-ClusterId{value='6750648806b2de2102d09643', description='null'}-mongo2:27017] INFO  org.mongodb.driver.cluster - Rediscovering type of existing primary mongo3:27017
2024-12-04 22:18:01.515 [cluster-ClusterId{value='6750648806b2de2102d09643', description='null'}-mongo2:27017] INFO  org.mongodb.driver.cluster - Discovered replica set primary mongo2:27017 with max election id 7fffffff00000000000000f7 and max set version 1
2024-12-04 22:18:01.749 [cluster-ClusterId{value='6750645306b2de2102d0963e', description='null'}-mongo2:27017] INFO  org.mongodb.driver.cluster - Rediscovering type of existing primary mongo1:27017
2024-12-04 22:18:01.749 [cluster-ClusterId{value='6750645306b2de2102d0963e', description='null'}-mongo2:27017] INFO  org.mongodb.driver.cluster - Discovered replica set primary mongo2:27017 with max election id 7fffffff00000000000000f7 and max set version 1
2024-12-04 22:18:01.762 [cluster-ClusterId{value='6750645306b2de2102d0963e', description='null'}-mongo3:27017] INFO  org.mongodb.driver.cluster - Rediscovering type of existing primary mongo2:27017
2024-12-04 22:18:01.762 [cluster-ClusterId{value='6750645306b2de2102d0963e', description='null'}-mongo3:27017] INFO  org.mongodb.driver.cluster - Discovered replica set primary mongo3:27017 with max election id 7fffffff00000000000000f7 and max set version 1
2024-12-04 22:18:01.779 [cluster-ClusterId{value='6750645306b2de2102d0963e', description='null'}-mongo1:27017] INFO  org.mongodb.driver.cluster - Rediscovering type of existing primary mongo3:27017
2024-12-04 22:18:01.779 [cluster-ClusterId{value='6750645306b2de2102d0963e', description='null'}-mongo1:27017] INFO  org.mongodb.driver.cluster - Discovered replica set primary mongo1:27017 with max election id 7fffffff00000000000000f7 and max set version 1
2024-12-04 22:18:02.755 [cluster-ClusterId{value='675063fa06b2de2102d09639', description='null'}-mongo3:27017] INFO  org.mongodb.driver.cluster - Rediscovering type of existing primary mongo2:27017
2024-12-04 22:18:02.755 [cluster-ClusterId{value='675063fa06b2de2102d09639', description='null'}-mongo3:27017] INFO  org.mongodb.driver.cluster - Discovered replica set primary mongo3:27017 with max election id 7fffffff00000000000000f7 and max set version 1
2024-12-04 22:18:02.781 [cluster-ClusterId{value='675063fa06b2de2102d09639', description='null'}-mongo1:27017] INFO  org.mongodb.driver.cluster - Rediscovering type of existing primary mongo3:27017
2024-12-04 22:18:02.791 [cluster-ClusterId{value='675063fa06b2de2102d09639', description='null'}-mongo1:27017] INFO  org.mongodb.driver.cluster - Discovered replica set primary mongo1:27017 with max election id 7fffffff00000000000000f7 and max set version 1
2024-12-04 22:18:02.801 [cluster-ClusterId{value='675063fa06b2de2102d09639', description='null'}-mongo2:27017] INFO  org.mongodb.driver.cluster - Rediscovering type of existing primary mongo1:27017
2024-12-04 22:18:02.801 [cluster-ClusterId{value='675063fa06b2de2102d09639', description='null'}-mongo2:27017] INFO  org.mongodb.driver.cluster - Discovered replica set primary mongo2:27017 with max election id 7fffffff00000000000000f7 and max set version 1
2024-12-04 22:18:03.017 [cluster-ClusterId{value='6750642206b2de2102d0963c', description='null'}-mongo3:27017] INFO  org.mongodb.driver.cluster - Rediscovering type of existing primary mongo1:27017
2024-12-04 22:18:03.017 [cluster-ClusterId{value='6750642206b2de2102d0963c', description='null'}-mongo3:27017] INFO  org.mongodb.driver.cluster - Discovered replica set primary mongo3:27017 with max election id 7fffffff00000000000000f7 and max set version 1
2024-12-04 22:18:03.017 [cluster-ClusterId{value='6750642206b2de2102d0963c', description='null'}-mongo1:27017] INFO  org.mongodb.driver.cluster - Rediscovering type of existing primary mongo3:27017
2024-12-04 22:18:03.017 [cluster-ClusterId{value='6750642206b2de2102d0963c', description='null'}-mongo1:27017] INFO  org.mongodb.driver.cluster - Discovered replica set primary mongo1:27017 with max election id 7fffffff00000000000000f7 and max set version 1
2024-12-04 22:18:03.018 [cluster-ClusterId{value='6750642206b2de2102d0963c', description='null'}-mongo2:27017] INFO  org.mongodb.driver.cluster - Rediscovering type of existing primary mongo1:27017
2024-12-04 22:18:03.018 [cluster-ClusterId{value='6750642206b2de2102d0963c', description='null'}-mongo2:27017] INFO  org.mongodb.driver.cluster - Discovered replica set primary mongo2:27017 with max election id 7fffffff00000000000000f7 and max set version 1
2024-12-04 22:18:03.405 [cluster-ClusterId{value='6750647d06b2de2102d09642', description='null'}-mongo2:27017] INFO  org.mongodb.driver.cluster - Rediscovering type of existing primary mongo1:27017
2024-12-04 22:18:03.406 [cluster-ClusterId{value='6750647d06b2de2102d09642', description='null'}-mongo2:27017] INFO  org.mongodb.driver.cluster - Discovered replica set primary mongo2:27017 with max election id 7fffffff00000000000000f7 and max set version 1
2024-12-04 22:18:03.407 [cluster-ClusterId{value='6750647d06b2de2102d09642', description='null'}-mongo1:27017] INFO  org.mongodb.driver.cluster - Rediscovering type of existing primary mongo2:27017
2024-12-04 22:18:03.407 [cluster-ClusterId{value='6750647d06b2de2102d09642', description='null'}-mongo1:27017] INFO  org.mongodb.driver.cluster - Discovered replica set primary mongo1:27017 with max election id 7fffffff00000000000000f7 and max set version 1
2024-12-04 22:18:03.963 [cluster-ClusterId{value='6750642d06b2de2102d0963d', description='null'}-mongo1:27017] INFO  org.mongodb.driver.cluster - Rediscovering type of existing primary mongo3:27017
2024-12-04 22:18:03.963 [cluster-ClusterId{value='6750642d06b2de2102d0963d', description='null'}-mongo1:27017] INFO  org.mongodb.driver.cluster - Discovered replica set primary mongo1:27017 with max election id 7fffffff00000000000000f7 and max set version 1
2024-12-04 22:18:04.445 [cluster-ClusterId{value='6750648806b2de2102d09643', description='null'}-mongo1:27017] INFO  org.mongodb.driver.cluster - Rediscovering type of existing primary mongo2:27017
2024-12-04 22:18:04.445 [cluster-ClusterId{value='6750648806b2de2102d09643', description='null'}-mongo1:27017] INFO  org.mongodb.driver.cluster - Discovered replica set primary mongo1:27017 with max election id 7fffffff00000000000000f7 and max set version 1
2024-12-04 22:18:05.912 [cluster-ClusterId{value='6750640706b2de2102d0963a', description='null'}-mongo1:27017] INFO  org.mongodb.driver.cluster - Rediscovering type of existing primary mongo2:27017
2024-12-04 22:18:05.913 [cluster-ClusterId{value='6750640706b2de2102d0963a', description='null'}-mongo1:27017] INFO  org.mongodb.driver.cluster - Discovered replica set primary mongo1:27017 with max election id 7fffffff00000000000000f7 and max set version 1
2024-12-04 22:18:05.928 [cluster-ClusterId{value='6750640706b2de2102d0963a', description='null'}-mongo2:27017] INFO  org.mongodb.driver.cluster - Rediscovering type of existing primary mongo1:27017
2024-12-04 22:18:05.928 [cluster-ClusterId{value='6750640706b2de2102d0963a', description='null'}-mongo2:27017] INFO  org.mongodb.driver.cluster - Discovered replica set primary mongo2:27017 with max election id 7fffffff00000000000000f7 and max set version 1
2024-12-04 22:18:05.942 [cluster-ClusterId{value='6750640706b2de2102d0963a', description='null'}-mongo3:27017] INFO  org.mongodb.driver.cluster - Rediscovering type of existing primary mongo2:27017
2024-12-04 22:18:05.942 [cluster-ClusterId{value='6750640706b2de2102d0963a', description='null'}-mongo3:27017] INFO  org.mongodb.driver.cluster - Discovered replica set primary mongo3:27017 with max election id 7fffffff00000000000000f7 and max set version 1
2024-12-04 22:18:06.538 [cluster-ClusterId{value='675063e906b2de2102d09638', description='null'}-mongo2:27017] INFO  org.mongodb.driver.cluster - Rediscovering type of existing primary mongo1:27017
2024-12-04 22:18:06.539 [cluster-ClusterId{value='675063e906b2de2102d09638', description='null'}-mongo2:27017] INFO  org.mongodb.driver.cluster - Discovered replica set primary mongo2:27017 with max election id 7fffffff00000000000000f7 and max set version 1
2024-12-04 22:18:06.548 [cluster-ClusterId{value='6750647606b2de2102d09641', description='null'}-mongo3:27017] INFO  org.mongodb.driver.cluster - Monitor thread successfully connected to server with description ServerDescription{address=mongo3:27017, type=REPLICA_SET_PRIMARY, state=CONNECTED, ok=true, minWireVersion=0, maxWireVersion=25, maxDocumentSize=16777216, logicalSessionTimeoutMinutes=30, roundTripTimeNanos=48850300, setName='rs0', canonicalAddress=mongo1:27017, hosts=[mongo1:27017], passives=[mongo3:27017, mongo2:27017], arbiters=[], primary='mongo1:27017', tagSet=TagSet{[]}, electionId=7fffffff00000000000000f7, setVersion=1, topologyVersion=TopologyVersion{processId=6750545c33ed055bb0fd0f23, counter=6}, lastWriteDate=Wed Dec 04 22:18:06 CST 2024, lastUpdateTimeNanos=47078556280400}
2024-12-04 22:18:06.549 [cluster-ClusterId{value='6750647606b2de2102d09641', description='null'}-mongo3:27017] INFO  org.mongodb.driver.cluster - Rediscovering type of existing primary mongo2:27017
2024-12-04 22:18:06.549 [cluster-ClusterId{value='6750647606b2de2102d09641', description='null'}-mongo3:27017] INFO  org.mongodb.driver.cluster - Discovered replica set primary mongo3:27017 with max election id 7fffffff00000000000000f7 and max set version 1
2024-12-04 22:18:06.591 [cluster-ClusterId{value='6750647606b2de2102d09641', description='null'}-mongo2:27017] INFO  org.mongodb.driver.cluster - Rediscovering type of existing primary mongo3:27017
2024-12-04 22:18:06.591 [cluster-ClusterId{value='6750647606b2de2102d09641', description='null'}-mongo2:27017] INFO  org.mongodb.driver.cluster - Discovered replica set primary mongo2:27017 with max election id 7fffffff00000000000000f7 and max set version 1
2024-12-04 22:18:06.597 [cluster-ClusterId{value='6750647606b2de2102d09641', description='null'}-mongo1:27017] INFO  org.mongodb.driver.cluster - Rediscovering type of existing primary mongo2:27017
2024-12-04 22:18:06.599 [cluster-ClusterId{value='6750647606b2de2102d09641', description='null'}-mongo1:27017] INFO  org.mongodb.driver.cluster - Discovered replica set primary mongo1:27017 with max election id 7fffffff00000000000000f7 and max set version 1
2024-12-04 22:18:06.711 [cluster-ClusterId{value='675063e906b2de2102d09638', description='null'}-mongo3:27017] INFO  org.mongodb.driver.cluster - Rediscovering type of existing primary mongo2:27017
2024-12-04 22:18:06.711 [cluster-ClusterId{value='675063e906b2de2102d09638', description='null'}-mongo3:27017] INFO  org.mongodb.driver.cluster - Discovered replica set primary mongo3:27017 with max election id 7fffffff00000000000000f7 and max set version 1
2024-12-04 22:18:06.711 [cluster-ClusterId{value='675063e906b2de2102d09638', description='null'}-mongo1:27017] INFO  org.mongodb.driver.cluster - Rediscovering type of existing primary mongo3:27017
2024-12-04 22:18:06.711 [cluster-ClusterId{value='675063e906b2de2102d09638', description='null'}-mongo1:27017] INFO  org.mongodb.driver.cluster - Discovered replica set primary mongo1:27017 with max election id 7fffffff00000000000000f7 and max set version 1
2024-12-04 22:18:09.169 [cluster-ClusterId{value='6750646406b2de2102d09640', description='null'}-mongo3:27017] INFO  org.mongodb.driver.cluster - Rediscovering type of existing primary mongo2:27017
2024-12-04 22:18:09.170 [cluster-ClusterId{value='6750646406b2de2102d09640', description='null'}-mongo3:27017] INFO  org.mongodb.driver.cluster - Discovered replica set primary mongo3:27017 with max election id 7fffffff00000000000000f7 and max set version 1
2024-12-04 22:18:09.191 [cluster-ClusterId{value='6750646406b2de2102d09640', description='null'}-mongo1:27017] INFO  org.mongodb.driver.cluster - Rediscovering type of existing primary mongo3:27017
2024-12-04 22:18:09.192 [cluster-ClusterId{value='6750646406b2de2102d09640', description='null'}-mongo1:27017] INFO  org.mongodb.driver.cluster - Discovered replica set primary mongo1:27017 with max election id 7fffffff00000000000000f7 and max set version 1
2024-12-04 22:18:11.038 [main] ERROR cn.edu.xmu.javaee.core.aop.DaoAspect - doAround: obj = cn.edu.xmu.oomall.product.dao.activity.GrouponActDao@6e549c96, method = getActivity, e = {}
org.springframework.dao.DataAccessResourceFailureException: Exception opening socket
	at org.springframework.data.mongodb.core.MongoExceptionTranslator.translateExceptionIfPossible(MongoExceptionTranslator.java:78)
	at org.springframework.data.mongodb.core.MongoTemplate.potentiallyConvertRuntimeException(MongoTemplate.java:3008)
	at org.springframework.data.mongodb.core.MongoTemplate.executeFindOneInternal(MongoTemplate.java:2891)
	at org.springframework.data.mongodb.core.MongoTemplate.doFindOne(MongoTemplate.java:2546)
	at org.springframework.data.mongodb.core.MongoTemplate.findOne(MongoTemplate.java:819)
	at org.springframework.data.mongodb.repository.support.SimpleMongoRepository.findById(SimpleMongoRepository.java:127)
	at jdk.internal.reflect.GeneratedMethodAccessor120.invoke(Unknown Source)
	at java.base/jdk.internal.reflect.DelegatingMethodAccessorImpl.invoke(DelegatingMethodAccessorImpl.java:43)
	at java.base/java.lang.reflect.Method.invoke(Method.java:568)
	at org.springframework.aop.support.AopUtils.invokeJoinpointUsingReflection(AopUtils.java:355)
	at org.springframework.data.repository.core.support.RepositoryMethodInvoker$RepositoryFragmentMethodInvoker.lambda$new$0(RepositoryMethodInvoker.java:277)
	at org.springframework.data.repository.core.support.RepositoryMethodInvoker.doInvoke(RepositoryMethodInvoker.java:170)
	at org.springframework.data.repository.core.support.RepositoryMethodInvoker.invoke(RepositoryMethodInvoker.java:158)
	at org.springframework.data.repository.core.support.RepositoryComposition$RepositoryFragments.invoke(RepositoryComposition.java:516)
	at org.springframework.data.repository.core.support.RepositoryComposition.invoke(RepositoryComposition.java:285)
	at org.springframework.data.repository.core.support.RepositoryFactorySupport$ImplementationMethodExecutionInterceptor.invoke(RepositoryFactorySupport.java:628)
	at org.springframework.aop.framework.ReflectiveMethodInvocation.proceed(ReflectiveMethodInvocation.java:184)
	at org.springframework.data.repository.core.support.QueryExecutorMethodInterceptor.doInvoke(QueryExecutorMethodInterceptor.java:173)
	at org.springframework.data.repository.core.support.QueryExecutorMethodInterceptor.invoke(QueryExecutorMethodInterceptor.java:148)
	at org.springframework.aop.framework.ReflectiveMethodInvocation.proceed(ReflectiveMethodInvocation.java:184)
	at org.springframework.data.projection.DefaultMethodInvokingMethodInterceptor.invoke(DefaultMethodInvokingMethodInterceptor.java:70)
	at org.springframework.aop.framework.ReflectiveMethodInvocation.proceed(ReflectiveMethodInvocation.java:184)
	at org.springframework.data.mongodb.repository.support.CrudMethodMetadataPostProcessor$CrudMethodMetadataPopulatingMethodInterceptor.invoke(CrudMethodMetadataPostProcessor.java:158)
	at org.springframework.aop.framework.ReflectiveMethodInvocation.proceed(ReflectiveMethodInvocation.java:184)
	at org.springframework.aop.interceptor.ExposeInvocationInterceptor.invoke(ExposeInvocationInterceptor.java:97)
	at org.springframework.aop.framework.ReflectiveMethodInvocation.proceed(ReflectiveMethodInvocation.java:184)
	at org.springframework.aop.framework.JdkDynamicAopProxy.invoke(JdkDynamicAopProxy.java:223)
	at jdk.proxy2/jdk.proxy2.$Proxy227.findById(Unknown Source)
	at jdk.internal.reflect.GeneratedMethodAccessor119.invoke(Unknown Source)
	at java.base/jdk.internal.reflect.DelegatingMethodAccessorImpl.invoke(DelegatingMethodAccessorImpl.java:43)
	at java.base/java.lang.reflect.Method.invoke(Method.java:568)
	at org.springframework.aop.support.AopUtils.invokeJoinpointUsingReflection(AopUtils.java:355)
	at org.springframework.aop.framework.ReflectiveMethodInvocation.invokeJoinpoint(ReflectiveMethodInvocation.java:196)
	at org.springframework.aop.framework.ReflectiveMethodInvocation.proceed(ReflectiveMethodInvocation.java:163)
	at org.springframework.dao.support.PersistenceExceptionTranslationInterceptor.invoke(PersistenceExceptionTranslationInterceptor.java:138)
	at org.springframework.aop.framework.ReflectiveMethodInvocation.proceed(ReflectiveMethodInvocation.java:184)
	at org.springframework.aop.framework.JdkDynamicAopProxy.invoke(JdkDynamicAopProxy.java:223)
	at jdk.proxy2/jdk.proxy2.$Proxy227.findById(Unknown Source)
	at cn.edu.xmu.oomall.product.dao.activity.GrouponActDao.getActivity(GrouponActDao.java:39)
	at jdk.internal.reflect.GeneratedMethodAccessor131.invoke(Unknown Source)
	at java.base/jdk.internal.reflect.DelegatingMethodAccessorImpl.invoke(DelegatingMethodAccessorImpl.java:43)
	at java.base/java.lang.reflect.Method.invoke(Method.java:568)
	at org.springframework.aop.support.AopUtils.invokeJoinpointUsingReflection(AopUtils.java:355)
	at org.springframework.aop.framework.ReflectiveMethodInvocation.invokeJoinpoint(ReflectiveMethodInvocation.java:196)
	at org.springframework.aop.framework.ReflectiveMethodInvocation.proceed(ReflectiveMethodInvocation.java:163)
	at org.springframework.aop.framework.CglibAopProxy$CglibMethodInvocation.proceed(CglibAopProxy.java:768)
	at org.springframework.dao.support.PersistenceExceptionTranslationInterceptor.invoke(PersistenceExceptionTranslationInterceptor.java:138)
	at org.springframework.aop.framework.ReflectiveMethodInvocation.proceed(ReflectiveMethodInvocation.java:184)
	at org.springframework.aop.framework.CglibAopProxy$CglibMethodInvocation.proceed(CglibAopProxy.java:768)
	at org.springframework.aop.aspectj.MethodInvocationProceedingJoinPoint.proceed(MethodInvocationProceedingJoinPoint.java:89)
	at cn.edu.xmu.javaee.core.aop.DaoAspect.doAround(DaoAspect.java:29)
	at jdk.internal.reflect.GeneratedMethodAccessor97.invoke(Unknown Source)
	at java.base/jdk.internal.reflect.DelegatingMethodAccessorImpl.invoke(DelegatingMethodAccessorImpl.java:43)
	at java.base/java.lang.reflect.Method.invoke(Method.java:568)
	at org.springframework.aop.aspectj.AbstractAspectJAdvice.invokeAdviceMethodWithGivenArgs(AbstractAspectJAdvice.java:637)
	at org.springframework.aop.aspectj.AbstractAspectJAdvice.invokeAdviceMethod(AbstractAspectJAdvice.java:627)
	at org.springframework.aop.aspectj.AspectJAroundAdvice.invoke(AspectJAroundAdvice.java:71)
	at org.springframework.aop.framework.ReflectiveMethodInvocation.proceed(ReflectiveMethodInvocation.java:184)
	at org.springframework.aop.framework.CglibAopProxy$CglibMethodInvocation.proceed(CglibAopProxy.java:768)
	at org.springframework.aop.interceptor.ExposeInvocationInterceptor.invoke(ExposeInvocationInterceptor.java:97)
	at org.springframework.aop.framework.ReflectiveMethodInvocation.proceed(ReflectiveMethodInvocation.java:184)
	at org.springframework.aop.framework.CglibAopProxy$CglibMethodInvocation.proceed(CglibAopProxy.java:768)
	at org.springframework.aop.framework.CglibAopProxy$DynamicAdvisedInterceptor.intercept(CglibAopProxy.java:720)
	at cn.edu.xmu.oomall.product.dao.activity.GrouponActDao$$SpringCGLIB$$0.getActivity(<generated>)
	at cn.edu.xmu.oomall.product.dao.GrouponActDaoTest.testGetActivityWithWrongObjectId(GrouponActDaoTest.java:41)
	at java.base/jdk.internal.reflect.NativeMethodAccessorImpl.invoke0(Native Method)
	at java.base/jdk.internal.reflect.NativeMethodAccessorImpl.invoke(NativeMethodAccessorImpl.java:77)
	at java.base/jdk.internal.reflect.DelegatingMethodAccessorImpl.invoke(DelegatingMethodAccessorImpl.java:43)
	at java.base/java.lang.reflect.Method.invoke(Method.java:568)
	at org.junit.platform.commons.util.ReflectionUtils.invokeMethod(ReflectionUtils.java:728)
	at org.junit.jupiter.engine.execution.MethodInvocation.proceed(MethodInvocation.java:60)
	at org.junit.jupiter.engine.execution.InvocationInterceptorChain$ValidatingInvocation.proceed(InvocationInterceptorChain.java:131)
	at org.junit.jupiter.engine.extension.TimeoutExtension.intercept(TimeoutExtension.java:156)
	at org.junit.jupiter.engine.extension.TimeoutExtension.interceptTestableMethod(TimeoutExtension.java:147)
	at org.junit.jupiter.engine.extension.TimeoutExtension.interceptTestMethod(TimeoutExtension.java:86)
	at org.junit.jupiter.engine.execution.InterceptingExecutableInvoker$ReflectiveInterceptorCall.lambda$ofVoidMethod$0(InterceptingExecutableInvoker.java:103)
	at org.junit.jupiter.engine.execution.InterceptingExecutableInvoker.lambda$invoke$0(InterceptingExecutableInvoker.java:93)
	at org.junit.jupiter.engine.execution.InvocationInterceptorChain$InterceptedInvocation.proceed(InvocationInterceptorChain.java:106)
	at org.junit.jupiter.engine.execution.InvocationInterceptorChain.proceed(InvocationInterceptorChain.java:64)
	at org.junit.jupiter.engine.execution.InvocationInterceptorChain.chainAndInvoke(InvocationInterceptorChain.java:45)
	at org.junit.jupiter.engine.execution.InvocationInterceptorChain.invoke(InvocationInterceptorChain.java:37)
	at org.junit.jupiter.engine.execution.InterceptingExecutableInvoker.invoke(InterceptingExecutableInvoker.java:92)
	at org.junit.jupiter.engine.execution.InterceptingExecutableInvoker.invoke(InterceptingExecutableInvoker.java:86)
	at org.junit.jupiter.engine.descriptor.TestMethodTestDescriptor.lambda$invokeTestMethod$7(TestMethodTestDescriptor.java:218)
	at org.junit.platform.engine.support.hierarchical.ThrowableCollector.execute(ThrowableCollector.java:73)
	at org.junit.jupiter.engine.descriptor.TestMethodTestDescriptor.invokeTestMethod(TestMethodTestDescriptor.java:214)
	at org.junit.jupiter.engine.descriptor.TestMethodTestDescriptor.execute(TestMethodTestDescriptor.java:139)
	at org.junit.jupiter.engine.descriptor.TestMethodTestDescriptor.execute(TestMethodTestDescriptor.java:69)
	at org.junit.platform.engine.support.hierarchical.NodeTestTask.lambda$executeRecursively$6(NodeTestTask.java:156)
	at org.junit.platform.engine.support.hierarchical.ThrowableCollector.execute(ThrowableCollector.java:73)
	at org.junit.platform.engine.support.hierarchical.NodeTestTask.lambda$executeRecursively$8(NodeTestTask.java:146)
	at org.junit.platform.engine.support.hierarchical.Node.around(Node.java:137)
	at org.junit.platform.engine.support.hierarchical.NodeTestTask.lambda$executeRecursively$9(NodeTestTask.java:144)
	at org.junit.platform.engine.support.hierarchical.ThrowableCollector.execute(ThrowableCollector.java:73)
	at org.junit.platform.engine.support.hierarchical.NodeTestTask.executeRecursively(NodeTestTask.java:143)
	at org.junit.platform.engine.support.hierarchical.NodeTestTask.execute(NodeTestTask.java:100)
	at java.base/java.util.ArrayList.forEach(ArrayList.java:1511)
	at org.junit.platform.engine.support.hierarchical.SameThreadHierarchicalTestExecutorService.invokeAll(SameThreadHierarchicalTestExecutorService.java:41)
	at org.junit.platform.engine.support.hierarchical.NodeTestTask.lambda$executeRecursively$6(NodeTestTask.java:160)
	at org.junit.platform.engine.support.hierarchical.ThrowableCollector.execute(ThrowableCollector.java:73)
	at org.junit.platform.engine.support.hierarchical.NodeTestTask.lambda$executeRecursively$8(NodeTestTask.java:146)
	at org.junit.platform.engine.support.hierarchical.Node.around(Node.java:137)
	at org.junit.platform.engine.support.hierarchical.NodeTestTask.lambda$executeRecursively$9(NodeTestTask.java:144)
	at org.junit.platform.engine.support.hierarchical.ThrowableCollector.execute(ThrowableCollector.java:73)
	at org.junit.platform.engine.support.hierarchical.NodeTestTask.executeRecursively(NodeTestTask.java:143)
	at org.junit.platform.engine.support.hierarchical.NodeTestTask.execute(NodeTestTask.java:100)
	at java.base/java.util.ArrayList.forEach(ArrayList.java:1511)
	at org.junit.platform.engine.support.hierarchical.SameThreadHierarchicalTestExecutorService.invokeAll(SameThreadHierarchicalTestExecutorService.java:41)
	at org.junit.platform.engine.support.hierarchical.NodeTestTask.lambda$executeRecursively$6(NodeTestTask.java:160)
	at org.junit.platform.engine.support.hierarchical.ThrowableCollector.execute(ThrowableCollector.java:73)
	at org.junit.platform.engine.support.hierarchical.NodeTestTask.lambda$executeRecursively$8(NodeTestTask.java:146)
	at org.junit.platform.engine.support.hierarchical.Node.around(Node.java:137)
	at org.junit.platform.engine.support.hierarchical.NodeTestTask.lambda$executeRecursively$9(NodeTestTask.java:144)
	at org.junit.platform.engine.support.hierarchical.ThrowableCollector.execute(ThrowableCollector.java:73)
	at org.junit.platform.engine.support.hierarchical.NodeTestTask.executeRecursively(NodeTestTask.java:143)
	at org.junit.platform.engine.support.hierarchical.NodeTestTask.execute(NodeTestTask.java:100)
	at org.junit.platform.engine.support.hierarchical.SameThreadHierarchicalTestExecutorService.submit(SameThreadHierarchicalTestExecutorService.java:35)
	at org.junit.platform.engine.support.hierarchical.HierarchicalTestExecutor.execute(HierarchicalTestExecutor.java:57)
	at org.junit.platform.engine.support.hierarchical.HierarchicalTestEngine.execute(HierarchicalTestEngine.java:54)
	at org.junit.platform.launcher.core.EngineExecutionOrchestrator.execute(EngineExecutionOrchestrator.java:198)
	at org.junit.platform.launcher.core.EngineExecutionOrchestrator.execute(EngineExecutionOrchestrator.java:169)
	at org.junit.platform.launcher.core.EngineExecutionOrchestrator.execute(EngineExecutionOrchestrator.java:93)
	at org.junit.platform.launcher.core.EngineExecutionOrchestrator.lambda$execute$0(EngineExecutionOrchestrator.java:58)
	at org.junit.platform.launcher.core.EngineExecutionOrchestrator.withInterceptedStreams(EngineExecutionOrchestrator.java:141)
	at org.junit.platform.launcher.core.EngineExecutionOrchestrator.execute(EngineExecutionOrchestrator.java:57)
	at org.junit.platform.launcher.core.DefaultLauncher.execute(DefaultLauncher.java:103)
	at org.junit.platform.launcher.core.DefaultLauncher.execute(DefaultLauncher.java:85)
	at org.junit.platform.launcher.core.DelegatingLauncher.execute(DelegatingLauncher.java:47)
	at org.apache.maven.surefire.junitplatform.LazyLauncher.execute(LazyLauncher.java:56)
	at org.apache.maven.surefire.junitplatform.JUnitPlatformProvider.execute(JUnitPlatformProvider.java:184)
	at org.apache.maven.surefire.junitplatform.JUnitPlatformProvider.invokeAllTests(JUnitPlatformProvider.java:148)
	at org.apache.maven.surefire.junitplatform.JUnitPlatformProvider.invoke(JUnitPlatformProvider.java:122)
	at org.apache.maven.surefire.booter.ForkedBooter.runSuitesInProcess(ForkedBooter.java:385)
	at org.apache.maven.surefire.booter.ForkedBooter.execute(ForkedBooter.java:162)
	at org.apache.maven.surefire.booter.ForkedBooter.run(ForkedBooter.java:507)
	at org.apache.maven.surefire.booter.ForkedBooter.main(ForkedBooter.java:495)
Caused by: com.mongodb.MongoSocketOpenException: Exception opening socket
	at com.mongodb.internal.connection.SocketStream.lambda$open$0(SocketStream.java:86)
	at java.base/java.util.Optional.orElseThrow(Optional.java:403)
	at com.mongodb.internal.connection.SocketStream.open(SocketStream.java:86)
	at com.mongodb.internal.connection.InternalStreamConnection.open(InternalStreamConnection.java:201)
	at com.mongodb.internal.connection.UsageTrackingInternalConnection.open(UsageTrackingInternalConnection.java:55)
	at com.mongodb.internal.connection.DefaultConnectionPool$PooledConnection.open(DefaultConnectionPool.java:625)
	at com.mongodb.internal.connection.DefaultConnectionPool$OpenConcurrencyLimiter.openWithConcurrencyLimit(DefaultConnectionPool.java:965)
	at com.mongodb.internal.connection.DefaultConnectionPool$OpenConcurrencyLimiter.openOrGetAvailable(DefaultConnectionPool.java:906)
	at com.mongodb.internal.connection.DefaultConnectionPool.get(DefaultConnectionPool.java:203)
	at com.mongodb.internal.connection.DefaultConnectionPool.get(DefaultConnectionPool.java:192)
	at com.mongodb.internal.connection.DefaultServer.getConnection(DefaultServer.java:96)
	at com.mongodb.internal.binding.ClusterBinding$ClusterBindingConnectionSource.getConnection(ClusterBinding.java:178)
	at com.mongodb.client.internal.ClientSessionBinding$SessionBindingConnectionSource.getConnection(ClientSessionBinding.java:196)
	at com.mongodb.internal.operation.SyncOperationHelper.withSuppliedResource(SyncOperationHelper.java:141)
	at com.mongodb.internal.operation.SyncOperationHelper.lambda$withSourceAndConnection$1(SyncOperationHelper.java:123)
	at com.mongodb.internal.operation.SyncOperationHelper.withSuppliedResource(SyncOperationHelper.java:149)
	at com.mongodb.internal.operation.SyncOperationHelper.withSourceAndConnection(SyncOperationHelper.java:122)
	at com.mongodb.internal.operation.FindOperation.lambda$execute$2(FindOperation.java:310)
	at com.mongodb.internal.operation.SyncOperationHelper.lambda$decorateReadWithRetries$12(SyncOperationHelper.java:289)
	at com.mongodb.internal.async.function.RetryingSyncSupplier.get(RetryingSyncSupplier.java:67)
	at com.mongodb.internal.operation.FindOperation.execute(FindOperation.java:321)
	at com.mongodb.internal.operation.FindOperation.execute(FindOperation.java:71)
	at com.mongodb.client.internal.MongoClientDelegate$DelegateOperationExecutor.execute(MongoClientDelegate.java:153)
	at com.mongodb.client.internal.FindIterableImpl.first(FindIterableImpl.java:206)
	at org.springframework.data.mongodb.core.MongoTemplate$FindOneCallback.doInCollection(MongoTemplate.java:3048)
	at org.springframework.data.mongodb.core.MongoTemplate$FindOneCallback.doInCollection(MongoTemplate.java:3022)
	at org.springframework.data.mongodb.core.MongoTemplate.executeFindOneInternal(MongoTemplate.java:2888)
	... 133 common frames omitted
Caused by: java.net.SocketTimeoutException: Connect timed out
	at java.base/sun.nio.ch.NioSocketImpl.timedFinishConnect(NioSocketImpl.java:551)
	at java.base/sun.nio.ch.NioSocketImpl.connect(NioSocketImpl.java:602)
	at java.base/java.net.SocksSocketImpl.connect(SocksSocketImpl.java:327)
	at java.base/java.net.Socket.connect(Socket.java:633)
	at com.mongodb.internal.connection.SocketStreamHelper.initialize(SocketStreamHelper.java:76)
	at com.mongodb.internal.connection.SocketStream.initializeSocket(SocketStream.java:105)
	at com.mongodb.internal.connection.SocketStream.open(SocketStream.java:80)
	... 157 common frames omitted
2024-12-04 22:18:11.041 [main] INFO  cn.edu.xmu.oomall.product.dao.GrouponActDaoTest - testGetActivityWithWrongObjectId: Exception opening socket
]]></system-out>
  </testcase>
</testsuite>