<?xml version="1.0" encoding="UTF-8"?>
<testsuite xmlns:xsi="http://www.w3.org/2001/XMLSchema-instance" xsi:noNamespaceSchemaLocation="https://maven.apache.org/surefire/maven-surefire-plugin/xsd/surefire-test-report-3.0.xsd" version="3.0" name="cn.edu.xmu.oomall.product.controller.GrouponActControllerTest" time="2.593" tests="11" errors="0" skipped="0" failures="0">
  <properties>
    <property name="java.specification.version" value="17"/>
    <property name="sun.cpu.isalist" value="amd64"/>
    <property name="sun.jnu.encoding" value="GBK"/>
    <property name="java.class.path" value="D:\JAVA\oomall-2023-1\product\target\test-classes;D:\JAVA\oomall-2023-1\product\target\classes;C:\Users\刘智文\.m2\repository\cn\edu\xmu\javaee\core\0.0.3-SNAPSHOT\core-0.0.3-SNAPSHOT.jar;C:\Users\刘智文\.m2\repository\com\auth0\java-jwt\4.4.0\java-jwt-4.4.0.jar;C:\Users\刘智文\.m2\repository\com\fasterxml\jackson\core\jackson-databind\2.17.3\jackson-databind-2.17.3.jar;C:\Users\刘智文\.m2\repository\com\fasterxml\jackson\core\jackson-annotations\2.17.3\jackson-annotations-2.17.3.jar;C:\Users\刘智文\.m2\repository\com\github\pagehelper\pagehelper-spring-boot-starter\2.1.0\pagehelper-spring-boot-starter-2.1.0.jar;C:\Users\刘智文\.m2\repository\org\mybatis\spring\boot\mybatis-spring-boot-starter\3.0.3\mybatis-spring-boot-starter-3.0.3.jar;C:\Users\刘智文\.m2\repository\org\mybatis\spring\boot\mybatis-spring-boot-autoconfigure\3.0.3\mybatis-spring-boot-autoconfigure-3.0.3.jar;C:\Users\刘智文\.m2\repository\org\mybatis\mybatis\3.5.14\mybatis-3.5.14.jar;C:\Users\刘智文\.m2\repository\org\mybatis\mybatis-spring\3.0.3\mybatis-spring-3.0.3.jar;C:\Users\刘智文\.m2\repository\com\github\pagehelper\pagehelper-spring-boot-autoconfigure\2.1.0\pagehelper-spring-boot-autoconfigure-2.1.0.jar;C:\Users\刘智文\.m2\repository\com\github\pagehelper\pagehelper\6.1.0\pagehelper-6.1.0.jar;C:\Users\刘智文\.m2\repository\com\github\jsqlparser\jsqlparser\4.7\jsqlparser-4.7.jar;C:\Users\刘智文\.m2\repository\org\springframework\cloud\spring-cloud-starter-loadbalancer\4.1.5\spring-cloud-starter-loadbalancer-4.1.5.jar;C:\Users\刘智文\.m2\repository\org\springframework\cloud\spring-cloud-loadbalancer\4.1.5\spring-cloud-loadbalancer-4.1.5.jar;C:\Users\刘智文\.m2\repository\io\projectreactor\addons\reactor-extra\3.5.2\reactor-extra-3.5.2.jar;C:\Users\刘智文\.m2\repository\org\springframework\boot\spring-boot-starter-cache\3.3.6\spring-boot-starter-cache-3.3.6.jar;C:\Users\刘智文\.m2\repository\com\stoyanr\evictor\1.0.0\evictor-1.0.0.jar;C:\Users\刘智文\.m2\repository\com\squareup\javapoet\1.13.0\javapoet-1.13.0.jar;C:\Users\刘智文\.m2\repository\com\google\auto\service\auto-service\1.0.1\auto-service-1.0.1.jar;C:\Users\刘智文\.m2\repository\com\google\auto\service\auto-service-annotations\1.0.1\auto-service-annotations-1.0.1.jar;C:\Users\刘智文\.m2\repository\com\google\auto\auto-common\1.2\auto-common-1.2.jar;C:\Users\刘智文\.m2\repository\com\google\guava\guava\31.0.1-jre\guava-31.0.1-jre.jar;C:\Users\刘智文\.m2\repository\com\google\guava\failureaccess\1.0.1\failureaccess-1.0.1.jar;C:\Users\刘智文\.m2\repository\com\google\guava\listenablefuture\9999.0-empty-to-avoid-conflict-with-guava\listenablefuture-9999.0-empty-to-avoid-conflict-with-guava.jar;C:\Users\刘智文\.m2\repository\com\google\code\findbugs\jsr305\3.0.2\jsr305-3.0.2.jar;C:\Users\刘智文\.m2\repository\org\checkerframework\checker-qual\3.12.0\checker-qual-3.12.0.jar;C:\Users\刘智文\.m2\repository\com\google\errorprone\error_prone_annotations\2.7.1\error_prone_annotations-2.7.1.jar;C:\Users\刘智文\.m2\repository\com\google\j2objc\j2objc-annotations\1.3\j2objc-annotations-1.3.jar;C:\Users\刘智文\.m2\repository\org\springframework\boot\spring-boot-starter-web\3.3.6\spring-boot-starter-web-3.3.6.jar;C:\Users\刘智文\.m2\repository\org\springframework\boot\spring-boot-starter\3.3.6\spring-boot-starter-3.3.6.jar;C:\Users\刘智文\.m2\repository\org\springframework\boot\spring-boot\3.3.6\spring-boot-3.3.6.jar;C:\Users\刘智文\.m2\repository\org\springframework\boot\spring-boot-starter-logging\3.3.6\spring-boot-starter-logging-3.3.6.jar;C:\Users\刘智文\.m2\repository\ch\qos\logback\logback-classic\1.5.12\logback-classic-1.5.12.jar;C:\Users\刘智文\.m2\repository\ch\qos\logback\logback-core\1.5.12\logback-core-1.5.12.jar;C:\Users\刘智文\.m2\repository\org\apache\logging\log4j\log4j-to-slf4j\2.23.1\log4j-to-slf4j-2.23.1.jar;C:\Users\刘智文\.m2\repository\org\apache\logging\log4j\log4j-api\2.23.1\log4j-api-2.23.1.jar;C:\Users\刘智文\.m2\repository\org\slf4j\jul-to-slf4j\2.0.16\jul-to-slf4j-2.0.16.jar;C:\Users\刘智文\.m2\repository\org\yaml\snakeyaml\2.2\snakeyaml-2.2.jar;C:\Users\刘智文\.m2\repository\org\springframework\boot\spring-boot-starter-json\3.3.6\spring-boot-starter-json-3.3.6.jar;C:\Users\刘智文\.m2\repository\com\fasterxml\jackson\datatype\jackson-datatype-jdk8\2.17.3\jackson-datatype-jdk8-2.17.3.jar;C:\Users\刘智文\.m2\repository\com\fasterxml\jackson\datatype\jackson-datatype-jsr310\2.17.3\jackson-datatype-jsr310-2.17.3.jar;C:\Users\刘智文\.m2\repository\com\fasterxml\jackson\module\jackson-module-parameter-names\2.17.3\jackson-module-parameter-names-2.17.3.jar;C:\Users\刘智文\.m2\repository\org\springframework\boot\spring-boot-starter-tomcat\3.3.6\spring-boot-starter-tomcat-3.3.6.jar;C:\Users\刘智文\.m2\repository\org\apache\tomcat\embed\tomcat-embed-core\10.1.33\tomcat-embed-core-10.1.33.jar;C:\Users\刘智文\.m2\repository\org\apache\tomcat\embed\tomcat-embed-websocket\10.1.33\tomcat-embed-websocket-10.1.33.jar;C:\Users\刘智文\.m2\repository\org\springframework\spring-web\6.1.15\spring-web-6.1.15.jar;C:\Users\刘智文\.m2\repository\org\springframework\spring-beans\6.1.15\spring-beans-6.1.15.jar;C:\Users\刘智文\.m2\repository\org\springframework\spring-webmvc\6.1.15\spring-webmvc-6.1.15.jar;C:\Users\刘智文\.m2\repository\org\springframework\spring-context\6.1.15\spring-context-6.1.15.jar;C:\Users\刘智文\.m2\repository\org\springframework\spring-expression\6.1.15\spring-expression-6.1.15.jar;C:\Users\刘智文\.m2\repository\org\springframework\boot\spring-boot-starter-actuator\3.3.6\spring-boot-starter-actuator-3.3.6.jar;C:\Users\刘智文\.m2\repository\org\springframework\boot\spring-boot-actuator-autoconfigure\3.3.6\spring-boot-actuator-autoconfigure-3.3.6.jar;C:\Users\刘智文\.m2\repository\org\springframework\boot\spring-boot-actuator\3.3.6\spring-boot-actuator-3.3.6.jar;C:\Users\刘智文\.m2\repository\io\micrometer\micrometer-observation\1.13.8\micrometer-observation-1.13.8.jar;C:\Users\刘智文\.m2\repository\io\micrometer\micrometer-commons\1.13.8\micrometer-commons-1.13.8.jar;C:\Users\刘智文\.m2\repository\io\micrometer\micrometer-jakarta9\1.13.8\micrometer-jakarta9-1.13.8.jar;C:\Users\刘智文\.m2\repository\io\micrometer\micrometer-core\1.13.8\micrometer-core-1.13.8.jar;C:\Users\刘智文\.m2\repository\org\hdrhistogram\HdrHistogram\2.2.2\HdrHistogram-2.2.2.jar;C:\Users\刘智文\.m2\repository\org\latencyutils\LatencyUtils\2.0.3\LatencyUtils-2.0.3.jar;C:\Users\刘智文\.m2\repository\org\springframework\boot\spring-boot-starter-validation\3.3.6\spring-boot-starter-validation-3.3.6.jar;C:\Users\刘智文\.m2\repository\org\apache\tomcat\embed\tomcat-embed-el\10.1.33\tomcat-embed-el-10.1.33.jar;C:\Users\刘智文\.m2\repository\org\hibernate\validator\hibernate-validator\8.0.1.Final\hibernate-validator-8.0.1.Final.jar;C:\Users\刘智文\.m2\repository\jakarta\validation\jakarta.validation-api\3.0.2\jakarta.validation-api-3.0.2.jar;C:\Users\刘智文\.m2\repository\org\jboss\logging\jboss-logging\3.5.3.Final\jboss-logging-3.5.3.Final.jar;C:\Users\刘智文\.m2\repository\com\fasterxml\classmate\1.7.0\classmate-1.7.0.jar;C:\Users\刘智文\.m2\repository\org\springframework\boot\spring-boot-starter-aop\3.3.6\spring-boot-starter-aop-3.3.6.jar;C:\Users\刘智文\.m2\repository\org\springframework\spring-aop\6.1.15\spring-aop-6.1.15.jar;C:\Users\刘智文\.m2\repository\org\aspectj\aspectjweaver\1.9.22.1\aspectjweaver-1.9.22.1.jar;C:\Users\刘智文\.m2\repository\org\springframework\boot\spring-boot-starter-data-redis\3.3.6\spring-boot-starter-data-redis-3.3.6.jar;C:\Users\刘智文\.m2\repository\io\lettuce\lettuce-core\6.3.2.RELEASE\lettuce-core-6.3.2.RELEASE.jar;C:\Users\刘智文\.m2\repository\io\netty\netty-common\4.1.115.Final\netty-common-4.1.115.Final.jar;C:\Users\刘智文\.m2\repository\io\netty\netty-handler\4.1.115.Final\netty-handler-4.1.115.Final.jar;C:\Users\刘智文\.m2\repository\io\netty\netty-resolver\4.1.115.Final\netty-resolver-4.1.115.Final.jar;C:\Users\刘智文\.m2\repository\io\netty\netty-buffer\4.1.115.Final\netty-buffer-4.1.115.Final.jar;C:\Users\刘智文\.m2\repository\io\netty\netty-transport-native-unix-common\4.1.115.Final\netty-transport-native-unix-common-4.1.115.Final.jar;C:\Users\刘智文\.m2\repository\io\netty\netty-codec\4.1.115.Final\netty-codec-4.1.115.Final.jar;C:\Users\刘智文\.m2\repository\io\netty\netty-transport\4.1.115.Final\netty-transport-4.1.115.Final.jar;C:\Users\刘智文\.m2\repository\io\projectreactor\reactor-core\3.6.12\reactor-core-3.6.12.jar;C:\Users\刘智文\.m2\repository\org\reactivestreams\reactive-streams\1.0.4\reactive-streams-1.0.4.jar;C:\Users\刘智文\.m2\repository\org\springframework\data\spring-data-redis\3.3.6\spring-data-redis-3.3.6.jar;C:\Users\刘智文\.m2\repository\org\springframework\data\spring-data-keyvalue\3.3.6\spring-data-keyvalue-3.3.6.jar;C:\Users\刘智文\.m2\repository\org\springframework\spring-tx\6.1.15\spring-tx-6.1.15.jar;C:\Users\刘智文\.m2\repository\org\springframework\spring-oxm\6.1.15\spring-oxm-6.1.15.jar;C:\Users\刘智文\.m2\repository\org\springframework\spring-context-support\6.1.15\spring-context-support-6.1.15.jar;C:\Users\刘智文\.m2\repository\org\springframework\boot\spring-boot-starter-data-jpa\3.3.6\spring-boot-starter-data-jpa-3.3.6.jar;C:\Users\刘智文\.m2\repository\org\springframework\boot\spring-boot-starter-jdbc\3.3.6\spring-boot-starter-jdbc-3.3.6.jar;C:\Users\刘智文\.m2\repository\com\zaxxer\HikariCP\5.1.0\HikariCP-5.1.0.jar;C:\Users\刘智文\.m2\repository\org\springframework\spring-jdbc\6.1.15\spring-jdbc-6.1.15.jar;C:\Users\刘智文\.m2\repository\org\hibernate\orm\hibernate-core\6.5.3.Final\hibernate-core-6.5.3.Final.jar;C:\Users\刘智文\.m2\repository\jakarta\persistence\jakarta.persistence-api\3.1.0\jakarta.persistence-api-3.1.0.jar;C:\Users\刘智文\.m2\repository\jakarta\transaction\jakarta.transaction-api\2.0.1\jakarta.transaction-api-2.0.1.jar;C:\Users\刘智文\.m2\repository\org\hibernate\common\hibernate-commons-annotations\6.0.6.Final\hibernate-commons-annotations-6.0.6.Final.jar;C:\Users\刘智文\.m2\repository\io\smallrye\jandex\3.1.2\jandex-3.1.2.jar;C:\Users\刘智文\.m2\repository\net\bytebuddy\byte-buddy\1.14.19\byte-buddy-1.14.19.jar;C:\Users\刘智文\.m2\repository\jakarta\inject\jakarta.inject-api\2.0.1\jakarta.inject-api-2.0.1.jar;C:\Users\刘智文\.m2\repository\org\antlr\antlr4-runtime\4.13.0\antlr4-runtime-4.13.0.jar;C:\Users\刘智文\.m2\repository\org\springframework\data\spring-data-jpa\3.3.6\spring-data-jpa-3.3.6.jar;C:\Users\刘智文\.m2\repository\org\springframework\data\spring-data-commons\3.3.6\spring-data-commons-3.3.6.jar;C:\Users\刘智文\.m2\repository\org\springframework\spring-orm\6.1.15\spring-orm-6.1.15.jar;C:\Users\刘智文\.m2\repository\org\springframework\spring-aspects\6.1.15\spring-aspects-6.1.15.jar;C:\Users\刘智文\.m2\repository\org\springframework\boot\spring-boot-starter-data-mongodb\3.3.6\spring-boot-starter-data-mongodb-3.3.6.jar;C:\Users\刘智文\.m2\repository\org\mongodb\mongodb-driver-sync\5.0.1\mongodb-driver-sync-5.0.1.jar;C:\Users\刘智文\.m2\repository\org\mongodb\bson\5.0.1\bson-5.0.1.jar;C:\Users\刘智文\.m2\repository\org\mongodb\mongodb-driver-core\5.0.1\mongodb-driver-core-5.0.1.jar;C:\Users\刘智文\.m2\repository\org\mongodb\bson-record-codec\5.0.1\bson-record-codec-5.0.1.jar;C:\Users\刘智文\.m2\repository\org\springframework\data\spring-data-mongodb\4.3.6\spring-data-mongodb-4.3.6.jar;C:\Users\刘智文\.m2\repository\org\springframework\boot\spring-boot-starter-test\3.3.6\spring-boot-starter-test-3.3.6.jar;C:\Users\刘智文\.m2\repository\org\springframework\boot\spring-boot-test\3.3.6\spring-boot-test-3.3.6.jar;C:\Users\刘智文\.m2\repository\org\springframework\boot\spring-boot-test-autoconfigure\3.3.6\spring-boot-test-autoconfigure-3.3.6.jar;C:\Users\刘智文\.m2\repository\com\jayway\jsonpath\json-path\2.9.0\json-path-2.9.0.jar;C:\Users\刘智文\.m2\repository\jakarta\xml\bind\jakarta.xml.bind-api\4.0.2\jakarta.xml.bind-api-4.0.2.jar;C:\Users\刘智文\.m2\repository\jakarta\activation\jakarta.activation-api\2.1.3\jakarta.activation-api-2.1.3.jar;C:\Users\刘智文\.m2\repository\net\minidev\json-smart\2.5.1\json-smart-2.5.1.jar;C:\Users\刘智文\.m2\repository\net\minidev\accessors-smart\2.5.1\accessors-smart-2.5.1.jar;C:\Users\刘智文\.m2\repository\org\ow2\asm\asm\9.6\asm-9.6.jar;C:\Users\刘智文\.m2\repository\org\assertj\assertj-core\3.25.3\assertj-core-3.25.3.jar;C:\Users\刘智文\.m2\repository\org\awaitility\awaitility\4.2.2\awaitility-4.2.2.jar;C:\Users\刘智文\.m2\repository\org\hamcrest\hamcrest\2.2\hamcrest-2.2.jar;C:\Users\刘智文\.m2\repository\org\junit\jupiter\junit-jupiter\5.10.5\junit-jupiter-5.10.5.jar;C:\Users\刘智文\.m2\repository\org\junit\jupiter\junit-jupiter-api\5.10.5\junit-jupiter-api-5.10.5.jar;C:\Users\刘智文\.m2\repository\org\opentest4j\opentest4j\1.3.0\opentest4j-1.3.0.jar;C:\Users\刘智文\.m2\repository\org\junit\platform\junit-platform-commons\1.10.5\junit-platform-commons-1.10.5.jar;C:\Users\刘智文\.m2\repository\org\apiguardian\apiguardian-api\1.1.2\apiguardian-api-1.1.2.jar;C:\Users\刘智文\.m2\repository\org\junit\jupiter\junit-jupiter-params\5.10.5\junit-jupiter-params-5.10.5.jar;C:\Users\刘智文\.m2\repository\org\junit\jupiter\junit-jupiter-engine\5.10.5\junit-jupiter-engine-5.10.5.jar;C:\Users\刘智文\.m2\repository\org\junit\platform\junit-platform-engine\1.10.5\junit-platform-engine-1.10.5.jar;C:\Users\刘智文\.m2\repository\org\mockito\mockito-core\5.11.0\mockito-core-5.11.0.jar;C:\Users\刘智文\.m2\repository\net\bytebuddy\byte-buddy-agent\1.14.19\byte-buddy-agent-1.14.19.jar;C:\Users\刘智文\.m2\repository\org\objenesis\objenesis\3.3\objenesis-3.3.jar;C:\Users\刘智文\.m2\repository\org\mockito\mockito-junit-jupiter\5.11.0\mockito-junit-jupiter-5.11.0.jar;C:\Users\刘智文\.m2\repository\org\skyscreamer\jsonassert\1.5.3\jsonassert-1.5.3.jar;C:\Users\刘智文\.m2\repository\com\vaadin\external\google\android-json\0.0.20131108.vaadin1\android-json-0.0.20131108.vaadin1.jar;C:\Users\刘智文\.m2\repository\org\springframework\spring-core\6.1.15\spring-core-6.1.15.jar;C:\Users\刘智文\.m2\repository\org\springframework\spring-jcl\6.1.15\spring-jcl-6.1.15.jar;C:\Users\刘智文\.m2\repository\org\springframework\spring-test\6.1.15\spring-test-6.1.15.jar;C:\Users\刘智文\.m2\repository\org\xmlunit\xmlunit-core\2.9.1\xmlunit-core-2.9.1.jar;C:\Users\刘智文\.m2\repository\org\projectlombok\lombok\1.18.36\lombok-1.18.36.jar;C:\Users\刘智文\.m2\repository\com\mysql\mysql-connector-j\9.1.0\mysql-connector-j-9.1.0.jar;C:\Users\刘智文\.m2\repository\com\google\protobuf\protobuf-java\4.26.1\protobuf-java-4.26.1.jar;C:\Users\刘智文\.m2\repository\com\alibaba\druid-spring-boot-starter\1.2.24\druid-spring-boot-starter-1.2.24.jar;C:\Users\刘智文\.m2\repository\com\alibaba\druid\1.2.24\druid-1.2.24.jar;C:\Users\刘智文\.m2\repository\org\slf4j\slf4j-api\2.0.16\slf4j-api-2.0.16.jar;C:\Users\刘智文\.m2\repository\org\springframework\boot\spring-boot-autoconfigure\3.3.6\spring-boot-autoconfigure-3.3.6.jar;C:\Users\刘智文\.m2\repository\org\glassfish\jaxb\jaxb-runtime\4.0.5\jaxb-runtime-4.0.5.jar;C:\Users\刘智文\.m2\repository\org\glassfish\jaxb\jaxb-core\4.0.5\jaxb-core-4.0.5.jar;C:\Users\刘智文\.m2\repository\org\eclipse\angus\angus-activation\2.0.2\angus-activation-2.0.2.jar;C:\Users\刘智文\.m2\repository\org\glassfish\jaxb\txw2\4.0.5\txw2-4.0.5.jar;C:\Users\刘智文\.m2\repository\com\sun\istack\istack-commons-runtime\4.1.2\istack-commons-runtime-4.1.2.jar;C:\Users\刘智文\.m2\repository\org\apache\rocketmq\rocketmq-spring-boot-starter\2.3.1\rocketmq-spring-boot-starter-2.3.1.jar;C:\Users\刘智文\.m2\repository\org\apache\rocketmq\rocketmq-spring-boot\2.3.1\rocketmq-spring-boot-2.3.1.jar;C:\Users\刘智文\.m2\repository\org\apache\rocketmq\rocketmq-client\5.3.0\rocketmq-client-5.3.0.jar;C:\Users\刘智文\.m2\repository\org\apache\rocketmq\rocketmq-remoting\5.3.0\rocketmq-remoting-5.3.0.jar;C:\Users\刘智文\.m2\repository\org\reflections\reflections\0.9.11\reflections-0.9.11.jar;C:\Users\刘智文\.m2\repository\org\javassist\javassist\3.21.0-GA\javassist-3.21.0-GA.jar;C:\Users\刘智文\.m2\repository\org\apache\commons\commons-lang3\3.14.0\commons-lang3-3.14.0.jar;C:\Users\刘智文\.m2\repository\io\github\aliyunmq\rocketmq-slf4j-api\1.0.1\rocketmq-slf4j-api-1.0.1.jar;C:\Users\刘智文\.m2\repository\io\github\aliyunmq\rocketmq-logback-classic\1.0.1\rocketmq-logback-classic-1.0.1.jar;C:\Users\刘智文\.m2\repository\org\apache\rocketmq\rocketmq-acl\5.3.0\rocketmq-acl-5.3.0.jar;C:\Users\刘智文\.m2\repository\org\apache\rocketmq\rocketmq-proto\2.0.3\rocketmq-proto-2.0.3.jar;C:\Users\刘智文\.m2\repository\org\apache\rocketmq\rocketmq-common\5.3.0\rocketmq-common-5.3.0.jar;C:\Users\刘智文\.m2\repository\com\alibaba\fastjson\1.2.83\fastjson-1.2.83.jar;C:\Users\刘智文\.m2\repository\com\alibaba\fastjson2\fastjson2\2.0.43\fastjson2-2.0.43.jar;C:\Users\刘智文\.m2\repository\io\netty\netty-all\4.1.115.Final\netty-all-4.1.115.Final.jar;C:\Users\刘智文\.m2\repository\io\netty\netty-codec-dns\4.1.115.Final\netty-codec-dns-4.1.115.Final.jar;C:\Users\刘智文\.m2\repository\io\netty\netty-codec-haproxy\4.1.115.Final\netty-codec-haproxy-4.1.115.Final.jar;C:\Users\刘智文\.m2\repository\io\netty\netty-codec-http\4.1.115.Final\netty-codec-http-4.1.115.Final.jar;C:\Users\刘智文\.m2\repository\io\netty\netty-codec-http2\4.1.115.Final\netty-codec-http2-4.1.115.Final.jar;C:\Users\刘智文\.m2\repository\io\netty\netty-codec-memcache\4.1.115.Final\netty-codec-memcache-4.1.115.Final.jar;C:\Users\刘智文\.m2\repository\io\netty\netty-codec-mqtt\4.1.115.Final\netty-codec-mqtt-4.1.115.Final.jar;C:\Users\刘智文\.m2\repository\io\netty\netty-codec-redis\4.1.115.Final\netty-codec-redis-4.1.115.Final.jar;C:\Users\刘智文\.m2\repository\io\netty\netty-codec-smtp\4.1.115.Final\netty-codec-smtp-4.1.115.Final.jar;C:\Users\刘智文\.m2\repository\io\netty\netty-codec-socks\4.1.115.Final\netty-codec-socks-4.1.115.Final.jar;C:\Users\刘智文\.m2\repository\io\netty\netty-codec-stomp\4.1.115.Final\netty-codec-stomp-4.1.115.Final.jar;C:\Users\刘智文\.m2\repository\io\netty\netty-codec-xml\4.1.115.Final\netty-codec-xml-4.1.115.Final.jar;C:\Users\刘智文\.m2\repository\io\netty\netty-handler-proxy\4.1.115.Final\netty-handler-proxy-4.1.115.Final.jar;C:\Users\刘智文\.m2\repository\io\netty\netty-handler-ssl-ocsp\4.1.115.Final\netty-handler-ssl-ocsp-4.1.115.Final.jar;C:\Users\刘智文\.m2\repository\io\netty\netty-resolver-dns\4.1.115.Final\netty-resolver-dns-4.1.115.Final.jar;C:\Users\刘智文\.m2\repository\io\netty\netty-transport-rxtx\4.1.115.Final\netty-transport-rxtx-4.1.115.Final.jar;C:\Users\刘智文\.m2\repository\io\netty\netty-transport-sctp\4.1.115.Final\netty-transport-sctp-4.1.115.Final.jar;C:\Users\刘智文\.m2\repository\io\netty\netty-transport-udt\4.1.115.Final\netty-transport-udt-4.1.115.Final.jar;C:\Users\刘智文\.m2\repository\io\netty\netty-transport-classes-epoll\4.1.115.Final\netty-transport-classes-epoll-4.1.115.Final.jar;C:\Users\刘智文\.m2\repository\io\netty\netty-transport-classes-kqueue\4.1.115.Final\netty-transport-classes-kqueue-4.1.115.Final.jar;C:\Users\刘智文\.m2\repository\io\netty\netty-resolver-dns-classes-macos\4.1.115.Final\netty-resolver-dns-classes-macos-4.1.115.Final.jar;C:\Users\刘智文\.m2\repository\io\netty\netty-transport-native-epoll\4.1.115.Final\netty-transport-native-epoll-4.1.115.Final-linux-x86_64.jar;C:\Users\刘智文\.m2\repository\io\netty\netty-transport-native-epoll\4.1.115.Final\netty-transport-native-epoll-4.1.115.Final-linux-aarch_64.jar;C:\Users\刘智文\.m2\repository\io\netty\netty-transport-native-epoll\4.1.115.Final\netty-transport-native-epoll-4.1.115.Final-linux-riscv64.jar;C:\Users\刘智文\.m2\repository\io\netty\netty-transport-native-kqueue\4.1.115.Final\netty-transport-native-kqueue-4.1.115.Final-osx-x86_64.jar;C:\Users\刘智文\.m2\repository\io\netty\netty-transport-native-kqueue\4.1.115.Final\netty-transport-native-kqueue-4.1.115.Final-osx-aarch_64.jar;C:\Users\刘智文\.m2\repository\io\netty\netty-resolver-dns-native-macos\4.1.115.Final\netty-resolver-dns-native-macos-4.1.115.Final-osx-x86_64.jar;C:\Users\刘智文\.m2\repository\io\netty\netty-resolver-dns-native-macos\4.1.115.Final\netty-resolver-dns-native-macos-4.1.115.Final-osx-aarch_64.jar;C:\Users\刘智文\.m2\repository\com\github\luben\zstd-jni\1.5.2-2\zstd-jni-1.5.2-2.jar;C:\Users\刘智文\.m2\repository\org\lz4\lz4-java\1.8.0\lz4-java-1.8.0.jar;C:\Users\刘智文\.m2\repository\io\opentelemetry\opentelemetry-exporter-otlp\1.38.0\opentelemetry-exporter-otlp-1.38.0.jar;C:\Users\刘智文\.m2\repository\io\opentelemetry\opentelemetry-sdk-trace\1.38.0\opentelemetry-sdk-trace-1.38.0.jar;C:\Users\刘智文\.m2\repository\io\opentelemetry\opentelemetry-sdk-metrics\1.38.0\opentelemetry-sdk-metrics-1.38.0.jar;C:\Users\刘智文\.m2\repository\io\opentelemetry\opentelemetry-api-incubator\1.38.0-alpha\opentelemetry-api-incubator-1.38.0-alpha.jar;C:\Users\刘智文\.m2\repository\io\opentelemetry\opentelemetry-sdk-logs\1.38.0\opentelemetry-sdk-logs-1.38.0.jar;C:\Users\刘智文\.m2\repository\io\opentelemetry\opentelemetry-exporter-otlp-common\1.38.0\opentelemetry-exporter-otlp-common-1.38.0.jar;C:\Users\刘智文\.m2\repository\io\opentelemetry\opentelemetry-exporter-common\1.38.0\opentelemetry-exporter-common-1.38.0.jar;C:\Users\刘智文\.m2\repository\io\opentelemetry\opentelemetry-exporter-sender-okhttp\1.38.0\opentelemetry-exporter-sender-okhttp-1.38.0.jar;C:\Users\刘智文\.m2\repository\com\squareup\okhttp3\okhttp\4.12.0\okhttp-4.12.0.jar;C:\Users\刘智文\.m2\repository\com\squareup\okio\okio\3.6.0\okio-3.6.0.jar;C:\Users\刘智文\.m2\repository\org\jetbrains\kotlin\kotlin-stdlib-jdk8\1.9.25\kotlin-stdlib-jdk8-1.9.25.jar;C:\Users\刘智文\.m2\repository\org\jetbrains\kotlin\kotlin-stdlib\1.9.25\kotlin-stdlib-1.9.25.jar;C:\Users\刘智文\.m2\repository\org\jetbrains\annotations\13.0\annotations-13.0.jar;C:\Users\刘智文\.m2\repository\org\jetbrains\kotlin\kotlin-stdlib-jdk7\1.9.25\kotlin-stdlib-jdk7-1.9.25.jar;C:\Users\刘智文\.m2\repository\io\opentelemetry\opentelemetry-sdk-extension-autoconfigure-spi\1.38.0\opentelemetry-sdk-extension-autoconfigure-spi-1.38.0.jar;C:\Users\刘智文\.m2\repository\io\opentelemetry\opentelemetry-exporter-prometheus\1.29.0-alpha\opentelemetry-exporter-prometheus-1.29.0-alpha.jar;C:\Users\刘智文\.m2\repository\io\opentelemetry\opentelemetry-exporter-logging\1.38.0\opentelemetry-exporter-logging-1.38.0.jar;C:\Users\刘智文\.m2\repository\io\opentelemetry\opentelemetry-sdk\1.38.0\opentelemetry-sdk-1.38.0.jar;C:\Users\刘智文\.m2\repository\io\opentelemetry\opentelemetry-api\1.38.0\opentelemetry-api-1.38.0.jar;C:\Users\刘智文\.m2\repository\io\opentelemetry\opentelemetry-context\1.38.0\opentelemetry-context-1.38.0.jar;C:\Users\刘智文\.m2\repository\io\opentelemetry\opentelemetry-sdk-common\1.38.0\opentelemetry-sdk-common-1.38.0.jar;C:\Users\刘智文\.m2\repository\io\opentelemetry\opentelemetry-exporter-logging-otlp\1.38.0\opentelemetry-exporter-logging-otlp-1.38.0.jar;C:\Users\刘智文\.m2\repository\io\grpc\grpc-stub\1.53.0\grpc-stub-1.53.0.jar;C:\Users\刘智文\.m2\repository\io\grpc\grpc-api\1.53.0\grpc-api-1.53.0.jar;C:\Users\刘智文\.m2\repository\io\grpc\grpc-context\1.53.0\grpc-context-1.53.0.jar;C:\Users\刘智文\.m2\repository\io\grpc\grpc-netty-shaded\1.53.0\grpc-netty-shaded-1.53.0.jar;C:\Users\刘智文\.m2\repository\io\perfmark\perfmark-api\0.25.0\perfmark-api-0.25.0.jar;C:\Users\刘智文\.m2\repository\io\grpc\grpc-core\1.53.0\grpc-core-1.53.0.jar;C:\Users\刘智文\.m2\repository\com\google\code\gson\gson\2.10.1\gson-2.10.1.jar;C:\Users\刘智文\.m2\repository\com\google\android\annotations\4.1.1.4\annotations-4.1.1.4.jar;C:\Users\刘智文\.m2\repository\org\codehaus\mojo\animal-sniffer-annotations\1.21\animal-sniffer-annotations-1.21.jar;C:\Users\刘智文\.m2\repository\com\squareup\okio\okio-jvm\3.4.0\okio-jvm-3.4.0.jar;C:\Users\刘智文\.m2\repository\org\apache\rocketmq\rocketmq-srvutil\5.3.0\rocketmq-srvutil-5.3.0.jar;C:\Users\刘智文\.m2\repository\commons-cli\commons-cli\1.5.0\commons-cli-1.5.0.jar;C:\Users\刘智文\.m2\repository\com\googlecode\concurrentlinkedhashmap\concurrentlinkedhashmap-lru\1.4.2\concurrentlinkedhashmap-lru-1.4.2.jar;C:\Users\刘智文\.m2\repository\commons-validator\commons-validator\1.7\commons-validator-1.7.jar;C:\Users\刘智文\.m2\repository\commons-beanutils\commons-beanutils\1.9.4\commons-beanutils-1.9.4.jar;C:\Users\刘智文\.m2\repository\commons-digester\commons-digester\2.1\commons-digester-2.1.jar;C:\Users\刘智文\.m2\repository\commons-logging\commons-logging\1.2\commons-logging-1.2.jar;C:\Users\刘智文\.m2\repository\commons-collections\commons-collections\3.2.2\commons-collections-3.2.2.jar;C:\Users\刘智文\.m2\repository\com\google\protobuf\protobuf-java-util\3.20.1\protobuf-java-util-3.20.1.jar;C:\Users\刘智文\.m2\repository\org\springframework\spring-messaging\6.1.15\spring-messaging-6.1.15.jar;C:\Users\刘智文\.m2\repository\org\springframework\cloud\spring-cloud-starter-openfeign\4.1.4\spring-cloud-starter-openfeign-4.1.4.jar;C:\Users\刘智文\.m2\repository\org\springframework\cloud\spring-cloud-starter\4.1.5\spring-cloud-starter-4.1.5.jar;C:\Users\刘智文\.m2\repository\org\springframework\security\spring-security-rsa\1.1.3\spring-security-rsa-1.1.3.jar;C:\Users\刘智文\.m2\repository\org\bouncycastle\bcprov-jdk18on\1.78\bcprov-jdk18on-1.78.jar;C:\Users\刘智文\.m2\repository\org\springframework\cloud\spring-cloud-commons\4.1.5\spring-cloud-commons-4.1.5.jar;C:\Users\刘智文\.m2\repository\org\springframework\security\spring-security-crypto\6.3.5\spring-security-crypto-6.3.5.jar;C:\Users\刘智文\.m2\repository\io\github\openfeign\feign-core\13.5\feign-core-13.5.jar;C:\Users\刘智文\.m2\repository\io\github\openfeign\feign-slf4j\13.5\feign-slf4j-13.5.jar;C:\Users\刘智文\.m2\repository\org\springframework\cloud\spring-cloud-openfeign-core\4.1.4\spring-cloud-openfeign-core-4.1.4.jar;C:\Users\刘智文\.m2\repository\io\github\openfeign\feign-form-spring\13.5\feign-form-spring-13.5.jar;C:\Users\刘智文\.m2\repository\io\github\openfeign\feign-form\13.5\feign-form-13.5.jar;C:\Users\刘智文\.m2\repository\commons-fileupload\commons-fileupload\1.5\commons-fileupload-1.5.jar;C:\Users\刘智文\.m2\repository\commons-io\commons-io\2.11.0\commons-io-2.11.0.jar;C:\Users\刘智文\.m2\repository\com\alibaba\cloud\spring-cloud-starter-alibaba-nacos-config\2023.0.1.2\spring-cloud-starter-alibaba-nacos-config-2023.0.1.2.jar;C:\Users\刘智文\.m2\repository\com\alibaba\cloud\spring-cloud-alibaba-commons\2023.0.1.2\spring-cloud-alibaba-commons-2023.0.1.2.jar;C:\Users\刘智文\.m2\repository\com\alibaba\spring\spring-context-support\1.0.11\spring-context-support-1.0.11.jar;C:\Users\刘智文\.m2\repository\com\alibaba\nacos\nacos-client\2.3.2\nacos-client-2.3.2.jar;C:\Users\刘智文\.m2\repository\com\alibaba\nacos\nacos-auth-plugin\2.3.2\nacos-auth-plugin-2.3.2.jar;C:\Users\刘智文\.m2\repository\com\alibaba\nacos\nacos-encryption-plugin\2.3.2\nacos-encryption-plugin-2.3.2.jar;C:\Users\刘智文\.m2\repository\commons-codec\commons-codec\1.16.1\commons-codec-1.16.1.jar;C:\Users\刘智文\.m2\repository\com\fasterxml\jackson\core\jackson-core\2.17.3\jackson-core-2.17.3.jar;C:\Users\刘智文\.m2\repository\org\apache\httpcomponents\httpasyncclient\4.1.5\httpasyncclient-4.1.5.jar;C:\Users\刘智文\.m2\repository\org\apache\httpcomponents\httpcore-nio\4.4.16\httpcore-nio-4.4.16.jar;C:\Users\刘智文\.m2\repository\org\apache\httpcomponents\httpclient\4.5.13\httpclient-4.5.13.jar;C:\Users\刘智文\.m2\repository\org\apache\httpcomponents\httpcore\4.4.16\httpcore-4.4.16.jar;C:\Users\刘智文\.m2\repository\io\prometheus\simpleclient\0.16.0\simpleclient-0.16.0.jar;C:\Users\刘智文\.m2\repository\io\prometheus\simpleclient_tracer_otel\0.16.0\simpleclient_tracer_otel-0.16.0.jar;C:\Users\刘智文\.m2\repository\io\prometheus\simpleclient_tracer_common\0.16.0\simpleclient_tracer_common-0.16.0.jar;C:\Users\刘智文\.m2\repository\io\prometheus\simpleclient_tracer_otel_agent\0.16.0\simpleclient_tracer_otel_agent-0.16.0.jar;C:\Users\刘智文\.m2\repository\org\springframework\cloud\spring-cloud-context\4.1.5\spring-cloud-context-4.1.5.jar;C:\Users\刘智文\.m2\repository\jakarta\annotation\jakarta.annotation-api\2.1.1\jakarta.annotation-api-2.1.1.jar;C:\Users\刘智文\.m2\repository\com\alibaba\cloud\spring-cloud-starter-alibaba-nacos-discovery\2023.0.1.2\spring-cloud-starter-alibaba-nacos-discovery-2023.0.1.2.jar;C:\Users\刘智文\.m2\repository\org\springframework\cloud\spring-cloud-starter-bootstrap\4.1.5\spring-cloud-starter-bootstrap-4.1.5.jar;"/>
    <property name="java.vm.vendor" value="Oracle Corporation"/>
    <property name="sun.arch.data.model" value="64"/>
    <property name="user.variant" value=""/>
    <property name="java.vendor.url" value="https://java.oracle.com/"/>
    <property name="user.timezone" value="Asia/Shanghai"/>
    <property name="org.jboss.logging.provider" value="slf4j"/>
    <property name="os.name" value="Windows 11"/>
    <property name="java.vm.specification.version" value="17"/>
    <property name="sun.java.launcher" value="SUN_STANDARD"/>
    <property name="user.country" value="CN"/>
    <property name="sun.boot.library.path" value="D:\JAVA\jdk-17_windows-x64_bin\jdk-17.0.10\bin"/>
    <property name="sun.java.command" value="C:\Users\刘智文\AppData\Local\Temp\surefire7420327723374651456\surefirebooter-20241204221422799_3.jar C:\Users\刘智文\AppData\Local\Temp\surefire7420327723374651456 2024-12-04T22-14-22_232-jvmRun1 surefire-20241204221422799_1tmp surefire_0-20241204221422799_2tmp"/>
    <property name="jdk.debug" value="release"/>
    <property name="surefire.test.class.path" value="D:\JAVA\oomall-2023-1\product\target\test-classes;D:\JAVA\oomall-2023-1\product\target\classes;C:\Users\刘智文\.m2\repository\cn\edu\xmu\javaee\core\0.0.3-SNAPSHOT\core-0.0.3-SNAPSHOT.jar;C:\Users\刘智文\.m2\repository\com\auth0\java-jwt\4.4.0\java-jwt-4.4.0.jar;C:\Users\刘智文\.m2\repository\com\fasterxml\jackson\core\jackson-databind\2.17.3\jackson-databind-2.17.3.jar;C:\Users\刘智文\.m2\repository\com\fasterxml\jackson\core\jackson-annotations\2.17.3\jackson-annotations-2.17.3.jar;C:\Users\刘智文\.m2\repository\com\github\pagehelper\pagehelper-spring-boot-starter\2.1.0\pagehelper-spring-boot-starter-2.1.0.jar;C:\Users\刘智文\.m2\repository\org\mybatis\spring\boot\mybatis-spring-boot-starter\3.0.3\mybatis-spring-boot-starter-3.0.3.jar;C:\Users\刘智文\.m2\repository\org\mybatis\spring\boot\mybatis-spring-boot-autoconfigure\3.0.3\mybatis-spring-boot-autoconfigure-3.0.3.jar;C:\Users\刘智文\.m2\repository\org\mybatis\mybatis\3.5.14\mybatis-3.5.14.jar;C:\Users\刘智文\.m2\repository\org\mybatis\mybatis-spring\3.0.3\mybatis-spring-3.0.3.jar;C:\Users\刘智文\.m2\repository\com\github\pagehelper\pagehelper-spring-boot-autoconfigure\2.1.0\pagehelper-spring-boot-autoconfigure-2.1.0.jar;C:\Users\刘智文\.m2\repository\com\github\pagehelper\pagehelper\6.1.0\pagehelper-6.1.0.jar;C:\Users\刘智文\.m2\repository\com\github\jsqlparser\jsqlparser\4.7\jsqlparser-4.7.jar;C:\Users\刘智文\.m2\repository\org\springframework\cloud\spring-cloud-starter-loadbalancer\4.1.5\spring-cloud-starter-loadbalancer-4.1.5.jar;C:\Users\刘智文\.m2\repository\org\springframework\cloud\spring-cloud-loadbalancer\4.1.5\spring-cloud-loadbalancer-4.1.5.jar;C:\Users\刘智文\.m2\repository\io\projectreactor\addons\reactor-extra\3.5.2\reactor-extra-3.5.2.jar;C:\Users\刘智文\.m2\repository\org\springframework\boot\spring-boot-starter-cache\3.3.6\spring-boot-starter-cache-3.3.6.jar;C:\Users\刘智文\.m2\repository\com\stoyanr\evictor\1.0.0\evictor-1.0.0.jar;C:\Users\刘智文\.m2\repository\com\squareup\javapoet\1.13.0\javapoet-1.13.0.jar;C:\Users\刘智文\.m2\repository\com\google\auto\service\auto-service\1.0.1\auto-service-1.0.1.jar;C:\Users\刘智文\.m2\repository\com\google\auto\service\auto-service-annotations\1.0.1\auto-service-annotations-1.0.1.jar;C:\Users\刘智文\.m2\repository\com\google\auto\auto-common\1.2\auto-common-1.2.jar;C:\Users\刘智文\.m2\repository\com\google\guava\guava\31.0.1-jre\guava-31.0.1-jre.jar;C:\Users\刘智文\.m2\repository\com\google\guava\failureaccess\1.0.1\failureaccess-1.0.1.jar;C:\Users\刘智文\.m2\repository\com\google\guava\listenablefuture\9999.0-empty-to-avoid-conflict-with-guava\listenablefuture-9999.0-empty-to-avoid-conflict-with-guava.jar;C:\Users\刘智文\.m2\repository\com\google\code\findbugs\jsr305\3.0.2\jsr305-3.0.2.jar;C:\Users\刘智文\.m2\repository\org\checkerframework\checker-qual\3.12.0\checker-qual-3.12.0.jar;C:\Users\刘智文\.m2\repository\com\google\errorprone\error_prone_annotations\2.7.1\error_prone_annotations-2.7.1.jar;C:\Users\刘智文\.m2\repository\com\google\j2objc\j2objc-annotations\1.3\j2objc-annotations-1.3.jar;C:\Users\刘智文\.m2\repository\org\springframework\boot\spring-boot-starter-web\3.3.6\spring-boot-starter-web-3.3.6.jar;C:\Users\刘智文\.m2\repository\org\springframework\boot\spring-boot-starter\3.3.6\spring-boot-starter-3.3.6.jar;C:\Users\刘智文\.m2\repository\org\springframework\boot\spring-boot\3.3.6\spring-boot-3.3.6.jar;C:\Users\刘智文\.m2\repository\org\springframework\boot\spring-boot-starter-logging\3.3.6\spring-boot-starter-logging-3.3.6.jar;C:\Users\刘智文\.m2\repository\ch\qos\logback\logback-classic\1.5.12\logback-classic-1.5.12.jar;C:\Users\刘智文\.m2\repository\ch\qos\logback\logback-core\1.5.12\logback-core-1.5.12.jar;C:\Users\刘智文\.m2\repository\org\apache\logging\log4j\log4j-to-slf4j\2.23.1\log4j-to-slf4j-2.23.1.jar;C:\Users\刘智文\.m2\repository\org\apache\logging\log4j\log4j-api\2.23.1\log4j-api-2.23.1.jar;C:\Users\刘智文\.m2\repository\org\slf4j\jul-to-slf4j\2.0.16\jul-to-slf4j-2.0.16.jar;C:\Users\刘智文\.m2\repository\org\yaml\snakeyaml\2.2\snakeyaml-2.2.jar;C:\Users\刘智文\.m2\repository\org\springframework\boot\spring-boot-starter-json\3.3.6\spring-boot-starter-json-3.3.6.jar;C:\Users\刘智文\.m2\repository\com\fasterxml\jackson\datatype\jackson-datatype-jdk8\2.17.3\jackson-datatype-jdk8-2.17.3.jar;C:\Users\刘智文\.m2\repository\com\fasterxml\jackson\datatype\jackson-datatype-jsr310\2.17.3\jackson-datatype-jsr310-2.17.3.jar;C:\Users\刘智文\.m2\repository\com\fasterxml\jackson\module\jackson-module-parameter-names\2.17.3\jackson-module-parameter-names-2.17.3.jar;C:\Users\刘智文\.m2\repository\org\springframework\boot\spring-boot-starter-tomcat\3.3.6\spring-boot-starter-tomcat-3.3.6.jar;C:\Users\刘智文\.m2\repository\org\apache\tomcat\embed\tomcat-embed-core\10.1.33\tomcat-embed-core-10.1.33.jar;C:\Users\刘智文\.m2\repository\org\apache\tomcat\embed\tomcat-embed-websocket\10.1.33\tomcat-embed-websocket-10.1.33.jar;C:\Users\刘智文\.m2\repository\org\springframework\spring-web\6.1.15\spring-web-6.1.15.jar;C:\Users\刘智文\.m2\repository\org\springframework\spring-beans\6.1.15\spring-beans-6.1.15.jar;C:\Users\刘智文\.m2\repository\org\springframework\spring-webmvc\6.1.15\spring-webmvc-6.1.15.jar;C:\Users\刘智文\.m2\repository\org\springframework\spring-context\6.1.15\spring-context-6.1.15.jar;C:\Users\刘智文\.m2\repository\org\springframework\spring-expression\6.1.15\spring-expression-6.1.15.jar;C:\Users\刘智文\.m2\repository\org\springframework\boot\spring-boot-starter-actuator\3.3.6\spring-boot-starter-actuator-3.3.6.jar;C:\Users\刘智文\.m2\repository\org\springframework\boot\spring-boot-actuator-autoconfigure\3.3.6\spring-boot-actuator-autoconfigure-3.3.6.jar;C:\Users\刘智文\.m2\repository\org\springframework\boot\spring-boot-actuator\3.3.6\spring-boot-actuator-3.3.6.jar;C:\Users\刘智文\.m2\repository\io\micrometer\micrometer-observation\1.13.8\micrometer-observation-1.13.8.jar;C:\Users\刘智文\.m2\repository\io\micrometer\micrometer-commons\1.13.8\micrometer-commons-1.13.8.jar;C:\Users\刘智文\.m2\repository\io\micrometer\micrometer-jakarta9\1.13.8\micrometer-jakarta9-1.13.8.jar;C:\Users\刘智文\.m2\repository\io\micrometer\micrometer-core\1.13.8\micrometer-core-1.13.8.jar;C:\Users\刘智文\.m2\repository\org\hdrhistogram\HdrHistogram\2.2.2\HdrHistogram-2.2.2.jar;C:\Users\刘智文\.m2\repository\org\latencyutils\LatencyUtils\2.0.3\LatencyUtils-2.0.3.jar;C:\Users\刘智文\.m2\repository\org\springframework\boot\spring-boot-starter-validation\3.3.6\spring-boot-starter-validation-3.3.6.jar;C:\Users\刘智文\.m2\repository\org\apache\tomcat\embed\tomcat-embed-el\10.1.33\tomcat-embed-el-10.1.33.jar;C:\Users\刘智文\.m2\repository\org\hibernate\validator\hibernate-validator\8.0.1.Final\hibernate-validator-8.0.1.Final.jar;C:\Users\刘智文\.m2\repository\jakarta\validation\jakarta.validation-api\3.0.2\jakarta.validation-api-3.0.2.jar;C:\Users\刘智文\.m2\repository\org\jboss\logging\jboss-logging\3.5.3.Final\jboss-logging-3.5.3.Final.jar;C:\Users\刘智文\.m2\repository\com\fasterxml\classmate\1.7.0\classmate-1.7.0.jar;C:\Users\刘智文\.m2\repository\org\springframework\boot\spring-boot-starter-aop\3.3.6\spring-boot-starter-aop-3.3.6.jar;C:\Users\刘智文\.m2\repository\org\springframework\spring-aop\6.1.15\spring-aop-6.1.15.jar;C:\Users\刘智文\.m2\repository\org\aspectj\aspectjweaver\1.9.22.1\aspectjweaver-1.9.22.1.jar;C:\Users\刘智文\.m2\repository\org\springframework\boot\spring-boot-starter-data-redis\3.3.6\spring-boot-starter-data-redis-3.3.6.jar;C:\Users\刘智文\.m2\repository\io\lettuce\lettuce-core\6.3.2.RELEASE\lettuce-core-6.3.2.RELEASE.jar;C:\Users\刘智文\.m2\repository\io\netty\netty-common\4.1.115.Final\netty-common-4.1.115.Final.jar;C:\Users\刘智文\.m2\repository\io\netty\netty-handler\4.1.115.Final\netty-handler-4.1.115.Final.jar;C:\Users\刘智文\.m2\repository\io\netty\netty-resolver\4.1.115.Final\netty-resolver-4.1.115.Final.jar;C:\Users\刘智文\.m2\repository\io\netty\netty-buffer\4.1.115.Final\netty-buffer-4.1.115.Final.jar;C:\Users\刘智文\.m2\repository\io\netty\netty-transport-native-unix-common\4.1.115.Final\netty-transport-native-unix-common-4.1.115.Final.jar;C:\Users\刘智文\.m2\repository\io\netty\netty-codec\4.1.115.Final\netty-codec-4.1.115.Final.jar;C:\Users\刘智文\.m2\repository\io\netty\netty-transport\4.1.115.Final\netty-transport-4.1.115.Final.jar;C:\Users\刘智文\.m2\repository\io\projectreactor\reactor-core\3.6.12\reactor-core-3.6.12.jar;C:\Users\刘智文\.m2\repository\org\reactivestreams\reactive-streams\1.0.4\reactive-streams-1.0.4.jar;C:\Users\刘智文\.m2\repository\org\springframework\data\spring-data-redis\3.3.6\spring-data-redis-3.3.6.jar;C:\Users\刘智文\.m2\repository\org\springframework\data\spring-data-keyvalue\3.3.6\spring-data-keyvalue-3.3.6.jar;C:\Users\刘智文\.m2\repository\org\springframework\spring-tx\6.1.15\spring-tx-6.1.15.jar;C:\Users\刘智文\.m2\repository\org\springframework\spring-oxm\6.1.15\spring-oxm-6.1.15.jar;C:\Users\刘智文\.m2\repository\org\springframework\spring-context-support\6.1.15\spring-context-support-6.1.15.jar;C:\Users\刘智文\.m2\repository\org\springframework\boot\spring-boot-starter-data-jpa\3.3.6\spring-boot-starter-data-jpa-3.3.6.jar;C:\Users\刘智文\.m2\repository\org\springframework\boot\spring-boot-starter-jdbc\3.3.6\spring-boot-starter-jdbc-3.3.6.jar;C:\Users\刘智文\.m2\repository\com\zaxxer\HikariCP\5.1.0\HikariCP-5.1.0.jar;C:\Users\刘智文\.m2\repository\org\springframework\spring-jdbc\6.1.15\spring-jdbc-6.1.15.jar;C:\Users\刘智文\.m2\repository\org\hibernate\orm\hibernate-core\6.5.3.Final\hibernate-core-6.5.3.Final.jar;C:\Users\刘智文\.m2\repository\jakarta\persistence\jakarta.persistence-api\3.1.0\jakarta.persistence-api-3.1.0.jar;C:\Users\刘智文\.m2\repository\jakarta\transaction\jakarta.transaction-api\2.0.1\jakarta.transaction-api-2.0.1.jar;C:\Users\刘智文\.m2\repository\org\hibernate\common\hibernate-commons-annotations\6.0.6.Final\hibernate-commons-annotations-6.0.6.Final.jar;C:\Users\刘智文\.m2\repository\io\smallrye\jandex\3.1.2\jandex-3.1.2.jar;C:\Users\刘智文\.m2\repository\net\bytebuddy\byte-buddy\1.14.19\byte-buddy-1.14.19.jar;C:\Users\刘智文\.m2\repository\jakarta\inject\jakarta.inject-api\2.0.1\jakarta.inject-api-2.0.1.jar;C:\Users\刘智文\.m2\repository\org\antlr\antlr4-runtime\4.13.0\antlr4-runtime-4.13.0.jar;C:\Users\刘智文\.m2\repository\org\springframework\data\spring-data-jpa\3.3.6\spring-data-jpa-3.3.6.jar;C:\Users\刘智文\.m2\repository\org\springframework\data\spring-data-commons\3.3.6\spring-data-commons-3.3.6.jar;C:\Users\刘智文\.m2\repository\org\springframework\spring-orm\6.1.15\spring-orm-6.1.15.jar;C:\Users\刘智文\.m2\repository\org\springframework\spring-aspects\6.1.15\spring-aspects-6.1.15.jar;C:\Users\刘智文\.m2\repository\org\springframework\boot\spring-boot-starter-data-mongodb\3.3.6\spring-boot-starter-data-mongodb-3.3.6.jar;C:\Users\刘智文\.m2\repository\org\mongodb\mongodb-driver-sync\5.0.1\mongodb-driver-sync-5.0.1.jar;C:\Users\刘智文\.m2\repository\org\mongodb\bson\5.0.1\bson-5.0.1.jar;C:\Users\刘智文\.m2\repository\org\mongodb\mongodb-driver-core\5.0.1\mongodb-driver-core-5.0.1.jar;C:\Users\刘智文\.m2\repository\org\mongodb\bson-record-codec\5.0.1\bson-record-codec-5.0.1.jar;C:\Users\刘智文\.m2\repository\org\springframework\data\spring-data-mongodb\4.3.6\spring-data-mongodb-4.3.6.jar;C:\Users\刘智文\.m2\repository\org\springframework\boot\spring-boot-starter-test\3.3.6\spring-boot-starter-test-3.3.6.jar;C:\Users\刘智文\.m2\repository\org\springframework\boot\spring-boot-test\3.3.6\spring-boot-test-3.3.6.jar;C:\Users\刘智文\.m2\repository\org\springframework\boot\spring-boot-test-autoconfigure\3.3.6\spring-boot-test-autoconfigure-3.3.6.jar;C:\Users\刘智文\.m2\repository\com\jayway\jsonpath\json-path\2.9.0\json-path-2.9.0.jar;C:\Users\刘智文\.m2\repository\jakarta\xml\bind\jakarta.xml.bind-api\4.0.2\jakarta.xml.bind-api-4.0.2.jar;C:\Users\刘智文\.m2\repository\jakarta\activation\jakarta.activation-api\2.1.3\jakarta.activation-api-2.1.3.jar;C:\Users\刘智文\.m2\repository\net\minidev\json-smart\2.5.1\json-smart-2.5.1.jar;C:\Users\刘智文\.m2\repository\net\minidev\accessors-smart\2.5.1\accessors-smart-2.5.1.jar;C:\Users\刘智文\.m2\repository\org\ow2\asm\asm\9.6\asm-9.6.jar;C:\Users\刘智文\.m2\repository\org\assertj\assertj-core\3.25.3\assertj-core-3.25.3.jar;C:\Users\刘智文\.m2\repository\org\awaitility\awaitility\4.2.2\awaitility-4.2.2.jar;C:\Users\刘智文\.m2\repository\org\hamcrest\hamcrest\2.2\hamcrest-2.2.jar;C:\Users\刘智文\.m2\repository\org\junit\jupiter\junit-jupiter\5.10.5\junit-jupiter-5.10.5.jar;C:\Users\刘智文\.m2\repository\org\junit\jupiter\junit-jupiter-api\5.10.5\junit-jupiter-api-5.10.5.jar;C:\Users\刘智文\.m2\repository\org\opentest4j\opentest4j\1.3.0\opentest4j-1.3.0.jar;C:\Users\刘智文\.m2\repository\org\junit\platform\junit-platform-commons\1.10.5\junit-platform-commons-1.10.5.jar;C:\Users\刘智文\.m2\repository\org\apiguardian\apiguardian-api\1.1.2\apiguardian-api-1.1.2.jar;C:\Users\刘智文\.m2\repository\org\junit\jupiter\junit-jupiter-params\5.10.5\junit-jupiter-params-5.10.5.jar;C:\Users\刘智文\.m2\repository\org\junit\jupiter\junit-jupiter-engine\5.10.5\junit-jupiter-engine-5.10.5.jar;C:\Users\刘智文\.m2\repository\org\junit\platform\junit-platform-engine\1.10.5\junit-platform-engine-1.10.5.jar;C:\Users\刘智文\.m2\repository\org\mockito\mockito-core\5.11.0\mockito-core-5.11.0.jar;C:\Users\刘智文\.m2\repository\net\bytebuddy\byte-buddy-agent\1.14.19\byte-buddy-agent-1.14.19.jar;C:\Users\刘智文\.m2\repository\org\objenesis\objenesis\3.3\objenesis-3.3.jar;C:\Users\刘智文\.m2\repository\org\mockito\mockito-junit-jupiter\5.11.0\mockito-junit-jupiter-5.11.0.jar;C:\Users\刘智文\.m2\repository\org\skyscreamer\jsonassert\1.5.3\jsonassert-1.5.3.jar;C:\Users\刘智文\.m2\repository\com\vaadin\external\google\android-json\0.0.20131108.vaadin1\android-json-0.0.20131108.vaadin1.jar;C:\Users\刘智文\.m2\repository\org\springframework\spring-core\6.1.15\spring-core-6.1.15.jar;C:\Users\刘智文\.m2\repository\org\springframework\spring-jcl\6.1.15\spring-jcl-6.1.15.jar;C:\Users\刘智文\.m2\repository\org\springframework\spring-test\6.1.15\spring-test-6.1.15.jar;C:\Users\刘智文\.m2\repository\org\xmlunit\xmlunit-core\2.9.1\xmlunit-core-2.9.1.jar;C:\Users\刘智文\.m2\repository\org\projectlombok\lombok\1.18.36\lombok-1.18.36.jar;C:\Users\刘智文\.m2\repository\com\mysql\mysql-connector-j\9.1.0\mysql-connector-j-9.1.0.jar;C:\Users\刘智文\.m2\repository\com\google\protobuf\protobuf-java\4.26.1\protobuf-java-4.26.1.jar;C:\Users\刘智文\.m2\repository\com\alibaba\druid-spring-boot-starter\1.2.24\druid-spring-boot-starter-1.2.24.jar;C:\Users\刘智文\.m2\repository\com\alibaba\druid\1.2.24\druid-1.2.24.jar;C:\Users\刘智文\.m2\repository\org\slf4j\slf4j-api\2.0.16\slf4j-api-2.0.16.jar;C:\Users\刘智文\.m2\repository\org\springframework\boot\spring-boot-autoconfigure\3.3.6\spring-boot-autoconfigure-3.3.6.jar;C:\Users\刘智文\.m2\repository\org\glassfish\jaxb\jaxb-runtime\4.0.5\jaxb-runtime-4.0.5.jar;C:\Users\刘智文\.m2\repository\org\glassfish\jaxb\jaxb-core\4.0.5\jaxb-core-4.0.5.jar;C:\Users\刘智文\.m2\repository\org\eclipse\angus\angus-activation\2.0.2\angus-activation-2.0.2.jar;C:\Users\刘智文\.m2\repository\org\glassfish\jaxb\txw2\4.0.5\txw2-4.0.5.jar;C:\Users\刘智文\.m2\repository\com\sun\istack\istack-commons-runtime\4.1.2\istack-commons-runtime-4.1.2.jar;C:\Users\刘智文\.m2\repository\org\apache\rocketmq\rocketmq-spring-boot-starter\2.3.1\rocketmq-spring-boot-starter-2.3.1.jar;C:\Users\刘智文\.m2\repository\org\apache\rocketmq\rocketmq-spring-boot\2.3.1\rocketmq-spring-boot-2.3.1.jar;C:\Users\刘智文\.m2\repository\org\apache\rocketmq\rocketmq-client\5.3.0\rocketmq-client-5.3.0.jar;C:\Users\刘智文\.m2\repository\org\apache\rocketmq\rocketmq-remoting\5.3.0\rocketmq-remoting-5.3.0.jar;C:\Users\刘智文\.m2\repository\org\reflections\reflections\0.9.11\reflections-0.9.11.jar;C:\Users\刘智文\.m2\repository\org\javassist\javassist\3.21.0-GA\javassist-3.21.0-GA.jar;C:\Users\刘智文\.m2\repository\org\apache\commons\commons-lang3\3.14.0\commons-lang3-3.14.0.jar;C:\Users\刘智文\.m2\repository\io\github\aliyunmq\rocketmq-slf4j-api\1.0.1\rocketmq-slf4j-api-1.0.1.jar;C:\Users\刘智文\.m2\repository\io\github\aliyunmq\rocketmq-logback-classic\1.0.1\rocketmq-logback-classic-1.0.1.jar;C:\Users\刘智文\.m2\repository\org\apache\rocketmq\rocketmq-acl\5.3.0\rocketmq-acl-5.3.0.jar;C:\Users\刘智文\.m2\repository\org\apache\rocketmq\rocketmq-proto\2.0.3\rocketmq-proto-2.0.3.jar;C:\Users\刘智文\.m2\repository\org\apache\rocketmq\rocketmq-common\5.3.0\rocketmq-common-5.3.0.jar;C:\Users\刘智文\.m2\repository\com\alibaba\fastjson\1.2.83\fastjson-1.2.83.jar;C:\Users\刘智文\.m2\repository\com\alibaba\fastjson2\fastjson2\2.0.43\fastjson2-2.0.43.jar;C:\Users\刘智文\.m2\repository\io\netty\netty-all\4.1.115.Final\netty-all-4.1.115.Final.jar;C:\Users\刘智文\.m2\repository\io\netty\netty-codec-dns\4.1.115.Final\netty-codec-dns-4.1.115.Final.jar;C:\Users\刘智文\.m2\repository\io\netty\netty-codec-haproxy\4.1.115.Final\netty-codec-haproxy-4.1.115.Final.jar;C:\Users\刘智文\.m2\repository\io\netty\netty-codec-http\4.1.115.Final\netty-codec-http-4.1.115.Final.jar;C:\Users\刘智文\.m2\repository\io\netty\netty-codec-http2\4.1.115.Final\netty-codec-http2-4.1.115.Final.jar;C:\Users\刘智文\.m2\repository\io\netty\netty-codec-memcache\4.1.115.Final\netty-codec-memcache-4.1.115.Final.jar;C:\Users\刘智文\.m2\repository\io\netty\netty-codec-mqtt\4.1.115.Final\netty-codec-mqtt-4.1.115.Final.jar;C:\Users\刘智文\.m2\repository\io\netty\netty-codec-redis\4.1.115.Final\netty-codec-redis-4.1.115.Final.jar;C:\Users\刘智文\.m2\repository\io\netty\netty-codec-smtp\4.1.115.Final\netty-codec-smtp-4.1.115.Final.jar;C:\Users\刘智文\.m2\repository\io\netty\netty-codec-socks\4.1.115.Final\netty-codec-socks-4.1.115.Final.jar;C:\Users\刘智文\.m2\repository\io\netty\netty-codec-stomp\4.1.115.Final\netty-codec-stomp-4.1.115.Final.jar;C:\Users\刘智文\.m2\repository\io\netty\netty-codec-xml\4.1.115.Final\netty-codec-xml-4.1.115.Final.jar;C:\Users\刘智文\.m2\repository\io\netty\netty-handler-proxy\4.1.115.Final\netty-handler-proxy-4.1.115.Final.jar;C:\Users\刘智文\.m2\repository\io\netty\netty-handler-ssl-ocsp\4.1.115.Final\netty-handler-ssl-ocsp-4.1.115.Final.jar;C:\Users\刘智文\.m2\repository\io\netty\netty-resolver-dns\4.1.115.Final\netty-resolver-dns-4.1.115.Final.jar;C:\Users\刘智文\.m2\repository\io\netty\netty-transport-rxtx\4.1.115.Final\netty-transport-rxtx-4.1.115.Final.jar;C:\Users\刘智文\.m2\repository\io\netty\netty-transport-sctp\4.1.115.Final\netty-transport-sctp-4.1.115.Final.jar;C:\Users\刘智文\.m2\repository\io\netty\netty-transport-udt\4.1.115.Final\netty-transport-udt-4.1.115.Final.jar;C:\Users\刘智文\.m2\repository\io\netty\netty-transport-classes-epoll\4.1.115.Final\netty-transport-classes-epoll-4.1.115.Final.jar;C:\Users\刘智文\.m2\repository\io\netty\netty-transport-classes-kqueue\4.1.115.Final\netty-transport-classes-kqueue-4.1.115.Final.jar;C:\Users\刘智文\.m2\repository\io\netty\netty-resolver-dns-classes-macos\4.1.115.Final\netty-resolver-dns-classes-macos-4.1.115.Final.jar;C:\Users\刘智文\.m2\repository\io\netty\netty-transport-native-epoll\4.1.115.Final\netty-transport-native-epoll-4.1.115.Final-linux-x86_64.jar;C:\Users\刘智文\.m2\repository\io\netty\netty-transport-native-epoll\4.1.115.Final\netty-transport-native-epoll-4.1.115.Final-linux-aarch_64.jar;C:\Users\刘智文\.m2\repository\io\netty\netty-transport-native-epoll\4.1.115.Final\netty-transport-native-epoll-4.1.115.Final-linux-riscv64.jar;C:\Users\刘智文\.m2\repository\io\netty\netty-transport-native-kqueue\4.1.115.Final\netty-transport-native-kqueue-4.1.115.Final-osx-x86_64.jar;C:\Users\刘智文\.m2\repository\io\netty\netty-transport-native-kqueue\4.1.115.Final\netty-transport-native-kqueue-4.1.115.Final-osx-aarch_64.jar;C:\Users\刘智文\.m2\repository\io\netty\netty-resolver-dns-native-macos\4.1.115.Final\netty-resolver-dns-native-macos-4.1.115.Final-osx-x86_64.jar;C:\Users\刘智文\.m2\repository\io\netty\netty-resolver-dns-native-macos\4.1.115.Final\netty-resolver-dns-native-macos-4.1.115.Final-osx-aarch_64.jar;C:\Users\刘智文\.m2\repository\com\github\luben\zstd-jni\1.5.2-2\zstd-jni-1.5.2-2.jar;C:\Users\刘智文\.m2\repository\org\lz4\lz4-java\1.8.0\lz4-java-1.8.0.jar;C:\Users\刘智文\.m2\repository\io\opentelemetry\opentelemetry-exporter-otlp\1.38.0\opentelemetry-exporter-otlp-1.38.0.jar;C:\Users\刘智文\.m2\repository\io\opentelemetry\opentelemetry-sdk-trace\1.38.0\opentelemetry-sdk-trace-1.38.0.jar;C:\Users\刘智文\.m2\repository\io\opentelemetry\opentelemetry-sdk-metrics\1.38.0\opentelemetry-sdk-metrics-1.38.0.jar;C:\Users\刘智文\.m2\repository\io\opentelemetry\opentelemetry-api-incubator\1.38.0-alpha\opentelemetry-api-incubator-1.38.0-alpha.jar;C:\Users\刘智文\.m2\repository\io\opentelemetry\opentelemetry-sdk-logs\1.38.0\opentelemetry-sdk-logs-1.38.0.jar;C:\Users\刘智文\.m2\repository\io\opentelemetry\opentelemetry-exporter-otlp-common\1.38.0\opentelemetry-exporter-otlp-common-1.38.0.jar;C:\Users\刘智文\.m2\repository\io\opentelemetry\opentelemetry-exporter-common\1.38.0\opentelemetry-exporter-common-1.38.0.jar;C:\Users\刘智文\.m2\repository\io\opentelemetry\opentelemetry-exporter-sender-okhttp\1.38.0\opentelemetry-exporter-sender-okhttp-1.38.0.jar;C:\Users\刘智文\.m2\repository\com\squareup\okhttp3\okhttp\4.12.0\okhttp-4.12.0.jar;C:\Users\刘智文\.m2\repository\com\squareup\okio\okio\3.6.0\okio-3.6.0.jar;C:\Users\刘智文\.m2\repository\org\jetbrains\kotlin\kotlin-stdlib-jdk8\1.9.25\kotlin-stdlib-jdk8-1.9.25.jar;C:\Users\刘智文\.m2\repository\org\jetbrains\kotlin\kotlin-stdlib\1.9.25\kotlin-stdlib-1.9.25.jar;C:\Users\刘智文\.m2\repository\org\jetbrains\annotations\13.0\annotations-13.0.jar;C:\Users\刘智文\.m2\repository\org\jetbrains\kotlin\kotlin-stdlib-jdk7\1.9.25\kotlin-stdlib-jdk7-1.9.25.jar;C:\Users\刘智文\.m2\repository\io\opentelemetry\opentelemetry-sdk-extension-autoconfigure-spi\1.38.0\opentelemetry-sdk-extension-autoconfigure-spi-1.38.0.jar;C:\Users\刘智文\.m2\repository\io\opentelemetry\opentelemetry-exporter-prometheus\1.29.0-alpha\opentelemetry-exporter-prometheus-1.29.0-alpha.jar;C:\Users\刘智文\.m2\repository\io\opentelemetry\opentelemetry-exporter-logging\1.38.0\opentelemetry-exporter-logging-1.38.0.jar;C:\Users\刘智文\.m2\repository\io\opentelemetry\opentelemetry-sdk\1.38.0\opentelemetry-sdk-1.38.0.jar;C:\Users\刘智文\.m2\repository\io\opentelemetry\opentelemetry-api\1.38.0\opentelemetry-api-1.38.0.jar;C:\Users\刘智文\.m2\repository\io\opentelemetry\opentelemetry-context\1.38.0\opentelemetry-context-1.38.0.jar;C:\Users\刘智文\.m2\repository\io\opentelemetry\opentelemetry-sdk-common\1.38.0\opentelemetry-sdk-common-1.38.0.jar;C:\Users\刘智文\.m2\repository\io\opentelemetry\opentelemetry-exporter-logging-otlp\1.38.0\opentelemetry-exporter-logging-otlp-1.38.0.jar;C:\Users\刘智文\.m2\repository\io\grpc\grpc-stub\1.53.0\grpc-stub-1.53.0.jar;C:\Users\刘智文\.m2\repository\io\grpc\grpc-api\1.53.0\grpc-api-1.53.0.jar;C:\Users\刘智文\.m2\repository\io\grpc\grpc-context\1.53.0\grpc-context-1.53.0.jar;C:\Users\刘智文\.m2\repository\io\grpc\grpc-netty-shaded\1.53.0\grpc-netty-shaded-1.53.0.jar;C:\Users\刘智文\.m2\repository\io\perfmark\perfmark-api\0.25.0\perfmark-api-0.25.0.jar;C:\Users\刘智文\.m2\repository\io\grpc\grpc-core\1.53.0\grpc-core-1.53.0.jar;C:\Users\刘智文\.m2\repository\com\google\code\gson\gson\2.10.1\gson-2.10.1.jar;C:\Users\刘智文\.m2\repository\com\google\android\annotations\4.1.1.4\annotations-4.1.1.4.jar;C:\Users\刘智文\.m2\repository\org\codehaus\mojo\animal-sniffer-annotations\1.21\animal-sniffer-annotations-1.21.jar;C:\Users\刘智文\.m2\repository\com\squareup\okio\okio-jvm\3.4.0\okio-jvm-3.4.0.jar;C:\Users\刘智文\.m2\repository\org\apache\rocketmq\rocketmq-srvutil\5.3.0\rocketmq-srvutil-5.3.0.jar;C:\Users\刘智文\.m2\repository\commons-cli\commons-cli\1.5.0\commons-cli-1.5.0.jar;C:\Users\刘智文\.m2\repository\com\googlecode\concurrentlinkedhashmap\concurrentlinkedhashmap-lru\1.4.2\concurrentlinkedhashmap-lru-1.4.2.jar;C:\Users\刘智文\.m2\repository\commons-validator\commons-validator\1.7\commons-validator-1.7.jar;C:\Users\刘智文\.m2\repository\commons-beanutils\commons-beanutils\1.9.4\commons-beanutils-1.9.4.jar;C:\Users\刘智文\.m2\repository\commons-digester\commons-digester\2.1\commons-digester-2.1.jar;C:\Users\刘智文\.m2\repository\commons-logging\commons-logging\1.2\commons-logging-1.2.jar;C:\Users\刘智文\.m2\repository\commons-collections\commons-collections\3.2.2\commons-collections-3.2.2.jar;C:\Users\刘智文\.m2\repository\com\google\protobuf\protobuf-java-util\3.20.1\protobuf-java-util-3.20.1.jar;C:\Users\刘智文\.m2\repository\org\springframework\spring-messaging\6.1.15\spring-messaging-6.1.15.jar;C:\Users\刘智文\.m2\repository\org\springframework\cloud\spring-cloud-starter-openfeign\4.1.4\spring-cloud-starter-openfeign-4.1.4.jar;C:\Users\刘智文\.m2\repository\org\springframework\cloud\spring-cloud-starter\4.1.5\spring-cloud-starter-4.1.5.jar;C:\Users\刘智文\.m2\repository\org\springframework\security\spring-security-rsa\1.1.3\spring-security-rsa-1.1.3.jar;C:\Users\刘智文\.m2\repository\org\bouncycastle\bcprov-jdk18on\1.78\bcprov-jdk18on-1.78.jar;C:\Users\刘智文\.m2\repository\org\springframework\cloud\spring-cloud-commons\4.1.5\spring-cloud-commons-4.1.5.jar;C:\Users\刘智文\.m2\repository\org\springframework\security\spring-security-crypto\6.3.5\spring-security-crypto-6.3.5.jar;C:\Users\刘智文\.m2\repository\io\github\openfeign\feign-core\13.5\feign-core-13.5.jar;C:\Users\刘智文\.m2\repository\io\github\openfeign\feign-slf4j\13.5\feign-slf4j-13.5.jar;C:\Users\刘智文\.m2\repository\org\springframework\cloud\spring-cloud-openfeign-core\4.1.4\spring-cloud-openfeign-core-4.1.4.jar;C:\Users\刘智文\.m2\repository\io\github\openfeign\feign-form-spring\13.5\feign-form-spring-13.5.jar;C:\Users\刘智文\.m2\repository\io\github\openfeign\feign-form\13.5\feign-form-13.5.jar;C:\Users\刘智文\.m2\repository\commons-fileupload\commons-fileupload\1.5\commons-fileupload-1.5.jar;C:\Users\刘智文\.m2\repository\commons-io\commons-io\2.11.0\commons-io-2.11.0.jar;C:\Users\刘智文\.m2\repository\com\alibaba\cloud\spring-cloud-starter-alibaba-nacos-config\2023.0.1.2\spring-cloud-starter-alibaba-nacos-config-2023.0.1.2.jar;C:\Users\刘智文\.m2\repository\com\alibaba\cloud\spring-cloud-alibaba-commons\2023.0.1.2\spring-cloud-alibaba-commons-2023.0.1.2.jar;C:\Users\刘智文\.m2\repository\com\alibaba\spring\spring-context-support\1.0.11\spring-context-support-1.0.11.jar;C:\Users\刘智文\.m2\repository\com\alibaba\nacos\nacos-client\2.3.2\nacos-client-2.3.2.jar;C:\Users\刘智文\.m2\repository\com\alibaba\nacos\nacos-auth-plugin\2.3.2\nacos-auth-plugin-2.3.2.jar;C:\Users\刘智文\.m2\repository\com\alibaba\nacos\nacos-encryption-plugin\2.3.2\nacos-encryption-plugin-2.3.2.jar;C:\Users\刘智文\.m2\repository\commons-codec\commons-codec\1.16.1\commons-codec-1.16.1.jar;C:\Users\刘智文\.m2\repository\com\fasterxml\jackson\core\jackson-core\2.17.3\jackson-core-2.17.3.jar;C:\Users\刘智文\.m2\repository\org\apache\httpcomponents\httpasyncclient\4.1.5\httpasyncclient-4.1.5.jar;C:\Users\刘智文\.m2\repository\org\apache\httpcomponents\httpcore-nio\4.4.16\httpcore-nio-4.4.16.jar;C:\Users\刘智文\.m2\repository\org\apache\httpcomponents\httpclient\4.5.13\httpclient-4.5.13.jar;C:\Users\刘智文\.m2\repository\org\apache\httpcomponents\httpcore\4.4.16\httpcore-4.4.16.jar;C:\Users\刘智文\.m2\repository\io\prometheus\simpleclient\0.16.0\simpleclient-0.16.0.jar;C:\Users\刘智文\.m2\repository\io\prometheus\simpleclient_tracer_otel\0.16.0\simpleclient_tracer_otel-0.16.0.jar;C:\Users\刘智文\.m2\repository\io\prometheus\simpleclient_tracer_common\0.16.0\simpleclient_tracer_common-0.16.0.jar;C:\Users\刘智文\.m2\repository\io\prometheus\simpleclient_tracer_otel_agent\0.16.0\simpleclient_tracer_otel_agent-0.16.0.jar;C:\Users\刘智文\.m2\repository\org\springframework\cloud\spring-cloud-context\4.1.5\spring-cloud-context-4.1.5.jar;C:\Users\刘智文\.m2\repository\jakarta\annotation\jakarta.annotation-api\2.1.1\jakarta.annotation-api-2.1.1.jar;C:\Users\刘智文\.m2\repository\com\alibaba\cloud\spring-cloud-starter-alibaba-nacos-discovery\2023.0.1.2\spring-cloud-starter-alibaba-nacos-discovery-2023.0.1.2.jar;C:\Users\刘智文\.m2\repository\org\springframework\cloud\spring-cloud-starter-bootstrap\4.1.5\spring-cloud-starter-bootstrap-4.1.5.jar;"/>
    <property name="sun.cpu.endian" value="little"/>
    <property name="user.home" value="C:\Users\刘智文"/>
    <property name="user.language" value="zh"/>
    <property name="java.specification.vendor" value="Oracle Corporation"/>
    <property name="java.version.date" value="2024-01-16"/>
    <property name="java.home" value="D:\JAVA\jdk-17_windows-x64_bin\jdk-17.0.10"/>
    <property name="file.separator" value="\"/>
    <property name="basedir" value="D:\JAVA\oomall-2023-1\product"/>
    <property name="java.vm.compressedOopsMode" value="Zero based"/>
    <property name="line.separator" value="&#10;"/>
    <property name="java.vm.specification.vendor" value="Oracle Corporation"/>
    <property name="java.specification.name" value="Java Platform API Specification"/>
    <property name="FILE_LOG_CHARSET" value="UTF-8"/>
    <property name="java.awt.headless" value="true"/>
    <property name="surefire.real.class.path" value="C:\Users\刘智文\AppData\Local\Temp\surefire7420327723374651456\surefirebooter-20241204221422799_3.jar"/>
    <property name="user.script" value=""/>
    <property name="sun.management.compiler" value="HotSpot 64-Bit Tiered Compilers"/>
    <property name="java.runtime.version" value="17.0.10+11-LTS-240"/>
    <property name="user.name" value="刘智文"/>
    <property name="path.separator" value=";"/>
    <property name="os.version" value="10.0"/>
    <property name="java.runtime.name" value="Java(TM) SE Runtime Environment"/>
    <property name="file.encoding" value="UTF-8"/>
    <property name="java.vm.name" value="Java HotSpot(TM) 64-Bit Server VM"/>
    <property name="rocketmq.remoting.version" value="473"/>
    <property name="localRepository" value="C:\Users\刘智文\.m2\repository"/>
    <property name="java.vendor.url.bug" value="https://bugreport.java.com/bugreport/"/>
    <property name="java.io.tmpdir" value="C:\Users\刘智文\AppData\Local\Temp\"/>
    <property name="idea.version" value="2024.1.4"/>
    <property name="java.version" value="17.0.10"/>
    <property name="user.dir" value="D:\JAVA\oomall-2023-1\product"/>
    <property name="os.arch" value="amd64"/>
    <property name="java.vm.specification.name" value="Java Virtual Machine Specification"/>
    <property name="PID" value="41176"/>
    <property name="sun.os.patch.level" value=""/>
    <property name="CONSOLE_LOG_CHARSET" value="UTF-8"/>
    <property name="native.encoding" value="GBK"/>
    <property name="java.library.path" value="D:\JAVA\jdk-17_windows-x64_bin\jdk-17.0.10\bin;C:\WINDOWS\Sun\Java\bin;C:\WINDOWS\system32;C:\WINDOWS;C:\Program Files (x86)\Common Files\NetSarang;D:\VMware\bin\;C:\ProgramData\Oracle\Java\javapath;D:\vmware17\bin\;C:\Program Files\PlasticSCM5\client;D:\Python\Ptyhon1;D:\Python\Ptyhon1\Library\mingw-w64\bin;D:\Python\Ptyhon1\Library\usr\bin;D:\Python\Ptyhon1\Library\bin;D:\Python\Ptyhon1\Scripts;D:\JAVA\JDK\bin;C:\Program Files\Common Files\Oracle\Java\javapath;C:\Program Files (x86)\Common Files\Oracle\Java\javapath;C:\Program Files\Microsoft\jdk-11.0.16.101-hotspot\bin;C:\Windows\system32;C:\Windows;C:\Windows\System32\Wbem;C:\Windows\System32\WindowsPowerShell\v1.0\;C:\Windows\System32\OpenSSH\;C:\Program Files (x86)\NVIDIA Corporation\PhysX\Common;C:\Program Files\NVIDIA Corporation\NVIDIA NvDLISR;C:\WINDOWS\system32;C:\WINDOWS;C:\WINDOWS\System32\Wbem;C:\WINDOWS\System32\WindowsPowerShell\v1.0\;C:\WINDOWS\System32\OpenSSH\;C:\Program Files\dotnet\;D:\刘智文\微信web开发者工具\dll;D:\DataBA;e\CodeArts IDE\bin;D:\JAVA\apache-tomcat-9.0.90-windows-x64\apache-tomcat-9.0.90\bin;C:\Program Files\MySQL\MySQL Server 9.0\bin;D:\SQL2019\150\Tools\Binn\;C:\Program Files\Microsoft SQL Server\150\Tools\Binn\;D:\SQL2019\150\DTS\Binn\;C:\Program Files\Microsoft SQL Server\150\DTS\Binn\;C:\Program Files\Microsoft SQL Server\Client SDK\ODBC\170\Tools\Binn\;C:\Program Files\Azure Data Studio\bin;C:\Program Files\Microsoft SQL Server\130\DTS\Binn\;C:\Program Files\Microsoft SQL Server\140\DTS\Binn\;C:\Program Files\Microsoft SQL Server\160\DTS\Binn\;D:\node\;D:\DM\Graphviz\bin;C:\Program Files\Git\cmd;D:\JAVA\Maven\apache-maven-3.8.8-bin\apache-maven-3.8.8\bin;D:\DM\Anaconda;D:\DM\Anaconda\Library\mingw-w64\bin;D:\DM\Anaconda\Library\usr\bin;D:\DM\Anaconda\Library\bin;D:\DM\Anaconda\Scripts;C:\Users\刘智文\AppData\Local\Microsoft\WindowsApps;D:\Python\Scripts\;D:\Python\;C:\Users\刘智文\AppData\Local\Programs\Python\Python38\;C:\Users\刘智文\AppData\Local\Microsoft\WindowsApps;C:\Program Files (x86)\Tencent\QQGameTempest\Hall.57915\;C:\Users\刘智文\.dotnet\tools;D:\Program Files\JetBrains\PyCharm Community Edition 2022.3.3\bin;;D:\刘智文\Microsoft VS Code\bin;D:\JAVA\apache-tomcat-9.0.90-windows-x64\apache-tomcat-9.0.90\bin;D:\JAVA\IntelliJ IDEA 2024.1.4\bin;;C:\Program Files\Azure Data Studio\bin;C:\Users\刘智文\AppData\Roaming\npm;."/>
    <property name="java.vm.info" value="mixed mode, sharing"/>
    <property name="java.vendor" value="Oracle Corporation"/>
    <property name="java.vm.version" value="17.0.10+11-LTS-240"/>
    <property name="sun.io.unicode.encoding" value="UnicodeLittle"/>
    <property name="java.class.version" value="61.0"/>
    <property name="LOGGED_APPLICATION_NAME" value="[product-service] "/>
  </properties>
  <testcase name="testFindGrouponActByIdWithoutRedisGivenInvalidId" classname="cn.edu.xmu.oomall.product.controller.GrouponActControllerTest" time="0.192">
    <system-out><![CDATA[2024-12-04 22:16:46.588 [main] DEBUG cn.edu.xmu.javaee.core.aop.ControllerAspect - doAround: method = findGrouponActById, paramNames = [id]
2024-12-04 22:16:46.589 [main] DEBUG cn.edu.xmu.javaee.core.aop.ControllerAspect - checkPageTimeLimit: paramNames[0] = id
2024-12-04 22:16:46.636 [main] INFO  cn.edu.xmu.javaee.core.aop.ControllerAspect - doAround: BusinessException， errno = RESOURCE_ID_NOTEXIST
2024-12-04 22:16:46.636 [main] DEBUG cn.edu.xmu.javaee.core.aop.ControllerAspect - doAround: jp = findGrouponActById, code = RESOURCE_ID_NOTEXIST
2024-12-04 22:16:46.644 [cluster-ClusterId{value='675063e906b2de2102d09638', description='null'}-mongo3:27017] INFO  org.mongodb.driver.cluster - Rediscovering type of existing primary mongo2:27017
2024-12-04 22:16:46.644 [cluster-ClusterId{value='675063e906b2de2102d09638', description='null'}-mongo3:27017] INFO  org.mongodb.driver.cluster - Discovered replica set primary mongo3:27017 with max election id 7fffffff00000000000000f7 and max set version 1
2024-12-04 22:16:46.647 [cluster-ClusterId{value='675063e906b2de2102d09638', description='null'}-mongo1:27017] INFO  org.mongodb.driver.cluster - Rediscovering type of existing primary mongo3:27017
2024-12-04 22:16:46.647 [cluster-ClusterId{value='675063e906b2de2102d09638', description='null'}-mongo1:27017] INFO  org.mongodb.driver.cluster - Discovered replica set primary mongo1:27017 with max election id 7fffffff00000000000000f7 and max set version 1
]]></system-out>
  </testcase>
  <testcase name="testFindGrouponActByIdWithoutRedisGivenWrongClass" classname="cn.edu.xmu.oomall.product.controller.GrouponActControllerTest" time="0.191">
    <system-out><![CDATA[2024-12-04 22:16:46.779 [main] DEBUG cn.edu.xmu.javaee.core.aop.ControllerAspect - doAround: method = findGrouponActById, paramNames = [id]
2024-12-04 22:16:46.779 [main] DEBUG cn.edu.xmu.javaee.core.aop.ControllerAspect - checkPageTimeLimit: paramNames[0] = id
2024-12-04 22:16:46.827 [main] INFO  cn.edu.xmu.javaee.core.aop.ControllerAspect - doAround: BusinessException， errno = RESOURCE_ID_NOTEXIST
2024-12-04 22:16:46.827 [main] DEBUG cn.edu.xmu.javaee.core.aop.ControllerAspect - doAround: jp = findGrouponActById, code = RESOURCE_ID_NOTEXIST
]]></system-out>
  </testcase>
  <testcase name="testFindGrouponActByIdWithRedis" classname="cn.edu.xmu.oomall.product.controller.GrouponActControllerTest" time="0.106">
    <system-out><![CDATA[2024-12-04 22:16:46.972 [main] DEBUG cn.edu.xmu.javaee.core.aop.ControllerAspect - doAround: method = findGrouponActById, paramNames = [id]
2024-12-04 22:16:46.972 [main] DEBUG cn.edu.xmu.javaee.core.aop.ControllerAspect - checkPageTimeLimit: paramNames[0] = id
2024-12-04 22:16:46.972 [main] DEBUG cn.edu.xmu.javaee.core.aop.DaoAspect - doAround: obj = cn.edu.xmu.oomall.product.dao.activity.ActivityDao@8daaa74, method = findById
2024-12-04 22:16:46.975 [main] DEBUG cn.edu.xmu.javaee.core.aop.ControllerAspect - doAround: jp = findGrouponActById, code = OK
]]></system-out>
  </testcase>
  <testcase name="testRetrieveGrouponActGivenNoTime" classname="cn.edu.xmu.oomall.product.controller.GrouponActControllerTest" time="0.195">
    <system-out><![CDATA[2024-12-04 22:16:47.083 [main] DEBUG cn.edu.xmu.javaee.core.aop.ControllerAspect - doAround: method = retrieveGrouponAct, paramNames = [shopId, productId, beginTime, endTime, page, pageSize]
2024-12-04 22:16:47.084 [main] DEBUG cn.edu.xmu.javaee.core.aop.ControllerAspect - checkPageTimeLimit: paramNames[0] = shopId
2024-12-04 22:16:47.084 [main] DEBUG cn.edu.xmu.javaee.core.aop.ControllerAspect - checkPageTimeLimit: paramNames[1] = productId
2024-12-04 22:16:47.084 [main] DEBUG cn.edu.xmu.javaee.core.aop.ControllerAspect - checkPageTimeLimit: paramNames[2] = beginTime
2024-12-04 22:16:47.084 [main] DEBUG cn.edu.xmu.javaee.core.aop.ControllerAspect - checkPageTimeLimit: set beginTime to 2024-11-04T22:15:29.287147500
2024-12-04 22:16:47.084 [main] DEBUG cn.edu.xmu.javaee.core.aop.ControllerAspect - checkPageTimeLimit: paramNames[3] = endTime
2024-12-04 22:16:47.084 [main] DEBUG cn.edu.xmu.javaee.core.aop.ControllerAspect - checkPageTimeLimit: set endTime to 2024-12-04T22:15:29.287147500
2024-12-04 22:16:47.084 [main] DEBUG cn.edu.xmu.javaee.core.aop.ControllerAspect - checkPageTimeLimit: paramNames[4] = page
2024-12-04 22:16:47.084 [main] DEBUG cn.edu.xmu.javaee.core.aop.ControllerAspect - checkPageTimeLimit: set page to 1
2024-12-04 22:16:47.084 [main] DEBUG cn.edu.xmu.javaee.core.aop.ControllerAspect - checkPageTimeLimit: paramNames[5] = pageSize
2024-12-04 22:16:47.084 [main] DEBUG cn.edu.xmu.javaee.core.aop.ControllerAspect - checkPageTimeLimit: set pageSize to 10
2024-12-04 22:16:47.084 [main] DEBUG c.edu.xmu.oomall.product.dao.activity.ActivityDao - retrieveValidByShopIdAndProductId: shopId = 6
2024-12-04 22:16:47.132 [main] DEBUG c.edu.xmu.oomall.product.dao.activity.ActivityDao - retrieveValidByShopIdAndProductId: pos size = 0
2024-12-04 22:16:47.132 [main] DEBUG cn.edu.xmu.javaee.core.aop.DaoAspect - doAround: obj = cn.edu.xmu.oomall.product.dao.activity.ActivityDao@8daaa74, method = retrieveValidByShopIdAndProductId
2024-12-04 22:16:47.132 [main] DEBUG cn.edu.xmu.javaee.core.aop.ControllerAspect - doAround: jp = retrieveGrouponAct, code = OK
]]></system-out>
  </testcase>
  <testcase name="testRetrieveGrouponActGivenShopId" classname="cn.edu.xmu.oomall.product.controller.GrouponActControllerTest" time="0.303">
    <system-out><![CDATA[2024-12-04 22:16:47.284 [main] DEBUG cn.edu.xmu.javaee.core.aop.ControllerAspect - doAround: method = retrieveGrouponAct, paramNames = [shopId, productId, beginTime, endTime, page, pageSize]
2024-12-04 22:16:47.284 [main] DEBUG cn.edu.xmu.javaee.core.aop.ControllerAspect - checkPageTimeLimit: paramNames[0] = shopId
2024-12-04 22:16:47.284 [main] DEBUG cn.edu.xmu.javaee.core.aop.ControllerAspect - checkPageTimeLimit: paramNames[1] = productId
2024-12-04 22:16:47.284 [main] DEBUG cn.edu.xmu.javaee.core.aop.ControllerAspect - checkPageTimeLimit: paramNames[2] = beginTime
2024-12-04 22:16:47.284 [main] DEBUG cn.edu.xmu.javaee.core.aop.ControllerAspect - checkPageTimeLimit: paramNames[3] = endTime
2024-12-04 22:16:47.284 [main] DEBUG cn.edu.xmu.javaee.core.aop.ControllerAspect - checkPageTimeLimit: paramNames[4] = page
2024-12-04 22:16:47.284 [main] DEBUG cn.edu.xmu.javaee.core.aop.ControllerAspect - checkPageTimeLimit: set page to 1
2024-12-04 22:16:47.284 [main] DEBUG cn.edu.xmu.javaee.core.aop.ControllerAspect - checkPageTimeLimit: paramNames[5] = pageSize
2024-12-04 22:16:47.284 [main] DEBUG cn.edu.xmu.javaee.core.aop.ControllerAspect - checkPageTimeLimit: set pageSize to 10
2024-12-04 22:16:47.284 [main] DEBUG c.edu.xmu.oomall.product.dao.activity.ActivityDao - retrieveValidByShopIdAndProductId: shopId = 6
2024-12-04 22:16:47.333 [main] DEBUG c.edu.xmu.oomall.product.dao.activity.ActivityDao - retrieveValidByShopIdAndProductId: pos size = 1
2024-12-04 22:16:47.333 [main] DEBUG c.edu.xmu.oomall.product.dao.activity.ActivityDao - build: po = ActivityPo(id=8, creatorId=1, creatorName=admin, modifierId=null, modifierName=null, gmtCreate=2022-12-09T02:09:26, gmtModified=null, shopId=6, name=团购活动1, objectId=6571ae09f66b807258a17a3d, actClass=grouponActDao, status=1)
2024-12-04 22:16:47.337 [main] INFO  c.edu.xmu.oomall.product.config.MongoCommandLogger - Command: find
2024-12-04 22:16:47.337 [main] INFO  c.edu.xmu.oomall.product.config.MongoCommandLogger - Connection Address: mongo1:27017
2024-12-04 22:16:47.387 [main] DEBUG c.e.xmu.oomall.product.dao.activity.GrouponActDao - getActivity: actPo = cn.edu.xmu.oomall.product.mapper.po.GrouponActPo@15456827
2024-12-04 22:16:47.387 [main] DEBUG c.e.xmu.oomall.product.dao.activity.GrouponActDao - getActivity: bo = GrouponAct(super=Activity(super=OOMallObject(id=8, creatorId=1, creatorName=admin, modifierId=null, modifierName=null, gmtCreate=2022-12-09T02:09:26, gmtModified=null), shopId=6, name=团购活动1, objectId=6571ae09f66b807258a17a3d, actClass=grouponActDao, status=1), thresholds=[Threshold(quantity=10, percentage=10), Threshold(quantity=20, percentage=20), Threshold(quantity=30, percentage=30)])
2024-12-04 22:16:47.387 [main] DEBUG cn.edu.xmu.javaee.core.aop.DaoAspect - doAround: obj = cn.edu.xmu.oomall.product.dao.activity.GrouponActDao@7283ffd6, method = getActivity
2024-12-04 22:16:47.387 [main] DEBUG c.edu.xmu.oomall.product.dao.activity.ActivityDao - build: bo = GrouponAct(super=Activity(super=OOMallObject(id=8, creatorId=1, creatorName=admin, modifierId=null, modifierName=null, gmtCreate=2022-12-09T02:09:26, gmtModified=null), shopId=6, name=团购活动1, objectId=6571ae09f66b807258a17a3d, actClass=grouponActDao, status=1), thresholds=[Threshold(quantity=10, percentage=10), Threshold(quantity=20, percentage=20), Threshold(quantity=30, percentage=30)])
2024-12-04 22:16:47.387 [main] DEBUG c.edu.xmu.oomall.product.dao.activity.ActivityDao - retrieveValidByShopIdAndProductId: bo = GrouponAct(super=Activity(super=OOMallObject(id=8, creatorId=1, creatorName=admin, modifierId=null, modifierName=null, gmtCreate=2022-12-09T02:09:26, gmtModified=null), shopId=6, name=团购活动1, objectId=6571ae09f66b807258a17a3d, actClass=grouponActDao, status=1), thresholds=[Threshold(quantity=10, percentage=10), Threshold(quantity=20, percentage=20), Threshold(quantity=30, percentage=30)])
2024-12-04 22:16:47.387 [main] DEBUG cn.edu.xmu.javaee.core.aop.DaoAspect - doAround: obj = cn.edu.xmu.oomall.product.dao.activity.ActivityDao@8daaa74, method = retrieveValidByShopIdAndProductId
2024-12-04 22:16:47.387 [main] DEBUG cn.edu.xmu.oomall.product.dao.onsale.OnSaleDao - retrieveByActId: actId = 8, page = 1, pageSize = 1000
2024-12-04 22:16:47.435 [main] DEBUG cn.edu.xmu.javaee.core.aop.DaoAspect - doAround: obj = cn.edu.xmu.oomall.product.dao.onsale.OnSaleDao@7bf1fd45, method = retrieveByActId
2024-12-04 22:16:47.435 [main] DEBUG cn.edu.xmu.oomall.product.dao.bo.Activity - getOnsaleList: onsaleList = [OnSale(super=OOMallObject(id=10, creatorId=1, creatorName=admin, modifierId=null, modifierName=null, gmtCreate=2021-11-11T14:38:20, gmtModified=null), price=398, beginTime=2022-11-11T14:38:20, endTime=2028-02-19T14:38:20, quantity=24, maxQuantity=50, shopId=6, productId=1559, type=0, deposit=0, payTime=null)]
2024-12-04 22:16:47.435 [main] DEBUG cn.edu.xmu.javaee.core.aop.ControllerAspect - doAround: jp = retrieveGrouponAct, code = OK
]]></system-out>
  </testcase>
  <testcase name="testFindGrouponActByIdWithoutRedis" classname="cn.edu.xmu.oomall.product.controller.GrouponActControllerTest" time="0.239">
    <system-out><![CDATA[2024-12-04 22:16:47.580 [main] DEBUG cn.edu.xmu.javaee.core.aop.ControllerAspect - doAround: method = findGrouponActById, paramNames = [id]
2024-12-04 22:16:47.580 [main] DEBUG cn.edu.xmu.javaee.core.aop.ControllerAspect - checkPageTimeLimit: paramNames[0] = id
2024-12-04 22:16:47.627 [main] DEBUG c.edu.xmu.oomall.product.dao.activity.ActivityDao - build: po = ActivityPo(id=4, creatorId=1, creatorName=admin, modifierId=null, modifierName=null, gmtCreate=2022-12-09T02:09:26, gmtModified=null, shopId=2, name=团购活动2, objectId=6571af0a9e0bbf44f06141d0, actClass=grouponActDao, status=1)
2024-12-04 22:16:47.630 [main] INFO  c.edu.xmu.oomall.product.config.MongoCommandLogger - Command: find
2024-12-04 22:16:47.630 [main] INFO  c.edu.xmu.oomall.product.config.MongoCommandLogger - Connection Address: mongo1:27017
2024-12-04 22:16:47.673 [main] DEBUG c.e.xmu.oomall.product.dao.activity.GrouponActDao - getActivity: actPo = cn.edu.xmu.oomall.product.mapper.po.GrouponActPo@3a7f52e9
2024-12-04 22:16:47.673 [main] DEBUG c.e.xmu.oomall.product.dao.activity.GrouponActDao - getActivity: bo = GrouponAct(super=Activity(super=OOMallObject(id=4, creatorId=1, creatorName=admin, modifierId=null, modifierName=null, gmtCreate=2022-12-09T02:09:26, gmtModified=null), shopId=2, name=团购活动2, objectId=6571af0a9e0bbf44f06141d0, actClass=grouponActDao, status=1), thresholds=[Threshold(quantity=100, percentage=10), Threshold(quantity=50, percentage=5)])
2024-12-04 22:16:47.673 [main] DEBUG cn.edu.xmu.javaee.core.aop.DaoAspect - doAround: obj = cn.edu.xmu.oomall.product.dao.activity.GrouponActDao@7283ffd6, method = getActivity
2024-12-04 22:16:47.674 [main] DEBUG c.edu.xmu.oomall.product.dao.activity.ActivityDao - build: bo = GrouponAct(super=Activity(super=OOMallObject(id=4, creatorId=1, creatorName=admin, modifierId=null, modifierName=null, gmtCreate=2022-12-09T02:09:26, gmtModified=null), shopId=2, name=团购活动2, objectId=6571af0a9e0bbf44f06141d0, actClass=grouponActDao, status=1), thresholds=[Threshold(quantity=100, percentage=10), Threshold(quantity=50, percentage=5)])
2024-12-04 22:16:47.674 [main] DEBUG cn.edu.xmu.javaee.core.aop.DaoAspect - doAround: obj = cn.edu.xmu.oomall.product.dao.activity.ActivityDao@8daaa74, method = findById
2024-12-04 22:16:47.674 [main] DEBUG cn.edu.xmu.javaee.core.aop.ControllerAspect - doAround: jp = findGrouponActById, code = OK
]]></system-out>
  </testcase>
  <testcase name="testRetrieveGrouponActGivenProductId" classname="cn.edu.xmu.oomall.product.controller.GrouponActControllerTest" time="0.297">
    <system-out><![CDATA[2024-12-04 22:16:47.821 [main] DEBUG cn.edu.xmu.javaee.core.aop.ControllerAspect - doAround: method = retrieveGrouponAct, paramNames = [shopId, productId, beginTime, endTime, page, pageSize]
2024-12-04 22:16:47.822 [main] DEBUG cn.edu.xmu.javaee.core.aop.ControllerAspect - checkPageTimeLimit: paramNames[0] = shopId
2024-12-04 22:16:47.822 [main] DEBUG cn.edu.xmu.javaee.core.aop.ControllerAspect - checkPageTimeLimit: paramNames[1] = productId
2024-12-04 22:16:47.822 [main] DEBUG cn.edu.xmu.javaee.core.aop.ControllerAspect - checkPageTimeLimit: paramNames[2] = beginTime
2024-12-04 22:16:47.822 [main] DEBUG cn.edu.xmu.javaee.core.aop.ControllerAspect - checkPageTimeLimit: paramNames[3] = endTime
2024-12-04 22:16:47.822 [main] DEBUG cn.edu.xmu.javaee.core.aop.ControllerAspect - checkPageTimeLimit: paramNames[4] = page
2024-12-04 22:16:47.822 [main] DEBUG cn.edu.xmu.javaee.core.aop.ControllerAspect - checkPageTimeLimit: set page to 1
2024-12-04 22:16:47.822 [main] DEBUG cn.edu.xmu.javaee.core.aop.ControllerAspect - checkPageTimeLimit: paramNames[5] = pageSize
2024-12-04 22:16:47.822 [main] DEBUG cn.edu.xmu.javaee.core.aop.ControllerAspect - checkPageTimeLimit: set pageSize to 10
2024-12-04 22:16:47.822 [main] DEBUG c.edu.xmu.oomall.product.dao.activity.ActivityDao - retrieveValidByShopIdAndProductId: productId = 1559
2024-12-04 22:16:47.870 [main] DEBUG c.edu.xmu.oomall.product.dao.activity.ActivityDao - retrieveValidByShopIdAndProductId: pos size = 1
2024-12-04 22:16:47.870 [main] DEBUG c.edu.xmu.oomall.product.dao.activity.ActivityDao - build: po = ActivityPo(id=8, creatorId=1, creatorName=admin, modifierId=null, modifierName=null, gmtCreate=2022-12-09T02:09:26, gmtModified=null, shopId=6, name=团购活动1, objectId=6571ae09f66b807258a17a3d, actClass=grouponActDao, status=1)
2024-12-04 22:16:47.871 [main] INFO  c.edu.xmu.oomall.product.config.MongoCommandLogger - Command: find
2024-12-04 22:16:47.871 [main] INFO  c.edu.xmu.oomall.product.config.MongoCommandLogger - Connection Address: mongo1:27017
2024-12-04 22:16:47.919 [main] DEBUG c.e.xmu.oomall.product.dao.activity.GrouponActDao - getActivity: actPo = cn.edu.xmu.oomall.product.mapper.po.GrouponActPo@242dc049
2024-12-04 22:16:47.919 [main] DEBUG c.e.xmu.oomall.product.dao.activity.GrouponActDao - getActivity: bo = GrouponAct(super=Activity(super=OOMallObject(id=8, creatorId=1, creatorName=admin, modifierId=null, modifierName=null, gmtCreate=2022-12-09T02:09:26, gmtModified=null), shopId=6, name=团购活动1, objectId=6571ae09f66b807258a17a3d, actClass=grouponActDao, status=1), thresholds=[Threshold(quantity=10, percentage=10), Threshold(quantity=20, percentage=20), Threshold(quantity=30, percentage=30)])
2024-12-04 22:16:47.920 [main] DEBUG cn.edu.xmu.javaee.core.aop.DaoAspect - doAround: obj = cn.edu.xmu.oomall.product.dao.activity.GrouponActDao@7283ffd6, method = getActivity
2024-12-04 22:16:47.920 [main] DEBUG c.edu.xmu.oomall.product.dao.activity.ActivityDao - build: bo = GrouponAct(super=Activity(super=OOMallObject(id=8, creatorId=1, creatorName=admin, modifierId=null, modifierName=null, gmtCreate=2022-12-09T02:09:26, gmtModified=null), shopId=6, name=团购活动1, objectId=6571ae09f66b807258a17a3d, actClass=grouponActDao, status=1), thresholds=[Threshold(quantity=10, percentage=10), Threshold(quantity=20, percentage=20), Threshold(quantity=30, percentage=30)])
2024-12-04 22:16:47.920 [main] DEBUG c.edu.xmu.oomall.product.dao.activity.ActivityDao - retrieveValidByShopIdAndProductId: bo = GrouponAct(super=Activity(super=OOMallObject(id=8, creatorId=1, creatorName=admin, modifierId=null, modifierName=null, gmtCreate=2022-12-09T02:09:26, gmtModified=null), shopId=6, name=团购活动1, objectId=6571ae09f66b807258a17a3d, actClass=grouponActDao, status=1), thresholds=[Threshold(quantity=10, percentage=10), Threshold(quantity=20, percentage=20), Threshold(quantity=30, percentage=30)])
2024-12-04 22:16:47.920 [main] DEBUG cn.edu.xmu.javaee.core.aop.DaoAspect - doAround: obj = cn.edu.xmu.oomall.product.dao.activity.ActivityDao@8daaa74, method = retrieveValidByShopIdAndProductId
2024-12-04 22:16:47.920 [main] DEBUG cn.edu.xmu.oomall.product.dao.onsale.OnSaleDao - retrieveByActId: actId = 8, page = 1, pageSize = 1000
2024-12-04 22:16:47.969 [main] DEBUG cn.edu.xmu.javaee.core.aop.DaoAspect - doAround: obj = cn.edu.xmu.oomall.product.dao.onsale.OnSaleDao@7bf1fd45, method = retrieveByActId
2024-12-04 22:16:47.969 [main] DEBUG cn.edu.xmu.oomall.product.dao.bo.Activity - getOnsaleList: onsaleList = [OnSale(super=OOMallObject(id=10, creatorId=1, creatorName=admin, modifierId=null, modifierName=null, gmtCreate=2021-11-11T14:38:20, gmtModified=null), price=398, beginTime=2022-11-11T14:38:20, endTime=2028-02-19T14:38:20, quantity=24, maxQuantity=50, shopId=6, productId=1559, type=0, deposit=0, payTime=null)]
2024-12-04 22:16:47.969 [main] DEBUG cn.edu.xmu.javaee.core.aop.ControllerAspect - doAround: jp = retrieveGrouponAct, code = OK
]]></system-out>
  </testcase>
  <testcase name="testRetrieveGrouponActGivenProductIdWithNoSale" classname="cn.edu.xmu.oomall.product.controller.GrouponActControllerTest" time="0.197">
    <system-out><![CDATA[2024-12-04 22:16:48.121 [main] DEBUG cn.edu.xmu.javaee.core.aop.ControllerAspect - doAround: method = retrieveGrouponAct, paramNames = [shopId, productId, beginTime, endTime, page, pageSize]
2024-12-04 22:16:48.122 [main] DEBUG cn.edu.xmu.javaee.core.aop.ControllerAspect - checkPageTimeLimit: paramNames[0] = shopId
2024-12-04 22:16:48.122 [main] DEBUG cn.edu.xmu.javaee.core.aop.ControllerAspect - checkPageTimeLimit: paramNames[1] = productId
2024-12-04 22:16:48.122 [main] DEBUG cn.edu.xmu.javaee.core.aop.ControllerAspect - checkPageTimeLimit: paramNames[2] = beginTime
2024-12-04 22:16:48.122 [main] DEBUG cn.edu.xmu.javaee.core.aop.ControllerAspect - checkPageTimeLimit: paramNames[3] = endTime
2024-12-04 22:16:48.122 [main] DEBUG cn.edu.xmu.javaee.core.aop.ControllerAspect - checkPageTimeLimit: paramNames[4] = page
2024-12-04 22:16:48.122 [main] DEBUG cn.edu.xmu.javaee.core.aop.ControllerAspect - checkPageTimeLimit: set page to 1
2024-12-04 22:16:48.122 [main] DEBUG cn.edu.xmu.javaee.core.aop.ControllerAspect - checkPageTimeLimit: paramNames[5] = pageSize
2024-12-04 22:16:48.122 [main] DEBUG cn.edu.xmu.javaee.core.aop.ControllerAspect - checkPageTimeLimit: set pageSize to 10
2024-12-04 22:16:48.122 [main] DEBUG c.edu.xmu.oomall.product.dao.activity.ActivityDao - retrieveValidByShopIdAndProductId: productId = 1550
2024-12-04 22:16:48.173 [main] DEBUG c.edu.xmu.oomall.product.dao.activity.ActivityDao - retrieveValidByShopIdAndProductId: pos size = 0
2024-12-04 22:16:48.173 [main] DEBUG cn.edu.xmu.javaee.core.aop.DaoAspect - doAround: obj = cn.edu.xmu.oomall.product.dao.activity.ActivityDao@8daaa74, method = retrieveValidByShopIdAndProductId
2024-12-04 22:16:48.173 [main] DEBUG cn.edu.xmu.javaee.core.aop.ControllerAspect - doAround: jp = retrieveGrouponAct, code = OK
]]></system-out>
  </testcase>
  <testcase name="testRetrieveGrouponActGivenNoShopIdNorProductId" classname="cn.edu.xmu.oomall.product.controller.GrouponActControllerTest" time="0.399">
    <system-out><![CDATA[2024-12-04 22:16:48.318 [main] DEBUG cn.edu.xmu.javaee.core.aop.ControllerAspect - doAround: method = retrieveGrouponAct, paramNames = [shopId, productId, beginTime, endTime, page, pageSize]
2024-12-04 22:16:48.318 [main] DEBUG cn.edu.xmu.javaee.core.aop.ControllerAspect - checkPageTimeLimit: paramNames[0] = shopId
2024-12-04 22:16:48.318 [main] DEBUG cn.edu.xmu.javaee.core.aop.ControllerAspect - checkPageTimeLimit: paramNames[1] = productId
2024-12-04 22:16:48.318 [main] DEBUG cn.edu.xmu.javaee.core.aop.ControllerAspect - checkPageTimeLimit: paramNames[2] = beginTime
2024-12-04 22:16:48.318 [main] DEBUG cn.edu.xmu.javaee.core.aop.ControllerAspect - checkPageTimeLimit: paramNames[3] = endTime
2024-12-04 22:16:48.318 [main] DEBUG cn.edu.xmu.javaee.core.aop.ControllerAspect - checkPageTimeLimit: paramNames[4] = page
2024-12-04 22:16:48.318 [main] DEBUG cn.edu.xmu.javaee.core.aop.ControllerAspect - checkPageTimeLimit: set page to 1
2024-12-04 22:16:48.318 [main] DEBUG cn.edu.xmu.javaee.core.aop.ControllerAspect - checkPageTimeLimit: paramNames[5] = pageSize
2024-12-04 22:16:48.318 [main] DEBUG cn.edu.xmu.javaee.core.aop.ControllerAspect - checkPageTimeLimit: set pageSize to 10
2024-12-04 22:16:48.318 [main] DEBUG c.edu.xmu.oomall.product.dao.activity.ActivityDao - retrieveValidByShopIdAndProductId: shopId is null
2024-12-04 22:16:48.381 [main] DEBUG c.edu.xmu.oomall.product.dao.activity.ActivityDao - retrieveValidByShopIdAndProductId: pos size = 2
2024-12-04 22:16:48.382 [main] DEBUG c.edu.xmu.oomall.product.dao.activity.ActivityDao - build: po = ActivityPo(id=8, creatorId=1, creatorName=admin, modifierId=null, modifierName=null, gmtCreate=2022-12-09T02:09:26, gmtModified=null, shopId=6, name=团购活动1, objectId=6571ae09f66b807258a17a3d, actClass=grouponActDao, status=1)
2024-12-04 22:16:48.383 [main] INFO  c.edu.xmu.oomall.product.config.MongoCommandLogger - Command: find
2024-12-04 22:16:48.383 [main] INFO  c.edu.xmu.oomall.product.config.MongoCommandLogger - Connection Address: mongo1:27017
2024-12-04 22:16:48.432 [main] DEBUG c.e.xmu.oomall.product.dao.activity.GrouponActDao - getActivity: actPo = cn.edu.xmu.oomall.product.mapper.po.GrouponActPo@7ca13ec0
2024-12-04 22:16:48.432 [main] DEBUG c.e.xmu.oomall.product.dao.activity.GrouponActDao - getActivity: bo = GrouponAct(super=Activity(super=OOMallObject(id=8, creatorId=1, creatorName=admin, modifierId=null, modifierName=null, gmtCreate=2022-12-09T02:09:26, gmtModified=null), shopId=6, name=团购活动1, objectId=6571ae09f66b807258a17a3d, actClass=grouponActDao, status=1), thresholds=[Threshold(quantity=10, percentage=10), Threshold(quantity=20, percentage=20), Threshold(quantity=30, percentage=30)])
2024-12-04 22:16:48.432 [main] DEBUG cn.edu.xmu.javaee.core.aop.DaoAspect - doAround: obj = cn.edu.xmu.oomall.product.dao.activity.GrouponActDao@7283ffd6, method = getActivity
2024-12-04 22:16:48.432 [main] DEBUG c.edu.xmu.oomall.product.dao.activity.ActivityDao - build: bo = GrouponAct(super=Activity(super=OOMallObject(id=8, creatorId=1, creatorName=admin, modifierId=null, modifierName=null, gmtCreate=2022-12-09T02:09:26, gmtModified=null), shopId=6, name=团购活动1, objectId=6571ae09f66b807258a17a3d, actClass=grouponActDao, status=1), thresholds=[Threshold(quantity=10, percentage=10), Threshold(quantity=20, percentage=20), Threshold(quantity=30, percentage=30)])
2024-12-04 22:16:48.432 [main] DEBUG c.edu.xmu.oomall.product.dao.activity.ActivityDao - retrieveValidByShopIdAndProductId: bo = GrouponAct(super=Activity(super=OOMallObject(id=8, creatorId=1, creatorName=admin, modifierId=null, modifierName=null, gmtCreate=2022-12-09T02:09:26, gmtModified=null), shopId=6, name=团购活动1, objectId=6571ae09f66b807258a17a3d, actClass=grouponActDao, status=1), thresholds=[Threshold(quantity=10, percentage=10), Threshold(quantity=20, percentage=20), Threshold(quantity=30, percentage=30)])
2024-12-04 22:16:48.432 [main] DEBUG c.edu.xmu.oomall.product.dao.activity.ActivityDao - build: po = ActivityPo(id=4, creatorId=1, creatorName=admin, modifierId=null, modifierName=null, gmtCreate=2022-12-09T02:09:26, gmtModified=null, shopId=2, name=团购活动2, objectId=6571af0a9e0bbf44f06141d0, actClass=grouponActDao, status=1)
2024-12-04 22:16:48.433 [main] INFO  c.edu.xmu.oomall.product.config.MongoCommandLogger - Command: find
2024-12-04 22:16:48.434 [main] INFO  c.edu.xmu.oomall.product.config.MongoCommandLogger - Connection Address: mongo1:27017
2024-12-04 22:16:48.476 [main] DEBUG c.e.xmu.oomall.product.dao.activity.GrouponActDao - getActivity: actPo = cn.edu.xmu.oomall.product.mapper.po.GrouponActPo@587e1f06
2024-12-04 22:16:48.476 [main] DEBUG c.e.xmu.oomall.product.dao.activity.GrouponActDao - getActivity: bo = GrouponAct(super=Activity(super=OOMallObject(id=4, creatorId=1, creatorName=admin, modifierId=null, modifierName=null, gmtCreate=2022-12-09T02:09:26, gmtModified=null), shopId=2, name=团购活动2, objectId=6571af0a9e0bbf44f06141d0, actClass=grouponActDao, status=1), thresholds=[Threshold(quantity=100, percentage=10), Threshold(quantity=50, percentage=5)])
2024-12-04 22:16:48.476 [main] DEBUG cn.edu.xmu.javaee.core.aop.DaoAspect - doAround: obj = cn.edu.xmu.oomall.product.dao.activity.GrouponActDao@7283ffd6, method = getActivity
2024-12-04 22:16:48.476 [main] DEBUG c.edu.xmu.oomall.product.dao.activity.ActivityDao - build: bo = GrouponAct(super=Activity(super=OOMallObject(id=4, creatorId=1, creatorName=admin, modifierId=null, modifierName=null, gmtCreate=2022-12-09T02:09:26, gmtModified=null), shopId=2, name=团购活动2, objectId=6571af0a9e0bbf44f06141d0, actClass=grouponActDao, status=1), thresholds=[Threshold(quantity=100, percentage=10), Threshold(quantity=50, percentage=5)])
2024-12-04 22:16:48.477 [main] DEBUG c.edu.xmu.oomall.product.dao.activity.ActivityDao - retrieveValidByShopIdAndProductId: bo = GrouponAct(super=Activity(super=OOMallObject(id=4, creatorId=1, creatorName=admin, modifierId=null, modifierName=null, gmtCreate=2022-12-09T02:09:26, gmtModified=null), shopId=2, name=团购活动2, objectId=6571af0a9e0bbf44f06141d0, actClass=grouponActDao, status=1), thresholds=[Threshold(quantity=100, percentage=10), Threshold(quantity=50, percentage=5)])
2024-12-04 22:16:48.477 [main] DEBUG cn.edu.xmu.javaee.core.aop.DaoAspect - doAround: obj = cn.edu.xmu.oomall.product.dao.activity.ActivityDao@8daaa74, method = retrieveValidByShopIdAndProductId
2024-12-04 22:16:48.477 [main] DEBUG cn.edu.xmu.oomall.product.dao.onsale.OnSaleDao - retrieveByActId: actId = 8, page = 1, pageSize = 1000
2024-12-04 22:16:48.524 [main] DEBUG cn.edu.xmu.javaee.core.aop.DaoAspect - doAround: obj = cn.edu.xmu.oomall.product.dao.onsale.OnSaleDao@7bf1fd45, method = retrieveByActId
2024-12-04 22:16:48.524 [main] DEBUG cn.edu.xmu.oomall.product.dao.bo.Activity - getOnsaleList: onsaleList = [OnSale(super=OOMallObject(id=10, creatorId=1, creatorName=admin, modifierId=null, modifierName=null, gmtCreate=2021-11-11T14:38:20, gmtModified=null), price=398, beginTime=2022-11-11T14:38:20, endTime=2028-02-19T14:38:20, quantity=24, maxQuantity=50, shopId=6, productId=1559, type=0, deposit=0, payTime=null)]
2024-12-04 22:16:48.524 [main] DEBUG cn.edu.xmu.oomall.product.dao.onsale.OnSaleDao - retrieveByActId: actId = 4, page = 1, pageSize = 1000
2024-12-04 22:16:48.571 [main] DEBUG cn.edu.xmu.javaee.core.aop.DaoAspect - doAround: obj = cn.edu.xmu.oomall.product.dao.onsale.OnSaleDao@7bf1fd45, method = retrieveByActId
2024-12-04 22:16:48.571 [main] DEBUG cn.edu.xmu.oomall.product.dao.bo.Activity - getOnsaleList: onsaleList = [OnSale(super=OOMallObject(id=119, creatorId=1, creatorName=admin, modifierId=null, modifierName=null, gmtCreate=2021-11-11T14:38:20, gmtModified=null), price=40058, beginTime=2021-11-11T14:38:20, endTime=2027-02-19T14:38:20, quantity=34, maxQuantity=10, shopId=2, productId=1668, type=0, deposit=0, payTime=null)]
2024-12-04 22:16:48.571 [main] DEBUG cn.edu.xmu.javaee.core.aop.ControllerAspect - doAround: jp = retrieveGrouponAct, code = OK
]]></system-out>
  </testcase>
  <testcase name="testFindGrouponActByIdWithRedisGivenWrongClass" classname="cn.edu.xmu.oomall.product.controller.GrouponActControllerTest" time="0.098">
    <system-out><![CDATA[2024-12-04 22:16:48.720 [main] DEBUG cn.edu.xmu.javaee.core.aop.ControllerAspect - doAround: method = findGrouponActById, paramNames = [id]
2024-12-04 22:16:48.721 [main] DEBUG cn.edu.xmu.javaee.core.aop.ControllerAspect - checkPageTimeLimit: paramNames[0] = id
2024-12-04 22:16:48.721 [main] INFO  cn.edu.xmu.javaee.core.aop.ControllerAspect - doAround: BusinessException， errno = RESOURCE_ID_NOTEXIST
2024-12-04 22:16:48.721 [main] DEBUG cn.edu.xmu.javaee.core.aop.ControllerAspect - doAround: jp = findGrouponActById, code = RESOURCE_ID_NOTEXIST
]]></system-out>
  </testcase>
  <testcase name="testGetGrouponActProduct" classname="cn.edu.xmu.oomall.product.controller.GrouponActControllerTest" time="0.351">
    <system-out><![CDATA[2024-12-04 22:16:48.819 [main] DEBUG cn.edu.xmu.javaee.core.aop.ControllerAspect - doAround: method = getGrouponActProduct, paramNames = [id, page, pageSize]
2024-12-04 22:16:48.819 [main] DEBUG cn.edu.xmu.javaee.core.aop.ControllerAspect - checkPageTimeLimit: paramNames[0] = id
2024-12-04 22:16:48.820 [main] DEBUG cn.edu.xmu.javaee.core.aop.ControllerAspect - checkPageTimeLimit: paramNames[1] = page
2024-12-04 22:16:48.820 [main] DEBUG cn.edu.xmu.javaee.core.aop.ControllerAspect - checkPageTimeLimit: set page to 1
2024-12-04 22:16:48.820 [main] DEBUG cn.edu.xmu.javaee.core.aop.ControllerAspect - checkPageTimeLimit: paramNames[2] = pageSize
2024-12-04 22:16:48.820 [main] DEBUG cn.edu.xmu.javaee.core.aop.ControllerAspect - checkPageTimeLimit: set pageSize to 10
2024-12-04 22:16:48.873 [main] DEBUG c.edu.xmu.oomall.product.dao.activity.ActivityDao - build: po = ActivityPo(id=4, creatorId=1, creatorName=admin, modifierId=null, modifierName=null, gmtCreate=2022-12-09T02:09:26, gmtModified=null, shopId=2, name=团购活动2, objectId=6571af0a9e0bbf44f06141d0, actClass=grouponActDao, status=1)
2024-12-04 22:16:48.875 [main] INFO  c.edu.xmu.oomall.product.config.MongoCommandLogger - Command: find
2024-12-04 22:16:48.875 [main] INFO  c.edu.xmu.oomall.product.config.MongoCommandLogger - Connection Address: mongo1:27017
2024-12-04 22:16:48.919 [main] DEBUG c.e.xmu.oomall.product.dao.activity.GrouponActDao - getActivity: actPo = cn.edu.xmu.oomall.product.mapper.po.GrouponActPo@79b08f67
2024-12-04 22:16:48.919 [main] DEBUG c.e.xmu.oomall.product.dao.activity.GrouponActDao - getActivity: bo = GrouponAct(super=Activity(super=OOMallObject(id=4, creatorId=1, creatorName=admin, modifierId=null, modifierName=null, gmtCreate=2022-12-09T02:09:26, gmtModified=null), shopId=2, name=团购活动2, objectId=6571af0a9e0bbf44f06141d0, actClass=grouponActDao, status=1), thresholds=[Threshold(quantity=100, percentage=10), Threshold(quantity=50, percentage=5)])
2024-12-04 22:16:48.919 [main] DEBUG cn.edu.xmu.javaee.core.aop.DaoAspect - doAround: obj = cn.edu.xmu.oomall.product.dao.activity.GrouponActDao@7283ffd6, method = getActivity
2024-12-04 22:16:48.919 [main] DEBUG c.edu.xmu.oomall.product.dao.activity.ActivityDao - build: bo = GrouponAct(super=Activity(super=OOMallObject(id=4, creatorId=1, creatorName=admin, modifierId=null, modifierName=null, gmtCreate=2022-12-09T02:09:26, gmtModified=null), shopId=2, name=团购活动2, objectId=6571af0a9e0bbf44f06141d0, actClass=grouponActDao, status=1), thresholds=[Threshold(quantity=100, percentage=10), Threshold(quantity=50, percentage=5)])
2024-12-04 22:16:48.920 [main] DEBUG cn.edu.xmu.javaee.core.aop.DaoAspect - doAround: obj = cn.edu.xmu.oomall.product.dao.activity.ActivityDao@8daaa74, method = findById
2024-12-04 22:16:48.920 [main] DEBUG cn.edu.xmu.oomall.product.dao.onsale.OnSaleDao - retrieveByActId: actId = 4, page = 1, pageSize = 1000
2024-12-04 22:16:48.969 [main] DEBUG cn.edu.xmu.javaee.core.aop.DaoAspect - doAround: obj = cn.edu.xmu.oomall.product.dao.onsale.OnSaleDao@7bf1fd45, method = retrieveByActId
2024-12-04 22:16:48.969 [main] DEBUG cn.edu.xmu.oomall.product.dao.bo.Activity - getOnsaleList: onsaleList = [OnSale(super=OOMallObject(id=119, creatorId=1, creatorName=admin, modifierId=null, modifierName=null, gmtCreate=2021-11-11T14:38:20, gmtModified=null), price=40058, beginTime=2021-11-11T14:38:20, endTime=2027-02-19T14:38:20, quantity=34, maxQuantity=10, shopId=2, productId=1668, type=0, deposit=0, payTime=null)]
2024-12-04 22:16:48.970 [main] DEBUG cn.edu.xmu.oomall.product.dao.ProductDao - findOnsaleById: id = 119
2024-12-04 22:16:49.022 [main] DEBUG cn.edu.xmu.javaee.core.aop.DaoAspect - doAround: obj = cn.edu.xmu.oomall.product.dao.ProductDao@2c14ec2, method = findByOnsale
2024-12-04 22:16:49.023 [main] DEBUG cn.edu.xmu.oomall.product.dao.bo.Product - getValidOnsale: onsaleExecutor = cn.edu.xmu.oomall.product.dao.onsale.SpecOnSaleExecutor@19d6c0d2
2024-12-04 22:16:49.023 [main] DEBUG c.e.x.oomall.product.dao.onsale.SpecOnSaleExecutor - execute: onsaleId = 119
2024-12-04 22:16:49.023 [main] DEBUG cn.edu.xmu.oomall.product.dao.onsale.OnSaleDao - findById: id =119
2024-12-04 22:16:49.025 [main] DEBUG cn.edu.xmu.javaee.core.aop.DaoAspect - doAround: obj = cn.edu.xmu.oomall.product.dao.onsale.OnSaleDao@7bf1fd45, method = findById
2024-12-04 22:16:49.025 [main] DEBUG cn.edu.xmu.oomall.product.dao.bo.Product - getValidOnsale: validOnsale = OnSale(super=OOMallObject(id=119, creatorId=1, creatorName=admin, modifierId=null, modifierName=null, gmtCreate=2021-11-11T14:38:20, gmtModified=null), price=40058, beginTime=2021-11-11T14:38:20, endTime=2027-02-19T14:38:20, quantity=34, maxQuantity=10, shopId=2, productId=1668, type=0, deposit=0, payTime=null)
2024-12-04 22:16:49.025 [main] DEBUG cn.edu.xmu.oomall.product.dao.bo.Product - getValidOnsale: validOnsale = OnSale(super=OOMallObject(id=119, creatorId=1, creatorName=admin, modifierId=null, modifierName=null, gmtCreate=2021-11-11T14:38:20, gmtModified=null), price=40058, beginTime=2021-11-11T14:38:20, endTime=2027-02-19T14:38:20, quantity=34, maxQuantity=10, shopId=2, productId=1668, type=0, deposit=0, payTime=null)
2024-12-04 22:16:49.025 [main] DEBUG cn.edu.xmu.oomall.product.dao.bo.Product - getStatus: id =1668
2024-12-04 22:16:49.025 [main] DEBUG cn.edu.xmu.oomall.product.dao.bo.Product - getValidOnsale: validOnsale = OnSale(super=OOMallObject(id=119, creatorId=1, creatorName=admin, modifierId=null, modifierName=null, gmtCreate=2021-11-11T14:38:20, gmtModified=null), price=40058, beginTime=2021-11-11T14:38:20, endTime=2027-02-19T14:38:20, quantity=34, maxQuantity=10, shopId=2, productId=1668, type=0, deposit=0, payTime=null)
2024-12-04 22:16:49.025 [main] DEBUG cn.edu.xmu.oomall.product.dao.bo.Product - getValidOnsale: validOnsale = OnSale(super=OOMallObject(id=119, creatorId=1, creatorName=admin, modifierId=null, modifierName=null, gmtCreate=2021-11-11T14:38:20, gmtModified=null), price=40058, beginTime=2021-11-11T14:38:20, endTime=2027-02-19T14:38:20, quantity=34, maxQuantity=10, shopId=2, productId=1668, type=0, deposit=0, payTime=null)
2024-12-04 22:16:49.026 [main] DEBUG cn.edu.xmu.oomall.product.dao.bo.Product - getValidOnsale: validOnsale = OnSale(super=OOMallObject(id=119, creatorId=1, creatorName=admin, modifierId=null, modifierName=null, gmtCreate=2021-11-11T14:38:20, gmtModified=null), price=40058, beginTime=2021-11-11T14:38:20, endTime=2027-02-19T14:38:20, quantity=34, maxQuantity=10, shopId=2, productId=1668, type=0, deposit=0, payTime=null)
2024-12-04 22:16:49.026 [main] DEBUG cn.edu.xmu.oomall.product.dao.bo.Product - getValidOnsale: validOnsale = OnSale(super=OOMallObject(id=119, creatorId=1, creatorName=admin, modifierId=null, modifierName=null, gmtCreate=2021-11-11T14:38:20, gmtModified=null), price=40058, beginTime=2021-11-11T14:38:20, endTime=2027-02-19T14:38:20, quantity=34, maxQuantity=10, shopId=2, productId=1668, type=0, deposit=0, payTime=null)
2024-12-04 22:16:49.026 [main] DEBUG cn.edu.xmu.javaee.core.aop.ControllerAspect - doAround: jp = getGrouponActProduct, code = OK
]]></system-out>
  </testcase>
</testsuite>