<?xml version="1.0" encoding="UTF-8"?>
<testsuite xmlns:xsi="http://www.w3.org/2001/XMLSchema-instance" xsi:noNamespaceSchemaLocation="https://maven.apache.org/surefire/maven-surefire-plugin/xsd/surefire-test-report-3.0.xsd" version="3.0" name="cn.edu.xmu.oomall.product.controller.ShopCouponActControllerTest" time="13.6" tests="16" errors="0" skipped="0" failures="0">
  <properties>
    <property name="java.specification.version" value="17"/>
    <property name="sun.cpu.isalist" value="amd64"/>
    <property name="sun.jnu.encoding" value="GBK"/>
    <property name="java.class.path" value="D:\JAVA\oomall-2023-1\product\target\test-classes;D:\JAVA\oomall-2023-1\product\target\classes;C:\Users\刘智文\.m2\repository\cn\edu\xmu\javaee\core\0.0.3-SNAPSHOT\core-0.0.3-SNAPSHOT.jar;C:\Users\刘智文\.m2\repository\com\auth0\java-jwt\4.4.0\java-jwt-4.4.0.jar;C:\Users\刘智文\.m2\repository\com\fasterxml\jackson\core\jackson-databind\2.17.3\jackson-databind-2.17.3.jar;C:\Users\刘智文\.m2\repository\com\fasterxml\jackson\core\jackson-annotations\2.17.3\jackson-annotations-2.17.3.jar;C:\Users\刘智文\.m2\repository\com\github\pagehelper\pagehelper-spring-boot-starter\2.1.0\pagehelper-spring-boot-starter-2.1.0.jar;C:\Users\刘智文\.m2\repository\org\mybatis\spring\boot\mybatis-spring-boot-starter\3.0.3\mybatis-spring-boot-starter-3.0.3.jar;C:\Users\刘智文\.m2\repository\org\mybatis\spring\boot\mybatis-spring-boot-autoconfigure\3.0.3\mybatis-spring-boot-autoconfigure-3.0.3.jar;C:\Users\刘智文\.m2\repository\org\mybatis\mybatis\3.5.14\mybatis-3.5.14.jar;C:\Users\刘智文\.m2\repository\org\mybatis\mybatis-spring\3.0.3\mybatis-spring-3.0.3.jar;C:\Users\刘智文\.m2\repository\com\github\pagehelper\pagehelper-spring-boot-autoconfigure\2.1.0\pagehelper-spring-boot-autoconfigure-2.1.0.jar;C:\Users\刘智文\.m2\repository\com\github\pagehelper\pagehelper\6.1.0\pagehelper-6.1.0.jar;C:\Users\刘智文\.m2\repository\com\github\jsqlparser\jsqlparser\4.7\jsqlparser-4.7.jar;C:\Users\刘智文\.m2\repository\org\springframework\cloud\spring-cloud-starter-loadbalancer\4.1.5\spring-cloud-starter-loadbalancer-4.1.5.jar;C:\Users\刘智文\.m2\repository\org\springframework\cloud\spring-cloud-loadbalancer\4.1.5\spring-cloud-loadbalancer-4.1.5.jar;C:\Users\刘智文\.m2\repository\io\projectreactor\addons\reactor-extra\3.5.2\reactor-extra-3.5.2.jar;C:\Users\刘智文\.m2\repository\org\springframework\boot\spring-boot-starter-cache\3.3.6\spring-boot-starter-cache-3.3.6.jar;C:\Users\刘智文\.m2\repository\com\stoyanr\evictor\1.0.0\evictor-1.0.0.jar;C:\Users\刘智文\.m2\repository\com\squareup\javapoet\1.13.0\javapoet-1.13.0.jar;C:\Users\刘智文\.m2\repository\com\google\auto\service\auto-service\1.0.1\auto-service-1.0.1.jar;C:\Users\刘智文\.m2\repository\com\google\auto\service\auto-service-annotations\1.0.1\auto-service-annotations-1.0.1.jar;C:\Users\刘智文\.m2\repository\com\google\auto\auto-common\1.2\auto-common-1.2.jar;C:\Users\刘智文\.m2\repository\com\google\guava\guava\31.0.1-jre\guava-31.0.1-jre.jar;C:\Users\刘智文\.m2\repository\com\google\guava\failureaccess\1.0.1\failureaccess-1.0.1.jar;C:\Users\刘智文\.m2\repository\com\google\guava\listenablefuture\9999.0-empty-to-avoid-conflict-with-guava\listenablefuture-9999.0-empty-to-avoid-conflict-with-guava.jar;C:\Users\刘智文\.m2\repository\com\google\code\findbugs\jsr305\3.0.2\jsr305-3.0.2.jar;C:\Users\刘智文\.m2\repository\org\checkerframework\checker-qual\3.12.0\checker-qual-3.12.0.jar;C:\Users\刘智文\.m2\repository\com\google\errorprone\error_prone_annotations\2.7.1\error_prone_annotations-2.7.1.jar;C:\Users\刘智文\.m2\repository\com\google\j2objc\j2objc-annotations\1.3\j2objc-annotations-1.3.jar;C:\Users\刘智文\.m2\repository\org\springframework\boot\spring-boot-starter-web\3.3.6\spring-boot-starter-web-3.3.6.jar;C:\Users\刘智文\.m2\repository\org\springframework\boot\spring-boot-starter\3.3.6\spring-boot-starter-3.3.6.jar;C:\Users\刘智文\.m2\repository\org\springframework\boot\spring-boot\3.3.6\spring-boot-3.3.6.jar;C:\Users\刘智文\.m2\repository\org\springframework\boot\spring-boot-starter-logging\3.3.6\spring-boot-starter-logging-3.3.6.jar;C:\Users\刘智文\.m2\repository\ch\qos\logback\logback-classic\1.5.12\logback-classic-1.5.12.jar;C:\Users\刘智文\.m2\repository\ch\qos\logback\logback-core\1.5.12\logback-core-1.5.12.jar;C:\Users\刘智文\.m2\repository\org\apache\logging\log4j\log4j-to-slf4j\2.23.1\log4j-to-slf4j-2.23.1.jar;C:\Users\刘智文\.m2\repository\org\apache\logging\log4j\log4j-api\2.23.1\log4j-api-2.23.1.jar;C:\Users\刘智文\.m2\repository\org\slf4j\jul-to-slf4j\2.0.16\jul-to-slf4j-2.0.16.jar;C:\Users\刘智文\.m2\repository\org\yaml\snakeyaml\2.2\snakeyaml-2.2.jar;C:\Users\刘智文\.m2\repository\org\springframework\boot\spring-boot-starter-json\3.3.6\spring-boot-starter-json-3.3.6.jar;C:\Users\刘智文\.m2\repository\com\fasterxml\jackson\datatype\jackson-datatype-jdk8\2.17.3\jackson-datatype-jdk8-2.17.3.jar;C:\Users\刘智文\.m2\repository\com\fasterxml\jackson\datatype\jackson-datatype-jsr310\2.17.3\jackson-datatype-jsr310-2.17.3.jar;C:\Users\刘智文\.m2\repository\com\fasterxml\jackson\module\jackson-module-parameter-names\2.17.3\jackson-module-parameter-names-2.17.3.jar;C:\Users\刘智文\.m2\repository\org\springframework\boot\spring-boot-starter-tomcat\3.3.6\spring-boot-starter-tomcat-3.3.6.jar;C:\Users\刘智文\.m2\repository\org\apache\tomcat\embed\tomcat-embed-core\10.1.33\tomcat-embed-core-10.1.33.jar;C:\Users\刘智文\.m2\repository\org\apache\tomcat\embed\tomcat-embed-websocket\10.1.33\tomcat-embed-websocket-10.1.33.jar;C:\Users\刘智文\.m2\repository\org\springframework\spring-web\6.1.15\spring-web-6.1.15.jar;C:\Users\刘智文\.m2\repository\org\springframework\spring-beans\6.1.15\spring-beans-6.1.15.jar;C:\Users\刘智文\.m2\repository\org\springframework\spring-webmvc\6.1.15\spring-webmvc-6.1.15.jar;C:\Users\刘智文\.m2\repository\org\springframework\spring-context\6.1.15\spring-context-6.1.15.jar;C:\Users\刘智文\.m2\repository\org\springframework\spring-expression\6.1.15\spring-expression-6.1.15.jar;C:\Users\刘智文\.m2\repository\org\springframework\boot\spring-boot-starter-actuator\3.3.6\spring-boot-starter-actuator-3.3.6.jar;C:\Users\刘智文\.m2\repository\org\springframework\boot\spring-boot-actuator-autoconfigure\3.3.6\spring-boot-actuator-autoconfigure-3.3.6.jar;C:\Users\刘智文\.m2\repository\org\springframework\boot\spring-boot-actuator\3.3.6\spring-boot-actuator-3.3.6.jar;C:\Users\刘智文\.m2\repository\io\micrometer\micrometer-observation\1.13.8\micrometer-observation-1.13.8.jar;C:\Users\刘智文\.m2\repository\io\micrometer\micrometer-commons\1.13.8\micrometer-commons-1.13.8.jar;C:\Users\刘智文\.m2\repository\io\micrometer\micrometer-jakarta9\1.13.8\micrometer-jakarta9-1.13.8.jar;C:\Users\刘智文\.m2\repository\io\micrometer\micrometer-core\1.13.8\micrometer-core-1.13.8.jar;C:\Users\刘智文\.m2\repository\org\hdrhistogram\HdrHistogram\2.2.2\HdrHistogram-2.2.2.jar;C:\Users\刘智文\.m2\repository\org\latencyutils\LatencyUtils\2.0.3\LatencyUtils-2.0.3.jar;C:\Users\刘智文\.m2\repository\org\springframework\boot\spring-boot-starter-validation\3.3.6\spring-boot-starter-validation-3.3.6.jar;C:\Users\刘智文\.m2\repository\org\apache\tomcat\embed\tomcat-embed-el\10.1.33\tomcat-embed-el-10.1.33.jar;C:\Users\刘智文\.m2\repository\org\hibernate\validator\hibernate-validator\8.0.1.Final\hibernate-validator-8.0.1.Final.jar;C:\Users\刘智文\.m2\repository\jakarta\validation\jakarta.validation-api\3.0.2\jakarta.validation-api-3.0.2.jar;C:\Users\刘智文\.m2\repository\org\jboss\logging\jboss-logging\3.5.3.Final\jboss-logging-3.5.3.Final.jar;C:\Users\刘智文\.m2\repository\com\fasterxml\classmate\1.7.0\classmate-1.7.0.jar;C:\Users\刘智文\.m2\repository\org\springframework\boot\spring-boot-starter-aop\3.3.6\spring-boot-starter-aop-3.3.6.jar;C:\Users\刘智文\.m2\repository\org\springframework\spring-aop\6.1.15\spring-aop-6.1.15.jar;C:\Users\刘智文\.m2\repository\org\aspectj\aspectjweaver\1.9.22.1\aspectjweaver-1.9.22.1.jar;C:\Users\刘智文\.m2\repository\org\springframework\boot\spring-boot-starter-data-redis\3.3.6\spring-boot-starter-data-redis-3.3.6.jar;C:\Users\刘智文\.m2\repository\io\lettuce\lettuce-core\6.3.2.RELEASE\lettuce-core-6.3.2.RELEASE.jar;C:\Users\刘智文\.m2\repository\io\netty\netty-common\4.1.115.Final\netty-common-4.1.115.Final.jar;C:\Users\刘智文\.m2\repository\io\netty\netty-handler\4.1.115.Final\netty-handler-4.1.115.Final.jar;C:\Users\刘智文\.m2\repository\io\netty\netty-resolver\4.1.115.Final\netty-resolver-4.1.115.Final.jar;C:\Users\刘智文\.m2\repository\io\netty\netty-buffer\4.1.115.Final\netty-buffer-4.1.115.Final.jar;C:\Users\刘智文\.m2\repository\io\netty\netty-transport-native-unix-common\4.1.115.Final\netty-transport-native-unix-common-4.1.115.Final.jar;C:\Users\刘智文\.m2\repository\io\netty\netty-codec\4.1.115.Final\netty-codec-4.1.115.Final.jar;C:\Users\刘智文\.m2\repository\io\netty\netty-transport\4.1.115.Final\netty-transport-4.1.115.Final.jar;C:\Users\刘智文\.m2\repository\io\projectreactor\reactor-core\3.6.12\reactor-core-3.6.12.jar;C:\Users\刘智文\.m2\repository\org\reactivestreams\reactive-streams\1.0.4\reactive-streams-1.0.4.jar;C:\Users\刘智文\.m2\repository\org\springframework\data\spring-data-redis\3.3.6\spring-data-redis-3.3.6.jar;C:\Users\刘智文\.m2\repository\org\springframework\data\spring-data-keyvalue\3.3.6\spring-data-keyvalue-3.3.6.jar;C:\Users\刘智文\.m2\repository\org\springframework\spring-tx\6.1.15\spring-tx-6.1.15.jar;C:\Users\刘智文\.m2\repository\org\springframework\spring-oxm\6.1.15\spring-oxm-6.1.15.jar;C:\Users\刘智文\.m2\repository\org\springframework\spring-context-support\6.1.15\spring-context-support-6.1.15.jar;C:\Users\刘智文\.m2\repository\org\springframework\boot\spring-boot-starter-data-jpa\3.3.6\spring-boot-starter-data-jpa-3.3.6.jar;C:\Users\刘智文\.m2\repository\org\springframework\boot\spring-boot-starter-jdbc\3.3.6\spring-boot-starter-jdbc-3.3.6.jar;C:\Users\刘智文\.m2\repository\com\zaxxer\HikariCP\5.1.0\HikariCP-5.1.0.jar;C:\Users\刘智文\.m2\repository\org\springframework\spring-jdbc\6.1.15\spring-jdbc-6.1.15.jar;C:\Users\刘智文\.m2\repository\org\hibernate\orm\hibernate-core\6.5.3.Final\hibernate-core-6.5.3.Final.jar;C:\Users\刘智文\.m2\repository\jakarta\persistence\jakarta.persistence-api\3.1.0\jakarta.persistence-api-3.1.0.jar;C:\Users\刘智文\.m2\repository\jakarta\transaction\jakarta.transaction-api\2.0.1\jakarta.transaction-api-2.0.1.jar;C:\Users\刘智文\.m2\repository\org\hibernate\common\hibernate-commons-annotations\6.0.6.Final\hibernate-commons-annotations-6.0.6.Final.jar;C:\Users\刘智文\.m2\repository\io\smallrye\jandex\3.1.2\jandex-3.1.2.jar;C:\Users\刘智文\.m2\repository\net\bytebuddy\byte-buddy\1.14.19\byte-buddy-1.14.19.jar;C:\Users\刘智文\.m2\repository\jakarta\inject\jakarta.inject-api\2.0.1\jakarta.inject-api-2.0.1.jar;C:\Users\刘智文\.m2\repository\org\antlr\antlr4-runtime\4.13.0\antlr4-runtime-4.13.0.jar;C:\Users\刘智文\.m2\repository\org\springframework\data\spring-data-jpa\3.3.6\spring-data-jpa-3.3.6.jar;C:\Users\刘智文\.m2\repository\org\springframework\data\spring-data-commons\3.3.6\spring-data-commons-3.3.6.jar;C:\Users\刘智文\.m2\repository\org\springframework\spring-orm\6.1.15\spring-orm-6.1.15.jar;C:\Users\刘智文\.m2\repository\org\springframework\spring-aspects\6.1.15\spring-aspects-6.1.15.jar;C:\Users\刘智文\.m2\repository\org\springframework\boot\spring-boot-starter-data-mongodb\3.3.6\spring-boot-starter-data-mongodb-3.3.6.jar;C:\Users\刘智文\.m2\repository\org\mongodb\mongodb-driver-sync\5.0.1\mongodb-driver-sync-5.0.1.jar;C:\Users\刘智文\.m2\repository\org\mongodb\bson\5.0.1\bson-5.0.1.jar;C:\Users\刘智文\.m2\repository\org\mongodb\mongodb-driver-core\5.0.1\mongodb-driver-core-5.0.1.jar;C:\Users\刘智文\.m2\repository\org\mongodb\bson-record-codec\5.0.1\bson-record-codec-5.0.1.jar;C:\Users\刘智文\.m2\repository\org\springframework\data\spring-data-mongodb\4.3.6\spring-data-mongodb-4.3.6.jar;C:\Users\刘智文\.m2\repository\org\springframework\boot\spring-boot-starter-test\3.3.6\spring-boot-starter-test-3.3.6.jar;C:\Users\刘智文\.m2\repository\org\springframework\boot\spring-boot-test\3.3.6\spring-boot-test-3.3.6.jar;C:\Users\刘智文\.m2\repository\org\springframework\boot\spring-boot-test-autoconfigure\3.3.6\spring-boot-test-autoconfigure-3.3.6.jar;C:\Users\刘智文\.m2\repository\com\jayway\jsonpath\json-path\2.9.0\json-path-2.9.0.jar;C:\Users\刘智文\.m2\repository\jakarta\xml\bind\jakarta.xml.bind-api\4.0.2\jakarta.xml.bind-api-4.0.2.jar;C:\Users\刘智文\.m2\repository\jakarta\activation\jakarta.activation-api\2.1.3\jakarta.activation-api-2.1.3.jar;C:\Users\刘智文\.m2\repository\net\minidev\json-smart\2.5.1\json-smart-2.5.1.jar;C:\Users\刘智文\.m2\repository\net\minidev\accessors-smart\2.5.1\accessors-smart-2.5.1.jar;C:\Users\刘智文\.m2\repository\org\ow2\asm\asm\9.6\asm-9.6.jar;C:\Users\刘智文\.m2\repository\org\assertj\assertj-core\3.25.3\assertj-core-3.25.3.jar;C:\Users\刘智文\.m2\repository\org\awaitility\awaitility\4.2.2\awaitility-4.2.2.jar;C:\Users\刘智文\.m2\repository\org\hamcrest\hamcrest\2.2\hamcrest-2.2.jar;C:\Users\刘智文\.m2\repository\org\junit\jupiter\junit-jupiter\5.10.5\junit-jupiter-5.10.5.jar;C:\Users\刘智文\.m2\repository\org\junit\jupiter\junit-jupiter-api\5.10.5\junit-jupiter-api-5.10.5.jar;C:\Users\刘智文\.m2\repository\org\opentest4j\opentest4j\1.3.0\opentest4j-1.3.0.jar;C:\Users\刘智文\.m2\repository\org\junit\platform\junit-platform-commons\1.10.5\junit-platform-commons-1.10.5.jar;C:\Users\刘智文\.m2\repository\org\apiguardian\apiguardian-api\1.1.2\apiguardian-api-1.1.2.jar;C:\Users\刘智文\.m2\repository\org\junit\jupiter\junit-jupiter-params\5.10.5\junit-jupiter-params-5.10.5.jar;C:\Users\刘智文\.m2\repository\org\junit\jupiter\junit-jupiter-engine\5.10.5\junit-jupiter-engine-5.10.5.jar;C:\Users\刘智文\.m2\repository\org\junit\platform\junit-platform-engine\1.10.5\junit-platform-engine-1.10.5.jar;C:\Users\刘智文\.m2\repository\org\mockito\mockito-core\5.11.0\mockito-core-5.11.0.jar;C:\Users\刘智文\.m2\repository\net\bytebuddy\byte-buddy-agent\1.14.19\byte-buddy-agent-1.14.19.jar;C:\Users\刘智文\.m2\repository\org\objenesis\objenesis\3.3\objenesis-3.3.jar;C:\Users\刘智文\.m2\repository\org\mockito\mockito-junit-jupiter\5.11.0\mockito-junit-jupiter-5.11.0.jar;C:\Users\刘智文\.m2\repository\org\skyscreamer\jsonassert\1.5.3\jsonassert-1.5.3.jar;C:\Users\刘智文\.m2\repository\com\vaadin\external\google\android-json\0.0.20131108.vaadin1\android-json-0.0.20131108.vaadin1.jar;C:\Users\刘智文\.m2\repository\org\springframework\spring-core\6.1.15\spring-core-6.1.15.jar;C:\Users\刘智文\.m2\repository\org\springframework\spring-jcl\6.1.15\spring-jcl-6.1.15.jar;C:\Users\刘智文\.m2\repository\org\springframework\spring-test\6.1.15\spring-test-6.1.15.jar;C:\Users\刘智文\.m2\repository\org\xmlunit\xmlunit-core\2.9.1\xmlunit-core-2.9.1.jar;C:\Users\刘智文\.m2\repository\org\projectlombok\lombok\1.18.36\lombok-1.18.36.jar;C:\Users\刘智文\.m2\repository\com\mysql\mysql-connector-j\9.1.0\mysql-connector-j-9.1.0.jar;C:\Users\刘智文\.m2\repository\com\google\protobuf\protobuf-java\4.26.1\protobuf-java-4.26.1.jar;C:\Users\刘智文\.m2\repository\com\alibaba\druid-spring-boot-starter\1.2.24\druid-spring-boot-starter-1.2.24.jar;C:\Users\刘智文\.m2\repository\com\alibaba\druid\1.2.24\druid-1.2.24.jar;C:\Users\刘智文\.m2\repository\org\slf4j\slf4j-api\2.0.16\slf4j-api-2.0.16.jar;C:\Users\刘智文\.m2\repository\org\springframework\boot\spring-boot-autoconfigure\3.3.6\spring-boot-autoconfigure-3.3.6.jar;C:\Users\刘智文\.m2\repository\org\glassfish\jaxb\jaxb-runtime\4.0.5\jaxb-runtime-4.0.5.jar;C:\Users\刘智文\.m2\repository\org\glassfish\jaxb\jaxb-core\4.0.5\jaxb-core-4.0.5.jar;C:\Users\刘智文\.m2\repository\org\eclipse\angus\angus-activation\2.0.2\angus-activation-2.0.2.jar;C:\Users\刘智文\.m2\repository\org\glassfish\jaxb\txw2\4.0.5\txw2-4.0.5.jar;C:\Users\刘智文\.m2\repository\com\sun\istack\istack-commons-runtime\4.1.2\istack-commons-runtime-4.1.2.jar;C:\Users\刘智文\.m2\repository\org\apache\rocketmq\rocketmq-spring-boot-starter\2.3.1\rocketmq-spring-boot-starter-2.3.1.jar;C:\Users\刘智文\.m2\repository\org\apache\rocketmq\rocketmq-spring-boot\2.3.1\rocketmq-spring-boot-2.3.1.jar;C:\Users\刘智文\.m2\repository\org\apache\rocketmq\rocketmq-client\5.3.0\rocketmq-client-5.3.0.jar;C:\Users\刘智文\.m2\repository\org\apache\rocketmq\rocketmq-remoting\5.3.0\rocketmq-remoting-5.3.0.jar;C:\Users\刘智文\.m2\repository\org\reflections\reflections\0.9.11\reflections-0.9.11.jar;C:\Users\刘智文\.m2\repository\org\javassist\javassist\3.21.0-GA\javassist-3.21.0-GA.jar;C:\Users\刘智文\.m2\repository\org\apache\commons\commons-lang3\3.14.0\commons-lang3-3.14.0.jar;C:\Users\刘智文\.m2\repository\io\github\aliyunmq\rocketmq-slf4j-api\1.0.1\rocketmq-slf4j-api-1.0.1.jar;C:\Users\刘智文\.m2\repository\io\github\aliyunmq\rocketmq-logback-classic\1.0.1\rocketmq-logback-classic-1.0.1.jar;C:\Users\刘智文\.m2\repository\org\apache\rocketmq\rocketmq-acl\5.3.0\rocketmq-acl-5.3.0.jar;C:\Users\刘智文\.m2\repository\org\apache\rocketmq\rocketmq-proto\2.0.3\rocketmq-proto-2.0.3.jar;C:\Users\刘智文\.m2\repository\org\apache\rocketmq\rocketmq-common\5.3.0\rocketmq-common-5.3.0.jar;C:\Users\刘智文\.m2\repository\com\alibaba\fastjson\1.2.83\fastjson-1.2.83.jar;C:\Users\刘智文\.m2\repository\com\alibaba\fastjson2\fastjson2\2.0.43\fastjson2-2.0.43.jar;C:\Users\刘智文\.m2\repository\io\netty\netty-all\4.1.115.Final\netty-all-4.1.115.Final.jar;C:\Users\刘智文\.m2\repository\io\netty\netty-codec-dns\4.1.115.Final\netty-codec-dns-4.1.115.Final.jar;C:\Users\刘智文\.m2\repository\io\netty\netty-codec-haproxy\4.1.115.Final\netty-codec-haproxy-4.1.115.Final.jar;C:\Users\刘智文\.m2\repository\io\netty\netty-codec-http\4.1.115.Final\netty-codec-http-4.1.115.Final.jar;C:\Users\刘智文\.m2\repository\io\netty\netty-codec-http2\4.1.115.Final\netty-codec-http2-4.1.115.Final.jar;C:\Users\刘智文\.m2\repository\io\netty\netty-codec-memcache\4.1.115.Final\netty-codec-memcache-4.1.115.Final.jar;C:\Users\刘智文\.m2\repository\io\netty\netty-codec-mqtt\4.1.115.Final\netty-codec-mqtt-4.1.115.Final.jar;C:\Users\刘智文\.m2\repository\io\netty\netty-codec-redis\4.1.115.Final\netty-codec-redis-4.1.115.Final.jar;C:\Users\刘智文\.m2\repository\io\netty\netty-codec-smtp\4.1.115.Final\netty-codec-smtp-4.1.115.Final.jar;C:\Users\刘智文\.m2\repository\io\netty\netty-codec-socks\4.1.115.Final\netty-codec-socks-4.1.115.Final.jar;C:\Users\刘智文\.m2\repository\io\netty\netty-codec-stomp\4.1.115.Final\netty-codec-stomp-4.1.115.Final.jar;C:\Users\刘智文\.m2\repository\io\netty\netty-codec-xml\4.1.115.Final\netty-codec-xml-4.1.115.Final.jar;C:\Users\刘智文\.m2\repository\io\netty\netty-handler-proxy\4.1.115.Final\netty-handler-proxy-4.1.115.Final.jar;C:\Users\刘智文\.m2\repository\io\netty\netty-handler-ssl-ocsp\4.1.115.Final\netty-handler-ssl-ocsp-4.1.115.Final.jar;C:\Users\刘智文\.m2\repository\io\netty\netty-resolver-dns\4.1.115.Final\netty-resolver-dns-4.1.115.Final.jar;C:\Users\刘智文\.m2\repository\io\netty\netty-transport-rxtx\4.1.115.Final\netty-transport-rxtx-4.1.115.Final.jar;C:\Users\刘智文\.m2\repository\io\netty\netty-transport-sctp\4.1.115.Final\netty-transport-sctp-4.1.115.Final.jar;C:\Users\刘智文\.m2\repository\io\netty\netty-transport-udt\4.1.115.Final\netty-transport-udt-4.1.115.Final.jar;C:\Users\刘智文\.m2\repository\io\netty\netty-transport-classes-epoll\4.1.115.Final\netty-transport-classes-epoll-4.1.115.Final.jar;C:\Users\刘智文\.m2\repository\io\netty\netty-transport-classes-kqueue\4.1.115.Final\netty-transport-classes-kqueue-4.1.115.Final.jar;C:\Users\刘智文\.m2\repository\io\netty\netty-resolver-dns-classes-macos\4.1.115.Final\netty-resolver-dns-classes-macos-4.1.115.Final.jar;C:\Users\刘智文\.m2\repository\io\netty\netty-transport-native-epoll\4.1.115.Final\netty-transport-native-epoll-4.1.115.Final-linux-x86_64.jar;C:\Users\刘智文\.m2\repository\io\netty\netty-transport-native-epoll\4.1.115.Final\netty-transport-native-epoll-4.1.115.Final-linux-aarch_64.jar;C:\Users\刘智文\.m2\repository\io\netty\netty-transport-native-epoll\4.1.115.Final\netty-transport-native-epoll-4.1.115.Final-linux-riscv64.jar;C:\Users\刘智文\.m2\repository\io\netty\netty-transport-native-kqueue\4.1.115.Final\netty-transport-native-kqueue-4.1.115.Final-osx-x86_64.jar;C:\Users\刘智文\.m2\repository\io\netty\netty-transport-native-kqueue\4.1.115.Final\netty-transport-native-kqueue-4.1.115.Final-osx-aarch_64.jar;C:\Users\刘智文\.m2\repository\io\netty\netty-resolver-dns-native-macos\4.1.115.Final\netty-resolver-dns-native-macos-4.1.115.Final-osx-x86_64.jar;C:\Users\刘智文\.m2\repository\io\netty\netty-resolver-dns-native-macos\4.1.115.Final\netty-resolver-dns-native-macos-4.1.115.Final-osx-aarch_64.jar;C:\Users\刘智文\.m2\repository\com\github\luben\zstd-jni\1.5.2-2\zstd-jni-1.5.2-2.jar;C:\Users\刘智文\.m2\repository\org\lz4\lz4-java\1.8.0\lz4-java-1.8.0.jar;C:\Users\刘智文\.m2\repository\io\opentelemetry\opentelemetry-exporter-otlp\1.38.0\opentelemetry-exporter-otlp-1.38.0.jar;C:\Users\刘智文\.m2\repository\io\opentelemetry\opentelemetry-sdk-trace\1.38.0\opentelemetry-sdk-trace-1.38.0.jar;C:\Users\刘智文\.m2\repository\io\opentelemetry\opentelemetry-sdk-metrics\1.38.0\opentelemetry-sdk-metrics-1.38.0.jar;C:\Users\刘智文\.m2\repository\io\opentelemetry\opentelemetry-api-incubator\1.38.0-alpha\opentelemetry-api-incubator-1.38.0-alpha.jar;C:\Users\刘智文\.m2\repository\io\opentelemetry\opentelemetry-sdk-logs\1.38.0\opentelemetry-sdk-logs-1.38.0.jar;C:\Users\刘智文\.m2\repository\io\opentelemetry\opentelemetry-exporter-otlp-common\1.38.0\opentelemetry-exporter-otlp-common-1.38.0.jar;C:\Users\刘智文\.m2\repository\io\opentelemetry\opentelemetry-exporter-common\1.38.0\opentelemetry-exporter-common-1.38.0.jar;C:\Users\刘智文\.m2\repository\io\opentelemetry\opentelemetry-exporter-sender-okhttp\1.38.0\opentelemetry-exporter-sender-okhttp-1.38.0.jar;C:\Users\刘智文\.m2\repository\com\squareup\okhttp3\okhttp\4.12.0\okhttp-4.12.0.jar;C:\Users\刘智文\.m2\repository\com\squareup\okio\okio\3.6.0\okio-3.6.0.jar;C:\Users\刘智文\.m2\repository\org\jetbrains\kotlin\kotlin-stdlib-jdk8\1.9.25\kotlin-stdlib-jdk8-1.9.25.jar;C:\Users\刘智文\.m2\repository\org\jetbrains\kotlin\kotlin-stdlib\1.9.25\kotlin-stdlib-1.9.25.jar;C:\Users\刘智文\.m2\repository\org\jetbrains\annotations\13.0\annotations-13.0.jar;C:\Users\刘智文\.m2\repository\org\jetbrains\kotlin\kotlin-stdlib-jdk7\1.9.25\kotlin-stdlib-jdk7-1.9.25.jar;C:\Users\刘智文\.m2\repository\io\opentelemetry\opentelemetry-sdk-extension-autoconfigure-spi\1.38.0\opentelemetry-sdk-extension-autoconfigure-spi-1.38.0.jar;C:\Users\刘智文\.m2\repository\io\opentelemetry\opentelemetry-exporter-prometheus\1.29.0-alpha\opentelemetry-exporter-prometheus-1.29.0-alpha.jar;C:\Users\刘智文\.m2\repository\io\opentelemetry\opentelemetry-exporter-logging\1.38.0\opentelemetry-exporter-logging-1.38.0.jar;C:\Users\刘智文\.m2\repository\io\opentelemetry\opentelemetry-sdk\1.38.0\opentelemetry-sdk-1.38.0.jar;C:\Users\刘智文\.m2\repository\io\opentelemetry\opentelemetry-api\1.38.0\opentelemetry-api-1.38.0.jar;C:\Users\刘智文\.m2\repository\io\opentelemetry\opentelemetry-context\1.38.0\opentelemetry-context-1.38.0.jar;C:\Users\刘智文\.m2\repository\io\opentelemetry\opentelemetry-sdk-common\1.38.0\opentelemetry-sdk-common-1.38.0.jar;C:\Users\刘智文\.m2\repository\io\opentelemetry\opentelemetry-exporter-logging-otlp\1.38.0\opentelemetry-exporter-logging-otlp-1.38.0.jar;C:\Users\刘智文\.m2\repository\io\grpc\grpc-stub\1.53.0\grpc-stub-1.53.0.jar;C:\Users\刘智文\.m2\repository\io\grpc\grpc-api\1.53.0\grpc-api-1.53.0.jar;C:\Users\刘智文\.m2\repository\io\grpc\grpc-context\1.53.0\grpc-context-1.53.0.jar;C:\Users\刘智文\.m2\repository\io\grpc\grpc-netty-shaded\1.53.0\grpc-netty-shaded-1.53.0.jar;C:\Users\刘智文\.m2\repository\io\perfmark\perfmark-api\0.25.0\perfmark-api-0.25.0.jar;C:\Users\刘智文\.m2\repository\io\grpc\grpc-core\1.53.0\grpc-core-1.53.0.jar;C:\Users\刘智文\.m2\repository\com\google\code\gson\gson\2.10.1\gson-2.10.1.jar;C:\Users\刘智文\.m2\repository\com\google\android\annotations\4.1.1.4\annotations-4.1.1.4.jar;C:\Users\刘智文\.m2\repository\org\codehaus\mojo\animal-sniffer-annotations\1.21\animal-sniffer-annotations-1.21.jar;C:\Users\刘智文\.m2\repository\com\squareup\okio\okio-jvm\3.4.0\okio-jvm-3.4.0.jar;C:\Users\刘智文\.m2\repository\org\apache\rocketmq\rocketmq-srvutil\5.3.0\rocketmq-srvutil-5.3.0.jar;C:\Users\刘智文\.m2\repository\commons-cli\commons-cli\1.5.0\commons-cli-1.5.0.jar;C:\Users\刘智文\.m2\repository\com\googlecode\concurrentlinkedhashmap\concurrentlinkedhashmap-lru\1.4.2\concurrentlinkedhashmap-lru-1.4.2.jar;C:\Users\刘智文\.m2\repository\commons-validator\commons-validator\1.7\commons-validator-1.7.jar;C:\Users\刘智文\.m2\repository\commons-beanutils\commons-beanutils\1.9.4\commons-beanutils-1.9.4.jar;C:\Users\刘智文\.m2\repository\commons-digester\commons-digester\2.1\commons-digester-2.1.jar;C:\Users\刘智文\.m2\repository\commons-logging\commons-logging\1.2\commons-logging-1.2.jar;C:\Users\刘智文\.m2\repository\commons-collections\commons-collections\3.2.2\commons-collections-3.2.2.jar;C:\Users\刘智文\.m2\repository\com\google\protobuf\protobuf-java-util\3.20.1\protobuf-java-util-3.20.1.jar;C:\Users\刘智文\.m2\repository\org\springframework\spring-messaging\6.1.15\spring-messaging-6.1.15.jar;C:\Users\刘智文\.m2\repository\org\springframework\cloud\spring-cloud-starter-openfeign\4.1.4\spring-cloud-starter-openfeign-4.1.4.jar;C:\Users\刘智文\.m2\repository\org\springframework\cloud\spring-cloud-starter\4.1.5\spring-cloud-starter-4.1.5.jar;C:\Users\刘智文\.m2\repository\org\springframework\security\spring-security-rsa\1.1.3\spring-security-rsa-1.1.3.jar;C:\Users\刘智文\.m2\repository\org\bouncycastle\bcprov-jdk18on\1.78\bcprov-jdk18on-1.78.jar;C:\Users\刘智文\.m2\repository\org\springframework\cloud\spring-cloud-commons\4.1.5\spring-cloud-commons-4.1.5.jar;C:\Users\刘智文\.m2\repository\org\springframework\security\spring-security-crypto\6.3.5\spring-security-crypto-6.3.5.jar;C:\Users\刘智文\.m2\repository\io\github\openfeign\feign-core\13.5\feign-core-13.5.jar;C:\Users\刘智文\.m2\repository\io\github\openfeign\feign-slf4j\13.5\feign-slf4j-13.5.jar;C:\Users\刘智文\.m2\repository\org\springframework\cloud\spring-cloud-openfeign-core\4.1.4\spring-cloud-openfeign-core-4.1.4.jar;C:\Users\刘智文\.m2\repository\io\github\openfeign\feign-form-spring\13.5\feign-form-spring-13.5.jar;C:\Users\刘智文\.m2\repository\io\github\openfeign\feign-form\13.5\feign-form-13.5.jar;C:\Users\刘智文\.m2\repository\commons-fileupload\commons-fileupload\1.5\commons-fileupload-1.5.jar;C:\Users\刘智文\.m2\repository\commons-io\commons-io\2.11.0\commons-io-2.11.0.jar;C:\Users\刘智文\.m2\repository\com\alibaba\cloud\spring-cloud-starter-alibaba-nacos-config\2023.0.1.2\spring-cloud-starter-alibaba-nacos-config-2023.0.1.2.jar;C:\Users\刘智文\.m2\repository\com\alibaba\cloud\spring-cloud-alibaba-commons\2023.0.1.2\spring-cloud-alibaba-commons-2023.0.1.2.jar;C:\Users\刘智文\.m2\repository\com\alibaba\spring\spring-context-support\1.0.11\spring-context-support-1.0.11.jar;C:\Users\刘智文\.m2\repository\com\alibaba\nacos\nacos-client\2.3.2\nacos-client-2.3.2.jar;C:\Users\刘智文\.m2\repository\com\alibaba\nacos\nacos-auth-plugin\2.3.2\nacos-auth-plugin-2.3.2.jar;C:\Users\刘智文\.m2\repository\com\alibaba\nacos\nacos-encryption-plugin\2.3.2\nacos-encryption-plugin-2.3.2.jar;C:\Users\刘智文\.m2\repository\commons-codec\commons-codec\1.16.1\commons-codec-1.16.1.jar;C:\Users\刘智文\.m2\repository\com\fasterxml\jackson\core\jackson-core\2.17.3\jackson-core-2.17.3.jar;C:\Users\刘智文\.m2\repository\org\apache\httpcomponents\httpasyncclient\4.1.5\httpasyncclient-4.1.5.jar;C:\Users\刘智文\.m2\repository\org\apache\httpcomponents\httpcore-nio\4.4.16\httpcore-nio-4.4.16.jar;C:\Users\刘智文\.m2\repository\org\apache\httpcomponents\httpclient\4.5.13\httpclient-4.5.13.jar;C:\Users\刘智文\.m2\repository\org\apache\httpcomponents\httpcore\4.4.16\httpcore-4.4.16.jar;C:\Users\刘智文\.m2\repository\io\prometheus\simpleclient\0.16.0\simpleclient-0.16.0.jar;C:\Users\刘智文\.m2\repository\io\prometheus\simpleclient_tracer_otel\0.16.0\simpleclient_tracer_otel-0.16.0.jar;C:\Users\刘智文\.m2\repository\io\prometheus\simpleclient_tracer_common\0.16.0\simpleclient_tracer_common-0.16.0.jar;C:\Users\刘智文\.m2\repository\io\prometheus\simpleclient_tracer_otel_agent\0.16.0\simpleclient_tracer_otel_agent-0.16.0.jar;C:\Users\刘智文\.m2\repository\org\springframework\cloud\spring-cloud-context\4.1.5\spring-cloud-context-4.1.5.jar;C:\Users\刘智文\.m2\repository\jakarta\annotation\jakarta.annotation-api\2.1.1\jakarta.annotation-api-2.1.1.jar;C:\Users\刘智文\.m2\repository\com\alibaba\cloud\spring-cloud-starter-alibaba-nacos-discovery\2023.0.1.2\spring-cloud-starter-alibaba-nacos-discovery-2023.0.1.2.jar;C:\Users\刘智文\.m2\repository\org\springframework\cloud\spring-cloud-starter-bootstrap\4.1.5\spring-cloud-starter-bootstrap-4.1.5.jar;"/>
    <property name="java.vm.vendor" value="Oracle Corporation"/>
    <property name="sun.arch.data.model" value="64"/>
    <property name="user.variant" value=""/>
    <property name="java.vendor.url" value="https://java.oracle.com/"/>
    <property name="user.timezone" value="Asia/Shanghai"/>
    <property name="org.jboss.logging.provider" value="slf4j"/>
    <property name="os.name" value="Windows 11"/>
    <property name="java.vm.specification.version" value="17"/>
    <property name="sun.java.launcher" value="SUN_STANDARD"/>
    <property name="user.country" value="CN"/>
    <property name="sun.boot.library.path" value="D:\JAVA\jdk-17_windows-x64_bin\jdk-17.0.10\bin"/>
    <property name="sun.java.command" value="C:\Users\刘智文\AppData\Local\Temp\surefire7420327723374651456\surefirebooter-20241204221422799_3.jar C:\Users\刘智文\AppData\Local\Temp\surefire7420327723374651456 2024-12-04T22-14-22_232-jvmRun1 surefire-20241204221422799_1tmp surefire_0-20241204221422799_2tmp"/>
    <property name="jdk.debug" value="release"/>
    <property name="surefire.test.class.path" value="D:\JAVA\oomall-2023-1\product\target\test-classes;D:\JAVA\oomall-2023-1\product\target\classes;C:\Users\刘智文\.m2\repository\cn\edu\xmu\javaee\core\0.0.3-SNAPSHOT\core-0.0.3-SNAPSHOT.jar;C:\Users\刘智文\.m2\repository\com\auth0\java-jwt\4.4.0\java-jwt-4.4.0.jar;C:\Users\刘智文\.m2\repository\com\fasterxml\jackson\core\jackson-databind\2.17.3\jackson-databind-2.17.3.jar;C:\Users\刘智文\.m2\repository\com\fasterxml\jackson\core\jackson-annotations\2.17.3\jackson-annotations-2.17.3.jar;C:\Users\刘智文\.m2\repository\com\github\pagehelper\pagehelper-spring-boot-starter\2.1.0\pagehelper-spring-boot-starter-2.1.0.jar;C:\Users\刘智文\.m2\repository\org\mybatis\spring\boot\mybatis-spring-boot-starter\3.0.3\mybatis-spring-boot-starter-3.0.3.jar;C:\Users\刘智文\.m2\repository\org\mybatis\spring\boot\mybatis-spring-boot-autoconfigure\3.0.3\mybatis-spring-boot-autoconfigure-3.0.3.jar;C:\Users\刘智文\.m2\repository\org\mybatis\mybatis\3.5.14\mybatis-3.5.14.jar;C:\Users\刘智文\.m2\repository\org\mybatis\mybatis-spring\3.0.3\mybatis-spring-3.0.3.jar;C:\Users\刘智文\.m2\repository\com\github\pagehelper\pagehelper-spring-boot-autoconfigure\2.1.0\pagehelper-spring-boot-autoconfigure-2.1.0.jar;C:\Users\刘智文\.m2\repository\com\github\pagehelper\pagehelper\6.1.0\pagehelper-6.1.0.jar;C:\Users\刘智文\.m2\repository\com\github\jsqlparser\jsqlparser\4.7\jsqlparser-4.7.jar;C:\Users\刘智文\.m2\repository\org\springframework\cloud\spring-cloud-starter-loadbalancer\4.1.5\spring-cloud-starter-loadbalancer-4.1.5.jar;C:\Users\刘智文\.m2\repository\org\springframework\cloud\spring-cloud-loadbalancer\4.1.5\spring-cloud-loadbalancer-4.1.5.jar;C:\Users\刘智文\.m2\repository\io\projectreactor\addons\reactor-extra\3.5.2\reactor-extra-3.5.2.jar;C:\Users\刘智文\.m2\repository\org\springframework\boot\spring-boot-starter-cache\3.3.6\spring-boot-starter-cache-3.3.6.jar;C:\Users\刘智文\.m2\repository\com\stoyanr\evictor\1.0.0\evictor-1.0.0.jar;C:\Users\刘智文\.m2\repository\com\squareup\javapoet\1.13.0\javapoet-1.13.0.jar;C:\Users\刘智文\.m2\repository\com\google\auto\service\auto-service\1.0.1\auto-service-1.0.1.jar;C:\Users\刘智文\.m2\repository\com\google\auto\service\auto-service-annotations\1.0.1\auto-service-annotations-1.0.1.jar;C:\Users\刘智文\.m2\repository\com\google\auto\auto-common\1.2\auto-common-1.2.jar;C:\Users\刘智文\.m2\repository\com\google\guava\guava\31.0.1-jre\guava-31.0.1-jre.jar;C:\Users\刘智文\.m2\repository\com\google\guava\failureaccess\1.0.1\failureaccess-1.0.1.jar;C:\Users\刘智文\.m2\repository\com\google\guava\listenablefuture\9999.0-empty-to-avoid-conflict-with-guava\listenablefuture-9999.0-empty-to-avoid-conflict-with-guava.jar;C:\Users\刘智文\.m2\repository\com\google\code\findbugs\jsr305\3.0.2\jsr305-3.0.2.jar;C:\Users\刘智文\.m2\repository\org\checkerframework\checker-qual\3.12.0\checker-qual-3.12.0.jar;C:\Users\刘智文\.m2\repository\com\google\errorprone\error_prone_annotations\2.7.1\error_prone_annotations-2.7.1.jar;C:\Users\刘智文\.m2\repository\com\google\j2objc\j2objc-annotations\1.3\j2objc-annotations-1.3.jar;C:\Users\刘智文\.m2\repository\org\springframework\boot\spring-boot-starter-web\3.3.6\spring-boot-starter-web-3.3.6.jar;C:\Users\刘智文\.m2\repository\org\springframework\boot\spring-boot-starter\3.3.6\spring-boot-starter-3.3.6.jar;C:\Users\刘智文\.m2\repository\org\springframework\boot\spring-boot\3.3.6\spring-boot-3.3.6.jar;C:\Users\刘智文\.m2\repository\org\springframework\boot\spring-boot-starter-logging\3.3.6\spring-boot-starter-logging-3.3.6.jar;C:\Users\刘智文\.m2\repository\ch\qos\logback\logback-classic\1.5.12\logback-classic-1.5.12.jar;C:\Users\刘智文\.m2\repository\ch\qos\logback\logback-core\1.5.12\logback-core-1.5.12.jar;C:\Users\刘智文\.m2\repository\org\apache\logging\log4j\log4j-to-slf4j\2.23.1\log4j-to-slf4j-2.23.1.jar;C:\Users\刘智文\.m2\repository\org\apache\logging\log4j\log4j-api\2.23.1\log4j-api-2.23.1.jar;C:\Users\刘智文\.m2\repository\org\slf4j\jul-to-slf4j\2.0.16\jul-to-slf4j-2.0.16.jar;C:\Users\刘智文\.m2\repository\org\yaml\snakeyaml\2.2\snakeyaml-2.2.jar;C:\Users\刘智文\.m2\repository\org\springframework\boot\spring-boot-starter-json\3.3.6\spring-boot-starter-json-3.3.6.jar;C:\Users\刘智文\.m2\repository\com\fasterxml\jackson\datatype\jackson-datatype-jdk8\2.17.3\jackson-datatype-jdk8-2.17.3.jar;C:\Users\刘智文\.m2\repository\com\fasterxml\jackson\datatype\jackson-datatype-jsr310\2.17.3\jackson-datatype-jsr310-2.17.3.jar;C:\Users\刘智文\.m2\repository\com\fasterxml\jackson\module\jackson-module-parameter-names\2.17.3\jackson-module-parameter-names-2.17.3.jar;C:\Users\刘智文\.m2\repository\org\springframework\boot\spring-boot-starter-tomcat\3.3.6\spring-boot-starter-tomcat-3.3.6.jar;C:\Users\刘智文\.m2\repository\org\apache\tomcat\embed\tomcat-embed-core\10.1.33\tomcat-embed-core-10.1.33.jar;C:\Users\刘智文\.m2\repository\org\apache\tomcat\embed\tomcat-embed-websocket\10.1.33\tomcat-embed-websocket-10.1.33.jar;C:\Users\刘智文\.m2\repository\org\springframework\spring-web\6.1.15\spring-web-6.1.15.jar;C:\Users\刘智文\.m2\repository\org\springframework\spring-beans\6.1.15\spring-beans-6.1.15.jar;C:\Users\刘智文\.m2\repository\org\springframework\spring-webmvc\6.1.15\spring-webmvc-6.1.15.jar;C:\Users\刘智文\.m2\repository\org\springframework\spring-context\6.1.15\spring-context-6.1.15.jar;C:\Users\刘智文\.m2\repository\org\springframework\spring-expression\6.1.15\spring-expression-6.1.15.jar;C:\Users\刘智文\.m2\repository\org\springframework\boot\spring-boot-starter-actuator\3.3.6\spring-boot-starter-actuator-3.3.6.jar;C:\Users\刘智文\.m2\repository\org\springframework\boot\spring-boot-actuator-autoconfigure\3.3.6\spring-boot-actuator-autoconfigure-3.3.6.jar;C:\Users\刘智文\.m2\repository\org\springframework\boot\spring-boot-actuator\3.3.6\spring-boot-actuator-3.3.6.jar;C:\Users\刘智文\.m2\repository\io\micrometer\micrometer-observation\1.13.8\micrometer-observation-1.13.8.jar;C:\Users\刘智文\.m2\repository\io\micrometer\micrometer-commons\1.13.8\micrometer-commons-1.13.8.jar;C:\Users\刘智文\.m2\repository\io\micrometer\micrometer-jakarta9\1.13.8\micrometer-jakarta9-1.13.8.jar;C:\Users\刘智文\.m2\repository\io\micrometer\micrometer-core\1.13.8\micrometer-core-1.13.8.jar;C:\Users\刘智文\.m2\repository\org\hdrhistogram\HdrHistogram\2.2.2\HdrHistogram-2.2.2.jar;C:\Users\刘智文\.m2\repository\org\latencyutils\LatencyUtils\2.0.3\LatencyUtils-2.0.3.jar;C:\Users\刘智文\.m2\repository\org\springframework\boot\spring-boot-starter-validation\3.3.6\spring-boot-starter-validation-3.3.6.jar;C:\Users\刘智文\.m2\repository\org\apache\tomcat\embed\tomcat-embed-el\10.1.33\tomcat-embed-el-10.1.33.jar;C:\Users\刘智文\.m2\repository\org\hibernate\validator\hibernate-validator\8.0.1.Final\hibernate-validator-8.0.1.Final.jar;C:\Users\刘智文\.m2\repository\jakarta\validation\jakarta.validation-api\3.0.2\jakarta.validation-api-3.0.2.jar;C:\Users\刘智文\.m2\repository\org\jboss\logging\jboss-logging\3.5.3.Final\jboss-logging-3.5.3.Final.jar;C:\Users\刘智文\.m2\repository\com\fasterxml\classmate\1.7.0\classmate-1.7.0.jar;C:\Users\刘智文\.m2\repository\org\springframework\boot\spring-boot-starter-aop\3.3.6\spring-boot-starter-aop-3.3.6.jar;C:\Users\刘智文\.m2\repository\org\springframework\spring-aop\6.1.15\spring-aop-6.1.15.jar;C:\Users\刘智文\.m2\repository\org\aspectj\aspectjweaver\1.9.22.1\aspectjweaver-1.9.22.1.jar;C:\Users\刘智文\.m2\repository\org\springframework\boot\spring-boot-starter-data-redis\3.3.6\spring-boot-starter-data-redis-3.3.6.jar;C:\Users\刘智文\.m2\repository\io\lettuce\lettuce-core\6.3.2.RELEASE\lettuce-core-6.3.2.RELEASE.jar;C:\Users\刘智文\.m2\repository\io\netty\netty-common\4.1.115.Final\netty-common-4.1.115.Final.jar;C:\Users\刘智文\.m2\repository\io\netty\netty-handler\4.1.115.Final\netty-handler-4.1.115.Final.jar;C:\Users\刘智文\.m2\repository\io\netty\netty-resolver\4.1.115.Final\netty-resolver-4.1.115.Final.jar;C:\Users\刘智文\.m2\repository\io\netty\netty-buffer\4.1.115.Final\netty-buffer-4.1.115.Final.jar;C:\Users\刘智文\.m2\repository\io\netty\netty-transport-native-unix-common\4.1.115.Final\netty-transport-native-unix-common-4.1.115.Final.jar;C:\Users\刘智文\.m2\repository\io\netty\netty-codec\4.1.115.Final\netty-codec-4.1.115.Final.jar;C:\Users\刘智文\.m2\repository\io\netty\netty-transport\4.1.115.Final\netty-transport-4.1.115.Final.jar;C:\Users\刘智文\.m2\repository\io\projectreactor\reactor-core\3.6.12\reactor-core-3.6.12.jar;C:\Users\刘智文\.m2\repository\org\reactivestreams\reactive-streams\1.0.4\reactive-streams-1.0.4.jar;C:\Users\刘智文\.m2\repository\org\springframework\data\spring-data-redis\3.3.6\spring-data-redis-3.3.6.jar;C:\Users\刘智文\.m2\repository\org\springframework\data\spring-data-keyvalue\3.3.6\spring-data-keyvalue-3.3.6.jar;C:\Users\刘智文\.m2\repository\org\springframework\spring-tx\6.1.15\spring-tx-6.1.15.jar;C:\Users\刘智文\.m2\repository\org\springframework\spring-oxm\6.1.15\spring-oxm-6.1.15.jar;C:\Users\刘智文\.m2\repository\org\springframework\spring-context-support\6.1.15\spring-context-support-6.1.15.jar;C:\Users\刘智文\.m2\repository\org\springframework\boot\spring-boot-starter-data-jpa\3.3.6\spring-boot-starter-data-jpa-3.3.6.jar;C:\Users\刘智文\.m2\repository\org\springframework\boot\spring-boot-starter-jdbc\3.3.6\spring-boot-starter-jdbc-3.3.6.jar;C:\Users\刘智文\.m2\repository\com\zaxxer\HikariCP\5.1.0\HikariCP-5.1.0.jar;C:\Users\刘智文\.m2\repository\org\springframework\spring-jdbc\6.1.15\spring-jdbc-6.1.15.jar;C:\Users\刘智文\.m2\repository\org\hibernate\orm\hibernate-core\6.5.3.Final\hibernate-core-6.5.3.Final.jar;C:\Users\刘智文\.m2\repository\jakarta\persistence\jakarta.persistence-api\3.1.0\jakarta.persistence-api-3.1.0.jar;C:\Users\刘智文\.m2\repository\jakarta\transaction\jakarta.transaction-api\2.0.1\jakarta.transaction-api-2.0.1.jar;C:\Users\刘智文\.m2\repository\org\hibernate\common\hibernate-commons-annotations\6.0.6.Final\hibernate-commons-annotations-6.0.6.Final.jar;C:\Users\刘智文\.m2\repository\io\smallrye\jandex\3.1.2\jandex-3.1.2.jar;C:\Users\刘智文\.m2\repository\net\bytebuddy\byte-buddy\1.14.19\byte-buddy-1.14.19.jar;C:\Users\刘智文\.m2\repository\jakarta\inject\jakarta.inject-api\2.0.1\jakarta.inject-api-2.0.1.jar;C:\Users\刘智文\.m2\repository\org\antlr\antlr4-runtime\4.13.0\antlr4-runtime-4.13.0.jar;C:\Users\刘智文\.m2\repository\org\springframework\data\spring-data-jpa\3.3.6\spring-data-jpa-3.3.6.jar;C:\Users\刘智文\.m2\repository\org\springframework\data\spring-data-commons\3.3.6\spring-data-commons-3.3.6.jar;C:\Users\刘智文\.m2\repository\org\springframework\spring-orm\6.1.15\spring-orm-6.1.15.jar;C:\Users\刘智文\.m2\repository\org\springframework\spring-aspects\6.1.15\spring-aspects-6.1.15.jar;C:\Users\刘智文\.m2\repository\org\springframework\boot\spring-boot-starter-data-mongodb\3.3.6\spring-boot-starter-data-mongodb-3.3.6.jar;C:\Users\刘智文\.m2\repository\org\mongodb\mongodb-driver-sync\5.0.1\mongodb-driver-sync-5.0.1.jar;C:\Users\刘智文\.m2\repository\org\mongodb\bson\5.0.1\bson-5.0.1.jar;C:\Users\刘智文\.m2\repository\org\mongodb\mongodb-driver-core\5.0.1\mongodb-driver-core-5.0.1.jar;C:\Users\刘智文\.m2\repository\org\mongodb\bson-record-codec\5.0.1\bson-record-codec-5.0.1.jar;C:\Users\刘智文\.m2\repository\org\springframework\data\spring-data-mongodb\4.3.6\spring-data-mongodb-4.3.6.jar;C:\Users\刘智文\.m2\repository\org\springframework\boot\spring-boot-starter-test\3.3.6\spring-boot-starter-test-3.3.6.jar;C:\Users\刘智文\.m2\repository\org\springframework\boot\spring-boot-test\3.3.6\spring-boot-test-3.3.6.jar;C:\Users\刘智文\.m2\repository\org\springframework\boot\spring-boot-test-autoconfigure\3.3.6\spring-boot-test-autoconfigure-3.3.6.jar;C:\Users\刘智文\.m2\repository\com\jayway\jsonpath\json-path\2.9.0\json-path-2.9.0.jar;C:\Users\刘智文\.m2\repository\jakarta\xml\bind\jakarta.xml.bind-api\4.0.2\jakarta.xml.bind-api-4.0.2.jar;C:\Users\刘智文\.m2\repository\jakarta\activation\jakarta.activation-api\2.1.3\jakarta.activation-api-2.1.3.jar;C:\Users\刘智文\.m2\repository\net\minidev\json-smart\2.5.1\json-smart-2.5.1.jar;C:\Users\刘智文\.m2\repository\net\minidev\accessors-smart\2.5.1\accessors-smart-2.5.1.jar;C:\Users\刘智文\.m2\repository\org\ow2\asm\asm\9.6\asm-9.6.jar;C:\Users\刘智文\.m2\repository\org\assertj\assertj-core\3.25.3\assertj-core-3.25.3.jar;C:\Users\刘智文\.m2\repository\org\awaitility\awaitility\4.2.2\awaitility-4.2.2.jar;C:\Users\刘智文\.m2\repository\org\hamcrest\hamcrest\2.2\hamcrest-2.2.jar;C:\Users\刘智文\.m2\repository\org\junit\jupiter\junit-jupiter\5.10.5\junit-jupiter-5.10.5.jar;C:\Users\刘智文\.m2\repository\org\junit\jupiter\junit-jupiter-api\5.10.5\junit-jupiter-api-5.10.5.jar;C:\Users\刘智文\.m2\repository\org\opentest4j\opentest4j\1.3.0\opentest4j-1.3.0.jar;C:\Users\刘智文\.m2\repository\org\junit\platform\junit-platform-commons\1.10.5\junit-platform-commons-1.10.5.jar;C:\Users\刘智文\.m2\repository\org\apiguardian\apiguardian-api\1.1.2\apiguardian-api-1.1.2.jar;C:\Users\刘智文\.m2\repository\org\junit\jupiter\junit-jupiter-params\5.10.5\junit-jupiter-params-5.10.5.jar;C:\Users\刘智文\.m2\repository\org\junit\jupiter\junit-jupiter-engine\5.10.5\junit-jupiter-engine-5.10.5.jar;C:\Users\刘智文\.m2\repository\org\junit\platform\junit-platform-engine\1.10.5\junit-platform-engine-1.10.5.jar;C:\Users\刘智文\.m2\repository\org\mockito\mockito-core\5.11.0\mockito-core-5.11.0.jar;C:\Users\刘智文\.m2\repository\net\bytebuddy\byte-buddy-agent\1.14.19\byte-buddy-agent-1.14.19.jar;C:\Users\刘智文\.m2\repository\org\objenesis\objenesis\3.3\objenesis-3.3.jar;C:\Users\刘智文\.m2\repository\org\mockito\mockito-junit-jupiter\5.11.0\mockito-junit-jupiter-5.11.0.jar;C:\Users\刘智文\.m2\repository\org\skyscreamer\jsonassert\1.5.3\jsonassert-1.5.3.jar;C:\Users\刘智文\.m2\repository\com\vaadin\external\google\android-json\0.0.20131108.vaadin1\android-json-0.0.20131108.vaadin1.jar;C:\Users\刘智文\.m2\repository\org\springframework\spring-core\6.1.15\spring-core-6.1.15.jar;C:\Users\刘智文\.m2\repository\org\springframework\spring-jcl\6.1.15\spring-jcl-6.1.15.jar;C:\Users\刘智文\.m2\repository\org\springframework\spring-test\6.1.15\spring-test-6.1.15.jar;C:\Users\刘智文\.m2\repository\org\xmlunit\xmlunit-core\2.9.1\xmlunit-core-2.9.1.jar;C:\Users\刘智文\.m2\repository\org\projectlombok\lombok\1.18.36\lombok-1.18.36.jar;C:\Users\刘智文\.m2\repository\com\mysql\mysql-connector-j\9.1.0\mysql-connector-j-9.1.0.jar;C:\Users\刘智文\.m2\repository\com\google\protobuf\protobuf-java\4.26.1\protobuf-java-4.26.1.jar;C:\Users\刘智文\.m2\repository\com\alibaba\druid-spring-boot-starter\1.2.24\druid-spring-boot-starter-1.2.24.jar;C:\Users\刘智文\.m2\repository\com\alibaba\druid\1.2.24\druid-1.2.24.jar;C:\Users\刘智文\.m2\repository\org\slf4j\slf4j-api\2.0.16\slf4j-api-2.0.16.jar;C:\Users\刘智文\.m2\repository\org\springframework\boot\spring-boot-autoconfigure\3.3.6\spring-boot-autoconfigure-3.3.6.jar;C:\Users\刘智文\.m2\repository\org\glassfish\jaxb\jaxb-runtime\4.0.5\jaxb-runtime-4.0.5.jar;C:\Users\刘智文\.m2\repository\org\glassfish\jaxb\jaxb-core\4.0.5\jaxb-core-4.0.5.jar;C:\Users\刘智文\.m2\repository\org\eclipse\angus\angus-activation\2.0.2\angus-activation-2.0.2.jar;C:\Users\刘智文\.m2\repository\org\glassfish\jaxb\txw2\4.0.5\txw2-4.0.5.jar;C:\Users\刘智文\.m2\repository\com\sun\istack\istack-commons-runtime\4.1.2\istack-commons-runtime-4.1.2.jar;C:\Users\刘智文\.m2\repository\org\apache\rocketmq\rocketmq-spring-boot-starter\2.3.1\rocketmq-spring-boot-starter-2.3.1.jar;C:\Users\刘智文\.m2\repository\org\apache\rocketmq\rocketmq-spring-boot\2.3.1\rocketmq-spring-boot-2.3.1.jar;C:\Users\刘智文\.m2\repository\org\apache\rocketmq\rocketmq-client\5.3.0\rocketmq-client-5.3.0.jar;C:\Users\刘智文\.m2\repository\org\apache\rocketmq\rocketmq-remoting\5.3.0\rocketmq-remoting-5.3.0.jar;C:\Users\刘智文\.m2\repository\org\reflections\reflections\0.9.11\reflections-0.9.11.jar;C:\Users\刘智文\.m2\repository\org\javassist\javassist\3.21.0-GA\javassist-3.21.0-GA.jar;C:\Users\刘智文\.m2\repository\org\apache\commons\commons-lang3\3.14.0\commons-lang3-3.14.0.jar;C:\Users\刘智文\.m2\repository\io\github\aliyunmq\rocketmq-slf4j-api\1.0.1\rocketmq-slf4j-api-1.0.1.jar;C:\Users\刘智文\.m2\repository\io\github\aliyunmq\rocketmq-logback-classic\1.0.1\rocketmq-logback-classic-1.0.1.jar;C:\Users\刘智文\.m2\repository\org\apache\rocketmq\rocketmq-acl\5.3.0\rocketmq-acl-5.3.0.jar;C:\Users\刘智文\.m2\repository\org\apache\rocketmq\rocketmq-proto\2.0.3\rocketmq-proto-2.0.3.jar;C:\Users\刘智文\.m2\repository\org\apache\rocketmq\rocketmq-common\5.3.0\rocketmq-common-5.3.0.jar;C:\Users\刘智文\.m2\repository\com\alibaba\fastjson\1.2.83\fastjson-1.2.83.jar;C:\Users\刘智文\.m2\repository\com\alibaba\fastjson2\fastjson2\2.0.43\fastjson2-2.0.43.jar;C:\Users\刘智文\.m2\repository\io\netty\netty-all\4.1.115.Final\netty-all-4.1.115.Final.jar;C:\Users\刘智文\.m2\repository\io\netty\netty-codec-dns\4.1.115.Final\netty-codec-dns-4.1.115.Final.jar;C:\Users\刘智文\.m2\repository\io\netty\netty-codec-haproxy\4.1.115.Final\netty-codec-haproxy-4.1.115.Final.jar;C:\Users\刘智文\.m2\repository\io\netty\netty-codec-http\4.1.115.Final\netty-codec-http-4.1.115.Final.jar;C:\Users\刘智文\.m2\repository\io\netty\netty-codec-http2\4.1.115.Final\netty-codec-http2-4.1.115.Final.jar;C:\Users\刘智文\.m2\repository\io\netty\netty-codec-memcache\4.1.115.Final\netty-codec-memcache-4.1.115.Final.jar;C:\Users\刘智文\.m2\repository\io\netty\netty-codec-mqtt\4.1.115.Final\netty-codec-mqtt-4.1.115.Final.jar;C:\Users\刘智文\.m2\repository\io\netty\netty-codec-redis\4.1.115.Final\netty-codec-redis-4.1.115.Final.jar;C:\Users\刘智文\.m2\repository\io\netty\netty-codec-smtp\4.1.115.Final\netty-codec-smtp-4.1.115.Final.jar;C:\Users\刘智文\.m2\repository\io\netty\netty-codec-socks\4.1.115.Final\netty-codec-socks-4.1.115.Final.jar;C:\Users\刘智文\.m2\repository\io\netty\netty-codec-stomp\4.1.115.Final\netty-codec-stomp-4.1.115.Final.jar;C:\Users\刘智文\.m2\repository\io\netty\netty-codec-xml\4.1.115.Final\netty-codec-xml-4.1.115.Final.jar;C:\Users\刘智文\.m2\repository\io\netty\netty-handler-proxy\4.1.115.Final\netty-handler-proxy-4.1.115.Final.jar;C:\Users\刘智文\.m2\repository\io\netty\netty-handler-ssl-ocsp\4.1.115.Final\netty-handler-ssl-ocsp-4.1.115.Final.jar;C:\Users\刘智文\.m2\repository\io\netty\netty-resolver-dns\4.1.115.Final\netty-resolver-dns-4.1.115.Final.jar;C:\Users\刘智文\.m2\repository\io\netty\netty-transport-rxtx\4.1.115.Final\netty-transport-rxtx-4.1.115.Final.jar;C:\Users\刘智文\.m2\repository\io\netty\netty-transport-sctp\4.1.115.Final\netty-transport-sctp-4.1.115.Final.jar;C:\Users\刘智文\.m2\repository\io\netty\netty-transport-udt\4.1.115.Final\netty-transport-udt-4.1.115.Final.jar;C:\Users\刘智文\.m2\repository\io\netty\netty-transport-classes-epoll\4.1.115.Final\netty-transport-classes-epoll-4.1.115.Final.jar;C:\Users\刘智文\.m2\repository\io\netty\netty-transport-classes-kqueue\4.1.115.Final\netty-transport-classes-kqueue-4.1.115.Final.jar;C:\Users\刘智文\.m2\repository\io\netty\netty-resolver-dns-classes-macos\4.1.115.Final\netty-resolver-dns-classes-macos-4.1.115.Final.jar;C:\Users\刘智文\.m2\repository\io\netty\netty-transport-native-epoll\4.1.115.Final\netty-transport-native-epoll-4.1.115.Final-linux-x86_64.jar;C:\Users\刘智文\.m2\repository\io\netty\netty-transport-native-epoll\4.1.115.Final\netty-transport-native-epoll-4.1.115.Final-linux-aarch_64.jar;C:\Users\刘智文\.m2\repository\io\netty\netty-transport-native-epoll\4.1.115.Final\netty-transport-native-epoll-4.1.115.Final-linux-riscv64.jar;C:\Users\刘智文\.m2\repository\io\netty\netty-transport-native-kqueue\4.1.115.Final\netty-transport-native-kqueue-4.1.115.Final-osx-x86_64.jar;C:\Users\刘智文\.m2\repository\io\netty\netty-transport-native-kqueue\4.1.115.Final\netty-transport-native-kqueue-4.1.115.Final-osx-aarch_64.jar;C:\Users\刘智文\.m2\repository\io\netty\netty-resolver-dns-native-macos\4.1.115.Final\netty-resolver-dns-native-macos-4.1.115.Final-osx-x86_64.jar;C:\Users\刘智文\.m2\repository\io\netty\netty-resolver-dns-native-macos\4.1.115.Final\netty-resolver-dns-native-macos-4.1.115.Final-osx-aarch_64.jar;C:\Users\刘智文\.m2\repository\com\github\luben\zstd-jni\1.5.2-2\zstd-jni-1.5.2-2.jar;C:\Users\刘智文\.m2\repository\org\lz4\lz4-java\1.8.0\lz4-java-1.8.0.jar;C:\Users\刘智文\.m2\repository\io\opentelemetry\opentelemetry-exporter-otlp\1.38.0\opentelemetry-exporter-otlp-1.38.0.jar;C:\Users\刘智文\.m2\repository\io\opentelemetry\opentelemetry-sdk-trace\1.38.0\opentelemetry-sdk-trace-1.38.0.jar;C:\Users\刘智文\.m2\repository\io\opentelemetry\opentelemetry-sdk-metrics\1.38.0\opentelemetry-sdk-metrics-1.38.0.jar;C:\Users\刘智文\.m2\repository\io\opentelemetry\opentelemetry-api-incubator\1.38.0-alpha\opentelemetry-api-incubator-1.38.0-alpha.jar;C:\Users\刘智文\.m2\repository\io\opentelemetry\opentelemetry-sdk-logs\1.38.0\opentelemetry-sdk-logs-1.38.0.jar;C:\Users\刘智文\.m2\repository\io\opentelemetry\opentelemetry-exporter-otlp-common\1.38.0\opentelemetry-exporter-otlp-common-1.38.0.jar;C:\Users\刘智文\.m2\repository\io\opentelemetry\opentelemetry-exporter-common\1.38.0\opentelemetry-exporter-common-1.38.0.jar;C:\Users\刘智文\.m2\repository\io\opentelemetry\opentelemetry-exporter-sender-okhttp\1.38.0\opentelemetry-exporter-sender-okhttp-1.38.0.jar;C:\Users\刘智文\.m2\repository\com\squareup\okhttp3\okhttp\4.12.0\okhttp-4.12.0.jar;C:\Users\刘智文\.m2\repository\com\squareup\okio\okio\3.6.0\okio-3.6.0.jar;C:\Users\刘智文\.m2\repository\org\jetbrains\kotlin\kotlin-stdlib-jdk8\1.9.25\kotlin-stdlib-jdk8-1.9.25.jar;C:\Users\刘智文\.m2\repository\org\jetbrains\kotlin\kotlin-stdlib\1.9.25\kotlin-stdlib-1.9.25.jar;C:\Users\刘智文\.m2\repository\org\jetbrains\annotations\13.0\annotations-13.0.jar;C:\Users\刘智文\.m2\repository\org\jetbrains\kotlin\kotlin-stdlib-jdk7\1.9.25\kotlin-stdlib-jdk7-1.9.25.jar;C:\Users\刘智文\.m2\repository\io\opentelemetry\opentelemetry-sdk-extension-autoconfigure-spi\1.38.0\opentelemetry-sdk-extension-autoconfigure-spi-1.38.0.jar;C:\Users\刘智文\.m2\repository\io\opentelemetry\opentelemetry-exporter-prometheus\1.29.0-alpha\opentelemetry-exporter-prometheus-1.29.0-alpha.jar;C:\Users\刘智文\.m2\repository\io\opentelemetry\opentelemetry-exporter-logging\1.38.0\opentelemetry-exporter-logging-1.38.0.jar;C:\Users\刘智文\.m2\repository\io\opentelemetry\opentelemetry-sdk\1.38.0\opentelemetry-sdk-1.38.0.jar;C:\Users\刘智文\.m2\repository\io\opentelemetry\opentelemetry-api\1.38.0\opentelemetry-api-1.38.0.jar;C:\Users\刘智文\.m2\repository\io\opentelemetry\opentelemetry-context\1.38.0\opentelemetry-context-1.38.0.jar;C:\Users\刘智文\.m2\repository\io\opentelemetry\opentelemetry-sdk-common\1.38.0\opentelemetry-sdk-common-1.38.0.jar;C:\Users\刘智文\.m2\repository\io\opentelemetry\opentelemetry-exporter-logging-otlp\1.38.0\opentelemetry-exporter-logging-otlp-1.38.0.jar;C:\Users\刘智文\.m2\repository\io\grpc\grpc-stub\1.53.0\grpc-stub-1.53.0.jar;C:\Users\刘智文\.m2\repository\io\grpc\grpc-api\1.53.0\grpc-api-1.53.0.jar;C:\Users\刘智文\.m2\repository\io\grpc\grpc-context\1.53.0\grpc-context-1.53.0.jar;C:\Users\刘智文\.m2\repository\io\grpc\grpc-netty-shaded\1.53.0\grpc-netty-shaded-1.53.0.jar;C:\Users\刘智文\.m2\repository\io\perfmark\perfmark-api\0.25.0\perfmark-api-0.25.0.jar;C:\Users\刘智文\.m2\repository\io\grpc\grpc-core\1.53.0\grpc-core-1.53.0.jar;C:\Users\刘智文\.m2\repository\com\google\code\gson\gson\2.10.1\gson-2.10.1.jar;C:\Users\刘智文\.m2\repository\com\google\android\annotations\4.1.1.4\annotations-4.1.1.4.jar;C:\Users\刘智文\.m2\repository\org\codehaus\mojo\animal-sniffer-annotations\1.21\animal-sniffer-annotations-1.21.jar;C:\Users\刘智文\.m2\repository\com\squareup\okio\okio-jvm\3.4.0\okio-jvm-3.4.0.jar;C:\Users\刘智文\.m2\repository\org\apache\rocketmq\rocketmq-srvutil\5.3.0\rocketmq-srvutil-5.3.0.jar;C:\Users\刘智文\.m2\repository\commons-cli\commons-cli\1.5.0\commons-cli-1.5.0.jar;C:\Users\刘智文\.m2\repository\com\googlecode\concurrentlinkedhashmap\concurrentlinkedhashmap-lru\1.4.2\concurrentlinkedhashmap-lru-1.4.2.jar;C:\Users\刘智文\.m2\repository\commons-validator\commons-validator\1.7\commons-validator-1.7.jar;C:\Users\刘智文\.m2\repository\commons-beanutils\commons-beanutils\1.9.4\commons-beanutils-1.9.4.jar;C:\Users\刘智文\.m2\repository\commons-digester\commons-digester\2.1\commons-digester-2.1.jar;C:\Users\刘智文\.m2\repository\commons-logging\commons-logging\1.2\commons-logging-1.2.jar;C:\Users\刘智文\.m2\repository\commons-collections\commons-collections\3.2.2\commons-collections-3.2.2.jar;C:\Users\刘智文\.m2\repository\com\google\protobuf\protobuf-java-util\3.20.1\protobuf-java-util-3.20.1.jar;C:\Users\刘智文\.m2\repository\org\springframework\spring-messaging\6.1.15\spring-messaging-6.1.15.jar;C:\Users\刘智文\.m2\repository\org\springframework\cloud\spring-cloud-starter-openfeign\4.1.4\spring-cloud-starter-openfeign-4.1.4.jar;C:\Users\刘智文\.m2\repository\org\springframework\cloud\spring-cloud-starter\4.1.5\spring-cloud-starter-4.1.5.jar;C:\Users\刘智文\.m2\repository\org\springframework\security\spring-security-rsa\1.1.3\spring-security-rsa-1.1.3.jar;C:\Users\刘智文\.m2\repository\org\bouncycastle\bcprov-jdk18on\1.78\bcprov-jdk18on-1.78.jar;C:\Users\刘智文\.m2\repository\org\springframework\cloud\spring-cloud-commons\4.1.5\spring-cloud-commons-4.1.5.jar;C:\Users\刘智文\.m2\repository\org\springframework\security\spring-security-crypto\6.3.5\spring-security-crypto-6.3.5.jar;C:\Users\刘智文\.m2\repository\io\github\openfeign\feign-core\13.5\feign-core-13.5.jar;C:\Users\刘智文\.m2\repository\io\github\openfeign\feign-slf4j\13.5\feign-slf4j-13.5.jar;C:\Users\刘智文\.m2\repository\org\springframework\cloud\spring-cloud-openfeign-core\4.1.4\spring-cloud-openfeign-core-4.1.4.jar;C:\Users\刘智文\.m2\repository\io\github\openfeign\feign-form-spring\13.5\feign-form-spring-13.5.jar;C:\Users\刘智文\.m2\repository\io\github\openfeign\feign-form\13.5\feign-form-13.5.jar;C:\Users\刘智文\.m2\repository\commons-fileupload\commons-fileupload\1.5\commons-fileupload-1.5.jar;C:\Users\刘智文\.m2\repository\commons-io\commons-io\2.11.0\commons-io-2.11.0.jar;C:\Users\刘智文\.m2\repository\com\alibaba\cloud\spring-cloud-starter-alibaba-nacos-config\2023.0.1.2\spring-cloud-starter-alibaba-nacos-config-2023.0.1.2.jar;C:\Users\刘智文\.m2\repository\com\alibaba\cloud\spring-cloud-alibaba-commons\2023.0.1.2\spring-cloud-alibaba-commons-2023.0.1.2.jar;C:\Users\刘智文\.m2\repository\com\alibaba\spring\spring-context-support\1.0.11\spring-context-support-1.0.11.jar;C:\Users\刘智文\.m2\repository\com\alibaba\nacos\nacos-client\2.3.2\nacos-client-2.3.2.jar;C:\Users\刘智文\.m2\repository\com\alibaba\nacos\nacos-auth-plugin\2.3.2\nacos-auth-plugin-2.3.2.jar;C:\Users\刘智文\.m2\repository\com\alibaba\nacos\nacos-encryption-plugin\2.3.2\nacos-encryption-plugin-2.3.2.jar;C:\Users\刘智文\.m2\repository\commons-codec\commons-codec\1.16.1\commons-codec-1.16.1.jar;C:\Users\刘智文\.m2\repository\com\fasterxml\jackson\core\jackson-core\2.17.3\jackson-core-2.17.3.jar;C:\Users\刘智文\.m2\repository\org\apache\httpcomponents\httpasyncclient\4.1.5\httpasyncclient-4.1.5.jar;C:\Users\刘智文\.m2\repository\org\apache\httpcomponents\httpcore-nio\4.4.16\httpcore-nio-4.4.16.jar;C:\Users\刘智文\.m2\repository\org\apache\httpcomponents\httpclient\4.5.13\httpclient-4.5.13.jar;C:\Users\刘智文\.m2\repository\org\apache\httpcomponents\httpcore\4.4.16\httpcore-4.4.16.jar;C:\Users\刘智文\.m2\repository\io\prometheus\simpleclient\0.16.0\simpleclient-0.16.0.jar;C:\Users\刘智文\.m2\repository\io\prometheus\simpleclient_tracer_otel\0.16.0\simpleclient_tracer_otel-0.16.0.jar;C:\Users\刘智文\.m2\repository\io\prometheus\simpleclient_tracer_common\0.16.0\simpleclient_tracer_common-0.16.0.jar;C:\Users\刘智文\.m2\repository\io\prometheus\simpleclient_tracer_otel_agent\0.16.0\simpleclient_tracer_otel_agent-0.16.0.jar;C:\Users\刘智文\.m2\repository\org\springframework\cloud\spring-cloud-context\4.1.5\spring-cloud-context-4.1.5.jar;C:\Users\刘智文\.m2\repository\jakarta\annotation\jakarta.annotation-api\2.1.1\jakarta.annotation-api-2.1.1.jar;C:\Users\刘智文\.m2\repository\com\alibaba\cloud\spring-cloud-starter-alibaba-nacos-discovery\2023.0.1.2\spring-cloud-starter-alibaba-nacos-discovery-2023.0.1.2.jar;C:\Users\刘智文\.m2\repository\org\springframework\cloud\spring-cloud-starter-bootstrap\4.1.5\spring-cloud-starter-bootstrap-4.1.5.jar;"/>
    <property name="sun.cpu.endian" value="little"/>
    <property name="user.home" value="C:\Users\刘智文"/>
    <property name="user.language" value="zh"/>
    <property name="java.specification.vendor" value="Oracle Corporation"/>
    <property name="java.version.date" value="2024-01-16"/>
    <property name="java.home" value="D:\JAVA\jdk-17_windows-x64_bin\jdk-17.0.10"/>
    <property name="file.separator" value="\"/>
    <property name="basedir" value="D:\JAVA\oomall-2023-1\product"/>
    <property name="java.vm.compressedOopsMode" value="Zero based"/>
    <property name="line.separator" value="&#10;"/>
    <property name="java.vm.specification.vendor" value="Oracle Corporation"/>
    <property name="java.specification.name" value="Java Platform API Specification"/>
    <property name="FILE_LOG_CHARSET" value="UTF-8"/>
    <property name="java.awt.headless" value="true"/>
    <property name="surefire.real.class.path" value="C:\Users\刘智文\AppData\Local\Temp\surefire7420327723374651456\surefirebooter-20241204221422799_3.jar"/>
    <property name="user.script" value=""/>
    <property name="sun.management.compiler" value="HotSpot 64-Bit Tiered Compilers"/>
    <property name="java.runtime.version" value="17.0.10+11-LTS-240"/>
    <property name="user.name" value="刘智文"/>
    <property name="path.separator" value=";"/>
    <property name="os.version" value="10.0"/>
    <property name="java.runtime.name" value="Java(TM) SE Runtime Environment"/>
    <property name="file.encoding" value="UTF-8"/>
    <property name="java.vm.name" value="Java HotSpot(TM) 64-Bit Server VM"/>
    <property name="rocketmq.remoting.version" value="473"/>
    <property name="localRepository" value="C:\Users\刘智文\.m2\repository"/>
    <property name="java.vendor.url.bug" value="https://bugreport.java.com/bugreport/"/>
    <property name="java.io.tmpdir" value="C:\Users\刘智文\AppData\Local\Temp\"/>
    <property name="idea.version" value="2024.1.4"/>
    <property name="java.version" value="17.0.10"/>
    <property name="user.dir" value="D:\JAVA\oomall-2023-1\product"/>
    <property name="os.arch" value="amd64"/>
    <property name="java.vm.specification.name" value="Java Virtual Machine Specification"/>
    <property name="PID" value="41176"/>
    <property name="sun.os.patch.level" value=""/>
    <property name="CONSOLE_LOG_CHARSET" value="UTF-8"/>
    <property name="native.encoding" value="GBK"/>
    <property name="java.library.path" value="D:\JAVA\jdk-17_windows-x64_bin\jdk-17.0.10\bin;C:\WINDOWS\Sun\Java\bin;C:\WINDOWS\system32;C:\WINDOWS;C:\Program Files (x86)\Common Files\NetSarang;D:\VMware\bin\;C:\ProgramData\Oracle\Java\javapath;D:\vmware17\bin\;C:\Program Files\PlasticSCM5\client;D:\Python\Ptyhon1;D:\Python\Ptyhon1\Library\mingw-w64\bin;D:\Python\Ptyhon1\Library\usr\bin;D:\Python\Ptyhon1\Library\bin;D:\Python\Ptyhon1\Scripts;D:\JAVA\JDK\bin;C:\Program Files\Common Files\Oracle\Java\javapath;C:\Program Files (x86)\Common Files\Oracle\Java\javapath;C:\Program Files\Microsoft\jdk-11.0.16.101-hotspot\bin;C:\Windows\system32;C:\Windows;C:\Windows\System32\Wbem;C:\Windows\System32\WindowsPowerShell\v1.0\;C:\Windows\System32\OpenSSH\;C:\Program Files (x86)\NVIDIA Corporation\PhysX\Common;C:\Program Files\NVIDIA Corporation\NVIDIA NvDLISR;C:\WINDOWS\system32;C:\WINDOWS;C:\WINDOWS\System32\Wbem;C:\WINDOWS\System32\WindowsPowerShell\v1.0\;C:\WINDOWS\System32\OpenSSH\;C:\Program Files\dotnet\;D:\刘智文\微信web开发者工具\dll;D:\DataBA;e\CodeArts IDE\bin;D:\JAVA\apache-tomcat-9.0.90-windows-x64\apache-tomcat-9.0.90\bin;C:\Program Files\MySQL\MySQL Server 9.0\bin;D:\SQL2019\150\Tools\Binn\;C:\Program Files\Microsoft SQL Server\150\Tools\Binn\;D:\SQL2019\150\DTS\Binn\;C:\Program Files\Microsoft SQL Server\150\DTS\Binn\;C:\Program Files\Microsoft SQL Server\Client SDK\ODBC\170\Tools\Binn\;C:\Program Files\Azure Data Studio\bin;C:\Program Files\Microsoft SQL Server\130\DTS\Binn\;C:\Program Files\Microsoft SQL Server\140\DTS\Binn\;C:\Program Files\Microsoft SQL Server\160\DTS\Binn\;D:\node\;D:\DM\Graphviz\bin;C:\Program Files\Git\cmd;D:\JAVA\Maven\apache-maven-3.8.8-bin\apache-maven-3.8.8\bin;D:\DM\Anaconda;D:\DM\Anaconda\Library\mingw-w64\bin;D:\DM\Anaconda\Library\usr\bin;D:\DM\Anaconda\Library\bin;D:\DM\Anaconda\Scripts;C:\Users\刘智文\AppData\Local\Microsoft\WindowsApps;D:\Python\Scripts\;D:\Python\;C:\Users\刘智文\AppData\Local\Programs\Python\Python38\;C:\Users\刘智文\AppData\Local\Microsoft\WindowsApps;C:\Program Files (x86)\Tencent\QQGameTempest\Hall.57915\;C:\Users\刘智文\.dotnet\tools;D:\Program Files\JetBrains\PyCharm Community Edition 2022.3.3\bin;;D:\刘智文\Microsoft VS Code\bin;D:\JAVA\apache-tomcat-9.0.90-windows-x64\apache-tomcat-9.0.90\bin;D:\JAVA\IntelliJ IDEA 2024.1.4\bin;;C:\Program Files\Azure Data Studio\bin;C:\Users\刘智文\AppData\Roaming\npm;."/>
    <property name="java.vm.info" value="mixed mode, sharing"/>
    <property name="java.vendor" value="Oracle Corporation"/>
    <property name="java.vm.version" value="17.0.10+11-LTS-240"/>
    <property name="sun.io.unicode.encoding" value="UnicodeLittle"/>
    <property name="java.class.version" value="61.0"/>
    <property name="LOGGED_APPLICATION_NAME" value="[product-service] "/>
  </properties>
  <testcase name="addCouponactivityTest1" classname="cn.edu.xmu.oomall.product.controller.ShopCouponActControllerTest" time="0.494">
    <system-out><![CDATA[2024-12-04 22:16:49.131 [main] DEBUG cn.edu.xmu.javaee.core.util.JwtHelper - createToken:
2024-12-04 22:16:49.131 [main] DEBUG cn.edu.xmu.javaee.core.util.JwtHelper - createToken: userId = 1 userName=13088admin departId=0 tokenId:202412042216491WGA
22:16:49,465 |-INFO in ch.qos.logback.core.model.processor.AppenderModelHandler - Processing appender named [STDOUT]
22:16:49,465 |-INFO in ch.qos.logback.core.model.processor.AppenderModelHandler - About to instantiate appender of type [ch.qos.logback.core.ConsoleAppender]
22:16:49,465 |-INFO in ch.qos.logback.core.model.processor.AppenderModelHandler - Processing appender named [FILE]
22:16:49,465 |-INFO in ch.qos.logback.core.model.processor.AppenderModelHandler - About to instantiate appender of type [ch.qos.logback.core.rolling.RollingFileAppender]
22:16:49,466 |-INFO in ch.qos.logback.core.model.processor.ModelInterpretationContext@41b83107 - value "logs/product.%d{yyyy-MM-dd}.log" substituted for "${LOG_HOME}/${PROJECT_NAME}.%d{yyyy-MM-dd}.log"
22:16:49,466 |-INFO in c.q.l.core.rolling.TimeBasedRollingPolicy@157505355 - No compression will be used
22:16:49,466 |-INFO in c.q.l.core.rolling.TimeBasedRollingPolicy@157505355 - Will use the pattern logs/product.%d{yyyy-MM-dd}.log for the active file
22:16:49,466 |-INFO in c.q.l.core.rolling.DefaultTimeBasedFileNamingAndTriggeringPolicy - The date pattern is 'yyyy-MM-dd' from file name pattern 'logs/product.%d{yyyy-MM-dd}.log'.
22:16:49,466 |-INFO in c.q.l.core.rolling.DefaultTimeBasedFileNamingAndTriggeringPolicy - Roll-over at midnight.
22:16:49,467 |-INFO in c.q.l.core.rolling.DefaultTimeBasedFileNamingAndTriggeringPolicy - Setting initial period to 2024-12-04T14:16:49.467Z
22:16:49,470 |-WARN in ch.qos.logback.core.rolling.RollingFileAppender[FILE] - A triggering policy of type TimeBasedRollingPolicy was already set.
22:16:49,470 |-WARN in ch.qos.logback.core.rolling.RollingFileAppender[FILE] - Note that TimeBasedRollingPolicy doubles as a RollingPolicy
22:16:49,470 |-WARN in ch.qos.logback.core.rolling.RollingFileAppender[FILE] - See also http://logback.qos.ch/codes.html#rfa_reset_rp_or_tp
22:16:49,470 |-INFO in ch.qos.logback.core.rolling.RollingFileAppender[FILE] - Active log file name: logs/product.2024-12-04.log
22:16:49,470 |-INFO in ch.qos.logback.core.rolling.RollingFileAppender[FILE] - File property is set to [null]
22:16:49,473 |-WARN in ch.qos.logback.core.model.processor.AppenderModelHandler - Appender named [DruidFILE] not referenced. Skipping further processing.
22:16:49,478 |-INFO in ch.qos.logback.classic.model.processor.LoggerModelHandler - Setting level of logger [cn.edu.xmu.oomall.product] to DEBUG
22:16:49,478 |-INFO in ch.qos.logback.classic.jul.LevelChangePropagator@42f71cb0 - Propagating DEBUG level on Logger[cn.edu.xmu.oomall.product] onto the JUL framework
22:16:49,478 |-INFO in ch.qos.logback.classic.model.processor.LoggerModelHandler - Setting level of logger [cn.edu.xmu.oomall.product.controller] to DEBUG
22:16:49,478 |-INFO in ch.qos.logback.classic.jul.LevelChangePropagator@42f71cb0 - Propagating DEBUG level on Logger[cn.edu.xmu.oomall.product.controller] onto the JUL framework
22:16:49,478 |-INFO in ch.qos.logback.classic.model.processor.LoggerModelHandler - Setting level of logger [cn.edu.xmu.oomall.product.service] to DEBUG
22:16:49,478 |-INFO in ch.qos.logback.classic.jul.LevelChangePropagator@42f71cb0 - Propagating DEBUG level on Logger[cn.edu.xmu.oomall.product.service] onto the JUL framework
22:16:49,478 |-INFO in ch.qos.logback.classic.model.processor.LoggerModelHandler - Setting level of logger [cn.edu.xmu.oomall.product.dao] to DEBUG
22:16:49,478 |-INFO in ch.qos.logback.classic.jul.LevelChangePropagator@42f71cb0 - Propagating DEBUG level on Logger[cn.edu.xmu.oomall.product.dao] onto the JUL framework
22:16:49,478 |-INFO in ch.qos.logback.classic.model.processor.LoggerModelHandler - Setting level of logger [cn.edu.xmu.oomall.product.dao.bo] to DEBUG
22:16:49,478 |-INFO in ch.qos.logback.classic.jul.LevelChangePropagator@42f71cb0 - Propagating DEBUG level on Logger[cn.edu.xmu.oomall.product.dao.bo] onto the JUL framework
22:16:49,478 |-INFO in ch.qos.logback.classic.model.processor.LoggerModelHandler - Setting level of logger [cn.edu.xmu.oomall.product.mapper] to DEBUG
22:16:49,478 |-INFO in ch.qos.logback.classic.jul.LevelChangePropagator@42f71cb0 - Propagating DEBUG level on Logger[cn.edu.xmu.oomall.product.mapper] onto the JUL framework
22:16:49,478 |-INFO in ch.qos.logback.classic.model.processor.LoggerModelHandler - Setting level of logger [cn.edu.xmu.javaee.core] to DEBUG
22:16:49,478 |-INFO in ch.qos.logback.classic.jul.LevelChangePropagator@42f71cb0 - Propagating DEBUG level on Logger[cn.edu.xmu.javaee.core] onto the JUL framework
22:16:49,478 |-INFO in ch.qos.logback.classic.model.processor.LoggerModelHandler - Setting level of logger [cn.edu.xmu.javaee.core.aop] to DEBUG
22:16:49,478 |-INFO in ch.qos.logback.classic.jul.LevelChangePropagator@42f71cb0 - Propagating DEBUG level on Logger[cn.edu.xmu.javaee.core.aop] onto the JUL framework
22:16:49,478 |-INFO in ch.qos.logback.classic.model.processor.LoggerModelHandler - Setting level of logger [cn.edu.xmu.javaee.core.config.OpenFeignHeaderInterceptor] to DEBUG
22:16:49,478 |-INFO in ch.qos.logback.classic.jul.LevelChangePropagator@42f71cb0 - Propagating DEBUG level on Logger[cn.edu.xmu.javaee.core.config.OpenFeignHeaderInterceptor] onto the JUL framework
22:16:49,478 |-INFO in ch.qos.logback.classic.model.processor.LoggerModelHandler - Setting level of logger [cn.edu.xmu.javaee.core.jpa.SelectiveUpdateJpaRepositoryImpl] to DEBUG
22:16:49,478 |-INFO in ch.qos.logback.classic.jul.LevelChangePropagator@42f71cb0 - Propagating DEBUG level on Logger[cn.edu.xmu.javaee.core.jpa.SelectiveUpdateJpaRepositoryImpl] onto the JUL framework
22:16:49,478 |-INFO in ch.qos.logback.classic.model.processor.LoggerModelHandler - Setting level of logger [org.hibernate.type.descriptor.sql.BasicBinder] to TRACE
22:16:49,478 |-INFO in ch.qos.logback.classic.jul.LevelChangePropagator@42f71cb0 - Propagating TRACE level on Logger[org.hibernate.type.descriptor.sql.BasicBinder] onto the JUL framework
22:16:49,478 |-INFO in ch.qos.logback.classic.model.processor.RootLoggerModelHandler - Setting level of ROOT logger to INFO
22:16:49,478 |-INFO in ch.qos.logback.classic.jul.LevelChangePropagator@42f71cb0 - Propagating INFO level on Logger[ROOT] onto the JUL framework
22:16:49,478 |-INFO in ch.qos.logback.core.model.processor.AppenderRefModelHandler - Attaching appender named [STDOUT] to Logger[ROOT]
22:16:49,478 |-INFO in ch.qos.logback.core.model.processor.AppenderRefModelHandler - Attaching appender named [FILE] to Logger[ROOT]
22:16:49,478 |-INFO in ch.qos.logback.core.model.processor.DefaultProcessor@2a54b3f1 - End of configuration.
22:16:49,478 |-INFO in org.springframework.boot.logging.logback.SpringBootJoranConfigurator@2ae48fb5 - Registering current configuration as safe fallback point

22:16:49,864 |-INFO in ch.qos.logback.core.model.processor.AppenderModelHandler - Processing appender named [STDOUT]
22:16:49,864 |-INFO in ch.qos.logback.core.model.processor.AppenderModelHandler - About to instantiate appender of type [ch.qos.logback.core.ConsoleAppender]
22:16:49,865 |-INFO in ch.qos.logback.core.model.processor.AppenderModelHandler - Processing appender named [FILE]
22:16:49,865 |-INFO in ch.qos.logback.core.model.processor.AppenderModelHandler - About to instantiate appender of type [ch.qos.logback.core.rolling.RollingFileAppender]
22:16:49,865 |-INFO in ch.qos.logback.core.model.processor.ModelInterpretationContext@45b72890 - value "logs/product.%d{yyyy-MM-dd}.log" substituted for "${LOG_HOME}/${PROJECT_NAME}.%d{yyyy-MM-dd}.log"
22:16:49,865 |-INFO in c.q.l.core.rolling.TimeBasedRollingPolicy@1667694300 - No compression will be used
22:16:49,865 |-INFO in c.q.l.core.rolling.TimeBasedRollingPolicy@1667694300 - Will use the pattern logs/product.%d{yyyy-MM-dd}.log for the active file
22:16:49,865 |-INFO in c.q.l.core.rolling.DefaultTimeBasedFileNamingAndTriggeringPolicy - The date pattern is 'yyyy-MM-dd' from file name pattern 'logs/product.%d{yyyy-MM-dd}.log'.
22:16:49,865 |-INFO in c.q.l.core.rolling.DefaultTimeBasedFileNamingAndTriggeringPolicy - Roll-over at midnight.
22:16:49,866 |-INFO in c.q.l.core.rolling.DefaultTimeBasedFileNamingAndTriggeringPolicy - Setting initial period to 2024-12-04T14:16:49.866Z
22:16:49,867 |-WARN in ch.qos.logback.core.rolling.RollingFileAppender[FILE] - A triggering policy of type TimeBasedRollingPolicy was already set.
22:16:49,867 |-WARN in ch.qos.logback.core.rolling.RollingFileAppender[FILE] - Note that TimeBasedRollingPolicy doubles as a RollingPolicy
22:16:49,867 |-WARN in ch.qos.logback.core.rolling.RollingFileAppender[FILE] - See also http://logback.qos.ch/codes.html#rfa_reset_rp_or_tp
22:16:49,867 |-INFO in ch.qos.logback.core.rolling.RollingFileAppender[FILE] - Active log file name: logs/product.2024-12-04.log
22:16:49,867 |-INFO in ch.qos.logback.core.rolling.RollingFileAppender[FILE] - File property is set to [null]
22:16:49,867 |-WARN in ch.qos.logback.core.model.processor.AppenderModelHandler - Appender named [DruidFILE] not referenced. Skipping further processing.
22:16:49,867 |-INFO in ch.qos.logback.classic.model.processor.LoggerModelHandler - Setting level of logger [cn.edu.xmu.oomall.product] to DEBUG
22:16:49,867 |-INFO in ch.qos.logback.classic.jul.LevelChangePropagator@4b047ba9 - Propagating DEBUG level on Logger[cn.edu.xmu.oomall.product] onto the JUL framework
22:16:49,867 |-INFO in ch.qos.logback.classic.model.processor.LoggerModelHandler - Setting level of logger [cn.edu.xmu.oomall.product.controller] to DEBUG
22:16:49,867 |-INFO in ch.qos.logback.classic.jul.LevelChangePropagator@4b047ba9 - Propagating DEBUG level on Logger[cn.edu.xmu.oomall.product.controller] onto the JUL framework
22:16:49,867 |-INFO in ch.qos.logback.classic.model.processor.LoggerModelHandler - Setting level of logger [cn.edu.xmu.oomall.product.service] to DEBUG
22:16:49,867 |-INFO in ch.qos.logback.classic.jul.LevelChangePropagator@4b047ba9 - Propagating DEBUG level on Logger[cn.edu.xmu.oomall.product.service] onto the JUL framework
22:16:49,867 |-INFO in ch.qos.logback.classic.model.processor.LoggerModelHandler - Setting level of logger [cn.edu.xmu.oomall.product.dao] to DEBUG
22:16:49,867 |-INFO in ch.qos.logback.classic.jul.LevelChangePropagator@4b047ba9 - Propagating DEBUG level on Logger[cn.edu.xmu.oomall.product.dao] onto the JUL framework
22:16:49,867 |-INFO in ch.qos.logback.classic.model.processor.LoggerModelHandler - Setting level of logger [cn.edu.xmu.oomall.product.dao.bo] to DEBUG
22:16:49,867 |-INFO in ch.qos.logback.classic.jul.LevelChangePropagator@4b047ba9 - Propagating DEBUG level on Logger[cn.edu.xmu.oomall.product.dao.bo] onto the JUL framework
22:16:49,867 |-INFO in ch.qos.logback.classic.model.processor.LoggerModelHandler - Setting level of logger [cn.edu.xmu.oomall.product.mapper] to DEBUG
22:16:49,867 |-INFO in ch.qos.logback.classic.jul.LevelChangePropagator@4b047ba9 - Propagating DEBUG level on Logger[cn.edu.xmu.oomall.product.mapper] onto the JUL framework
22:16:49,867 |-INFO in ch.qos.logback.classic.model.processor.LoggerModelHandler - Setting level of logger [cn.edu.xmu.javaee.core] to DEBUG
22:16:49,867 |-INFO in ch.qos.logback.classic.jul.LevelChangePropagator@4b047ba9 - Propagating DEBUG level on Logger[cn.edu.xmu.javaee.core] onto the JUL framework
22:16:49,867 |-INFO in ch.qos.logback.classic.model.processor.LoggerModelHandler - Setting level of logger [cn.edu.xmu.javaee.core.aop] to DEBUG
22:16:49,867 |-INFO in ch.qos.logback.classic.jul.LevelChangePropagator@4b047ba9 - Propagating DEBUG level on Logger[cn.edu.xmu.javaee.core.aop] onto the JUL framework
22:16:49,867 |-INFO in ch.qos.logback.classic.model.processor.LoggerModelHandler - Setting level of logger [cn.edu.xmu.javaee.core.config.OpenFeignHeaderInterceptor] to DEBUG
22:16:49,867 |-INFO in ch.qos.logback.classic.jul.LevelChangePropagator@4b047ba9 - Propagating DEBUG level on Logger[cn.edu.xmu.javaee.core.config.OpenFeignHeaderInterceptor] onto the JUL framework
22:16:49,867 |-INFO in ch.qos.logback.classic.model.processor.LoggerModelHandler - Setting level of logger [cn.edu.xmu.javaee.core.jpa.SelectiveUpdateJpaRepositoryImpl] to DEBUG
22:16:49,867 |-INFO in ch.qos.logback.classic.jul.LevelChangePropagator@4b047ba9 - Propagating DEBUG level on Logger[cn.edu.xmu.javaee.core.jpa.SelectiveUpdateJpaRepositoryImpl] onto the JUL framework
22:16:49,867 |-INFO in ch.qos.logback.classic.model.processor.LoggerModelHandler - Setting level of logger [org.hibernate.type.descriptor.sql.BasicBinder] to TRACE
22:16:49,867 |-INFO in ch.qos.logback.classic.jul.LevelChangePropagator@4b047ba9 - Propagating TRACE level on Logger[org.hibernate.type.descriptor.sql.BasicBinder] onto the JUL framework
22:16:49,867 |-INFO in ch.qos.logback.classic.model.processor.RootLoggerModelHandler - Setting level of ROOT logger to INFO
22:16:49,867 |-INFO in ch.qos.logback.classic.jul.LevelChangePropagator@4b047ba9 - Propagating INFO level on Logger[ROOT] onto the JUL framework
22:16:49,867 |-INFO in ch.qos.logback.core.model.processor.AppenderRefModelHandler - Attaching appender named [STDOUT] to Logger[ROOT]
22:16:49,867 |-INFO in ch.qos.logback.core.model.processor.AppenderRefModelHandler - Attaching appender named [FILE] to Logger[ROOT]
22:16:49,867 |-INFO in ch.qos.logback.core.model.processor.DefaultProcessor@698db10e - End of configuration.
22:16:49,867 |-INFO in org.springframework.boot.logging.logback.SpringBootJoranConfigurator@1582e707 - Registering current configuration as safe fallback point


  .   ____          _            __ _ _
 /\\ / ___'_ __ _ _(_)_ __  __ _ \ \ \ \
( ( )\___ | '_ | '_| | '_ \/ _` | \ \ \ \
 \\/  ___)| |_)| | | | | || (_| |  ) ) ) )
  '  |____| .__|_| |_|_| |_\__, | / / / /
 =========|_|==============|___/=/_/_/_/

 :: Spring Boot ::                (v3.3.6)

2024-12-04 22:16:49.927 [main] WARN  c.a.cloud.nacos.client.NacosPropertySourceBuilder - Ignore the empty nacos configuration and get it based on dataId[product-service] & group[DEFAULT_GROUP]
2024-12-04 22:16:49.978 [main] WARN  c.a.cloud.nacos.client.NacosPropertySourceBuilder - Ignore the empty nacos configuration and get it based on dataId[product-service.yaml] & group[DEFAULT_GROUP]
2024-12-04 22:16:50.029 [main] WARN  c.a.cloud.nacos.client.NacosPropertySourceBuilder - Ignore the empty nacos configuration and get it based on dataId[product-service-prod.yaml] & group[DEFAULT_GROUP]
2024-12-04 22:16:50.029 [main] INFO  o.s.c.b.c.PropertySourceBootstrapConfiguration - Located property source: [BootstrapPropertySource {name='bootstrapProperties-product-service-prod.yaml,DEFAULT_GROUP'}, BootstrapPropertySource {name='bootstrapProperties-product-service.yaml,DEFAULT_GROUP'}, BootstrapPropertySource {name='bootstrapProperties-product-service,DEFAULT_GROUP'}]
2024-12-04 22:16:50.034 [main] INFO  c.e.x.o.p.controller.ShopCouponActControllerTest - The following 1 profile is active: "prod"
2024-12-04 22:16:50.212 [main] INFO  o.s.d.r.config.RepositoryConfigurationDelegate - Multiple Spring Data modules found, entering strict repository configuration mode
2024-12-04 22:16:50.212 [main] INFO  o.s.d.r.config.RepositoryConfigurationDelegate - Bootstrapping Spring Data JPA repositories in DEFAULT mode.
2024-12-04 22:16:50.221 [main] INFO  o.s.d.r.config.RepositoryConfigurationDelegate - Finished Spring Data repository scanning in 9 ms. Found 6 JPA repository interfaces.
2024-12-04 22:16:50.222 [main] INFO  o.s.d.r.config.RepositoryConfigurationDelegate - Multiple Spring Data modules found, entering strict repository configuration mode
2024-12-04 22:16:50.222 [main] INFO  o.s.d.r.config.RepositoryConfigurationDelegate - Bootstrapping Spring Data MongoDB repositories in DEFAULT mode.
2024-12-04 22:16:50.227 [main] INFO  o.s.d.r.config.RepositoryConfigurationDelegate - Finished Spring Data repository scanning in 5 ms. Found 2 MongoDB repository interfaces.
2024-12-04 22:16:50.364 [main] WARN  org.mybatis.spring.mapper.ClassPathMapperScanner - No MyBatis mapper was found in '[cn.edu.xmu.oomall.product]' package. Please check your configuration.
2024-12-04 22:16:50.367 [main] INFO  o.springframework.cloud.context.scope.GenericScope - BeanFactory id=f4e34340-7d00-3f01-af0d-61dfd90c1a34
2024-12-04 22:16:50.400 [main] WARN  o.s.c.s.PostProcessorRegistrationDelegate$BeanPostProcessorChecker - Bean 'org.apache.rocketmq.spring.autoconfigure.ListenerContainerConfiguration' of type [org.apache.rocketmq.spring.autoconfigure.ListenerContainerConfiguration$$SpringCGLIB$$0] is not eligible for getting processed by all BeanPostProcessors (for example: not eligible for auto-proxying). Is this bean getting eagerly injected/applied to a currently created BeanPostProcessor [org.apache.rocketmq.spring.annotation.RocketMQMessageListenerBeanPostProcessor]? Check the corresponding BeanPostProcessor declaration and its dependencies/advisors. If this bean does not have to be post-processed, declare it with ROLE_INFRASTRUCTURE.
2024-12-04 22:16:50.402 [main] WARN  o.s.c.s.PostProcessorRegistrationDelegate$BeanPostProcessorChecker - Bean 'org.apache.rocketmq.spring.autoconfigure.MessageConverterConfiguration' of type [org.apache.rocketmq.spring.autoconfigure.MessageConverterConfiguration$$SpringCGLIB$$0] is not eligible for getting processed by all BeanPostProcessors (for example: not eligible for auto-proxying). Is this bean getting eagerly injected/applied to a currently created BeanPostProcessor [org.apache.rocketmq.spring.annotation.RocketMQMessageListenerBeanPostProcessor]? Check the corresponding BeanPostProcessor declaration and its dependencies/advisors. If this bean does not have to be post-processed, declare it with ROLE_INFRASTRUCTURE.
2024-12-04 22:16:50.404 [main] WARN  o.s.c.s.PostProcessorRegistrationDelegate$BeanPostProcessorChecker - Bean 'createRocketMQMessageConverter' of type [org.apache.rocketmq.spring.support.RocketMQMessageConverter] is not eligible for getting processed by all BeanPostProcessors (for example: not eligible for auto-proxying). Is this bean getting eagerly injected/applied to a currently created BeanPostProcessor [org.apache.rocketmq.spring.annotation.RocketMQMessageListenerBeanPostProcessor]? Check the corresponding BeanPostProcessor declaration and its dependencies/advisors. If this bean does not have to be post-processed, declare it with ROLE_INFRASTRUCTURE.
2024-12-04 22:16:50.406 [main] WARN  o.s.c.s.PostProcessorRegistrationDelegate$BeanPostProcessorChecker - Bean 'org.springframework.cloud.commons.config.CommonsConfigAutoConfiguration' of type [org.springframework.cloud.commons.config.CommonsConfigAutoConfiguration] is not eligible for getting processed by all BeanPostProcessors (for example: not eligible for auto-proxying). Is this bean getting eagerly injected/applied to a currently created BeanPostProcessor [org.apache.rocketmq.spring.annotation.RocketMQMessageListenerBeanPostProcessor]? Check the corresponding BeanPostProcessor declaration and its dependencies/advisors. If this bean does not have to be post-processed, declare it with ROLE_INFRASTRUCTURE.
2024-12-04 22:16:50.408 [main] WARN  o.s.c.s.PostProcessorRegistrationDelegate$BeanPostProcessorChecker - Bean 'org.springframework.cloud.client.loadbalancer.LoadBalancerDefaultMappingsProviderAutoConfiguration' of type [org.springframework.cloud.client.loadbalancer.LoadBalancerDefaultMappingsProviderAutoConfiguration] is not eligible for getting processed by all BeanPostProcessors (for example: not eligible for auto-proxying). Is this bean getting eagerly injected/applied to a currently created BeanPostProcessor [org.apache.rocketmq.spring.annotation.RocketMQMessageListenerBeanPostProcessor]? Check the corresponding BeanPostProcessor declaration and its dependencies/advisors. If this bean does not have to be post-processed, declare it with ROLE_INFRASTRUCTURE.
2024-12-04 22:16:50.408 [main] WARN  o.s.c.s.PostProcessorRegistrationDelegate$BeanPostProcessorChecker - Bean 'loadBalancerClientsDefaultsMappingsProvider' of type [org.springframework.cloud.client.loadbalancer.LoadBalancerDefaultMappingsProviderAutoConfiguration$$Lambda$1213/0x00000211188e2de8] is not eligible for getting processed by all BeanPostProcessors (for example: not eligible for auto-proxying). Is this bean getting eagerly injected/applied to a currently created BeanPostProcessor [org.apache.rocketmq.spring.annotation.RocketMQMessageListenerBeanPostProcessor]? Check the corresponding BeanPostProcessor declaration and its dependencies/advisors. If this bean does not have to be post-processed, declare it with ROLE_INFRASTRUCTURE.
2024-12-04 22:16:50.415 [main] WARN  o.s.c.s.PostProcessorRegistrationDelegate$BeanPostProcessorChecker - Bean 'defaultsBindHandlerAdvisor' of type [org.springframework.cloud.commons.config.DefaultsBindHandlerAdvisor] is not eligible for getting processed by all BeanPostProcessors (for example: not eligible for auto-proxying). Is this bean getting eagerly injected/applied to a currently created BeanPostProcessor [org.apache.rocketmq.spring.annotation.RocketMQMessageListenerBeanPostProcessor]? Check the corresponding BeanPostProcessor declaration and its dependencies/advisors. If this bean does not have to be post-processed, declare it with ROLE_INFRASTRUCTURE.
2024-12-04 22:16:50.418 [main] WARN  o.s.c.s.PostProcessorRegistrationDelegate$BeanPostProcessorChecker - Bean 'rocketmq-org.apache.rocketmq.spring.autoconfigure.RocketMQProperties' of type [org.apache.rocketmq.spring.autoconfigure.RocketMQProperties] is not eligible for getting processed by all BeanPostProcessors (for example: not eligible for auto-proxying). Is this bean getting eagerly injected/applied to a currently created BeanPostProcessor [org.apache.rocketmq.spring.annotation.RocketMQMessageListenerBeanPostProcessor]? Check the corresponding BeanPostProcessor declaration and its dependencies/advisors. If this bean does not have to be post-processed, declare it with ROLE_INFRASTRUCTURE.
2024-12-04 22:16:50.419 [main] WARN  o.s.c.s.PostProcessorRegistrationDelegate$BeanPostProcessorChecker - Bean 'rocketMQMessageListenerContainerRegistrar' of type [org.apache.rocketmq.spring.support.RocketMQMessageListenerContainerRegistrar] is not eligible for getting processed by all BeanPostProcessors (for example: not eligible for auto-proxying). Is this bean getting eagerly injected/applied to a currently created BeanPostProcessor [org.apache.rocketmq.spring.annotation.RocketMQMessageListenerBeanPostProcessor]? Check the corresponding BeanPostProcessor declaration and its dependencies/advisors. If this bean does not have to be post-processed, declare it with ROLE_INFRASTRUCTURE.
2024-12-04 22:16:50.511 [main] INFO  com.alibaba.druid.pool.DruidDataSource - {dataSource-6} inited
2024-12-04 22:16:51.062 [main] INFO  org.hibernate.jpa.internal.util.LogHelper - HHH000204: Processing PersistenceUnitInfo [name: default]
2024-12-04 22:16:51.066 [main] INFO  o.hibernate.cache.internal.RegionFactoryInitiator - HHH000026: Second-level cache disabled
2024-12-04 22:16:51.076 [main] INFO  o.s.o.j.persistenceunit.SpringPersistenceUnitInfo - No LoadTimeWeaver setup: ignoring JPA class transformer
2024-12-04 22:16:51.212 [main] INFO  o.h.e.t.jta.platform.internal.JtaPlatformInitiator - HHH000489: No JTA platform available (set 'hibernate.transaction.jta.platform' to enable JTA platform integration)
2024-12-04 22:16:51.212 [main] INFO  o.s.orm.jpa.LocalContainerEntityManagerFactoryBean - Initialized JPA EntityManagerFactory for persistence unit 'default'
2024-12-04 22:16:51.409 [main] DEBUG cn.edu.xmu.oomall.product.config.ProductConfig - snowFlakeIdWorker: ip = 192.168.56.1
2024-12-04 22:16:51.470 [main] WARN  o.s.b.a.o.j.JpaBaseConfiguration$JpaWebConfiguration - spring.jpa.open-in-view is enabled by default. Therefore, database queries may be performed during view rendering. Explicitly configure spring.jpa.open-in-view to disable this warning
2024-12-04 22:16:51.527 [main] INFO  o.s.cloud.openfeign.FeignClientFactoryBean - For 'elasticsearch-service' URL not provided. Will try picking an instance via load-balancing.
2024-12-04 22:16:51.569 [main] INFO  org.mongodb.driver.cluster - Adding discovered server mongo1:27017 to client view of cluster
2024-12-04 22:16:51.572 [main] INFO  org.mongodb.driver.cluster - Adding discovered server mongo2:27017 to client view of cluster
2024-12-04 22:16:51.576 [main] INFO  org.mongodb.driver.cluster - Adding discovered server mongo3:27017 to client view of cluster
2024-12-04 22:16:51.582 [main] INFO  org.mongodb.driver.client - MongoClient with metadata {"driver": {"name": "mongo-java-driver|sync", "version": "5.0.1"}, "os": {"type": "Windows", "name": "Windows 11", "architecture": "amd64", "version": "10.0"}, "platform": "Java/Oracle Corporation/17.0.10+11-LTS-240"} created with settings MongoClientSettings{readPreference=ReadPreference{name=nearest, hedgeOptions=null}, writeConcern=WriteConcern{w=null, wTimeout=null ms, journal=null}, retryWrites=true, retryReads=true, readConcern=ReadConcern{level=null}, credential=MongoCredential{mechanism=null, userName='demouser', source='oomall', password=<hidden>, mechanismProperties=<hidden>}, transportSettings=null, commandListeners=[cn.edu.xmu.oomall.product.config.MongoCommandLogger@4b221018], codecRegistry=ProvidersCodecRegistry{codecProviders=[ValueCodecProvider{}, BsonValueCodecProvider{}, DBRefCodecProvider{}, DBObjectCodecProvider{}, DocumentCodecProvider{}, CollectionCodecProvider{}, IterableCodecProvider{}, MapCodecProvider{}, GeoJsonCodecProvider{}, GridFSFileCodecProvider{}, Jsr310CodecProvider{}, JsonObjectCodecProvider{}, BsonCodecProvider{}, EnumCodecProvider{}, com.mongodb.client.model.mql.ExpressionCodecProvider@399a27c0, com.mongodb.Jep395RecordCodecProvider@54baa076, com.mongodb.KotlinCodecProvider@3065d07d]}, loggerSettings=LoggerSettings{maxDocumentLength=1000}, clusterSettings={hosts=[mongo1:27017, mongo2:27017, mongo3:27017], srvServiceName=mongodb, mode=MULTIPLE, requiredClusterType=REPLICA_SET, requiredReplicaSetName='rs0', serverSelector='null', clusterListeners='[]', serverSelectionTimeout='30000 ms', localThreshold='15 ms'}, socketSettings=SocketSettings{connectTimeoutMS=10000, readTimeoutMS=0, receiveBufferSize=0, proxySettings=ProxySettings{host=null, port=null, username=null, password=null}}, heartbeatSocketSettings=SocketSettings{connectTimeoutMS=10000, readTimeoutMS=10000, receiveBufferSize=0, proxySettings=ProxySettings{host=null, port=null, username=null, password=null}}, connectionPoolSettings=ConnectionPoolSettings{maxSize=100, minSize=0, maxWaitTimeMS=120000, maxConnectionLifeTimeMS=0, maxConnectionIdleTimeMS=0, maintenanceInitialDelayMS=0, maintenanceFrequencyMS=60000, connectionPoolListeners=[], maxConnecting=2}, serverSettings=ServerSettings{heartbeatFrequencyMS=10000, minHeartbeatFrequencyMS=500, serverListeners='[]', serverMonitorListeners='[]'}, sslSettings=SslSettings{enabled=false, invalidHostNameAllowed=false, context=null}, applicationName='null', compressorList=[], uuidRepresentation=UNSPECIFIED, serverApi=null, autoEncryptionSettings=null, dnsClient=null, inetAddressResolver=null, contextProvider=null}
2024-12-04 22:16:51.673 [cluster-ClusterId{value='6750645306b2de2102d0963e', description='null'}-mongo1:27017] INFO  org.mongodb.driver.cluster - Monitor thread successfully connected to server with description ServerDescription{address=mongo1:27017, type=REPLICA_SET_PRIMARY, state=CONNECTED, ok=true, minWireVersion=0, maxWireVersion=25, maxDocumentSize=16777216, logicalSessionTimeoutMinutes=30, roundTripTimeNanos=48185000, setName='rs0', canonicalAddress=mongo1:27017, hosts=[mongo1:27017], passives=[mongo3:27017, mongo2:27017], arbiters=[], primary='mongo1:27017', tagSet=TagSet{[]}, electionId=7fffffff00000000000000f7, setVersion=1, topologyVersion=TopologyVersion{processId=6750545c33ed055bb0fd0f23, counter=6}, lastWriteDate=Wed Dec 04 22:16:46 CST 2024, lastUpdateTimeNanos=47003681459300}
2024-12-04 22:16:51.674 [cluster-ClusterId{value='6750645306b2de2102d0963e', description='null'}-mongo1:27017] INFO  org.mongodb.driver.cluster - Discovered replica set primary mongo1:27017 with max election id 7fffffff00000000000000f7 and max set version 1
2024-12-04 22:16:51.674 [cluster-ClusterId{value='6750645306b2de2102d0963e', description='null'}-mongo3:27017] INFO  org.mongodb.driver.cluster - Monitor thread successfully connected to server with description ServerDescription{address=mongo3:27017, type=REPLICA_SET_PRIMARY, state=CONNECTED, ok=true, minWireVersion=0, maxWireVersion=25, maxDocumentSize=16777216, logicalSessionTimeoutMinutes=30, roundTripTimeNanos=45379300, setName='rs0', canonicalAddress=mongo1:27017, hosts=[mongo1:27017], passives=[mongo3:27017, mongo2:27017], arbiters=[], primary='mongo1:27017', tagSet=TagSet{[]}, electionId=7fffffff00000000000000f7, setVersion=1, topologyVersion=TopologyVersion{processId=6750545c33ed055bb0fd0f23, counter=6}, lastWriteDate=Wed Dec 04 22:16:46 CST 2024, lastUpdateTimeNanos=47003682572200}
2024-12-04 22:16:51.675 [cluster-ClusterId{value='6750645306b2de2102d0963e', description='null'}-mongo3:27017] INFO  org.mongodb.driver.cluster - Rediscovering type of existing primary mongo1:27017
2024-12-04 22:16:51.675 [cluster-ClusterId{value='6750645306b2de2102d0963e', description='null'}-mongo3:27017] INFO  org.mongodb.driver.cluster - Discovered replica set primary mongo3:27017 with max election id 7fffffff00000000000000f7 and max set version 1
2024-12-04 22:16:51.688 [main] INFO  o.s.cloud.openfeign.FeignClientFactoryBean - For 'freight-service' URL not provided. Will try picking an instance via load-balancing.
2024-12-04 22:16:52.720 [cluster-ClusterId{value='675063fa06b2de2102d09639', description='null'}-mongo3:27017] INFO  org.mongodb.driver.cluster - Rediscovering type of existing primary mongo2:27017
2024-12-04 22:16:52.720 [cluster-ClusterId{value='675063fa06b2de2102d09639', description='null'}-mongo3:27017] INFO  org.mongodb.driver.cluster - Discovered replica set primary mongo3:27017 with max election id 7fffffff00000000000000f7 and max set version 1
2024-12-04 22:16:52.730 [cluster-ClusterId{value='675063fa06b2de2102d09639', description='null'}-mongo1:27017] INFO  org.mongodb.driver.cluster - Rediscovering type of existing primary mongo3:27017
2024-12-04 22:16:52.730 [cluster-ClusterId{value='675063fa06b2de2102d09639', description='null'}-mongo1:27017] INFO  org.mongodb.driver.cluster - Discovered replica set primary mongo1:27017 with max election id 7fffffff00000000000000f7 and max set version 1
2024-12-04 22:16:52.752 [cluster-ClusterId{value='675063fa06b2de2102d09639', description='null'}-mongo2:27017] INFO  org.mongodb.driver.cluster - Rediscovering type of existing primary mongo1:27017
2024-12-04 22:16:52.752 [cluster-ClusterId{value='675063fa06b2de2102d09639', description='null'}-mongo2:27017] INFO  org.mongodb.driver.cluster - Discovered replica set primary mongo2:27017 with max election id 7fffffff00000000000000f7 and max set version 1
2024-12-04 22:16:52.900 [cluster-ClusterId{value='6750642206b2de2102d0963c', description='null'}-mongo3:27017] INFO  org.mongodb.driver.cluster - Rediscovering type of existing primary mongo2:27017
2024-12-04 22:16:52.901 [cluster-ClusterId{value='6750642206b2de2102d0963c', description='null'}-mongo3:27017] INFO  org.mongodb.driver.cluster - Discovered replica set primary mongo3:27017 with max election id 7fffffff00000000000000f7 and max set version 1
2024-12-04 22:16:52.904 [cluster-ClusterId{value='6750642206b2de2102d0963c', description='null'}-mongo1:27017] INFO  org.mongodb.driver.cluster - Rediscovering type of existing primary mongo3:27017
2024-12-04 22:16:52.904 [cluster-ClusterId{value='6750642206b2de2102d0963c', description='null'}-mongo1:27017] INFO  org.mongodb.driver.cluster - Discovered replica set primary mongo1:27017 with max election id 7fffffff00000000000000f7 and max set version 1
2024-12-04 22:16:52.908 [cluster-ClusterId{value='6750642206b2de2102d0963c', description='null'}-mongo2:27017] INFO  org.mongodb.driver.cluster - Rediscovering type of existing primary mongo1:27017
2024-12-04 22:16:52.908 [cluster-ClusterId{value='6750642206b2de2102d0963c', description='null'}-mongo2:27017] INFO  org.mongodb.driver.cluster - Discovered replica set primary mongo2:27017 with max election id 7fffffff00000000000000f7 and max set version 1
2024-12-04 22:16:55.866 [cluster-ClusterId{value='6750640706b2de2102d0963a', description='null'}-mongo1:27017] INFO  org.mongodb.driver.cluster - Rediscovering type of existing primary mongo3:27017
2024-12-04 22:16:55.867 [cluster-ClusterId{value='6750640706b2de2102d0963a', description='null'}-mongo1:27017] INFO  org.mongodb.driver.cluster - Discovered replica set primary mongo1:27017 with max election id 7fffffff00000000000000f7 and max set version 1
2024-12-04 22:16:55.882 [cluster-ClusterId{value='6750640706b2de2102d0963a', description='null'}-mongo2:27017] INFO  org.mongodb.driver.cluster - Rediscovering type of existing primary mongo1:27017
2024-12-04 22:16:55.883 [cluster-ClusterId{value='6750640706b2de2102d0963a', description='null'}-mongo2:27017] INFO  org.mongodb.driver.cluster - Discovered replica set primary mongo2:27017 with max election id 7fffffff00000000000000f7 and max set version 1
2024-12-04 22:16:55.884 [cluster-ClusterId{value='6750640706b2de2102d0963a', description='null'}-mongo3:27017] INFO  org.mongodb.driver.cluster - Rediscovering type of existing primary mongo2:27017
2024-12-04 22:16:55.885 [cluster-ClusterId{value='6750640706b2de2102d0963a', description='null'}-mongo3:27017] INFO  org.mongodb.driver.cluster - Discovered replica set primary mongo3:27017 with max election id 7fffffff00000000000000f7 and max set version 1
2024-12-04 22:16:56.474 [cluster-ClusterId{value='675063e906b2de2102d09638', description='null'}-mongo2:27017] INFO  org.mongodb.driver.cluster - Rediscovering type of existing primary mongo1:27017
2024-12-04 22:16:56.474 [cluster-ClusterId{value='675063e906b2de2102d09638', description='null'}-mongo2:27017] INFO  org.mongodb.driver.cluster - Discovered replica set primary mongo2:27017 with max election id 7fffffff00000000000000f7 and max set version 1
2024-12-04 22:16:56.650 [cluster-ClusterId{value='675063e906b2de2102d09638', description='null'}-mongo3:27017] INFO  org.mongodb.driver.cluster - Rediscovering type of existing primary mongo2:27017
2024-12-04 22:16:56.651 [cluster-ClusterId{value='675063e906b2de2102d09638', description='null'}-mongo3:27017] INFO  org.mongodb.driver.cluster - Discovered replica set primary mongo3:27017 with max election id 7fffffff00000000000000f7 and max set version 1
2024-12-04 22:16:56.657 [cluster-ClusterId{value='675063e906b2de2102d09638', description='null'}-mongo1:27017] INFO  org.mongodb.driver.cluster - Rediscovering type of existing primary mongo3:27017
2024-12-04 22:16:56.657 [cluster-ClusterId{value='675063e906b2de2102d09638', description='null'}-mongo1:27017] INFO  org.mongodb.driver.cluster - Discovered replica set primary mongo1:27017 with max election id 7fffffff00000000000000f7 and max set version 1
2024-12-04 22:16:56.750 [main] INFO  o.a.r.s.autoconfigure.RocketMQAutoConfiguration - a producer (goods-producer) init on namesrv rocketmq-namesrv:9876
2024-12-04 22:16:56.980 [main] INFO  o.s.b.test.mock.web.SpringBootMockServletContext - Initializing Spring TestDispatcherServlet ''
2024-12-04 22:16:56.980 [main] INFO  o.s.test.web.servlet.TestDispatcherServlet - Initializing Servlet ''
2024-12-04 22:16:56.983 [main] INFO  o.s.b.actuate.endpoint.web.EndpointLinksResolver - Exposing 19 endpoints beneath base path '/actuator'
2024-12-04 22:16:56.990 [main] INFO  o.s.test.web.servlet.TestDispatcherServlet - Completed initialization in 10 ms
2024-12-04 22:16:57.272 [main] WARN  o.s.c.l.c.LoadBalancerCacheAutoConfiguration$LoadBalancerCaffeineWarnLogger - Spring Cloud LoadBalancer is currently working with the default cache. While this cache implementation is useful for development and tests, it's recommended to use Caffeine cache in production.You can switch to using Caffeine cache, by adding it and org.springframework.cache.caffeine.CaffeineCacheManager to the classpath.
2024-12-04 22:16:57.330 [main] INFO  c.e.x.o.p.controller.ShopCouponActControllerTest - Started ShopCouponActControllerTest in 8.196 seconds (process running for 153.899)
2024-12-04 22:16:57.331 [main] DEBUG cn.edu.xmu.javaee.core.util.JwtHelper - createToken:
2024-12-04 22:16:57.331 [main] DEBUG cn.edu.xmu.javaee.core.util.JwtHelper - createToken: userId = 1 userName=13088admin departId=0 tokenId:202412042216573M1A
2024-12-04 22:16:57.331 [main] INFO  cn.edu.xmu.oomall.product.config.StartupRunner - admin token = eyJ0eXAiOiJKV1QiLCJhbGciOiJIUzI1NiJ9.eyJ1c2VySWQiOjEsImRlcGFydElkIjowLCJ0b2tlbklkIjoiMjAyNDEyMDQyMjE2NTczTTFBIiwidXNlck5hbWUiOiIxMzA4OGFkbWluIiwidXNlckxldmVsIjoxLCJpc3MiOiJPT0FEIiwic3ViIjoidGhpcyBpcyBhIHRva2VuIiwiYXVkIjoiTUlOSUFQUCIsImlhdCI6MTczMzMyMTgxNywiZXhwIjoxNzMzMzI1NDE3fQ.rboElEqhWtP2qidm_8975P3qDaBFKyWCBTVLACOv2tg
2024-12-04 22:16:57.331 [main] DEBUG cn.edu.xmu.javaee.core.util.JwtHelper - createToken:
2024-12-04 22:16:57.331 [main] DEBUG cn.edu.xmu.javaee.core.util.JwtHelper - createToken: userId = 2 userName=shop1 departId=1 tokenId:20241204221657344A
2024-12-04 22:16:57.332 [main] INFO  cn.edu.xmu.oomall.product.config.StartupRunner - shop 1 token = eyJ0eXAiOiJKV1QiLCJhbGciOiJIUzI1NiJ9.eyJ1c2VySWQiOjIsImRlcGFydElkIjoxLCJ0b2tlbklkIjoiMjAyNDEyMDQyMjE2NTczNDRBIiwidXNlck5hbWUiOiJzaG9wMSIsInVzZXJMZXZlbCI6MSwiaXNzIjoiT09BRCIsInN1YiI6InRoaXMgaXMgYSB0b2tlbiIsImF1ZCI6Ik1JTklBUFAiLCJpYXQiOjE3MzMzMjE4MTcsImV4cCI6MTczMzMyNTQxN30.ojNe1H1RTV-gI2r4fynCvO6pcORMTUpzQXwsYQmemk4
2024-12-04 22:16:57.332 [main] INFO  com.alibaba.nacos.client.config.impl.CacheData - [fixed-nacos_8848] [add-listener] ok, tenant=, dataId=product-service-prod.yaml, group=DEFAULT_GROUP, cnt=6
2024-12-04 22:16:57.332 [main] INFO  c.a.cloud.nacos.refresh.NacosContextRefresher - [Nacos Config] Listening config: dataId=product-service-prod.yaml, group=DEFAULT_GROUP
2024-12-04 22:16:57.332 [main] INFO  com.alibaba.nacos.client.config.impl.CacheData - [fixed-nacos_8848] [add-listener] ok, tenant=, dataId=product-service, group=DEFAULT_GROUP, cnt=6
2024-12-04 22:16:57.332 [main] INFO  c.a.cloud.nacos.refresh.NacosContextRefresher - [Nacos Config] Listening config: dataId=product-service, group=DEFAULT_GROUP
2024-12-04 22:16:57.332 [main] INFO  com.alibaba.nacos.client.config.impl.CacheData - [fixed-nacos_8848] [add-listener] ok, tenant=, dataId=product-service.yaml, group=DEFAULT_GROUP, cnt=6
2024-12-04 22:16:57.332 [main] INFO  c.a.cloud.nacos.refresh.NacosContextRefresher - [Nacos Config] Listening config: dataId=product-service.yaml, group=DEFAULT_GROUP
2024-12-04 22:16:57.422 [main] DEBUG cn.edu.xmu.javaee.core.aop.ControllerAspect - doAround: method = addCouponactivity, paramNames = [shopId, vo, creator]
2024-12-04 22:16:57.422 [main] DEBUG cn.edu.xmu.javaee.core.aop.ControllerAspect - checkPageTimeLimit: paramNames[0] = shopId
2024-12-04 22:16:57.422 [main] DEBUG cn.edu.xmu.javaee.core.aop.ControllerAspect - checkPageTimeLimit: paramNames[1] = vo
2024-12-04 22:16:57.422 [main] DEBUG cn.edu.xmu.javaee.core.aop.ControllerAspect - checkPageTimeLimit: paramNames[2] = creator
2024-12-04 22:16:57.423 [main] DEBUG cn.edu.xmu.javaee.core.aop.AuditAspect - decryptToken : token = UserToken(userId=1, userName=13088admin, departId=0, expireTime=Wed Dec 04 23:16:49 CST 2024, userLevel=1)
2024-12-04 22:16:57.423 [main] DEBUG cn.edu.xmu.javaee.core.aop.AuditAspect - checkDepartId : the api path is /shops/2/couponactivities
2024-12-04 22:16:57.423 [main] DEBUG cn.edu.xmu.javaee.core.aop.AuditAspect - checkDepartId: getPathInfo = /shops/2/couponactivities
2024-12-04 22:16:57.423 [main] DEBUG c.e.x.o.product.controller.ShopCouponActController - vo = CouponActDto(name=优惠测试1, quantity=1000, quantityType=1, validTerm=0, couponTime=2022-12-10T20:38:20, strategy=PercentageCouponDiscount())
2024-12-04 22:16:57.424 [main] DEBUG c.e.x.o.product.controller.ShopCouponActController - act = CouponAct(super=Activity(super=OOMallObject(id=null, creatorId=null, creatorName=null, modifierId=null, modifierName=null, gmtCreate=null, gmtModified=null), shopId=null, name=优惠测试1, objectId=null, actClass=couponActDao, status=null), couponTime=2022-12-10T20:38:20, quantity=1000, quantityType=1, validTerm=0, strategy=PercentageCouponDiscount())
2024-12-04 22:16:57.425 [main] DEBUG c.edu.xmu.oomall.product.dao.activity.CouponActDao - insert: bo = CouponAct(super=Activity(super=OOMallObject(id=null, creatorId=1, creatorName=13088admin, modifierId=null, modifierName=null, gmtCreate=2024-12-04T22:16:57.425581700, gmtModified=null), shopId=2, name=优惠测试1, objectId=null, actClass=couponActDao, status=null), couponTime=2022-12-10T20:38:20, quantity=1000, quantityType=1, validTerm=0, strategy=PercentageCouponDiscount())
2024-12-04 22:16:57.430 [main] DEBUG c.edu.xmu.oomall.product.dao.activity.CouponActDao - insert: jsonStrategy = {"value":90,"couponLimitation":{"value":0,"couponLimitationList":[{"value":3,"className":"cn.edu.xmu.oomall.product.model.strategy.impl.AmountCouponLimitation"},{"value":10000,"className":"cn.edu.xmu.oomall.product.model.strategy.impl.PriceCouponLimitation"}]},"className":"cn.edu.xmu.oomall.product.model.strategy.impl.PercentageCouponDiscount"}
2024-12-04 22:16:57.600 [main] INFO  c.edu.xmu.oomall.product.config.MongoCommandLogger - Command: insert
2024-12-04 22:16:57.600 [main] INFO  c.edu.xmu.oomall.product.config.MongoCommandLogger - Connection Address: mongo3:27017
2024-12-04 22:16:57.656 [main] DEBUG c.edu.xmu.oomall.product.dao.activity.CouponActDao - insert: newPo = CouponActPo(objectId=6750645906b2de2102d0963f, couponTime=2022-12-10T20:38:20, quantity=1000, quantityType=1, validTerm=0, strategy={"value":90,"couponLimitation":{"value":0,"couponLimitationList":[{"value":3,"className":"cn.edu.xmu.oomall.product.model.strategy.impl.AmountCouponLimitation"},{"value":10000,"className":"cn.edu.xmu.oomall.product.model.strategy.impl.PriceCouponLimitation"}]},"className":"cn.edu.xmu.oomall.product.model.strategy.impl.PercentageCouponDiscount"})
2024-12-04 22:16:57.666 [main] DEBUG cn.edu.xmu.javaee.core.aop.DaoAspect - doAround: obj = cn.edu.xmu.oomall.product.dao.activity.CouponActDao@6b38215c, method = insert
2024-12-04 22:16:57.666 [main] DEBUG c.edu.xmu.oomall.product.dao.activity.ActivityDao - insert: objectId = 6750645906b2de2102d0963f
2024-12-04 22:16:57.667 [main] DEBUG c.e.x.j.core.jpa.SelectiveUpdateJpaRepositoryImpl - save: insert obj
2024-12-04 22:16:57.723 [main] DEBUG c.edu.xmu.oomall.product.dao.activity.ActivityDao - insert: newPo = ActivityPo(id=113, creatorId=1, creatorName=13088admin, modifierId=null, modifierName=null, gmtCreate=2024-12-04T22:16:57.425581700, gmtModified=null, shopId=2, name=优惠测试1, objectId=6750645906b2de2102d0963f, actClass=couponActDao, status=0)
2024-12-04 22:16:57.723 [main] DEBUG cn.edu.xmu.javaee.core.aop.DaoAspect - doAround: obj = cn.edu.xmu.oomall.product.dao.activity.ActivityDao@4401f272, method = insert
2024-12-04 22:16:57.723 [main] DEBUG cn.edu.xmu.javaee.core.aop.ControllerAspect - doAround: jp = addCouponactivity, code = CREATED

MockHttpServletRequest:
      HTTP Method = POST
      Request URI = /shops/2/couponactivities
       Parameters = {}
          Headers = [Content-Type:"application/json;charset=UTF-8", authorization:"eyJ0eXAiOiJKV1QiLCJhbGciOiJIUzI1NiJ9.eyJ1c2VySWQiOjEsImRlcGFydElkIjowLCJ0b2tlbklkIjoiMjAyNDEyMDQyMjE2NDkxV0dBIiwidXNlck5hbWUiOiIxMzA4OGFkbWluIiwidXNlckxldmVsIjoxLCJpc3MiOiJPT0FEIiwic3ViIjoidGhpcyBpcyBhIHRva2VuIiwiYXVkIjoiTUlOSUFQUCIsImlhdCI6MTczMzMyMTgwOSwiZXhwIjoxNzMzMzI1NDA5fQ.ssMciyikn7ZyO2bM7M88rEKLwJ4weJVeGLVn0qvmPOE", Content-Length:"571"]
             Body = {"name": "优惠测试1", "quantity": 1000, "quantityType": 1, "validTerm": 0, "couponTime": "2022-12-10T20:38:20", "strategy": {"value": 90,"couponLimitation": {"value": 0,"className": "cn.edu.xmu.oomall.product.model.strategy.impl.ComplexCouponLimitation","couponLimitationList": [{"value": 3,"className": "cn.edu.xmu.oomall.product.model.strategy.impl.AmountCouponLimitation"}, {"value": 10000,"className": "cn.edu.xmu.oomall.product.model.strategy.impl.PriceCouponLimitation"}]},"className": "cn.edu.xmu.oomall.product.model.strategy.impl.PercentageCouponDiscount"} }
    Session Attrs = {}

Handler:
             Type = cn.edu.xmu.oomall.product.controller.ShopCouponActController
           Method = cn.edu.xmu.oomall.product.controller.ShopCouponActController#addCouponactivity(Long, CouponActDto, UserDto)

Async:
    Async started = false
     Async result = null

Resolved Exception:
             Type = null

ModelAndView:
        View name = null
             View = null
            Model = null

FlashMap:
       Attributes = null

MockHttpServletResponse:
           Status = 201
    Error message = null
          Headers = [Vary:"Origin", "Access-Control-Request-Method", "Access-Control-Request-Headers", Content-Type:"application/json;charset=UTF-8"]
     Content type = application/json;charset=UTF-8
             Body = {"errmsg":"创建成功","data":{"id":113,"name":"优惠测试1","quantity":1000,"couponTime":"2022-12-10T20:38:20"},"errno":1}
    Forwarded URL = null
   Redirected URL = null
          Cookies = []
]]></system-out>
  </testcase>
  <testcase name="getCouponActProductTest1" classname="cn.edu.xmu.oomall.product.controller.ShopCouponActControllerTest" time="0.308">
    <system-out><![CDATA[2024-12-04 22:16:57.878 [main] DEBUG cn.edu.xmu.javaee.core.aop.ControllerAspect - doAround: method = getCouponActDetailed, paramNames = [shopId, id, user]
2024-12-04 22:16:57.878 [main] DEBUG cn.edu.xmu.javaee.core.aop.ControllerAspect - checkPageTimeLimit: paramNames[0] = shopId
2024-12-04 22:16:57.878 [main] DEBUG cn.edu.xmu.javaee.core.aop.ControllerAspect - checkPageTimeLimit: paramNames[1] = id
2024-12-04 22:16:57.878 [main] DEBUG cn.edu.xmu.javaee.core.aop.ControllerAspect - checkPageTimeLimit: paramNames[2] = user
2024-12-04 22:16:57.878 [main] DEBUG cn.edu.xmu.javaee.core.aop.AuditAspect - decryptToken : token = UserToken(userId=1, userName=13088admin, departId=0, expireTime=Wed Dec 04 23:16:49 CST 2024, userLevel=1)
2024-12-04 22:16:57.878 [main] DEBUG cn.edu.xmu.javaee.core.aop.AuditAspect - checkDepartId : the api path is /shops/2/couponactivities/101
2024-12-04 22:16:57.878 [main] DEBUG cn.edu.xmu.javaee.core.aop.AuditAspect - checkDepartId: getPathInfo = /shops/2/couponactivities/101
2024-12-04 22:16:57.926 [main] DEBUG c.edu.xmu.oomall.product.dao.activity.ActivityDao - build: po = ActivityPo(id=101, creatorId=1, creatorName=admin, modifierId=null, modifierName=null, gmtCreate=2023-12-08T12:12:50, gmtModified=null, shopId=2, name=3件满100打9折, objectId=65730693e61c0b69ba4dc049, actClass=couponActDao, status=1)
2024-12-04 22:16:57.927 [main] DEBUG c.edu.xmu.oomall.product.dao.activity.CouponActDao - ---getActivity: po = ActivityPo(id=101, creatorId=1, creatorName=admin, modifierId=null, modifierName=null, gmtCreate=2023-12-08T12:12:50, gmtModified=null, shopId=2, name=3件满100打9折, objectId=65730693e61c0b69ba4dc049, actClass=couponActDao, status=1)
2024-12-04 22:16:57.928 [main] INFO  c.edu.xmu.oomall.product.config.MongoCommandLogger - Command: find
2024-12-04 22:16:57.928 [main] INFO  c.edu.xmu.oomall.product.config.MongoCommandLogger - Connection Address: mongo3:27017
2024-12-04 22:16:57.980 [main] DEBUG c.edu.xmu.oomall.product.dao.activity.CouponActDao - objid->657302634882bc534d981832:Optional[CouponActPo(objectId=657302634882bc534d981832, couponTime=null, quantity=null, quantityType=null, validTerm=null, strategy={"value":50,"couponLimitation":{"value":10000,"className":"cn.edu.xmu.oomall.product.model.strategy.impl.PriceCouponLimitation"},"className":"cn.edu.xmu.oomall.product.model.strategy.impl.CheapestPercentageDiscount"})],po.objid:65730693e61c0b69ba4dc049
2024-12-04 22:16:57.980 [main] DEBUG c.edu.xmu.oomall.product.dao.activity.CouponActDao - ---copy after getActivity: po = ActivityPo(id=101, creatorId=1, creatorName=admin, modifierId=null, modifierName=null, gmtCreate=2023-12-08T12:12:50, gmtModified=null, shopId=2, name=3件满100打9折, objectId=65730693e61c0b69ba4dc049, actClass=couponActDao, status=1)
2024-12-04 22:16:57.981 [main] INFO  c.edu.xmu.oomall.product.config.MongoCommandLogger - Command: find
2024-12-04 22:16:57.981 [main] INFO  c.edu.xmu.oomall.product.config.MongoCommandLogger - Connection Address: mongo3:27017
2024-12-04 22:16:58.031 [main] DEBUG c.edu.xmu.oomall.product.dao.activity.CouponActDao - ---getActivity: ret = Optional[CouponActPo(objectId=65730693e61c0b69ba4dc049, couponTime=null, quantity=100, quantityType=1, validTerm=0, strategy={"value":90,"couponLimitation":{"value":0,"className":"cn.edu.xmu.oomall.product.model.strategy.impl.ComplexCouponLimitation","couponLimitationList":[{"value":3,"className":"cn.edu.xmu.oomall.product.model.strategy.impl.AmountCouponLimitation"},{"value":10000,"className":"cn.edu.xmu.oomall.product.model.strategy.impl.PriceCouponLimitation"}]},"className":"cn.edu.xmu.oomall.product.model.strategy.impl.PercentageCouponDiscount"})]
2024-12-04 22:16:58.035 [main] DEBUG c.edu.xmu.oomall.product.dao.activity.CouponActDao - ---getActivity: bo = CouponAct(super=Activity(super=OOMallObject(id=101, creatorId=1, creatorName=admin, modifierId=null, modifierName=null, gmtCreate=2023-12-08T12:12:50, gmtModified=null), shopId=2, name=3件满100打9折, objectId=65730693e61c0b69ba4dc049, actClass=couponActDao, status=1), couponTime=null, quantity=100, quantityType=1, validTerm=0, strategy=PercentageCouponDiscount())
2024-12-04 22:16:58.035 [main] DEBUG cn.edu.xmu.javaee.core.aop.DaoAspect - doAround: obj = cn.edu.xmu.oomall.product.dao.activity.CouponActDao@6b38215c, method = getActivity
2024-12-04 22:16:58.036 [main] DEBUG c.edu.xmu.oomall.product.dao.activity.ActivityDao - build: bo = CouponAct(super=Activity(super=OOMallObject(id=101, creatorId=1, creatorName=admin, modifierId=null, modifierName=null, gmtCreate=2023-12-08T12:12:50, gmtModified=null), shopId=2, name=3件满100打9折, objectId=65730693e61c0b69ba4dc049, actClass=couponActDao, status=1), couponTime=null, quantity=100, quantityType=1, validTerm=0, strategy=PercentageCouponDiscount())
2024-12-04 22:16:58.036 [main] DEBUG cn.edu.xmu.javaee.core.aop.DaoAspect - doAround: obj = cn.edu.xmu.oomall.product.dao.activity.ActivityDao@4401f272, method = findById
2024-12-04 22:16:58.036 [main] DEBUG cn.edu.xmu.javaee.core.aop.ControllerAspect - doAround: jp = getCouponActDetailed, code = OK
]]></system-out>
  </testcase>
  <testcase name="addCouponActToOnsaleTest1" classname="cn.edu.xmu.oomall.product.controller.ShopCouponActControllerTest" time="0.398">
    <system-out><![CDATA[2024-12-04 22:16:58.187 [main] DEBUG cn.edu.xmu.javaee.core.aop.ControllerAspect - doAround: method = addCouponActToOnsale, paramNames = [shopId, id, sid, creator]
2024-12-04 22:16:58.187 [main] DEBUG cn.edu.xmu.javaee.core.aop.ControllerAspect - checkPageTimeLimit: paramNames[0] = shopId
2024-12-04 22:16:58.187 [main] DEBUG cn.edu.xmu.javaee.core.aop.ControllerAspect - checkPageTimeLimit: paramNames[1] = id
2024-12-04 22:16:58.187 [main] DEBUG cn.edu.xmu.javaee.core.aop.ControllerAspect - checkPageTimeLimit: paramNames[2] = sid
2024-12-04 22:16:58.187 [main] DEBUG cn.edu.xmu.javaee.core.aop.ControllerAspect - checkPageTimeLimit: paramNames[3] = creator
2024-12-04 22:16:58.188 [main] DEBUG cn.edu.xmu.javaee.core.aop.AuditAspect - decryptToken : token = UserToken(userId=1, userName=13088admin, departId=0, expireTime=Wed Dec 04 23:16:49 CST 2024, userLevel=1)
2024-12-04 22:16:58.188 [main] DEBUG cn.edu.xmu.javaee.core.aop.AuditAspect - checkDepartId : the api path is /shops/2/couponactivities/101/onsales/9
2024-12-04 22:16:58.188 [main] DEBUG cn.edu.xmu.javaee.core.aop.AuditAspect - checkDepartId: getPathInfo = /shops/2/couponactivities/101/onsales/9
2024-12-04 22:16:58.236 [main] DEBUG c.edu.xmu.oomall.product.dao.activity.ActivityDao - build: po = ActivityPo(id=101, creatorId=1, creatorName=admin, modifierId=null, modifierName=null, gmtCreate=2023-12-08T12:12:50, gmtModified=null, shopId=2, name=3件满100打9折, objectId=65730693e61c0b69ba4dc049, actClass=couponActDao, status=1)
2024-12-04 22:16:58.236 [main] DEBUG c.edu.xmu.oomall.product.dao.activity.CouponActDao - ---getActivity: po = ActivityPo(id=101, creatorId=1, creatorName=admin, modifierId=null, modifierName=null, gmtCreate=2023-12-08T12:12:50, gmtModified=null, shopId=2, name=3件满100打9折, objectId=65730693e61c0b69ba4dc049, actClass=couponActDao, status=1)
2024-12-04 22:16:58.237 [main] INFO  c.edu.xmu.oomall.product.config.MongoCommandLogger - Command: find
2024-12-04 22:16:58.237 [main] INFO  c.edu.xmu.oomall.product.config.MongoCommandLogger - Connection Address: mongo3:27017
2024-12-04 22:16:58.286 [main] DEBUG c.edu.xmu.oomall.product.dao.activity.CouponActDao - objid->657302634882bc534d981832:Optional[CouponActPo(objectId=657302634882bc534d981832, couponTime=null, quantity=null, quantityType=null, validTerm=null, strategy={"value":50,"couponLimitation":{"value":10000,"className":"cn.edu.xmu.oomall.product.model.strategy.impl.PriceCouponLimitation"},"className":"cn.edu.xmu.oomall.product.model.strategy.impl.CheapestPercentageDiscount"})],po.objid:65730693e61c0b69ba4dc049
2024-12-04 22:16:58.286 [main] DEBUG c.edu.xmu.oomall.product.dao.activity.CouponActDao - ---copy after getActivity: po = ActivityPo(id=101, creatorId=1, creatorName=admin, modifierId=null, modifierName=null, gmtCreate=2023-12-08T12:12:50, gmtModified=null, shopId=2, name=3件满100打9折, objectId=65730693e61c0b69ba4dc049, actClass=couponActDao, status=1)
2024-12-04 22:16:58.288 [main] INFO  c.edu.xmu.oomall.product.config.MongoCommandLogger - Command: find
2024-12-04 22:16:58.288 [main] INFO  c.edu.xmu.oomall.product.config.MongoCommandLogger - Connection Address: mongo3:27017
2024-12-04 22:16:58.336 [main] DEBUG c.edu.xmu.oomall.product.dao.activity.CouponActDao - ---getActivity: ret = Optional[CouponActPo(objectId=65730693e61c0b69ba4dc049, couponTime=null, quantity=100, quantityType=1, validTerm=0, strategy={"value":90,"couponLimitation":{"value":0,"className":"cn.edu.xmu.oomall.product.model.strategy.impl.ComplexCouponLimitation","couponLimitationList":[{"value":3,"className":"cn.edu.xmu.oomall.product.model.strategy.impl.AmountCouponLimitation"},{"value":10000,"className":"cn.edu.xmu.oomall.product.model.strategy.impl.PriceCouponLimitation"}]},"className":"cn.edu.xmu.oomall.product.model.strategy.impl.PercentageCouponDiscount"})]
2024-12-04 22:16:58.340 [main] DEBUG c.edu.xmu.oomall.product.dao.activity.CouponActDao - ---getActivity: bo = CouponAct(super=Activity(super=OOMallObject(id=101, creatorId=1, creatorName=admin, modifierId=null, modifierName=null, gmtCreate=2023-12-08T12:12:50, gmtModified=null), shopId=2, name=3件满100打9折, objectId=65730693e61c0b69ba4dc049, actClass=couponActDao, status=1), couponTime=null, quantity=100, quantityType=1, validTerm=0, strategy=PercentageCouponDiscount())
2024-12-04 22:16:58.340 [main] DEBUG cn.edu.xmu.javaee.core.aop.DaoAspect - doAround: obj = cn.edu.xmu.oomall.product.dao.activity.CouponActDao@6b38215c, method = getActivity
2024-12-04 22:16:58.340 [main] DEBUG c.edu.xmu.oomall.product.dao.activity.ActivityDao - build: bo = CouponAct(super=Activity(super=OOMallObject(id=101, creatorId=1, creatorName=admin, modifierId=null, modifierName=null, gmtCreate=2023-12-08T12:12:50, gmtModified=null), shopId=2, name=3件满100打9折, objectId=65730693e61c0b69ba4dc049, actClass=couponActDao, status=1), couponTime=null, quantity=100, quantityType=1, validTerm=0, strategy=PercentageCouponDiscount())
2024-12-04 22:16:58.341 [main] DEBUG cn.edu.xmu.javaee.core.aop.DaoAspect - doAround: obj = cn.edu.xmu.oomall.product.dao.activity.ActivityDao@4401f272, method = findById
2024-12-04 22:16:58.341 [main] DEBUG cn.edu.xmu.oomall.product.dao.onsale.OnSaleDao - findById: id =9
2024-12-04 22:16:58.390 [main] DEBUG cn.edu.xmu.javaee.core.aop.DaoAspect - doAround: obj = cn.edu.xmu.oomall.product.dao.onsale.OnSaleDao@6e9ad705, method = findById
2024-12-04 22:16:58.391 [main] DEBUG c.edu.xmu.oomall.product.dao.activity.ActivityDao - insertActivityOnsale: activityOnsalePo = ActivityOnsalePo(id=null, actId=101, onsaleId=9, creatorId=1, creatorName=13088admin, modifierId=null, modifierName=null, gmtCreate=2024-12-04T22:16:58.391270200, gmtModified=null)
2024-12-04 22:16:58.391 [main] DEBUG c.e.x.j.core.jpa.SelectiveUpdateJpaRepositoryImpl - save: insert obj
2024-12-04 22:16:58.439 [main] DEBUG cn.edu.xmu.javaee.core.aop.DaoAspect - doAround: obj = cn.edu.xmu.oomall.product.dao.activity.ActivityDao@4401f272, method = insertActivityOnsale
2024-12-04 22:16:58.440 [main] DEBUG cn.edu.xmu.javaee.core.aop.ControllerAspect - doAround: jp = addCouponActToOnsale, code = CREATED
]]></system-out>
  </testcase>
  <testcase name="addCouponActToOnsaleTest2" classname="cn.edu.xmu.oomall.product.controller.ShopCouponActControllerTest" time="0.195">
    <system-out><![CDATA[2024-12-04 22:16:58.587 [main] DEBUG cn.edu.xmu.javaee.core.aop.ControllerAspect - doAround: method = addCouponActToOnsale, paramNames = [shopId, id, sid, creator]
2024-12-04 22:16:58.587 [main] DEBUG cn.edu.xmu.javaee.core.aop.ControllerAspect - checkPageTimeLimit: paramNames[0] = shopId
2024-12-04 22:16:58.587 [main] DEBUG cn.edu.xmu.javaee.core.aop.ControllerAspect - checkPageTimeLimit: paramNames[1] = id
2024-12-04 22:16:58.587 [main] DEBUG cn.edu.xmu.javaee.core.aop.ControllerAspect - checkPageTimeLimit: paramNames[2] = sid
2024-12-04 22:16:58.587 [main] DEBUG cn.edu.xmu.javaee.core.aop.ControllerAspect - checkPageTimeLimit: paramNames[3] = creator
2024-12-04 22:16:58.588 [main] DEBUG cn.edu.xmu.javaee.core.aop.AuditAspect - decryptToken : token = UserToken(userId=1, userName=13088admin, departId=0, expireTime=Wed Dec 04 23:16:49 CST 2024, userLevel=1)
2024-12-04 22:16:58.588 [main] DEBUG cn.edu.xmu.javaee.core.aop.AuditAspect - checkDepartId : the api path is /shops/8/couponactivities/101/onsales/9
2024-12-04 22:16:58.588 [main] DEBUG cn.edu.xmu.javaee.core.aop.AuditAspect - checkDepartId: getPathInfo = /shops/8/couponactivities/101/onsales/9
2024-12-04 22:16:58.637 [main] INFO  cn.edu.xmu.javaee.core.aop.ControllerAspect - doAround: BusinessException， errno = RESOURCE_ID_OUTSCOPE
2024-12-04 22:16:58.637 [main] DEBUG cn.edu.xmu.javaee.core.aop.ControllerAspect - doAround: jp = addCouponActToOnsale, code = RESOURCE_ID_OUTSCOPE
]]></system-out>
  </testcase>
  <testcase name="addCouponActToOnsaleTest3" classname="cn.edu.xmu.oomall.product.controller.ShopCouponActControllerTest" time="0.2">
    <system-out><![CDATA[2024-12-04 22:16:58.783 [main] DEBUG cn.edu.xmu.javaee.core.aop.ControllerAspect - doAround: method = addCouponActToOnsale, paramNames = [shopId, id, sid, creator]
2024-12-04 22:16:58.787 [main] DEBUG cn.edu.xmu.javaee.core.aop.ControllerAspect - checkPageTimeLimit: paramNames[0] = shopId
2024-12-04 22:16:58.788 [main] DEBUG cn.edu.xmu.javaee.core.aop.ControllerAspect - checkPageTimeLimit: paramNames[1] = id
2024-12-04 22:16:58.788 [main] DEBUG cn.edu.xmu.javaee.core.aop.ControllerAspect - checkPageTimeLimit: paramNames[2] = sid
2024-12-04 22:16:58.788 [main] DEBUG cn.edu.xmu.javaee.core.aop.ControllerAspect - checkPageTimeLimit: paramNames[3] = creator
2024-12-04 22:16:58.788 [main] DEBUG cn.edu.xmu.javaee.core.aop.AuditAspect - decryptToken : token = UserToken(userId=1, userName=13088admin, departId=0, expireTime=Wed Dec 04 23:16:49 CST 2024, userLevel=1)
2024-12-04 22:16:58.788 [main] DEBUG cn.edu.xmu.javaee.core.aop.AuditAspect - checkDepartId : the api path is /shops/2/couponactivities/110/onsales/9
2024-12-04 22:16:58.788 [main] DEBUG cn.edu.xmu.javaee.core.aop.AuditAspect - checkDepartId: getPathInfo = /shops/2/couponactivities/110/onsales/9
2024-12-04 22:16:58.838 [main] INFO  cn.edu.xmu.javaee.core.aop.ControllerAspect - doAround: BusinessException， errno = RESOURCE_ID_NOTEXIST
2024-12-04 22:16:58.838 [main] DEBUG cn.edu.xmu.javaee.core.aop.ControllerAspect - doAround: jp = addCouponActToOnsale, code = RESOURCE_ID_NOTEXIST
]]></system-out>
  </testcase>
  <testcase name="delCouponActTest1" classname="cn.edu.xmu.oomall.product.controller.ShopCouponActControllerTest" time="0.357">
    <system-out><![CDATA[2024-12-04 22:16:58.988 [main] DEBUG cn.edu.xmu.javaee.core.aop.ControllerAspect - doAround: method = delCouponAct, paramNames = [shopId, id, modifier]
2024-12-04 22:16:58.988 [main] DEBUG cn.edu.xmu.javaee.core.aop.ControllerAspect - checkPageTimeLimit: paramNames[0] = shopId
2024-12-04 22:16:58.988 [main] DEBUG cn.edu.xmu.javaee.core.aop.ControllerAspect - checkPageTimeLimit: paramNames[1] = id
2024-12-04 22:16:58.988 [main] DEBUG cn.edu.xmu.javaee.core.aop.ControllerAspect - checkPageTimeLimit: paramNames[2] = modifier
2024-12-04 22:16:58.988 [main] DEBUG cn.edu.xmu.javaee.core.aop.AuditAspect - decryptToken : token = UserToken(userId=1, userName=13088admin, departId=0, expireTime=Wed Dec 04 23:16:49 CST 2024, userLevel=1)
2024-12-04 22:16:58.988 [main] DEBUG cn.edu.xmu.javaee.core.aop.AuditAspect - checkDepartId : the api path is /shops/2/couponactivities/101
2024-12-04 22:16:58.988 [main] DEBUG cn.edu.xmu.javaee.core.aop.AuditAspect - checkDepartId: getPathInfo = /shops/2/couponactivities/101
2024-12-04 22:16:59.041 [main] DEBUG c.edu.xmu.oomall.product.dao.activity.ActivityDao - build: po = ActivityPo(id=101, creatorId=1, creatorName=admin, modifierId=null, modifierName=null, gmtCreate=2023-12-08T12:12:50, gmtModified=null, shopId=2, name=3件满100打9折, objectId=65730693e61c0b69ba4dc049, actClass=couponActDao, status=1)
2024-12-04 22:16:59.041 [main] DEBUG c.edu.xmu.oomall.product.dao.activity.CouponActDao - ---getActivity: po = ActivityPo(id=101, creatorId=1, creatorName=admin, modifierId=null, modifierName=null, gmtCreate=2023-12-08T12:12:50, gmtModified=null, shopId=2, name=3件满100打9折, objectId=65730693e61c0b69ba4dc049, actClass=couponActDao, status=1)
2024-12-04 22:16:59.042 [main] INFO  c.edu.xmu.oomall.product.config.MongoCommandLogger - Command: find
2024-12-04 22:16:59.042 [main] INFO  c.edu.xmu.oomall.product.config.MongoCommandLogger - Connection Address: mongo3:27017
2024-12-04 22:16:59.091 [main] DEBUG c.edu.xmu.oomall.product.dao.activity.CouponActDao - objid->657302634882bc534d981832:Optional[CouponActPo(objectId=657302634882bc534d981832, couponTime=null, quantity=null, quantityType=null, validTerm=null, strategy={"value":50,"couponLimitation":{"value":10000,"className":"cn.edu.xmu.oomall.product.model.strategy.impl.PriceCouponLimitation"},"className":"cn.edu.xmu.oomall.product.model.strategy.impl.CheapestPercentageDiscount"})],po.objid:65730693e61c0b69ba4dc049
2024-12-04 22:16:59.091 [main] DEBUG c.edu.xmu.oomall.product.dao.activity.CouponActDao - ---copy after getActivity: po = ActivityPo(id=101, creatorId=1, creatorName=admin, modifierId=null, modifierName=null, gmtCreate=2023-12-08T12:12:50, gmtModified=null, shopId=2, name=3件满100打9折, objectId=65730693e61c0b69ba4dc049, actClass=couponActDao, status=1)
2024-12-04 22:16:59.093 [main] INFO  c.edu.xmu.oomall.product.config.MongoCommandLogger - Command: find
2024-12-04 22:16:59.093 [main] INFO  c.edu.xmu.oomall.product.config.MongoCommandLogger - Connection Address: mongo3:27017
2024-12-04 22:16:59.141 [main] DEBUG c.edu.xmu.oomall.product.dao.activity.CouponActDao - ---getActivity: ret = Optional[CouponActPo(objectId=65730693e61c0b69ba4dc049, couponTime=null, quantity=100, quantityType=1, validTerm=0, strategy={"value":90,"couponLimitation":{"value":0,"className":"cn.edu.xmu.oomall.product.model.strategy.impl.ComplexCouponLimitation","couponLimitationList":[{"value":3,"className":"cn.edu.xmu.oomall.product.model.strategy.impl.AmountCouponLimitation"},{"value":10000,"className":"cn.edu.xmu.oomall.product.model.strategy.impl.PriceCouponLimitation"}]},"className":"cn.edu.xmu.oomall.product.model.strategy.impl.PercentageCouponDiscount"})]
2024-12-04 22:16:59.144 [main] DEBUG c.edu.xmu.oomall.product.dao.activity.CouponActDao - ---getActivity: bo = CouponAct(super=Activity(super=OOMallObject(id=101, creatorId=1, creatorName=admin, modifierId=null, modifierName=null, gmtCreate=2023-12-08T12:12:50, gmtModified=null), shopId=2, name=3件满100打9折, objectId=65730693e61c0b69ba4dc049, actClass=couponActDao, status=1), couponTime=null, quantity=100, quantityType=1, validTerm=0, strategy=PercentageCouponDiscount())
2024-12-04 22:16:59.144 [main] DEBUG cn.edu.xmu.javaee.core.aop.DaoAspect - doAround: obj = cn.edu.xmu.oomall.product.dao.activity.CouponActDao@6b38215c, method = getActivity
2024-12-04 22:16:59.145 [main] DEBUG c.edu.xmu.oomall.product.dao.activity.ActivityDao - build: bo = CouponAct(super=Activity(super=OOMallObject(id=101, creatorId=1, creatorName=admin, modifierId=null, modifierName=null, gmtCreate=2023-12-08T12:12:50, gmtModified=null), shopId=2, name=3件满100打9折, objectId=65730693e61c0b69ba4dc049, actClass=couponActDao, status=1), couponTime=null, quantity=100, quantityType=1, validTerm=0, strategy=PercentageCouponDiscount())
2024-12-04 22:16:59.145 [main] DEBUG cn.edu.xmu.javaee.core.aop.DaoAspect - doAround: obj = cn.edu.xmu.oomall.product.dao.activity.ActivityDao@4401f272, method = findById
2024-12-04 22:16:59.196 [main] DEBUG cn.edu.xmu.javaee.core.aop.DaoAspect - doAround: obj = cn.edu.xmu.oomall.product.dao.onsale.OnSaleDao@6e9ad705, method = deleteRelateOnsales
2024-12-04 22:16:59.196 [main] DEBUG cn.edu.xmu.javaee.core.aop.ControllerAspect - doAround: jp = delCouponAct, code = OK
]]></system-out>
  </testcase>
  <testcase name="delCouponActFromOnsaleTest1" classname="cn.edu.xmu.oomall.product.controller.ShopCouponActControllerTest" time="0.411">
    <system-out><![CDATA[2024-12-04 22:16:59.345 [main] DEBUG cn.edu.xmu.javaee.core.aop.ControllerAspect - doAround: method = delCouponActFromOnsale, paramNames = [shopId, id, sid, deleter]
2024-12-04 22:16:59.345 [main] DEBUG cn.edu.xmu.javaee.core.aop.ControllerAspect - checkPageTimeLimit: paramNames[0] = shopId
2024-12-04 22:16:59.345 [main] DEBUG cn.edu.xmu.javaee.core.aop.ControllerAspect - checkPageTimeLimit: paramNames[1] = id
2024-12-04 22:16:59.345 [main] DEBUG cn.edu.xmu.javaee.core.aop.ControllerAspect - checkPageTimeLimit: paramNames[2] = sid
2024-12-04 22:16:59.345 [main] DEBUG cn.edu.xmu.javaee.core.aop.ControllerAspect - checkPageTimeLimit: paramNames[3] = deleter
2024-12-04 22:16:59.346 [main] DEBUG cn.edu.xmu.javaee.core.aop.AuditAspect - decryptToken : token = UserToken(userId=1, userName=13088admin, departId=0, expireTime=Wed Dec 04 23:16:49 CST 2024, userLevel=1)
2024-12-04 22:16:59.346 [main] DEBUG cn.edu.xmu.javaee.core.aop.AuditAspect - checkDepartId : the api path is /shops/2/couponactivities/101/onsales/129
2024-12-04 22:16:59.346 [main] DEBUG cn.edu.xmu.javaee.core.aop.AuditAspect - checkDepartId: getPathInfo = /shops/2/couponactivities/101/onsales/129
2024-12-04 22:16:59.394 [main] DEBUG c.edu.xmu.oomall.product.dao.activity.ActivityDao - build: po = ActivityPo(id=101, creatorId=1, creatorName=admin, modifierId=null, modifierName=null, gmtCreate=2023-12-08T12:12:50, gmtModified=null, shopId=2, name=3件满100打9折, objectId=65730693e61c0b69ba4dc049, actClass=couponActDao, status=1)
2024-12-04 22:16:59.395 [main] DEBUG c.edu.xmu.oomall.product.dao.activity.CouponActDao - ---getActivity: po = ActivityPo(id=101, creatorId=1, creatorName=admin, modifierId=null, modifierName=null, gmtCreate=2023-12-08T12:12:50, gmtModified=null, shopId=2, name=3件满100打9折, objectId=65730693e61c0b69ba4dc049, actClass=couponActDao, status=1)
2024-12-04 22:16:59.396 [main] INFO  c.edu.xmu.oomall.product.config.MongoCommandLogger - Command: find
2024-12-04 22:16:59.397 [main] INFO  c.edu.xmu.oomall.product.config.MongoCommandLogger - Connection Address: mongo3:27017
2024-12-04 22:16:59.445 [main] DEBUG c.edu.xmu.oomall.product.dao.activity.CouponActDao - objid->657302634882bc534d981832:Optional[CouponActPo(objectId=657302634882bc534d981832, couponTime=null, quantity=null, quantityType=null, validTerm=null, strategy={"value":50,"couponLimitation":{"value":10000,"className":"cn.edu.xmu.oomall.product.model.strategy.impl.PriceCouponLimitation"},"className":"cn.edu.xmu.oomall.product.model.strategy.impl.CheapestPercentageDiscount"})],po.objid:65730693e61c0b69ba4dc049
2024-12-04 22:16:59.445 [main] DEBUG c.edu.xmu.oomall.product.dao.activity.CouponActDao - ---copy after getActivity: po = ActivityPo(id=101, creatorId=1, creatorName=admin, modifierId=null, modifierName=null, gmtCreate=2023-12-08T12:12:50, gmtModified=null, shopId=2, name=3件满100打9折, objectId=65730693e61c0b69ba4dc049, actClass=couponActDao, status=1)
2024-12-04 22:16:59.447 [main] INFO  c.edu.xmu.oomall.product.config.MongoCommandLogger - Command: find
2024-12-04 22:16:59.447 [main] INFO  c.edu.xmu.oomall.product.config.MongoCommandLogger - Connection Address: mongo3:27017
2024-12-04 22:16:59.497 [main] DEBUG c.edu.xmu.oomall.product.dao.activity.CouponActDao - ---getActivity: ret = Optional[CouponActPo(objectId=65730693e61c0b69ba4dc049, couponTime=null, quantity=100, quantityType=1, validTerm=0, strategy={"value":90,"couponLimitation":{"value":0,"className":"cn.edu.xmu.oomall.product.model.strategy.impl.ComplexCouponLimitation","couponLimitationList":[{"value":3,"className":"cn.edu.xmu.oomall.product.model.strategy.impl.AmountCouponLimitation"},{"value":10000,"className":"cn.edu.xmu.oomall.product.model.strategy.impl.PriceCouponLimitation"}]},"className":"cn.edu.xmu.oomall.product.model.strategy.impl.PercentageCouponDiscount"})]
2024-12-04 22:16:59.506 [main] DEBUG c.edu.xmu.oomall.product.dao.activity.CouponActDao - ---getActivity: bo = CouponAct(super=Activity(super=OOMallObject(id=101, creatorId=1, creatorName=admin, modifierId=null, modifierName=null, gmtCreate=2023-12-08T12:12:50, gmtModified=null), shopId=2, name=3件满100打9折, objectId=65730693e61c0b69ba4dc049, actClass=couponActDao, status=1), couponTime=null, quantity=100, quantityType=1, validTerm=0, strategy=PercentageCouponDiscount())
2024-12-04 22:16:59.507 [main] DEBUG cn.edu.xmu.javaee.core.aop.DaoAspect - doAround: obj = cn.edu.xmu.oomall.product.dao.activity.CouponActDao@6b38215c, method = getActivity
2024-12-04 22:16:59.507 [main] DEBUG c.edu.xmu.oomall.product.dao.activity.ActivityDao - build: bo = CouponAct(super=Activity(super=OOMallObject(id=101, creatorId=1, creatorName=admin, modifierId=null, modifierName=null, gmtCreate=2023-12-08T12:12:50, gmtModified=null), shopId=2, name=3件满100打9折, objectId=65730693e61c0b69ba4dc049, actClass=couponActDao, status=1), couponTime=null, quantity=100, quantityType=1, validTerm=0, strategy=PercentageCouponDiscount())
2024-12-04 22:16:59.508 [main] DEBUG cn.edu.xmu.javaee.core.aop.DaoAspect - doAround: obj = cn.edu.xmu.oomall.product.dao.activity.ActivityDao@4401f272, method = findById
2024-12-04 22:16:59.508 [main] DEBUG cn.edu.xmu.oomall.product.dao.onsale.OnSaleDao - findById: id =129
2024-12-04 22:16:59.558 [main] DEBUG cn.edu.xmu.javaee.core.aop.DaoAspect - doAround: obj = cn.edu.xmu.oomall.product.dao.onsale.OnSaleDao@6e9ad705, method = findById
2024-12-04 22:16:59.608 [main] DEBUG cn.edu.xmu.javaee.core.aop.DaoAspect - doAround: obj = cn.edu.xmu.oomall.product.dao.activity.ActivityDao@4401f272, method = deleteActivityOnsale
2024-12-04 22:16:59.608 [main] DEBUG cn.edu.xmu.javaee.core.aop.ControllerAspect - doAround: jp = delCouponActFromOnsale, code = OK
]]></system-out>
  </testcase>
  <testcase name="delCouponActFromOnsaleTest2" classname="cn.edu.xmu.oomall.product.controller.ShopCouponActControllerTest" time="0.198">
    <system-out><![CDATA[2024-12-04 22:16:59.758 [main] DEBUG cn.edu.xmu.javaee.core.aop.ControllerAspect - doAround: method = delCouponActFromOnsale, paramNames = [shopId, id, sid, deleter]
2024-12-04 22:16:59.758 [main] DEBUG cn.edu.xmu.javaee.core.aop.ControllerAspect - checkPageTimeLimit: paramNames[0] = shopId
2024-12-04 22:16:59.758 [main] DEBUG cn.edu.xmu.javaee.core.aop.ControllerAspect - checkPageTimeLimit: paramNames[1] = id
2024-12-04 22:16:59.758 [main] DEBUG cn.edu.xmu.javaee.core.aop.ControllerAspect - checkPageTimeLimit: paramNames[2] = sid
2024-12-04 22:16:59.758 [main] DEBUG cn.edu.xmu.javaee.core.aop.ControllerAspect - checkPageTimeLimit: paramNames[3] = deleter
2024-12-04 22:16:59.759 [main] DEBUG cn.edu.xmu.javaee.core.aop.AuditAspect - decryptToken : token = UserToken(userId=1, userName=13088admin, departId=0, expireTime=Wed Dec 04 23:16:49 CST 2024, userLevel=1)
2024-12-04 22:16:59.759 [main] DEBUG cn.edu.xmu.javaee.core.aop.AuditAspect - checkDepartId : the api path is /shops/2/couponactivities/110/onsales/129
2024-12-04 22:16:59.759 [main] DEBUG cn.edu.xmu.javaee.core.aop.AuditAspect - checkDepartId: getPathInfo = /shops/2/couponactivities/110/onsales/129
2024-12-04 22:16:59.808 [main] INFO  cn.edu.xmu.javaee.core.aop.ControllerAspect - doAround: BusinessException， errno = RESOURCE_ID_NOTEXIST
2024-12-04 22:16:59.809 [main] DEBUG cn.edu.xmu.javaee.core.aop.ControllerAspect - doAround: jp = delCouponActFromOnsale, code = RESOURCE_ID_NOTEXIST
]]></system-out>
  </testcase>
  <testcase name="delCouponActFromOnsaleTest3" classname="cn.edu.xmu.oomall.product.controller.ShopCouponActControllerTest" time="0.208">
    <system-out><![CDATA[2024-12-04 22:16:59.952 [main] DEBUG cn.edu.xmu.javaee.core.aop.ControllerAspect - doAround: method = delCouponActFromOnsale, paramNames = [shopId, id, sid, deleter]
2024-12-04 22:16:59.953 [main] DEBUG cn.edu.xmu.javaee.core.aop.ControllerAspect - checkPageTimeLimit: paramNames[0] = shopId
2024-12-04 22:16:59.953 [main] DEBUG cn.edu.xmu.javaee.core.aop.ControllerAspect - checkPageTimeLimit: paramNames[1] = id
2024-12-04 22:16:59.953 [main] DEBUG cn.edu.xmu.javaee.core.aop.ControllerAspect - checkPageTimeLimit: paramNames[2] = sid
2024-12-04 22:16:59.953 [main] DEBUG cn.edu.xmu.javaee.core.aop.ControllerAspect - checkPageTimeLimit: paramNames[3] = deleter
2024-12-04 22:16:59.953 [main] DEBUG cn.edu.xmu.javaee.core.aop.AuditAspect - decryptToken : token = UserToken(userId=1, userName=13088admin, departId=0, expireTime=Wed Dec 04 23:16:49 CST 2024, userLevel=1)
2024-12-04 22:16:59.953 [main] DEBUG cn.edu.xmu.javaee.core.aop.AuditAspect - checkDepartId : the api path is /shops/7/couponactivities/101/onsales/129
2024-12-04 22:16:59.953 [main] DEBUG cn.edu.xmu.javaee.core.aop.AuditAspect - checkDepartId: getPathInfo = /shops/7/couponactivities/101/onsales/129
2024-12-04 22:17:00.016 [main] INFO  cn.edu.xmu.javaee.core.aop.ControllerAspect - doAround: BusinessException， errno = RESOURCE_ID_OUTSCOPE
2024-12-04 22:17:00.017 [main] DEBUG cn.edu.xmu.javaee.core.aop.ControllerAspect - doAround: jp = delCouponActFromOnsale, code = RESOURCE_ID_OUTSCOPE
]]></system-out>
  </testcase>
  <testcase name="delCouponActFromOnsaleTest4" classname="cn.edu.xmu.oomall.product.controller.ShopCouponActControllerTest" time="0.192">
    <system-out><![CDATA[2024-12-04 22:17:00.163 [main] DEBUG cn.edu.xmu.javaee.core.aop.ControllerAspect - doAround: method = delCouponActFromOnsale, paramNames = [shopId, id, sid, deleter]
2024-12-04 22:17:00.163 [main] DEBUG cn.edu.xmu.javaee.core.aop.ControllerAspect - checkPageTimeLimit: paramNames[0] = shopId
2024-12-04 22:17:00.163 [main] DEBUG cn.edu.xmu.javaee.core.aop.ControllerAspect - checkPageTimeLimit: paramNames[1] = id
2024-12-04 22:17:00.163 [main] DEBUG cn.edu.xmu.javaee.core.aop.ControllerAspect - checkPageTimeLimit: paramNames[2] = sid
2024-12-04 22:17:00.163 [main] DEBUG cn.edu.xmu.javaee.core.aop.ControllerAspect - checkPageTimeLimit: paramNames[3] = deleter
2024-12-04 22:17:00.164 [main] DEBUG cn.edu.xmu.javaee.core.aop.AuditAspect - decryptToken : token = UserToken(userId=1, userName=13088admin, departId=0, expireTime=Wed Dec 04 23:16:49 CST 2024, userLevel=1)
2024-12-04 22:17:00.164 [main] DEBUG cn.edu.xmu.javaee.core.aop.AuditAspect - checkDepartId : the api path is /shops/7/couponactivities/101/onsales/130
2024-12-04 22:17:00.164 [main] DEBUG cn.edu.xmu.javaee.core.aop.AuditAspect - checkDepartId: getPathInfo = /shops/7/couponactivities/101/onsales/130
2024-12-04 22:17:00.211 [main] INFO  cn.edu.xmu.javaee.core.aop.ControllerAspect - doAround: BusinessException， errno = RESOURCE_ID_OUTSCOPE
2024-12-04 22:17:00.211 [main] DEBUG cn.edu.xmu.javaee.core.aop.ControllerAspect - doAround: jp = delCouponActFromOnsale, code = RESOURCE_ID_OUTSCOPE
]]></system-out>
  </testcase>
  <testcase name="getCouponActIdTest1" classname="cn.edu.xmu.oomall.product.controller.ShopCouponActControllerTest" time="0.827">
    <system-out><![CDATA[2024-12-04 22:17:00.361 [main] DEBUG cn.edu.xmu.javaee.core.aop.ControllerAspect - doAround: method = getCouponactivity, paramNames = [shopId, productId, status, page, pageSize]
2024-12-04 22:17:00.361 [main] DEBUG cn.edu.xmu.javaee.core.aop.ControllerAspect - checkPageTimeLimit: paramNames[0] = shopId
2024-12-04 22:17:00.361 [main] DEBUG cn.edu.xmu.javaee.core.aop.ControllerAspect - checkPageTimeLimit: paramNames[1] = productId
2024-12-04 22:17:00.361 [main] DEBUG cn.edu.xmu.javaee.core.aop.ControllerAspect - checkPageTimeLimit: paramNames[2] = status
2024-12-04 22:17:00.361 [main] DEBUG cn.edu.xmu.javaee.core.aop.ControllerAspect - checkPageTimeLimit: paramNames[3] = page
2024-12-04 22:17:00.361 [main] DEBUG cn.edu.xmu.javaee.core.aop.ControllerAspect - checkPageTimeLimit: set page to 1
2024-12-04 22:17:00.361 [main] DEBUG cn.edu.xmu.javaee.core.aop.ControllerAspect - checkPageTimeLimit: paramNames[4] = pageSize
2024-12-04 22:17:00.361 [main] DEBUG cn.edu.xmu.javaee.core.aop.ControllerAspect - checkPageTimeLimit: set pageSize to 10
2024-12-04 22:17:00.362 [main] DEBUG cn.edu.xmu.javaee.core.aop.AuditAspect - decryptToken : token = UserToken(userId=1, userName=13088admin, departId=0, expireTime=Wed Dec 04 23:16:49 CST 2024, userLevel=1)
2024-12-04 22:17:00.362 [main] DEBUG cn.edu.xmu.javaee.core.aop.AuditAspect - checkDepartId : the api path is /shops/2/couponactivities
2024-12-04 22:17:00.362 [main] DEBUG cn.edu.xmu.javaee.core.aop.AuditAspect - checkDepartId: getPathInfo = /shops/2/couponactivities
2024-12-04 22:17:00.363 [main] DEBUG c.edu.xmu.oomall.product.dao.activity.ActivityDao - retrieveByShopIdAndProductId: shopId = 2, productId = null, page = 1, pageSize= 10
2024-12-04 22:17:00.363 [main] DEBUG c.edu.xmu.oomall.product.dao.activity.ActivityDao - retrieveByShopIdAndProductId: actClass & shopId
2024-12-04 22:17:00.421 [main] DEBUG c.edu.xmu.oomall.product.dao.activity.ActivityDao - retrieveByShopIdAndProductId: pos size = 6
2024-12-04 22:17:00.421 [main] DEBUG c.edu.xmu.oomall.product.dao.activity.ActivityDao - build: po = ActivityPo(id=5, creatorId=1, creatorName=admin, modifierId=null, modifierName=null, gmtCreate=2022-12-09T02:09:26, gmtModified=null, shopId=2, name=满3件最便宜的5折, objectId=657300a17077a872bd9852fe, actClass=couponActDao, status=1)
2024-12-04 22:17:00.421 [main] DEBUG c.edu.xmu.oomall.product.dao.activity.CouponActDao - ---getActivity: po = ActivityPo(id=5, creatorId=1, creatorName=admin, modifierId=null, modifierName=null, gmtCreate=2022-12-09T02:09:26, gmtModified=null, shopId=2, name=满3件最便宜的5折, objectId=657300a17077a872bd9852fe, actClass=couponActDao, status=1)
2024-12-04 22:17:00.423 [main] INFO  c.edu.xmu.oomall.product.config.MongoCommandLogger - Command: find
2024-12-04 22:17:00.423 [main] INFO  c.edu.xmu.oomall.product.config.MongoCommandLogger - Connection Address: mongo3:27017
2024-12-04 22:17:00.472 [main] DEBUG c.edu.xmu.oomall.product.dao.activity.CouponActDao - objid->657302634882bc534d981832:Optional[CouponActPo(objectId=657302634882bc534d981832, couponTime=null, quantity=null, quantityType=null, validTerm=null, strategy={"value":50,"couponLimitation":{"value":10000,"className":"cn.edu.xmu.oomall.product.model.strategy.impl.PriceCouponLimitation"},"className":"cn.edu.xmu.oomall.product.model.strategy.impl.CheapestPercentageDiscount"})],po.objid:657300a17077a872bd9852fe
2024-12-04 22:17:00.472 [main] DEBUG c.edu.xmu.oomall.product.dao.activity.CouponActDao - ---copy after getActivity: po = ActivityPo(id=5, creatorId=1, creatorName=admin, modifierId=null, modifierName=null, gmtCreate=2022-12-09T02:09:26, gmtModified=null, shopId=2, name=满3件最便宜的5折, objectId=657300a17077a872bd9852fe, actClass=couponActDao, status=1)
2024-12-04 22:17:00.473 [main] INFO  c.edu.xmu.oomall.product.config.MongoCommandLogger - Command: find
2024-12-04 22:17:00.473 [main] INFO  c.edu.xmu.oomall.product.config.MongoCommandLogger - Connection Address: mongo3:27017
2024-12-04 22:17:00.521 [main] DEBUG c.edu.xmu.oomall.product.dao.activity.CouponActDao - ---getActivity: ret = Optional[CouponActPo(objectId=657300a17077a872bd9852fe, couponTime=null, quantity=null, quantityType=null, validTerm=null, strategy={"value":50,"couponLimitation":{"value":3,"className":"cn.edu.xmu.oomall.product.model.strategy.impl.AmountCouponLimitation"},"className":"cn.edu.xmu.oomall.product.model.strategy.impl.CheapestPercentageDiscount"})]
2024-12-04 22:17:00.523 [main] DEBUG c.edu.xmu.oomall.product.dao.activity.CouponActDao - ---getActivity: bo = CouponAct(super=Activity(super=OOMallObject(id=5, creatorId=1, creatorName=admin, modifierId=null, modifierName=null, gmtCreate=2022-12-09T02:09:26, gmtModified=null), shopId=2, name=满3件最便宜的5折, objectId=657300a17077a872bd9852fe, actClass=couponActDao, status=1), couponTime=null, quantity=null, quantityType=null, validTerm=null, strategy=CheapestPercentageDiscount())
2024-12-04 22:17:00.523 [main] DEBUG cn.edu.xmu.javaee.core.aop.DaoAspect - doAround: obj = cn.edu.xmu.oomall.product.dao.activity.CouponActDao@6b38215c, method = getActivity
2024-12-04 22:17:00.523 [main] DEBUG c.edu.xmu.oomall.product.dao.activity.ActivityDao - build: bo = CouponAct(super=Activity(super=OOMallObject(id=5, creatorId=1, creatorName=admin, modifierId=null, modifierName=null, gmtCreate=2022-12-09T02:09:26, gmtModified=null), shopId=2, name=满3件最便宜的5折, objectId=657300a17077a872bd9852fe, actClass=couponActDao, status=1), couponTime=null, quantity=null, quantityType=null, validTerm=null, strategy=CheapestPercentageDiscount())
2024-12-04 22:17:00.523 [main] DEBUG c.edu.xmu.oomall.product.dao.activity.ActivityDao - retrieveByShopIdAndProductId: bo = CouponAct(super=Activity(super=OOMallObject(id=5, creatorId=1, creatorName=admin, modifierId=null, modifierName=null, gmtCreate=2022-12-09T02:09:26, gmtModified=null), shopId=2, name=满3件最便宜的5折, objectId=657300a17077a872bd9852fe, actClass=couponActDao, status=1), couponTime=null, quantity=null, quantityType=null, validTerm=null, strategy=CheapestPercentageDiscount())
2024-12-04 22:17:00.523 [main] DEBUG c.edu.xmu.oomall.product.dao.activity.ActivityDao - build: po = ActivityPo(id=9, creatorId=1, creatorName=admin, modifierId=null, modifierName=null, gmtCreate=2022-12-09T02:09:26, gmtModified=null, shopId=2, name=跨2类减10元, objectId=657301e6186c151467fe00db, actClass=couponActDao, status=1)
2024-12-04 22:17:00.523 [main] DEBUG c.edu.xmu.oomall.product.dao.activity.CouponActDao - ---getActivity: po = ActivityPo(id=9, creatorId=1, creatorName=admin, modifierId=null, modifierName=null, gmtCreate=2022-12-09T02:09:26, gmtModified=null, shopId=2, name=跨2类减10元, objectId=657301e6186c151467fe00db, actClass=couponActDao, status=1)
2024-12-04 22:17:00.525 [main] INFO  c.edu.xmu.oomall.product.config.MongoCommandLogger - Command: find
2024-12-04 22:17:00.525 [main] INFO  c.edu.xmu.oomall.product.config.MongoCommandLogger - Connection Address: mongo3:27017
2024-12-04 22:17:00.573 [main] DEBUG c.edu.xmu.oomall.product.dao.activity.CouponActDao - objid->657302634882bc534d981832:Optional[CouponActPo(objectId=657302634882bc534d981832, couponTime=null, quantity=null, quantityType=null, validTerm=null, strategy={"value":50,"couponLimitation":{"value":10000,"className":"cn.edu.xmu.oomall.product.model.strategy.impl.PriceCouponLimitation"},"className":"cn.edu.xmu.oomall.product.model.strategy.impl.CheapestPercentageDiscount"})],po.objid:657301e6186c151467fe00db
2024-12-04 22:17:00.573 [main] DEBUG c.edu.xmu.oomall.product.dao.activity.CouponActDao - ---copy after getActivity: po = ActivityPo(id=9, creatorId=1, creatorName=admin, modifierId=null, modifierName=null, gmtCreate=2022-12-09T02:09:26, gmtModified=null, shopId=2, name=跨2类减10元, objectId=657301e6186c151467fe00db, actClass=couponActDao, status=1)
2024-12-04 22:17:00.574 [main] INFO  c.edu.xmu.oomall.product.config.MongoCommandLogger - Command: find
2024-12-04 22:17:00.574 [main] INFO  c.edu.xmu.oomall.product.config.MongoCommandLogger - Connection Address: mongo3:27017
2024-12-04 22:17:00.623 [main] DEBUG c.edu.xmu.oomall.product.dao.activity.CouponActDao - ---getActivity: ret = Optional[CouponActPo(objectId=657301e6186c151467fe00db, couponTime=null, quantity=null, quantityType=null, validTerm=null, strategy={"value":1000,"couponLimitation":{"value":2,"className":"cn.edu.xmu.oomall.product.model.strategy.impl.CrossCategoryLimitation"},"className":"cn.edu.xmu.oomall.product.model.strategy.impl.PriceCouponDiscount"})]
2024-12-04 22:17:00.625 [main] DEBUG c.edu.xmu.oomall.product.dao.activity.CouponActDao - ---getActivity: bo = CouponAct(super=Activity(super=OOMallObject(id=9, creatorId=1, creatorName=admin, modifierId=null, modifierName=null, gmtCreate=2022-12-09T02:09:26, gmtModified=null), shopId=2, name=跨2类减10元, objectId=657301e6186c151467fe00db, actClass=couponActDao, status=1), couponTime=null, quantity=null, quantityType=null, validTerm=null, strategy=PriceCouponDiscount())
2024-12-04 22:17:00.626 [main] DEBUG cn.edu.xmu.javaee.core.aop.DaoAspect - doAround: obj = cn.edu.xmu.oomall.product.dao.activity.CouponActDao@6b38215c, method = getActivity
2024-12-04 22:17:00.626 [main] DEBUG c.edu.xmu.oomall.product.dao.activity.ActivityDao - build: bo = CouponAct(super=Activity(super=OOMallObject(id=9, creatorId=1, creatorName=admin, modifierId=null, modifierName=null, gmtCreate=2022-12-09T02:09:26, gmtModified=null), shopId=2, name=跨2类减10元, objectId=657301e6186c151467fe00db, actClass=couponActDao, status=1), couponTime=null, quantity=null, quantityType=null, validTerm=null, strategy=PriceCouponDiscount())
2024-12-04 22:17:00.626 [main] DEBUG c.edu.xmu.oomall.product.dao.activity.ActivityDao - retrieveByShopIdAndProductId: bo = CouponAct(super=Activity(super=OOMallObject(id=9, creatorId=1, creatorName=admin, modifierId=null, modifierName=null, gmtCreate=2022-12-09T02:09:26, gmtModified=null), shopId=2, name=跨2类减10元, objectId=657301e6186c151467fe00db, actClass=couponActDao, status=1), couponTime=null, quantity=null, quantityType=null, validTerm=null, strategy=PriceCouponDiscount())
2024-12-04 22:17:00.626 [main] DEBUG c.edu.xmu.oomall.product.dao.activity.ActivityDao - build: po = ActivityPo(id=10, creatorId=1, creatorName=admin, modifierId=null, modifierName=null, gmtCreate=2022-12-09T02:09:26, gmtModified=null, shopId=2, name=跨2类9折, objectId=65730218f527a2548b1977d8, actClass=couponActDao, status=1)
2024-12-04 22:17:00.626 [main] DEBUG c.edu.xmu.oomall.product.dao.activity.CouponActDao - ---getActivity: po = ActivityPo(id=10, creatorId=1, creatorName=admin, modifierId=null, modifierName=null, gmtCreate=2022-12-09T02:09:26, gmtModified=null, shopId=2, name=跨2类9折, objectId=65730218f527a2548b1977d8, actClass=couponActDao, status=1)
2024-12-04 22:17:00.627 [main] INFO  c.edu.xmu.oomall.product.config.MongoCommandLogger - Command: find
2024-12-04 22:17:00.627 [main] INFO  c.edu.xmu.oomall.product.config.MongoCommandLogger - Connection Address: mongo3:27017
2024-12-04 22:17:00.676 [main] DEBUG c.edu.xmu.oomall.product.dao.activity.CouponActDao - objid->657302634882bc534d981832:Optional[CouponActPo(objectId=657302634882bc534d981832, couponTime=null, quantity=null, quantityType=null, validTerm=null, strategy={"value":50,"couponLimitation":{"value":10000,"className":"cn.edu.xmu.oomall.product.model.strategy.impl.PriceCouponLimitation"},"className":"cn.edu.xmu.oomall.product.model.strategy.impl.CheapestPercentageDiscount"})],po.objid:65730218f527a2548b1977d8
2024-12-04 22:17:00.676 [main] DEBUG c.edu.xmu.oomall.product.dao.activity.CouponActDao - ---copy after getActivity: po = ActivityPo(id=10, creatorId=1, creatorName=admin, modifierId=null, modifierName=null, gmtCreate=2022-12-09T02:09:26, gmtModified=null, shopId=2, name=跨2类9折, objectId=65730218f527a2548b1977d8, actClass=couponActDao, status=1)
2024-12-04 22:17:00.677 [main] INFO  c.edu.xmu.oomall.product.config.MongoCommandLogger - Command: find
2024-12-04 22:17:00.677 [main] INFO  c.edu.xmu.oomall.product.config.MongoCommandLogger - Connection Address: mongo3:27017
2024-12-04 22:17:00.725 [main] DEBUG c.edu.xmu.oomall.product.dao.activity.CouponActDao - ---getActivity: ret = Optional[CouponActPo(objectId=65730218f527a2548b1977d8, couponTime=null, quantity=null, quantityType=null, validTerm=null, strategy={"value":90,"couponLimitation":{"value":2,"className":"cn.edu.xmu.oomall.product.model.strategy.impl.CrossCategoryLimitation"},"className":"cn.edu.xmu.oomall.product.model.strategy.impl.PercentageCouponDiscount"})]
2024-12-04 22:17:00.727 [main] DEBUG c.edu.xmu.oomall.product.dao.activity.CouponActDao - ---getActivity: bo = CouponAct(super=Activity(super=OOMallObject(id=10, creatorId=1, creatorName=admin, modifierId=null, modifierName=null, gmtCreate=2022-12-09T02:09:26, gmtModified=null), shopId=2, name=跨2类9折, objectId=65730218f527a2548b1977d8, actClass=couponActDao, status=1), couponTime=null, quantity=null, quantityType=null, validTerm=null, strategy=PercentageCouponDiscount())
2024-12-04 22:17:00.727 [main] DEBUG cn.edu.xmu.javaee.core.aop.DaoAspect - doAround: obj = cn.edu.xmu.oomall.product.dao.activity.CouponActDao@6b38215c, method = getActivity
2024-12-04 22:17:00.727 [main] DEBUG c.edu.xmu.oomall.product.dao.activity.ActivityDao - build: bo = CouponAct(super=Activity(super=OOMallObject(id=10, creatorId=1, creatorName=admin, modifierId=null, modifierName=null, gmtCreate=2022-12-09T02:09:26, gmtModified=null), shopId=2, name=跨2类9折, objectId=65730218f527a2548b1977d8, actClass=couponActDao, status=1), couponTime=null, quantity=null, quantityType=null, validTerm=null, strategy=PercentageCouponDiscount())
2024-12-04 22:17:00.728 [main] DEBUG c.edu.xmu.oomall.product.dao.activity.ActivityDao - retrieveByShopIdAndProductId: bo = CouponAct(super=Activity(super=OOMallObject(id=10, creatorId=1, creatorName=admin, modifierId=null, modifierName=null, gmtCreate=2022-12-09T02:09:26, gmtModified=null), shopId=2, name=跨2类9折, objectId=65730218f527a2548b1977d8, actClass=couponActDao, status=1), couponTime=null, quantity=null, quantityType=null, validTerm=null, strategy=PercentageCouponDiscount())
2024-12-04 22:17:00.728 [main] DEBUG c.edu.xmu.oomall.product.dao.activity.ActivityDao - build: po = ActivityPo(id=97, creatorId=1, creatorName=admin, modifierId=null, modifierName=null, gmtCreate=2023-12-08T12:12:49, gmtModified=null, shopId=2, name=满100最便宜的打5折, objectId=657302634882bc534d981832, actClass=couponActDao, status=1)
2024-12-04 22:17:00.728 [main] DEBUG c.edu.xmu.oomall.product.dao.activity.CouponActDao - ---getActivity: po = ActivityPo(id=97, creatorId=1, creatorName=admin, modifierId=null, modifierName=null, gmtCreate=2023-12-08T12:12:49, gmtModified=null, shopId=2, name=满100最便宜的打5折, objectId=657302634882bc534d981832, actClass=couponActDao, status=1)
2024-12-04 22:17:00.728 [main] INFO  c.edu.xmu.oomall.product.config.MongoCommandLogger - Command: find
2024-12-04 22:17:00.729 [main] INFO  c.edu.xmu.oomall.product.config.MongoCommandLogger - Connection Address: mongo3:27017
2024-12-04 22:17:00.777 [main] DEBUG c.edu.xmu.oomall.product.dao.activity.CouponActDao - objid->657302634882bc534d981832:Optional[CouponActPo(objectId=657302634882bc534d981832, couponTime=null, quantity=null, quantityType=null, validTerm=null, strategy={"value":50,"couponLimitation":{"value":10000,"className":"cn.edu.xmu.oomall.product.model.strategy.impl.PriceCouponLimitation"},"className":"cn.edu.xmu.oomall.product.model.strategy.impl.CheapestPercentageDiscount"})],po.objid:657302634882bc534d981832
2024-12-04 22:17:00.777 [main] DEBUG c.edu.xmu.oomall.product.dao.activity.CouponActDao - ---copy after getActivity: po = ActivityPo(id=97, creatorId=1, creatorName=admin, modifierId=null, modifierName=null, gmtCreate=2023-12-08T12:12:49, gmtModified=null, shopId=2, name=满100最便宜的打5折, objectId=657302634882bc534d981832, actClass=couponActDao, status=1)
2024-12-04 22:17:00.778 [main] INFO  c.edu.xmu.oomall.product.config.MongoCommandLogger - Command: find
2024-12-04 22:17:00.778 [main] INFO  c.edu.xmu.oomall.product.config.MongoCommandLogger - Connection Address: mongo3:27017
2024-12-04 22:17:00.825 [main] DEBUG c.edu.xmu.oomall.product.dao.activity.CouponActDao - ---getActivity: ret = Optional[CouponActPo(objectId=657302634882bc534d981832, couponTime=null, quantity=null, quantityType=null, validTerm=null, strategy={"value":50,"couponLimitation":{"value":10000,"className":"cn.edu.xmu.oomall.product.model.strategy.impl.PriceCouponLimitation"},"className":"cn.edu.xmu.oomall.product.model.strategy.impl.CheapestPercentageDiscount"})]
2024-12-04 22:17:00.827 [main] DEBUG c.edu.xmu.oomall.product.dao.activity.CouponActDao - ---getActivity: bo = CouponAct(super=Activity(super=OOMallObject(id=97, creatorId=1, creatorName=admin, modifierId=null, modifierName=null, gmtCreate=2023-12-08T12:12:49, gmtModified=null), shopId=2, name=满100最便宜的打5折, objectId=657302634882bc534d981832, actClass=couponActDao, status=1), couponTime=null, quantity=null, quantityType=null, validTerm=null, strategy=CheapestPercentageDiscount())
2024-12-04 22:17:00.827 [main] DEBUG cn.edu.xmu.javaee.core.aop.DaoAspect - doAround: obj = cn.edu.xmu.oomall.product.dao.activity.CouponActDao@6b38215c, method = getActivity
2024-12-04 22:17:00.827 [main] DEBUG c.edu.xmu.oomall.product.dao.activity.ActivityDao - build: bo = CouponAct(super=Activity(super=OOMallObject(id=97, creatorId=1, creatorName=admin, modifierId=null, modifierName=null, gmtCreate=2023-12-08T12:12:49, gmtModified=null), shopId=2, name=满100最便宜的打5折, objectId=657302634882bc534d981832, actClass=couponActDao, status=1), couponTime=null, quantity=null, quantityType=null, validTerm=null, strategy=CheapestPercentageDiscount())
2024-12-04 22:17:00.827 [main] DEBUG c.edu.xmu.oomall.product.dao.activity.ActivityDao - retrieveByShopIdAndProductId: bo = CouponAct(super=Activity(super=OOMallObject(id=97, creatorId=1, creatorName=admin, modifierId=null, modifierName=null, gmtCreate=2023-12-08T12:12:49, gmtModified=null), shopId=2, name=满100最便宜的打5折, objectId=657302634882bc534d981832, actClass=couponActDao, status=1), couponTime=null, quantity=null, quantityType=null, validTerm=null, strategy=CheapestPercentageDiscount())
2024-12-04 22:17:00.827 [main] DEBUG c.edu.xmu.oomall.product.dao.activity.ActivityDao - build: po = ActivityPo(id=101, creatorId=1, creatorName=admin, modifierId=null, modifierName=null, gmtCreate=2023-12-08T12:12:50, gmtModified=null, shopId=2, name=3件满100打9折, objectId=65730693e61c0b69ba4dc049, actClass=couponActDao, status=1)
2024-12-04 22:17:00.827 [main] DEBUG c.edu.xmu.oomall.product.dao.activity.CouponActDao - ---getActivity: po = ActivityPo(id=101, creatorId=1, creatorName=admin, modifierId=null, modifierName=null, gmtCreate=2023-12-08T12:12:50, gmtModified=null, shopId=2, name=3件满100打9折, objectId=65730693e61c0b69ba4dc049, actClass=couponActDao, status=1)
2024-12-04 22:17:00.828 [main] INFO  c.edu.xmu.oomall.product.config.MongoCommandLogger - Command: find
2024-12-04 22:17:00.828 [main] INFO  c.edu.xmu.oomall.product.config.MongoCommandLogger - Connection Address: mongo3:27017
2024-12-04 22:17:00.876 [main] DEBUG c.edu.xmu.oomall.product.dao.activity.CouponActDao - objid->657302634882bc534d981832:Optional[CouponActPo(objectId=657302634882bc534d981832, couponTime=null, quantity=null, quantityType=null, validTerm=null, strategy={"value":50,"couponLimitation":{"value":10000,"className":"cn.edu.xmu.oomall.product.model.strategy.impl.PriceCouponLimitation"},"className":"cn.edu.xmu.oomall.product.model.strategy.impl.CheapestPercentageDiscount"})],po.objid:65730693e61c0b69ba4dc049
2024-12-04 22:17:00.877 [main] DEBUG c.edu.xmu.oomall.product.dao.activity.CouponActDao - ---copy after getActivity: po = ActivityPo(id=101, creatorId=1, creatorName=admin, modifierId=null, modifierName=null, gmtCreate=2023-12-08T12:12:50, gmtModified=null, shopId=2, name=3件满100打9折, objectId=65730693e61c0b69ba4dc049, actClass=couponActDao, status=1)
2024-12-04 22:17:00.878 [main] INFO  c.edu.xmu.oomall.product.config.MongoCommandLogger - Command: find
2024-12-04 22:17:00.878 [main] INFO  c.edu.xmu.oomall.product.config.MongoCommandLogger - Connection Address: mongo3:27017
2024-12-04 22:17:00.926 [main] DEBUG c.edu.xmu.oomall.product.dao.activity.CouponActDao - ---getActivity: ret = Optional[CouponActPo(objectId=65730693e61c0b69ba4dc049, couponTime=null, quantity=100, quantityType=1, validTerm=0, strategy={"value":90,"couponLimitation":{"value":0,"className":"cn.edu.xmu.oomall.product.model.strategy.impl.ComplexCouponLimitation","couponLimitationList":[{"value":3,"className":"cn.edu.xmu.oomall.product.model.strategy.impl.AmountCouponLimitation"},{"value":10000,"className":"cn.edu.xmu.oomall.product.model.strategy.impl.PriceCouponLimitation"}]},"className":"cn.edu.xmu.oomall.product.model.strategy.impl.PercentageCouponDiscount"})]
2024-12-04 22:17:00.928 [main] DEBUG c.edu.xmu.oomall.product.dao.activity.CouponActDao - ---getActivity: bo = CouponAct(super=Activity(super=OOMallObject(id=101, creatorId=1, creatorName=admin, modifierId=null, modifierName=null, gmtCreate=2023-12-08T12:12:50, gmtModified=null), shopId=2, name=3件满100打9折, objectId=65730693e61c0b69ba4dc049, actClass=couponActDao, status=1), couponTime=null, quantity=100, quantityType=1, validTerm=0, strategy=PercentageCouponDiscount())
2024-12-04 22:17:00.929 [main] DEBUG cn.edu.xmu.javaee.core.aop.DaoAspect - doAround: obj = cn.edu.xmu.oomall.product.dao.activity.CouponActDao@6b38215c, method = getActivity
2024-12-04 22:17:00.929 [main] DEBUG c.edu.xmu.oomall.product.dao.activity.ActivityDao - build: bo = CouponAct(super=Activity(super=OOMallObject(id=101, creatorId=1, creatorName=admin, modifierId=null, modifierName=null, gmtCreate=2023-12-08T12:12:50, gmtModified=null), shopId=2, name=3件满100打9折, objectId=65730693e61c0b69ba4dc049, actClass=couponActDao, status=1), couponTime=null, quantity=100, quantityType=1, validTerm=0, strategy=PercentageCouponDiscount())
2024-12-04 22:17:00.929 [main] DEBUG c.edu.xmu.oomall.product.dao.activity.ActivityDao - retrieveByShopIdAndProductId: bo = CouponAct(super=Activity(super=OOMallObject(id=101, creatorId=1, creatorName=admin, modifierId=null, modifierName=null, gmtCreate=2023-12-08T12:12:50, gmtModified=null), shopId=2, name=3件满100打9折, objectId=65730693e61c0b69ba4dc049, actClass=couponActDao, status=1), couponTime=null, quantity=100, quantityType=1, validTerm=0, strategy=PercentageCouponDiscount())
2024-12-04 22:17:00.929 [main] DEBUG c.edu.xmu.oomall.product.dao.activity.ActivityDao - build: po = ActivityPo(id=102, creatorId=1, creatorName=admin, modifierId=null, modifierName=null, gmtCreate=2023-12-10T03:35:31, gmtModified=null, shopId=2, name=跨2类满3件最便宜打5折, objectId=65753185d153284bc1b64e6f, actClass=couponActDao, status=0)
2024-12-04 22:17:00.929 [main] DEBUG c.edu.xmu.oomall.product.dao.activity.CouponActDao - ---getActivity: po = ActivityPo(id=102, creatorId=1, creatorName=admin, modifierId=null, modifierName=null, gmtCreate=2023-12-10T03:35:31, gmtModified=null, shopId=2, name=跨2类满3件最便宜打5折, objectId=65753185d153284bc1b64e6f, actClass=couponActDao, status=0)
2024-12-04 22:17:00.931 [main] INFO  c.edu.xmu.oomall.product.config.MongoCommandLogger - Command: find
2024-12-04 22:17:00.931 [main] INFO  c.edu.xmu.oomall.product.config.MongoCommandLogger - Connection Address: mongo3:27017
2024-12-04 22:17:00.979 [main] DEBUG c.edu.xmu.oomall.product.dao.activity.CouponActDao - objid->657302634882bc534d981832:Optional[CouponActPo(objectId=657302634882bc534d981832, couponTime=null, quantity=null, quantityType=null, validTerm=null, strategy={"value":50,"couponLimitation":{"value":10000,"className":"cn.edu.xmu.oomall.product.model.strategy.impl.PriceCouponLimitation"},"className":"cn.edu.xmu.oomall.product.model.strategy.impl.CheapestPercentageDiscount"})],po.objid:65753185d153284bc1b64e6f
2024-12-04 22:17:00.979 [main] DEBUG c.edu.xmu.oomall.product.dao.activity.CouponActDao - ---copy after getActivity: po = ActivityPo(id=102, creatorId=1, creatorName=admin, modifierId=null, modifierName=null, gmtCreate=2023-12-10T03:35:31, gmtModified=null, shopId=2, name=跨2类满3件最便宜打5折, objectId=65753185d153284bc1b64e6f, actClass=couponActDao, status=0)
2024-12-04 22:17:00.980 [main] INFO  c.edu.xmu.oomall.product.config.MongoCommandLogger - Command: find
2024-12-04 22:17:00.980 [main] INFO  c.edu.xmu.oomall.product.config.MongoCommandLogger - Connection Address: mongo3:27017
2024-12-04 22:17:01.030 [main] DEBUG c.edu.xmu.oomall.product.dao.activity.CouponActDao - ---getActivity: ret = Optional[CouponActPo(objectId=65753185d153284bc1b64e6f, couponTime=null, quantity=null, quantityType=null, validTerm=null, strategy={"value":50,"couponLimitation":{"value":0,"className":"cn.edu.xmu.oomall.product.model.strategy.impl.ComplexCouponLimitation","couponLimitationList":[{"value":3,"className":"cn.edu.xmu.oomall.product.model.strategy.impl.AmountCouponLimitation"},{"value":2,"className":"cn.edu.xmu.oomall.product.model.strategy.impl.CrossCategoryLimitation"}]},"className":"cn.edu.xmu.oomall.product.model.strategy.impl.CheapestPercentageDiscount"})]
2024-12-04 22:17:01.033 [main] DEBUG c.edu.xmu.oomall.product.dao.activity.CouponActDao - ---getActivity: bo = CouponAct(super=Activity(super=OOMallObject(id=102, creatorId=1, creatorName=admin, modifierId=null, modifierName=null, gmtCreate=2023-12-10T03:35:31, gmtModified=null), shopId=2, name=跨2类满3件最便宜打5折, objectId=65753185d153284bc1b64e6f, actClass=couponActDao, status=0), couponTime=null, quantity=null, quantityType=null, validTerm=null, strategy=CheapestPercentageDiscount())
2024-12-04 22:17:01.033 [main] DEBUG cn.edu.xmu.javaee.core.aop.DaoAspect - doAround: obj = cn.edu.xmu.oomall.product.dao.activity.CouponActDao@6b38215c, method = getActivity
2024-12-04 22:17:01.033 [main] DEBUG c.edu.xmu.oomall.product.dao.activity.ActivityDao - build: bo = CouponAct(super=Activity(super=OOMallObject(id=102, creatorId=1, creatorName=admin, modifierId=null, modifierName=null, gmtCreate=2023-12-10T03:35:31, gmtModified=null), shopId=2, name=跨2类满3件最便宜打5折, objectId=65753185d153284bc1b64e6f, actClass=couponActDao, status=0), couponTime=null, quantity=null, quantityType=null, validTerm=null, strategy=CheapestPercentageDiscount())
2024-12-04 22:17:01.039 [main] DEBUG c.edu.xmu.oomall.product.dao.activity.ActivityDao - retrieveByShopIdAndProductId: bo = CouponAct(super=Activity(super=OOMallObject(id=102, creatorId=1, creatorName=admin, modifierId=null, modifierName=null, gmtCreate=2023-12-10T03:35:31, gmtModified=null), shopId=2, name=跨2类满3件最便宜打5折, objectId=65753185d153284bc1b64e6f, actClass=couponActDao, status=0), couponTime=null, quantity=null, quantityType=null, validTerm=null, strategy=CheapestPercentageDiscount())
2024-12-04 22:17:01.039 [main] DEBUG c.edu.xmu.oomall.product.dao.activity.ActivityDao - retrieveByShopIdAndProductId: actList_size = 6
2024-12-04 22:17:01.039 [main] DEBUG cn.edu.xmu.javaee.core.aop.DaoAspect - doAround: obj = cn.edu.xmu.oomall.product.dao.activity.ActivityDao@4401f272, method = retrieveByShopIdAndProductId
2024-12-04 22:17:01.040 [main] DEBUG cn.edu.xmu.javaee.core.aop.ControllerAspect - doAround: jp = getCouponactivity, code = OK
]]></system-out>
  </testcase>
  <testcase name="putCouponActProductTest1" classname="cn.edu.xmu.oomall.product.controller.ShopCouponActControllerTest" time="0.46">
    <system-out><![CDATA[2024-12-04 22:17:01.189 [main] DEBUG cn.edu.xmu.javaee.core.aop.ControllerAspect - doAround: method = putCouponActProduct, paramNames = [shopId, id, couponActDto, modifier]
2024-12-04 22:17:01.190 [main] DEBUG cn.edu.xmu.javaee.core.aop.ControllerAspect - checkPageTimeLimit: paramNames[0] = shopId
2024-12-04 22:17:01.190 [main] DEBUG cn.edu.xmu.javaee.core.aop.ControllerAspect - checkPageTimeLimit: paramNames[1] = id
2024-12-04 22:17:01.190 [main] DEBUG cn.edu.xmu.javaee.core.aop.ControllerAspect - checkPageTimeLimit: paramNames[2] = couponActDto
2024-12-04 22:17:01.190 [main] DEBUG cn.edu.xmu.javaee.core.aop.ControllerAspect - checkPageTimeLimit: paramNames[3] = modifier
2024-12-04 22:17:01.190 [main] DEBUG cn.edu.xmu.javaee.core.aop.AuditAspect - decryptToken : token = UserToken(userId=1, userName=13088admin, departId=0, expireTime=Wed Dec 04 23:16:49 CST 2024, userLevel=1)
2024-12-04 22:17:01.190 [main] DEBUG cn.edu.xmu.javaee.core.aop.AuditAspect - checkDepartId : the api path is /shops/2/couponactivities/101
2024-12-04 22:17:01.190 [main] DEBUG cn.edu.xmu.javaee.core.aop.AuditAspect - checkDepartId: getPathInfo = /shops/2/couponactivities/101
2024-12-04 22:17:01.190 [main] DEBUG c.e.x.o.product.controller.ShopCouponActController - put: bo = CouponAct(super=Activity(super=OOMallObject(id=null, creatorId=null, creatorName=null, modifierId=null, modifierName=null, gmtCreate=null, gmtModified=null), shopId=null, name=test, objectId=null, actClass=couponActDao, status=null), couponTime=null, quantity=100, quantityType=1, validTerm=0, strategy=PriceCouponDiscount())
2024-12-04 22:17:01.239 [main] DEBUG c.edu.xmu.oomall.product.dao.activity.ActivityDao - build: po = ActivityPo(id=101, creatorId=1, creatorName=admin, modifierId=null, modifierName=null, gmtCreate=2023-12-08T12:12:50, gmtModified=null, shopId=2, name=3件满100打9折, objectId=65730693e61c0b69ba4dc049, actClass=couponActDao, status=1)
2024-12-04 22:17:01.239 [main] DEBUG c.edu.xmu.oomall.product.dao.activity.CouponActDao - ---getActivity: po = ActivityPo(id=101, creatorId=1, creatorName=admin, modifierId=null, modifierName=null, gmtCreate=2023-12-08T12:12:50, gmtModified=null, shopId=2, name=3件满100打9折, objectId=65730693e61c0b69ba4dc049, actClass=couponActDao, status=1)
2024-12-04 22:17:01.241 [main] INFO  c.edu.xmu.oomall.product.config.MongoCommandLogger - Command: find
2024-12-04 22:17:01.241 [main] INFO  c.edu.xmu.oomall.product.config.MongoCommandLogger - Connection Address: mongo3:27017
2024-12-04 22:17:01.289 [main] DEBUG c.edu.xmu.oomall.product.dao.activity.CouponActDao - objid->657302634882bc534d981832:Optional[CouponActPo(objectId=657302634882bc534d981832, couponTime=null, quantity=null, quantityType=null, validTerm=null, strategy={"value":50,"couponLimitation":{"value":10000,"className":"cn.edu.xmu.oomall.product.model.strategy.impl.PriceCouponLimitation"},"className":"cn.edu.xmu.oomall.product.model.strategy.impl.CheapestPercentageDiscount"})],po.objid:65730693e61c0b69ba4dc049
2024-12-04 22:17:01.289 [main] DEBUG c.edu.xmu.oomall.product.dao.activity.CouponActDao - ---copy after getActivity: po = ActivityPo(id=101, creatorId=1, creatorName=admin, modifierId=null, modifierName=null, gmtCreate=2023-12-08T12:12:50, gmtModified=null, shopId=2, name=3件满100打9折, objectId=65730693e61c0b69ba4dc049, actClass=couponActDao, status=1)
2024-12-04 22:17:01.290 [main] INFO  c.edu.xmu.oomall.product.config.MongoCommandLogger - Command: find
2024-12-04 22:17:01.290 [main] INFO  c.edu.xmu.oomall.product.config.MongoCommandLogger - Connection Address: mongo3:27017
2024-12-04 22:17:01.339 [main] DEBUG c.edu.xmu.oomall.product.dao.activity.CouponActDao - ---getActivity: ret = Optional[CouponActPo(objectId=65730693e61c0b69ba4dc049, couponTime=null, quantity=100, quantityType=1, validTerm=0, strategy={"value":90,"couponLimitation":{"value":0,"className":"cn.edu.xmu.oomall.product.model.strategy.impl.ComplexCouponLimitation","couponLimitationList":[{"value":3,"className":"cn.edu.xmu.oomall.product.model.strategy.impl.AmountCouponLimitation"},{"value":10000,"className":"cn.edu.xmu.oomall.product.model.strategy.impl.PriceCouponLimitation"}]},"className":"cn.edu.xmu.oomall.product.model.strategy.impl.PercentageCouponDiscount"})]
2024-12-04 22:17:01.343 [main] DEBUG c.edu.xmu.oomall.product.dao.activity.CouponActDao - ---getActivity: bo = CouponAct(super=Activity(super=OOMallObject(id=101, creatorId=1, creatorName=admin, modifierId=null, modifierName=null, gmtCreate=2023-12-08T12:12:50, gmtModified=null), shopId=2, name=3件满100打9折, objectId=65730693e61c0b69ba4dc049, actClass=couponActDao, status=1), couponTime=null, quantity=100, quantityType=1, validTerm=0, strategy=PercentageCouponDiscount())
2024-12-04 22:17:01.343 [main] DEBUG cn.edu.xmu.javaee.core.aop.DaoAspect - doAround: obj = cn.edu.xmu.oomall.product.dao.activity.CouponActDao@6b38215c, method = getActivity
2024-12-04 22:17:01.343 [main] DEBUG c.edu.xmu.oomall.product.dao.activity.ActivityDao - build: bo = CouponAct(super=Activity(super=OOMallObject(id=101, creatorId=1, creatorName=admin, modifierId=null, modifierName=null, gmtCreate=2023-12-08T12:12:50, gmtModified=null), shopId=2, name=3件满100打9折, objectId=65730693e61c0b69ba4dc049, actClass=couponActDao, status=1), couponTime=null, quantity=100, quantityType=1, validTerm=0, strategy=PercentageCouponDiscount())
2024-12-04 22:17:01.343 [main] DEBUG cn.edu.xmu.javaee.core.aop.DaoAspect - doAround: obj = cn.edu.xmu.oomall.product.dao.activity.ActivityDao@4401f272, method = findById
2024-12-04 22:17:01.344 [main] DEBUG c.e.x.j.core.jpa.SelectiveUpdateJpaRepositoryImpl - save: update obj
2024-12-04 22:17:01.344 [main] DEBUG c.e.x.j.core.jpa.SelectiveUpdateJpaRepositoryImpl - getSql : className = cn.edu.xmu.oomall.product.mapper.po.ActivityPo
2024-12-04 22:17:01.344 [main] DEBUG c.e.x.j.core.jpa.SelectiveUpdateJpaRepositoryImpl - getSql : table = goods_activity
2024-12-04 22:17:01.344 [main] DEBUG c.e.x.j.core.jpa.SelectiveUpdateJpaRepositoryImpl - getValueByPropertyName : method = getId
2024-12-04 22:17:01.344 [main] DEBUG c.e.x.j.core.jpa.SelectiveUpdateJpaRepositoryImpl - getSql : pp = private java.lang.Long cn.edu.xmu.oomall.product.mapper.po.ActivityPo.id, object  = 101
2024-12-04 22:17:01.344 [main] DEBUG c.e.x.j.core.jpa.SelectiveUpdateJpaRepositoryImpl - getSql : columns = id
2024-12-04 22:17:01.344 [main] DEBUG c.e.x.j.core.jpa.SelectiveUpdateJpaRepositoryImpl - getValueByPropertyName : method = getCreatorId
2024-12-04 22:17:01.344 [main] DEBUG c.e.x.j.core.jpa.SelectiveUpdateJpaRepositoryImpl - getSql : pp = private java.lang.Long cn.edu.xmu.oomall.product.mapper.po.ActivityPo.creatorId, object  = null
2024-12-04 22:17:01.344 [main] DEBUG c.e.x.j.core.jpa.SelectiveUpdateJpaRepositoryImpl - getSql : columns = creator_id
2024-12-04 22:17:01.344 [main] DEBUG c.e.x.j.core.jpa.SelectiveUpdateJpaRepositoryImpl - getValueByPropertyName : method = getCreatorName
2024-12-04 22:17:01.344 [main] DEBUG c.e.x.j.core.jpa.SelectiveUpdateJpaRepositoryImpl - getSql : pp = private java.lang.String cn.edu.xmu.oomall.product.mapper.po.ActivityPo.creatorName, object  = null
2024-12-04 22:17:01.344 [main] DEBUG c.e.x.j.core.jpa.SelectiveUpdateJpaRepositoryImpl - getSql : columns = creator_name
2024-12-04 22:17:01.344 [main] DEBUG c.e.x.j.core.jpa.SelectiveUpdateJpaRepositoryImpl - getValueByPropertyName : method = getModifierId
2024-12-04 22:17:01.344 [main] DEBUG c.e.x.j.core.jpa.SelectiveUpdateJpaRepositoryImpl - getSql : pp = private java.lang.Long cn.edu.xmu.oomall.product.mapper.po.ActivityPo.modifierId, object  = 1
2024-12-04 22:17:01.344 [main] DEBUG c.e.x.j.core.jpa.SelectiveUpdateJpaRepositoryImpl - getSql : columns = modifier_id
2024-12-04 22:17:01.344 [main] DEBUG c.e.x.j.core.jpa.SelectiveUpdateJpaRepositoryImpl - getValueByPropertyName : method = getModifierName
2024-12-04 22:17:01.344 [main] DEBUG c.e.x.j.core.jpa.SelectiveUpdateJpaRepositoryImpl - getSql : pp = private java.lang.String cn.edu.xmu.oomall.product.mapper.po.ActivityPo.modifierName, object  = 13088admin
2024-12-04 22:17:01.344 [main] DEBUG c.e.x.j.core.jpa.SelectiveUpdateJpaRepositoryImpl - getSql : columns = modifier_name
2024-12-04 22:17:01.344 [main] DEBUG c.e.x.j.core.jpa.SelectiveUpdateJpaRepositoryImpl - getValueByPropertyName : method = getGmtCreate
2024-12-04 22:17:01.344 [main] DEBUG c.e.x.j.core.jpa.SelectiveUpdateJpaRepositoryImpl - getSql : pp = private java.time.LocalDateTime cn.edu.xmu.oomall.product.mapper.po.ActivityPo.gmtCreate, object  = null
2024-12-04 22:17:01.344 [main] DEBUG c.e.x.j.core.jpa.SelectiveUpdateJpaRepositoryImpl - getSql : columns = gmt_create
2024-12-04 22:17:01.344 [main] DEBUG c.e.x.j.core.jpa.SelectiveUpdateJpaRepositoryImpl - getValueByPropertyName : method = getGmtModified
2024-12-04 22:17:01.344 [main] DEBUG c.e.x.j.core.jpa.SelectiveUpdateJpaRepositoryImpl - getSql : pp = private java.time.LocalDateTime cn.edu.xmu.oomall.product.mapper.po.ActivityPo.gmtModified, object  = 2024-12-04T22:17:01.343124400
2024-12-04 22:17:01.344 [main] DEBUG c.e.x.j.core.jpa.SelectiveUpdateJpaRepositoryImpl - getSql : columns = gmt_modified
2024-12-04 22:17:01.344 [main] DEBUG c.e.x.j.core.jpa.SelectiveUpdateJpaRepositoryImpl - getValueByPropertyName : method = getShopId
2024-12-04 22:17:01.344 [main] DEBUG c.e.x.j.core.jpa.SelectiveUpdateJpaRepositoryImpl - getSql : pp = private java.lang.Long cn.edu.xmu.oomall.product.mapper.po.ActivityPo.shopId, object  = null
2024-12-04 22:17:01.344 [main] DEBUG c.e.x.j.core.jpa.SelectiveUpdateJpaRepositoryImpl - getSql : columns = shop_id
2024-12-04 22:17:01.344 [main] DEBUG c.e.x.j.core.jpa.SelectiveUpdateJpaRepositoryImpl - getValueByPropertyName : method = getName
2024-12-04 22:17:01.344 [main] DEBUG c.e.x.j.core.jpa.SelectiveUpdateJpaRepositoryImpl - getSql : pp = private java.lang.String cn.edu.xmu.oomall.product.mapper.po.ActivityPo.name, object  = test
2024-12-04 22:17:01.344 [main] DEBUG c.e.x.j.core.jpa.SelectiveUpdateJpaRepositoryImpl - getSql : columns = name
2024-12-04 22:17:01.344 [main] DEBUG c.e.x.j.core.jpa.SelectiveUpdateJpaRepositoryImpl - getValueByPropertyName : method = getObjectId
2024-12-04 22:17:01.344 [main] DEBUG c.e.x.j.core.jpa.SelectiveUpdateJpaRepositoryImpl - getSql : pp = private java.lang.String cn.edu.xmu.oomall.product.mapper.po.ActivityPo.objectId, object  = 65730693e61c0b69ba4dc049
2024-12-04 22:17:01.344 [main] DEBUG c.e.x.j.core.jpa.SelectiveUpdateJpaRepositoryImpl - getSql : columns = object_id
2024-12-04 22:17:01.344 [main] DEBUG c.e.x.j.core.jpa.SelectiveUpdateJpaRepositoryImpl - getValueByPropertyName : method = getActClass
2024-12-04 22:17:01.344 [main] DEBUG c.e.x.j.core.jpa.SelectiveUpdateJpaRepositoryImpl - getSql : pp = private java.lang.String cn.edu.xmu.oomall.product.mapper.po.ActivityPo.actClass, object  = couponActDao
2024-12-04 22:17:01.344 [main] DEBUG c.e.x.j.core.jpa.SelectiveUpdateJpaRepositoryImpl - getSql : columns = act_class
2024-12-04 22:17:01.344 [main] DEBUG c.e.x.j.core.jpa.SelectiveUpdateJpaRepositoryImpl - getValueByPropertyName : method = getStatus
2024-12-04 22:17:01.344 [main] DEBUG c.e.x.j.core.jpa.SelectiveUpdateJpaRepositoryImpl - getSql : pp = private java.lang.Byte cn.edu.xmu.oomall.product.mapper.po.ActivityPo.status, object  = null
2024-12-04 22:17:01.344 [main] DEBUG c.e.x.j.core.jpa.SelectiveUpdateJpaRepositoryImpl - getSql : columns = status
2024-12-04 22:17:01.344 [main] DEBUG c.e.x.j.core.jpa.SelectiveUpdateJpaRepositoryImpl - getSql : sql = update goods_activity set modifier_id = 1, modifier_name = '13088admin', gmt_modified = '2024-12-04T22:17:01.343124400', name = 'test', object_id = '65730693e61c0b69ba4dc049', act_class = 'couponActDao' where id = 101;
2024-12-04 22:17:01.392 [main] DEBUG c.edu.xmu.oomall.product.dao.activity.ActivityDao - save:saved po = ActivityPo(id=101, creatorId=null, creatorName=null, modifierId=1, modifierName=13088admin, gmtCreate=null, gmtModified=2024-12-04T22:17:01.343124400, shopId=null, name=test, objectId=65730693e61c0b69ba4dc049, actClass=couponActDao, status=null)
2024-12-04 22:17:01.393 [main] INFO  c.edu.xmu.oomall.product.config.MongoCommandLogger - Command: find
2024-12-04 22:17:01.393 [main] INFO  c.edu.xmu.oomall.product.config.MongoCommandLogger - Connection Address: mongo3:27017
2024-12-04 22:17:01.450 [main] INFO  c.edu.xmu.oomall.product.config.MongoCommandLogger - Command: update
2024-12-04 22:17:01.450 [main] INFO  c.edu.xmu.oomall.product.config.MongoCommandLogger - Connection Address: mongo3:27017
2024-12-04 22:17:01.498 [main] DEBUG cn.edu.xmu.javaee.core.aop.DaoAspect - doAround: obj = cn.edu.xmu.oomall.product.dao.activity.CouponActDao@6b38215c, method = save
2024-12-04 22:17:01.499 [main] DEBUG c.edu.xmu.oomall.product.dao.activity.ActivityDao - save:saved bo = CouponAct(super=Activity(super=OOMallObject(id=101, creatorId=null, creatorName=null, modifierId=1, modifierName=13088admin, gmtCreate=null, gmtModified=2024-12-04T22:17:01.343124400), shopId=null, name=test, objectId=65730693e61c0b69ba4dc049, actClass=couponActDao, status=null), couponTime=null, quantity=100, quantityType=1, validTerm=0, strategy=PriceCouponDiscount())
2024-12-04 22:17:01.499 [main] DEBUG cn.edu.xmu.javaee.core.aop.DaoAspect - doAround: obj = cn.edu.xmu.oomall.product.dao.activity.ActivityDao@4401f272, method = save
2024-12-04 22:17:01.499 [main] DEBUG cn.edu.xmu.javaee.core.aop.ControllerAspect - doAround: jp = putCouponActProduct, code = OK
2024-12-04 22:17:01.577 [cluster-ClusterId{value='6750645306b2de2102d0963e', description='null'}-mongo2:27017] INFO  org.mongodb.driver.cluster - Exception in monitor thread while connecting to server mongo2:27017
com.mongodb.MongoSocketOpenException: Exception opening socket
	at com.mongodb.internal.connection.SocketStream.lambda$open$0(SocketStream.java:86)
	at java.base/java.util.Optional.orElseThrow(Optional.java:403)
	at com.mongodb.internal.connection.SocketStream.open(SocketStream.java:86)
	at com.mongodb.internal.connection.InternalStreamConnection.open(InternalStreamConnection.java:201)
	at com.mongodb.internal.connection.DefaultServerMonitor$ServerMonitorRunnable.lookupServerDescription(DefaultServerMonitor.java:193)
	at com.mongodb.internal.connection.DefaultServerMonitor$ServerMonitorRunnable.run(DefaultServerMonitor.java:153)
	at java.base/java.lang.Thread.run(Thread.java:842)
Caused by: java.net.SocketTimeoutException: Connect timed out
	at java.base/sun.nio.ch.NioSocketImpl.timedFinishConnect(NioSocketImpl.java:551)
	at java.base/sun.nio.ch.NioSocketImpl.connect(NioSocketImpl.java:602)
	at java.base/java.net.SocksSocketImpl.connect(SocksSocketImpl.java:327)
	at java.base/java.net.Socket.connect(Socket.java:633)
	at com.mongodb.internal.connection.SocketStreamHelper.initialize(SocketStreamHelper.java:76)
	at com.mongodb.internal.connection.SocketStream.initializeSocket(SocketStream.java:105)
	at com.mongodb.internal.connection.SocketStream.open(SocketStream.java:80)
	... 4 common frames omitted
]]></system-out>
  </testcase>
  <testcase name="putCouponActProductTest2" classname="cn.edu.xmu.oomall.product.controller.ShopCouponActControllerTest" time="0.191">
    <system-out><![CDATA[2024-12-04 22:17:01.645 [main] DEBUG cn.edu.xmu.javaee.core.aop.ControllerAspect - doAround: method = putCouponActProduct, paramNames = [shopId, id, couponActDto, modifier]
2024-12-04 22:17:01.645 [main] DEBUG cn.edu.xmu.javaee.core.aop.ControllerAspect - checkPageTimeLimit: paramNames[0] = shopId
2024-12-04 22:17:01.645 [main] DEBUG cn.edu.xmu.javaee.core.aop.ControllerAspect - checkPageTimeLimit: paramNames[1] = id
2024-12-04 22:17:01.645 [main] DEBUG cn.edu.xmu.javaee.core.aop.ControllerAspect - checkPageTimeLimit: paramNames[2] = couponActDto
2024-12-04 22:17:01.645 [main] DEBUG cn.edu.xmu.javaee.core.aop.ControllerAspect - checkPageTimeLimit: paramNames[3] = modifier
2024-12-04 22:17:01.646 [main] DEBUG cn.edu.xmu.javaee.core.aop.AuditAspect - decryptToken : token = UserToken(userId=1, userName=13088admin, departId=0, expireTime=Wed Dec 04 23:16:49 CST 2024, userLevel=1)
2024-12-04 22:17:01.646 [main] DEBUG cn.edu.xmu.javaee.core.aop.AuditAspect - checkDepartId : the api path is /shops/2/couponactivities/110
2024-12-04 22:17:01.646 [main] DEBUG cn.edu.xmu.javaee.core.aop.AuditAspect - checkDepartId: getPathInfo = /shops/2/couponactivities/110
2024-12-04 22:17:01.646 [main] DEBUG c.e.x.o.product.controller.ShopCouponActController - put: bo = CouponAct(super=Activity(super=OOMallObject(id=null, creatorId=null, creatorName=null, modifierId=null, modifierName=null, gmtCreate=null, gmtModified=null), shopId=null, name=test, objectId=null, actClass=couponActDao, status=null), couponTime=null, quantity=100, quantityType=1, validTerm=0, strategy=null)
2024-12-04 22:17:01.693 [main] INFO  cn.edu.xmu.javaee.core.aop.ControllerAspect - doAround: BusinessException， errno = RESOURCE_ID_NOTEXIST
2024-12-04 22:17:01.693 [main] DEBUG cn.edu.xmu.javaee.core.aop.ControllerAspect - doAround: jp = putCouponActProduct, code = RESOURCE_ID_NOTEXIST
2024-12-04 22:17:01.733 [cluster-ClusterId{value='6750645306b2de2102d0963e', description='null'}-mongo1:27017] INFO  org.mongodb.driver.cluster - Rediscovering type of existing primary mongo3:27017
2024-12-04 22:17:01.734 [cluster-ClusterId{value='6750645306b2de2102d0963e', description='null'}-mongo1:27017] INFO  org.mongodb.driver.cluster - Discovered replica set primary mongo1:27017 with max election id 7fffffff00000000000000f7 and max set version 1
]]></system-out>
  </testcase>
  <testcase name="publishCouponActTest1" classname="cn.edu.xmu.oomall.product.controller.ShopCouponActControllerTest" time="0.51">
    <system-out><![CDATA[2024-12-04 22:17:01.840 [main] DEBUG cn.edu.xmu.javaee.core.aop.ControllerAspect - doAround: method = publishCouponAct, paramNames = [shopId, id, userDto]
2024-12-04 22:17:01.840 [main] DEBUG cn.edu.xmu.javaee.core.aop.ControllerAspect - checkPageTimeLimit: paramNames[0] = shopId
2024-12-04 22:17:01.840 [main] DEBUG cn.edu.xmu.javaee.core.aop.ControllerAspect - checkPageTimeLimit: paramNames[1] = id
2024-12-04 22:17:01.840 [main] DEBUG cn.edu.xmu.javaee.core.aop.ControllerAspect - checkPageTimeLimit: paramNames[2] = userDto
2024-12-04 22:17:01.841 [main] DEBUG cn.edu.xmu.javaee.core.aop.AuditAspect - decryptToken : token = UserToken(userId=1, userName=13088admin, departId=0, expireTime=Wed Dec 04 23:16:49 CST 2024, userLevel=1)
2024-12-04 22:17:01.841 [main] DEBUG cn.edu.xmu.javaee.core.aop.AuditAspect - checkDepartId : the api path is /shops/0/couponactivities/102/publish
2024-12-04 22:17:01.841 [main] DEBUG cn.edu.xmu.javaee.core.aop.AuditAspect - checkDepartId: getPathInfo = /shops/0/couponactivities/102/publish
2024-12-04 22:17:01.893 [main] DEBUG c.edu.xmu.oomall.product.dao.activity.ActivityDao - build: po = ActivityPo(id=102, creatorId=1, creatorName=admin, modifierId=null, modifierName=null, gmtCreate=2023-12-10T03:35:31, gmtModified=null, shopId=2, name=跨2类满3件最便宜打5折, objectId=65753185d153284bc1b64e6f, actClass=couponActDao, status=0)
2024-12-04 22:17:01.893 [main] DEBUG c.edu.xmu.oomall.product.dao.activity.CouponActDao - ---getActivity: po = ActivityPo(id=102, creatorId=1, creatorName=admin, modifierId=null, modifierName=null, gmtCreate=2023-12-10T03:35:31, gmtModified=null, shopId=2, name=跨2类满3件最便宜打5折, objectId=65753185d153284bc1b64e6f, actClass=couponActDao, status=0)
2024-12-04 22:17:02.048 [main] INFO  c.edu.xmu.oomall.product.config.MongoCommandLogger - Command: find
2024-12-04 22:17:02.048 [main] INFO  c.edu.xmu.oomall.product.config.MongoCommandLogger - Connection Address: mongo1:27017
2024-12-04 22:17:02.099 [main] DEBUG c.edu.xmu.oomall.product.dao.activity.CouponActDao - objid->657302634882bc534d981832:Optional[CouponActPo(objectId=657302634882bc534d981832, couponTime=null, quantity=null, quantityType=null, validTerm=null, strategy={"value":50,"couponLimitation":{"value":10000,"className":"cn.edu.xmu.oomall.product.model.strategy.impl.PriceCouponLimitation"},"className":"cn.edu.xmu.oomall.product.model.strategy.impl.CheapestPercentageDiscount"})],po.objid:65753185d153284bc1b64e6f
2024-12-04 22:17:02.099 [main] DEBUG c.edu.xmu.oomall.product.dao.activity.CouponActDao - ---copy after getActivity: po = ActivityPo(id=102, creatorId=1, creatorName=admin, modifierId=null, modifierName=null, gmtCreate=2023-12-10T03:35:31, gmtModified=null, shopId=2, name=跨2类满3件最便宜打5折, objectId=65753185d153284bc1b64e6f, actClass=couponActDao, status=0)
2024-12-04 22:17:02.101 [main] INFO  c.edu.xmu.oomall.product.config.MongoCommandLogger - Command: find
2024-12-04 22:17:02.101 [main] INFO  c.edu.xmu.oomall.product.config.MongoCommandLogger - Connection Address: mongo1:27017
2024-12-04 22:17:02.150 [main] DEBUG c.edu.xmu.oomall.product.dao.activity.CouponActDao - ---getActivity: ret = Optional[CouponActPo(objectId=65753185d153284bc1b64e6f, couponTime=null, quantity=null, quantityType=null, validTerm=null, strategy={"value":50,"couponLimitation":{"value":0,"className":"cn.edu.xmu.oomall.product.model.strategy.impl.ComplexCouponLimitation","couponLimitationList":[{"value":3,"className":"cn.edu.xmu.oomall.product.model.strategy.impl.AmountCouponLimitation"},{"value":2,"className":"cn.edu.xmu.oomall.product.model.strategy.impl.CrossCategoryLimitation"}]},"className":"cn.edu.xmu.oomall.product.model.strategy.impl.CheapestPercentageDiscount"})]
2024-12-04 22:17:02.153 [main] DEBUG c.edu.xmu.oomall.product.dao.activity.CouponActDao - ---getActivity: bo = CouponAct(super=Activity(super=OOMallObject(id=102, creatorId=1, creatorName=admin, modifierId=null, modifierName=null, gmtCreate=2023-12-10T03:35:31, gmtModified=null), shopId=2, name=跨2类满3件最便宜打5折, objectId=65753185d153284bc1b64e6f, actClass=couponActDao, status=0), couponTime=null, quantity=null, quantityType=null, validTerm=null, strategy=CheapestPercentageDiscount())
2024-12-04 22:17:02.153 [main] DEBUG cn.edu.xmu.javaee.core.aop.DaoAspect - doAround: obj = cn.edu.xmu.oomall.product.dao.activity.CouponActDao@6b38215c, method = getActivity
2024-12-04 22:17:02.153 [main] DEBUG c.edu.xmu.oomall.product.dao.activity.ActivityDao - build: bo = CouponAct(super=Activity(super=OOMallObject(id=102, creatorId=1, creatorName=admin, modifierId=null, modifierName=null, gmtCreate=2023-12-10T03:35:31, gmtModified=null), shopId=2, name=跨2类满3件最便宜打5折, objectId=65753185d153284bc1b64e6f, actClass=couponActDao, status=0), couponTime=null, quantity=null, quantityType=null, validTerm=null, strategy=CheapestPercentageDiscount())
2024-12-04 22:17:02.153 [main] DEBUG cn.edu.xmu.javaee.core.aop.DaoAspect - doAround: obj = cn.edu.xmu.oomall.product.dao.activity.ActivityDao@4401f272, method = findById
2024-12-04 22:17:02.154 [main] DEBUG c.e.x.j.core.jpa.SelectiveUpdateJpaRepositoryImpl - save: update obj
2024-12-04 22:17:02.154 [main] DEBUG c.e.x.j.core.jpa.SelectiveUpdateJpaRepositoryImpl - getSql : className = cn.edu.xmu.oomall.product.mapper.po.ActivityPo
2024-12-04 22:17:02.154 [main] DEBUG c.e.x.j.core.jpa.SelectiveUpdateJpaRepositoryImpl - getSql : table = goods_activity
2024-12-04 22:17:02.154 [main] DEBUG c.e.x.j.core.jpa.SelectiveUpdateJpaRepositoryImpl - getValueByPropertyName : method = getId
2024-12-04 22:17:02.154 [main] DEBUG c.e.x.j.core.jpa.SelectiveUpdateJpaRepositoryImpl - getSql : pp = private java.lang.Long cn.edu.xmu.oomall.product.mapper.po.ActivityPo.id, object  = 102
2024-12-04 22:17:02.154 [main] DEBUG c.e.x.j.core.jpa.SelectiveUpdateJpaRepositoryImpl - getSql : columns = id
2024-12-04 22:17:02.154 [main] DEBUG c.e.x.j.core.jpa.SelectiveUpdateJpaRepositoryImpl - getValueByPropertyName : method = getCreatorId
2024-12-04 22:17:02.154 [main] DEBUG c.e.x.j.core.jpa.SelectiveUpdateJpaRepositoryImpl - getSql : pp = private java.lang.Long cn.edu.xmu.oomall.product.mapper.po.ActivityPo.creatorId, object  = null
2024-12-04 22:17:02.154 [main] DEBUG c.e.x.j.core.jpa.SelectiveUpdateJpaRepositoryImpl - getSql : columns = creator_id
2024-12-04 22:17:02.154 [main] DEBUG c.e.x.j.core.jpa.SelectiveUpdateJpaRepositoryImpl - getValueByPropertyName : method = getCreatorName
2024-12-04 22:17:02.154 [main] DEBUG c.e.x.j.core.jpa.SelectiveUpdateJpaRepositoryImpl - getSql : pp = private java.lang.String cn.edu.xmu.oomall.product.mapper.po.ActivityPo.creatorName, object  = null
2024-12-04 22:17:02.154 [main] DEBUG c.e.x.j.core.jpa.SelectiveUpdateJpaRepositoryImpl - getSql : columns = creator_name
2024-12-04 22:17:02.154 [main] DEBUG c.e.x.j.core.jpa.SelectiveUpdateJpaRepositoryImpl - getValueByPropertyName : method = getModifierId
2024-12-04 22:17:02.154 [main] DEBUG c.e.x.j.core.jpa.SelectiveUpdateJpaRepositoryImpl - getSql : pp = private java.lang.Long cn.edu.xmu.oomall.product.mapper.po.ActivityPo.modifierId, object  = 1
2024-12-04 22:17:02.154 [main] DEBUG c.e.x.j.core.jpa.SelectiveUpdateJpaRepositoryImpl - getSql : columns = modifier_id
2024-12-04 22:17:02.154 [main] DEBUG c.e.x.j.core.jpa.SelectiveUpdateJpaRepositoryImpl - getValueByPropertyName : method = getModifierName
2024-12-04 22:17:02.154 [main] DEBUG c.e.x.j.core.jpa.SelectiveUpdateJpaRepositoryImpl - getSql : pp = private java.lang.String cn.edu.xmu.oomall.product.mapper.po.ActivityPo.modifierName, object  = 13088admin
2024-12-04 22:17:02.154 [main] DEBUG c.e.x.j.core.jpa.SelectiveUpdateJpaRepositoryImpl - getSql : columns = modifier_name
2024-12-04 22:17:02.154 [main] DEBUG c.e.x.j.core.jpa.SelectiveUpdateJpaRepositoryImpl - getValueByPropertyName : method = getGmtCreate
2024-12-04 22:17:02.154 [main] DEBUG c.e.x.j.core.jpa.SelectiveUpdateJpaRepositoryImpl - getSql : pp = private java.time.LocalDateTime cn.edu.xmu.oomall.product.mapper.po.ActivityPo.gmtCreate, object  = null
2024-12-04 22:17:02.154 [main] DEBUG c.e.x.j.core.jpa.SelectiveUpdateJpaRepositoryImpl - getSql : columns = gmt_create
2024-12-04 22:17:02.154 [main] DEBUG c.e.x.j.core.jpa.SelectiveUpdateJpaRepositoryImpl - getValueByPropertyName : method = getGmtModified
2024-12-04 22:17:02.154 [main] DEBUG c.e.x.j.core.jpa.SelectiveUpdateJpaRepositoryImpl - getSql : pp = private java.time.LocalDateTime cn.edu.xmu.oomall.product.mapper.po.ActivityPo.gmtModified, object  = 2024-12-04T22:17:02.153506200
2024-12-04 22:17:02.154 [main] DEBUG c.e.x.j.core.jpa.SelectiveUpdateJpaRepositoryImpl - getSql : columns = gmt_modified
2024-12-04 22:17:02.154 [main] DEBUG c.e.x.j.core.jpa.SelectiveUpdateJpaRepositoryImpl - getValueByPropertyName : method = getShopId
2024-12-04 22:17:02.154 [main] DEBUG c.e.x.j.core.jpa.SelectiveUpdateJpaRepositoryImpl - getSql : pp = private java.lang.Long cn.edu.xmu.oomall.product.mapper.po.ActivityPo.shopId, object  = null
2024-12-04 22:17:02.154 [main] DEBUG c.e.x.j.core.jpa.SelectiveUpdateJpaRepositoryImpl - getSql : columns = shop_id
2024-12-04 22:17:02.154 [main] DEBUG c.e.x.j.core.jpa.SelectiveUpdateJpaRepositoryImpl - getValueByPropertyName : method = getName
2024-12-04 22:17:02.154 [main] DEBUG c.e.x.j.core.jpa.SelectiveUpdateJpaRepositoryImpl - getSql : pp = private java.lang.String cn.edu.xmu.oomall.product.mapper.po.ActivityPo.name, object  = null
2024-12-04 22:17:02.154 [main] DEBUG c.e.x.j.core.jpa.SelectiveUpdateJpaRepositoryImpl - getSql : columns = name
2024-12-04 22:17:02.154 [main] DEBUG c.e.x.j.core.jpa.SelectiveUpdateJpaRepositoryImpl - getValueByPropertyName : method = getObjectId
2024-12-04 22:17:02.154 [main] DEBUG c.e.x.j.core.jpa.SelectiveUpdateJpaRepositoryImpl - getSql : pp = private java.lang.String cn.edu.xmu.oomall.product.mapper.po.ActivityPo.objectId, object  = null
2024-12-04 22:17:02.154 [main] DEBUG c.e.x.j.core.jpa.SelectiveUpdateJpaRepositoryImpl - getSql : columns = object_id
2024-12-04 22:17:02.154 [main] DEBUG c.e.x.j.core.jpa.SelectiveUpdateJpaRepositoryImpl - getValueByPropertyName : method = getActClass
2024-12-04 22:17:02.154 [main] DEBUG c.e.x.j.core.jpa.SelectiveUpdateJpaRepositoryImpl - getSql : pp = private java.lang.String cn.edu.xmu.oomall.product.mapper.po.ActivityPo.actClass, object  = couponActDao
2024-12-04 22:17:02.154 [main] DEBUG c.e.x.j.core.jpa.SelectiveUpdateJpaRepositoryImpl - getSql : columns = act_class
2024-12-04 22:17:02.154 [main] DEBUG c.e.x.j.core.jpa.SelectiveUpdateJpaRepositoryImpl - getValueByPropertyName : method = getStatus
2024-12-04 22:17:02.154 [main] DEBUG c.e.x.j.core.jpa.SelectiveUpdateJpaRepositoryImpl - getSql : pp = private java.lang.Byte cn.edu.xmu.oomall.product.mapper.po.ActivityPo.status, object  = 1
2024-12-04 22:17:02.154 [main] DEBUG c.e.x.j.core.jpa.SelectiveUpdateJpaRepositoryImpl - getSql : columns = status
2024-12-04 22:17:02.154 [main] DEBUG c.e.x.j.core.jpa.SelectiveUpdateJpaRepositoryImpl - getSql : sql = update goods_activity set modifier_id = 1, modifier_name = '13088admin', gmt_modified = '2024-12-04T22:17:02.153506200', act_class = 'couponActDao', status = 1 where id = 102;
2024-12-04 22:17:02.201 [main] DEBUG c.edu.xmu.oomall.product.dao.activity.ActivityDao - save:saved po = ActivityPo(id=102, creatorId=null, creatorName=null, modifierId=1, modifierName=13088admin, gmtCreate=null, gmtModified=2024-12-04T22:17:02.153506200, shopId=null, name=null, objectId=null, actClass=couponActDao, status=1)
2024-12-04 22:17:02.201 [main] DEBUG c.edu.xmu.oomall.product.dao.activity.ActivityDao - save:saved bo = CouponAct(super=Activity(super=OOMallObject(id=102, creatorId=null, creatorName=null, modifierId=1, modifierName=13088admin, gmtCreate=null, gmtModified=2024-12-04T22:17:02.153506200), shopId=null, name=null, objectId=null, actClass=couponActDao, status=1), couponTime=null, quantity=null, quantityType=null, validTerm=null, strategy=null)
2024-12-04 22:17:02.201 [main] DEBUG cn.edu.xmu.javaee.core.aop.DaoAspect - doAround: obj = cn.edu.xmu.oomall.product.dao.activity.ActivityDao@4401f272, method = save
2024-12-04 22:17:02.202 [main] DEBUG cn.edu.xmu.javaee.core.aop.ControllerAspect - doAround: jp = publishCouponAct, code = OK
]]></system-out>
  </testcase>
  <testcase name="publishCouponActTest2" classname="cn.edu.xmu.oomall.product.controller.ShopCouponActControllerTest" time="0.099">
    <system-out><![CDATA[2024-12-04 22:17:02.348 [main] DEBUG cn.edu.xmu.javaee.core.aop.ControllerAspect - doAround: method = publishCouponAct, paramNames = [shopId, id, userDto]
2024-12-04 22:17:02.348 [main] DEBUG cn.edu.xmu.javaee.core.aop.ControllerAspect - checkPageTimeLimit: paramNames[0] = shopId
2024-12-04 22:17:02.348 [main] DEBUG cn.edu.xmu.javaee.core.aop.ControllerAspect - checkPageTimeLimit: paramNames[1] = id
2024-12-04 22:17:02.348 [main] DEBUG cn.edu.xmu.javaee.core.aop.ControllerAspect - checkPageTimeLimit: paramNames[2] = userDto
2024-12-04 22:17:02.349 [main] DEBUG cn.edu.xmu.javaee.core.aop.AuditAspect - decryptToken : token = UserToken(userId=1, userName=13088admin, departId=0, expireTime=Wed Dec 04 23:16:49 CST 2024, userLevel=1)
2024-12-04 22:17:02.349 [main] DEBUG cn.edu.xmu.javaee.core.aop.AuditAspect - checkDepartId : the api path is /shops/2/couponactivities/102/publish
2024-12-04 22:17:02.349 [main] DEBUG cn.edu.xmu.javaee.core.aop.AuditAspect - checkDepartId: getPathInfo = /shops/2/couponactivities/102/publish
2024-12-04 22:17:02.350 [main] INFO  cn.edu.xmu.javaee.core.aop.ControllerAspect - doAround: BusinessException， errno = RESOURCE_ID_OUTSCOPE
2024-12-04 22:17:02.350 [main] DEBUG cn.edu.xmu.javaee.core.aop.ControllerAspect - doAround: jp = publishCouponAct, code = RESOURCE_ID_OUTSCOPE
]]></system-out>
  </testcase>
  <testcase name="publishCouponActTest3" classname="cn.edu.xmu.oomall.product.controller.ShopCouponActControllerTest" time="0.321">
    <system-out><![CDATA[2024-12-04 22:17:02.448 [main] DEBUG cn.edu.xmu.javaee.core.aop.ControllerAspect - doAround: method = publishCouponAct, paramNames = [shopId, id, userDto]
2024-12-04 22:17:02.448 [main] DEBUG cn.edu.xmu.javaee.core.aop.ControllerAspect - checkPageTimeLimit: paramNames[0] = shopId
2024-12-04 22:17:02.448 [main] DEBUG cn.edu.xmu.javaee.core.aop.ControllerAspect - checkPageTimeLimit: paramNames[1] = id
2024-12-04 22:17:02.448 [main] DEBUG cn.edu.xmu.javaee.core.aop.ControllerAspect - checkPageTimeLimit: paramNames[2] = userDto
2024-12-04 22:17:02.449 [main] DEBUG cn.edu.xmu.javaee.core.aop.AuditAspect - decryptToken : token = UserToken(userId=1, userName=13088admin, departId=0, expireTime=Wed Dec 04 23:16:49 CST 2024, userLevel=1)
2024-12-04 22:17:02.449 [main] DEBUG cn.edu.xmu.javaee.core.aop.AuditAspect - checkDepartId : the api path is /shops/0/couponactivities/101/publish
2024-12-04 22:17:02.449 [main] DEBUG cn.edu.xmu.javaee.core.aop.AuditAspect - checkDepartId: getPathInfo = /shops/0/couponactivities/101/publish
2024-12-04 22:17:02.500 [main] DEBUG c.edu.xmu.oomall.product.dao.activity.ActivityDao - build: po = ActivityPo(id=101, creatorId=1, creatorName=admin, modifierId=null, modifierName=null, gmtCreate=2023-12-08T12:12:50, gmtModified=null, shopId=2, name=3件满100打9折, objectId=65730693e61c0b69ba4dc049, actClass=couponActDao, status=1)
2024-12-04 22:17:02.500 [main] DEBUG c.edu.xmu.oomall.product.dao.activity.CouponActDao - ---getActivity: po = ActivityPo(id=101, creatorId=1, creatorName=admin, modifierId=null, modifierName=null, gmtCreate=2023-12-08T12:12:50, gmtModified=null, shopId=2, name=3件满100打9折, objectId=65730693e61c0b69ba4dc049, actClass=couponActDao, status=1)
2024-12-04 22:17:02.501 [main] INFO  c.edu.xmu.oomall.product.config.MongoCommandLogger - Command: find
2024-12-04 22:17:02.501 [main] INFO  c.edu.xmu.oomall.product.config.MongoCommandLogger - Connection Address: mongo1:27017
2024-12-04 22:17:02.551 [main] DEBUG c.edu.xmu.oomall.product.dao.activity.CouponActDao - objid->657302634882bc534d981832:Optional[CouponActPo(objectId=657302634882bc534d981832, couponTime=null, quantity=null, quantityType=null, validTerm=null, strategy={"value":50,"couponLimitation":{"value":10000,"className":"cn.edu.xmu.oomall.product.model.strategy.impl.PriceCouponLimitation"},"className":"cn.edu.xmu.oomall.product.model.strategy.impl.CheapestPercentageDiscount"})],po.objid:65730693e61c0b69ba4dc049
2024-12-04 22:17:02.551 [main] DEBUG c.edu.xmu.oomall.product.dao.activity.CouponActDao - ---copy after getActivity: po = ActivityPo(id=101, creatorId=1, creatorName=admin, modifierId=null, modifierName=null, gmtCreate=2023-12-08T12:12:50, gmtModified=null, shopId=2, name=3件满100打9折, objectId=65730693e61c0b69ba4dc049, actClass=couponActDao, status=1)
2024-12-04 22:17:02.553 [main] INFO  c.edu.xmu.oomall.product.config.MongoCommandLogger - Command: find
2024-12-04 22:17:02.553 [main] INFO  c.edu.xmu.oomall.product.config.MongoCommandLogger - Connection Address: mongo1:27017
2024-12-04 22:17:02.602 [main] DEBUG c.edu.xmu.oomall.product.dao.activity.CouponActDao - ---getActivity: ret = Optional[CouponActPo(objectId=65730693e61c0b69ba4dc049, couponTime=null, quantity=100, quantityType=1, validTerm=0, strategy={"value":90,"couponLimitation":{"value":0,"className":"cn.edu.xmu.oomall.product.model.strategy.impl.ComplexCouponLimitation","couponLimitationList":[{"value":3,"className":"cn.edu.xmu.oomall.product.model.strategy.impl.AmountCouponLimitation"},{"value":10000,"className":"cn.edu.xmu.oomall.product.model.strategy.impl.PriceCouponLimitation"}]},"className":"cn.edu.xmu.oomall.product.model.strategy.impl.PercentageCouponDiscount"})]
2024-12-04 22:17:02.612 [main] DEBUG c.edu.xmu.oomall.product.dao.activity.CouponActDao - ---getActivity: bo = CouponAct(super=Activity(super=OOMallObject(id=101, creatorId=1, creatorName=admin, modifierId=null, modifierName=null, gmtCreate=2023-12-08T12:12:50, gmtModified=null), shopId=2, name=3件满100打9折, objectId=65730693e61c0b69ba4dc049, actClass=couponActDao, status=1), couponTime=null, quantity=100, quantityType=1, validTerm=0, strategy=PercentageCouponDiscount())
2024-12-04 22:17:02.613 [main] DEBUG cn.edu.xmu.javaee.core.aop.DaoAspect - doAround: obj = cn.edu.xmu.oomall.product.dao.activity.CouponActDao@6b38215c, method = getActivity
2024-12-04 22:17:02.613 [main] DEBUG c.edu.xmu.oomall.product.dao.activity.ActivityDao - build: bo = CouponAct(super=Activity(super=OOMallObject(id=101, creatorId=1, creatorName=admin, modifierId=null, modifierName=null, gmtCreate=2023-12-08T12:12:50, gmtModified=null), shopId=2, name=3件满100打9折, objectId=65730693e61c0b69ba4dc049, actClass=couponActDao, status=1), couponTime=null, quantity=100, quantityType=1, validTerm=0, strategy=PercentageCouponDiscount())
2024-12-04 22:17:02.614 [main] DEBUG cn.edu.xmu.javaee.core.aop.DaoAspect - doAround: obj = cn.edu.xmu.oomall.product.dao.activity.ActivityDao@4401f272, method = findById
2024-12-04 22:17:02.614 [main] INFO  cn.edu.xmu.javaee.core.aop.ControllerAspect - doAround: BusinessException， errno = STATENOTALLOW
2024-12-04 22:17:02.614 [main] DEBUG cn.edu.xmu.javaee.core.aop.ControllerAspect - doAround: jp = publishCouponAct, code = STATENOTALLOW
]]></system-out>
  </testcase>
</testsuite>