<?xml version="1.0" encoding="UTF-8"?>
<testsuite xmlns:xsi="http://www.w3.org/2001/XMLSchema-instance" xsi:noNamespaceSchemaLocation="https://maven.apache.org/surefire/maven-surefire-plugin/xsd/surefire-test-report-3.0.xsd" version="3.0" name="cn.edu.xmu.oomall.product.controller.AdminGrouponActControllerTest" time="8.565" tests="27" errors="1" skipped="0" failures="3">
  <properties>
    <property name="java.specification.version" value="17"/>
    <property name="sun.cpu.isalist" value="amd64"/>
    <property name="sun.jnu.encoding" value="GBK"/>
    <property name="java.class.path" value="D:\JAVA\oomall-2023-1\product\target\test-classes;D:\JAVA\oomall-2023-1\product\target\classes;C:\Users\刘智文\.m2\repository\cn\edu\xmu\javaee\core\0.0.3-SNAPSHOT\core-0.0.3-SNAPSHOT.jar;C:\Users\刘智文\.m2\repository\com\auth0\java-jwt\4.4.0\java-jwt-4.4.0.jar;C:\Users\刘智文\.m2\repository\com\fasterxml\jackson\core\jackson-databind\2.17.3\jackson-databind-2.17.3.jar;C:\Users\刘智文\.m2\repository\com\fasterxml\jackson\core\jackson-annotations\2.17.3\jackson-annotations-2.17.3.jar;C:\Users\刘智文\.m2\repository\com\github\pagehelper\pagehelper-spring-boot-starter\2.1.0\pagehelper-spring-boot-starter-2.1.0.jar;C:\Users\刘智文\.m2\repository\org\mybatis\spring\boot\mybatis-spring-boot-starter\3.0.3\mybatis-spring-boot-starter-3.0.3.jar;C:\Users\刘智文\.m2\repository\org\mybatis\spring\boot\mybatis-spring-boot-autoconfigure\3.0.3\mybatis-spring-boot-autoconfigure-3.0.3.jar;C:\Users\刘智文\.m2\repository\org\mybatis\mybatis\3.5.14\mybatis-3.5.14.jar;C:\Users\刘智文\.m2\repository\org\mybatis\mybatis-spring\3.0.3\mybatis-spring-3.0.3.jar;C:\Users\刘智文\.m2\repository\com\github\pagehelper\pagehelper-spring-boot-autoconfigure\2.1.0\pagehelper-spring-boot-autoconfigure-2.1.0.jar;C:\Users\刘智文\.m2\repository\com\github\pagehelper\pagehelper\6.1.0\pagehelper-6.1.0.jar;C:\Users\刘智文\.m2\repository\com\github\jsqlparser\jsqlparser\4.7\jsqlparser-4.7.jar;C:\Users\刘智文\.m2\repository\org\springframework\cloud\spring-cloud-starter-loadbalancer\4.1.5\spring-cloud-starter-loadbalancer-4.1.5.jar;C:\Users\刘智文\.m2\repository\org\springframework\cloud\spring-cloud-loadbalancer\4.1.5\spring-cloud-loadbalancer-4.1.5.jar;C:\Users\刘智文\.m2\repository\io\projectreactor\addons\reactor-extra\3.5.2\reactor-extra-3.5.2.jar;C:\Users\刘智文\.m2\repository\org\springframework\boot\spring-boot-starter-cache\3.3.6\spring-boot-starter-cache-3.3.6.jar;C:\Users\刘智文\.m2\repository\com\stoyanr\evictor\1.0.0\evictor-1.0.0.jar;C:\Users\刘智文\.m2\repository\com\squareup\javapoet\1.13.0\javapoet-1.13.0.jar;C:\Users\刘智文\.m2\repository\com\google\auto\service\auto-service\1.0.1\auto-service-1.0.1.jar;C:\Users\刘智文\.m2\repository\com\google\auto\service\auto-service-annotations\1.0.1\auto-service-annotations-1.0.1.jar;C:\Users\刘智文\.m2\repository\com\google\auto\auto-common\1.2\auto-common-1.2.jar;C:\Users\刘智文\.m2\repository\com\google\guava\guava\31.0.1-jre\guava-31.0.1-jre.jar;C:\Users\刘智文\.m2\repository\com\google\guava\failureaccess\1.0.1\failureaccess-1.0.1.jar;C:\Users\刘智文\.m2\repository\com\google\guava\listenablefuture\9999.0-empty-to-avoid-conflict-with-guava\listenablefuture-9999.0-empty-to-avoid-conflict-with-guava.jar;C:\Users\刘智文\.m2\repository\com\google\code\findbugs\jsr305\3.0.2\jsr305-3.0.2.jar;C:\Users\刘智文\.m2\repository\org\checkerframework\checker-qual\3.12.0\checker-qual-3.12.0.jar;C:\Users\刘智文\.m2\repository\com\google\errorprone\error_prone_annotations\2.7.1\error_prone_annotations-2.7.1.jar;C:\Users\刘智文\.m2\repository\com\google\j2objc\j2objc-annotations\1.3\j2objc-annotations-1.3.jar;C:\Users\刘智文\.m2\repository\org\springframework\boot\spring-boot-starter-web\3.3.6\spring-boot-starter-web-3.3.6.jar;C:\Users\刘智文\.m2\repository\org\springframework\boot\spring-boot-starter\3.3.6\spring-boot-starter-3.3.6.jar;C:\Users\刘智文\.m2\repository\org\springframework\boot\spring-boot\3.3.6\spring-boot-3.3.6.jar;C:\Users\刘智文\.m2\repository\org\springframework\boot\spring-boot-starter-logging\3.3.6\spring-boot-starter-logging-3.3.6.jar;C:\Users\刘智文\.m2\repository\ch\qos\logback\logback-classic\1.5.12\logback-classic-1.5.12.jar;C:\Users\刘智文\.m2\repository\ch\qos\logback\logback-core\1.5.12\logback-core-1.5.12.jar;C:\Users\刘智文\.m2\repository\org\apache\logging\log4j\log4j-to-slf4j\2.23.1\log4j-to-slf4j-2.23.1.jar;C:\Users\刘智文\.m2\repository\org\apache\logging\log4j\log4j-api\2.23.1\log4j-api-2.23.1.jar;C:\Users\刘智文\.m2\repository\org\slf4j\jul-to-slf4j\2.0.16\jul-to-slf4j-2.0.16.jar;C:\Users\刘智文\.m2\repository\org\yaml\snakeyaml\2.2\snakeyaml-2.2.jar;C:\Users\刘智文\.m2\repository\org\springframework\boot\spring-boot-starter-json\3.3.6\spring-boot-starter-json-3.3.6.jar;C:\Users\刘智文\.m2\repository\com\fasterxml\jackson\datatype\jackson-datatype-jdk8\2.17.3\jackson-datatype-jdk8-2.17.3.jar;C:\Users\刘智文\.m2\repository\com\fasterxml\jackson\datatype\jackson-datatype-jsr310\2.17.3\jackson-datatype-jsr310-2.17.3.jar;C:\Users\刘智文\.m2\repository\com\fasterxml\jackson\module\jackson-module-parameter-names\2.17.3\jackson-module-parameter-names-2.17.3.jar;C:\Users\刘智文\.m2\repository\org\springframework\boot\spring-boot-starter-tomcat\3.3.6\spring-boot-starter-tomcat-3.3.6.jar;C:\Users\刘智文\.m2\repository\org\apache\tomcat\embed\tomcat-embed-core\10.1.33\tomcat-embed-core-10.1.33.jar;C:\Users\刘智文\.m2\repository\org\apache\tomcat\embed\tomcat-embed-websocket\10.1.33\tomcat-embed-websocket-10.1.33.jar;C:\Users\刘智文\.m2\repository\org\springframework\spring-web\6.1.15\spring-web-6.1.15.jar;C:\Users\刘智文\.m2\repository\org\springframework\spring-beans\6.1.15\spring-beans-6.1.15.jar;C:\Users\刘智文\.m2\repository\org\springframework\spring-webmvc\6.1.15\spring-webmvc-6.1.15.jar;C:\Users\刘智文\.m2\repository\org\springframework\spring-context\6.1.15\spring-context-6.1.15.jar;C:\Users\刘智文\.m2\repository\org\springframework\spring-expression\6.1.15\spring-expression-6.1.15.jar;C:\Users\刘智文\.m2\repository\org\springframework\boot\spring-boot-starter-actuator\3.3.6\spring-boot-starter-actuator-3.3.6.jar;C:\Users\刘智文\.m2\repository\org\springframework\boot\spring-boot-actuator-autoconfigure\3.3.6\spring-boot-actuator-autoconfigure-3.3.6.jar;C:\Users\刘智文\.m2\repository\org\springframework\boot\spring-boot-actuator\3.3.6\spring-boot-actuator-3.3.6.jar;C:\Users\刘智文\.m2\repository\io\micrometer\micrometer-observation\1.13.8\micrometer-observation-1.13.8.jar;C:\Users\刘智文\.m2\repository\io\micrometer\micrometer-commons\1.13.8\micrometer-commons-1.13.8.jar;C:\Users\刘智文\.m2\repository\io\micrometer\micrometer-jakarta9\1.13.8\micrometer-jakarta9-1.13.8.jar;C:\Users\刘智文\.m2\repository\io\micrometer\micrometer-core\1.13.8\micrometer-core-1.13.8.jar;C:\Users\刘智文\.m2\repository\org\hdrhistogram\HdrHistogram\2.2.2\HdrHistogram-2.2.2.jar;C:\Users\刘智文\.m2\repository\org\latencyutils\LatencyUtils\2.0.3\LatencyUtils-2.0.3.jar;C:\Users\刘智文\.m2\repository\org\springframework\boot\spring-boot-starter-validation\3.3.6\spring-boot-starter-validation-3.3.6.jar;C:\Users\刘智文\.m2\repository\org\apache\tomcat\embed\tomcat-embed-el\10.1.33\tomcat-embed-el-10.1.33.jar;C:\Users\刘智文\.m2\repository\org\hibernate\validator\hibernate-validator\8.0.1.Final\hibernate-validator-8.0.1.Final.jar;C:\Users\刘智文\.m2\repository\jakarta\validation\jakarta.validation-api\3.0.2\jakarta.validation-api-3.0.2.jar;C:\Users\刘智文\.m2\repository\org\jboss\logging\jboss-logging\3.5.3.Final\jboss-logging-3.5.3.Final.jar;C:\Users\刘智文\.m2\repository\com\fasterxml\classmate\1.7.0\classmate-1.7.0.jar;C:\Users\刘智文\.m2\repository\org\springframework\boot\spring-boot-starter-aop\3.3.6\spring-boot-starter-aop-3.3.6.jar;C:\Users\刘智文\.m2\repository\org\springframework\spring-aop\6.1.15\spring-aop-6.1.15.jar;C:\Users\刘智文\.m2\repository\org\aspectj\aspectjweaver\1.9.22.1\aspectjweaver-1.9.22.1.jar;C:\Users\刘智文\.m2\repository\org\springframework\boot\spring-boot-starter-data-redis\3.3.6\spring-boot-starter-data-redis-3.3.6.jar;C:\Users\刘智文\.m2\repository\io\lettuce\lettuce-core\6.3.2.RELEASE\lettuce-core-6.3.2.RELEASE.jar;C:\Users\刘智文\.m2\repository\io\netty\netty-common\4.1.115.Final\netty-common-4.1.115.Final.jar;C:\Users\刘智文\.m2\repository\io\netty\netty-handler\4.1.115.Final\netty-handler-4.1.115.Final.jar;C:\Users\刘智文\.m2\repository\io\netty\netty-resolver\4.1.115.Final\netty-resolver-4.1.115.Final.jar;C:\Users\刘智文\.m2\repository\io\netty\netty-buffer\4.1.115.Final\netty-buffer-4.1.115.Final.jar;C:\Users\刘智文\.m2\repository\io\netty\netty-transport-native-unix-common\4.1.115.Final\netty-transport-native-unix-common-4.1.115.Final.jar;C:\Users\刘智文\.m2\repository\io\netty\netty-codec\4.1.115.Final\netty-codec-4.1.115.Final.jar;C:\Users\刘智文\.m2\repository\io\netty\netty-transport\4.1.115.Final\netty-transport-4.1.115.Final.jar;C:\Users\刘智文\.m2\repository\io\projectreactor\reactor-core\3.6.12\reactor-core-3.6.12.jar;C:\Users\刘智文\.m2\repository\org\reactivestreams\reactive-streams\1.0.4\reactive-streams-1.0.4.jar;C:\Users\刘智文\.m2\repository\org\springframework\data\spring-data-redis\3.3.6\spring-data-redis-3.3.6.jar;C:\Users\刘智文\.m2\repository\org\springframework\data\spring-data-keyvalue\3.3.6\spring-data-keyvalue-3.3.6.jar;C:\Users\刘智文\.m2\repository\org\springframework\spring-tx\6.1.15\spring-tx-6.1.15.jar;C:\Users\刘智文\.m2\repository\org\springframework\spring-oxm\6.1.15\spring-oxm-6.1.15.jar;C:\Users\刘智文\.m2\repository\org\springframework\spring-context-support\6.1.15\spring-context-support-6.1.15.jar;C:\Users\刘智文\.m2\repository\org\springframework\boot\spring-boot-starter-data-jpa\3.3.6\spring-boot-starter-data-jpa-3.3.6.jar;C:\Users\刘智文\.m2\repository\org\springframework\boot\spring-boot-starter-jdbc\3.3.6\spring-boot-starter-jdbc-3.3.6.jar;C:\Users\刘智文\.m2\repository\com\zaxxer\HikariCP\5.1.0\HikariCP-5.1.0.jar;C:\Users\刘智文\.m2\repository\org\springframework\spring-jdbc\6.1.15\spring-jdbc-6.1.15.jar;C:\Users\刘智文\.m2\repository\org\hibernate\orm\hibernate-core\6.5.3.Final\hibernate-core-6.5.3.Final.jar;C:\Users\刘智文\.m2\repository\jakarta\persistence\jakarta.persistence-api\3.1.0\jakarta.persistence-api-3.1.0.jar;C:\Users\刘智文\.m2\repository\jakarta\transaction\jakarta.transaction-api\2.0.1\jakarta.transaction-api-2.0.1.jar;C:\Users\刘智文\.m2\repository\org\hibernate\common\hibernate-commons-annotations\6.0.6.Final\hibernate-commons-annotations-6.0.6.Final.jar;C:\Users\刘智文\.m2\repository\io\smallrye\jandex\3.1.2\jandex-3.1.2.jar;C:\Users\刘智文\.m2\repository\net\bytebuddy\byte-buddy\1.14.19\byte-buddy-1.14.19.jar;C:\Users\刘智文\.m2\repository\jakarta\inject\jakarta.inject-api\2.0.1\jakarta.inject-api-2.0.1.jar;C:\Users\刘智文\.m2\repository\org\antlr\antlr4-runtime\4.13.0\antlr4-runtime-4.13.0.jar;C:\Users\刘智文\.m2\repository\org\springframework\data\spring-data-jpa\3.3.6\spring-data-jpa-3.3.6.jar;C:\Users\刘智文\.m2\repository\org\springframework\data\spring-data-commons\3.3.6\spring-data-commons-3.3.6.jar;C:\Users\刘智文\.m2\repository\org\springframework\spring-orm\6.1.15\spring-orm-6.1.15.jar;C:\Users\刘智文\.m2\repository\org\springframework\spring-aspects\6.1.15\spring-aspects-6.1.15.jar;C:\Users\刘智文\.m2\repository\org\springframework\boot\spring-boot-starter-data-mongodb\3.3.6\spring-boot-starter-data-mongodb-3.3.6.jar;C:\Users\刘智文\.m2\repository\org\mongodb\mongodb-driver-sync\5.0.1\mongodb-driver-sync-5.0.1.jar;C:\Users\刘智文\.m2\repository\org\mongodb\bson\5.0.1\bson-5.0.1.jar;C:\Users\刘智文\.m2\repository\org\mongodb\mongodb-driver-core\5.0.1\mongodb-driver-core-5.0.1.jar;C:\Users\刘智文\.m2\repository\org\mongodb\bson-record-codec\5.0.1\bson-record-codec-5.0.1.jar;C:\Users\刘智文\.m2\repository\org\springframework\data\spring-data-mongodb\4.3.6\spring-data-mongodb-4.3.6.jar;C:\Users\刘智文\.m2\repository\org\springframework\boot\spring-boot-starter-test\3.3.6\spring-boot-starter-test-3.3.6.jar;C:\Users\刘智文\.m2\repository\org\springframework\boot\spring-boot-test\3.3.6\spring-boot-test-3.3.6.jar;C:\Users\刘智文\.m2\repository\org\springframework\boot\spring-boot-test-autoconfigure\3.3.6\spring-boot-test-autoconfigure-3.3.6.jar;C:\Users\刘智文\.m2\repository\com\jayway\jsonpath\json-path\2.9.0\json-path-2.9.0.jar;C:\Users\刘智文\.m2\repository\jakarta\xml\bind\jakarta.xml.bind-api\4.0.2\jakarta.xml.bind-api-4.0.2.jar;C:\Users\刘智文\.m2\repository\jakarta\activation\jakarta.activation-api\2.1.3\jakarta.activation-api-2.1.3.jar;C:\Users\刘智文\.m2\repository\net\minidev\json-smart\2.5.1\json-smart-2.5.1.jar;C:\Users\刘智文\.m2\repository\net\minidev\accessors-smart\2.5.1\accessors-smart-2.5.1.jar;C:\Users\刘智文\.m2\repository\org\ow2\asm\asm\9.6\asm-9.6.jar;C:\Users\刘智文\.m2\repository\org\assertj\assertj-core\3.25.3\assertj-core-3.25.3.jar;C:\Users\刘智文\.m2\repository\org\awaitility\awaitility\4.2.2\awaitility-4.2.2.jar;C:\Users\刘智文\.m2\repository\org\hamcrest\hamcrest\2.2\hamcrest-2.2.jar;C:\Users\刘智文\.m2\repository\org\junit\jupiter\junit-jupiter\5.10.5\junit-jupiter-5.10.5.jar;C:\Users\刘智文\.m2\repository\org\junit\jupiter\junit-jupiter-api\5.10.5\junit-jupiter-api-5.10.5.jar;C:\Users\刘智文\.m2\repository\org\opentest4j\opentest4j\1.3.0\opentest4j-1.3.0.jar;C:\Users\刘智文\.m2\repository\org\junit\platform\junit-platform-commons\1.10.5\junit-platform-commons-1.10.5.jar;C:\Users\刘智文\.m2\repository\org\apiguardian\apiguardian-api\1.1.2\apiguardian-api-1.1.2.jar;C:\Users\刘智文\.m2\repository\org\junit\jupiter\junit-jupiter-params\5.10.5\junit-jupiter-params-5.10.5.jar;C:\Users\刘智文\.m2\repository\org\junit\jupiter\junit-jupiter-engine\5.10.5\junit-jupiter-engine-5.10.5.jar;C:\Users\刘智文\.m2\repository\org\junit\platform\junit-platform-engine\1.10.5\junit-platform-engine-1.10.5.jar;C:\Users\刘智文\.m2\repository\org\mockito\mockito-core\5.11.0\mockito-core-5.11.0.jar;C:\Users\刘智文\.m2\repository\net\bytebuddy\byte-buddy-agent\1.14.19\byte-buddy-agent-1.14.19.jar;C:\Users\刘智文\.m2\repository\org\objenesis\objenesis\3.3\objenesis-3.3.jar;C:\Users\刘智文\.m2\repository\org\mockito\mockito-junit-jupiter\5.11.0\mockito-junit-jupiter-5.11.0.jar;C:\Users\刘智文\.m2\repository\org\skyscreamer\jsonassert\1.5.3\jsonassert-1.5.3.jar;C:\Users\刘智文\.m2\repository\com\vaadin\external\google\android-json\0.0.20131108.vaadin1\android-json-0.0.20131108.vaadin1.jar;C:\Users\刘智文\.m2\repository\org\springframework\spring-core\6.1.15\spring-core-6.1.15.jar;C:\Users\刘智文\.m2\repository\org\springframework\spring-jcl\6.1.15\spring-jcl-6.1.15.jar;C:\Users\刘智文\.m2\repository\org\springframework\spring-test\6.1.15\spring-test-6.1.15.jar;C:\Users\刘智文\.m2\repository\org\xmlunit\xmlunit-core\2.9.1\xmlunit-core-2.9.1.jar;C:\Users\刘智文\.m2\repository\org\projectlombok\lombok\1.18.36\lombok-1.18.36.jar;C:\Users\刘智文\.m2\repository\com\mysql\mysql-connector-j\9.1.0\mysql-connector-j-9.1.0.jar;C:\Users\刘智文\.m2\repository\com\google\protobuf\protobuf-java\4.26.1\protobuf-java-4.26.1.jar;C:\Users\刘智文\.m2\repository\com\alibaba\druid-spring-boot-starter\1.2.24\druid-spring-boot-starter-1.2.24.jar;C:\Users\刘智文\.m2\repository\com\alibaba\druid\1.2.24\druid-1.2.24.jar;C:\Users\刘智文\.m2\repository\org\slf4j\slf4j-api\2.0.16\slf4j-api-2.0.16.jar;C:\Users\刘智文\.m2\repository\org\springframework\boot\spring-boot-autoconfigure\3.3.6\spring-boot-autoconfigure-3.3.6.jar;C:\Users\刘智文\.m2\repository\org\glassfish\jaxb\jaxb-runtime\4.0.5\jaxb-runtime-4.0.5.jar;C:\Users\刘智文\.m2\repository\org\glassfish\jaxb\jaxb-core\4.0.5\jaxb-core-4.0.5.jar;C:\Users\刘智文\.m2\repository\org\eclipse\angus\angus-activation\2.0.2\angus-activation-2.0.2.jar;C:\Users\刘智文\.m2\repository\org\glassfish\jaxb\txw2\4.0.5\txw2-4.0.5.jar;C:\Users\刘智文\.m2\repository\com\sun\istack\istack-commons-runtime\4.1.2\istack-commons-runtime-4.1.2.jar;C:\Users\刘智文\.m2\repository\org\apache\rocketmq\rocketmq-spring-boot-starter\2.3.1\rocketmq-spring-boot-starter-2.3.1.jar;C:\Users\刘智文\.m2\repository\org\apache\rocketmq\rocketmq-spring-boot\2.3.1\rocketmq-spring-boot-2.3.1.jar;C:\Users\刘智文\.m2\repository\org\apache\rocketmq\rocketmq-client\5.3.0\rocketmq-client-5.3.0.jar;C:\Users\刘智文\.m2\repository\org\apache\rocketmq\rocketmq-remoting\5.3.0\rocketmq-remoting-5.3.0.jar;C:\Users\刘智文\.m2\repository\org\reflections\reflections\0.9.11\reflections-0.9.11.jar;C:\Users\刘智文\.m2\repository\org\javassist\javassist\3.21.0-GA\javassist-3.21.0-GA.jar;C:\Users\刘智文\.m2\repository\org\apache\commons\commons-lang3\3.14.0\commons-lang3-3.14.0.jar;C:\Users\刘智文\.m2\repository\io\github\aliyunmq\rocketmq-slf4j-api\1.0.1\rocketmq-slf4j-api-1.0.1.jar;C:\Users\刘智文\.m2\repository\io\github\aliyunmq\rocketmq-logback-classic\1.0.1\rocketmq-logback-classic-1.0.1.jar;C:\Users\刘智文\.m2\repository\org\apache\rocketmq\rocketmq-acl\5.3.0\rocketmq-acl-5.3.0.jar;C:\Users\刘智文\.m2\repository\org\apache\rocketmq\rocketmq-proto\2.0.3\rocketmq-proto-2.0.3.jar;C:\Users\刘智文\.m2\repository\org\apache\rocketmq\rocketmq-common\5.3.0\rocketmq-common-5.3.0.jar;C:\Users\刘智文\.m2\repository\com\alibaba\fastjson\1.2.83\fastjson-1.2.83.jar;C:\Users\刘智文\.m2\repository\com\alibaba\fastjson2\fastjson2\2.0.43\fastjson2-2.0.43.jar;C:\Users\刘智文\.m2\repository\io\netty\netty-all\4.1.115.Final\netty-all-4.1.115.Final.jar;C:\Users\刘智文\.m2\repository\io\netty\netty-codec-dns\4.1.115.Final\netty-codec-dns-4.1.115.Final.jar;C:\Users\刘智文\.m2\repository\io\netty\netty-codec-haproxy\4.1.115.Final\netty-codec-haproxy-4.1.115.Final.jar;C:\Users\刘智文\.m2\repository\io\netty\netty-codec-http\4.1.115.Final\netty-codec-http-4.1.115.Final.jar;C:\Users\刘智文\.m2\repository\io\netty\netty-codec-http2\4.1.115.Final\netty-codec-http2-4.1.115.Final.jar;C:\Users\刘智文\.m2\repository\io\netty\netty-codec-memcache\4.1.115.Final\netty-codec-memcache-4.1.115.Final.jar;C:\Users\刘智文\.m2\repository\io\netty\netty-codec-mqtt\4.1.115.Final\netty-codec-mqtt-4.1.115.Final.jar;C:\Users\刘智文\.m2\repository\io\netty\netty-codec-redis\4.1.115.Final\netty-codec-redis-4.1.115.Final.jar;C:\Users\刘智文\.m2\repository\io\netty\netty-codec-smtp\4.1.115.Final\netty-codec-smtp-4.1.115.Final.jar;C:\Users\刘智文\.m2\repository\io\netty\netty-codec-socks\4.1.115.Final\netty-codec-socks-4.1.115.Final.jar;C:\Users\刘智文\.m2\repository\io\netty\netty-codec-stomp\4.1.115.Final\netty-codec-stomp-4.1.115.Final.jar;C:\Users\刘智文\.m2\repository\io\netty\netty-codec-xml\4.1.115.Final\netty-codec-xml-4.1.115.Final.jar;C:\Users\刘智文\.m2\repository\io\netty\netty-handler-proxy\4.1.115.Final\netty-handler-proxy-4.1.115.Final.jar;C:\Users\刘智文\.m2\repository\io\netty\netty-handler-ssl-ocsp\4.1.115.Final\netty-handler-ssl-ocsp-4.1.115.Final.jar;C:\Users\刘智文\.m2\repository\io\netty\netty-resolver-dns\4.1.115.Final\netty-resolver-dns-4.1.115.Final.jar;C:\Users\刘智文\.m2\repository\io\netty\netty-transport-rxtx\4.1.115.Final\netty-transport-rxtx-4.1.115.Final.jar;C:\Users\刘智文\.m2\repository\io\netty\netty-transport-sctp\4.1.115.Final\netty-transport-sctp-4.1.115.Final.jar;C:\Users\刘智文\.m2\repository\io\netty\netty-transport-udt\4.1.115.Final\netty-transport-udt-4.1.115.Final.jar;C:\Users\刘智文\.m2\repository\io\netty\netty-transport-classes-epoll\4.1.115.Final\netty-transport-classes-epoll-4.1.115.Final.jar;C:\Users\刘智文\.m2\repository\io\netty\netty-transport-classes-kqueue\4.1.115.Final\netty-transport-classes-kqueue-4.1.115.Final.jar;C:\Users\刘智文\.m2\repository\io\netty\netty-resolver-dns-classes-macos\4.1.115.Final\netty-resolver-dns-classes-macos-4.1.115.Final.jar;C:\Users\刘智文\.m2\repository\io\netty\netty-transport-native-epoll\4.1.115.Final\netty-transport-native-epoll-4.1.115.Final-linux-x86_64.jar;C:\Users\刘智文\.m2\repository\io\netty\netty-transport-native-epoll\4.1.115.Final\netty-transport-native-epoll-4.1.115.Final-linux-aarch_64.jar;C:\Users\刘智文\.m2\repository\io\netty\netty-transport-native-epoll\4.1.115.Final\netty-transport-native-epoll-4.1.115.Final-linux-riscv64.jar;C:\Users\刘智文\.m2\repository\io\netty\netty-transport-native-kqueue\4.1.115.Final\netty-transport-native-kqueue-4.1.115.Final-osx-x86_64.jar;C:\Users\刘智文\.m2\repository\io\netty\netty-transport-native-kqueue\4.1.115.Final\netty-transport-native-kqueue-4.1.115.Final-osx-aarch_64.jar;C:\Users\刘智文\.m2\repository\io\netty\netty-resolver-dns-native-macos\4.1.115.Final\netty-resolver-dns-native-macos-4.1.115.Final-osx-x86_64.jar;C:\Users\刘智文\.m2\repository\io\netty\netty-resolver-dns-native-macos\4.1.115.Final\netty-resolver-dns-native-macos-4.1.115.Final-osx-aarch_64.jar;C:\Users\刘智文\.m2\repository\com\github\luben\zstd-jni\1.5.2-2\zstd-jni-1.5.2-2.jar;C:\Users\刘智文\.m2\repository\org\lz4\lz4-java\1.8.0\lz4-java-1.8.0.jar;C:\Users\刘智文\.m2\repository\io\opentelemetry\opentelemetry-exporter-otlp\1.38.0\opentelemetry-exporter-otlp-1.38.0.jar;C:\Users\刘智文\.m2\repository\io\opentelemetry\opentelemetry-sdk-trace\1.38.0\opentelemetry-sdk-trace-1.38.0.jar;C:\Users\刘智文\.m2\repository\io\opentelemetry\opentelemetry-sdk-metrics\1.38.0\opentelemetry-sdk-metrics-1.38.0.jar;C:\Users\刘智文\.m2\repository\io\opentelemetry\opentelemetry-api-incubator\1.38.0-alpha\opentelemetry-api-incubator-1.38.0-alpha.jar;C:\Users\刘智文\.m2\repository\io\opentelemetry\opentelemetry-sdk-logs\1.38.0\opentelemetry-sdk-logs-1.38.0.jar;C:\Users\刘智文\.m2\repository\io\opentelemetry\opentelemetry-exporter-otlp-common\1.38.0\opentelemetry-exporter-otlp-common-1.38.0.jar;C:\Users\刘智文\.m2\repository\io\opentelemetry\opentelemetry-exporter-common\1.38.0\opentelemetry-exporter-common-1.38.0.jar;C:\Users\刘智文\.m2\repository\io\opentelemetry\opentelemetry-exporter-sender-okhttp\1.38.0\opentelemetry-exporter-sender-okhttp-1.38.0.jar;C:\Users\刘智文\.m2\repository\com\squareup\okhttp3\okhttp\4.12.0\okhttp-4.12.0.jar;C:\Users\刘智文\.m2\repository\com\squareup\okio\okio\3.6.0\okio-3.6.0.jar;C:\Users\刘智文\.m2\repository\org\jetbrains\kotlin\kotlin-stdlib-jdk8\1.9.25\kotlin-stdlib-jdk8-1.9.25.jar;C:\Users\刘智文\.m2\repository\org\jetbrains\kotlin\kotlin-stdlib\1.9.25\kotlin-stdlib-1.9.25.jar;C:\Users\刘智文\.m2\repository\org\jetbrains\annotations\13.0\annotations-13.0.jar;C:\Users\刘智文\.m2\repository\org\jetbrains\kotlin\kotlin-stdlib-jdk7\1.9.25\kotlin-stdlib-jdk7-1.9.25.jar;C:\Users\刘智文\.m2\repository\io\opentelemetry\opentelemetry-sdk-extension-autoconfigure-spi\1.38.0\opentelemetry-sdk-extension-autoconfigure-spi-1.38.0.jar;C:\Users\刘智文\.m2\repository\io\opentelemetry\opentelemetry-exporter-prometheus\1.29.0-alpha\opentelemetry-exporter-prometheus-1.29.0-alpha.jar;C:\Users\刘智文\.m2\repository\io\opentelemetry\opentelemetry-exporter-logging\1.38.0\opentelemetry-exporter-logging-1.38.0.jar;C:\Users\刘智文\.m2\repository\io\opentelemetry\opentelemetry-sdk\1.38.0\opentelemetry-sdk-1.38.0.jar;C:\Users\刘智文\.m2\repository\io\opentelemetry\opentelemetry-api\1.38.0\opentelemetry-api-1.38.0.jar;C:\Users\刘智文\.m2\repository\io\opentelemetry\opentelemetry-context\1.38.0\opentelemetry-context-1.38.0.jar;C:\Users\刘智文\.m2\repository\io\opentelemetry\opentelemetry-sdk-common\1.38.0\opentelemetry-sdk-common-1.38.0.jar;C:\Users\刘智文\.m2\repository\io\opentelemetry\opentelemetry-exporter-logging-otlp\1.38.0\opentelemetry-exporter-logging-otlp-1.38.0.jar;C:\Users\刘智文\.m2\repository\io\grpc\grpc-stub\1.53.0\grpc-stub-1.53.0.jar;C:\Users\刘智文\.m2\repository\io\grpc\grpc-api\1.53.0\grpc-api-1.53.0.jar;C:\Users\刘智文\.m2\repository\io\grpc\grpc-context\1.53.0\grpc-context-1.53.0.jar;C:\Users\刘智文\.m2\repository\io\grpc\grpc-netty-shaded\1.53.0\grpc-netty-shaded-1.53.0.jar;C:\Users\刘智文\.m2\repository\io\perfmark\perfmark-api\0.25.0\perfmark-api-0.25.0.jar;C:\Users\刘智文\.m2\repository\io\grpc\grpc-core\1.53.0\grpc-core-1.53.0.jar;C:\Users\刘智文\.m2\repository\com\google\code\gson\gson\2.10.1\gson-2.10.1.jar;C:\Users\刘智文\.m2\repository\com\google\android\annotations\4.1.1.4\annotations-4.1.1.4.jar;C:\Users\刘智文\.m2\repository\org\codehaus\mojo\animal-sniffer-annotations\1.21\animal-sniffer-annotations-1.21.jar;C:\Users\刘智文\.m2\repository\com\squareup\okio\okio-jvm\3.4.0\okio-jvm-3.4.0.jar;C:\Users\刘智文\.m2\repository\org\apache\rocketmq\rocketmq-srvutil\5.3.0\rocketmq-srvutil-5.3.0.jar;C:\Users\刘智文\.m2\repository\commons-cli\commons-cli\1.5.0\commons-cli-1.5.0.jar;C:\Users\刘智文\.m2\repository\com\googlecode\concurrentlinkedhashmap\concurrentlinkedhashmap-lru\1.4.2\concurrentlinkedhashmap-lru-1.4.2.jar;C:\Users\刘智文\.m2\repository\commons-validator\commons-validator\1.7\commons-validator-1.7.jar;C:\Users\刘智文\.m2\repository\commons-beanutils\commons-beanutils\1.9.4\commons-beanutils-1.9.4.jar;C:\Users\刘智文\.m2\repository\commons-digester\commons-digester\2.1\commons-digester-2.1.jar;C:\Users\刘智文\.m2\repository\commons-logging\commons-logging\1.2\commons-logging-1.2.jar;C:\Users\刘智文\.m2\repository\commons-collections\commons-collections\3.2.2\commons-collections-3.2.2.jar;C:\Users\刘智文\.m2\repository\com\google\protobuf\protobuf-java-util\3.20.1\protobuf-java-util-3.20.1.jar;C:\Users\刘智文\.m2\repository\org\springframework\spring-messaging\6.1.15\spring-messaging-6.1.15.jar;C:\Users\刘智文\.m2\repository\org\springframework\cloud\spring-cloud-starter-openfeign\4.1.4\spring-cloud-starter-openfeign-4.1.4.jar;C:\Users\刘智文\.m2\repository\org\springframework\cloud\spring-cloud-starter\4.1.5\spring-cloud-starter-4.1.5.jar;C:\Users\刘智文\.m2\repository\org\springframework\security\spring-security-rsa\1.1.3\spring-security-rsa-1.1.3.jar;C:\Users\刘智文\.m2\repository\org\bouncycastle\bcprov-jdk18on\1.78\bcprov-jdk18on-1.78.jar;C:\Users\刘智文\.m2\repository\org\springframework\cloud\spring-cloud-commons\4.1.5\spring-cloud-commons-4.1.5.jar;C:\Users\刘智文\.m2\repository\org\springframework\security\spring-security-crypto\6.3.5\spring-security-crypto-6.3.5.jar;C:\Users\刘智文\.m2\repository\io\github\openfeign\feign-core\13.5\feign-core-13.5.jar;C:\Users\刘智文\.m2\repository\io\github\openfeign\feign-slf4j\13.5\feign-slf4j-13.5.jar;C:\Users\刘智文\.m2\repository\org\springframework\cloud\spring-cloud-openfeign-core\4.1.4\spring-cloud-openfeign-core-4.1.4.jar;C:\Users\刘智文\.m2\repository\io\github\openfeign\feign-form-spring\13.5\feign-form-spring-13.5.jar;C:\Users\刘智文\.m2\repository\io\github\openfeign\feign-form\13.5\feign-form-13.5.jar;C:\Users\刘智文\.m2\repository\commons-fileupload\commons-fileupload\1.5\commons-fileupload-1.5.jar;C:\Users\刘智文\.m2\repository\commons-io\commons-io\2.11.0\commons-io-2.11.0.jar;C:\Users\刘智文\.m2\repository\com\alibaba\cloud\spring-cloud-starter-alibaba-nacos-config\2023.0.1.2\spring-cloud-starter-alibaba-nacos-config-2023.0.1.2.jar;C:\Users\刘智文\.m2\repository\com\alibaba\cloud\spring-cloud-alibaba-commons\2023.0.1.2\spring-cloud-alibaba-commons-2023.0.1.2.jar;C:\Users\刘智文\.m2\repository\com\alibaba\spring\spring-context-support\1.0.11\spring-context-support-1.0.11.jar;C:\Users\刘智文\.m2\repository\com\alibaba\nacos\nacos-client\2.3.2\nacos-client-2.3.2.jar;C:\Users\刘智文\.m2\repository\com\alibaba\nacos\nacos-auth-plugin\2.3.2\nacos-auth-plugin-2.3.2.jar;C:\Users\刘智文\.m2\repository\com\alibaba\nacos\nacos-encryption-plugin\2.3.2\nacos-encryption-plugin-2.3.2.jar;C:\Users\刘智文\.m2\repository\commons-codec\commons-codec\1.16.1\commons-codec-1.16.1.jar;C:\Users\刘智文\.m2\repository\com\fasterxml\jackson\core\jackson-core\2.17.3\jackson-core-2.17.3.jar;C:\Users\刘智文\.m2\repository\org\apache\httpcomponents\httpasyncclient\4.1.5\httpasyncclient-4.1.5.jar;C:\Users\刘智文\.m2\repository\org\apache\httpcomponents\httpcore-nio\4.4.16\httpcore-nio-4.4.16.jar;C:\Users\刘智文\.m2\repository\org\apache\httpcomponents\httpclient\4.5.13\httpclient-4.5.13.jar;C:\Users\刘智文\.m2\repository\org\apache\httpcomponents\httpcore\4.4.16\httpcore-4.4.16.jar;C:\Users\刘智文\.m2\repository\io\prometheus\simpleclient\0.16.0\simpleclient-0.16.0.jar;C:\Users\刘智文\.m2\repository\io\prometheus\simpleclient_tracer_otel\0.16.0\simpleclient_tracer_otel-0.16.0.jar;C:\Users\刘智文\.m2\repository\io\prometheus\simpleclient_tracer_common\0.16.0\simpleclient_tracer_common-0.16.0.jar;C:\Users\刘智文\.m2\repository\io\prometheus\simpleclient_tracer_otel_agent\0.16.0\simpleclient_tracer_otel_agent-0.16.0.jar;C:\Users\刘智文\.m2\repository\org\springframework\cloud\spring-cloud-context\4.1.5\spring-cloud-context-4.1.5.jar;C:\Users\刘智文\.m2\repository\jakarta\annotation\jakarta.annotation-api\2.1.1\jakarta.annotation-api-2.1.1.jar;C:\Users\刘智文\.m2\repository\com\alibaba\cloud\spring-cloud-starter-alibaba-nacos-discovery\2023.0.1.2\spring-cloud-starter-alibaba-nacos-discovery-2023.0.1.2.jar;C:\Users\刘智文\.m2\repository\org\springframework\cloud\spring-cloud-starter-bootstrap\4.1.5\spring-cloud-starter-bootstrap-4.1.5.jar;"/>
    <property name="java.vm.vendor" value="Oracle Corporation"/>
    <property name="sun.arch.data.model" value="64"/>
    <property name="user.variant" value=""/>
    <property name="java.vendor.url" value="https://java.oracle.com/"/>
    <property name="user.timezone" value="Asia/Shanghai"/>
    <property name="org.jboss.logging.provider" value="slf4j"/>
    <property name="os.name" value="Windows 11"/>
    <property name="java.vm.specification.version" value="17"/>
    <property name="sun.java.launcher" value="SUN_STANDARD"/>
    <property name="user.country" value="CN"/>
    <property name="sun.boot.library.path" value="D:\JAVA\jdk-17_windows-x64_bin\jdk-17.0.10\bin"/>
    <property name="sun.java.command" value="C:\Users\刘智文\AppData\Local\Temp\surefire7420327723374651456\surefirebooter-20241204221422799_3.jar C:\Users\刘智文\AppData\Local\Temp\surefire7420327723374651456 2024-12-04T22-14-22_232-jvmRun1 surefire-20241204221422799_1tmp surefire_0-20241204221422799_2tmp"/>
    <property name="jdk.debug" value="release"/>
    <property name="surefire.test.class.path" value="D:\JAVA\oomall-2023-1\product\target\test-classes;D:\JAVA\oomall-2023-1\product\target\classes;C:\Users\刘智文\.m2\repository\cn\edu\xmu\javaee\core\0.0.3-SNAPSHOT\core-0.0.3-SNAPSHOT.jar;C:\Users\刘智文\.m2\repository\com\auth0\java-jwt\4.4.0\java-jwt-4.4.0.jar;C:\Users\刘智文\.m2\repository\com\fasterxml\jackson\core\jackson-databind\2.17.3\jackson-databind-2.17.3.jar;C:\Users\刘智文\.m2\repository\com\fasterxml\jackson\core\jackson-annotations\2.17.3\jackson-annotations-2.17.3.jar;C:\Users\刘智文\.m2\repository\com\github\pagehelper\pagehelper-spring-boot-starter\2.1.0\pagehelper-spring-boot-starter-2.1.0.jar;C:\Users\刘智文\.m2\repository\org\mybatis\spring\boot\mybatis-spring-boot-starter\3.0.3\mybatis-spring-boot-starter-3.0.3.jar;C:\Users\刘智文\.m2\repository\org\mybatis\spring\boot\mybatis-spring-boot-autoconfigure\3.0.3\mybatis-spring-boot-autoconfigure-3.0.3.jar;C:\Users\刘智文\.m2\repository\org\mybatis\mybatis\3.5.14\mybatis-3.5.14.jar;C:\Users\刘智文\.m2\repository\org\mybatis\mybatis-spring\3.0.3\mybatis-spring-3.0.3.jar;C:\Users\刘智文\.m2\repository\com\github\pagehelper\pagehelper-spring-boot-autoconfigure\2.1.0\pagehelper-spring-boot-autoconfigure-2.1.0.jar;C:\Users\刘智文\.m2\repository\com\github\pagehelper\pagehelper\6.1.0\pagehelper-6.1.0.jar;C:\Users\刘智文\.m2\repository\com\github\jsqlparser\jsqlparser\4.7\jsqlparser-4.7.jar;C:\Users\刘智文\.m2\repository\org\springframework\cloud\spring-cloud-starter-loadbalancer\4.1.5\spring-cloud-starter-loadbalancer-4.1.5.jar;C:\Users\刘智文\.m2\repository\org\springframework\cloud\spring-cloud-loadbalancer\4.1.5\spring-cloud-loadbalancer-4.1.5.jar;C:\Users\刘智文\.m2\repository\io\projectreactor\addons\reactor-extra\3.5.2\reactor-extra-3.5.2.jar;C:\Users\刘智文\.m2\repository\org\springframework\boot\spring-boot-starter-cache\3.3.6\spring-boot-starter-cache-3.3.6.jar;C:\Users\刘智文\.m2\repository\com\stoyanr\evictor\1.0.0\evictor-1.0.0.jar;C:\Users\刘智文\.m2\repository\com\squareup\javapoet\1.13.0\javapoet-1.13.0.jar;C:\Users\刘智文\.m2\repository\com\google\auto\service\auto-service\1.0.1\auto-service-1.0.1.jar;C:\Users\刘智文\.m2\repository\com\google\auto\service\auto-service-annotations\1.0.1\auto-service-annotations-1.0.1.jar;C:\Users\刘智文\.m2\repository\com\google\auto\auto-common\1.2\auto-common-1.2.jar;C:\Users\刘智文\.m2\repository\com\google\guava\guava\31.0.1-jre\guava-31.0.1-jre.jar;C:\Users\刘智文\.m2\repository\com\google\guava\failureaccess\1.0.1\failureaccess-1.0.1.jar;C:\Users\刘智文\.m2\repository\com\google\guava\listenablefuture\9999.0-empty-to-avoid-conflict-with-guava\listenablefuture-9999.0-empty-to-avoid-conflict-with-guava.jar;C:\Users\刘智文\.m2\repository\com\google\code\findbugs\jsr305\3.0.2\jsr305-3.0.2.jar;C:\Users\刘智文\.m2\repository\org\checkerframework\checker-qual\3.12.0\checker-qual-3.12.0.jar;C:\Users\刘智文\.m2\repository\com\google\errorprone\error_prone_annotations\2.7.1\error_prone_annotations-2.7.1.jar;C:\Users\刘智文\.m2\repository\com\google\j2objc\j2objc-annotations\1.3\j2objc-annotations-1.3.jar;C:\Users\刘智文\.m2\repository\org\springframework\boot\spring-boot-starter-web\3.3.6\spring-boot-starter-web-3.3.6.jar;C:\Users\刘智文\.m2\repository\org\springframework\boot\spring-boot-starter\3.3.6\spring-boot-starter-3.3.6.jar;C:\Users\刘智文\.m2\repository\org\springframework\boot\spring-boot\3.3.6\spring-boot-3.3.6.jar;C:\Users\刘智文\.m2\repository\org\springframework\boot\spring-boot-starter-logging\3.3.6\spring-boot-starter-logging-3.3.6.jar;C:\Users\刘智文\.m2\repository\ch\qos\logback\logback-classic\1.5.12\logback-classic-1.5.12.jar;C:\Users\刘智文\.m2\repository\ch\qos\logback\logback-core\1.5.12\logback-core-1.5.12.jar;C:\Users\刘智文\.m2\repository\org\apache\logging\log4j\log4j-to-slf4j\2.23.1\log4j-to-slf4j-2.23.1.jar;C:\Users\刘智文\.m2\repository\org\apache\logging\log4j\log4j-api\2.23.1\log4j-api-2.23.1.jar;C:\Users\刘智文\.m2\repository\org\slf4j\jul-to-slf4j\2.0.16\jul-to-slf4j-2.0.16.jar;C:\Users\刘智文\.m2\repository\org\yaml\snakeyaml\2.2\snakeyaml-2.2.jar;C:\Users\刘智文\.m2\repository\org\springframework\boot\spring-boot-starter-json\3.3.6\spring-boot-starter-json-3.3.6.jar;C:\Users\刘智文\.m2\repository\com\fasterxml\jackson\datatype\jackson-datatype-jdk8\2.17.3\jackson-datatype-jdk8-2.17.3.jar;C:\Users\刘智文\.m2\repository\com\fasterxml\jackson\datatype\jackson-datatype-jsr310\2.17.3\jackson-datatype-jsr310-2.17.3.jar;C:\Users\刘智文\.m2\repository\com\fasterxml\jackson\module\jackson-module-parameter-names\2.17.3\jackson-module-parameter-names-2.17.3.jar;C:\Users\刘智文\.m2\repository\org\springframework\boot\spring-boot-starter-tomcat\3.3.6\spring-boot-starter-tomcat-3.3.6.jar;C:\Users\刘智文\.m2\repository\org\apache\tomcat\embed\tomcat-embed-core\10.1.33\tomcat-embed-core-10.1.33.jar;C:\Users\刘智文\.m2\repository\org\apache\tomcat\embed\tomcat-embed-websocket\10.1.33\tomcat-embed-websocket-10.1.33.jar;C:\Users\刘智文\.m2\repository\org\springframework\spring-web\6.1.15\spring-web-6.1.15.jar;C:\Users\刘智文\.m2\repository\org\springframework\spring-beans\6.1.15\spring-beans-6.1.15.jar;C:\Users\刘智文\.m2\repository\org\springframework\spring-webmvc\6.1.15\spring-webmvc-6.1.15.jar;C:\Users\刘智文\.m2\repository\org\springframework\spring-context\6.1.15\spring-context-6.1.15.jar;C:\Users\刘智文\.m2\repository\org\springframework\spring-expression\6.1.15\spring-expression-6.1.15.jar;C:\Users\刘智文\.m2\repository\org\springframework\boot\spring-boot-starter-actuator\3.3.6\spring-boot-starter-actuator-3.3.6.jar;C:\Users\刘智文\.m2\repository\org\springframework\boot\spring-boot-actuator-autoconfigure\3.3.6\spring-boot-actuator-autoconfigure-3.3.6.jar;C:\Users\刘智文\.m2\repository\org\springframework\boot\spring-boot-actuator\3.3.6\spring-boot-actuator-3.3.6.jar;C:\Users\刘智文\.m2\repository\io\micrometer\micrometer-observation\1.13.8\micrometer-observation-1.13.8.jar;C:\Users\刘智文\.m2\repository\io\micrometer\micrometer-commons\1.13.8\micrometer-commons-1.13.8.jar;C:\Users\刘智文\.m2\repository\io\micrometer\micrometer-jakarta9\1.13.8\micrometer-jakarta9-1.13.8.jar;C:\Users\刘智文\.m2\repository\io\micrometer\micrometer-core\1.13.8\micrometer-core-1.13.8.jar;C:\Users\刘智文\.m2\repository\org\hdrhistogram\HdrHistogram\2.2.2\HdrHistogram-2.2.2.jar;C:\Users\刘智文\.m2\repository\org\latencyutils\LatencyUtils\2.0.3\LatencyUtils-2.0.3.jar;C:\Users\刘智文\.m2\repository\org\springframework\boot\spring-boot-starter-validation\3.3.6\spring-boot-starter-validation-3.3.6.jar;C:\Users\刘智文\.m2\repository\org\apache\tomcat\embed\tomcat-embed-el\10.1.33\tomcat-embed-el-10.1.33.jar;C:\Users\刘智文\.m2\repository\org\hibernate\validator\hibernate-validator\8.0.1.Final\hibernate-validator-8.0.1.Final.jar;C:\Users\刘智文\.m2\repository\jakarta\validation\jakarta.validation-api\3.0.2\jakarta.validation-api-3.0.2.jar;C:\Users\刘智文\.m2\repository\org\jboss\logging\jboss-logging\3.5.3.Final\jboss-logging-3.5.3.Final.jar;C:\Users\刘智文\.m2\repository\com\fasterxml\classmate\1.7.0\classmate-1.7.0.jar;C:\Users\刘智文\.m2\repository\org\springframework\boot\spring-boot-starter-aop\3.3.6\spring-boot-starter-aop-3.3.6.jar;C:\Users\刘智文\.m2\repository\org\springframework\spring-aop\6.1.15\spring-aop-6.1.15.jar;C:\Users\刘智文\.m2\repository\org\aspectj\aspectjweaver\1.9.22.1\aspectjweaver-1.9.22.1.jar;C:\Users\刘智文\.m2\repository\org\springframework\boot\spring-boot-starter-data-redis\3.3.6\spring-boot-starter-data-redis-3.3.6.jar;C:\Users\刘智文\.m2\repository\io\lettuce\lettuce-core\6.3.2.RELEASE\lettuce-core-6.3.2.RELEASE.jar;C:\Users\刘智文\.m2\repository\io\netty\netty-common\4.1.115.Final\netty-common-4.1.115.Final.jar;C:\Users\刘智文\.m2\repository\io\netty\netty-handler\4.1.115.Final\netty-handler-4.1.115.Final.jar;C:\Users\刘智文\.m2\repository\io\netty\netty-resolver\4.1.115.Final\netty-resolver-4.1.115.Final.jar;C:\Users\刘智文\.m2\repository\io\netty\netty-buffer\4.1.115.Final\netty-buffer-4.1.115.Final.jar;C:\Users\刘智文\.m2\repository\io\netty\netty-transport-native-unix-common\4.1.115.Final\netty-transport-native-unix-common-4.1.115.Final.jar;C:\Users\刘智文\.m2\repository\io\netty\netty-codec\4.1.115.Final\netty-codec-4.1.115.Final.jar;C:\Users\刘智文\.m2\repository\io\netty\netty-transport\4.1.115.Final\netty-transport-4.1.115.Final.jar;C:\Users\刘智文\.m2\repository\io\projectreactor\reactor-core\3.6.12\reactor-core-3.6.12.jar;C:\Users\刘智文\.m2\repository\org\reactivestreams\reactive-streams\1.0.4\reactive-streams-1.0.4.jar;C:\Users\刘智文\.m2\repository\org\springframework\data\spring-data-redis\3.3.6\spring-data-redis-3.3.6.jar;C:\Users\刘智文\.m2\repository\org\springframework\data\spring-data-keyvalue\3.3.6\spring-data-keyvalue-3.3.6.jar;C:\Users\刘智文\.m2\repository\org\springframework\spring-tx\6.1.15\spring-tx-6.1.15.jar;C:\Users\刘智文\.m2\repository\org\springframework\spring-oxm\6.1.15\spring-oxm-6.1.15.jar;C:\Users\刘智文\.m2\repository\org\springframework\spring-context-support\6.1.15\spring-context-support-6.1.15.jar;C:\Users\刘智文\.m2\repository\org\springframework\boot\spring-boot-starter-data-jpa\3.3.6\spring-boot-starter-data-jpa-3.3.6.jar;C:\Users\刘智文\.m2\repository\org\springframework\boot\spring-boot-starter-jdbc\3.3.6\spring-boot-starter-jdbc-3.3.6.jar;C:\Users\刘智文\.m2\repository\com\zaxxer\HikariCP\5.1.0\HikariCP-5.1.0.jar;C:\Users\刘智文\.m2\repository\org\springframework\spring-jdbc\6.1.15\spring-jdbc-6.1.15.jar;C:\Users\刘智文\.m2\repository\org\hibernate\orm\hibernate-core\6.5.3.Final\hibernate-core-6.5.3.Final.jar;C:\Users\刘智文\.m2\repository\jakarta\persistence\jakarta.persistence-api\3.1.0\jakarta.persistence-api-3.1.0.jar;C:\Users\刘智文\.m2\repository\jakarta\transaction\jakarta.transaction-api\2.0.1\jakarta.transaction-api-2.0.1.jar;C:\Users\刘智文\.m2\repository\org\hibernate\common\hibernate-commons-annotations\6.0.6.Final\hibernate-commons-annotations-6.0.6.Final.jar;C:\Users\刘智文\.m2\repository\io\smallrye\jandex\3.1.2\jandex-3.1.2.jar;C:\Users\刘智文\.m2\repository\net\bytebuddy\byte-buddy\1.14.19\byte-buddy-1.14.19.jar;C:\Users\刘智文\.m2\repository\jakarta\inject\jakarta.inject-api\2.0.1\jakarta.inject-api-2.0.1.jar;C:\Users\刘智文\.m2\repository\org\antlr\antlr4-runtime\4.13.0\antlr4-runtime-4.13.0.jar;C:\Users\刘智文\.m2\repository\org\springframework\data\spring-data-jpa\3.3.6\spring-data-jpa-3.3.6.jar;C:\Users\刘智文\.m2\repository\org\springframework\data\spring-data-commons\3.3.6\spring-data-commons-3.3.6.jar;C:\Users\刘智文\.m2\repository\org\springframework\spring-orm\6.1.15\spring-orm-6.1.15.jar;C:\Users\刘智文\.m2\repository\org\springframework\spring-aspects\6.1.15\spring-aspects-6.1.15.jar;C:\Users\刘智文\.m2\repository\org\springframework\boot\spring-boot-starter-data-mongodb\3.3.6\spring-boot-starter-data-mongodb-3.3.6.jar;C:\Users\刘智文\.m2\repository\org\mongodb\mongodb-driver-sync\5.0.1\mongodb-driver-sync-5.0.1.jar;C:\Users\刘智文\.m2\repository\org\mongodb\bson\5.0.1\bson-5.0.1.jar;C:\Users\刘智文\.m2\repository\org\mongodb\mongodb-driver-core\5.0.1\mongodb-driver-core-5.0.1.jar;C:\Users\刘智文\.m2\repository\org\mongodb\bson-record-codec\5.0.1\bson-record-codec-5.0.1.jar;C:\Users\刘智文\.m2\repository\org\springframework\data\spring-data-mongodb\4.3.6\spring-data-mongodb-4.3.6.jar;C:\Users\刘智文\.m2\repository\org\springframework\boot\spring-boot-starter-test\3.3.6\spring-boot-starter-test-3.3.6.jar;C:\Users\刘智文\.m2\repository\org\springframework\boot\spring-boot-test\3.3.6\spring-boot-test-3.3.6.jar;C:\Users\刘智文\.m2\repository\org\springframework\boot\spring-boot-test-autoconfigure\3.3.6\spring-boot-test-autoconfigure-3.3.6.jar;C:\Users\刘智文\.m2\repository\com\jayway\jsonpath\json-path\2.9.0\json-path-2.9.0.jar;C:\Users\刘智文\.m2\repository\jakarta\xml\bind\jakarta.xml.bind-api\4.0.2\jakarta.xml.bind-api-4.0.2.jar;C:\Users\刘智文\.m2\repository\jakarta\activation\jakarta.activation-api\2.1.3\jakarta.activation-api-2.1.3.jar;C:\Users\刘智文\.m2\repository\net\minidev\json-smart\2.5.1\json-smart-2.5.1.jar;C:\Users\刘智文\.m2\repository\net\minidev\accessors-smart\2.5.1\accessors-smart-2.5.1.jar;C:\Users\刘智文\.m2\repository\org\ow2\asm\asm\9.6\asm-9.6.jar;C:\Users\刘智文\.m2\repository\org\assertj\assertj-core\3.25.3\assertj-core-3.25.3.jar;C:\Users\刘智文\.m2\repository\org\awaitility\awaitility\4.2.2\awaitility-4.2.2.jar;C:\Users\刘智文\.m2\repository\org\hamcrest\hamcrest\2.2\hamcrest-2.2.jar;C:\Users\刘智文\.m2\repository\org\junit\jupiter\junit-jupiter\5.10.5\junit-jupiter-5.10.5.jar;C:\Users\刘智文\.m2\repository\org\junit\jupiter\junit-jupiter-api\5.10.5\junit-jupiter-api-5.10.5.jar;C:\Users\刘智文\.m2\repository\org\opentest4j\opentest4j\1.3.0\opentest4j-1.3.0.jar;C:\Users\刘智文\.m2\repository\org\junit\platform\junit-platform-commons\1.10.5\junit-platform-commons-1.10.5.jar;C:\Users\刘智文\.m2\repository\org\apiguardian\apiguardian-api\1.1.2\apiguardian-api-1.1.2.jar;C:\Users\刘智文\.m2\repository\org\junit\jupiter\junit-jupiter-params\5.10.5\junit-jupiter-params-5.10.5.jar;C:\Users\刘智文\.m2\repository\org\junit\jupiter\junit-jupiter-engine\5.10.5\junit-jupiter-engine-5.10.5.jar;C:\Users\刘智文\.m2\repository\org\junit\platform\junit-platform-engine\1.10.5\junit-platform-engine-1.10.5.jar;C:\Users\刘智文\.m2\repository\org\mockito\mockito-core\5.11.0\mockito-core-5.11.0.jar;C:\Users\刘智文\.m2\repository\net\bytebuddy\byte-buddy-agent\1.14.19\byte-buddy-agent-1.14.19.jar;C:\Users\刘智文\.m2\repository\org\objenesis\objenesis\3.3\objenesis-3.3.jar;C:\Users\刘智文\.m2\repository\org\mockito\mockito-junit-jupiter\5.11.0\mockito-junit-jupiter-5.11.0.jar;C:\Users\刘智文\.m2\repository\org\skyscreamer\jsonassert\1.5.3\jsonassert-1.5.3.jar;C:\Users\刘智文\.m2\repository\com\vaadin\external\google\android-json\0.0.20131108.vaadin1\android-json-0.0.20131108.vaadin1.jar;C:\Users\刘智文\.m2\repository\org\springframework\spring-core\6.1.15\spring-core-6.1.15.jar;C:\Users\刘智文\.m2\repository\org\springframework\spring-jcl\6.1.15\spring-jcl-6.1.15.jar;C:\Users\刘智文\.m2\repository\org\springframework\spring-test\6.1.15\spring-test-6.1.15.jar;C:\Users\刘智文\.m2\repository\org\xmlunit\xmlunit-core\2.9.1\xmlunit-core-2.9.1.jar;C:\Users\刘智文\.m2\repository\org\projectlombok\lombok\1.18.36\lombok-1.18.36.jar;C:\Users\刘智文\.m2\repository\com\mysql\mysql-connector-j\9.1.0\mysql-connector-j-9.1.0.jar;C:\Users\刘智文\.m2\repository\com\google\protobuf\protobuf-java\4.26.1\protobuf-java-4.26.1.jar;C:\Users\刘智文\.m2\repository\com\alibaba\druid-spring-boot-starter\1.2.24\druid-spring-boot-starter-1.2.24.jar;C:\Users\刘智文\.m2\repository\com\alibaba\druid\1.2.24\druid-1.2.24.jar;C:\Users\刘智文\.m2\repository\org\slf4j\slf4j-api\2.0.16\slf4j-api-2.0.16.jar;C:\Users\刘智文\.m2\repository\org\springframework\boot\spring-boot-autoconfigure\3.3.6\spring-boot-autoconfigure-3.3.6.jar;C:\Users\刘智文\.m2\repository\org\glassfish\jaxb\jaxb-runtime\4.0.5\jaxb-runtime-4.0.5.jar;C:\Users\刘智文\.m2\repository\org\glassfish\jaxb\jaxb-core\4.0.5\jaxb-core-4.0.5.jar;C:\Users\刘智文\.m2\repository\org\eclipse\angus\angus-activation\2.0.2\angus-activation-2.0.2.jar;C:\Users\刘智文\.m2\repository\org\glassfish\jaxb\txw2\4.0.5\txw2-4.0.5.jar;C:\Users\刘智文\.m2\repository\com\sun\istack\istack-commons-runtime\4.1.2\istack-commons-runtime-4.1.2.jar;C:\Users\刘智文\.m2\repository\org\apache\rocketmq\rocketmq-spring-boot-starter\2.3.1\rocketmq-spring-boot-starter-2.3.1.jar;C:\Users\刘智文\.m2\repository\org\apache\rocketmq\rocketmq-spring-boot\2.3.1\rocketmq-spring-boot-2.3.1.jar;C:\Users\刘智文\.m2\repository\org\apache\rocketmq\rocketmq-client\5.3.0\rocketmq-client-5.3.0.jar;C:\Users\刘智文\.m2\repository\org\apache\rocketmq\rocketmq-remoting\5.3.0\rocketmq-remoting-5.3.0.jar;C:\Users\刘智文\.m2\repository\org\reflections\reflections\0.9.11\reflections-0.9.11.jar;C:\Users\刘智文\.m2\repository\org\javassist\javassist\3.21.0-GA\javassist-3.21.0-GA.jar;C:\Users\刘智文\.m2\repository\org\apache\commons\commons-lang3\3.14.0\commons-lang3-3.14.0.jar;C:\Users\刘智文\.m2\repository\io\github\aliyunmq\rocketmq-slf4j-api\1.0.1\rocketmq-slf4j-api-1.0.1.jar;C:\Users\刘智文\.m2\repository\io\github\aliyunmq\rocketmq-logback-classic\1.0.1\rocketmq-logback-classic-1.0.1.jar;C:\Users\刘智文\.m2\repository\org\apache\rocketmq\rocketmq-acl\5.3.0\rocketmq-acl-5.3.0.jar;C:\Users\刘智文\.m2\repository\org\apache\rocketmq\rocketmq-proto\2.0.3\rocketmq-proto-2.0.3.jar;C:\Users\刘智文\.m2\repository\org\apache\rocketmq\rocketmq-common\5.3.0\rocketmq-common-5.3.0.jar;C:\Users\刘智文\.m2\repository\com\alibaba\fastjson\1.2.83\fastjson-1.2.83.jar;C:\Users\刘智文\.m2\repository\com\alibaba\fastjson2\fastjson2\2.0.43\fastjson2-2.0.43.jar;C:\Users\刘智文\.m2\repository\io\netty\netty-all\4.1.115.Final\netty-all-4.1.115.Final.jar;C:\Users\刘智文\.m2\repository\io\netty\netty-codec-dns\4.1.115.Final\netty-codec-dns-4.1.115.Final.jar;C:\Users\刘智文\.m2\repository\io\netty\netty-codec-haproxy\4.1.115.Final\netty-codec-haproxy-4.1.115.Final.jar;C:\Users\刘智文\.m2\repository\io\netty\netty-codec-http\4.1.115.Final\netty-codec-http-4.1.115.Final.jar;C:\Users\刘智文\.m2\repository\io\netty\netty-codec-http2\4.1.115.Final\netty-codec-http2-4.1.115.Final.jar;C:\Users\刘智文\.m2\repository\io\netty\netty-codec-memcache\4.1.115.Final\netty-codec-memcache-4.1.115.Final.jar;C:\Users\刘智文\.m2\repository\io\netty\netty-codec-mqtt\4.1.115.Final\netty-codec-mqtt-4.1.115.Final.jar;C:\Users\刘智文\.m2\repository\io\netty\netty-codec-redis\4.1.115.Final\netty-codec-redis-4.1.115.Final.jar;C:\Users\刘智文\.m2\repository\io\netty\netty-codec-smtp\4.1.115.Final\netty-codec-smtp-4.1.115.Final.jar;C:\Users\刘智文\.m2\repository\io\netty\netty-codec-socks\4.1.115.Final\netty-codec-socks-4.1.115.Final.jar;C:\Users\刘智文\.m2\repository\io\netty\netty-codec-stomp\4.1.115.Final\netty-codec-stomp-4.1.115.Final.jar;C:\Users\刘智文\.m2\repository\io\netty\netty-codec-xml\4.1.115.Final\netty-codec-xml-4.1.115.Final.jar;C:\Users\刘智文\.m2\repository\io\netty\netty-handler-proxy\4.1.115.Final\netty-handler-proxy-4.1.115.Final.jar;C:\Users\刘智文\.m2\repository\io\netty\netty-handler-ssl-ocsp\4.1.115.Final\netty-handler-ssl-ocsp-4.1.115.Final.jar;C:\Users\刘智文\.m2\repository\io\netty\netty-resolver-dns\4.1.115.Final\netty-resolver-dns-4.1.115.Final.jar;C:\Users\刘智文\.m2\repository\io\netty\netty-transport-rxtx\4.1.115.Final\netty-transport-rxtx-4.1.115.Final.jar;C:\Users\刘智文\.m2\repository\io\netty\netty-transport-sctp\4.1.115.Final\netty-transport-sctp-4.1.115.Final.jar;C:\Users\刘智文\.m2\repository\io\netty\netty-transport-udt\4.1.115.Final\netty-transport-udt-4.1.115.Final.jar;C:\Users\刘智文\.m2\repository\io\netty\netty-transport-classes-epoll\4.1.115.Final\netty-transport-classes-epoll-4.1.115.Final.jar;C:\Users\刘智文\.m2\repository\io\netty\netty-transport-classes-kqueue\4.1.115.Final\netty-transport-classes-kqueue-4.1.115.Final.jar;C:\Users\刘智文\.m2\repository\io\netty\netty-resolver-dns-classes-macos\4.1.115.Final\netty-resolver-dns-classes-macos-4.1.115.Final.jar;C:\Users\刘智文\.m2\repository\io\netty\netty-transport-native-epoll\4.1.115.Final\netty-transport-native-epoll-4.1.115.Final-linux-x86_64.jar;C:\Users\刘智文\.m2\repository\io\netty\netty-transport-native-epoll\4.1.115.Final\netty-transport-native-epoll-4.1.115.Final-linux-aarch_64.jar;C:\Users\刘智文\.m2\repository\io\netty\netty-transport-native-epoll\4.1.115.Final\netty-transport-native-epoll-4.1.115.Final-linux-riscv64.jar;C:\Users\刘智文\.m2\repository\io\netty\netty-transport-native-kqueue\4.1.115.Final\netty-transport-native-kqueue-4.1.115.Final-osx-x86_64.jar;C:\Users\刘智文\.m2\repository\io\netty\netty-transport-native-kqueue\4.1.115.Final\netty-transport-native-kqueue-4.1.115.Final-osx-aarch_64.jar;C:\Users\刘智文\.m2\repository\io\netty\netty-resolver-dns-native-macos\4.1.115.Final\netty-resolver-dns-native-macos-4.1.115.Final-osx-x86_64.jar;C:\Users\刘智文\.m2\repository\io\netty\netty-resolver-dns-native-macos\4.1.115.Final\netty-resolver-dns-native-macos-4.1.115.Final-osx-aarch_64.jar;C:\Users\刘智文\.m2\repository\com\github\luben\zstd-jni\1.5.2-2\zstd-jni-1.5.2-2.jar;C:\Users\刘智文\.m2\repository\org\lz4\lz4-java\1.8.0\lz4-java-1.8.0.jar;C:\Users\刘智文\.m2\repository\io\opentelemetry\opentelemetry-exporter-otlp\1.38.0\opentelemetry-exporter-otlp-1.38.0.jar;C:\Users\刘智文\.m2\repository\io\opentelemetry\opentelemetry-sdk-trace\1.38.0\opentelemetry-sdk-trace-1.38.0.jar;C:\Users\刘智文\.m2\repository\io\opentelemetry\opentelemetry-sdk-metrics\1.38.0\opentelemetry-sdk-metrics-1.38.0.jar;C:\Users\刘智文\.m2\repository\io\opentelemetry\opentelemetry-api-incubator\1.38.0-alpha\opentelemetry-api-incubator-1.38.0-alpha.jar;C:\Users\刘智文\.m2\repository\io\opentelemetry\opentelemetry-sdk-logs\1.38.0\opentelemetry-sdk-logs-1.38.0.jar;C:\Users\刘智文\.m2\repository\io\opentelemetry\opentelemetry-exporter-otlp-common\1.38.0\opentelemetry-exporter-otlp-common-1.38.0.jar;C:\Users\刘智文\.m2\repository\io\opentelemetry\opentelemetry-exporter-common\1.38.0\opentelemetry-exporter-common-1.38.0.jar;C:\Users\刘智文\.m2\repository\io\opentelemetry\opentelemetry-exporter-sender-okhttp\1.38.0\opentelemetry-exporter-sender-okhttp-1.38.0.jar;C:\Users\刘智文\.m2\repository\com\squareup\okhttp3\okhttp\4.12.0\okhttp-4.12.0.jar;C:\Users\刘智文\.m2\repository\com\squareup\okio\okio\3.6.0\okio-3.6.0.jar;C:\Users\刘智文\.m2\repository\org\jetbrains\kotlin\kotlin-stdlib-jdk8\1.9.25\kotlin-stdlib-jdk8-1.9.25.jar;C:\Users\刘智文\.m2\repository\org\jetbrains\kotlin\kotlin-stdlib\1.9.25\kotlin-stdlib-1.9.25.jar;C:\Users\刘智文\.m2\repository\org\jetbrains\annotations\13.0\annotations-13.0.jar;C:\Users\刘智文\.m2\repository\org\jetbrains\kotlin\kotlin-stdlib-jdk7\1.9.25\kotlin-stdlib-jdk7-1.9.25.jar;C:\Users\刘智文\.m2\repository\io\opentelemetry\opentelemetry-sdk-extension-autoconfigure-spi\1.38.0\opentelemetry-sdk-extension-autoconfigure-spi-1.38.0.jar;C:\Users\刘智文\.m2\repository\io\opentelemetry\opentelemetry-exporter-prometheus\1.29.0-alpha\opentelemetry-exporter-prometheus-1.29.0-alpha.jar;C:\Users\刘智文\.m2\repository\io\opentelemetry\opentelemetry-exporter-logging\1.38.0\opentelemetry-exporter-logging-1.38.0.jar;C:\Users\刘智文\.m2\repository\io\opentelemetry\opentelemetry-sdk\1.38.0\opentelemetry-sdk-1.38.0.jar;C:\Users\刘智文\.m2\repository\io\opentelemetry\opentelemetry-api\1.38.0\opentelemetry-api-1.38.0.jar;C:\Users\刘智文\.m2\repository\io\opentelemetry\opentelemetry-context\1.38.0\opentelemetry-context-1.38.0.jar;C:\Users\刘智文\.m2\repository\io\opentelemetry\opentelemetry-sdk-common\1.38.0\opentelemetry-sdk-common-1.38.0.jar;C:\Users\刘智文\.m2\repository\io\opentelemetry\opentelemetry-exporter-logging-otlp\1.38.0\opentelemetry-exporter-logging-otlp-1.38.0.jar;C:\Users\刘智文\.m2\repository\io\grpc\grpc-stub\1.53.0\grpc-stub-1.53.0.jar;C:\Users\刘智文\.m2\repository\io\grpc\grpc-api\1.53.0\grpc-api-1.53.0.jar;C:\Users\刘智文\.m2\repository\io\grpc\grpc-context\1.53.0\grpc-context-1.53.0.jar;C:\Users\刘智文\.m2\repository\io\grpc\grpc-netty-shaded\1.53.0\grpc-netty-shaded-1.53.0.jar;C:\Users\刘智文\.m2\repository\io\perfmark\perfmark-api\0.25.0\perfmark-api-0.25.0.jar;C:\Users\刘智文\.m2\repository\io\grpc\grpc-core\1.53.0\grpc-core-1.53.0.jar;C:\Users\刘智文\.m2\repository\com\google\code\gson\gson\2.10.1\gson-2.10.1.jar;C:\Users\刘智文\.m2\repository\com\google\android\annotations\4.1.1.4\annotations-4.1.1.4.jar;C:\Users\刘智文\.m2\repository\org\codehaus\mojo\animal-sniffer-annotations\1.21\animal-sniffer-annotations-1.21.jar;C:\Users\刘智文\.m2\repository\com\squareup\okio\okio-jvm\3.4.0\okio-jvm-3.4.0.jar;C:\Users\刘智文\.m2\repository\org\apache\rocketmq\rocketmq-srvutil\5.3.0\rocketmq-srvutil-5.3.0.jar;C:\Users\刘智文\.m2\repository\commons-cli\commons-cli\1.5.0\commons-cli-1.5.0.jar;C:\Users\刘智文\.m2\repository\com\googlecode\concurrentlinkedhashmap\concurrentlinkedhashmap-lru\1.4.2\concurrentlinkedhashmap-lru-1.4.2.jar;C:\Users\刘智文\.m2\repository\commons-validator\commons-validator\1.7\commons-validator-1.7.jar;C:\Users\刘智文\.m2\repository\commons-beanutils\commons-beanutils\1.9.4\commons-beanutils-1.9.4.jar;C:\Users\刘智文\.m2\repository\commons-digester\commons-digester\2.1\commons-digester-2.1.jar;C:\Users\刘智文\.m2\repository\commons-logging\commons-logging\1.2\commons-logging-1.2.jar;C:\Users\刘智文\.m2\repository\commons-collections\commons-collections\3.2.2\commons-collections-3.2.2.jar;C:\Users\刘智文\.m2\repository\com\google\protobuf\protobuf-java-util\3.20.1\protobuf-java-util-3.20.1.jar;C:\Users\刘智文\.m2\repository\org\springframework\spring-messaging\6.1.15\spring-messaging-6.1.15.jar;C:\Users\刘智文\.m2\repository\org\springframework\cloud\spring-cloud-starter-openfeign\4.1.4\spring-cloud-starter-openfeign-4.1.4.jar;C:\Users\刘智文\.m2\repository\org\springframework\cloud\spring-cloud-starter\4.1.5\spring-cloud-starter-4.1.5.jar;C:\Users\刘智文\.m2\repository\org\springframework\security\spring-security-rsa\1.1.3\spring-security-rsa-1.1.3.jar;C:\Users\刘智文\.m2\repository\org\bouncycastle\bcprov-jdk18on\1.78\bcprov-jdk18on-1.78.jar;C:\Users\刘智文\.m2\repository\org\springframework\cloud\spring-cloud-commons\4.1.5\spring-cloud-commons-4.1.5.jar;C:\Users\刘智文\.m2\repository\org\springframework\security\spring-security-crypto\6.3.5\spring-security-crypto-6.3.5.jar;C:\Users\刘智文\.m2\repository\io\github\openfeign\feign-core\13.5\feign-core-13.5.jar;C:\Users\刘智文\.m2\repository\io\github\openfeign\feign-slf4j\13.5\feign-slf4j-13.5.jar;C:\Users\刘智文\.m2\repository\org\springframework\cloud\spring-cloud-openfeign-core\4.1.4\spring-cloud-openfeign-core-4.1.4.jar;C:\Users\刘智文\.m2\repository\io\github\openfeign\feign-form-spring\13.5\feign-form-spring-13.5.jar;C:\Users\刘智文\.m2\repository\io\github\openfeign\feign-form\13.5\feign-form-13.5.jar;C:\Users\刘智文\.m2\repository\commons-fileupload\commons-fileupload\1.5\commons-fileupload-1.5.jar;C:\Users\刘智文\.m2\repository\commons-io\commons-io\2.11.0\commons-io-2.11.0.jar;C:\Users\刘智文\.m2\repository\com\alibaba\cloud\spring-cloud-starter-alibaba-nacos-config\2023.0.1.2\spring-cloud-starter-alibaba-nacos-config-2023.0.1.2.jar;C:\Users\刘智文\.m2\repository\com\alibaba\cloud\spring-cloud-alibaba-commons\2023.0.1.2\spring-cloud-alibaba-commons-2023.0.1.2.jar;C:\Users\刘智文\.m2\repository\com\alibaba\spring\spring-context-support\1.0.11\spring-context-support-1.0.11.jar;C:\Users\刘智文\.m2\repository\com\alibaba\nacos\nacos-client\2.3.2\nacos-client-2.3.2.jar;C:\Users\刘智文\.m2\repository\com\alibaba\nacos\nacos-auth-plugin\2.3.2\nacos-auth-plugin-2.3.2.jar;C:\Users\刘智文\.m2\repository\com\alibaba\nacos\nacos-encryption-plugin\2.3.2\nacos-encryption-plugin-2.3.2.jar;C:\Users\刘智文\.m2\repository\commons-codec\commons-codec\1.16.1\commons-codec-1.16.1.jar;C:\Users\刘智文\.m2\repository\com\fasterxml\jackson\core\jackson-core\2.17.3\jackson-core-2.17.3.jar;C:\Users\刘智文\.m2\repository\org\apache\httpcomponents\httpasyncclient\4.1.5\httpasyncclient-4.1.5.jar;C:\Users\刘智文\.m2\repository\org\apache\httpcomponents\httpcore-nio\4.4.16\httpcore-nio-4.4.16.jar;C:\Users\刘智文\.m2\repository\org\apache\httpcomponents\httpclient\4.5.13\httpclient-4.5.13.jar;C:\Users\刘智文\.m2\repository\org\apache\httpcomponents\httpcore\4.4.16\httpcore-4.4.16.jar;C:\Users\刘智文\.m2\repository\io\prometheus\simpleclient\0.16.0\simpleclient-0.16.0.jar;C:\Users\刘智文\.m2\repository\io\prometheus\simpleclient_tracer_otel\0.16.0\simpleclient_tracer_otel-0.16.0.jar;C:\Users\刘智文\.m2\repository\io\prometheus\simpleclient_tracer_common\0.16.0\simpleclient_tracer_common-0.16.0.jar;C:\Users\刘智文\.m2\repository\io\prometheus\simpleclient_tracer_otel_agent\0.16.0\simpleclient_tracer_otel_agent-0.16.0.jar;C:\Users\刘智文\.m2\repository\org\springframework\cloud\spring-cloud-context\4.1.5\spring-cloud-context-4.1.5.jar;C:\Users\刘智文\.m2\repository\jakarta\annotation\jakarta.annotation-api\2.1.1\jakarta.annotation-api-2.1.1.jar;C:\Users\刘智文\.m2\repository\com\alibaba\cloud\spring-cloud-starter-alibaba-nacos-discovery\2023.0.1.2\spring-cloud-starter-alibaba-nacos-discovery-2023.0.1.2.jar;C:\Users\刘智文\.m2\repository\org\springframework\cloud\spring-cloud-starter-bootstrap\4.1.5\spring-cloud-starter-bootstrap-4.1.5.jar;"/>
    <property name="sun.cpu.endian" value="little"/>
    <property name="user.home" value="C:\Users\刘智文"/>
    <property name="user.language" value="zh"/>
    <property name="java.specification.vendor" value="Oracle Corporation"/>
    <property name="java.version.date" value="2024-01-16"/>
    <property name="java.home" value="D:\JAVA\jdk-17_windows-x64_bin\jdk-17.0.10"/>
    <property name="file.separator" value="\"/>
    <property name="basedir" value="D:\JAVA\oomall-2023-1\product"/>
    <property name="java.vm.compressedOopsMode" value="Zero based"/>
    <property name="line.separator" value="&#10;"/>
    <property name="java.vm.specification.vendor" value="Oracle Corporation"/>
    <property name="java.specification.name" value="Java Platform API Specification"/>
    <property name="FILE_LOG_CHARSET" value="UTF-8"/>
    <property name="java.awt.headless" value="true"/>
    <property name="surefire.real.class.path" value="C:\Users\刘智文\AppData\Local\Temp\surefire7420327723374651456\surefirebooter-20241204221422799_3.jar"/>
    <property name="user.script" value=""/>
    <property name="sun.management.compiler" value="HotSpot 64-Bit Tiered Compilers"/>
    <property name="java.runtime.version" value="17.0.10+11-LTS-240"/>
    <property name="user.name" value="刘智文"/>
    <property name="path.separator" value=";"/>
    <property name="os.version" value="10.0"/>
    <property name="java.runtime.name" value="Java(TM) SE Runtime Environment"/>
    <property name="file.encoding" value="UTF-8"/>
    <property name="java.vm.name" value="Java HotSpot(TM) 64-Bit Server VM"/>
    <property name="rocketmq.remoting.version" value="473"/>
    <property name="localRepository" value="C:\Users\刘智文\.m2\repository"/>
    <property name="java.vendor.url.bug" value="https://bugreport.java.com/bugreport/"/>
    <property name="java.io.tmpdir" value="C:\Users\刘智文\AppData\Local\Temp\"/>
    <property name="idea.version" value="2024.1.4"/>
    <property name="java.version" value="17.0.10"/>
    <property name="user.dir" value="D:\JAVA\oomall-2023-1\product"/>
    <property name="os.arch" value="amd64"/>
    <property name="java.vm.specification.name" value="Java Virtual Machine Specification"/>
    <property name="PID" value="41176"/>
    <property name="sun.os.patch.level" value=""/>
    <property name="CONSOLE_LOG_CHARSET" value="UTF-8"/>
    <property name="native.encoding" value="GBK"/>
    <property name="java.library.path" value="D:\JAVA\jdk-17_windows-x64_bin\jdk-17.0.10\bin;C:\WINDOWS\Sun\Java\bin;C:\WINDOWS\system32;C:\WINDOWS;C:\Program Files (x86)\Common Files\NetSarang;D:\VMware\bin\;C:\ProgramData\Oracle\Java\javapath;D:\vmware17\bin\;C:\Program Files\PlasticSCM5\client;D:\Python\Ptyhon1;D:\Python\Ptyhon1\Library\mingw-w64\bin;D:\Python\Ptyhon1\Library\usr\bin;D:\Python\Ptyhon1\Library\bin;D:\Python\Ptyhon1\Scripts;D:\JAVA\JDK\bin;C:\Program Files\Common Files\Oracle\Java\javapath;C:\Program Files (x86)\Common Files\Oracle\Java\javapath;C:\Program Files\Microsoft\jdk-11.0.16.101-hotspot\bin;C:\Windows\system32;C:\Windows;C:\Windows\System32\Wbem;C:\Windows\System32\WindowsPowerShell\v1.0\;C:\Windows\System32\OpenSSH\;C:\Program Files (x86)\NVIDIA Corporation\PhysX\Common;C:\Program Files\NVIDIA Corporation\NVIDIA NvDLISR;C:\WINDOWS\system32;C:\WINDOWS;C:\WINDOWS\System32\Wbem;C:\WINDOWS\System32\WindowsPowerShell\v1.0\;C:\WINDOWS\System32\OpenSSH\;C:\Program Files\dotnet\;D:\刘智文\微信web开发者工具\dll;D:\DataBA;e\CodeArts IDE\bin;D:\JAVA\apache-tomcat-9.0.90-windows-x64\apache-tomcat-9.0.90\bin;C:\Program Files\MySQL\MySQL Server 9.0\bin;D:\SQL2019\150\Tools\Binn\;C:\Program Files\Microsoft SQL Server\150\Tools\Binn\;D:\SQL2019\150\DTS\Binn\;C:\Program Files\Microsoft SQL Server\150\DTS\Binn\;C:\Program Files\Microsoft SQL Server\Client SDK\ODBC\170\Tools\Binn\;C:\Program Files\Azure Data Studio\bin;C:\Program Files\Microsoft SQL Server\130\DTS\Binn\;C:\Program Files\Microsoft SQL Server\140\DTS\Binn\;C:\Program Files\Microsoft SQL Server\160\DTS\Binn\;D:\node\;D:\DM\Graphviz\bin;C:\Program Files\Git\cmd;D:\JAVA\Maven\apache-maven-3.8.8-bin\apache-maven-3.8.8\bin;D:\DM\Anaconda;D:\DM\Anaconda\Library\mingw-w64\bin;D:\DM\Anaconda\Library\usr\bin;D:\DM\Anaconda\Library\bin;D:\DM\Anaconda\Scripts;C:\Users\刘智文\AppData\Local\Microsoft\WindowsApps;D:\Python\Scripts\;D:\Python\;C:\Users\刘智文\AppData\Local\Programs\Python\Python38\;C:\Users\刘智文\AppData\Local\Microsoft\WindowsApps;C:\Program Files (x86)\Tencent\QQGameTempest\Hall.57915\;C:\Users\刘智文\.dotnet\tools;D:\Program Files\JetBrains\PyCharm Community Edition 2022.3.3\bin;;D:\刘智文\Microsoft VS Code\bin;D:\JAVA\apache-tomcat-9.0.90-windows-x64\apache-tomcat-9.0.90\bin;D:\JAVA\IntelliJ IDEA 2024.1.4\bin;;C:\Program Files\Azure Data Studio\bin;C:\Users\刘智文\AppData\Roaming\npm;."/>
    <property name="java.vm.info" value="mixed mode, sharing"/>
    <property name="java.vendor" value="Oracle Corporation"/>
    <property name="java.vm.version" value="17.0.10+11-LTS-240"/>
    <property name="sun.io.unicode.encoding" value="UnicodeLittle"/>
    <property name="java.class.version" value="61.0"/>
    <property name="LOGGED_APPLICATION_NAME" value="[product-service] "/>
  </properties>
  <testcase name="testRetrieveByShopIdGivenWithoutProductIdWithAdminForAll" classname="cn.edu.xmu.oomall.product.controller.AdminGrouponActControllerTest" time="0.828">
    <system-out><![CDATA[2024-12-04 22:15:47.158 [main] DEBUG cn.edu.xmu.javaee.core.util.JwtHelper - createToken:
2024-12-04 22:15:47.158 [main] DEBUG cn.edu.xmu.javaee.core.util.JwtHelper - createToken: userId = 1 userName=admin departId=0 tokenId:202412042215471DVA
2024-12-04 22:15:47.159 [main] DEBUG cn.edu.xmu.javaee.core.util.JwtHelper - createToken:
2024-12-04 22:15:47.159 [main] DEBUG cn.edu.xmu.javaee.core.util.JwtHelper - createToken: userId = 1 userName=wt departId=10 tokenId:202412042215471EUA
2024-12-04 22:15:47.159 [main] DEBUG cn.edu.xmu.javaee.core.util.JwtHelper - createToken:
2024-12-04 22:15:47.159 [main] DEBUG cn.edu.xmu.javaee.core.util.JwtHelper - createToken: userId = 1 userName=wt departId=3 tokenId:2024120422154712EA
2024-12-04 22:15:47.160 [main] DEBUG cn.edu.xmu.javaee.core.util.JwtHelper - createToken:
2024-12-04 22:15:47.160 [main] DEBUG cn.edu.xmu.javaee.core.util.JwtHelper - createToken: userId = 1 userName=wt departId=2 tokenId:2024120422154719WA
2024-12-04 22:15:47.214 [main] DEBUG cn.edu.xmu.javaee.core.aop.ControllerAspect - doAround: method = retrieveByShopId, paramNames = [shopId, productId, status, page, pageSize]
2024-12-04 22:15:47.214 [main] DEBUG cn.edu.xmu.javaee.core.aop.ControllerAspect - checkPageTimeLimit: paramNames[0] = shopId
2024-12-04 22:15:47.214 [main] DEBUG cn.edu.xmu.javaee.core.aop.ControllerAspect - checkPageTimeLimit: paramNames[1] = productId
2024-12-04 22:15:47.214 [main] DEBUG cn.edu.xmu.javaee.core.aop.ControllerAspect - checkPageTimeLimit: paramNames[2] = status
2024-12-04 22:15:47.214 [main] DEBUG cn.edu.xmu.javaee.core.aop.ControllerAspect - checkPageTimeLimit: paramNames[3] = page
2024-12-04 22:15:47.214 [main] DEBUG cn.edu.xmu.javaee.core.aop.ControllerAspect - checkPageTimeLimit: set page to 1
2024-12-04 22:15:47.214 [main] DEBUG cn.edu.xmu.javaee.core.aop.ControllerAspect - checkPageTimeLimit: paramNames[4] = pageSize
2024-12-04 22:15:47.214 [main] DEBUG cn.edu.xmu.javaee.core.aop.ControllerAspect - checkPageTimeLimit: set pageSize to 10
2024-12-04 22:15:47.215 [main] DEBUG cn.edu.xmu.javaee.core.aop.AuditAspect - decryptToken : token = UserToken(userId=1, userName=admin, departId=0, expireTime=Wed Dec 04 23:15:47 CST 2024, userLevel=1)
2024-12-04 22:15:47.215 [main] DEBUG cn.edu.xmu.javaee.core.aop.AuditAspect - checkDepartId : the api path is /shops/0/groupons
2024-12-04 22:15:47.215 [main] DEBUG cn.edu.xmu.javaee.core.aop.AuditAspect - checkDepartId: getPathInfo = /shops/0/groupons
2024-12-04 22:15:47.216 [main] DEBUG c.edu.xmu.oomall.product.dao.activity.ActivityDao - retrieveByShopIdAndProductId: shopId = 0, productId = null, page = 1, pageSize= 10
2024-12-04 22:15:47.273 [main] DEBUG c.edu.xmu.oomall.product.dao.activity.ActivityDao - retrieveByShopIdAndProductId: pos size = 2
2024-12-04 22:15:47.274 [main] DEBUG c.edu.xmu.oomall.product.dao.activity.ActivityDao - build: po = ActivityPo(id=4, creatorId=1, creatorName=admin, modifierId=null, modifierName=null, gmtCreate=2022-12-09T02:09:26, gmtModified=null, shopId=2, name=团购活动2, objectId=6571af0a9e0bbf44f06141d0, actClass=grouponActDao, status=1)
2024-12-04 22:15:47.570 [main] INFO  c.edu.xmu.oomall.product.config.MongoCommandLogger - Command: find
2024-12-04 22:15:47.570 [main] INFO  c.edu.xmu.oomall.product.config.MongoCommandLogger - Connection Address: mongo3:27017
2024-12-04 22:15:47.672 [main] DEBUG c.e.xmu.oomall.product.dao.activity.GrouponActDao - getActivity: actPo = cn.edu.xmu.oomall.product.mapper.po.GrouponActPo@6eab0141
2024-12-04 22:15:47.673 [main] DEBUG c.e.xmu.oomall.product.dao.activity.GrouponActDao - getActivity: bo = GrouponAct(super=Activity(super=OOMallObject(id=4, creatorId=1, creatorName=admin, modifierId=null, modifierName=null, gmtCreate=2022-12-09T02:09:26, gmtModified=null), shopId=2, name=团购活动2, objectId=6571af0a9e0bbf44f06141d0, actClass=grouponActDao, status=1), thresholds=[Threshold(quantity=100, percentage=10), Threshold(quantity=50, percentage=5)])
2024-12-04 22:15:47.682 [main] DEBUG cn.edu.xmu.javaee.core.aop.DaoAspect - doAround: obj = cn.edu.xmu.oomall.product.dao.activity.GrouponActDao@3f8dfbc0, method = getActivity
2024-12-04 22:15:47.684 [main] DEBUG c.edu.xmu.oomall.product.dao.activity.ActivityDao - build: bo = GrouponAct(super=Activity(super=OOMallObject(id=4, creatorId=1, creatorName=admin, modifierId=null, modifierName=null, gmtCreate=2022-12-09T02:09:26, gmtModified=null), shopId=2, name=团购活动2, objectId=6571af0a9e0bbf44f06141d0, actClass=grouponActDao, status=1), thresholds=[Threshold(quantity=100, percentage=10), Threshold(quantity=50, percentage=5)])
2024-12-04 22:15:47.684 [main] DEBUG c.edu.xmu.oomall.product.dao.activity.ActivityDao - retrieveByShopIdAndProductId: bo = GrouponAct(super=Activity(super=OOMallObject(id=4, creatorId=1, creatorName=admin, modifierId=null, modifierName=null, gmtCreate=2022-12-09T02:09:26, gmtModified=null), shopId=2, name=团购活动2, objectId=6571af0a9e0bbf44f06141d0, actClass=grouponActDao, status=1), thresholds=[Threshold(quantity=100, percentage=10), Threshold(quantity=50, percentage=5)])
2024-12-04 22:15:47.684 [main] DEBUG c.edu.xmu.oomall.product.dao.activity.ActivityDao - build: po = ActivityPo(id=8, creatorId=1, creatorName=admin, modifierId=null, modifierName=null, gmtCreate=2022-12-09T02:09:26, gmtModified=null, shopId=6, name=团购活动1, objectId=6571ae09f66b807258a17a3d, actClass=grouponActDao, status=1)
2024-12-04 22:15:47.688 [main] INFO  c.edu.xmu.oomall.product.config.MongoCommandLogger - Command: find
2024-12-04 22:15:47.688 [main] INFO  c.edu.xmu.oomall.product.config.MongoCommandLogger - Connection Address: mongo3:27017
2024-12-04 22:15:47.735 [main] DEBUG c.e.xmu.oomall.product.dao.activity.GrouponActDao - getActivity: actPo = cn.edu.xmu.oomall.product.mapper.po.GrouponActPo@c044e62
2024-12-04 22:15:47.735 [main] DEBUG c.e.xmu.oomall.product.dao.activity.GrouponActDao - getActivity: bo = GrouponAct(super=Activity(super=OOMallObject(id=8, creatorId=1, creatorName=admin, modifierId=null, modifierName=null, gmtCreate=2022-12-09T02:09:26, gmtModified=null), shopId=6, name=团购活动1, objectId=6571ae09f66b807258a17a3d, actClass=grouponActDao, status=1), thresholds=[Threshold(quantity=10, percentage=10), Threshold(quantity=20, percentage=20), Threshold(quantity=30, percentage=30)])
2024-12-04 22:15:47.735 [main] DEBUG cn.edu.xmu.javaee.core.aop.DaoAspect - doAround: obj = cn.edu.xmu.oomall.product.dao.activity.GrouponActDao@3f8dfbc0, method = getActivity
2024-12-04 22:15:47.735 [main] DEBUG c.edu.xmu.oomall.product.dao.activity.ActivityDao - build: bo = GrouponAct(super=Activity(super=OOMallObject(id=8, creatorId=1, creatorName=admin, modifierId=null, modifierName=null, gmtCreate=2022-12-09T02:09:26, gmtModified=null), shopId=6, name=团购活动1, objectId=6571ae09f66b807258a17a3d, actClass=grouponActDao, status=1), thresholds=[Threshold(quantity=10, percentage=10), Threshold(quantity=20, percentage=20), Threshold(quantity=30, percentage=30)])
2024-12-04 22:15:47.735 [main] DEBUG c.edu.xmu.oomall.product.dao.activity.ActivityDao - retrieveByShopIdAndProductId: bo = GrouponAct(super=Activity(super=OOMallObject(id=8, creatorId=1, creatorName=admin, modifierId=null, modifierName=null, gmtCreate=2022-12-09T02:09:26, gmtModified=null), shopId=6, name=团购活动1, objectId=6571ae09f66b807258a17a3d, actClass=grouponActDao, status=1), thresholds=[Threshold(quantity=10, percentage=10), Threshold(quantity=20, percentage=20), Threshold(quantity=30, percentage=30)])
2024-12-04 22:15:47.735 [main] DEBUG c.edu.xmu.oomall.product.dao.activity.ActivityDao - retrieveByShopIdAndProductId: actList_size = 2
2024-12-04 22:15:47.735 [main] DEBUG cn.edu.xmu.javaee.core.aop.DaoAspect - doAround: obj = cn.edu.xmu.oomall.product.dao.activity.ActivityDao@7e281050, method = retrieveByShopIdAndProductId
2024-12-04 22:15:47.736 [main] DEBUG c.e.x.o.product.controller.ShopGrouponController - retrieveByShopId: ret.size = 2
2024-12-04 22:15:47.738 [main] DEBUG cn.edu.xmu.oomall.product.dao.onsale.OnSaleDao - retrieveByActId: actId = 4, page = 1, pageSize = 1000
2024-12-04 22:15:47.799 [main] DEBUG cn.edu.xmu.javaee.core.aop.DaoAspect - doAround: obj = cn.edu.xmu.oomall.product.dao.onsale.OnSaleDao@6ca0fdd0, method = retrieveByActId
2024-12-04 22:15:47.801 [main] DEBUG cn.edu.xmu.oomall.product.dao.bo.Activity - getOnsaleList: onsaleList = [OnSale(super=OOMallObject(id=119, creatorId=1, creatorName=admin, modifierId=null, modifierName=null, gmtCreate=2021-11-11T14:38:20, gmtModified=null), price=40058, beginTime=2021-11-11T14:38:20, endTime=2027-02-19T14:38:20, quantity=34, maxQuantity=10, shopId=2, productId=1668, type=0, deposit=0, payTime=null)]
2024-12-04 22:15:47.801 [main] DEBUG c.e.x.o.product.controller.ShopGrouponController - retrieveByShopId: dto = cn.edu.xmu.oomall.product.controller.vo.SimpleGrouponActVo@1f17bba3
2024-12-04 22:15:47.801 [main] DEBUG cn.edu.xmu.oomall.product.dao.onsale.OnSaleDao - retrieveByActId: actId = 8, page = 1, pageSize = 1000
2024-12-04 22:15:47.855 [main] DEBUG cn.edu.xmu.javaee.core.aop.DaoAspect - doAround: obj = cn.edu.xmu.oomall.product.dao.onsale.OnSaleDao@6ca0fdd0, method = retrieveByActId
2024-12-04 22:15:47.856 [main] DEBUG cn.edu.xmu.oomall.product.dao.bo.Activity - getOnsaleList: onsaleList = [OnSale(super=OOMallObject(id=10, creatorId=1, creatorName=admin, modifierId=null, modifierName=null, gmtCreate=2021-11-11T14:38:20, gmtModified=null), price=398, beginTime=2022-11-11T14:38:20, endTime=2028-02-19T14:38:20, quantity=24, maxQuantity=50, shopId=6, productId=1559, type=0, deposit=0, payTime=null)]
2024-12-04 22:15:47.856 [main] DEBUG c.e.x.o.product.controller.ShopGrouponController - retrieveByShopId: dto = cn.edu.xmu.oomall.product.controller.vo.SimpleGrouponActVo@1c48aeb5
2024-12-04 22:15:47.856 [main] DEBUG cn.edu.xmu.javaee.core.aop.ControllerAspect - doAround: jp = retrieveByShopId, code = OK
]]></system-out>
  </testcase>
  <testcase name="testRetrieveByShopIdGivenWithoutProductIdWithAdminForAllWithNewStatus" classname="cn.edu.xmu.oomall.product.controller.AdminGrouponActControllerTest" time="0.417">
    <system-out><![CDATA[2024-12-04 22:15:48.044 [main] DEBUG cn.edu.xmu.javaee.core.aop.ControllerAspect - doAround: method = retrieveByShopId, paramNames = [shopId, productId, status, page, pageSize]
2024-12-04 22:15:48.044 [main] DEBUG cn.edu.xmu.javaee.core.aop.ControllerAspect - checkPageTimeLimit: paramNames[0] = shopId
2024-12-04 22:15:48.044 [main] DEBUG cn.edu.xmu.javaee.core.aop.ControllerAspect - checkPageTimeLimit: paramNames[1] = productId
2024-12-04 22:15:48.044 [main] DEBUG cn.edu.xmu.javaee.core.aop.ControllerAspect - checkPageTimeLimit: paramNames[2] = status
2024-12-04 22:15:48.044 [main] DEBUG cn.edu.xmu.javaee.core.aop.ControllerAspect - checkPageTimeLimit: paramNames[3] = page
2024-12-04 22:15:48.044 [main] DEBUG cn.edu.xmu.javaee.core.aop.ControllerAspect - checkPageTimeLimit: set page to 1
2024-12-04 22:15:48.044 [main] DEBUG cn.edu.xmu.javaee.core.aop.ControllerAspect - checkPageTimeLimit: paramNames[4] = pageSize
2024-12-04 22:15:48.044 [main] DEBUG cn.edu.xmu.javaee.core.aop.ControllerAspect - checkPageTimeLimit: set pageSize to 10
2024-12-04 22:15:48.045 [main] DEBUG cn.edu.xmu.javaee.core.aop.AuditAspect - decryptToken : token = UserToken(userId=1, userName=admin, departId=0, expireTime=Wed Dec 04 23:15:47 CST 2024, userLevel=1)
2024-12-04 22:15:48.045 [main] DEBUG cn.edu.xmu.javaee.core.aop.AuditAspect - checkDepartId : the api path is /shops/0/groupons
2024-12-04 22:15:48.045 [main] DEBUG cn.edu.xmu.javaee.core.aop.AuditAspect - checkDepartId: getPathInfo = /shops/0/groupons
2024-12-04 22:15:48.045 [main] DEBUG c.edu.xmu.oomall.product.dao.activity.ActivityDao - retrieveByShopIdAndProductId: shopId = 0, productId = null, page = 1, pageSize= 10
2024-12-04 22:15:48.096 [main] DEBUG c.edu.xmu.oomall.product.dao.activity.ActivityDao - retrieveByShopIdAndProductId: pos size = 2
2024-12-04 22:15:48.096 [main] DEBUG c.edu.xmu.oomall.product.dao.activity.ActivityDao - build: po = ActivityPo(id=95, creatorId=1, creatorName=admin, modifierId=null, modifierName=null, gmtCreate=2023-12-08T08:33:39, gmtModified=null, shopId=2, name=团购活动3, objectId=6571b38d7bc1ad7cd929c85a, actClass=grouponActDao, status=0)
2024-12-04 22:15:48.098 [main] INFO  c.edu.xmu.oomall.product.config.MongoCommandLogger - Command: find
2024-12-04 22:15:48.098 [main] INFO  c.edu.xmu.oomall.product.config.MongoCommandLogger - Connection Address: mongo3:27017
2024-12-04 22:15:48.144 [main] DEBUG c.e.xmu.oomall.product.dao.activity.GrouponActDao - getActivity: actPo = cn.edu.xmu.oomall.product.mapper.po.GrouponActPo@4112bcbd
2024-12-04 22:15:48.144 [main] DEBUG c.e.xmu.oomall.product.dao.activity.GrouponActDao - getActivity: bo = GrouponAct(super=Activity(super=OOMallObject(id=95, creatorId=1, creatorName=admin, modifierId=null, modifierName=null, gmtCreate=2023-12-08T08:33:39, gmtModified=null), shopId=2, name=团购活动3, objectId=6571b38d7bc1ad7cd929c85a, actClass=grouponActDao, status=0), thresholds=[Threshold(quantity=1, percentage=10), Threshold(quantity=2, percentage=20), Threshold(quantity=3, percentage=30)])
2024-12-04 22:15:48.144 [main] DEBUG cn.edu.xmu.javaee.core.aop.DaoAspect - doAround: obj = cn.edu.xmu.oomall.product.dao.activity.GrouponActDao@3f8dfbc0, method = getActivity
2024-12-04 22:15:48.144 [main] DEBUG c.edu.xmu.oomall.product.dao.activity.ActivityDao - build: bo = GrouponAct(super=Activity(super=OOMallObject(id=95, creatorId=1, creatorName=admin, modifierId=null, modifierName=null, gmtCreate=2023-12-08T08:33:39, gmtModified=null), shopId=2, name=团购活动3, objectId=6571b38d7bc1ad7cd929c85a, actClass=grouponActDao, status=0), thresholds=[Threshold(quantity=1, percentage=10), Threshold(quantity=2, percentage=20), Threshold(quantity=3, percentage=30)])
2024-12-04 22:15:48.144 [main] DEBUG c.edu.xmu.oomall.product.dao.activity.ActivityDao - retrieveByShopIdAndProductId: bo = GrouponAct(super=Activity(super=OOMallObject(id=95, creatorId=1, creatorName=admin, modifierId=null, modifierName=null, gmtCreate=2023-12-08T08:33:39, gmtModified=null), shopId=2, name=团购活动3, objectId=6571b38d7bc1ad7cd929c85a, actClass=grouponActDao, status=0), thresholds=[Threshold(quantity=1, percentage=10), Threshold(quantity=2, percentage=20), Threshold(quantity=3, percentage=30)])
2024-12-04 22:15:48.144 [main] DEBUG c.edu.xmu.oomall.product.dao.activity.ActivityDao - build: po = ActivityPo(id=96, creatorId=1, creatorName=admin, modifierId=null, modifierName=null, gmtCreate=2023-12-08T08:34:28, gmtModified=null, shopId=1, name=团购活动4, objectId=6571b5f153415545865e8b54, actClass=grouponActDao, status=0)
2024-12-04 22:15:48.145 [main] INFO  c.edu.xmu.oomall.product.config.MongoCommandLogger - Command: find
2024-12-04 22:15:48.145 [main] INFO  c.edu.xmu.oomall.product.config.MongoCommandLogger - Connection Address: mongo3:27017
2024-12-04 22:15:48.192 [main] DEBUG c.e.xmu.oomall.product.dao.activity.GrouponActDao - getActivity: actPo = cn.edu.xmu.oomall.product.mapper.po.GrouponActPo@5283ce4d
2024-12-04 22:15:48.192 [main] DEBUG c.e.xmu.oomall.product.dao.activity.GrouponActDao - getActivity: bo = GrouponAct(super=Activity(super=OOMallObject(id=96, creatorId=1, creatorName=admin, modifierId=null, modifierName=null, gmtCreate=2023-12-08T08:34:28, gmtModified=null), shopId=1, name=团购活动4, objectId=6571b5f153415545865e8b54, actClass=grouponActDao, status=0), thresholds=[Threshold(quantity=2, percentage=10), Threshold(quantity=4, percentage=20), Threshold(quantity=6, percentage=30)])
2024-12-04 22:15:48.192 [main] DEBUG cn.edu.xmu.javaee.core.aop.DaoAspect - doAround: obj = cn.edu.xmu.oomall.product.dao.activity.GrouponActDao@3f8dfbc0, method = getActivity
2024-12-04 22:15:48.192 [main] DEBUG c.edu.xmu.oomall.product.dao.activity.ActivityDao - build: bo = GrouponAct(super=Activity(super=OOMallObject(id=96, creatorId=1, creatorName=admin, modifierId=null, modifierName=null, gmtCreate=2023-12-08T08:34:28, gmtModified=null), shopId=1, name=团购活动4, objectId=6571b5f153415545865e8b54, actClass=grouponActDao, status=0), thresholds=[Threshold(quantity=2, percentage=10), Threshold(quantity=4, percentage=20), Threshold(quantity=6, percentage=30)])
2024-12-04 22:15:48.192 [main] DEBUG c.edu.xmu.oomall.product.dao.activity.ActivityDao - retrieveByShopIdAndProductId: bo = GrouponAct(super=Activity(super=OOMallObject(id=96, creatorId=1, creatorName=admin, modifierId=null, modifierName=null, gmtCreate=2023-12-08T08:34:28, gmtModified=null), shopId=1, name=团购活动4, objectId=6571b5f153415545865e8b54, actClass=grouponActDao, status=0), thresholds=[Threshold(quantity=2, percentage=10), Threshold(quantity=4, percentage=20), Threshold(quantity=6, percentage=30)])
2024-12-04 22:15:48.192 [main] DEBUG c.edu.xmu.oomall.product.dao.activity.ActivityDao - retrieveByShopIdAndProductId: actList_size = 2
2024-12-04 22:15:48.192 [main] DEBUG cn.edu.xmu.javaee.core.aop.DaoAspect - doAround: obj = cn.edu.xmu.oomall.product.dao.activity.ActivityDao@7e281050, method = retrieveByShopIdAndProductId
2024-12-04 22:15:48.192 [main] DEBUG c.e.x.o.product.controller.ShopGrouponController - retrieveByShopId: ret.size = 2
2024-12-04 22:15:48.192 [main] DEBUG cn.edu.xmu.oomall.product.dao.onsale.OnSaleDao - retrieveByActId: actId = 95, page = 1, pageSize = 1000
2024-12-04 22:15:48.246 [main] DEBUG cn.edu.xmu.javaee.core.aop.DaoAspect - doAround: obj = cn.edu.xmu.oomall.product.dao.onsale.OnSaleDao@6ca0fdd0, method = retrieveByActId
2024-12-04 22:15:48.246 [main] DEBUG cn.edu.xmu.oomall.product.dao.bo.Activity - getOnsaleList: onsaleList = [OnSale(super=OOMallObject(id=441, creatorId=1, creatorName=admin, modifierId=null, modifierName=null, gmtCreate=2021-11-11T14:38:20, gmtModified=null), price=52987, beginTime=2021-11-11T14:38:20, endTime=2027-02-19T14:38:20, quantity=80, maxQuantity=50, shopId=2, productId=1990, type=0, deposit=0, payTime=null)]
2024-12-04 22:15:48.246 [main] DEBUG c.e.x.o.product.controller.ShopGrouponController - retrieveByShopId: dto = cn.edu.xmu.oomall.product.controller.vo.SimpleGrouponActVo@1f8a4a55
2024-12-04 22:15:48.246 [main] DEBUG cn.edu.xmu.oomall.product.dao.onsale.OnSaleDao - retrieveByActId: actId = 96, page = 1, pageSize = 1000
2024-12-04 22:15:48.301 [main] DEBUG cn.edu.xmu.javaee.core.aop.DaoAspect - doAround: obj = cn.edu.xmu.oomall.product.dao.onsale.OnSaleDao@6ca0fdd0, method = retrieveByActId
2024-12-04 22:15:48.301 [main] DEBUG cn.edu.xmu.oomall.product.dao.bo.Activity - getOnsaleList: onsaleList = [OnSale(super=OOMallObject(id=12, creatorId=1, creatorName=admin, modifierId=null, modifierName=null, gmtCreate=2021-11-11T14:38:20, gmtModified=null), price=3569, beginTime=2021-11-11T14:38:20, endTime=2030-02-19T14:38:20, quantity=66, maxQuantity=50, shopId=1, productId=1561, type=0, deposit=0, payTime=null)]
2024-12-04 22:15:48.301 [main] DEBUG c.e.x.o.product.controller.ShopGrouponController - retrieveByShopId: dto = cn.edu.xmu.oomall.product.controller.vo.SimpleGrouponActVo@7c015ce2
2024-12-04 22:15:48.301 [main] DEBUG cn.edu.xmu.javaee.core.aop.ControllerAspect - doAround: jp = retrieveByShopId, code = OK
]]></system-out>
  </testcase>
  <testcase name="testCreateShopsWhenUserIsAdmin" classname="cn.edu.xmu.oomall.product.controller.AdminGrouponActControllerTest" time="0.229">
    <system-out><![CDATA[2024-12-04 22:15:48.482 [main] DEBUG cn.edu.xmu.javaee.core.aop.ControllerAspect - doAround: method = createGrouponAct, paramNames = [shopId, pid, vo, user]
2024-12-04 22:15:48.482 [main] DEBUG cn.edu.xmu.javaee.core.aop.ControllerAspect - checkPageTimeLimit: paramNames[0] = shopId
2024-12-04 22:15:48.482 [main] DEBUG cn.edu.xmu.javaee.core.aop.ControllerAspect - checkPageTimeLimit: paramNames[1] = pid
2024-12-04 22:15:48.482 [main] DEBUG cn.edu.xmu.javaee.core.aop.ControllerAspect - checkPageTimeLimit: paramNames[2] = vo
2024-12-04 22:15:48.482 [main] DEBUG cn.edu.xmu.javaee.core.aop.ControllerAspect - checkPageTimeLimit: paramNames[3] = user
2024-12-04 22:15:48.484 [main] DEBUG cn.edu.xmu.javaee.core.aop.AuditAspect - decryptToken : token = UserToken(userId=1, userName=wt, departId=10, expireTime=Wed Dec 04 23:15:47 CST 2024, userLevel=1)
2024-12-04 22:15:48.484 [main] DEBUG cn.edu.xmu.javaee.core.aop.AuditAspect - checkDepartId : the api path is /shops/10/products/99999/groupons
2024-12-04 22:15:48.484 [main] DEBUG cn.edu.xmu.javaee.core.aop.AuditAspect - checkDepartId: getPathInfo = /shops/10/products/99999/groupons
2024-12-04 22:15:48.484 [main] DEBUG cn.edu.xmu.javaee.core.aop.AuditAspect - checkDepartId : did = 10
2024-12-04 22:15:48.484 [main] DEBUG cn.edu.xmu.javaee.core.aop.AuditAspect - checkDepartId : success match Id!
2024-12-04 22:15:48.485 [main] DEBUG cn.edu.xmu.oomall.product.dao.ProductDao - findNoOnsaleById: id = 99999
2024-12-04 22:15:48.536 [main] INFO  cn.edu.xmu.javaee.core.aop.ControllerAspect - doAround: BusinessException， errno = RESOURCE_ID_NOTEXIST
2024-12-04 22:15:48.536 [main] DEBUG cn.edu.xmu.javaee.core.aop.ControllerAspect - doAround: jp = createGrouponAct, code = RESOURCE_ID_NOTEXIST
]]></system-out>
  </testcase>
  <testcase name="testCancelProductGrouponActGivenWrongProduct" classname="cn.edu.xmu.oomall.product.controller.AdminGrouponActControllerTest" time="0.323">
    <system-out><![CDATA[2024-12-04 22:15:48.697 [main] DEBUG cn.edu.xmu.javaee.core.aop.ControllerAspect - doAround: method = cancelProductGrouponAct, paramNames = [shopId, pid, id, user]
2024-12-04 22:15:48.697 [main] DEBUG cn.edu.xmu.javaee.core.aop.ControllerAspect - checkPageTimeLimit: paramNames[0] = shopId
2024-12-04 22:15:48.697 [main] DEBUG cn.edu.xmu.javaee.core.aop.ControllerAspect - checkPageTimeLimit: paramNames[1] = pid
2024-12-04 22:15:48.697 [main] DEBUG cn.edu.xmu.javaee.core.aop.ControllerAspect - checkPageTimeLimit: paramNames[2] = id
2024-12-04 22:15:48.697 [main] DEBUG cn.edu.xmu.javaee.core.aop.ControllerAspect - checkPageTimeLimit: paramNames[3] = user
2024-12-04 22:15:48.699 [main] DEBUG cn.edu.xmu.javaee.core.aop.AuditAspect - decryptToken : token = UserToken(userId=1, userName=wt, departId=2, expireTime=Wed Dec 04 23:15:47 CST 2024, userLevel=1)
2024-12-04 22:15:48.699 [main] DEBUG cn.edu.xmu.javaee.core.aop.AuditAspect - checkDepartId : the api path is /shops/2/products/9999/groupons/4
2024-12-04 22:15:48.699 [main] DEBUG cn.edu.xmu.javaee.core.aop.AuditAspect - checkDepartId: getPathInfo = /shops/2/products/9999/groupons/4
2024-12-04 22:15:48.699 [main] DEBUG cn.edu.xmu.javaee.core.aop.AuditAspect - checkDepartId : did = 2
2024-12-04 22:15:48.699 [main] DEBUG cn.edu.xmu.javaee.core.aop.AuditAspect - checkDepartId : success match Id!
2024-12-04 22:15:48.752 [main] DEBUG c.edu.xmu.oomall.product.dao.activity.ActivityDao - build: po = ActivityPo(id=4, creatorId=1, creatorName=admin, modifierId=null, modifierName=null, gmtCreate=2022-12-09T02:09:26, gmtModified=null, shopId=2, name=团购活动2, objectId=6571af0a9e0bbf44f06141d0, actClass=grouponActDao, status=1)
2024-12-04 22:15:48.754 [main] INFO  c.edu.xmu.oomall.product.config.MongoCommandLogger - Command: find
2024-12-04 22:15:48.754 [main] INFO  c.edu.xmu.oomall.product.config.MongoCommandLogger - Connection Address: mongo3:27017
2024-12-04 22:15:48.800 [main] DEBUG c.e.xmu.oomall.product.dao.activity.GrouponActDao - getActivity: actPo = cn.edu.xmu.oomall.product.mapper.po.GrouponActPo@78f9127b
2024-12-04 22:15:48.800 [main] DEBUG c.e.xmu.oomall.product.dao.activity.GrouponActDao - getActivity: bo = GrouponAct(super=Activity(super=OOMallObject(id=4, creatorId=1, creatorName=admin, modifierId=null, modifierName=null, gmtCreate=2022-12-09T02:09:26, gmtModified=null), shopId=2, name=团购活动2, objectId=6571af0a9e0bbf44f06141d0, actClass=grouponActDao, status=1), thresholds=[Threshold(quantity=100, percentage=10), Threshold(quantity=50, percentage=5)])
2024-12-04 22:15:48.801 [main] DEBUG cn.edu.xmu.javaee.core.aop.DaoAspect - doAround: obj = cn.edu.xmu.oomall.product.dao.activity.GrouponActDao@3f8dfbc0, method = getActivity
2024-12-04 22:15:48.801 [main] DEBUG c.edu.xmu.oomall.product.dao.activity.ActivityDao - build: bo = GrouponAct(super=Activity(super=OOMallObject(id=4, creatorId=1, creatorName=admin, modifierId=null, modifierName=null, gmtCreate=2022-12-09T02:09:26, gmtModified=null), shopId=2, name=团购活动2, objectId=6571af0a9e0bbf44f06141d0, actClass=grouponActDao, status=1), thresholds=[Threshold(quantity=100, percentage=10), Threshold(quantity=50, percentage=5)])
2024-12-04 22:15:48.801 [main] DEBUG cn.edu.xmu.javaee.core.aop.DaoAspect - doAround: obj = cn.edu.xmu.oomall.product.dao.activity.ActivityDao@7e281050, method = findById
2024-12-04 22:15:48.856 [main] ERROR cn.edu.xmu.javaee.core.aop.DaoAspect - doAround: obj = cn.edu.xmu.oomall.product.dao.onsale.OnSaleDao@6ca0fdd0, method = findByActIdEqualsAndProductIdEquals, e = {}
java.lang.NullPointerException: Cannot invoke "cn.edu.xmu.oomall.product.mapper.po.OnsalePo.getId()" because "onsalePo" is null
	at cn.edu.xmu.oomall.product.dao.onsale.OnSaleDao.findByActIdEqualsAndProductIdEquals(OnSaleDao.java:328)
	at java.base/jdk.internal.reflect.NativeMethodAccessorImpl.invoke0(Native Method)
	at java.base/jdk.internal.reflect.NativeMethodAccessorImpl.invoke(NativeMethodAccessorImpl.java:77)
	at java.base/jdk.internal.reflect.DelegatingMethodAccessorImpl.invoke(DelegatingMethodAccessorImpl.java:43)
	at java.base/java.lang.reflect.Method.invoke(Method.java:568)
	at org.springframework.aop.support.AopUtils.invokeJoinpointUsingReflection(AopUtils.java:355)
	at org.springframework.aop.framework.ReflectiveMethodInvocation.invokeJoinpoint(ReflectiveMethodInvocation.java:196)
	at org.springframework.aop.framework.ReflectiveMethodInvocation.proceed(ReflectiveMethodInvocation.java:163)
	at org.springframework.aop.framework.CglibAopProxy$CglibMethodInvocation.proceed(CglibAopProxy.java:768)
	at org.springframework.dao.support.PersistenceExceptionTranslationInterceptor.invoke(PersistenceExceptionTranslationInterceptor.java:138)
	at org.springframework.aop.framework.ReflectiveMethodInvocation.proceed(ReflectiveMethodInvocation.java:184)
	at org.springframework.aop.framework.CglibAopProxy$CglibMethodInvocation.proceed(CglibAopProxy.java:768)
	at org.springframework.aop.aspectj.MethodInvocationProceedingJoinPoint.proceed(MethodInvocationProceedingJoinPoint.java:89)
	at cn.edu.xmu.javaee.core.aop.DaoAspect.doAround(DaoAspect.java:29)
	at jdk.internal.reflect.GeneratedMethodAccessor97.invoke(Unknown Source)
	at java.base/jdk.internal.reflect.DelegatingMethodAccessorImpl.invoke(DelegatingMethodAccessorImpl.java:43)
	at java.base/java.lang.reflect.Method.invoke(Method.java:568)
	at org.springframework.aop.aspectj.AbstractAspectJAdvice.invokeAdviceMethodWithGivenArgs(AbstractAspectJAdvice.java:637)
	at org.springframework.aop.aspectj.AbstractAspectJAdvice.invokeAdviceMethod(AbstractAspectJAdvice.java:627)
	at org.springframework.aop.aspectj.AspectJAroundAdvice.invoke(AspectJAroundAdvice.java:71)
	at org.springframework.aop.framework.ReflectiveMethodInvocation.proceed(ReflectiveMethodInvocation.java:184)
	at org.springframework.aop.framework.CglibAopProxy$CglibMethodInvocation.proceed(CglibAopProxy.java:768)
	at org.springframework.aop.interceptor.ExposeInvocationInterceptor.invoke(ExposeInvocationInterceptor.java:97)
	at org.springframework.aop.framework.ReflectiveMethodInvocation.proceed(ReflectiveMethodInvocation.java:184)
	at org.springframework.aop.framework.CglibAopProxy$CglibMethodInvocation.proceed(CglibAopProxy.java:768)
	at org.springframework.aop.framework.CglibAopProxy$DynamicAdvisedInterceptor.intercept(CglibAopProxy.java:720)
	at cn.edu.xmu.oomall.product.dao.onsale.OnSaleDao$$SpringCGLIB$$0.findByActIdEqualsAndProductIdEquals(<generated>)
	at java.base/jdk.internal.reflect.NativeMethodAccessorImpl.invoke0(Native Method)
	at java.base/jdk.internal.reflect.NativeMethodAccessorImpl.invoke(NativeMethodAccessorImpl.java:77)
	at java.base/jdk.internal.reflect.DelegatingMethodAccessorImpl.invoke(DelegatingMethodAccessorImpl.java:43)
	at java.base/java.lang.reflect.Method.invoke(Method.java:568)
	at org.springframework.util.ReflectionUtils.invokeMethod(ReflectionUtils.java:281)
	at org.springframework.cloud.context.scope.GenericScope$LockedScopedProxyFactoryBean.invoke(GenericScope.java:482)
	at org.springframework.aop.framework.ReflectiveMethodInvocation.proceed(ReflectiveMethodInvocation.java:184)
	at org.springframework.aop.framework.CglibAopProxy$CglibMethodInvocation.proceed(CglibAopProxy.java:768)
	at org.springframework.aop.framework.CglibAopProxy$DynamicAdvisedInterceptor.intercept(CglibAopProxy.java:720)
	at cn.edu.xmu.oomall.product.dao.onsale.OnSaleDao$$SpringCGLIB$$1.findByActIdEqualsAndProductIdEquals(<generated>)
	at cn.edu.xmu.oomall.product.service.GrouponActService.cancelFromGrouponAct(GrouponActService.java:147)
	at java.base/jdk.internal.reflect.NativeMethodAccessorImpl.invoke0(Native Method)
	at java.base/jdk.internal.reflect.NativeMethodAccessorImpl.invoke(NativeMethodAccessorImpl.java:77)
	at java.base/jdk.internal.reflect.DelegatingMethodAccessorImpl.invoke(DelegatingMethodAccessorImpl.java:43)
	at java.base/java.lang.reflect.Method.invoke(Method.java:568)
	at org.springframework.aop.support.AopUtils.invokeJoinpointUsingReflection(AopUtils.java:355)
	at org.springframework.aop.framework.ReflectiveMethodInvocation.invokeJoinpoint(ReflectiveMethodInvocation.java:196)
	at org.springframework.aop.framework.ReflectiveMethodInvocation.proceed(ReflectiveMethodInvocation.java:163)
	at org.springframework.aop.framework.CglibAopProxy$CglibMethodInvocation.proceed(CglibAopProxy.java:768)
	at org.springframework.transaction.interceptor.TransactionAspectSupport.invokeWithinTransaction(TransactionAspectSupport.java:379)
	at org.springframework.transaction.interceptor.TransactionInterceptor.invoke(TransactionInterceptor.java:119)
	at org.springframework.aop.framework.ReflectiveMethodInvocation.proceed(ReflectiveMethodInvocation.java:184)
	at org.springframework.aop.framework.CglibAopProxy$CglibMethodInvocation.proceed(CglibAopProxy.java:768)
	at org.springframework.aop.framework.CglibAopProxy$DynamicAdvisedInterceptor.intercept(CglibAopProxy.java:720)
	at cn.edu.xmu.oomall.product.service.GrouponActService$$SpringCGLIB$$0.cancelFromGrouponAct(<generated>)
	at cn.edu.xmu.oomall.product.controller.ShopGrouponController.cancelProductGrouponAct(ShopGrouponController.java:153)
	at java.base/jdk.internal.reflect.NativeMethodAccessorImpl.invoke0(Native Method)
	at java.base/jdk.internal.reflect.NativeMethodAccessorImpl.invoke(NativeMethodAccessorImpl.java:77)
	at java.base/jdk.internal.reflect.DelegatingMethodAccessorImpl.invoke(DelegatingMethodAccessorImpl.java:43)
	at java.base/java.lang.reflect.Method.invoke(Method.java:568)
	at org.springframework.aop.support.AopUtils.invokeJoinpointUsingReflection(AopUtils.java:355)
	at org.springframework.aop.framework.ReflectiveMethodInvocation.invokeJoinpoint(ReflectiveMethodInvocation.java:196)
	at org.springframework.aop.framework.ReflectiveMethodInvocation.proceed(ReflectiveMethodInvocation.java:163)
	at org.springframework.aop.framework.CglibAopProxy$CglibMethodInvocation.proceed(CglibAopProxy.java:768)
	at org.springframework.aop.aspectj.MethodInvocationProceedingJoinPoint.proceed(MethodInvocationProceedingJoinPoint.java:102)
	at cn.edu.xmu.javaee.core.aop.AuditAspect.aroundAudit(AuditAspect.java:64)
	at jdk.internal.reflect.GeneratedMethodAccessor99.invoke(Unknown Source)
	at java.base/jdk.internal.reflect.DelegatingMethodAccessorImpl.invoke(DelegatingMethodAccessorImpl.java:43)
	at java.base/java.lang.reflect.Method.invoke(Method.java:568)
	at org.springframework.aop.aspectj.AbstractAspectJAdvice.invokeAdviceMethodWithGivenArgs(AbstractAspectJAdvice.java:637)
	at org.springframework.aop.aspectj.AbstractAspectJAdvice.invokeAdviceMethod(AbstractAspectJAdvice.java:627)
	at org.springframework.aop.aspectj.AspectJAroundAdvice.invoke(AspectJAroundAdvice.java:71)
	at org.springframework.aop.framework.ReflectiveMethodInvocation.proceed(ReflectiveMethodInvocation.java:173)
	at org.springframework.aop.framework.CglibAopProxy$CglibMethodInvocation.proceed(CglibAopProxy.java:768)
	at org.springframework.aop.aspectj.MethodInvocationProceedingJoinPoint.proceed(MethodInvocationProceedingJoinPoint.java:102)
	at cn.edu.xmu.javaee.core.aop.ControllerAspect.doAround(ControllerAspect.java:61)
	at jdk.internal.reflect.GeneratedMethodAccessor98.invoke(Unknown Source)
	at java.base/jdk.internal.reflect.DelegatingMethodAccessorImpl.invoke(DelegatingMethodAccessorImpl.java:43)
	at java.base/java.lang.reflect.Method.invoke(Method.java:568)
	at org.springframework.aop.aspectj.AbstractAspectJAdvice.invokeAdviceMethodWithGivenArgs(AbstractAspectJAdvice.java:637)
	at org.springframework.aop.aspectj.AbstractAspectJAdvice.invokeAdviceMethod(AbstractAspectJAdvice.java:627)
	at org.springframework.aop.aspectj.AspectJAroundAdvice.invoke(AspectJAroundAdvice.java:71)
	at org.springframework.aop.framework.ReflectiveMethodInvocation.proceed(ReflectiveMethodInvocation.java:184)
	at org.springframework.aop.framework.CglibAopProxy$CglibMethodInvocation.proceed(CglibAopProxy.java:768)
	at org.springframework.aop.interceptor.ExposeInvocationInterceptor.invoke(ExposeInvocationInterceptor.java:97)
	at org.springframework.aop.framework.ReflectiveMethodInvocation.proceed(ReflectiveMethodInvocation.java:184)
	at org.springframework.aop.framework.CglibAopProxy$CglibMethodInvocation.proceed(CglibAopProxy.java:768)
	at org.springframework.aop.framework.CglibAopProxy$DynamicAdvisedInterceptor.intercept(CglibAopProxy.java:720)
	at cn.edu.xmu.oomall.product.controller.ShopGrouponController$$SpringCGLIB$$0.cancelProductGrouponAct(<generated>)
	at java.base/jdk.internal.reflect.NativeMethodAccessorImpl.invoke0(Native Method)
	at java.base/jdk.internal.reflect.NativeMethodAccessorImpl.invoke(NativeMethodAccessorImpl.java:77)
	at java.base/jdk.internal.reflect.DelegatingMethodAccessorImpl.invoke(DelegatingMethodAccessorImpl.java:43)
	at java.base/java.lang.reflect.Method.invoke(Method.java:568)
	at org.springframework.web.method.support.InvocableHandlerMethod.doInvoke(InvocableHandlerMethod.java:255)
	at org.springframework.web.method.support.InvocableHandlerMethod.invokeForRequest(InvocableHandlerMethod.java:188)
	at org.springframework.web.servlet.mvc.method.annotation.ServletInvocableHandlerMethod.invokeAndHandle(ServletInvocableHandlerMethod.java:118)
	at org.springframework.web.servlet.mvc.method.annotation.RequestMappingHandlerAdapter.invokeHandlerMethod(RequestMappingHandlerAdapter.java:926)
	at org.springframework.web.servlet.mvc.method.annotation.RequestMappingHandlerAdapter.handleInternal(RequestMappingHandlerAdapter.java:831)
	at org.springframework.web.servlet.mvc.method.AbstractHandlerMethodAdapter.handle(AbstractHandlerMethodAdapter.java:87)
	at org.springframework.web.servlet.DispatcherServlet.doDispatch(DispatcherServlet.java:1089)
	at org.springframework.web.servlet.DispatcherServlet.doService(DispatcherServlet.java:979)
	at org.springframework.web.servlet.FrameworkServlet.processRequest(FrameworkServlet.java:1014)
	at org.springframework.web.servlet.FrameworkServlet.doDelete(FrameworkServlet.java:936)
	at jakarta.servlet.http.HttpServlet.service(HttpServlet.java:596)
	at org.springframework.web.servlet.FrameworkServlet.service(FrameworkServlet.java:885)
	at org.springframework.test.web.servlet.TestDispatcherServlet.service(TestDispatcherServlet.java:72)
	at jakarta.servlet.http.HttpServlet.service(HttpServlet.java:658)
	at org.springframework.mock.web.MockFilterChain$ServletFilterProxy.doFilter(MockFilterChain.java:165)
	at org.springframework.mock.web.MockFilterChain.doFilter(MockFilterChain.java:132)
	at org.springframework.web.filter.RequestContextFilter.doFilterInternal(RequestContextFilter.java:100)
	at org.springframework.web.filter.OncePerRequestFilter.doFilter(OncePerRequestFilter.java:116)
	at org.springframework.test.web.servlet.setup.MockMvcFilterDecorator.doFilter(MockMvcFilterDecorator.java:151)
	at org.springframework.mock.web.MockFilterChain.doFilter(MockFilterChain.java:132)
	at org.springframework.web.filter.FormContentFilter.doFilterInternal(FormContentFilter.java:93)
	at org.springframework.web.filter.OncePerRequestFilter.doFilter(OncePerRequestFilter.java:116)
	at org.springframework.test.web.servlet.setup.MockMvcFilterDecorator.doFilter(MockMvcFilterDecorator.java:151)
	at org.springframework.mock.web.MockFilterChain.doFilter(MockFilterChain.java:132)
	at org.springframework.web.filter.ServerHttpObservationFilter.doFilterInternal(ServerHttpObservationFilter.java:113)
	at org.springframework.web.filter.OncePerRequestFilter.doFilter(OncePerRequestFilter.java:116)
	at org.springframework.test.web.servlet.setup.MockMvcFilterDecorator.doFilter(MockMvcFilterDecorator.java:151)
	at org.springframework.mock.web.MockFilterChain.doFilter(MockFilterChain.java:132)
	at org.springframework.web.filter.CharacterEncodingFilter.doFilterInternal(CharacterEncodingFilter.java:201)
	at org.springframework.web.filter.OncePerRequestFilter.doFilter(OncePerRequestFilter.java:116)
	at org.springframework.test.web.servlet.setup.MockMvcFilterDecorator.doFilter(MockMvcFilterDecorator.java:151)
	at org.springframework.mock.web.MockFilterChain.doFilter(MockFilterChain.java:132)
	at org.springframework.test.web.servlet.MockMvc.perform(MockMvc.java:201)
	at cn.edu.xmu.oomall.product.controller.AdminGrouponActControllerTest.testCancelProductGrouponActGivenWrongProduct(AdminGrouponActControllerTest.java:406)
	at java.base/jdk.internal.reflect.NativeMethodAccessorImpl.invoke0(Native Method)
	at java.base/jdk.internal.reflect.NativeMethodAccessorImpl.invoke(NativeMethodAccessorImpl.java:77)
	at java.base/jdk.internal.reflect.DelegatingMethodAccessorImpl.invoke(DelegatingMethodAccessorImpl.java:43)
	at java.base/java.lang.reflect.Method.invoke(Method.java:568)
	at org.junit.platform.commons.util.ReflectionUtils.invokeMethod(ReflectionUtils.java:728)
	at org.junit.jupiter.engine.execution.MethodInvocation.proceed(MethodInvocation.java:60)
	at org.junit.jupiter.engine.execution.InvocationInterceptorChain$ValidatingInvocation.proceed(InvocationInterceptorChain.java:131)
	at org.junit.jupiter.engine.extension.TimeoutExtension.intercept(TimeoutExtension.java:156)
	at org.junit.jupiter.engine.extension.TimeoutExtension.interceptTestableMethod(TimeoutExtension.java:147)
	at org.junit.jupiter.engine.extension.TimeoutExtension.interceptTestMethod(TimeoutExtension.java:86)
	at org.junit.jupiter.engine.execution.InterceptingExecutableInvoker$ReflectiveInterceptorCall.lambda$ofVoidMethod$0(InterceptingExecutableInvoker.java:103)
	at org.junit.jupiter.engine.execution.InterceptingExecutableInvoker.lambda$invoke$0(InterceptingExecutableInvoker.java:93)
	at org.junit.jupiter.engine.execution.InvocationInterceptorChain$InterceptedInvocation.proceed(InvocationInterceptorChain.java:106)
	at org.junit.jupiter.engine.execution.InvocationInterceptorChain.proceed(InvocationInterceptorChain.java:64)
	at org.junit.jupiter.engine.execution.InvocationInterceptorChain.chainAndInvoke(InvocationInterceptorChain.java:45)
	at org.junit.jupiter.engine.execution.InvocationInterceptorChain.invoke(InvocationInterceptorChain.java:37)
	at org.junit.jupiter.engine.execution.InterceptingExecutableInvoker.invoke(InterceptingExecutableInvoker.java:92)
	at org.junit.jupiter.engine.execution.InterceptingExecutableInvoker.invoke(InterceptingExecutableInvoker.java:86)
	at org.junit.jupiter.engine.descriptor.TestMethodTestDescriptor.lambda$invokeTestMethod$7(TestMethodTestDescriptor.java:218)
	at org.junit.platform.engine.support.hierarchical.ThrowableCollector.execute(ThrowableCollector.java:73)
	at org.junit.jupiter.engine.descriptor.TestMethodTestDescriptor.invokeTestMethod(TestMethodTestDescriptor.java:214)
	at org.junit.jupiter.engine.descriptor.TestMethodTestDescriptor.execute(TestMethodTestDescriptor.java:139)
	at org.junit.jupiter.engine.descriptor.TestMethodTestDescriptor.execute(TestMethodTestDescriptor.java:69)
	at org.junit.platform.engine.support.hierarchical.NodeTestTask.lambda$executeRecursively$6(NodeTestTask.java:156)
	at org.junit.platform.engine.support.hierarchical.ThrowableCollector.execute(ThrowableCollector.java:73)
	at org.junit.platform.engine.support.hierarchical.NodeTestTask.lambda$executeRecursively$8(NodeTestTask.java:146)
	at org.junit.platform.engine.support.hierarchical.Node.around(Node.java:137)
	at org.junit.platform.engine.support.hierarchical.NodeTestTask.lambda$executeRecursively$9(NodeTestTask.java:144)
	at org.junit.platform.engine.support.hierarchical.ThrowableCollector.execute(ThrowableCollector.java:73)
	at org.junit.platform.engine.support.hierarchical.NodeTestTask.executeRecursively(NodeTestTask.java:143)
	at org.junit.platform.engine.support.hierarchical.NodeTestTask.execute(NodeTestTask.java:100)
	at java.base/java.util.ArrayList.forEach(ArrayList.java:1511)
	at org.junit.platform.engine.support.hierarchical.SameThreadHierarchicalTestExecutorService.invokeAll(SameThreadHierarchicalTestExecutorService.java:41)
	at org.junit.platform.engine.support.hierarchical.NodeTestTask.lambda$executeRecursively$6(NodeTestTask.java:160)
	at org.junit.platform.engine.support.hierarchical.ThrowableCollector.execute(ThrowableCollector.java:73)
	at org.junit.platform.engine.support.hierarchical.NodeTestTask.lambda$executeRecursively$8(NodeTestTask.java:146)
	at org.junit.platform.engine.support.hierarchical.Node.around(Node.java:137)
	at org.junit.platform.engine.support.hierarchical.NodeTestTask.lambda$executeRecursively$9(NodeTestTask.java:144)
	at org.junit.platform.engine.support.hierarchical.ThrowableCollector.execute(ThrowableCollector.java:73)
	at org.junit.platform.engine.support.hierarchical.NodeTestTask.executeRecursively(NodeTestTask.java:143)
	at org.junit.platform.engine.support.hierarchical.NodeTestTask.execute(NodeTestTask.java:100)
	at java.base/java.util.ArrayList.forEach(ArrayList.java:1511)
	at org.junit.platform.engine.support.hierarchical.SameThreadHierarchicalTestExecutorService.invokeAll(SameThreadHierarchicalTestExecutorService.java:41)
	at org.junit.platform.engine.support.hierarchical.NodeTestTask.lambda$executeRecursively$6(NodeTestTask.java:160)
	at org.junit.platform.engine.support.hierarchical.ThrowableCollector.execute(ThrowableCollector.java:73)
	at org.junit.platform.engine.support.hierarchical.NodeTestTask.lambda$executeRecursively$8(NodeTestTask.java:146)
	at org.junit.platform.engine.support.hierarchical.Node.around(Node.java:137)
	at org.junit.platform.engine.support.hierarchical.NodeTestTask.lambda$executeRecursively$9(NodeTestTask.java:144)
	at org.junit.platform.engine.support.hierarchical.ThrowableCollector.execute(ThrowableCollector.java:73)
	at org.junit.platform.engine.support.hierarchical.NodeTestTask.executeRecursively(NodeTestTask.java:143)
	at org.junit.platform.engine.support.hierarchical.NodeTestTask.execute(NodeTestTask.java:100)
	at org.junit.platform.engine.support.hierarchical.SameThreadHierarchicalTestExecutorService.submit(SameThreadHierarchicalTestExecutorService.java:35)
	at org.junit.platform.engine.support.hierarchical.HierarchicalTestExecutor.execute(HierarchicalTestExecutor.java:57)
	at org.junit.platform.engine.support.hierarchical.HierarchicalTestEngine.execute(HierarchicalTestEngine.java:54)
	at org.junit.platform.launcher.core.EngineExecutionOrchestrator.execute(EngineExecutionOrchestrator.java:198)
	at org.junit.platform.launcher.core.EngineExecutionOrchestrator.execute(EngineExecutionOrchestrator.java:169)
	at org.junit.platform.launcher.core.EngineExecutionOrchestrator.execute(EngineExecutionOrchestrator.java:93)
	at org.junit.platform.launcher.core.EngineExecutionOrchestrator.lambda$execute$0(EngineExecutionOrchestrator.java:58)
	at org.junit.platform.launcher.core.EngineExecutionOrchestrator.withInterceptedStreams(EngineExecutionOrchestrator.java:141)
	at org.junit.platform.launcher.core.EngineExecutionOrchestrator.execute(EngineExecutionOrchestrator.java:57)
	at org.junit.platform.launcher.core.DefaultLauncher.execute(DefaultLauncher.java:103)
	at org.junit.platform.launcher.core.DefaultLauncher.execute(DefaultLauncher.java:85)
	at org.junit.platform.launcher.core.DelegatingLauncher.execute(DelegatingLauncher.java:47)
	at org.apache.maven.surefire.junitplatform.LazyLauncher.execute(LazyLauncher.java:56)
	at org.apache.maven.surefire.junitplatform.JUnitPlatformProvider.execute(JUnitPlatformProvider.java:184)
	at org.apache.maven.surefire.junitplatform.JUnitPlatformProvider.invokeAllTests(JUnitPlatformProvider.java:148)
	at org.apache.maven.surefire.junitplatform.JUnitPlatformProvider.invoke(JUnitPlatformProvider.java:122)
	at org.apache.maven.surefire.booter.ForkedBooter.runSuitesInProcess(ForkedBooter.java:385)
	at org.apache.maven.surefire.booter.ForkedBooter.execute(ForkedBooter.java:162)
	at org.apache.maven.surefire.booter.ForkedBooter.run(ForkedBooter.java:507)
	at org.apache.maven.surefire.booter.ForkedBooter.main(ForkedBooter.java:495)
2024-12-04 22:15:48.859 [main] INFO  cn.edu.xmu.javaee.core.aop.ControllerAspect - doAround: BusinessException， errno = INTERNAL_SERVER_ERR
2024-12-04 22:15:48.859 [main] DEBUG cn.edu.xmu.javaee.core.aop.ControllerAspect - doAround: jp = cancelProductGrouponAct, code = INTERNAL_SERVER_ERR
]]></system-out>
  </testcase>
  <testcase name="testCreateGrouponActGivenWrongShopId" classname="cn.edu.xmu.oomall.product.controller.AdminGrouponActControllerTest" time="0.119">
    <system-out><![CDATA[2024-12-04 22:15:49.028 [main] DEBUG cn.edu.xmu.javaee.core.aop.ControllerAspect - doAround: method = createGrouponAct, paramNames = [shopId, pid, id, vo, user]
2024-12-04 22:15:49.028 [main] DEBUG cn.edu.xmu.javaee.core.aop.ControllerAspect - checkPageTimeLimit: paramNames[0] = shopId
2024-12-04 22:15:49.028 [main] DEBUG cn.edu.xmu.javaee.core.aop.ControllerAspect - checkPageTimeLimit: paramNames[1] = pid
2024-12-04 22:15:49.028 [main] DEBUG cn.edu.xmu.javaee.core.aop.ControllerAspect - checkPageTimeLimit: paramNames[2] = id
2024-12-04 22:15:49.028 [main] DEBUG cn.edu.xmu.javaee.core.aop.ControllerAspect - checkPageTimeLimit: paramNames[3] = vo
2024-12-04 22:15:49.028 [main] DEBUG cn.edu.xmu.javaee.core.aop.ControllerAspect - checkPageTimeLimit: paramNames[4] = user
2024-12-04 22:15:49.029 [main] DEBUG cn.edu.xmu.javaee.core.aop.AuditAspect - decryptToken : token = UserToken(userId=1, userName=wt, departId=2, expireTime=Wed Dec 04 23:15:47 CST 2024, userLevel=1)
2024-12-04 22:15:49.029 [main] DEBUG cn.edu.xmu.javaee.core.aop.AuditAspect - checkDepartId : the api path is /shops/2/products/1755/groupons/4
2024-12-04 22:15:49.029 [main] DEBUG cn.edu.xmu.javaee.core.aop.AuditAspect - checkDepartId: getPathInfo = /shops/2/products/1755/groupons/4
2024-12-04 22:15:49.029 [main] DEBUG cn.edu.xmu.javaee.core.aop.AuditAspect - checkDepartId : did = 2
2024-12-04 22:15:49.029 [main] DEBUG cn.edu.xmu.javaee.core.aop.AuditAspect - checkDepartId : success match Id!
2024-12-04 22:15:49.030 [main] INFO  cn.edu.xmu.javaee.core.aop.ControllerAspect - doAround: BusinessException， errno = RESOURCE_ID_OUTSCOPE
2024-12-04 22:15:49.031 [main] DEBUG cn.edu.xmu.javaee.core.aop.ControllerAspect - doAround: jp = createGrouponAct, code = RESOURCE_ID_OUTSCOPE
]]></system-out>
  </testcase>
  <testcase name="testFindGrouponById" classname="cn.edu.xmu.oomall.product.controller.AdminGrouponActControllerTest" time="0.326">
    <system-out><![CDATA[2024-12-04 22:15:49.139 [main] DEBUG cn.edu.xmu.javaee.core.aop.ControllerAspect - doAround: method = findGrouponById, paramNames = [shopId, actId]
2024-12-04 22:15:49.139 [main] DEBUG cn.edu.xmu.javaee.core.aop.ControllerAspect - checkPageTimeLimit: paramNames[0] = shopId
2024-12-04 22:15:49.139 [main] DEBUG cn.edu.xmu.javaee.core.aop.ControllerAspect - checkPageTimeLimit: paramNames[1] = actId
2024-12-04 22:15:49.140 [main] DEBUG cn.edu.xmu.javaee.core.aop.AuditAspect - decryptToken : token = UserToken(userId=1, userName=wt, departId=2, expireTime=Wed Dec 04 23:15:47 CST 2024, userLevel=1)
2024-12-04 22:15:49.140 [main] DEBUG cn.edu.xmu.javaee.core.aop.AuditAspect - checkDepartId : the api path is /shops/2/groupons/4
2024-12-04 22:15:49.140 [main] DEBUG cn.edu.xmu.javaee.core.aop.AuditAspect - checkDepartId: getPathInfo = /shops/2/groupons/4
2024-12-04 22:15:49.140 [main] DEBUG cn.edu.xmu.javaee.core.aop.AuditAspect - checkDepartId : did = 2
2024-12-04 22:15:49.140 [main] DEBUG cn.edu.xmu.javaee.core.aop.AuditAspect - checkDepartId : success match Id!
2024-12-04 22:15:49.192 [main] DEBUG c.edu.xmu.oomall.product.dao.activity.ActivityDao - build: po = ActivityPo(id=4, creatorId=1, creatorName=admin, modifierId=null, modifierName=null, gmtCreate=2022-12-09T02:09:26, gmtModified=null, shopId=2, name=团购活动2, objectId=6571af0a9e0bbf44f06141d0, actClass=grouponActDao, status=1)
2024-12-04 22:15:49.194 [main] INFO  c.edu.xmu.oomall.product.config.MongoCommandLogger - Command: find
2024-12-04 22:15:49.195 [main] INFO  c.edu.xmu.oomall.product.config.MongoCommandLogger - Connection Address: mongo3:27017
2024-12-04 22:15:49.241 [main] DEBUG c.e.xmu.oomall.product.dao.activity.GrouponActDao - getActivity: actPo = cn.edu.xmu.oomall.product.mapper.po.GrouponActPo@63fe4785
2024-12-04 22:15:49.241 [main] DEBUG c.e.xmu.oomall.product.dao.activity.GrouponActDao - getActivity: bo = GrouponAct(super=Activity(super=OOMallObject(id=4, creatorId=1, creatorName=admin, modifierId=null, modifierName=null, gmtCreate=2022-12-09T02:09:26, gmtModified=null), shopId=2, name=团购活动2, objectId=6571af0a9e0bbf44f06141d0, actClass=grouponActDao, status=1), thresholds=[Threshold(quantity=100, percentage=10), Threshold(quantity=50, percentage=5)])
2024-12-04 22:15:49.241 [main] DEBUG cn.edu.xmu.javaee.core.aop.DaoAspect - doAround: obj = cn.edu.xmu.oomall.product.dao.activity.GrouponActDao@3f8dfbc0, method = getActivity
2024-12-04 22:15:49.241 [main] DEBUG c.edu.xmu.oomall.product.dao.activity.ActivityDao - build: bo = GrouponAct(super=Activity(super=OOMallObject(id=4, creatorId=1, creatorName=admin, modifierId=null, modifierName=null, gmtCreate=2022-12-09T02:09:26, gmtModified=null), shopId=2, name=团购活动2, objectId=6571af0a9e0bbf44f06141d0, actClass=grouponActDao, status=1), thresholds=[Threshold(quantity=100, percentage=10), Threshold(quantity=50, percentage=5)])
2024-12-04 22:15:49.241 [main] DEBUG cn.edu.xmu.javaee.core.aop.DaoAspect - doAround: obj = cn.edu.xmu.oomall.product.dao.activity.ActivityDao@7e281050, method = findById
2024-12-04 22:15:49.244 [main] DEBUG cn.edu.xmu.javaee.core.aop.DaoAspect - doAround: obj = cn.edu.xmu.oomall.product.dao.openfeign.ShopDao@3f15269d, method = findById
2024-12-04 22:15:49.245 [main] DEBUG cn.edu.xmu.oomall.product.dao.onsale.OnSaleDao - retrieveByActId: actId = 4, page = 1, pageSize = 1000
2024-12-04 22:15:49.297 [main] DEBUG cn.edu.xmu.javaee.core.aop.DaoAspect - doAround: obj = cn.edu.xmu.oomall.product.dao.onsale.OnSaleDao@6ca0fdd0, method = retrieveByActId
2024-12-04 22:15:49.297 [main] DEBUG cn.edu.xmu.oomall.product.dao.bo.Activity - getOnsaleList: onsaleList = [OnSale(super=OOMallObject(id=119, creatorId=1, creatorName=admin, modifierId=null, modifierName=null, gmtCreate=2021-11-11T14:38:20, gmtModified=null), price=40058, beginTime=2021-11-11T14:38:20, endTime=2027-02-19T14:38:20, quantity=34, maxQuantity=10, shopId=2, productId=1668, type=0, deposit=0, payTime=null)]
2024-12-04 22:15:49.298 [main] DEBUG cn.edu.xmu.javaee.core.aop.ControllerAspect - doAround: jp = findGrouponById, code = OK
]]></system-out>
  </testcase>
  <testcase name="testCreateGrouponActByWrongActivityType" classname="cn.edu.xmu.oomall.product.controller.AdminGrouponActControllerTest" time="0.206">
    <system-out><![CDATA[2024-12-04 22:15:49.465 [main] DEBUG cn.edu.xmu.javaee.core.aop.ControllerAspect - doAround: method = createGrouponAct, paramNames = [shopId, pid, id, vo, user]
2024-12-04 22:15:49.465 [main] DEBUG cn.edu.xmu.javaee.core.aop.ControllerAspect - checkPageTimeLimit: paramNames[0] = shopId
2024-12-04 22:15:49.465 [main] DEBUG cn.edu.xmu.javaee.core.aop.ControllerAspect - checkPageTimeLimit: paramNames[1] = pid
2024-12-04 22:15:49.465 [main] DEBUG cn.edu.xmu.javaee.core.aop.ControllerAspect - checkPageTimeLimit: paramNames[2] = id
2024-12-04 22:15:49.465 [main] DEBUG cn.edu.xmu.javaee.core.aop.ControllerAspect - checkPageTimeLimit: paramNames[3] = vo
2024-12-04 22:15:49.465 [main] DEBUG cn.edu.xmu.javaee.core.aop.ControllerAspect - checkPageTimeLimit: paramNames[4] = user
2024-12-04 22:15:49.465 [main] DEBUG cn.edu.xmu.javaee.core.aop.AuditAspect - decryptToken : token = UserToken(userId=1, userName=wt, departId=2, expireTime=Wed Dec 04 23:15:47 CST 2024, userLevel=1)
2024-12-04 22:15:49.466 [main] DEBUG cn.edu.xmu.javaee.core.aop.AuditAspect - checkDepartId : the api path is /shops/2/products/1668/groupons/5
2024-12-04 22:15:49.466 [main] DEBUG cn.edu.xmu.javaee.core.aop.AuditAspect - checkDepartId: getPathInfo = /shops/2/products/1668/groupons/5
2024-12-04 22:15:49.466 [main] DEBUG cn.edu.xmu.javaee.core.aop.AuditAspect - checkDepartId : did = 2
2024-12-04 22:15:49.466 [main] DEBUG cn.edu.xmu.javaee.core.aop.AuditAspect - checkDepartId : success match Id!
2024-12-04 22:15:49.516 [main] INFO  cn.edu.xmu.javaee.core.aop.ControllerAspect - doAround: BusinessException， errno = RESOURCE_ID_NOTEXIST
2024-12-04 22:15:49.517 [main] DEBUG cn.edu.xmu.javaee.core.aop.ControllerAspect - doAround: jp = createGrouponAct, code = RESOURCE_ID_NOTEXIST
]]></system-out>
  </testcase>
  <testcase name="testRetrieveByShopIdGivenProductId" classname="cn.edu.xmu.oomall.product.controller.AdminGrouponActControllerTest" time="0.309">
    <system-out><![CDATA[2024-12-04 22:15:49.671 [main] DEBUG cn.edu.xmu.javaee.core.aop.ControllerAspect - doAround: method = retrieveByShopId, paramNames = [shopId, productId, status, page, pageSize]
2024-12-04 22:15:49.671 [main] DEBUG cn.edu.xmu.javaee.core.aop.ControllerAspect - checkPageTimeLimit: paramNames[0] = shopId
2024-12-04 22:15:49.671 [main] DEBUG cn.edu.xmu.javaee.core.aop.ControllerAspect - checkPageTimeLimit: paramNames[1] = productId
2024-12-04 22:15:49.671 [main] DEBUG cn.edu.xmu.javaee.core.aop.ControllerAspect - checkPageTimeLimit: paramNames[2] = status
2024-12-04 22:15:49.671 [main] DEBUG cn.edu.xmu.javaee.core.aop.ControllerAspect - checkPageTimeLimit: paramNames[3] = page
2024-12-04 22:15:49.671 [main] DEBUG cn.edu.xmu.javaee.core.aop.ControllerAspect - checkPageTimeLimit: set page to 1
2024-12-04 22:15:49.671 [main] DEBUG cn.edu.xmu.javaee.core.aop.ControllerAspect - checkPageTimeLimit: paramNames[4] = pageSize
2024-12-04 22:15:49.671 [main] DEBUG cn.edu.xmu.javaee.core.aop.ControllerAspect - checkPageTimeLimit: set pageSize to 10
2024-12-04 22:15:49.672 [main] DEBUG cn.edu.xmu.javaee.core.aop.AuditAspect - decryptToken : token = UserToken(userId=1, userName=wt, departId=2, expireTime=Wed Dec 04 23:15:47 CST 2024, userLevel=1)
2024-12-04 22:15:49.672 [main] DEBUG cn.edu.xmu.javaee.core.aop.AuditAspect - checkDepartId : the api path is /shops/2/groupons
2024-12-04 22:15:49.672 [main] DEBUG cn.edu.xmu.javaee.core.aop.AuditAspect - checkDepartId: getPathInfo = /shops/2/groupons
2024-12-04 22:15:49.672 [main] DEBUG cn.edu.xmu.javaee.core.aop.AuditAspect - checkDepartId : did = 2
2024-12-04 22:15:49.672 [main] DEBUG cn.edu.xmu.javaee.core.aop.AuditAspect - checkDepartId : success match Id!
2024-12-04 22:15:49.672 [main] DEBUG c.edu.xmu.oomall.product.dao.activity.ActivityDao - retrieveByShopIdAndProductId: shopId = 2, productId = 1668, page = 1, pageSize= 10
2024-12-04 22:15:49.672 [main] DEBUG c.edu.xmu.oomall.product.dao.activity.ActivityDao - retrieveByShopIdAndProductId: productId = 1668
2024-12-04 22:15:49.725 [main] DEBUG c.edu.xmu.oomall.product.dao.activity.ActivityDao - retrieveByShopIdAndProductId: pos size = 1
2024-12-04 22:15:49.725 [main] DEBUG c.edu.xmu.oomall.product.dao.activity.ActivityDao - build: po = ActivityPo(id=4, creatorId=1, creatorName=admin, modifierId=null, modifierName=null, gmtCreate=2022-12-09T02:09:26, gmtModified=null, shopId=2, name=团购活动2, objectId=6571af0a9e0bbf44f06141d0, actClass=grouponActDao, status=1)
2024-12-04 22:15:49.726 [main] INFO  c.edu.xmu.oomall.product.config.MongoCommandLogger - Command: find
2024-12-04 22:15:49.727 [main] INFO  c.edu.xmu.oomall.product.config.MongoCommandLogger - Connection Address: mongo3:27017
2024-12-04 22:15:49.772 [main] DEBUG c.e.xmu.oomall.product.dao.activity.GrouponActDao - getActivity: actPo = cn.edu.xmu.oomall.product.mapper.po.GrouponActPo@16592aee
2024-12-04 22:15:49.773 [main] DEBUG c.e.xmu.oomall.product.dao.activity.GrouponActDao - getActivity: bo = GrouponAct(super=Activity(super=OOMallObject(id=4, creatorId=1, creatorName=admin, modifierId=null, modifierName=null, gmtCreate=2022-12-09T02:09:26, gmtModified=null), shopId=2, name=团购活动2, objectId=6571af0a9e0bbf44f06141d0, actClass=grouponActDao, status=1), thresholds=[Threshold(quantity=100, percentage=10), Threshold(quantity=50, percentage=5)])
2024-12-04 22:15:49.773 [main] DEBUG cn.edu.xmu.javaee.core.aop.DaoAspect - doAround: obj = cn.edu.xmu.oomall.product.dao.activity.GrouponActDao@3f8dfbc0, method = getActivity
2024-12-04 22:15:49.773 [main] DEBUG c.edu.xmu.oomall.product.dao.activity.ActivityDao - build: bo = GrouponAct(super=Activity(super=OOMallObject(id=4, creatorId=1, creatorName=admin, modifierId=null, modifierName=null, gmtCreate=2022-12-09T02:09:26, gmtModified=null), shopId=2, name=团购活动2, objectId=6571af0a9e0bbf44f06141d0, actClass=grouponActDao, status=1), thresholds=[Threshold(quantity=100, percentage=10), Threshold(quantity=50, percentage=5)])
2024-12-04 22:15:49.773 [main] DEBUG c.edu.xmu.oomall.product.dao.activity.ActivityDao - retrieveByShopIdAndProductId: bo = GrouponAct(super=Activity(super=OOMallObject(id=4, creatorId=1, creatorName=admin, modifierId=null, modifierName=null, gmtCreate=2022-12-09T02:09:26, gmtModified=null), shopId=2, name=团购活动2, objectId=6571af0a9e0bbf44f06141d0, actClass=grouponActDao, status=1), thresholds=[Threshold(quantity=100, percentage=10), Threshold(quantity=50, percentage=5)])
2024-12-04 22:15:49.773 [main] DEBUG c.edu.xmu.oomall.product.dao.activity.ActivityDao - retrieveByShopIdAndProductId: actList_size = 1
2024-12-04 22:15:49.773 [main] DEBUG cn.edu.xmu.javaee.core.aop.DaoAspect - doAround: obj = cn.edu.xmu.oomall.product.dao.activity.ActivityDao@7e281050, method = retrieveByShopIdAndProductId
2024-12-04 22:15:49.773 [main] DEBUG c.e.x.o.product.controller.ShopGrouponController - retrieveByShopId: ret.size = 1
2024-12-04 22:15:49.773 [main] DEBUG cn.edu.xmu.oomall.product.dao.onsale.OnSaleDao - retrieveByActId: actId = 4, page = 1, pageSize = 1000
2024-12-04 22:15:49.825 [main] DEBUG cn.edu.xmu.javaee.core.aop.DaoAspect - doAround: obj = cn.edu.xmu.oomall.product.dao.onsale.OnSaleDao@6ca0fdd0, method = retrieveByActId
2024-12-04 22:15:49.825 [main] DEBUG cn.edu.xmu.oomall.product.dao.bo.Activity - getOnsaleList: onsaleList = [OnSale(super=OOMallObject(id=119, creatorId=1, creatorName=admin, modifierId=null, modifierName=null, gmtCreate=2021-11-11T14:38:20, gmtModified=null), price=40058, beginTime=2021-11-11T14:38:20, endTime=2027-02-19T14:38:20, quantity=34, maxQuantity=10, shopId=2, productId=1668, type=0, deposit=0, payTime=null)]
2024-12-04 22:15:49.825 [main] DEBUG c.e.x.o.product.controller.ShopGrouponController - retrieveByShopId: dto = cn.edu.xmu.oomall.product.controller.vo.SimpleGrouponActVo@59053bae
2024-12-04 22:15:49.825 [main] DEBUG cn.edu.xmu.javaee.core.aop.ControllerAspect - doAround: jp = retrieveByShopId, code = OK
]]></system-out>
  </testcase>
  <testcase name="testCreateShops" classname="cn.edu.xmu.oomall.product.controller.AdminGrouponActControllerTest" time="0.666">
    <system-out><![CDATA[2024-12-04 22:15:49.988 [main] DEBUG cn.edu.xmu.javaee.core.aop.ControllerAspect - doAround: method = createGrouponAct, paramNames = [shopId, pid, vo, user]
2024-12-04 22:15:49.989 [main] DEBUG cn.edu.xmu.javaee.core.aop.ControllerAspect - checkPageTimeLimit: paramNames[0] = shopId
2024-12-04 22:15:49.989 [main] DEBUG cn.edu.xmu.javaee.core.aop.ControllerAspect - checkPageTimeLimit: paramNames[1] = pid
2024-12-04 22:15:49.989 [main] DEBUG cn.edu.xmu.javaee.core.aop.ControllerAspect - checkPageTimeLimit: paramNames[2] = vo
2024-12-04 22:15:49.989 [main] DEBUG cn.edu.xmu.javaee.core.aop.ControllerAspect - checkPageTimeLimit: paramNames[3] = user
2024-12-04 22:15:49.990 [main] DEBUG cn.edu.xmu.javaee.core.aop.AuditAspect - decryptToken : token = UserToken(userId=1, userName=wt, departId=3, expireTime=Wed Dec 04 23:15:47 CST 2024, userLevel=1)
2024-12-04 22:15:49.991 [main] DEBUG cn.edu.xmu.javaee.core.aop.AuditAspect - checkDepartId : the api path is /shops/3/products/1755/groupons
2024-12-04 22:15:49.991 [main] DEBUG cn.edu.xmu.javaee.core.aop.AuditAspect - checkDepartId: getPathInfo = /shops/3/products/1755/groupons
2024-12-04 22:15:49.991 [main] DEBUG cn.edu.xmu.javaee.core.aop.AuditAspect - checkDepartId : did = 3
2024-12-04 22:15:49.991 [main] DEBUG cn.edu.xmu.javaee.core.aop.AuditAspect - checkDepartId : success match Id!
2024-12-04 22:15:49.992 [main] DEBUG cn.edu.xmu.oomall.product.dao.ProductDao - findNoOnsaleById: id = 1755
2024-12-04 22:15:50.046 [main] DEBUG cn.edu.xmu.javaee.core.aop.DaoAspect - doAround: obj = cn.edu.xmu.oomall.product.dao.ProductDao@6be1ba6c, method = findNoOnsaleById
2024-12-04 22:15:50.047 [main] DEBUG cn.edu.xmu.oomall.product.dao.onsale.OnSaleDao - insert: onsale=OnSale(super=OOMallObject(id=null, creatorId=null, creatorName=null, modifierId=null, modifierName=null, gmtCreate=null, gmtModified=null), price=10000, beginTime=3030-12-05T10:09:50, endTime=3032-12-05T10:09:50, quantity=10000, maxQuantity=1, shopId=3, productId=1755, type=2, deposit=0, payTime=null)
2024-12-04 22:15:50.047 [main] DEBUG cn.edu.xmu.oomall.product.dao.onsale.OnSaleDao - hasConflictOnsale: onsale = OnSale(super=OOMallObject(id=null, creatorId=null, creatorName=null, modifierId=null, modifierName=null, gmtCreate=null, gmtModified=null), price=10000, beginTime=3030-12-05T10:09:50, endTime=3032-12-05T10:09:50, quantity=10000, maxQuantity=1, shopId=3, productId=1755, type=2, deposit=0, payTime=null)
2024-12-04 22:15:50.130 [main] DEBUG c.e.x.j.core.jpa.SelectiveUpdateJpaRepositoryImpl - save: insert obj
2024-12-04 22:15:50.185 [main] DEBUG cn.edu.xmu.oomall.product.dao.onsale.OnSaleDao - insert: newPo=OnsalePo(id=8666, creatorId=1, creatorName=wt, modifierId=null, modifierName=null, gmtCreate=2024-12-04T22:15:50.129308700, gmtModified=null, shopId=3, productId=1755, price=10000, beginTime=3030-12-05T10:09:50, endTime=3032-12-05T10:09:50, quantity=10000, type=2, maxQuantity=1, payTime=null, deposit=0)
2024-12-04 22:15:50.202 [main] DEBUG cn.edu.xmu.javaee.core.aop.DaoAspect - doAround: obj = cn.edu.xmu.oomall.product.dao.onsale.OnSaleDao@6ca0fdd0, method = insert
2024-12-04 22:15:50.293 [main] INFO  c.edu.xmu.oomall.product.config.MongoCommandLogger - Command: insert
2024-12-04 22:15:50.293 [main] INFO  c.edu.xmu.oomall.product.config.MongoCommandLogger - Connection Address: mongo3:27017
2024-12-04 22:15:50.357 [main] DEBUG cn.edu.xmu.javaee.core.aop.DaoAspect - doAround: obj = cn.edu.xmu.oomall.product.dao.activity.GrouponActDao@3f8dfbc0, method = insert
2024-12-04 22:15:50.357 [main] DEBUG c.edu.xmu.oomall.product.dao.activity.ActivityDao - insert: objectId = 6750641606b2de2102d0963b
2024-12-04 22:15:50.358 [main] DEBUG c.e.x.j.core.jpa.SelectiveUpdateJpaRepositoryImpl - save: insert obj
2024-12-04 22:15:50.411 [main] DEBUG c.edu.xmu.oomall.product.dao.activity.ActivityDao - insert: newPo = ActivityPo(id=112, creatorId=1, creatorName=wt, modifierId=null, modifierName=null, gmtCreate=2024-12-04T22:15:50.203384900, gmtModified=null, shopId=3, name=清仓大甩卖, objectId=6750641606b2de2102d0963b, actClass=grouponActDao, status=0)
2024-12-04 22:15:50.412 [main] DEBUG cn.edu.xmu.javaee.core.aop.DaoAspect - doAround: obj = cn.edu.xmu.oomall.product.dao.activity.ActivityDao@7e281050, method = insert
2024-12-04 22:15:50.413 [main] DEBUG c.edu.xmu.oomall.product.dao.activity.ActivityDao - insertActivityOnsale: activityOnsalePo = ActivityOnsalePo(id=null, actId=112, onsaleId=8666, creatorId=1, creatorName=wt, modifierId=null, modifierName=null, gmtCreate=2024-12-04T22:15:50.412190, gmtModified=null)
2024-12-04 22:15:50.426 [main] DEBUG c.e.x.j.core.jpa.SelectiveUpdateJpaRepositoryImpl - save: insert obj
2024-12-04 22:15:50.479 [main] DEBUG cn.edu.xmu.javaee.core.aop.DaoAspect - doAround: obj = cn.edu.xmu.oomall.product.dao.activity.ActivityDao@7e281050, method = insertActivityOnsale
2024-12-04 22:15:50.479 [main] DEBUG cn.edu.xmu.javaee.core.aop.ControllerAspect - doAround: jp = createGrouponAct, code = CREATED
]]></system-out>
  </testcase>
  <testcase name="testRetrieveByShopIdWithNullProduct" classname="cn.edu.xmu.oomall.product.controller.AdminGrouponActControllerTest" time="0.219">
    <system-out><![CDATA[2024-12-04 22:15:50.654 [main] DEBUG cn.edu.xmu.javaee.core.aop.ControllerAspect - doAround: method = retrieveByShopId, paramNames = [shopId, productId, status, page, pageSize]
2024-12-04 22:15:50.655 [main] DEBUG cn.edu.xmu.javaee.core.aop.ControllerAspect - checkPageTimeLimit: paramNames[0] = shopId
2024-12-04 22:15:50.655 [main] DEBUG cn.edu.xmu.javaee.core.aop.ControllerAspect - checkPageTimeLimit: paramNames[1] = productId
2024-12-04 22:15:50.655 [main] DEBUG cn.edu.xmu.javaee.core.aop.ControllerAspect - checkPageTimeLimit: paramNames[2] = status
2024-12-04 22:15:50.655 [main] DEBUG cn.edu.xmu.javaee.core.aop.ControllerAspect - checkPageTimeLimit: paramNames[3] = page
2024-12-04 22:15:50.655 [main] DEBUG cn.edu.xmu.javaee.core.aop.ControllerAspect - checkPageTimeLimit: set page to 1
2024-12-04 22:15:50.655 [main] DEBUG cn.edu.xmu.javaee.core.aop.ControllerAspect - checkPageTimeLimit: paramNames[4] = pageSize
2024-12-04 22:15:50.655 [main] DEBUG cn.edu.xmu.javaee.core.aop.ControllerAspect - checkPageTimeLimit: set pageSize to 10
2024-12-04 22:15:50.657 [main] DEBUG cn.edu.xmu.javaee.core.aop.AuditAspect - decryptToken : token = UserToken(userId=1, userName=wt, departId=2, expireTime=Wed Dec 04 23:15:47 CST 2024, userLevel=1)
2024-12-04 22:15:50.657 [main] DEBUG cn.edu.xmu.javaee.core.aop.AuditAspect - checkDepartId : the api path is /shops/2/groupons
2024-12-04 22:15:50.657 [main] DEBUG cn.edu.xmu.javaee.core.aop.AuditAspect - checkDepartId: getPathInfo = /shops/2/groupons
2024-12-04 22:15:50.657 [main] DEBUG cn.edu.xmu.javaee.core.aop.AuditAspect - checkDepartId : did = 2
2024-12-04 22:15:50.657 [main] DEBUG cn.edu.xmu.javaee.core.aop.AuditAspect - checkDepartId : success match Id!
2024-12-04 22:15:50.658 [main] DEBUG c.edu.xmu.oomall.product.dao.activity.ActivityDao - retrieveByShopIdAndProductId: shopId = 2, productId = 1, page = 1, pageSize= 10
2024-12-04 22:15:50.658 [main] DEBUG c.edu.xmu.oomall.product.dao.activity.ActivityDao - retrieveByShopIdAndProductId: productId = 1
2024-12-04 22:15:50.710 [main] DEBUG c.edu.xmu.oomall.product.dao.activity.ActivityDao - retrieveByShopIdAndProductId: pos size = 0
2024-12-04 22:15:50.710 [main] DEBUG c.edu.xmu.oomall.product.dao.activity.ActivityDao - retrieveByShopIdAndProductId: actList_size = 0
2024-12-04 22:15:50.710 [main] DEBUG cn.edu.xmu.javaee.core.aop.DaoAspect - doAround: obj = cn.edu.xmu.oomall.product.dao.activity.ActivityDao@7e281050, method = retrieveByShopIdAndProductId
2024-12-04 22:15:50.711 [main] DEBUG c.e.x.o.product.controller.ShopGrouponController - retrieveByShopId: ret.size = 0
2024-12-04 22:15:50.711 [main] DEBUG cn.edu.xmu.javaee.core.aop.ControllerAspect - doAround: jp = retrieveByShopId, code = OK
]]></system-out>
  </testcase>
  <testcase name="testCreateGrouponActGivenWrongTypeAct" classname="cn.edu.xmu.oomall.product.controller.AdminGrouponActControllerTest" time="0.118">
    <system-out><![CDATA[2024-12-04 22:15:50.879 [main] DEBUG cn.edu.xmu.javaee.core.aop.ControllerAspect - doAround: method = createGrouponAct, paramNames = [shopId, pid, id, vo, user]
2024-12-04 22:15:50.879 [main] DEBUG cn.edu.xmu.javaee.core.aop.ControllerAspect - checkPageTimeLimit: paramNames[0] = shopId
2024-12-04 22:15:50.879 [main] DEBUG cn.edu.xmu.javaee.core.aop.ControllerAspect - checkPageTimeLimit: paramNames[1] = pid
2024-12-04 22:15:50.879 [main] DEBUG cn.edu.xmu.javaee.core.aop.ControllerAspect - checkPageTimeLimit: paramNames[2] = id
2024-12-04 22:15:50.879 [main] DEBUG cn.edu.xmu.javaee.core.aop.ControllerAspect - checkPageTimeLimit: paramNames[3] = vo
2024-12-04 22:15:50.879 [main] DEBUG cn.edu.xmu.javaee.core.aop.ControllerAspect - checkPageTimeLimit: paramNames[4] = user
2024-12-04 22:15:50.881 [main] DEBUG cn.edu.xmu.javaee.core.aop.AuditAspect - decryptToken : token = UserToken(userId=1, userName=wt, departId=2, expireTime=Wed Dec 04 23:15:47 CST 2024, userLevel=1)
2024-12-04 22:15:50.881 [main] DEBUG cn.edu.xmu.javaee.core.aop.AuditAspect - checkDepartId : the api path is /shops/2/products/1755/groupons/4
2024-12-04 22:15:50.881 [main] DEBUG cn.edu.xmu.javaee.core.aop.AuditAspect - checkDepartId: getPathInfo = /shops/2/products/1755/groupons/4
2024-12-04 22:15:50.881 [main] DEBUG cn.edu.xmu.javaee.core.aop.AuditAspect - checkDepartId : did = 2
2024-12-04 22:15:50.881 [main] DEBUG cn.edu.xmu.javaee.core.aop.AuditAspect - checkDepartId : success match Id!
2024-12-04 22:15:50.882 [main] INFO  cn.edu.xmu.javaee.core.aop.ControllerAspect - doAround: BusinessException， errno = RESOURCE_ID_NOTEXIST
2024-12-04 22:15:50.883 [main] DEBUG cn.edu.xmu.javaee.core.aop.ControllerAspect - doAround: jp = createGrouponAct, code = RESOURCE_ID_NOTEXIST
]]></system-out>
  </testcase>
  <testcase name="testUpdateGrouponAct" classname="cn.edu.xmu.oomall.product.controller.AdminGrouponActControllerTest" time="0.628">
    <system-out><![CDATA[2024-12-04 22:15:50.997 [main] DEBUG cn.edu.xmu.javaee.core.aop.ControllerAspect - doAround: method = updateGrouponAct, paramNames = [shopId, id, vo, user]
2024-12-04 22:15:50.997 [main] DEBUG cn.edu.xmu.javaee.core.aop.ControllerAspect - checkPageTimeLimit: paramNames[0] = shopId
2024-12-04 22:15:50.997 [main] DEBUG cn.edu.xmu.javaee.core.aop.ControllerAspect - checkPageTimeLimit: paramNames[1] = id
2024-12-04 22:15:50.998 [main] DEBUG cn.edu.xmu.javaee.core.aop.ControllerAspect - checkPageTimeLimit: paramNames[2] = vo
2024-12-04 22:15:50.998 [main] DEBUG cn.edu.xmu.javaee.core.aop.ControllerAspect - checkPageTimeLimit: paramNames[3] = user
2024-12-04 22:15:50.999 [main] DEBUG cn.edu.xmu.javaee.core.aop.AuditAspect - decryptToken : token = UserToken(userId=1, userName=wt, departId=2, expireTime=Wed Dec 04 23:15:47 CST 2024, userLevel=1)
2024-12-04 22:15:50.999 [main] DEBUG cn.edu.xmu.javaee.core.aop.AuditAspect - checkDepartId : the api path is /shops/2/groupons/4
2024-12-04 22:15:50.999 [main] DEBUG cn.edu.xmu.javaee.core.aop.AuditAspect - checkDepartId: getPathInfo = /shops/2/groupons/4
2024-12-04 22:15:50.999 [main] DEBUG cn.edu.xmu.javaee.core.aop.AuditAspect - checkDepartId : did = 2
2024-12-04 22:15:50.999 [main] DEBUG cn.edu.xmu.javaee.core.aop.AuditAspect - checkDepartId : success match Id!
2024-12-04 22:15:51.052 [main] DEBUG c.edu.xmu.oomall.product.dao.activity.ActivityDao - build: po = ActivityPo(id=4, creatorId=1, creatorName=admin, modifierId=null, modifierName=null, gmtCreate=2022-12-09T02:09:26, gmtModified=null, shopId=2, name=团购活动2, objectId=6571af0a9e0bbf44f06141d0, actClass=grouponActDao, status=1)
2024-12-04 22:15:51.055 [main] INFO  c.edu.xmu.oomall.product.config.MongoCommandLogger - Command: find
2024-12-04 22:15:51.055 [main] INFO  c.edu.xmu.oomall.product.config.MongoCommandLogger - Connection Address: mongo3:27017
2024-12-04 22:15:51.101 [main] DEBUG c.e.xmu.oomall.product.dao.activity.GrouponActDao - getActivity: actPo = cn.edu.xmu.oomall.product.mapper.po.GrouponActPo@6a4b7166
2024-12-04 22:15:51.102 [main] DEBUG c.e.xmu.oomall.product.dao.activity.GrouponActDao - getActivity: bo = GrouponAct(super=Activity(super=OOMallObject(id=4, creatorId=1, creatorName=admin, modifierId=null, modifierName=null, gmtCreate=2022-12-09T02:09:26, gmtModified=null), shopId=2, name=团购活动2, objectId=6571af0a9e0bbf44f06141d0, actClass=grouponActDao, status=1), thresholds=[Threshold(quantity=100, percentage=10), Threshold(quantity=50, percentage=5)])
2024-12-04 22:15:51.102 [main] DEBUG cn.edu.xmu.javaee.core.aop.DaoAspect - doAround: obj = cn.edu.xmu.oomall.product.dao.activity.GrouponActDao@3f8dfbc0, method = getActivity
2024-12-04 22:15:51.102 [main] DEBUG c.edu.xmu.oomall.product.dao.activity.ActivityDao - build: bo = GrouponAct(super=Activity(super=OOMallObject(id=4, creatorId=1, creatorName=admin, modifierId=null, modifierName=null, gmtCreate=2022-12-09T02:09:26, gmtModified=null), shopId=2, name=团购活动2, objectId=6571af0a9e0bbf44f06141d0, actClass=grouponActDao, status=1), thresholds=[Threshold(quantity=100, percentage=10), Threshold(quantity=50, percentage=5)])
2024-12-04 22:15:51.102 [main] DEBUG cn.edu.xmu.javaee.core.aop.DaoAspect - doAround: obj = cn.edu.xmu.oomall.product.dao.activity.ActivityDao@7e281050, method = findById
2024-12-04 22:15:51.103 [main] DEBUG cn.edu.xmu.oomall.product.dao.onsale.OnSaleDao - retrieveByActId: actId = 4, page = 1, pageSize = 1000
2024-12-04 22:15:51.156 [main] DEBUG cn.edu.xmu.javaee.core.aop.DaoAspect - doAround: obj = cn.edu.xmu.oomall.product.dao.onsale.OnSaleDao@6ca0fdd0, method = retrieveByActId
2024-12-04 22:15:51.156 [main] DEBUG cn.edu.xmu.oomall.product.dao.bo.Activity - getOnsaleList: onsaleList = [OnSale(super=OOMallObject(id=119, creatorId=1, creatorName=admin, modifierId=null, modifierName=null, gmtCreate=2021-11-11T14:38:20, gmtModified=null), price=40058, beginTime=2021-11-11T14:38:20, endTime=2027-02-19T14:38:20, quantity=34, maxQuantity=10, shopId=2, productId=1668, type=0, deposit=0, payTime=null)]
2024-12-04 22:15:51.157 [main] DEBUG cn.edu.xmu.oomall.product.dao.onsale.OnSaleDao - save: onsale=OnSale(super=OOMallObject(id=119, creatorId=null, creatorName=null, modifierId=null, modifierName=null, gmtCreate=null, gmtModified=null), price=0, beginTime=3030-12-05T10:09:50, endTime=3032-12-05T10:09:50, quantity=0, maxQuantity=1, shopId=2, productId=null, type=null, deposit=null, payTime=null)
2024-12-04 22:15:51.157 [main] DEBUG cn.edu.xmu.oomall.product.dao.onsale.OnSaleDao - hasConflictOnsale: onsale = OnSale(super=OOMallObject(id=119, creatorId=null, creatorName=null, modifierId=null, modifierName=null, gmtCreate=null, gmtModified=null), price=0, beginTime=3030-12-05T10:09:50, endTime=3032-12-05T10:09:50, quantity=0, maxQuantity=1, shopId=2, productId=null, type=null, deposit=null, payTime=null)
2024-12-04 22:15:51.218 [main] DEBUG c.e.x.j.core.jpa.SelectiveUpdateJpaRepositoryImpl - save: update obj
2024-12-04 22:15:51.218 [main] DEBUG c.e.x.j.core.jpa.SelectiveUpdateJpaRepositoryImpl - getSql : className = cn.edu.xmu.oomall.product.mapper.po.OnsalePo
2024-12-04 22:15:51.218 [main] DEBUG c.e.x.j.core.jpa.SelectiveUpdateJpaRepositoryImpl - getSql : table = goods_onsale
2024-12-04 22:15:51.218 [main] DEBUG c.e.x.j.core.jpa.SelectiveUpdateJpaRepositoryImpl - getValueByPropertyName : method = getId
2024-12-04 22:15:51.218 [main] DEBUG c.e.x.j.core.jpa.SelectiveUpdateJpaRepositoryImpl - getSql : pp = private java.lang.Long cn.edu.xmu.oomall.product.mapper.po.OnsalePo.id, object  = 119
2024-12-04 22:15:51.218 [main] DEBUG c.e.x.j.core.jpa.SelectiveUpdateJpaRepositoryImpl - getSql : columns = id
2024-12-04 22:15:51.218 [main] DEBUG c.e.x.j.core.jpa.SelectiveUpdateJpaRepositoryImpl - getValueByPropertyName : method = getCreatorId
2024-12-04 22:15:51.219 [main] DEBUG c.e.x.j.core.jpa.SelectiveUpdateJpaRepositoryImpl - getSql : pp = private java.lang.Long cn.edu.xmu.oomall.product.mapper.po.OnsalePo.creatorId, object  = null
2024-12-04 22:15:51.219 [main] DEBUG c.e.x.j.core.jpa.SelectiveUpdateJpaRepositoryImpl - getSql : columns = creator_id
2024-12-04 22:15:51.219 [main] DEBUG c.e.x.j.core.jpa.SelectiveUpdateJpaRepositoryImpl - getValueByPropertyName : method = getCreatorName
2024-12-04 22:15:51.219 [main] DEBUG c.e.x.j.core.jpa.SelectiveUpdateJpaRepositoryImpl - getSql : pp = private java.lang.String cn.edu.xmu.oomall.product.mapper.po.OnsalePo.creatorName, object  = null
2024-12-04 22:15:51.220 [main] DEBUG c.e.x.j.core.jpa.SelectiveUpdateJpaRepositoryImpl - getSql : columns = creator_name
2024-12-04 22:15:51.220 [main] DEBUG c.e.x.j.core.jpa.SelectiveUpdateJpaRepositoryImpl - getValueByPropertyName : method = getModifierId
2024-12-04 22:15:51.220 [main] DEBUG c.e.x.j.core.jpa.SelectiveUpdateJpaRepositoryImpl - getSql : pp = private java.lang.Long cn.edu.xmu.oomall.product.mapper.po.OnsalePo.modifierId, object  = 1
2024-12-04 22:15:51.220 [main] DEBUG c.e.x.j.core.jpa.SelectiveUpdateJpaRepositoryImpl - getSql : columns = modifier_id
2024-12-04 22:15:51.220 [main] DEBUG c.e.x.j.core.jpa.SelectiveUpdateJpaRepositoryImpl - getValueByPropertyName : method = getModifierName
2024-12-04 22:15:51.220 [main] DEBUG c.e.x.j.core.jpa.SelectiveUpdateJpaRepositoryImpl - getSql : pp = private java.lang.String cn.edu.xmu.oomall.product.mapper.po.OnsalePo.modifierName, object  = wt
2024-12-04 22:15:51.220 [main] DEBUG c.e.x.j.core.jpa.SelectiveUpdateJpaRepositoryImpl - getSql : columns = modifier_name
2024-12-04 22:15:51.220 [main] DEBUG c.e.x.j.core.jpa.SelectiveUpdateJpaRepositoryImpl - getValueByPropertyName : method = getGmtCreate
2024-12-04 22:15:51.220 [main] DEBUG c.e.x.j.core.jpa.SelectiveUpdateJpaRepositoryImpl - getSql : pp = private java.time.LocalDateTime cn.edu.xmu.oomall.product.mapper.po.OnsalePo.gmtCreate, object  = null
2024-12-04 22:15:51.220 [main] DEBUG c.e.x.j.core.jpa.SelectiveUpdateJpaRepositoryImpl - getSql : columns = gmt_create
2024-12-04 22:15:51.220 [main] DEBUG c.e.x.j.core.jpa.SelectiveUpdateJpaRepositoryImpl - getValueByPropertyName : method = getGmtModified
2024-12-04 22:15:51.221 [main] DEBUG c.e.x.j.core.jpa.SelectiveUpdateJpaRepositoryImpl - getSql : pp = private java.time.LocalDateTime cn.edu.xmu.oomall.product.mapper.po.OnsalePo.gmtModified, object  = 2024-12-04T22:15:51.217479800
2024-12-04 22:15:51.221 [main] DEBUG c.e.x.j.core.jpa.SelectiveUpdateJpaRepositoryImpl - getSql : columns = gmt_modified
2024-12-04 22:15:51.221 [main] DEBUG c.e.x.j.core.jpa.SelectiveUpdateJpaRepositoryImpl - getValueByPropertyName : method = getShopId
2024-12-04 22:15:51.221 [main] DEBUG c.e.x.j.core.jpa.SelectiveUpdateJpaRepositoryImpl - getSql : pp = private java.lang.Long cn.edu.xmu.oomall.product.mapper.po.OnsalePo.shopId, object  = 2
2024-12-04 22:15:51.221 [main] DEBUG c.e.x.j.core.jpa.SelectiveUpdateJpaRepositoryImpl - getSql : columns = shop_id
2024-12-04 22:15:51.221 [main] DEBUG c.e.x.j.core.jpa.SelectiveUpdateJpaRepositoryImpl - getValueByPropertyName : method = getProductId
2024-12-04 22:15:51.221 [main] DEBUG c.e.x.j.core.jpa.SelectiveUpdateJpaRepositoryImpl - getSql : pp = private java.lang.Long cn.edu.xmu.oomall.product.mapper.po.OnsalePo.productId, object  = null
2024-12-04 22:15:51.221 [main] DEBUG c.e.x.j.core.jpa.SelectiveUpdateJpaRepositoryImpl - getSql : columns = product_id
2024-12-04 22:15:51.221 [main] DEBUG c.e.x.j.core.jpa.SelectiveUpdateJpaRepositoryImpl - getValueByPropertyName : method = getPrice
2024-12-04 22:15:51.221 [main] DEBUG c.e.x.j.core.jpa.SelectiveUpdateJpaRepositoryImpl - getSql : pp = private java.lang.Long cn.edu.xmu.oomall.product.mapper.po.OnsalePo.price, object  = 0
2024-12-04 22:15:51.221 [main] DEBUG c.e.x.j.core.jpa.SelectiveUpdateJpaRepositoryImpl - getSql : columns = price
2024-12-04 22:15:51.222 [main] DEBUG c.e.x.j.core.jpa.SelectiveUpdateJpaRepositoryImpl - getValueByPropertyName : method = getBeginTime
2024-12-04 22:15:51.222 [main] DEBUG c.e.x.j.core.jpa.SelectiveUpdateJpaRepositoryImpl - getSql : pp = private java.time.LocalDateTime cn.edu.xmu.oomall.product.mapper.po.OnsalePo.beginTime, object  = 3030-12-05T10:09:50
2024-12-04 22:15:51.222 [main] DEBUG c.e.x.j.core.jpa.SelectiveUpdateJpaRepositoryImpl - getSql : columns = begin_time
2024-12-04 22:15:51.222 [main] DEBUG c.e.x.j.core.jpa.SelectiveUpdateJpaRepositoryImpl - getValueByPropertyName : method = getEndTime
2024-12-04 22:15:51.222 [main] DEBUG c.e.x.j.core.jpa.SelectiveUpdateJpaRepositoryImpl - getSql : pp = private java.time.LocalDateTime cn.edu.xmu.oomall.product.mapper.po.OnsalePo.endTime, object  = 3032-12-05T10:09:50
2024-12-04 22:15:51.222 [main] DEBUG c.e.x.j.core.jpa.SelectiveUpdateJpaRepositoryImpl - getSql : columns = end_time
2024-12-04 22:15:51.222 [main] DEBUG c.e.x.j.core.jpa.SelectiveUpdateJpaRepositoryImpl - getValueByPropertyName : method = getQuantity
2024-12-04 22:15:51.222 [main] DEBUG c.e.x.j.core.jpa.SelectiveUpdateJpaRepositoryImpl - getSql : pp = private java.lang.Integer cn.edu.xmu.oomall.product.mapper.po.OnsalePo.quantity, object  = 0
2024-12-04 22:15:51.222 [main] DEBUG c.e.x.j.core.jpa.SelectiveUpdateJpaRepositoryImpl - getSql : columns = quantity
2024-12-04 22:15:51.222 [main] DEBUG c.e.x.j.core.jpa.SelectiveUpdateJpaRepositoryImpl - getValueByPropertyName : method = getType
2024-12-04 22:15:51.222 [main] DEBUG c.e.x.j.core.jpa.SelectiveUpdateJpaRepositoryImpl - getSql : pp = private java.lang.Byte cn.edu.xmu.oomall.product.mapper.po.OnsalePo.type, object  = null
2024-12-04 22:15:51.223 [main] DEBUG c.e.x.j.core.jpa.SelectiveUpdateJpaRepositoryImpl - getSql : columns = type
2024-12-04 22:15:51.223 [main] DEBUG c.e.x.j.core.jpa.SelectiveUpdateJpaRepositoryImpl - getValueByPropertyName : method = getMaxQuantity
2024-12-04 22:15:51.223 [main] DEBUG c.e.x.j.core.jpa.SelectiveUpdateJpaRepositoryImpl - getSql : pp = private java.lang.Integer cn.edu.xmu.oomall.product.mapper.po.OnsalePo.maxQuantity, object  = 1
2024-12-04 22:15:51.223 [main] DEBUG c.e.x.j.core.jpa.SelectiveUpdateJpaRepositoryImpl - getSql : columns = max_quantity
2024-12-04 22:15:51.223 [main] DEBUG c.e.x.j.core.jpa.SelectiveUpdateJpaRepositoryImpl - getValueByPropertyName : method = getPayTime
2024-12-04 22:15:51.223 [main] DEBUG c.e.x.j.core.jpa.SelectiveUpdateJpaRepositoryImpl - getSql : pp = private java.time.LocalDateTime cn.edu.xmu.oomall.product.mapper.po.OnsalePo.payTime, object  = null
2024-12-04 22:15:51.223 [main] DEBUG c.e.x.j.core.jpa.SelectiveUpdateJpaRepositoryImpl - getSql : columns = pay_time
2024-12-04 22:15:51.223 [main] DEBUG c.e.x.j.core.jpa.SelectiveUpdateJpaRepositoryImpl - getValueByPropertyName : method = getDeposit
2024-12-04 22:15:51.223 [main] DEBUG c.e.x.j.core.jpa.SelectiveUpdateJpaRepositoryImpl - getSql : pp = private java.lang.Long cn.edu.xmu.oomall.product.mapper.po.OnsalePo.deposit, object  = null
2024-12-04 22:15:51.224 [main] DEBUG c.e.x.j.core.jpa.SelectiveUpdateJpaRepositoryImpl - getSql : columns = deposit
2024-12-04 22:15:51.224 [main] DEBUG c.e.x.j.core.jpa.SelectiveUpdateJpaRepositoryImpl - getSql : sql = update goods_onsale set modifier_id = 1, modifier_name = 'wt', gmt_modified = '2024-12-04T22:15:51.217479800', shop_id = 2, price = 0, begin_time = '3030-12-05T10:09:50', end_time = '3032-12-05T10:09:50', quantity = 0, max_quantity = 1 where id = 119;
2024-12-04 22:15:51.276 [main] DEBUG cn.edu.xmu.javaee.core.aop.DaoAspect - doAround: obj = cn.edu.xmu.oomall.product.dao.onsale.OnSaleDao@6ca0fdd0, method = save
2024-12-04 22:15:51.277 [main] DEBUG c.e.x.j.core.jpa.SelectiveUpdateJpaRepositoryImpl - save: update obj
2024-12-04 22:15:51.277 [main] DEBUG c.e.x.j.core.jpa.SelectiveUpdateJpaRepositoryImpl - getSql : className = cn.edu.xmu.oomall.product.mapper.po.ActivityPo
2024-12-04 22:15:51.277 [main] DEBUG c.e.x.j.core.jpa.SelectiveUpdateJpaRepositoryImpl - getSql : table = goods_activity
2024-12-04 22:15:51.277 [main] DEBUG c.e.x.j.core.jpa.SelectiveUpdateJpaRepositoryImpl - getValueByPropertyName : method = getId
2024-12-04 22:15:51.277 [main] DEBUG c.e.x.j.core.jpa.SelectiveUpdateJpaRepositoryImpl - getSql : pp = private java.lang.Long cn.edu.xmu.oomall.product.mapper.po.ActivityPo.id, object  = 4
2024-12-04 22:15:51.277 [main] DEBUG c.e.x.j.core.jpa.SelectiveUpdateJpaRepositoryImpl - getSql : columns = id
2024-12-04 22:15:51.277 [main] DEBUG c.e.x.j.core.jpa.SelectiveUpdateJpaRepositoryImpl - getValueByPropertyName : method = getCreatorId
2024-12-04 22:15:51.277 [main] DEBUG c.e.x.j.core.jpa.SelectiveUpdateJpaRepositoryImpl - getSql : pp = private java.lang.Long cn.edu.xmu.oomall.product.mapper.po.ActivityPo.creatorId, object  = null
2024-12-04 22:15:51.277 [main] DEBUG c.e.x.j.core.jpa.SelectiveUpdateJpaRepositoryImpl - getSql : columns = creator_id
2024-12-04 22:15:51.277 [main] DEBUG c.e.x.j.core.jpa.SelectiveUpdateJpaRepositoryImpl - getValueByPropertyName : method = getCreatorName
2024-12-04 22:15:51.278 [main] DEBUG c.e.x.j.core.jpa.SelectiveUpdateJpaRepositoryImpl - getSql : pp = private java.lang.String cn.edu.xmu.oomall.product.mapper.po.ActivityPo.creatorName, object  = null
2024-12-04 22:15:51.278 [main] DEBUG c.e.x.j.core.jpa.SelectiveUpdateJpaRepositoryImpl - getSql : columns = creator_name
2024-12-04 22:15:51.278 [main] DEBUG c.e.x.j.core.jpa.SelectiveUpdateJpaRepositoryImpl - getValueByPropertyName : method = getModifierId
2024-12-04 22:15:51.278 [main] DEBUG c.e.x.j.core.jpa.SelectiveUpdateJpaRepositoryImpl - getSql : pp = private java.lang.Long cn.edu.xmu.oomall.product.mapper.po.ActivityPo.modifierId, object  = 1
2024-12-04 22:15:51.278 [main] DEBUG c.e.x.j.core.jpa.SelectiveUpdateJpaRepositoryImpl - getSql : columns = modifier_id
2024-12-04 22:15:51.278 [main] DEBUG c.e.x.j.core.jpa.SelectiveUpdateJpaRepositoryImpl - getValueByPropertyName : method = getModifierName
2024-12-04 22:15:51.278 [main] DEBUG c.e.x.j.core.jpa.SelectiveUpdateJpaRepositoryImpl - getSql : pp = private java.lang.String cn.edu.xmu.oomall.product.mapper.po.ActivityPo.modifierName, object  = wt
2024-12-04 22:15:51.278 [main] DEBUG c.e.x.j.core.jpa.SelectiveUpdateJpaRepositoryImpl - getSql : columns = modifier_name
2024-12-04 22:15:51.278 [main] DEBUG c.e.x.j.core.jpa.SelectiveUpdateJpaRepositoryImpl - getValueByPropertyName : method = getGmtCreate
2024-12-04 22:15:51.279 [main] DEBUG c.e.x.j.core.jpa.SelectiveUpdateJpaRepositoryImpl - getSql : pp = private java.time.LocalDateTime cn.edu.xmu.oomall.product.mapper.po.ActivityPo.gmtCreate, object  = null
2024-12-04 22:15:51.279 [main] DEBUG c.e.x.j.core.jpa.SelectiveUpdateJpaRepositoryImpl - getSql : columns = gmt_create
2024-12-04 22:15:51.279 [main] DEBUG c.e.x.j.core.jpa.SelectiveUpdateJpaRepositoryImpl - getValueByPropertyName : method = getGmtModified
2024-12-04 22:15:51.279 [main] DEBUG c.e.x.j.core.jpa.SelectiveUpdateJpaRepositoryImpl - getSql : pp = private java.time.LocalDateTime cn.edu.xmu.oomall.product.mapper.po.ActivityPo.gmtModified, object  = 2024-12-04T22:15:51.276548400
2024-12-04 22:15:51.279 [main] DEBUG c.e.x.j.core.jpa.SelectiveUpdateJpaRepositoryImpl - getSql : columns = gmt_modified
2024-12-04 22:15:51.279 [main] DEBUG c.e.x.j.core.jpa.SelectiveUpdateJpaRepositoryImpl - getValueByPropertyName : method = getShopId
2024-12-04 22:15:51.279 [main] DEBUG c.e.x.j.core.jpa.SelectiveUpdateJpaRepositoryImpl - getSql : pp = private java.lang.Long cn.edu.xmu.oomall.product.mapper.po.ActivityPo.shopId, object  = 2
2024-12-04 22:15:51.279 [main] DEBUG c.e.x.j.core.jpa.SelectiveUpdateJpaRepositoryImpl - getSql : columns = shop_id
2024-12-04 22:15:51.280 [main] DEBUG c.e.x.j.core.jpa.SelectiveUpdateJpaRepositoryImpl - getValueByPropertyName : method = getName
2024-12-04 22:15:51.280 [main] DEBUG c.e.x.j.core.jpa.SelectiveUpdateJpaRepositoryImpl - getSql : pp = private java.lang.String cn.edu.xmu.oomall.product.mapper.po.ActivityPo.name, object  = 团购活动3
2024-12-04 22:15:51.280 [main] DEBUG c.e.x.j.core.jpa.SelectiveUpdateJpaRepositoryImpl - getSql : columns = name
2024-12-04 22:15:51.280 [main] DEBUG c.e.x.j.core.jpa.SelectiveUpdateJpaRepositoryImpl - getValueByPropertyName : method = getObjectId
2024-12-04 22:15:51.280 [main] DEBUG c.e.x.j.core.jpa.SelectiveUpdateJpaRepositoryImpl - getSql : pp = private java.lang.String cn.edu.xmu.oomall.product.mapper.po.ActivityPo.objectId, object  = 6571af0a9e0bbf44f06141d0
2024-12-04 22:15:51.280 [main] DEBUG c.e.x.j.core.jpa.SelectiveUpdateJpaRepositoryImpl - getSql : columns = object_id
2024-12-04 22:15:51.280 [main] DEBUG c.e.x.j.core.jpa.SelectiveUpdateJpaRepositoryImpl - getValueByPropertyName : method = getActClass
2024-12-04 22:15:51.280 [main] DEBUG c.e.x.j.core.jpa.SelectiveUpdateJpaRepositoryImpl - getSql : pp = private java.lang.String cn.edu.xmu.oomall.product.mapper.po.ActivityPo.actClass, object  = grouponActDao
2024-12-04 22:15:51.280 [main] DEBUG c.e.x.j.core.jpa.SelectiveUpdateJpaRepositoryImpl - getSql : columns = act_class
2024-12-04 22:15:51.280 [main] DEBUG c.e.x.j.core.jpa.SelectiveUpdateJpaRepositoryImpl - getValueByPropertyName : method = getStatus
2024-12-04 22:15:51.281 [main] DEBUG c.e.x.j.core.jpa.SelectiveUpdateJpaRepositoryImpl - getSql : pp = private java.lang.Byte cn.edu.xmu.oomall.product.mapper.po.ActivityPo.status, object  = null
2024-12-04 22:15:51.281 [main] DEBUG c.e.x.j.core.jpa.SelectiveUpdateJpaRepositoryImpl - getSql : columns = status
2024-12-04 22:15:51.281 [main] DEBUG c.e.x.j.core.jpa.SelectiveUpdateJpaRepositoryImpl - getSql : sql = update goods_activity set modifier_id = 1, modifier_name = 'wt', gmt_modified = '2024-12-04T22:15:51.276548400', shop_id = 2, name = '团购活动3', object_id = '6571af0a9e0bbf44f06141d0', act_class = 'grouponActDao' where id = 4;
2024-12-04 22:15:51.332 [main] DEBUG c.edu.xmu.oomall.product.dao.activity.ActivityDao - save:saved po = ActivityPo(id=4, creatorId=null, creatorName=null, modifierId=1, modifierName=wt, gmtCreate=null, gmtModified=2024-12-04T22:15:51.276548400, shopId=2, name=团购活动3, objectId=6571af0a9e0bbf44f06141d0, actClass=grouponActDao, status=null)
2024-12-04 22:15:51.335 [main] INFO  c.edu.xmu.oomall.product.config.MongoCommandLogger - Command: find
2024-12-04 22:15:51.335 [main] INFO  c.edu.xmu.oomall.product.config.MongoCommandLogger - Connection Address: mongo3:27017
2024-12-04 22:15:51.406 [main] INFO  c.edu.xmu.oomall.product.config.MongoCommandLogger - Command: update
2024-12-04 22:15:51.406 [main] INFO  c.edu.xmu.oomall.product.config.MongoCommandLogger - Connection Address: mongo3:27017
2024-12-04 22:15:51.456 [main] DEBUG cn.edu.xmu.javaee.core.aop.DaoAspect - doAround: obj = cn.edu.xmu.oomall.product.dao.activity.GrouponActDao@3f8dfbc0, method = save
2024-12-04 22:15:51.456 [main] DEBUG c.edu.xmu.oomall.product.dao.activity.ActivityDao - save:saved bo = GrouponAct(super=Activity(super=OOMallObject(id=4, creatorId=null, creatorName=null, modifierId=1, modifierName=wt, gmtCreate=null, gmtModified=2024-12-04T22:15:51.276548400), shopId=2, name=团购活动3, objectId=6571af0a9e0bbf44f06141d0, actClass=grouponActDao, status=null), thresholds=[Threshold(quantity=100, percentage=10), Threshold(quantity=50, percentage=5)])
2024-12-04 22:15:51.457 [main] DEBUG cn.edu.xmu.javaee.core.aop.DaoAspect - doAround: obj = cn.edu.xmu.oomall.product.dao.activity.ActivityDao@7e281050, method = save
2024-12-04 22:15:51.458 [main] DEBUG cn.edu.xmu.javaee.core.aop.ControllerAspect - doAround: jp = updateGrouponAct, code = OK
]]></system-out>
  </testcase>
  <testcase name="testCancelProductGrouponAct" classname="cn.edu.xmu.oomall.product.controller.AdminGrouponActControllerTest" time="0.452">
    <system-out><![CDATA[2024-12-04 22:15:51.628 [main] DEBUG cn.edu.xmu.javaee.core.aop.ControllerAspect - doAround: method = cancelProductGrouponAct, paramNames = [shopId, pid, id, user]
2024-12-04 22:15:51.629 [main] DEBUG cn.edu.xmu.javaee.core.aop.ControllerAspect - checkPageTimeLimit: paramNames[0] = shopId
2024-12-04 22:15:51.629 [main] DEBUG cn.edu.xmu.javaee.core.aop.ControllerAspect - checkPageTimeLimit: paramNames[1] = pid
2024-12-04 22:15:51.629 [main] DEBUG cn.edu.xmu.javaee.core.aop.ControllerAspect - checkPageTimeLimit: paramNames[2] = id
2024-12-04 22:15:51.629 [main] DEBUG cn.edu.xmu.javaee.core.aop.ControllerAspect - checkPageTimeLimit: paramNames[3] = user
2024-12-04 22:15:51.630 [main] DEBUG cn.edu.xmu.javaee.core.aop.AuditAspect - decryptToken : token = UserToken(userId=1, userName=wt, departId=2, expireTime=Wed Dec 04 23:15:47 CST 2024, userLevel=1)
2024-12-04 22:15:51.630 [main] DEBUG cn.edu.xmu.javaee.core.aop.AuditAspect - checkDepartId : the api path is /shops/2/products/1668/groupons/4
2024-12-04 22:15:51.630 [main] DEBUG cn.edu.xmu.javaee.core.aop.AuditAspect - checkDepartId: getPathInfo = /shops/2/products/1668/groupons/4
2024-12-04 22:15:51.630 [main] DEBUG cn.edu.xmu.javaee.core.aop.AuditAspect - checkDepartId : did = 2
2024-12-04 22:15:51.630 [main] DEBUG cn.edu.xmu.javaee.core.aop.AuditAspect - checkDepartId : success match Id!
2024-12-04 22:15:51.688 [main] DEBUG c.edu.xmu.oomall.product.dao.activity.ActivityDao - build: po = ActivityPo(id=4, creatorId=1, creatorName=admin, modifierId=null, modifierName=null, gmtCreate=2022-12-09T02:09:26, gmtModified=null, shopId=2, name=团购活动2, objectId=6571af0a9e0bbf44f06141d0, actClass=grouponActDao, status=1)
2024-12-04 22:15:51.690 [main] INFO  c.edu.xmu.oomall.product.config.MongoCommandLogger - Command: find
2024-12-04 22:15:51.691 [main] INFO  c.edu.xmu.oomall.product.config.MongoCommandLogger - Connection Address: mongo3:27017
2024-12-04 22:15:51.739 [main] DEBUG c.e.xmu.oomall.product.dao.activity.GrouponActDao - getActivity: actPo = cn.edu.xmu.oomall.product.mapper.po.GrouponActPo@76234c4b
2024-12-04 22:15:51.740 [main] DEBUG c.e.xmu.oomall.product.dao.activity.GrouponActDao - getActivity: bo = GrouponAct(super=Activity(super=OOMallObject(id=4, creatorId=1, creatorName=admin, modifierId=null, modifierName=null, gmtCreate=2022-12-09T02:09:26, gmtModified=null), shopId=2, name=团购活动2, objectId=6571af0a9e0bbf44f06141d0, actClass=grouponActDao, status=1), thresholds=[Threshold(quantity=100, percentage=10), Threshold(quantity=50, percentage=5)])
2024-12-04 22:15:51.740 [main] DEBUG cn.edu.xmu.javaee.core.aop.DaoAspect - doAround: obj = cn.edu.xmu.oomall.product.dao.activity.GrouponActDao@3f8dfbc0, method = getActivity
2024-12-04 22:15:51.741 [main] DEBUG c.edu.xmu.oomall.product.dao.activity.ActivityDao - build: bo = GrouponAct(super=Activity(super=OOMallObject(id=4, creatorId=1, creatorName=admin, modifierId=null, modifierName=null, gmtCreate=2022-12-09T02:09:26, gmtModified=null), shopId=2, name=团购活动2, objectId=6571af0a9e0bbf44f06141d0, actClass=grouponActDao, status=1), thresholds=[Threshold(quantity=100, percentage=10), Threshold(quantity=50, percentage=5)])
2024-12-04 22:15:51.741 [main] DEBUG cn.edu.xmu.javaee.core.aop.DaoAspect - doAround: obj = cn.edu.xmu.oomall.product.dao.activity.ActivityDao@7e281050, method = findById
2024-12-04 22:15:51.800 [main] DEBUG cn.edu.xmu.javaee.core.aop.DaoAspect - doAround: obj = cn.edu.xmu.oomall.product.dao.onsale.OnSaleDao@6ca0fdd0, method = findByActIdEqualsAndProductIdEquals
2024-12-04 22:15:51.804 [main] DEBUG cn.edu.xmu.oomall.product.dao.onsale.OnSaleDao - save: onsale=OnSale(super=OOMallObject(id=119, creatorId=null, creatorName=null, modifierId=null, modifierName=null, gmtCreate=null, gmtModified=null), price=null, beginTime=null, endTime=2024-12-04T22:15:51.801197900, quantity=null, maxQuantity=null, shopId=null, productId=null, type=null, deposit=null, payTime=null)
2024-12-04 22:15:51.804 [main] DEBUG cn.edu.xmu.oomall.product.dao.onsale.OnSaleDao - hasConflictOnsale: onsale = OnSale(super=OOMallObject(id=119, creatorId=null, creatorName=null, modifierId=null, modifierName=null, gmtCreate=null, gmtModified=null), price=null, beginTime=null, endTime=2024-12-04T22:15:51.801197900, quantity=null, maxQuantity=null, shopId=null, productId=null, type=null, deposit=null, payTime=null)
2024-12-04 22:15:51.861 [main] DEBUG c.e.x.j.core.jpa.SelectiveUpdateJpaRepositoryImpl - save: update obj
2024-12-04 22:15:51.861 [main] DEBUG c.e.x.j.core.jpa.SelectiveUpdateJpaRepositoryImpl - getSql : className = cn.edu.xmu.oomall.product.mapper.po.OnsalePo
2024-12-04 22:15:51.861 [main] DEBUG c.e.x.j.core.jpa.SelectiveUpdateJpaRepositoryImpl - getSql : table = goods_onsale
2024-12-04 22:15:51.862 [main] DEBUG c.e.x.j.core.jpa.SelectiveUpdateJpaRepositoryImpl - getValueByPropertyName : method = getId
2024-12-04 22:15:51.862 [main] DEBUG c.e.x.j.core.jpa.SelectiveUpdateJpaRepositoryImpl - getSql : pp = private java.lang.Long cn.edu.xmu.oomall.product.mapper.po.OnsalePo.id, object  = 119
2024-12-04 22:15:51.862 [main] DEBUG c.e.x.j.core.jpa.SelectiveUpdateJpaRepositoryImpl - getSql : columns = id
2024-12-04 22:15:51.862 [main] DEBUG c.e.x.j.core.jpa.SelectiveUpdateJpaRepositoryImpl - getValueByPropertyName : method = getCreatorId
2024-12-04 22:15:51.862 [main] DEBUG c.e.x.j.core.jpa.SelectiveUpdateJpaRepositoryImpl - getSql : pp = private java.lang.Long cn.edu.xmu.oomall.product.mapper.po.OnsalePo.creatorId, object  = null
2024-12-04 22:15:51.862 [main] DEBUG c.e.x.j.core.jpa.SelectiveUpdateJpaRepositoryImpl - getSql : columns = creator_id
2024-12-04 22:15:51.862 [main] DEBUG c.e.x.j.core.jpa.SelectiveUpdateJpaRepositoryImpl - getValueByPropertyName : method = getCreatorName
2024-12-04 22:15:51.862 [main] DEBUG c.e.x.j.core.jpa.SelectiveUpdateJpaRepositoryImpl - getSql : pp = private java.lang.String cn.edu.xmu.oomall.product.mapper.po.OnsalePo.creatorName, object  = null
2024-12-04 22:15:51.862 [main] DEBUG c.e.x.j.core.jpa.SelectiveUpdateJpaRepositoryImpl - getSql : columns = creator_name
2024-12-04 22:15:51.862 [main] DEBUG c.e.x.j.core.jpa.SelectiveUpdateJpaRepositoryImpl - getValueByPropertyName : method = getModifierId
2024-12-04 22:15:51.862 [main] DEBUG c.e.x.j.core.jpa.SelectiveUpdateJpaRepositoryImpl - getSql : pp = private java.lang.Long cn.edu.xmu.oomall.product.mapper.po.OnsalePo.modifierId, object  = 1
2024-12-04 22:15:51.862 [main] DEBUG c.e.x.j.core.jpa.SelectiveUpdateJpaRepositoryImpl - getSql : columns = modifier_id
2024-12-04 22:15:51.863 [main] DEBUG c.e.x.j.core.jpa.SelectiveUpdateJpaRepositoryImpl - getValueByPropertyName : method = getModifierName
2024-12-04 22:15:51.863 [main] DEBUG c.e.x.j.core.jpa.SelectiveUpdateJpaRepositoryImpl - getSql : pp = private java.lang.String cn.edu.xmu.oomall.product.mapper.po.OnsalePo.modifierName, object  = wt
2024-12-04 22:15:51.863 [main] DEBUG c.e.x.j.core.jpa.SelectiveUpdateJpaRepositoryImpl - getSql : columns = modifier_name
2024-12-04 22:15:51.863 [main] DEBUG c.e.x.j.core.jpa.SelectiveUpdateJpaRepositoryImpl - getValueByPropertyName : method = getGmtCreate
2024-12-04 22:15:51.863 [main] DEBUG c.e.x.j.core.jpa.SelectiveUpdateJpaRepositoryImpl - getSql : pp = private java.time.LocalDateTime cn.edu.xmu.oomall.product.mapper.po.OnsalePo.gmtCreate, object  = null
2024-12-04 22:15:51.863 [main] DEBUG c.e.x.j.core.jpa.SelectiveUpdateJpaRepositoryImpl - getSql : columns = gmt_create
2024-12-04 22:15:51.863 [main] DEBUG c.e.x.j.core.jpa.SelectiveUpdateJpaRepositoryImpl - getValueByPropertyName : method = getGmtModified
2024-12-04 22:15:51.863 [main] DEBUG c.e.x.j.core.jpa.SelectiveUpdateJpaRepositoryImpl - getSql : pp = private java.time.LocalDateTime cn.edu.xmu.oomall.product.mapper.po.OnsalePo.gmtModified, object  = 2024-12-04T22:15:51.861124500
2024-12-04 22:15:51.863 [main] DEBUG c.e.x.j.core.jpa.SelectiveUpdateJpaRepositoryImpl - getSql : columns = gmt_modified
2024-12-04 22:15:51.863 [main] DEBUG c.e.x.j.core.jpa.SelectiveUpdateJpaRepositoryImpl - getValueByPropertyName : method = getShopId
2024-12-04 22:15:51.863 [main] DEBUG c.e.x.j.core.jpa.SelectiveUpdateJpaRepositoryImpl - getSql : pp = private java.lang.Long cn.edu.xmu.oomall.product.mapper.po.OnsalePo.shopId, object  = null
2024-12-04 22:15:51.863 [main] DEBUG c.e.x.j.core.jpa.SelectiveUpdateJpaRepositoryImpl - getSql : columns = shop_id
2024-12-04 22:15:51.863 [main] DEBUG c.e.x.j.core.jpa.SelectiveUpdateJpaRepositoryImpl - getValueByPropertyName : method = getProductId
2024-12-04 22:15:51.864 [main] DEBUG c.e.x.j.core.jpa.SelectiveUpdateJpaRepositoryImpl - getSql : pp = private java.lang.Long cn.edu.xmu.oomall.product.mapper.po.OnsalePo.productId, object  = null
2024-12-04 22:15:51.864 [main] DEBUG c.e.x.j.core.jpa.SelectiveUpdateJpaRepositoryImpl - getSql : columns = product_id
2024-12-04 22:15:51.864 [main] DEBUG c.e.x.j.core.jpa.SelectiveUpdateJpaRepositoryImpl - getValueByPropertyName : method = getPrice
2024-12-04 22:15:51.864 [main] DEBUG c.e.x.j.core.jpa.SelectiveUpdateJpaRepositoryImpl - getSql : pp = private java.lang.Long cn.edu.xmu.oomall.product.mapper.po.OnsalePo.price, object  = null
2024-12-04 22:15:51.864 [main] DEBUG c.e.x.j.core.jpa.SelectiveUpdateJpaRepositoryImpl - getSql : columns = price
2024-12-04 22:15:51.864 [main] DEBUG c.e.x.j.core.jpa.SelectiveUpdateJpaRepositoryImpl - getValueByPropertyName : method = getBeginTime
2024-12-04 22:15:51.864 [main] DEBUG c.e.x.j.core.jpa.SelectiveUpdateJpaRepositoryImpl - getSql : pp = private java.time.LocalDateTime cn.edu.xmu.oomall.product.mapper.po.OnsalePo.beginTime, object  = null
2024-12-04 22:15:51.864 [main] DEBUG c.e.x.j.core.jpa.SelectiveUpdateJpaRepositoryImpl - getSql : columns = begin_time
2024-12-04 22:15:51.864 [main] DEBUG c.e.x.j.core.jpa.SelectiveUpdateJpaRepositoryImpl - getValueByPropertyName : method = getEndTime
2024-12-04 22:15:51.864 [main] DEBUG c.e.x.j.core.jpa.SelectiveUpdateJpaRepositoryImpl - getSql : pp = private java.time.LocalDateTime cn.edu.xmu.oomall.product.mapper.po.OnsalePo.endTime, object  = 2024-12-04T22:15:51.801197900
2024-12-04 22:15:51.864 [main] DEBUG c.e.x.j.core.jpa.SelectiveUpdateJpaRepositoryImpl - getSql : columns = end_time
2024-12-04 22:15:51.864 [main] DEBUG c.e.x.j.core.jpa.SelectiveUpdateJpaRepositoryImpl - getValueByPropertyName : method = getQuantity
2024-12-04 22:15:51.864 [main] DEBUG c.e.x.j.core.jpa.SelectiveUpdateJpaRepositoryImpl - getSql : pp = private java.lang.Integer cn.edu.xmu.oomall.product.mapper.po.OnsalePo.quantity, object  = null
2024-12-04 22:15:51.864 [main] DEBUG c.e.x.j.core.jpa.SelectiveUpdateJpaRepositoryImpl - getSql : columns = quantity
2024-12-04 22:15:51.865 [main] DEBUG c.e.x.j.core.jpa.SelectiveUpdateJpaRepositoryImpl - getValueByPropertyName : method = getType
2024-12-04 22:15:51.865 [main] DEBUG c.e.x.j.core.jpa.SelectiveUpdateJpaRepositoryImpl - getSql : pp = private java.lang.Byte cn.edu.xmu.oomall.product.mapper.po.OnsalePo.type, object  = null
2024-12-04 22:15:51.865 [main] DEBUG c.e.x.j.core.jpa.SelectiveUpdateJpaRepositoryImpl - getSql : columns = type
2024-12-04 22:15:51.865 [main] DEBUG c.e.x.j.core.jpa.SelectiveUpdateJpaRepositoryImpl - getValueByPropertyName : method = getMaxQuantity
2024-12-04 22:15:51.865 [main] DEBUG c.e.x.j.core.jpa.SelectiveUpdateJpaRepositoryImpl - getSql : pp = private java.lang.Integer cn.edu.xmu.oomall.product.mapper.po.OnsalePo.maxQuantity, object  = null
2024-12-04 22:15:51.865 [main] DEBUG c.e.x.j.core.jpa.SelectiveUpdateJpaRepositoryImpl - getSql : columns = max_quantity
2024-12-04 22:15:51.865 [main] DEBUG c.e.x.j.core.jpa.SelectiveUpdateJpaRepositoryImpl - getValueByPropertyName : method = getPayTime
2024-12-04 22:15:51.865 [main] DEBUG c.e.x.j.core.jpa.SelectiveUpdateJpaRepositoryImpl - getSql : pp = private java.time.LocalDateTime cn.edu.xmu.oomall.product.mapper.po.OnsalePo.payTime, object  = null
2024-12-04 22:15:51.865 [main] DEBUG c.e.x.j.core.jpa.SelectiveUpdateJpaRepositoryImpl - getSql : columns = pay_time
2024-12-04 22:15:51.865 [main] DEBUG c.e.x.j.core.jpa.SelectiveUpdateJpaRepositoryImpl - getValueByPropertyName : method = getDeposit
2024-12-04 22:15:51.865 [main] DEBUG c.e.x.j.core.jpa.SelectiveUpdateJpaRepositoryImpl - getSql : pp = private java.lang.Long cn.edu.xmu.oomall.product.mapper.po.OnsalePo.deposit, object  = null
2024-12-04 22:15:51.865 [main] DEBUG c.e.x.j.core.jpa.SelectiveUpdateJpaRepositoryImpl - getSql : columns = deposit
2024-12-04 22:15:51.865 [main] DEBUG c.e.x.j.core.jpa.SelectiveUpdateJpaRepositoryImpl - getSql : sql = update goods_onsale set modifier_id = 1, modifier_name = 'wt', gmt_modified = '2024-12-04T22:15:51.861124500', end_time = '2024-12-04T22:15:51.801197900' where id = 119;
2024-12-04 22:15:51.916 [main] DEBUG cn.edu.xmu.javaee.core.aop.ControllerAspect - doAround: jp = cancelProductGrouponAct, code = OK
]]></system-out>
  </testcase>
  <testcase name="testCreateGrouponActByWrongActivityIdAndWrongShopId" classname="cn.edu.xmu.oomall.product.controller.AdminGrouponActControllerTest" time="0.22">
    <system-out><![CDATA[2024-12-04 22:15:52.084 [main] DEBUG cn.edu.xmu.javaee.core.aop.ControllerAspect - doAround: method = createGrouponAct, paramNames = [shopId, pid, id, vo, user]
2024-12-04 22:15:52.085 [main] DEBUG cn.edu.xmu.javaee.core.aop.ControllerAspect - checkPageTimeLimit: paramNames[0] = shopId
2024-12-04 22:15:52.085 [main] DEBUG cn.edu.xmu.javaee.core.aop.ControllerAspect - checkPageTimeLimit: paramNames[1] = pid
2024-12-04 22:15:52.085 [main] DEBUG cn.edu.xmu.javaee.core.aop.ControllerAspect - checkPageTimeLimit: paramNames[2] = id
2024-12-04 22:15:52.085 [main] DEBUG cn.edu.xmu.javaee.core.aop.ControllerAspect - checkPageTimeLimit: paramNames[3] = vo
2024-12-04 22:15:52.085 [main] DEBUG cn.edu.xmu.javaee.core.aop.ControllerAspect - checkPageTimeLimit: paramNames[4] = user
2024-12-04 22:15:52.086 [main] DEBUG cn.edu.xmu.javaee.core.aop.AuditAspect - decryptToken : token = UserToken(userId=1, userName=wt, departId=10, expireTime=Wed Dec 04 23:15:47 CST 2024, userLevel=1)
2024-12-04 22:15:52.086 [main] DEBUG cn.edu.xmu.javaee.core.aop.AuditAspect - checkDepartId : the api path is /shops/10/products/1668/groupons/4
2024-12-04 22:15:52.086 [main] DEBUG cn.edu.xmu.javaee.core.aop.AuditAspect - checkDepartId: getPathInfo = /shops/10/products/1668/groupons/4
2024-12-04 22:15:52.087 [main] DEBUG cn.edu.xmu.javaee.core.aop.AuditAspect - checkDepartId : did = 10
2024-12-04 22:15:52.087 [main] DEBUG cn.edu.xmu.javaee.core.aop.AuditAspect - checkDepartId : success match Id!
2024-12-04 22:15:52.139 [main] INFO  cn.edu.xmu.javaee.core.aop.ControllerAspect - doAround: BusinessException， errno = RESOURCE_ID_OUTSCOPE
2024-12-04 22:15:52.140 [main] DEBUG cn.edu.xmu.javaee.core.aop.ControllerAspect - doAround: jp = createGrouponAct, code = RESOURCE_ID_OUTSCOPE
]]></system-out>
  </testcase>
  <testcase name="testPublishGrouponActGivenPulishedItem" classname="cn.edu.xmu.oomall.product.controller.AdminGrouponActControllerTest" time="0.111">
    <failure message="Status expected:&lt;200&gt; but was:&lt;404&gt;" type="java.lang.AssertionError"><![CDATA[java.lang.AssertionError: Status expected:<200> but was:<404>
	at org.springframework.test.util.AssertionErrors.fail(AssertionErrors.java:59)
	at org.springframework.test.util.AssertionErrors.assertEquals(AssertionErrors.java:122)
	at org.springframework.test.web.servlet.result.StatusResultMatchers.lambda$matcher$9(StatusResultMatchers.java:637)
	at org.springframework.test.web.servlet.MockMvc$1.andExpect(MockMvc.java:214)
	at cn.edu.xmu.oomall.product.controller.AdminGrouponActControllerTest.testPublishGrouponActGivenPulishedItem(AdminGrouponActControllerTest.java:505)
	at java.base/java.lang.reflect.Method.invoke(Method.java:568)
	at java.base/java.util.ArrayList.forEach(ArrayList.java:1511)
	at java.base/java.util.ArrayList.forEach(ArrayList.java:1511)
]]></failure>
    <system-out><![CDATA[
MockHttpServletRequest:
      HTTP Method = PUT
      Request URI = /shops/0/groupons/4/publish
       Parameters = {}
          Headers = [Content-Type:"application/json;charset=UTF-8", authorization:"eyJ0eXAiOiJKV1QiLCJhbGciOiJIUzI1NiJ9.eyJ1c2VySWQiOjEsImRlcGFydElkIjowLCJ0b2tlbklkIjoiMjAyNDEyMDQyMjE1NDcxRFZBIiwidXNlck5hbWUiOiJhZG1pbiIsInVzZXJMZXZlbCI6MSwiaXNzIjoiT09BRCIsInN1YiI6InRoaXMgaXMgYSB0b2tlbiIsImF1ZCI6Ik1JTklBUFAiLCJpYXQiOjE3MzMzMjE3NDcsImV4cCI6MTczMzMyNTM0N30.3Ce7DiAM6PmLb434yv9ZE7K7ni-2sNydNfBvW6t_OC4"]
             Body = null
    Session Attrs = {}

Handler:
             Type = org.springframework.web.servlet.resource.ResourceHttpRequestHandler

Async:
    Async started = false
     Async result = null

Resolved Exception:
             Type = org.springframework.web.servlet.resource.NoResourceFoundException

ModelAndView:
        View name = null
             View = null
            Model = null

FlashMap:
       Attributes = null

MockHttpServletResponse:
           Status = 404
    Error message = No static resource shops/0/groupons/4/publish.
          Headers = [Vary:"Origin", "Access-Control-Request-Method", "Access-Control-Request-Headers"]
     Content type = null
             Body = 
    Forwarded URL = null
   Redirected URL = null
          Cookies = []
]]></system-out>
  </testcase>
  <testcase name="testRetrieveByShopIdGivenWrongProductId" classname="cn.edu.xmu.oomall.product.controller.AdminGrouponActControllerTest" time="0.219">
    <system-out><![CDATA[2024-12-04 22:15:52.418 [main] DEBUG cn.edu.xmu.javaee.core.aop.ControllerAspect - doAround: method = retrieveByShopId, paramNames = [shopId, productId, status, page, pageSize]
2024-12-04 22:15:52.418 [main] DEBUG cn.edu.xmu.javaee.core.aop.ControllerAspect - checkPageTimeLimit: paramNames[0] = shopId
2024-12-04 22:15:52.419 [main] DEBUG cn.edu.xmu.javaee.core.aop.ControllerAspect - checkPageTimeLimit: paramNames[1] = productId
2024-12-04 22:15:52.419 [main] DEBUG cn.edu.xmu.javaee.core.aop.ControllerAspect - checkPageTimeLimit: paramNames[2] = status
2024-12-04 22:15:52.419 [main] DEBUG cn.edu.xmu.javaee.core.aop.ControllerAspect - checkPageTimeLimit: paramNames[3] = page
2024-12-04 22:15:52.419 [main] DEBUG cn.edu.xmu.javaee.core.aop.ControllerAspect - checkPageTimeLimit: set page to 1
2024-12-04 22:15:52.419 [main] DEBUG cn.edu.xmu.javaee.core.aop.ControllerAspect - checkPageTimeLimit: paramNames[4] = pageSize
2024-12-04 22:15:52.419 [main] DEBUG cn.edu.xmu.javaee.core.aop.ControllerAspect - checkPageTimeLimit: set pageSize to 10
2024-12-04 22:15:52.420 [main] DEBUG cn.edu.xmu.javaee.core.aop.AuditAspect - decryptToken : token = UserToken(userId=1, userName=wt, departId=10, expireTime=Wed Dec 04 23:15:47 CST 2024, userLevel=1)
2024-12-04 22:15:52.420 [main] DEBUG cn.edu.xmu.javaee.core.aop.AuditAspect - checkDepartId : the api path is /shops/10/groupons
2024-12-04 22:15:52.421 [main] DEBUG cn.edu.xmu.javaee.core.aop.AuditAspect - checkDepartId: getPathInfo = /shops/10/groupons
2024-12-04 22:15:52.421 [main] DEBUG cn.edu.xmu.javaee.core.aop.AuditAspect - checkDepartId : did = 10
2024-12-04 22:15:52.421 [main] DEBUG cn.edu.xmu.javaee.core.aop.AuditAspect - checkDepartId : success match Id!
2024-12-04 22:15:52.421 [main] DEBUG c.edu.xmu.oomall.product.dao.activity.ActivityDao - retrieveByShopIdAndProductId: shopId = 10, productId = 1559, page = 1, pageSize= 10
2024-12-04 22:15:52.421 [main] DEBUG c.edu.xmu.oomall.product.dao.activity.ActivityDao - retrieveByShopIdAndProductId: productId = 1559
2024-12-04 22:15:52.475 [main] DEBUG c.edu.xmu.oomall.product.dao.activity.ActivityDao - retrieveByShopIdAndProductId: pos size = 1
2024-12-04 22:15:52.476 [main] INFO  cn.edu.xmu.javaee.core.aop.ControllerAspect - doAround: BusinessException， errno = RESOURCE_ID_OUTSCOPE
2024-12-04 22:15:52.476 [main] DEBUG cn.edu.xmu.javaee.core.aop.ControllerAspect - doAround: jp = retrieveByShopId, code = RESOURCE_ID_OUTSCOPE
]]></system-out>
  </testcase>
  <testcase name="testPublishGrouponActWithShop" classname="cn.edu.xmu.oomall.product.controller.AdminGrouponActControllerTest" time="0.112">
    <failure message="Status expected:&lt;403&gt; but was:&lt;404&gt;" type="java.lang.AssertionError"><![CDATA[java.lang.AssertionError: Status expected:<403> but was:<404>
	at org.springframework.test.util.AssertionErrors.fail(AssertionErrors.java:59)
	at org.springframework.test.util.AssertionErrors.assertEquals(AssertionErrors.java:122)
	at org.springframework.test.web.servlet.result.StatusResultMatchers.lambda$matcher$9(StatusResultMatchers.java:637)
	at org.springframework.test.web.servlet.MockMvc$1.andExpect(MockMvc.java:214)
	at cn.edu.xmu.oomall.product.controller.AdminGrouponActControllerTest.testPublishGrouponActWithShop(AdminGrouponActControllerTest.java:492)
	at java.base/java.lang.reflect.Method.invoke(Method.java:568)
	at java.base/java.util.ArrayList.forEach(ArrayList.java:1511)
	at java.base/java.util.ArrayList.forEach(ArrayList.java:1511)
]]></failure>
    <system-out><![CDATA[
MockHttpServletRequest:
      HTTP Method = PUT
      Request URI = /shops/2/groupons/4/publish
       Parameters = {}
          Headers = [Content-Type:"application/json;charset=UTF-8", authorization:"eyJ0eXAiOiJKV1QiLCJhbGciOiJIUzI1NiJ9.eyJ1c2VySWQiOjEsImRlcGFydElkIjoyLCJ0b2tlbklkIjoiMjAyNDEyMDQyMjE1NDcxOVdBIiwidXNlck5hbWUiOiJ3dCIsInVzZXJMZXZlbCI6MSwiaXNzIjoiT09BRCIsInN1YiI6InRoaXMgaXMgYSB0b2tlbiIsImF1ZCI6Ik1JTklBUFAiLCJpYXQiOjE3MzMzMjE3NDcsImV4cCI6MTczMzMyNTM0N30.fSNQgU8IwLZGmTy_s4aW4F2aiAEjoEywPOW2ZVODqoU"]
             Body = null
    Session Attrs = {}

Handler:
             Type = org.springframework.web.servlet.resource.ResourceHttpRequestHandler

Async:
    Async started = false
     Async result = null

Resolved Exception:
             Type = org.springframework.web.servlet.resource.NoResourceFoundException

ModelAndView:
        View name = null
             View = null
            Model = null

FlashMap:
       Attributes = null

MockHttpServletResponse:
           Status = 404
    Error message = No static resource shops/2/groupons/4/publish.
          Headers = [Vary:"Origin", "Access-Control-Request-Method", "Access-Control-Request-Headers"]
     Content type = null
             Body = 
    Forwarded URL = null
   Redirected URL = null
          Cookies = []
]]></system-out>
  </testcase>
  <testcase name="testDeleteGrouponActByWrongShop" classname="cn.edu.xmu.oomall.product.controller.AdminGrouponActControllerTest" time="0.224">
    <system-out><![CDATA[2024-12-04 22:15:52.699 [cluster-ClusterId{value='675063fa06b2de2102d09639', description='null'}-mongo3:27017] INFO  org.mongodb.driver.cluster - Rediscovering type of existing primary mongo2:27017
2024-12-04 22:15:52.700 [cluster-ClusterId{value='675063fa06b2de2102d09639', description='null'}-mongo3:27017] INFO  org.mongodb.driver.cluster - Discovered replica set primary mongo3:27017 with max election id 7fffffff00000000000000f7 and max set version 1
2024-12-04 22:15:52.702 [cluster-ClusterId{value='675063fa06b2de2102d09639', description='null'}-mongo1:27017] INFO  org.mongodb.driver.cluster - Rediscovering type of existing primary mongo3:27017
2024-12-04 22:15:52.703 [cluster-ClusterId{value='675063fa06b2de2102d09639', description='null'}-mongo1:27017] INFO  org.mongodb.driver.cluster - Discovered replica set primary mongo1:27017 with max election id 7fffffff00000000000000f7 and max set version 1
2024-12-04 22:15:52.710 [cluster-ClusterId{value='675063fa06b2de2102d09639', description='null'}-mongo2:27017] INFO  org.mongodb.driver.cluster - Rediscovering type of existing primary mongo1:27017
2024-12-04 22:15:52.711 [cluster-ClusterId{value='675063fa06b2de2102d09639', description='null'}-mongo2:27017] INFO  org.mongodb.driver.cluster - Discovered replica set primary mongo2:27017 with max election id 7fffffff00000000000000f7 and max set version 1
2024-12-04 22:15:52.762 [main] DEBUG cn.edu.xmu.javaee.core.aop.ControllerAspect - doAround: method = deleteGrouponAct, paramNames = [shopId, id, userDto]
2024-12-04 22:15:52.763 [main] DEBUG cn.edu.xmu.javaee.core.aop.ControllerAspect - checkPageTimeLimit: paramNames[0] = shopId
2024-12-04 22:15:52.763 [main] DEBUG cn.edu.xmu.javaee.core.aop.ControllerAspect - checkPageTimeLimit: paramNames[1] = id
2024-12-04 22:15:52.763 [main] DEBUG cn.edu.xmu.javaee.core.aop.ControllerAspect - checkPageTimeLimit: paramNames[2] = userDto
2024-12-04 22:15:52.764 [main] DEBUG cn.edu.xmu.javaee.core.aop.AuditAspect - decryptToken : token = UserToken(userId=1, userName=wt, departId=10, expireTime=Wed Dec 04 23:15:47 CST 2024, userLevel=1)
2024-12-04 22:15:52.764 [main] DEBUG cn.edu.xmu.javaee.core.aop.AuditAspect - checkDepartId : the api path is /shops/10/groupons/4
2024-12-04 22:15:52.764 [main] DEBUG cn.edu.xmu.javaee.core.aop.AuditAspect - checkDepartId: getPathInfo = /shops/10/groupons/4
2024-12-04 22:15:52.764 [main] DEBUG cn.edu.xmu.javaee.core.aop.AuditAspect - checkDepartId : did = 10
2024-12-04 22:15:52.764 [main] DEBUG cn.edu.xmu.javaee.core.aop.AuditAspect - checkDepartId : success match Id!
2024-12-04 22:15:52.820 [main] INFO  cn.edu.xmu.javaee.core.aop.ControllerAspect - doAround: BusinessException， errno = RESOURCE_ID_OUTSCOPE
2024-12-04 22:15:52.820 [main] DEBUG cn.edu.xmu.javaee.core.aop.ControllerAspect - doAround: jp = deleteGrouponAct, code = RESOURCE_ID_OUTSCOPE
]]></system-out>
  </testcase>
  <testcase name="testDeleteGrouponActByShop" classname="cn.edu.xmu.oomall.product.controller.AdminGrouponActControllerTest" time="0.442">
    <system-out><![CDATA[2024-12-04 22:15:52.987 [main] DEBUG cn.edu.xmu.javaee.core.aop.ControllerAspect - doAround: method = deleteGrouponAct, paramNames = [shopId, id, userDto]
2024-12-04 22:15:52.987 [main] DEBUG cn.edu.xmu.javaee.core.aop.ControllerAspect - checkPageTimeLimit: paramNames[0] = shopId
2024-12-04 22:15:52.987 [main] DEBUG cn.edu.xmu.javaee.core.aop.ControllerAspect - checkPageTimeLimit: paramNames[1] = id
2024-12-04 22:15:52.987 [main] DEBUG cn.edu.xmu.javaee.core.aop.ControllerAspect - checkPageTimeLimit: paramNames[2] = userDto
2024-12-04 22:15:52.988 [main] DEBUG cn.edu.xmu.javaee.core.aop.AuditAspect - decryptToken : token = UserToken(userId=1, userName=wt, departId=2, expireTime=Wed Dec 04 23:15:47 CST 2024, userLevel=1)
2024-12-04 22:15:52.988 [main] DEBUG cn.edu.xmu.javaee.core.aop.AuditAspect - checkDepartId : the api path is /shops/2/groupons/4
2024-12-04 22:15:52.988 [main] DEBUG cn.edu.xmu.javaee.core.aop.AuditAspect - checkDepartId: getPathInfo = /shops/2/groupons/4
2024-12-04 22:15:52.988 [main] DEBUG cn.edu.xmu.javaee.core.aop.AuditAspect - checkDepartId : did = 2
2024-12-04 22:15:52.989 [main] DEBUG cn.edu.xmu.javaee.core.aop.AuditAspect - checkDepartId : success match Id!
2024-12-04 22:15:53.041 [main] DEBUG c.edu.xmu.oomall.product.dao.activity.ActivityDao - build: po = ActivityPo(id=4, creatorId=1, creatorName=admin, modifierId=null, modifierName=null, gmtCreate=2022-12-09T02:09:26, gmtModified=null, shopId=2, name=团购活动2, objectId=6571af0a9e0bbf44f06141d0, actClass=grouponActDao, status=1)
2024-12-04 22:15:53.042 [main] INFO  c.edu.xmu.oomall.product.config.MongoCommandLogger - Command: find
2024-12-04 22:15:53.042 [main] INFO  c.edu.xmu.oomall.product.config.MongoCommandLogger - Connection Address: mongo3:27017
2024-12-04 22:15:53.089 [main] DEBUG c.e.xmu.oomall.product.dao.activity.GrouponActDao - getActivity: actPo = cn.edu.xmu.oomall.product.mapper.po.GrouponActPo@482ef0d
2024-12-04 22:15:53.089 [main] DEBUG c.e.xmu.oomall.product.dao.activity.GrouponActDao - getActivity: bo = GrouponAct(super=Activity(super=OOMallObject(id=4, creatorId=1, creatorName=admin, modifierId=null, modifierName=null, gmtCreate=2022-12-09T02:09:26, gmtModified=null), shopId=2, name=团购活动2, objectId=6571af0a9e0bbf44f06141d0, actClass=grouponActDao, status=1), thresholds=[Threshold(quantity=100, percentage=10), Threshold(quantity=50, percentage=5)])
2024-12-04 22:15:53.089 [main] DEBUG cn.edu.xmu.javaee.core.aop.DaoAspect - doAround: obj = cn.edu.xmu.oomall.product.dao.activity.GrouponActDao@3f8dfbc0, method = getActivity
2024-12-04 22:15:53.090 [main] DEBUG c.edu.xmu.oomall.product.dao.activity.ActivityDao - build: bo = GrouponAct(super=Activity(super=OOMallObject(id=4, creatorId=1, creatorName=admin, modifierId=null, modifierName=null, gmtCreate=2022-12-09T02:09:26, gmtModified=null), shopId=2, name=团购活动2, objectId=6571af0a9e0bbf44f06141d0, actClass=grouponActDao, status=1), thresholds=[Threshold(quantity=100, percentage=10), Threshold(quantity=50, percentage=5)])
2024-12-04 22:15:53.090 [main] DEBUG cn.edu.xmu.javaee.core.aop.DaoAspect - doAround: obj = cn.edu.xmu.oomall.product.dao.activity.ActivityDao@7e281050, method = findById
2024-12-04 22:15:53.090 [main] DEBUG cn.edu.xmu.oomall.product.dao.onsale.OnSaleDao - retrieveByActId: actId = 4, page = 1, pageSize = 1000
2024-12-04 22:15:53.144 [main] DEBUG cn.edu.xmu.javaee.core.aop.DaoAspect - doAround: obj = cn.edu.xmu.oomall.product.dao.onsale.OnSaleDao@6ca0fdd0, method = retrieveByActId
2024-12-04 22:15:53.144 [main] DEBUG cn.edu.xmu.oomall.product.dao.bo.Activity - getOnsaleList: onsaleList = [OnSale(super=OOMallObject(id=119, creatorId=1, creatorName=admin, modifierId=null, modifierName=null, gmtCreate=2021-11-11T14:38:20, gmtModified=null), price=40058, beginTime=2021-11-11T14:38:20, endTime=2027-02-19T14:38:20, quantity=34, maxQuantity=10, shopId=2, productId=1668, type=0, deposit=0, payTime=null)]
2024-12-04 22:15:53.145 [main] DEBUG cn.edu.xmu.oomall.product.dao.onsale.OnSaleDao - save: onsale=OnSale(super=OOMallObject(id=119, creatorId=null, creatorName=null, modifierId=null, modifierName=null, gmtCreate=null, gmtModified=null), price=null, beginTime=null, endTime=2024-12-04T22:15:53.145805400, quantity=null, maxQuantity=null, shopId=null, productId=null, type=null, deposit=null, payTime=null)
2024-12-04 22:15:53.145 [main] DEBUG cn.edu.xmu.oomall.product.dao.onsale.OnSaleDao - hasConflictOnsale: onsale = OnSale(super=OOMallObject(id=119, creatorId=null, creatorName=null, modifierId=null, modifierName=null, gmtCreate=null, gmtModified=null), price=null, beginTime=null, endTime=2024-12-04T22:15:53.145805400, quantity=null, maxQuantity=null, shopId=null, productId=null, type=null, deposit=null, payTime=null)
2024-12-04 22:15:53.204 [main] DEBUG c.e.x.j.core.jpa.SelectiveUpdateJpaRepositoryImpl - save: update obj
2024-12-04 22:15:53.205 [main] DEBUG c.e.x.j.core.jpa.SelectiveUpdateJpaRepositoryImpl - getSql : className = cn.edu.xmu.oomall.product.mapper.po.OnsalePo
2024-12-04 22:15:53.205 [main] DEBUG c.e.x.j.core.jpa.SelectiveUpdateJpaRepositoryImpl - getSql : table = goods_onsale
2024-12-04 22:15:53.205 [main] DEBUG c.e.x.j.core.jpa.SelectiveUpdateJpaRepositoryImpl - getValueByPropertyName : method = getId
2024-12-04 22:15:53.205 [main] DEBUG c.e.x.j.core.jpa.SelectiveUpdateJpaRepositoryImpl - getSql : pp = private java.lang.Long cn.edu.xmu.oomall.product.mapper.po.OnsalePo.id, object  = 119
2024-12-04 22:15:53.205 [main] DEBUG c.e.x.j.core.jpa.SelectiveUpdateJpaRepositoryImpl - getSql : columns = id
2024-12-04 22:15:53.205 [main] DEBUG c.e.x.j.core.jpa.SelectiveUpdateJpaRepositoryImpl - getValueByPropertyName : method = getCreatorId
2024-12-04 22:15:53.205 [main] DEBUG c.e.x.j.core.jpa.SelectiveUpdateJpaRepositoryImpl - getSql : pp = private java.lang.Long cn.edu.xmu.oomall.product.mapper.po.OnsalePo.creatorId, object  = null
2024-12-04 22:15:53.205 [main] DEBUG c.e.x.j.core.jpa.SelectiveUpdateJpaRepositoryImpl - getSql : columns = creator_id
2024-12-04 22:15:53.206 [main] DEBUG c.e.x.j.core.jpa.SelectiveUpdateJpaRepositoryImpl - getValueByPropertyName : method = getCreatorName
2024-12-04 22:15:53.206 [main] DEBUG c.e.x.j.core.jpa.SelectiveUpdateJpaRepositoryImpl - getSql : pp = private java.lang.String cn.edu.xmu.oomall.product.mapper.po.OnsalePo.creatorName, object  = null
2024-12-04 22:15:53.206 [main] DEBUG c.e.x.j.core.jpa.SelectiveUpdateJpaRepositoryImpl - getSql : columns = creator_name
2024-12-04 22:15:53.206 [main] DEBUG c.e.x.j.core.jpa.SelectiveUpdateJpaRepositoryImpl - getValueByPropertyName : method = getModifierId
2024-12-04 22:15:53.206 [main] DEBUG c.e.x.j.core.jpa.SelectiveUpdateJpaRepositoryImpl - getSql : pp = private java.lang.Long cn.edu.xmu.oomall.product.mapper.po.OnsalePo.modifierId, object  = 4
2024-12-04 22:15:53.206 [main] DEBUG c.e.x.j.core.jpa.SelectiveUpdateJpaRepositoryImpl - getSql : columns = modifier_id
2024-12-04 22:15:53.206 [main] DEBUG c.e.x.j.core.jpa.SelectiveUpdateJpaRepositoryImpl - getValueByPropertyName : method = getModifierName
2024-12-04 22:15:53.206 [main] DEBUG c.e.x.j.core.jpa.SelectiveUpdateJpaRepositoryImpl - getSql : pp = private java.lang.String cn.edu.xmu.oomall.product.mapper.po.OnsalePo.modifierName, object  = null
2024-12-04 22:15:53.206 [main] DEBUG c.e.x.j.core.jpa.SelectiveUpdateJpaRepositoryImpl - getSql : columns = modifier_name
2024-12-04 22:15:53.206 [main] DEBUG c.e.x.j.core.jpa.SelectiveUpdateJpaRepositoryImpl - getValueByPropertyName : method = getGmtCreate
2024-12-04 22:15:53.206 [main] DEBUG c.e.x.j.core.jpa.SelectiveUpdateJpaRepositoryImpl - getSql : pp = private java.time.LocalDateTime cn.edu.xmu.oomall.product.mapper.po.OnsalePo.gmtCreate, object  = null
2024-12-04 22:15:53.207 [main] DEBUG c.e.x.j.core.jpa.SelectiveUpdateJpaRepositoryImpl - getSql : columns = gmt_create
2024-12-04 22:15:53.207 [main] DEBUG c.e.x.j.core.jpa.SelectiveUpdateJpaRepositoryImpl - getValueByPropertyName : method = getGmtModified
2024-12-04 22:15:53.207 [main] DEBUG c.e.x.j.core.jpa.SelectiveUpdateJpaRepositoryImpl - getSql : pp = private java.time.LocalDateTime cn.edu.xmu.oomall.product.mapper.po.OnsalePo.gmtModified, object  = 2024-12-04T22:15:53.204803300
2024-12-04 22:15:53.207 [main] DEBUG c.e.x.j.core.jpa.SelectiveUpdateJpaRepositoryImpl - getSql : columns = gmt_modified
2024-12-04 22:15:53.207 [main] DEBUG c.e.x.j.core.jpa.SelectiveUpdateJpaRepositoryImpl - getValueByPropertyName : method = getShopId
2024-12-04 22:15:53.207 [main] DEBUG c.e.x.j.core.jpa.SelectiveUpdateJpaRepositoryImpl - getSql : pp = private java.lang.Long cn.edu.xmu.oomall.product.mapper.po.OnsalePo.shopId, object  = null
2024-12-04 22:15:53.207 [main] DEBUG c.e.x.j.core.jpa.SelectiveUpdateJpaRepositoryImpl - getSql : columns = shop_id
2024-12-04 22:15:53.207 [main] DEBUG c.e.x.j.core.jpa.SelectiveUpdateJpaRepositoryImpl - getValueByPropertyName : method = getProductId
2024-12-04 22:15:53.207 [main] DEBUG c.e.x.j.core.jpa.SelectiveUpdateJpaRepositoryImpl - getSql : pp = private java.lang.Long cn.edu.xmu.oomall.product.mapper.po.OnsalePo.productId, object  = null
2024-12-04 22:15:53.207 [main] DEBUG c.e.x.j.core.jpa.SelectiveUpdateJpaRepositoryImpl - getSql : columns = product_id
2024-12-04 22:15:53.207 [main] DEBUG c.e.x.j.core.jpa.SelectiveUpdateJpaRepositoryImpl - getValueByPropertyName : method = getPrice
2024-12-04 22:15:53.207 [main] DEBUG c.e.x.j.core.jpa.SelectiveUpdateJpaRepositoryImpl - getSql : pp = private java.lang.Long cn.edu.xmu.oomall.product.mapper.po.OnsalePo.price, object  = null
2024-12-04 22:15:53.207 [main] DEBUG c.e.x.j.core.jpa.SelectiveUpdateJpaRepositoryImpl - getSql : columns = price
2024-12-04 22:15:53.208 [main] DEBUG c.e.x.j.core.jpa.SelectiveUpdateJpaRepositoryImpl - getValueByPropertyName : method = getBeginTime
2024-12-04 22:15:53.208 [main] DEBUG c.e.x.j.core.jpa.SelectiveUpdateJpaRepositoryImpl - getSql : pp = private java.time.LocalDateTime cn.edu.xmu.oomall.product.mapper.po.OnsalePo.beginTime, object  = null
2024-12-04 22:15:53.208 [main] DEBUG c.e.x.j.core.jpa.SelectiveUpdateJpaRepositoryImpl - getSql : columns = begin_time
2024-12-04 22:15:53.208 [main] DEBUG c.e.x.j.core.jpa.SelectiveUpdateJpaRepositoryImpl - getValueByPropertyName : method = getEndTime
2024-12-04 22:15:53.208 [main] DEBUG c.e.x.j.core.jpa.SelectiveUpdateJpaRepositoryImpl - getSql : pp = private java.time.LocalDateTime cn.edu.xmu.oomall.product.mapper.po.OnsalePo.endTime, object  = 2024-12-04T22:15:53.145805400
2024-12-04 22:15:53.208 [main] DEBUG c.e.x.j.core.jpa.SelectiveUpdateJpaRepositoryImpl - getSql : columns = end_time
2024-12-04 22:15:53.208 [main] DEBUG c.e.x.j.core.jpa.SelectiveUpdateJpaRepositoryImpl - getValueByPropertyName : method = getQuantity
2024-12-04 22:15:53.208 [main] DEBUG c.e.x.j.core.jpa.SelectiveUpdateJpaRepositoryImpl - getSql : pp = private java.lang.Integer cn.edu.xmu.oomall.product.mapper.po.OnsalePo.quantity, object  = null
2024-12-04 22:15:53.208 [main] DEBUG c.e.x.j.core.jpa.SelectiveUpdateJpaRepositoryImpl - getSql : columns = quantity
2024-12-04 22:15:53.208 [main] DEBUG c.e.x.j.core.jpa.SelectiveUpdateJpaRepositoryImpl - getValueByPropertyName : method = getType
2024-12-04 22:15:53.208 [main] DEBUG c.e.x.j.core.jpa.SelectiveUpdateJpaRepositoryImpl - getSql : pp = private java.lang.Byte cn.edu.xmu.oomall.product.mapper.po.OnsalePo.type, object  = null
2024-12-04 22:15:53.208 [main] DEBUG c.e.x.j.core.jpa.SelectiveUpdateJpaRepositoryImpl - getSql : columns = type
2024-12-04 22:15:53.209 [main] DEBUG c.e.x.j.core.jpa.SelectiveUpdateJpaRepositoryImpl - getValueByPropertyName : method = getMaxQuantity
2024-12-04 22:15:53.209 [main] DEBUG c.e.x.j.core.jpa.SelectiveUpdateJpaRepositoryImpl - getSql : pp = private java.lang.Integer cn.edu.xmu.oomall.product.mapper.po.OnsalePo.maxQuantity, object  = null
2024-12-04 22:15:53.209 [main] DEBUG c.e.x.j.core.jpa.SelectiveUpdateJpaRepositoryImpl - getSql : columns = max_quantity
2024-12-04 22:15:53.209 [main] DEBUG c.e.x.j.core.jpa.SelectiveUpdateJpaRepositoryImpl - getValueByPropertyName : method = getPayTime
2024-12-04 22:15:53.209 [main] DEBUG c.e.x.j.core.jpa.SelectiveUpdateJpaRepositoryImpl - getSql : pp = private java.time.LocalDateTime cn.edu.xmu.oomall.product.mapper.po.OnsalePo.payTime, object  = null
2024-12-04 22:15:53.209 [main] DEBUG c.e.x.j.core.jpa.SelectiveUpdateJpaRepositoryImpl - getSql : columns = pay_time
2024-12-04 22:15:53.209 [main] DEBUG c.e.x.j.core.jpa.SelectiveUpdateJpaRepositoryImpl - getValueByPropertyName : method = getDeposit
2024-12-04 22:15:53.209 [main] DEBUG c.e.x.j.core.jpa.SelectiveUpdateJpaRepositoryImpl - getSql : pp = private java.lang.Long cn.edu.xmu.oomall.product.mapper.po.OnsalePo.deposit, object  = null
2024-12-04 22:15:53.209 [main] DEBUG c.e.x.j.core.jpa.SelectiveUpdateJpaRepositoryImpl - getSql : columns = deposit
2024-12-04 22:15:53.209 [main] DEBUG c.e.x.j.core.jpa.SelectiveUpdateJpaRepositoryImpl - getSql : sql = update goods_onsale set modifier_id = 4, gmt_modified = '2024-12-04T22:15:53.204803300', end_time = '2024-12-04T22:15:53.145805400' where id = 119;
2024-12-04 22:15:53.261 [main] DEBUG cn.edu.xmu.javaee.core.aop.ControllerAspect - doAround: jp = deleteGrouponAct, code = OK
]]></system-out>
  </testcase>
  <testcase name="testDeleteGrouponActByAdmin" classname="cn.edu.xmu.oomall.product.controller.AdminGrouponActControllerTest" time="0.439">
    <system-out><![CDATA[2024-12-04 22:15:53.424 [main] DEBUG cn.edu.xmu.javaee.core.aop.ControllerAspect - doAround: method = deleteGrouponAct, paramNames = [shopId, id, userDto]
2024-12-04 22:15:53.425 [main] DEBUG cn.edu.xmu.javaee.core.aop.ControllerAspect - checkPageTimeLimit: paramNames[0] = shopId
2024-12-04 22:15:53.425 [main] DEBUG cn.edu.xmu.javaee.core.aop.ControllerAspect - checkPageTimeLimit: paramNames[1] = id
2024-12-04 22:15:53.425 [main] DEBUG cn.edu.xmu.javaee.core.aop.ControllerAspect - checkPageTimeLimit: paramNames[2] = userDto
2024-12-04 22:15:53.426 [main] DEBUG cn.edu.xmu.javaee.core.aop.AuditAspect - decryptToken : token = UserToken(userId=1, userName=admin, departId=0, expireTime=Wed Dec 04 23:15:47 CST 2024, userLevel=1)
2024-12-04 22:15:53.426 [main] DEBUG cn.edu.xmu.javaee.core.aop.AuditAspect - checkDepartId : the api path is /shops/0/groupons/4
2024-12-04 22:15:53.426 [main] DEBUG cn.edu.xmu.javaee.core.aop.AuditAspect - checkDepartId: getPathInfo = /shops/0/groupons/4
2024-12-04 22:15:53.479 [main] DEBUG c.edu.xmu.oomall.product.dao.activity.ActivityDao - build: po = ActivityPo(id=4, creatorId=1, creatorName=admin, modifierId=null, modifierName=null, gmtCreate=2022-12-09T02:09:26, gmtModified=null, shopId=2, name=团购活动2, objectId=6571af0a9e0bbf44f06141d0, actClass=grouponActDao, status=1)
2024-12-04 22:15:53.481 [main] INFO  c.edu.xmu.oomall.product.config.MongoCommandLogger - Command: find
2024-12-04 22:15:53.482 [main] INFO  c.edu.xmu.oomall.product.config.MongoCommandLogger - Connection Address: mongo3:27017
2024-12-04 22:15:53.528 [main] DEBUG c.e.xmu.oomall.product.dao.activity.GrouponActDao - getActivity: actPo = cn.edu.xmu.oomall.product.mapper.po.GrouponActPo@64d9ce89
2024-12-04 22:15:53.529 [main] DEBUG c.e.xmu.oomall.product.dao.activity.GrouponActDao - getActivity: bo = GrouponAct(super=Activity(super=OOMallObject(id=4, creatorId=1, creatorName=admin, modifierId=null, modifierName=null, gmtCreate=2022-12-09T02:09:26, gmtModified=null), shopId=2, name=团购活动2, objectId=6571af0a9e0bbf44f06141d0, actClass=grouponActDao, status=1), thresholds=[Threshold(quantity=100, percentage=10), Threshold(quantity=50, percentage=5)])
2024-12-04 22:15:53.529 [main] DEBUG cn.edu.xmu.javaee.core.aop.DaoAspect - doAround: obj = cn.edu.xmu.oomall.product.dao.activity.GrouponActDao@3f8dfbc0, method = getActivity
2024-12-04 22:15:53.530 [main] DEBUG c.edu.xmu.oomall.product.dao.activity.ActivityDao - build: bo = GrouponAct(super=Activity(super=OOMallObject(id=4, creatorId=1, creatorName=admin, modifierId=null, modifierName=null, gmtCreate=2022-12-09T02:09:26, gmtModified=null), shopId=2, name=团购活动2, objectId=6571af0a9e0bbf44f06141d0, actClass=grouponActDao, status=1), thresholds=[Threshold(quantity=100, percentage=10), Threshold(quantity=50, percentage=5)])
2024-12-04 22:15:53.530 [main] DEBUG cn.edu.xmu.javaee.core.aop.DaoAspect - doAround: obj = cn.edu.xmu.oomall.product.dao.activity.ActivityDao@7e281050, method = findById
2024-12-04 22:15:53.530 [main] DEBUG cn.edu.xmu.oomall.product.dao.onsale.OnSaleDao - retrieveByActId: actId = 4, page = 1, pageSize = 1000
2024-12-04 22:15:53.584 [main] DEBUG cn.edu.xmu.javaee.core.aop.DaoAspect - doAround: obj = cn.edu.xmu.oomall.product.dao.onsale.OnSaleDao@6ca0fdd0, method = retrieveByActId
2024-12-04 22:15:53.585 [main] DEBUG cn.edu.xmu.oomall.product.dao.bo.Activity - getOnsaleList: onsaleList = [OnSale(super=OOMallObject(id=119, creatorId=1, creatorName=admin, modifierId=null, modifierName=null, gmtCreate=2021-11-11T14:38:20, gmtModified=null), price=40058, beginTime=2021-11-11T14:38:20, endTime=2027-02-19T14:38:20, quantity=34, maxQuantity=10, shopId=2, productId=1668, type=0, deposit=0, payTime=null)]
2024-12-04 22:15:53.585 [main] DEBUG cn.edu.xmu.oomall.product.dao.onsale.OnSaleDao - save: onsale=OnSale(super=OOMallObject(id=119, creatorId=null, creatorName=null, modifierId=null, modifierName=null, gmtCreate=null, gmtModified=null), price=null, beginTime=null, endTime=2024-12-04T22:15:53.585937800, quantity=null, maxQuantity=null, shopId=null, productId=null, type=null, deposit=null, payTime=null)
2024-12-04 22:15:53.585 [main] DEBUG cn.edu.xmu.oomall.product.dao.onsale.OnSaleDao - hasConflictOnsale: onsale = OnSale(super=OOMallObject(id=119, creatorId=null, creatorName=null, modifierId=null, modifierName=null, gmtCreate=null, gmtModified=null), price=null, beginTime=null, endTime=2024-12-04T22:15:53.585937800, quantity=null, maxQuantity=null, shopId=null, productId=null, type=null, deposit=null, payTime=null)
2024-12-04 22:15:53.645 [main] DEBUG c.e.x.j.core.jpa.SelectiveUpdateJpaRepositoryImpl - save: update obj
2024-12-04 22:15:53.645 [main] DEBUG c.e.x.j.core.jpa.SelectiveUpdateJpaRepositoryImpl - getSql : className = cn.edu.xmu.oomall.product.mapper.po.OnsalePo
2024-12-04 22:15:53.645 [main] DEBUG c.e.x.j.core.jpa.SelectiveUpdateJpaRepositoryImpl - getSql : table = goods_onsale
2024-12-04 22:15:53.645 [main] DEBUG c.e.x.j.core.jpa.SelectiveUpdateJpaRepositoryImpl - getValueByPropertyName : method = getId
2024-12-04 22:15:53.645 [main] DEBUG c.e.x.j.core.jpa.SelectiveUpdateJpaRepositoryImpl - getSql : pp = private java.lang.Long cn.edu.xmu.oomall.product.mapper.po.OnsalePo.id, object  = 119
2024-12-04 22:15:53.645 [main] DEBUG c.e.x.j.core.jpa.SelectiveUpdateJpaRepositoryImpl - getSql : columns = id
2024-12-04 22:15:53.646 [main] DEBUG c.e.x.j.core.jpa.SelectiveUpdateJpaRepositoryImpl - getValueByPropertyName : method = getCreatorId
2024-12-04 22:15:53.646 [main] DEBUG c.e.x.j.core.jpa.SelectiveUpdateJpaRepositoryImpl - getSql : pp = private java.lang.Long cn.edu.xmu.oomall.product.mapper.po.OnsalePo.creatorId, object  = null
2024-12-04 22:15:53.646 [main] DEBUG c.e.x.j.core.jpa.SelectiveUpdateJpaRepositoryImpl - getSql : columns = creator_id
2024-12-04 22:15:53.646 [main] DEBUG c.e.x.j.core.jpa.SelectiveUpdateJpaRepositoryImpl - getValueByPropertyName : method = getCreatorName
2024-12-04 22:15:53.646 [main] DEBUG c.e.x.j.core.jpa.SelectiveUpdateJpaRepositoryImpl - getSql : pp = private java.lang.String cn.edu.xmu.oomall.product.mapper.po.OnsalePo.creatorName, object  = null
2024-12-04 22:15:53.646 [main] DEBUG c.e.x.j.core.jpa.SelectiveUpdateJpaRepositoryImpl - getSql : columns = creator_name
2024-12-04 22:15:53.646 [main] DEBUG c.e.x.j.core.jpa.SelectiveUpdateJpaRepositoryImpl - getValueByPropertyName : method = getModifierId
2024-12-04 22:15:53.646 [main] DEBUG c.e.x.j.core.jpa.SelectiveUpdateJpaRepositoryImpl - getSql : pp = private java.lang.Long cn.edu.xmu.oomall.product.mapper.po.OnsalePo.modifierId, object  = 4
2024-12-04 22:15:53.646 [main] DEBUG c.e.x.j.core.jpa.SelectiveUpdateJpaRepositoryImpl - getSql : columns = modifier_id
2024-12-04 22:15:53.646 [main] DEBUG c.e.x.j.core.jpa.SelectiveUpdateJpaRepositoryImpl - getValueByPropertyName : method = getModifierName
2024-12-04 22:15:53.647 [main] DEBUG c.e.x.j.core.jpa.SelectiveUpdateJpaRepositoryImpl - getSql : pp = private java.lang.String cn.edu.xmu.oomall.product.mapper.po.OnsalePo.modifierName, object  = null
2024-12-04 22:15:53.647 [main] DEBUG c.e.x.j.core.jpa.SelectiveUpdateJpaRepositoryImpl - getSql : columns = modifier_name
2024-12-04 22:15:53.647 [main] DEBUG c.e.x.j.core.jpa.SelectiveUpdateJpaRepositoryImpl - getValueByPropertyName : method = getGmtCreate
2024-12-04 22:15:53.647 [main] DEBUG c.e.x.j.core.jpa.SelectiveUpdateJpaRepositoryImpl - getSql : pp = private java.time.LocalDateTime cn.edu.xmu.oomall.product.mapper.po.OnsalePo.gmtCreate, object  = null
2024-12-04 22:15:53.647 [main] DEBUG c.e.x.j.core.jpa.SelectiveUpdateJpaRepositoryImpl - getSql : columns = gmt_create
2024-12-04 22:15:53.647 [main] DEBUG c.e.x.j.core.jpa.SelectiveUpdateJpaRepositoryImpl - getValueByPropertyName : method = getGmtModified
2024-12-04 22:15:53.647 [main] DEBUG c.e.x.j.core.jpa.SelectiveUpdateJpaRepositoryImpl - getSql : pp = private java.time.LocalDateTime cn.edu.xmu.oomall.product.mapper.po.OnsalePo.gmtModified, object  = 2024-12-04T22:15:53.644856800
2024-12-04 22:15:53.647 [main] DEBUG c.e.x.j.core.jpa.SelectiveUpdateJpaRepositoryImpl - getSql : columns = gmt_modified
2024-12-04 22:15:53.647 [main] DEBUG c.e.x.j.core.jpa.SelectiveUpdateJpaRepositoryImpl - getValueByPropertyName : method = getShopId
2024-12-04 22:15:53.647 [main] DEBUG c.e.x.j.core.jpa.SelectiveUpdateJpaRepositoryImpl - getSql : pp = private java.lang.Long cn.edu.xmu.oomall.product.mapper.po.OnsalePo.shopId, object  = null
2024-12-04 22:15:53.647 [main] DEBUG c.e.x.j.core.jpa.SelectiveUpdateJpaRepositoryImpl - getSql : columns = shop_id
2024-12-04 22:15:53.647 [main] DEBUG c.e.x.j.core.jpa.SelectiveUpdateJpaRepositoryImpl - getValueByPropertyName : method = getProductId
2024-12-04 22:15:53.648 [main] DEBUG c.e.x.j.core.jpa.SelectiveUpdateJpaRepositoryImpl - getSql : pp = private java.lang.Long cn.edu.xmu.oomall.product.mapper.po.OnsalePo.productId, object  = null
2024-12-04 22:15:53.648 [main] DEBUG c.e.x.j.core.jpa.SelectiveUpdateJpaRepositoryImpl - getSql : columns = product_id
2024-12-04 22:15:53.648 [main] DEBUG c.e.x.j.core.jpa.SelectiveUpdateJpaRepositoryImpl - getValueByPropertyName : method = getPrice
2024-12-04 22:15:53.648 [main] DEBUG c.e.x.j.core.jpa.SelectiveUpdateJpaRepositoryImpl - getSql : pp = private java.lang.Long cn.edu.xmu.oomall.product.mapper.po.OnsalePo.price, object  = null
2024-12-04 22:15:53.648 [main] DEBUG c.e.x.j.core.jpa.SelectiveUpdateJpaRepositoryImpl - getSql : columns = price
2024-12-04 22:15:53.648 [main] DEBUG c.e.x.j.core.jpa.SelectiveUpdateJpaRepositoryImpl - getValueByPropertyName : method = getBeginTime
2024-12-04 22:15:53.648 [main] DEBUG c.e.x.j.core.jpa.SelectiveUpdateJpaRepositoryImpl - getSql : pp = private java.time.LocalDateTime cn.edu.xmu.oomall.product.mapper.po.OnsalePo.beginTime, object  = null
2024-12-04 22:15:53.648 [main] DEBUG c.e.x.j.core.jpa.SelectiveUpdateJpaRepositoryImpl - getSql : columns = begin_time
2024-12-04 22:15:53.648 [main] DEBUG c.e.x.j.core.jpa.SelectiveUpdateJpaRepositoryImpl - getValueByPropertyName : method = getEndTime
2024-12-04 22:15:53.648 [main] DEBUG c.e.x.j.core.jpa.SelectiveUpdateJpaRepositoryImpl - getSql : pp = private java.time.LocalDateTime cn.edu.xmu.oomall.product.mapper.po.OnsalePo.endTime, object  = 2024-12-04T22:15:53.585937800
2024-12-04 22:15:53.648 [main] DEBUG c.e.x.j.core.jpa.SelectiveUpdateJpaRepositoryImpl - getSql : columns = end_time
2024-12-04 22:15:53.648 [main] DEBUG c.e.x.j.core.jpa.SelectiveUpdateJpaRepositoryImpl - getValueByPropertyName : method = getQuantity
2024-12-04 22:15:53.648 [main] DEBUG c.e.x.j.core.jpa.SelectiveUpdateJpaRepositoryImpl - getSql : pp = private java.lang.Integer cn.edu.xmu.oomall.product.mapper.po.OnsalePo.quantity, object  = null
2024-12-04 22:15:53.649 [main] DEBUG c.e.x.j.core.jpa.SelectiveUpdateJpaRepositoryImpl - getSql : columns = quantity
2024-12-04 22:15:53.649 [main] DEBUG c.e.x.j.core.jpa.SelectiveUpdateJpaRepositoryImpl - getValueByPropertyName : method = getType
2024-12-04 22:15:53.649 [main] DEBUG c.e.x.j.core.jpa.SelectiveUpdateJpaRepositoryImpl - getSql : pp = private java.lang.Byte cn.edu.xmu.oomall.product.mapper.po.OnsalePo.type, object  = null
2024-12-04 22:15:53.649 [main] DEBUG c.e.x.j.core.jpa.SelectiveUpdateJpaRepositoryImpl - getSql : columns = type
2024-12-04 22:15:53.649 [main] DEBUG c.e.x.j.core.jpa.SelectiveUpdateJpaRepositoryImpl - getValueByPropertyName : method = getMaxQuantity
2024-12-04 22:15:53.649 [main] DEBUG c.e.x.j.core.jpa.SelectiveUpdateJpaRepositoryImpl - getSql : pp = private java.lang.Integer cn.edu.xmu.oomall.product.mapper.po.OnsalePo.maxQuantity, object  = null
2024-12-04 22:15:53.649 [main] DEBUG c.e.x.j.core.jpa.SelectiveUpdateJpaRepositoryImpl - getSql : columns = max_quantity
2024-12-04 22:15:53.649 [main] DEBUG c.e.x.j.core.jpa.SelectiveUpdateJpaRepositoryImpl - getValueByPropertyName : method = getPayTime
2024-12-04 22:15:53.649 [main] DEBUG c.e.x.j.core.jpa.SelectiveUpdateJpaRepositoryImpl - getSql : pp = private java.time.LocalDateTime cn.edu.xmu.oomall.product.mapper.po.OnsalePo.payTime, object  = null
2024-12-04 22:15:53.649 [main] DEBUG c.e.x.j.core.jpa.SelectiveUpdateJpaRepositoryImpl - getSql : columns = pay_time
2024-12-04 22:15:53.649 [main] DEBUG c.e.x.j.core.jpa.SelectiveUpdateJpaRepositoryImpl - getValueByPropertyName : method = getDeposit
2024-12-04 22:15:53.649 [main] DEBUG c.e.x.j.core.jpa.SelectiveUpdateJpaRepositoryImpl - getSql : pp = private java.lang.Long cn.edu.xmu.oomall.product.mapper.po.OnsalePo.deposit, object  = null
2024-12-04 22:15:53.649 [main] DEBUG c.e.x.j.core.jpa.SelectiveUpdateJpaRepositoryImpl - getSql : columns = deposit
2024-12-04 22:15:53.649 [main] DEBUG c.e.x.j.core.jpa.SelectiveUpdateJpaRepositoryImpl - getSql : sql = update goods_onsale set modifier_id = 4, gmt_modified = '2024-12-04T22:15:53.644856800', end_time = '2024-12-04T22:15:53.585937800' where id = 119;
2024-12-04 22:15:53.702 [main] DEBUG cn.edu.xmu.javaee.core.aop.ControllerAspect - doAround: jp = deleteGrouponAct, code = OK
]]></system-out>
  </testcase>
  <testcase name="testRetrieveByShopIdGivenWithoutProductIdWithAdmin" classname="cn.edu.xmu.oomall.product.controller.AdminGrouponActControllerTest" time="0.354">
    <system-out><![CDATA[2024-12-04 22:15:53.874 [main] DEBUG cn.edu.xmu.javaee.core.aop.ControllerAspect - doAround: method = retrieveByShopId, paramNames = [shopId, productId, status, page, pageSize]
2024-12-04 22:15:53.874 [main] DEBUG cn.edu.xmu.javaee.core.aop.ControllerAspect - checkPageTimeLimit: paramNames[0] = shopId
2024-12-04 22:15:53.874 [main] DEBUG cn.edu.xmu.javaee.core.aop.ControllerAspect - checkPageTimeLimit: paramNames[1] = productId
2024-12-04 22:15:53.874 [main] DEBUG cn.edu.xmu.javaee.core.aop.ControllerAspect - checkPageTimeLimit: paramNames[2] = status
2024-12-04 22:15:53.874 [main] DEBUG cn.edu.xmu.javaee.core.aop.ControllerAspect - checkPageTimeLimit: paramNames[3] = page
2024-12-04 22:15:53.874 [main] DEBUG cn.edu.xmu.javaee.core.aop.ControllerAspect - checkPageTimeLimit: set page to 1
2024-12-04 22:15:53.874 [main] DEBUG cn.edu.xmu.javaee.core.aop.ControllerAspect - checkPageTimeLimit: paramNames[4] = pageSize
2024-12-04 22:15:53.875 [main] DEBUG cn.edu.xmu.javaee.core.aop.ControllerAspect - checkPageTimeLimit: set pageSize to 10
2024-12-04 22:15:53.876 [main] DEBUG cn.edu.xmu.javaee.core.aop.AuditAspect - decryptToken : token = UserToken(userId=1, userName=admin, departId=0, expireTime=Wed Dec 04 23:15:47 CST 2024, userLevel=1)
2024-12-04 22:15:53.876 [main] DEBUG cn.edu.xmu.javaee.core.aop.AuditAspect - checkDepartId : the api path is /shops/2/groupons
2024-12-04 22:15:53.876 [main] DEBUG cn.edu.xmu.javaee.core.aop.AuditAspect - checkDepartId: getPathInfo = /shops/2/groupons
2024-12-04 22:15:53.877 [main] DEBUG c.edu.xmu.oomall.product.dao.activity.ActivityDao - retrieveByShopIdAndProductId: shopId = 2, productId = null, page = 1, pageSize= 10
2024-12-04 22:15:53.877 [main] DEBUG c.edu.xmu.oomall.product.dao.activity.ActivityDao - retrieveByShopIdAndProductId: actClass & shopId & status
2024-12-04 22:15:53.939 [main] DEBUG c.edu.xmu.oomall.product.dao.activity.ActivityDao - retrieveByShopIdAndProductId: pos size = 1
2024-12-04 22:15:53.939 [main] DEBUG c.edu.xmu.oomall.product.dao.activity.ActivityDao - build: po = ActivityPo(id=4, creatorId=1, creatorName=admin, modifierId=null, modifierName=null, gmtCreate=2022-12-09T02:09:26, gmtModified=null, shopId=2, name=团购活动2, objectId=6571af0a9e0bbf44f06141d0, actClass=grouponActDao, status=1)
2024-12-04 22:15:53.943 [main] INFO  c.edu.xmu.oomall.product.config.MongoCommandLogger - Command: find
2024-12-04 22:15:53.943 [main] INFO  c.edu.xmu.oomall.product.config.MongoCommandLogger - Connection Address: mongo3:27017
2024-12-04 22:15:53.990 [main] DEBUG c.e.xmu.oomall.product.dao.activity.GrouponActDao - getActivity: actPo = cn.edu.xmu.oomall.product.mapper.po.GrouponActPo@12d44584
2024-12-04 22:15:53.990 [main] DEBUG c.e.xmu.oomall.product.dao.activity.GrouponActDao - getActivity: bo = GrouponAct(super=Activity(super=OOMallObject(id=4, creatorId=1, creatorName=admin, modifierId=null, modifierName=null, gmtCreate=2022-12-09T02:09:26, gmtModified=null), shopId=2, name=团购活动2, objectId=6571af0a9e0bbf44f06141d0, actClass=grouponActDao, status=1), thresholds=[Threshold(quantity=100, percentage=10), Threshold(quantity=50, percentage=5)])
2024-12-04 22:15:53.990 [main] DEBUG cn.edu.xmu.javaee.core.aop.DaoAspect - doAround: obj = cn.edu.xmu.oomall.product.dao.activity.GrouponActDao@3f8dfbc0, method = getActivity
2024-12-04 22:15:53.991 [main] DEBUG c.edu.xmu.oomall.product.dao.activity.ActivityDao - build: bo = GrouponAct(super=Activity(super=OOMallObject(id=4, creatorId=1, creatorName=admin, modifierId=null, modifierName=null, gmtCreate=2022-12-09T02:09:26, gmtModified=null), shopId=2, name=团购活动2, objectId=6571af0a9e0bbf44f06141d0, actClass=grouponActDao, status=1), thresholds=[Threshold(quantity=100, percentage=10), Threshold(quantity=50, percentage=5)])
2024-12-04 22:15:54.001 [main] DEBUG c.edu.xmu.oomall.product.dao.activity.ActivityDao - retrieveByShopIdAndProductId: bo = GrouponAct(super=Activity(super=OOMallObject(id=4, creatorId=1, creatorName=admin, modifierId=null, modifierName=null, gmtCreate=2022-12-09T02:09:26, gmtModified=null), shopId=2, name=团购活动2, objectId=6571af0a9e0bbf44f06141d0, actClass=grouponActDao, status=1), thresholds=[Threshold(quantity=100, percentage=10), Threshold(quantity=50, percentage=5)])
2024-12-04 22:15:54.001 [main] DEBUG c.edu.xmu.oomall.product.dao.activity.ActivityDao - retrieveByShopIdAndProductId: actList_size = 1
2024-12-04 22:15:54.001 [main] DEBUG cn.edu.xmu.javaee.core.aop.DaoAspect - doAround: obj = cn.edu.xmu.oomall.product.dao.activity.ActivityDao@7e281050, method = retrieveByShopIdAndProductId
2024-12-04 22:15:54.001 [main] DEBUG c.e.x.o.product.controller.ShopGrouponController - retrieveByShopId: ret.size = 1
2024-12-04 22:15:54.001 [main] DEBUG cn.edu.xmu.oomall.product.dao.onsale.OnSaleDao - retrieveByActId: actId = 4, page = 1, pageSize = 1000
2024-12-04 22:15:54.055 [main] DEBUG cn.edu.xmu.javaee.core.aop.DaoAspect - doAround: obj = cn.edu.xmu.oomall.product.dao.onsale.OnSaleDao@6ca0fdd0, method = retrieveByActId
2024-12-04 22:15:54.055 [main] DEBUG cn.edu.xmu.oomall.product.dao.bo.Activity - getOnsaleList: onsaleList = [OnSale(super=OOMallObject(id=119, creatorId=1, creatorName=admin, modifierId=null, modifierName=null, gmtCreate=2021-11-11T14:38:20, gmtModified=null), price=40058, beginTime=2021-11-11T14:38:20, endTime=2027-02-19T14:38:20, quantity=34, maxQuantity=10, shopId=2, productId=1668, type=0, deposit=0, payTime=null)]
2024-12-04 22:15:54.056 [main] DEBUG c.e.x.o.product.controller.ShopGrouponController - retrieveByShopId: dto = cn.edu.xmu.oomall.product.controller.vo.SimpleGrouponActVo@139ea2a6
2024-12-04 22:15:54.056 [main] DEBUG cn.edu.xmu.javaee.core.aop.ControllerAspect - doAround: jp = retrieveByShopId, code = OK
]]></system-out>
  </testcase>
  <testcase name="testCreateShopsWhenUsingWrongShop" classname="cn.edu.xmu.oomall.product.controller.AdminGrouponActControllerTest" time="0.23">
    <system-out><![CDATA[2024-12-04 22:15:54.229 [main] DEBUG cn.edu.xmu.javaee.core.aop.ControllerAspect - doAround: method = createGrouponAct, paramNames = [shopId, pid, vo, user]
2024-12-04 22:15:54.229 [main] DEBUG cn.edu.xmu.javaee.core.aop.ControllerAspect - checkPageTimeLimit: paramNames[0] = shopId
2024-12-04 22:15:54.230 [main] DEBUG cn.edu.xmu.javaee.core.aop.ControllerAspect - checkPageTimeLimit: paramNames[1] = pid
2024-12-04 22:15:54.230 [main] DEBUG cn.edu.xmu.javaee.core.aop.ControllerAspect - checkPageTimeLimit: paramNames[2] = vo
2024-12-04 22:15:54.230 [main] DEBUG cn.edu.xmu.javaee.core.aop.ControllerAspect - checkPageTimeLimit: paramNames[3] = user
2024-12-04 22:15:54.231 [main] DEBUG cn.edu.xmu.javaee.core.aop.AuditAspect - decryptToken : token = UserToken(userId=1, userName=wt, departId=10, expireTime=Wed Dec 04 23:15:47 CST 2024, userLevel=1)
2024-12-04 22:15:54.231 [main] DEBUG cn.edu.xmu.javaee.core.aop.AuditAspect - checkDepartId : the api path is /shops/10/products/1551/groupons
2024-12-04 22:15:54.231 [main] DEBUG cn.edu.xmu.javaee.core.aop.AuditAspect - checkDepartId: getPathInfo = /shops/10/products/1551/groupons
2024-12-04 22:15:54.231 [main] DEBUG cn.edu.xmu.javaee.core.aop.AuditAspect - checkDepartId : did = 10
2024-12-04 22:15:54.231 [main] DEBUG cn.edu.xmu.javaee.core.aop.AuditAspect - checkDepartId : success match Id!
2024-12-04 22:15:54.232 [main] DEBUG cn.edu.xmu.oomall.product.dao.ProductDao - findNoOnsaleById: id = 1551
2024-12-04 22:15:54.287 [main] INFO  cn.edu.xmu.javaee.core.aop.ControllerAspect - doAround: BusinessException， errno = RESOURCE_ID_OUTSCOPE
2024-12-04 22:15:54.287 [main] DEBUG cn.edu.xmu.javaee.core.aop.ControllerAspect - doAround: jp = createGrouponAct, code = RESOURCE_ID_OUTSCOPE
]]></system-out>
  </testcase>
  <testcase name="testPublishGrouponActGivenUnpulishedItem" classname="cn.edu.xmu.oomall.product.controller.AdminGrouponActControllerTest" time="0.113">
    <failure message="Status expected:&lt;200&gt; but was:&lt;404&gt;" type="java.lang.AssertionError"><![CDATA[java.lang.AssertionError: Status expected:<200> but was:<404>
	at org.springframework.test.util.AssertionErrors.fail(AssertionErrors.java:59)
	at org.springframework.test.util.AssertionErrors.assertEquals(AssertionErrors.java:122)
	at org.springframework.test.web.servlet.result.StatusResultMatchers.lambda$matcher$9(StatusResultMatchers.java:637)
	at org.springframework.test.web.servlet.MockMvc$1.andExpect(MockMvc.java:214)
	at cn.edu.xmu.oomall.product.controller.AdminGrouponActControllerTest.testPublishGrouponActGivenUnpulishedItem(AdminGrouponActControllerTest.java:531)
	at java.base/java.lang.reflect.Method.invoke(Method.java:568)
	at java.base/java.util.ArrayList.forEach(ArrayList.java:1511)
	at java.base/java.util.ArrayList.forEach(ArrayList.java:1511)
]]></failure>
    <system-out><![CDATA[
MockHttpServletRequest:
      HTTP Method = PUT
      Request URI = /shops/0/groupons/4/publish
       Parameters = {}
          Headers = [Content-Type:"application/json;charset=UTF-8", authorization:"eyJ0eXAiOiJKV1QiLCJhbGciOiJIUzI1NiJ9.eyJ1c2VySWQiOjEsImRlcGFydElkIjowLCJ0b2tlbklkIjoiMjAyNDEyMDQyMjE1NDcxRFZBIiwidXNlck5hbWUiOiJhZG1pbiIsInVzZXJMZXZlbCI6MSwiaXNzIjoiT09BRCIsInN1YiI6InRoaXMgaXMgYSB0b2tlbiIsImF1ZCI6Ik1JTklBUFAiLCJpYXQiOjE3MzMzMjE3NDcsImV4cCI6MTczMzMyNTM0N30.3Ce7DiAM6PmLb434yv9ZE7K7ni-2sNydNfBvW6t_OC4"]
             Body = null
    Session Attrs = {}

Handler:
             Type = org.springframework.web.servlet.resource.ResourceHttpRequestHandler

Async:
    Async started = false
     Async result = null

Resolved Exception:
             Type = org.springframework.web.servlet.resource.NoResourceFoundException

ModelAndView:
        View name = null
             View = null
            Model = null

FlashMap:
       Attributes = null

MockHttpServletResponse:
           Status = 404
    Error message = No static resource shops/0/groupons/4/publish.
          Headers = [Vary:"Origin", "Access-Control-Request-Method", "Access-Control-Request-Headers"]
     Content type = null
             Body = 
    Forwarded URL = null
   Redirected URL = null
          Cookies = []
]]></system-out>
  </testcase>
  <testcase name="testCreateShopsByFlapSale" classname="cn.edu.xmu.oomall.product.controller.AdminGrouponActControllerTest" time="0.3">
    <system-out><![CDATA[2024-12-04 22:15:54.572 [main] DEBUG cn.edu.xmu.javaee.core.aop.ControllerAspect - doAround: method = createGrouponAct, paramNames = [shopId, pid, vo, user]
2024-12-04 22:15:54.573 [main] DEBUG cn.edu.xmu.javaee.core.aop.ControllerAspect - checkPageTimeLimit: paramNames[0] = shopId
2024-12-04 22:15:54.573 [main] DEBUG cn.edu.xmu.javaee.core.aop.ControllerAspect - checkPageTimeLimit: paramNames[1] = pid
2024-12-04 22:15:54.573 [main] DEBUG cn.edu.xmu.javaee.core.aop.ControllerAspect - checkPageTimeLimit: paramNames[2] = vo
2024-12-04 22:15:54.573 [main] DEBUG cn.edu.xmu.javaee.core.aop.ControllerAspect - checkPageTimeLimit: paramNames[3] = user
2024-12-04 22:15:54.574 [main] DEBUG cn.edu.xmu.javaee.core.aop.AuditAspect - decryptToken : token = UserToken(userId=1, userName=wt, departId=10, expireTime=Wed Dec 04 23:15:47 CST 2024, userLevel=1)
2024-12-04 22:15:54.575 [main] DEBUG cn.edu.xmu.javaee.core.aop.AuditAspect - checkDepartId : the api path is /shops/10/products/1550/groupons
2024-12-04 22:15:54.575 [main] DEBUG cn.edu.xmu.javaee.core.aop.AuditAspect - checkDepartId: getPathInfo = /shops/10/products/1550/groupons
2024-12-04 22:15:54.575 [main] DEBUG cn.edu.xmu.javaee.core.aop.AuditAspect - checkDepartId : did = 10
2024-12-04 22:15:54.575 [main] DEBUG cn.edu.xmu.javaee.core.aop.AuditAspect - checkDepartId : success match Id!
2024-12-04 22:15:54.576 [main] DEBUG cn.edu.xmu.oomall.product.dao.ProductDao - findNoOnsaleById: id = 1550
2024-12-04 22:15:54.630 [main] DEBUG cn.edu.xmu.javaee.core.aop.DaoAspect - doAround: obj = cn.edu.xmu.oomall.product.dao.ProductDao@6be1ba6c, method = findNoOnsaleById
2024-12-04 22:15:54.630 [main] DEBUG cn.edu.xmu.oomall.product.dao.onsale.OnSaleDao - insert: onsale=OnSale(super=OOMallObject(id=null, creatorId=null, creatorName=null, modifierId=null, modifierName=null, gmtCreate=null, gmtModified=null), price=10000, beginTime=2023-12-05T10:09:50, endTime=2032-12-05T10:09:50, quantity=10000, maxQuantity=1, shopId=10, productId=1550, type=2, deposit=0, payTime=null)
2024-12-04 22:15:54.631 [main] DEBUG cn.edu.xmu.oomall.product.dao.onsale.OnSaleDao - hasConflictOnsale: onsale = OnSale(super=OOMallObject(id=null, creatorId=null, creatorName=null, modifierId=null, modifierName=null, gmtCreate=null, gmtModified=null), price=10000, beginTime=2023-12-05T10:09:50, endTime=2032-12-05T10:09:50, quantity=10000, maxQuantity=1, shopId=10, productId=1550, type=2, deposit=0, payTime=null)
2024-12-04 22:15:54.693 [main] DEBUG cn.edu.xmu.oomall.product.dao.onsale.OnSaleDao - hasConflictOnsale: poList Size = 1, onsale's id = null
2024-12-04 22:15:54.694 [main] INFO  cn.edu.xmu.javaee.core.aop.ControllerAspect - doAround: BusinessException， errno = GOODS_ONSALE_CONFLICT
2024-12-04 22:15:54.694 [main] DEBUG cn.edu.xmu.javaee.core.aop.ControllerAspect - doAround: jp = createGrouponAct, code = GOODS_ONSALE_CONFLICT
]]></system-out>
  </testcase>
  <testcase name="testFindGrouponByIdByNoShop" classname="cn.edu.xmu.oomall.product.controller.AdminGrouponActControllerTest" time="0.341">
    <error message="Request processing failed: java.lang.NullPointerException: Cannot invoke &quot;cn.edu.xmu.oomall.product.mapper.openfeign.po.Shop.getId()&quot; because &quot;shop&quot; is null" type="jakarta.servlet.ServletException"><![CDATA[jakarta.servlet.ServletException: Request processing failed: java.lang.NullPointerException: Cannot invoke "cn.edu.xmu.oomall.product.mapper.openfeign.po.Shop.getId()" because "shop" is null
	at org.springframework.web.servlet.FrameworkServlet.processRequest(FrameworkServlet.java:1022)
	at org.springframework.web.servlet.FrameworkServlet.doGet(FrameworkServlet.java:903)
	at jakarta.servlet.http.HttpServlet.service(HttpServlet.java:564)
	at org.springframework.web.servlet.FrameworkServlet.service(FrameworkServlet.java:885)
	at org.springframework.test.web.servlet.TestDispatcherServlet.service(TestDispatcherServlet.java:72)
	at jakarta.servlet.http.HttpServlet.service(HttpServlet.java:658)
	at org.springframework.mock.web.MockFilterChain$ServletFilterProxy.doFilter(MockFilterChain.java:165)
	at org.springframework.mock.web.MockFilterChain.doFilter(MockFilterChain.java:132)
	at org.springframework.web.filter.RequestContextFilter.doFilterInternal(RequestContextFilter.java:100)
	at org.springframework.web.filter.OncePerRequestFilter.doFilter(OncePerRequestFilter.java:116)
	at org.springframework.test.web.servlet.setup.MockMvcFilterDecorator.doFilter(MockMvcFilterDecorator.java:151)
	at org.springframework.mock.web.MockFilterChain.doFilter(MockFilterChain.java:132)
	at org.springframework.web.filter.FormContentFilter.doFilterInternal(FormContentFilter.java:93)
	at org.springframework.web.filter.OncePerRequestFilter.doFilter(OncePerRequestFilter.java:116)
	at org.springframework.test.web.servlet.setup.MockMvcFilterDecorator.doFilter(MockMvcFilterDecorator.java:151)
	at org.springframework.mock.web.MockFilterChain.doFilter(MockFilterChain.java:132)
	at org.springframework.web.filter.ServerHttpObservationFilter.doFilterInternal(ServerHttpObservationFilter.java:113)
	at org.springframework.web.filter.OncePerRequestFilter.doFilter(OncePerRequestFilter.java:116)
	at org.springframework.test.web.servlet.setup.MockMvcFilterDecorator.doFilter(MockMvcFilterDecorator.java:151)
	at org.springframework.mock.web.MockFilterChain.doFilter(MockFilterChain.java:132)
	at org.springframework.web.filter.CharacterEncodingFilter.doFilterInternal(CharacterEncodingFilter.java:201)
	at org.springframework.web.filter.OncePerRequestFilter.doFilter(OncePerRequestFilter.java:116)
	at org.springframework.test.web.servlet.setup.MockMvcFilterDecorator.doFilter(MockMvcFilterDecorator.java:151)
	at org.springframework.mock.web.MockFilterChain.doFilter(MockFilterChain.java:132)
	at org.springframework.test.web.servlet.MockMvc.perform(MockMvc.java:201)
	at cn.edu.xmu.oomall.product.controller.AdminGrouponActControllerTest.testFindGrouponByIdByNoShop(AdminGrouponActControllerTest.java:427)
	at java.base/java.lang.reflect.Method.invoke(Method.java:568)
	at java.base/java.util.ArrayList.forEach(ArrayList.java:1511)
	at java.base/java.util.ArrayList.forEach(ArrayList.java:1511)
Caused by: java.lang.NullPointerException: Cannot invoke "cn.edu.xmu.oomall.product.mapper.openfeign.po.Shop.getId()" because "shop" is null
	at cn.edu.xmu.oomall.product.controller.vo.FullGrouponActVo.<init>(FullGrouponActVo.java:50)
	at cn.edu.xmu.oomall.product.controller.ShopGrouponController.findGrouponById(ShopGrouponController.java:57)
	at java.base/jdk.internal.reflect.NativeMethodAccessorImpl.invoke0(Native Method)
	at java.base/jdk.internal.reflect.NativeMethodAccessorImpl.invoke(NativeMethodAccessorImpl.java:77)
	at java.base/jdk.internal.reflect.DelegatingMethodAccessorImpl.invoke(DelegatingMethodAccessorImpl.java:43)
	at java.base/java.lang.reflect.Method.invoke(Method.java:568)
	at org.springframework.aop.support.AopUtils.invokeJoinpointUsingReflection(AopUtils.java:355)
	at org.springframework.aop.framework.ReflectiveMethodInvocation.invokeJoinpoint(ReflectiveMethodInvocation.java:196)
	at org.springframework.aop.framework.ReflectiveMethodInvocation.proceed(ReflectiveMethodInvocation.java:163)
	at org.springframework.aop.framework.CglibAopProxy$CglibMethodInvocation.proceed(CglibAopProxy.java:768)
	at org.springframework.transaction.interceptor.TransactionAspectSupport.invokeWithinTransaction(TransactionAspectSupport.java:379)
	at org.springframework.transaction.interceptor.TransactionInterceptor.invoke(TransactionInterceptor.java:119)
	at org.springframework.aop.framework.ReflectiveMethodInvocation.proceed(ReflectiveMethodInvocation.java:184)
	at org.springframework.aop.framework.CglibAopProxy$CglibMethodInvocation.proceed(CglibAopProxy.java:768)
	at org.springframework.aop.aspectj.MethodInvocationProceedingJoinPoint.proceed(MethodInvocationProceedingJoinPoint.java:102)
	at cn.edu.xmu.javaee.core.aop.AuditAspect.aroundAudit(AuditAspect.java:64)
	at jdk.internal.reflect.GeneratedMethodAccessor99.invoke(Unknown Source)
	at java.base/jdk.internal.reflect.DelegatingMethodAccessorImpl.invoke(DelegatingMethodAccessorImpl.java:43)
	at java.base/java.lang.reflect.Method.invoke(Method.java:568)
	at org.springframework.aop.aspectj.AbstractAspectJAdvice.invokeAdviceMethodWithGivenArgs(AbstractAspectJAdvice.java:637)
	at org.springframework.aop.aspectj.AbstractAspectJAdvice.invokeAdviceMethod(AbstractAspectJAdvice.java:627)
	at org.springframework.aop.aspectj.AspectJAroundAdvice.invoke(AspectJAroundAdvice.java:71)
	at org.springframework.aop.framework.ReflectiveMethodInvocation.proceed(ReflectiveMethodInvocation.java:173)
	at org.springframework.aop.framework.CglibAopProxy$CglibMethodInvocation.proceed(CglibAopProxy.java:768)
	at org.springframework.aop.aspectj.MethodInvocationProceedingJoinPoint.proceed(MethodInvocationProceedingJoinPoint.java:102)
	at cn.edu.xmu.javaee.core.aop.ControllerAspect.doAround(ControllerAspect.java:61)
	at jdk.internal.reflect.GeneratedMethodAccessor98.invoke(Unknown Source)
	at java.base/jdk.internal.reflect.DelegatingMethodAccessorImpl.invoke(DelegatingMethodAccessorImpl.java:43)
	at java.base/java.lang.reflect.Method.invoke(Method.java:568)
	at org.springframework.aop.aspectj.AbstractAspectJAdvice.invokeAdviceMethodWithGivenArgs(AbstractAspectJAdvice.java:637)
	at org.springframework.aop.aspectj.AbstractAspectJAdvice.invokeAdviceMethod(AbstractAspectJAdvice.java:627)
	at org.springframework.aop.aspectj.AspectJAroundAdvice.invoke(AspectJAroundAdvice.java:71)
	at org.springframework.aop.framework.ReflectiveMethodInvocation.proceed(ReflectiveMethodInvocation.java:184)
	at org.springframework.aop.framework.CglibAopProxy$CglibMethodInvocation.proceed(CglibAopProxy.java:768)
	at org.springframework.aop.interceptor.ExposeInvocationInterceptor.invoke(ExposeInvocationInterceptor.java:97)
	at org.springframework.aop.framework.ReflectiveMethodInvocation.proceed(ReflectiveMethodInvocation.java:184)
	at org.springframework.aop.framework.CglibAopProxy$CglibMethodInvocation.proceed(CglibAopProxy.java:768)
	at org.springframework.aop.framework.CglibAopProxy$DynamicAdvisedInterceptor.intercept(CglibAopProxy.java:720)
	at cn.edu.xmu.oomall.product.controller.ShopGrouponController$$SpringCGLIB$$0.findGrouponById(<generated>)
	at java.base/jdk.internal.reflect.NativeMethodAccessorImpl.invoke0(Native Method)
	at java.base/jdk.internal.reflect.NativeMethodAccessorImpl.invoke(NativeMethodAccessorImpl.java:77)
	at java.base/jdk.internal.reflect.DelegatingMethodAccessorImpl.invoke(DelegatingMethodAccessorImpl.java:43)
	at java.base/java.lang.reflect.Method.invoke(Method.java:568)
	at org.springframework.web.method.support.InvocableHandlerMethod.doInvoke(InvocableHandlerMethod.java:255)
	at org.springframework.web.method.support.InvocableHandlerMethod.invokeForRequest(InvocableHandlerMethod.java:188)
	at org.springframework.web.servlet.mvc.method.annotation.ServletInvocableHandlerMethod.invokeAndHandle(ServletInvocableHandlerMethod.java:118)
	at org.springframework.web.servlet.mvc.method.annotation.RequestMappingHandlerAdapter.invokeHandlerMethod(RequestMappingHandlerAdapter.java:926)
	at org.springframework.web.servlet.mvc.method.annotation.RequestMappingHandlerAdapter.handleInternal(RequestMappingHandlerAdapter.java:831)
	at org.springframework.web.servlet.mvc.method.AbstractHandlerMethodAdapter.handle(AbstractHandlerMethodAdapter.java:87)
	at org.springframework.web.servlet.DispatcherServlet.doDispatch(DispatcherServlet.java:1089)
	at org.springframework.web.servlet.DispatcherServlet.doService(DispatcherServlet.java:979)
	at org.springframework.web.servlet.FrameworkServlet.processRequest(FrameworkServlet.java:1014)
	... 28 more
]]></error>
    <system-out><![CDATA[2024-12-04 22:15:54.872 [main] DEBUG cn.edu.xmu.javaee.core.aop.ControllerAspect - doAround: method = findGrouponById, paramNames = [shopId, actId]
2024-12-04 22:15:54.873 [main] DEBUG cn.edu.xmu.javaee.core.aop.ControllerAspect - checkPageTimeLimit: paramNames[0] = shopId
2024-12-04 22:15:54.873 [main] DEBUG cn.edu.xmu.javaee.core.aop.ControllerAspect - checkPageTimeLimit: paramNames[1] = actId
2024-12-04 22:15:54.874 [main] DEBUG cn.edu.xmu.javaee.core.aop.AuditAspect - decryptToken : token = UserToken(userId=1, userName=wt, departId=2, expireTime=Wed Dec 04 23:15:47 CST 2024, userLevel=1)
2024-12-04 22:15:54.874 [main] DEBUG cn.edu.xmu.javaee.core.aop.AuditAspect - checkDepartId : the api path is /shops/2/groupons/4
2024-12-04 22:15:54.875 [main] DEBUG cn.edu.xmu.javaee.core.aop.AuditAspect - checkDepartId: getPathInfo = /shops/2/groupons/4
2024-12-04 22:15:54.875 [main] DEBUG cn.edu.xmu.javaee.core.aop.AuditAspect - checkDepartId : did = 2
2024-12-04 22:15:54.875 [main] DEBUG cn.edu.xmu.javaee.core.aop.AuditAspect - checkDepartId : success match Id!
2024-12-04 22:15:54.928 [main] DEBUG c.edu.xmu.oomall.product.dao.activity.ActivityDao - build: po = ActivityPo(id=4, creatorId=1, creatorName=admin, modifierId=null, modifierName=null, gmtCreate=2022-12-09T02:09:26, gmtModified=null, shopId=2, name=团购活动2, objectId=6571af0a9e0bbf44f06141d0, actClass=grouponActDao, status=1)
2024-12-04 22:15:54.931 [main] INFO  c.edu.xmu.oomall.product.config.MongoCommandLogger - Command: find
2024-12-04 22:15:54.931 [main] INFO  c.edu.xmu.oomall.product.config.MongoCommandLogger - Connection Address: mongo3:27017
2024-12-04 22:15:54.978 [main] DEBUG c.e.xmu.oomall.product.dao.activity.GrouponActDao - getActivity: actPo = cn.edu.xmu.oomall.product.mapper.po.GrouponActPo@491bd99c
2024-12-04 22:15:54.978 [main] DEBUG c.e.xmu.oomall.product.dao.activity.GrouponActDao - getActivity: bo = GrouponAct(super=Activity(super=OOMallObject(id=4, creatorId=1, creatorName=admin, modifierId=null, modifierName=null, gmtCreate=2022-12-09T02:09:26, gmtModified=null), shopId=2, name=团购活动2, objectId=6571af0a9e0bbf44f06141d0, actClass=grouponActDao, status=1), thresholds=[Threshold(quantity=100, percentage=10), Threshold(quantity=50, percentage=5)])
2024-12-04 22:15:54.979 [main] DEBUG cn.edu.xmu.javaee.core.aop.DaoAspect - doAround: obj = cn.edu.xmu.oomall.product.dao.activity.GrouponActDao@3f8dfbc0, method = getActivity
2024-12-04 22:15:54.979 [main] DEBUG c.edu.xmu.oomall.product.dao.activity.ActivityDao - build: bo = GrouponAct(super=Activity(super=OOMallObject(id=4, creatorId=1, creatorName=admin, modifierId=null, modifierName=null, gmtCreate=2022-12-09T02:09:26, gmtModified=null), shopId=2, name=团购活动2, objectId=6571af0a9e0bbf44f06141d0, actClass=grouponActDao, status=1), thresholds=[Threshold(quantity=100, percentage=10), Threshold(quantity=50, percentage=5)])
2024-12-04 22:15:54.979 [main] DEBUG cn.edu.xmu.javaee.core.aop.DaoAspect - doAround: obj = cn.edu.xmu.oomall.product.dao.activity.ActivityDao@7e281050, method = findById
2024-12-04 22:15:54.980 [main] DEBUG cn.edu.xmu.javaee.core.aop.DaoAspect - doAround: obj = cn.edu.xmu.oomall.product.dao.openfeign.ShopDao@3f15269d, method = findById
2024-12-04 22:15:54.980 [main] DEBUG cn.edu.xmu.oomall.product.dao.onsale.OnSaleDao - retrieveByActId: actId = 4, page = 1, pageSize = 1000
2024-12-04 22:15:55.033 [main] DEBUG cn.edu.xmu.javaee.core.aop.DaoAspect - doAround: obj = cn.edu.xmu.oomall.product.dao.onsale.OnSaleDao@6ca0fdd0, method = retrieveByActId
2024-12-04 22:15:55.034 [main] DEBUG cn.edu.xmu.oomall.product.dao.bo.Activity - getOnsaleList: onsaleList = [OnSale(super=OOMallObject(id=119, creatorId=1, creatorName=admin, modifierId=null, modifierName=null, gmtCreate=2021-11-11T14:38:20, gmtModified=null), price=40058, beginTime=2021-11-11T14:38:20, endTime=2027-02-19T14:38:20, quantity=34, maxQuantity=10, shopId=2, productId=1668, type=0, deposit=0, payTime=null)]
]]></system-out>
  </testcase>
  <testcase name="testRetrieveByShopIdGivenWithoutProductId" classname="cn.edu.xmu.oomall.product.controller.AdminGrouponActControllerTest" time="0.336">
    <system-out><![CDATA[2024-12-04 22:15:55.219 [main] DEBUG cn.edu.xmu.javaee.core.aop.ControllerAspect - doAround: method = retrieveByShopId, paramNames = [shopId, productId, status, page, pageSize]
2024-12-04 22:15:55.219 [main] DEBUG cn.edu.xmu.javaee.core.aop.ControllerAspect - checkPageTimeLimit: paramNames[0] = shopId
2024-12-04 22:15:55.219 [main] DEBUG cn.edu.xmu.javaee.core.aop.ControllerAspect - checkPageTimeLimit: paramNames[1] = productId
2024-12-04 22:15:55.219 [main] DEBUG cn.edu.xmu.javaee.core.aop.ControllerAspect - checkPageTimeLimit: paramNames[2] = status
2024-12-04 22:15:55.220 [main] DEBUG cn.edu.xmu.javaee.core.aop.ControllerAspect - checkPageTimeLimit: paramNames[3] = page
2024-12-04 22:15:55.220 [main] DEBUG cn.edu.xmu.javaee.core.aop.ControllerAspect - checkPageTimeLimit: set page to 1
2024-12-04 22:15:55.220 [main] DEBUG cn.edu.xmu.javaee.core.aop.ControllerAspect - checkPageTimeLimit: paramNames[4] = pageSize
2024-12-04 22:15:55.220 [main] DEBUG cn.edu.xmu.javaee.core.aop.ControllerAspect - checkPageTimeLimit: set pageSize to 10
2024-12-04 22:15:55.222 [main] DEBUG cn.edu.xmu.javaee.core.aop.AuditAspect - decryptToken : token = UserToken(userId=1, userName=wt, departId=2, expireTime=Wed Dec 04 23:15:47 CST 2024, userLevel=1)
2024-12-04 22:15:55.222 [main] DEBUG cn.edu.xmu.javaee.core.aop.AuditAspect - checkDepartId : the api path is /shops/2/groupons
2024-12-04 22:15:55.222 [main] DEBUG cn.edu.xmu.javaee.core.aop.AuditAspect - checkDepartId: getPathInfo = /shops/2/groupons
2024-12-04 22:15:55.222 [main] DEBUG cn.edu.xmu.javaee.core.aop.AuditAspect - checkDepartId : did = 2
2024-12-04 22:15:55.222 [main] DEBUG cn.edu.xmu.javaee.core.aop.AuditAspect - checkDepartId : success match Id!
2024-12-04 22:15:55.223 [main] DEBUG c.edu.xmu.oomall.product.dao.activity.ActivityDao - retrieveByShopIdAndProductId: shopId = 2, productId = null, page = 1, pageSize= 10
2024-12-04 22:15:55.223 [main] DEBUG c.edu.xmu.oomall.product.dao.activity.ActivityDao - retrieveByShopIdAndProductId: actClass & shopId & status
2024-12-04 22:15:55.277 [main] DEBUG c.edu.xmu.oomall.product.dao.activity.ActivityDao - retrieveByShopIdAndProductId: pos size = 1
2024-12-04 22:15:55.277 [main] DEBUG c.edu.xmu.oomall.product.dao.activity.ActivityDao - build: po = ActivityPo(id=4, creatorId=1, creatorName=admin, modifierId=null, modifierName=null, gmtCreate=2022-12-09T02:09:26, gmtModified=null, shopId=2, name=团购活动2, objectId=6571af0a9e0bbf44f06141d0, actClass=grouponActDao, status=1)
2024-12-04 22:15:55.280 [main] INFO  c.edu.xmu.oomall.product.config.MongoCommandLogger - Command: find
2024-12-04 22:15:55.280 [main] INFO  c.edu.xmu.oomall.product.config.MongoCommandLogger - Connection Address: mongo3:27017
2024-12-04 22:15:55.333 [main] DEBUG c.e.xmu.oomall.product.dao.activity.GrouponActDao - getActivity: actPo = cn.edu.xmu.oomall.product.mapper.po.GrouponActPo@5fa79345
2024-12-04 22:15:55.336 [main] DEBUG c.e.xmu.oomall.product.dao.activity.GrouponActDao - getActivity: bo = GrouponAct(super=Activity(super=OOMallObject(id=4, creatorId=1, creatorName=admin, modifierId=null, modifierName=null, gmtCreate=2022-12-09T02:09:26, gmtModified=null), shopId=2, name=团购活动2, objectId=6571af0a9e0bbf44f06141d0, actClass=grouponActDao, status=1), thresholds=[Threshold(quantity=100, percentage=10), Threshold(quantity=50, percentage=5)])
2024-12-04 22:15:55.336 [main] DEBUG cn.edu.xmu.javaee.core.aop.DaoAspect - doAround: obj = cn.edu.xmu.oomall.product.dao.activity.GrouponActDao@3f8dfbc0, method = getActivity
2024-12-04 22:15:55.337 [main] DEBUG c.edu.xmu.oomall.product.dao.activity.ActivityDao - build: bo = GrouponAct(super=Activity(super=OOMallObject(id=4, creatorId=1, creatorName=admin, modifierId=null, modifierName=null, gmtCreate=2022-12-09T02:09:26, gmtModified=null), shopId=2, name=团购活动2, objectId=6571af0a9e0bbf44f06141d0, actClass=grouponActDao, status=1), thresholds=[Threshold(quantity=100, percentage=10), Threshold(quantity=50, percentage=5)])
2024-12-04 22:15:55.337 [main] DEBUG c.edu.xmu.oomall.product.dao.activity.ActivityDao - retrieveByShopIdAndProductId: bo = GrouponAct(super=Activity(super=OOMallObject(id=4, creatorId=1, creatorName=admin, modifierId=null, modifierName=null, gmtCreate=2022-12-09T02:09:26, gmtModified=null), shopId=2, name=团购活动2, objectId=6571af0a9e0bbf44f06141d0, actClass=grouponActDao, status=1), thresholds=[Threshold(quantity=100, percentage=10), Threshold(quantity=50, percentage=5)])
2024-12-04 22:15:55.337 [main] DEBUG c.edu.xmu.oomall.product.dao.activity.ActivityDao - retrieveByShopIdAndProductId: actList_size = 1
2024-12-04 22:15:55.337 [main] DEBUG cn.edu.xmu.javaee.core.aop.DaoAspect - doAround: obj = cn.edu.xmu.oomall.product.dao.activity.ActivityDao@7e281050, method = retrieveByShopIdAndProductId
2024-12-04 22:15:55.337 [main] DEBUG c.e.x.o.product.controller.ShopGrouponController - retrieveByShopId: ret.size = 1
2024-12-04 22:15:55.338 [main] DEBUG cn.edu.xmu.oomall.product.dao.onsale.OnSaleDao - retrieveByActId: actId = 4, page = 1, pageSize = 1000
2024-12-04 22:15:55.391 [main] DEBUG cn.edu.xmu.javaee.core.aop.DaoAspect - doAround: obj = cn.edu.xmu.oomall.product.dao.onsale.OnSaleDao@6ca0fdd0, method = retrieveByActId
2024-12-04 22:15:55.391 [main] DEBUG cn.edu.xmu.oomall.product.dao.bo.Activity - getOnsaleList: onsaleList = [OnSale(super=OOMallObject(id=119, creatorId=1, creatorName=admin, modifierId=null, modifierName=null, gmtCreate=2021-11-11T14:38:20, gmtModified=null), price=40058, beginTime=2021-11-11T14:38:20, endTime=2027-02-19T14:38:20, quantity=34, maxQuantity=10, shopId=2, productId=1668, type=0, deposit=0, payTime=null)]
2024-12-04 22:15:55.392 [main] DEBUG c.e.x.o.product.controller.ShopGrouponController - retrieveByShopId: dto = cn.edu.xmu.oomall.product.controller.vo.SimpleGrouponActVo@5ff09e6
2024-12-04 22:15:55.392 [main] DEBUG cn.edu.xmu.javaee.core.aop.ControllerAspect - doAround: jp = retrieveByShopId, code = OK
]]></system-out>
  </testcase>
  <testcase name="testCreateGrouponActByWrongActivityId" classname="cn.edu.xmu.oomall.product.controller.AdminGrouponActControllerTest" time="0.216">
    <system-out><![CDATA[2024-12-04 22:15:55.557 [main] DEBUG cn.edu.xmu.javaee.core.aop.ControllerAspect - doAround: method = createGrouponAct, paramNames = [shopId, pid, id, vo, user]
2024-12-04 22:15:55.557 [main] DEBUG cn.edu.xmu.javaee.core.aop.ControllerAspect - checkPageTimeLimit: paramNames[0] = shopId
2024-12-04 22:15:55.557 [main] DEBUG cn.edu.xmu.javaee.core.aop.ControllerAspect - checkPageTimeLimit: paramNames[1] = pid
2024-12-04 22:15:55.558 [main] DEBUG cn.edu.xmu.javaee.core.aop.ControllerAspect - checkPageTimeLimit: paramNames[2] = id
2024-12-04 22:15:55.558 [main] DEBUG cn.edu.xmu.javaee.core.aop.ControllerAspect - checkPageTimeLimit: paramNames[3] = vo
2024-12-04 22:15:55.558 [main] DEBUG cn.edu.xmu.javaee.core.aop.ControllerAspect - checkPageTimeLimit: paramNames[4] = user
2024-12-04 22:15:55.559 [main] DEBUG cn.edu.xmu.javaee.core.aop.AuditAspect - decryptToken : token = UserToken(userId=1, userName=wt, departId=2, expireTime=Wed Dec 04 23:15:47 CST 2024, userLevel=1)
2024-12-04 22:15:55.559 [main] DEBUG cn.edu.xmu.javaee.core.aop.AuditAspect - checkDepartId : the api path is /shops/2/products/1668/groupons/1000
2024-12-04 22:15:55.559 [main] DEBUG cn.edu.xmu.javaee.core.aop.AuditAspect - checkDepartId: getPathInfo = /shops/2/products/1668/groupons/1000
2024-12-04 22:15:55.559 [main] DEBUG cn.edu.xmu.javaee.core.aop.AuditAspect - checkDepartId : did = 2
2024-12-04 22:15:55.559 [main] DEBUG cn.edu.xmu.javaee.core.aop.AuditAspect - checkDepartId : success match Id!
2024-12-04 22:15:55.611 [main] INFO  cn.edu.xmu.javaee.core.aop.ControllerAspect - doAround: BusinessException， errno = RESOURCE_ID_NOTEXIST
2024-12-04 22:15:55.612 [main] DEBUG cn.edu.xmu.javaee.core.aop.ControllerAspect - doAround: jp = createGrouponAct, code = RESOURCE_ID_NOTEXIST
]]></system-out>
  </testcase>
</testsuite>