<?xml version="1.0" encoding="UTF-8"?>
<testsuite xmlns:xsi="http://www.w3.org/2001/XMLSchema-instance" xsi:noNamespaceSchemaLocation="https://maven.apache.org/surefire/maven-surefire-plugin/xsd/surefire-test-report-3.0.xsd" version="3.0" name="cn.edu.xmu.oomall.product.controller.CouponActControllerTest" time="23.223" tests="8" errors="0" skipped="0" failures="1">
  <properties>
    <property name="java.specification.version" value="17"/>
    <property name="sun.cpu.isalist" value="amd64"/>
    <property name="sun.jnu.encoding" value="GBK"/>
    <property name="java.class.path" value="D:\JAVA\oomall-2023-1\product\target\test-classes;D:\JAVA\oomall-2023-1\product\target\classes;C:\Users\刘智文\.m2\repository\cn\edu\xmu\javaee\core\0.0.3-SNAPSHOT\core-0.0.3-SNAPSHOT.jar;C:\Users\刘智文\.m2\repository\com\auth0\java-jwt\4.4.0\java-jwt-4.4.0.jar;C:\Users\刘智文\.m2\repository\com\fasterxml\jackson\core\jackson-databind\2.17.3\jackson-databind-2.17.3.jar;C:\Users\刘智文\.m2\repository\com\fasterxml\jackson\core\jackson-annotations\2.17.3\jackson-annotations-2.17.3.jar;C:\Users\刘智文\.m2\repository\com\github\pagehelper\pagehelper-spring-boot-starter\2.1.0\pagehelper-spring-boot-starter-2.1.0.jar;C:\Users\刘智文\.m2\repository\org\mybatis\spring\boot\mybatis-spring-boot-starter\3.0.3\mybatis-spring-boot-starter-3.0.3.jar;C:\Users\刘智文\.m2\repository\org\mybatis\spring\boot\mybatis-spring-boot-autoconfigure\3.0.3\mybatis-spring-boot-autoconfigure-3.0.3.jar;C:\Users\刘智文\.m2\repository\org\mybatis\mybatis\3.5.14\mybatis-3.5.14.jar;C:\Users\刘智文\.m2\repository\org\mybatis\mybatis-spring\3.0.3\mybatis-spring-3.0.3.jar;C:\Users\刘智文\.m2\repository\com\github\pagehelper\pagehelper-spring-boot-autoconfigure\2.1.0\pagehelper-spring-boot-autoconfigure-2.1.0.jar;C:\Users\刘智文\.m2\repository\com\github\pagehelper\pagehelper\6.1.0\pagehelper-6.1.0.jar;C:\Users\刘智文\.m2\repository\com\github\jsqlparser\jsqlparser\4.7\jsqlparser-4.7.jar;C:\Users\刘智文\.m2\repository\org\springframework\cloud\spring-cloud-starter-loadbalancer\4.1.5\spring-cloud-starter-loadbalancer-4.1.5.jar;C:\Users\刘智文\.m2\repository\org\springframework\cloud\spring-cloud-loadbalancer\4.1.5\spring-cloud-loadbalancer-4.1.5.jar;C:\Users\刘智文\.m2\repository\io\projectreactor\addons\reactor-extra\3.5.2\reactor-extra-3.5.2.jar;C:\Users\刘智文\.m2\repository\org\springframework\boot\spring-boot-starter-cache\3.3.6\spring-boot-starter-cache-3.3.6.jar;C:\Users\刘智文\.m2\repository\com\stoyanr\evictor\1.0.0\evictor-1.0.0.jar;C:\Users\刘智文\.m2\repository\com\squareup\javapoet\1.13.0\javapoet-1.13.0.jar;C:\Users\刘智文\.m2\repository\com\google\auto\service\auto-service\1.0.1\auto-service-1.0.1.jar;C:\Users\刘智文\.m2\repository\com\google\auto\service\auto-service-annotations\1.0.1\auto-service-annotations-1.0.1.jar;C:\Users\刘智文\.m2\repository\com\google\auto\auto-common\1.2\auto-common-1.2.jar;C:\Users\刘智文\.m2\repository\com\google\guava\guava\31.0.1-jre\guava-31.0.1-jre.jar;C:\Users\刘智文\.m2\repository\com\google\guava\failureaccess\1.0.1\failureaccess-1.0.1.jar;C:\Users\刘智文\.m2\repository\com\google\guava\listenablefuture\9999.0-empty-to-avoid-conflict-with-guava\listenablefuture-9999.0-empty-to-avoid-conflict-with-guava.jar;C:\Users\刘智文\.m2\repository\com\google\code\findbugs\jsr305\3.0.2\jsr305-3.0.2.jar;C:\Users\刘智文\.m2\repository\org\checkerframework\checker-qual\3.12.0\checker-qual-3.12.0.jar;C:\Users\刘智文\.m2\repository\com\google\errorprone\error_prone_annotations\2.7.1\error_prone_annotations-2.7.1.jar;C:\Users\刘智文\.m2\repository\com\google\j2objc\j2objc-annotations\1.3\j2objc-annotations-1.3.jar;C:\Users\刘智文\.m2\repository\org\springframework\boot\spring-boot-starter-web\3.3.6\spring-boot-starter-web-3.3.6.jar;C:\Users\刘智文\.m2\repository\org\springframework\boot\spring-boot-starter\3.3.6\spring-boot-starter-3.3.6.jar;C:\Users\刘智文\.m2\repository\org\springframework\boot\spring-boot\3.3.6\spring-boot-3.3.6.jar;C:\Users\刘智文\.m2\repository\org\springframework\boot\spring-boot-starter-logging\3.3.6\spring-boot-starter-logging-3.3.6.jar;C:\Users\刘智文\.m2\repository\ch\qos\logback\logback-classic\1.5.12\logback-classic-1.5.12.jar;C:\Users\刘智文\.m2\repository\ch\qos\logback\logback-core\1.5.12\logback-core-1.5.12.jar;C:\Users\刘智文\.m2\repository\org\apache\logging\log4j\log4j-to-slf4j\2.23.1\log4j-to-slf4j-2.23.1.jar;C:\Users\刘智文\.m2\repository\org\apache\logging\log4j\log4j-api\2.23.1\log4j-api-2.23.1.jar;C:\Users\刘智文\.m2\repository\org\slf4j\jul-to-slf4j\2.0.16\jul-to-slf4j-2.0.16.jar;C:\Users\刘智文\.m2\repository\org\yaml\snakeyaml\2.2\snakeyaml-2.2.jar;C:\Users\刘智文\.m2\repository\org\springframework\boot\spring-boot-starter-json\3.3.6\spring-boot-starter-json-3.3.6.jar;C:\Users\刘智文\.m2\repository\com\fasterxml\jackson\datatype\jackson-datatype-jdk8\2.17.3\jackson-datatype-jdk8-2.17.3.jar;C:\Users\刘智文\.m2\repository\com\fasterxml\jackson\datatype\jackson-datatype-jsr310\2.17.3\jackson-datatype-jsr310-2.17.3.jar;C:\Users\刘智文\.m2\repository\com\fasterxml\jackson\module\jackson-module-parameter-names\2.17.3\jackson-module-parameter-names-2.17.3.jar;C:\Users\刘智文\.m2\repository\org\springframework\boot\spring-boot-starter-tomcat\3.3.6\spring-boot-starter-tomcat-3.3.6.jar;C:\Users\刘智文\.m2\repository\org\apache\tomcat\embed\tomcat-embed-core\10.1.33\tomcat-embed-core-10.1.33.jar;C:\Users\刘智文\.m2\repository\org\apache\tomcat\embed\tomcat-embed-websocket\10.1.33\tomcat-embed-websocket-10.1.33.jar;C:\Users\刘智文\.m2\repository\org\springframework\spring-web\6.1.15\spring-web-6.1.15.jar;C:\Users\刘智文\.m2\repository\org\springframework\spring-beans\6.1.15\spring-beans-6.1.15.jar;C:\Users\刘智文\.m2\repository\org\springframework\spring-webmvc\6.1.15\spring-webmvc-6.1.15.jar;C:\Users\刘智文\.m2\repository\org\springframework\spring-context\6.1.15\spring-context-6.1.15.jar;C:\Users\刘智文\.m2\repository\org\springframework\spring-expression\6.1.15\spring-expression-6.1.15.jar;C:\Users\刘智文\.m2\repository\org\springframework\boot\spring-boot-starter-actuator\3.3.6\spring-boot-starter-actuator-3.3.6.jar;C:\Users\刘智文\.m2\repository\org\springframework\boot\spring-boot-actuator-autoconfigure\3.3.6\spring-boot-actuator-autoconfigure-3.3.6.jar;C:\Users\刘智文\.m2\repository\org\springframework\boot\spring-boot-actuator\3.3.6\spring-boot-actuator-3.3.6.jar;C:\Users\刘智文\.m2\repository\io\micrometer\micrometer-observation\1.13.8\micrometer-observation-1.13.8.jar;C:\Users\刘智文\.m2\repository\io\micrometer\micrometer-commons\1.13.8\micrometer-commons-1.13.8.jar;C:\Users\刘智文\.m2\repository\io\micrometer\micrometer-jakarta9\1.13.8\micrometer-jakarta9-1.13.8.jar;C:\Users\刘智文\.m2\repository\io\micrometer\micrometer-core\1.13.8\micrometer-core-1.13.8.jar;C:\Users\刘智文\.m2\repository\org\hdrhistogram\HdrHistogram\2.2.2\HdrHistogram-2.2.2.jar;C:\Users\刘智文\.m2\repository\org\latencyutils\LatencyUtils\2.0.3\LatencyUtils-2.0.3.jar;C:\Users\刘智文\.m2\repository\org\springframework\boot\spring-boot-starter-validation\3.3.6\spring-boot-starter-validation-3.3.6.jar;C:\Users\刘智文\.m2\repository\org\apache\tomcat\embed\tomcat-embed-el\10.1.33\tomcat-embed-el-10.1.33.jar;C:\Users\刘智文\.m2\repository\org\hibernate\validator\hibernate-validator\8.0.1.Final\hibernate-validator-8.0.1.Final.jar;C:\Users\刘智文\.m2\repository\jakarta\validation\jakarta.validation-api\3.0.2\jakarta.validation-api-3.0.2.jar;C:\Users\刘智文\.m2\repository\org\jboss\logging\jboss-logging\3.5.3.Final\jboss-logging-3.5.3.Final.jar;C:\Users\刘智文\.m2\repository\com\fasterxml\classmate\1.7.0\classmate-1.7.0.jar;C:\Users\刘智文\.m2\repository\org\springframework\boot\spring-boot-starter-aop\3.3.6\spring-boot-starter-aop-3.3.6.jar;C:\Users\刘智文\.m2\repository\org\springframework\spring-aop\6.1.15\spring-aop-6.1.15.jar;C:\Users\刘智文\.m2\repository\org\aspectj\aspectjweaver\1.9.22.1\aspectjweaver-1.9.22.1.jar;C:\Users\刘智文\.m2\repository\org\springframework\boot\spring-boot-starter-data-redis\3.3.6\spring-boot-starter-data-redis-3.3.6.jar;C:\Users\刘智文\.m2\repository\io\lettuce\lettuce-core\6.3.2.RELEASE\lettuce-core-6.3.2.RELEASE.jar;C:\Users\刘智文\.m2\repository\io\netty\netty-common\4.1.115.Final\netty-common-4.1.115.Final.jar;C:\Users\刘智文\.m2\repository\io\netty\netty-handler\4.1.115.Final\netty-handler-4.1.115.Final.jar;C:\Users\刘智文\.m2\repository\io\netty\netty-resolver\4.1.115.Final\netty-resolver-4.1.115.Final.jar;C:\Users\刘智文\.m2\repository\io\netty\netty-buffer\4.1.115.Final\netty-buffer-4.1.115.Final.jar;C:\Users\刘智文\.m2\repository\io\netty\netty-transport-native-unix-common\4.1.115.Final\netty-transport-native-unix-common-4.1.115.Final.jar;C:\Users\刘智文\.m2\repository\io\netty\netty-codec\4.1.115.Final\netty-codec-4.1.115.Final.jar;C:\Users\刘智文\.m2\repository\io\netty\netty-transport\4.1.115.Final\netty-transport-4.1.115.Final.jar;C:\Users\刘智文\.m2\repository\io\projectreactor\reactor-core\3.6.12\reactor-core-3.6.12.jar;C:\Users\刘智文\.m2\repository\org\reactivestreams\reactive-streams\1.0.4\reactive-streams-1.0.4.jar;C:\Users\刘智文\.m2\repository\org\springframework\data\spring-data-redis\3.3.6\spring-data-redis-3.3.6.jar;C:\Users\刘智文\.m2\repository\org\springframework\data\spring-data-keyvalue\3.3.6\spring-data-keyvalue-3.3.6.jar;C:\Users\刘智文\.m2\repository\org\springframework\spring-tx\6.1.15\spring-tx-6.1.15.jar;C:\Users\刘智文\.m2\repository\org\springframework\spring-oxm\6.1.15\spring-oxm-6.1.15.jar;C:\Users\刘智文\.m2\repository\org\springframework\spring-context-support\6.1.15\spring-context-support-6.1.15.jar;C:\Users\刘智文\.m2\repository\org\springframework\boot\spring-boot-starter-data-jpa\3.3.6\spring-boot-starter-data-jpa-3.3.6.jar;C:\Users\刘智文\.m2\repository\org\springframework\boot\spring-boot-starter-jdbc\3.3.6\spring-boot-starter-jdbc-3.3.6.jar;C:\Users\刘智文\.m2\repository\com\zaxxer\HikariCP\5.1.0\HikariCP-5.1.0.jar;C:\Users\刘智文\.m2\repository\org\springframework\spring-jdbc\6.1.15\spring-jdbc-6.1.15.jar;C:\Users\刘智文\.m2\repository\org\hibernate\orm\hibernate-core\6.5.3.Final\hibernate-core-6.5.3.Final.jar;C:\Users\刘智文\.m2\repository\jakarta\persistence\jakarta.persistence-api\3.1.0\jakarta.persistence-api-3.1.0.jar;C:\Users\刘智文\.m2\repository\jakarta\transaction\jakarta.transaction-api\2.0.1\jakarta.transaction-api-2.0.1.jar;C:\Users\刘智文\.m2\repository\org\hibernate\common\hibernate-commons-annotations\6.0.6.Final\hibernate-commons-annotations-6.0.6.Final.jar;C:\Users\刘智文\.m2\repository\io\smallrye\jandex\3.1.2\jandex-3.1.2.jar;C:\Users\刘智文\.m2\repository\net\bytebuddy\byte-buddy\1.14.19\byte-buddy-1.14.19.jar;C:\Users\刘智文\.m2\repository\jakarta\inject\jakarta.inject-api\2.0.1\jakarta.inject-api-2.0.1.jar;C:\Users\刘智文\.m2\repository\org\antlr\antlr4-runtime\4.13.0\antlr4-runtime-4.13.0.jar;C:\Users\刘智文\.m2\repository\org\springframework\data\spring-data-jpa\3.3.6\spring-data-jpa-3.3.6.jar;C:\Users\刘智文\.m2\repository\org\springframework\data\spring-data-commons\3.3.6\spring-data-commons-3.3.6.jar;C:\Users\刘智文\.m2\repository\org\springframework\spring-orm\6.1.15\spring-orm-6.1.15.jar;C:\Users\刘智文\.m2\repository\org\springframework\spring-aspects\6.1.15\spring-aspects-6.1.15.jar;C:\Users\刘智文\.m2\repository\org\springframework\boot\spring-boot-starter-data-mongodb\3.3.6\spring-boot-starter-data-mongodb-3.3.6.jar;C:\Users\刘智文\.m2\repository\org\mongodb\mongodb-driver-sync\5.0.1\mongodb-driver-sync-5.0.1.jar;C:\Users\刘智文\.m2\repository\org\mongodb\bson\5.0.1\bson-5.0.1.jar;C:\Users\刘智文\.m2\repository\org\mongodb\mongodb-driver-core\5.0.1\mongodb-driver-core-5.0.1.jar;C:\Users\刘智文\.m2\repository\org\mongodb\bson-record-codec\5.0.1\bson-record-codec-5.0.1.jar;C:\Users\刘智文\.m2\repository\org\springframework\data\spring-data-mongodb\4.3.6\spring-data-mongodb-4.3.6.jar;C:\Users\刘智文\.m2\repository\org\springframework\boot\spring-boot-starter-test\3.3.6\spring-boot-starter-test-3.3.6.jar;C:\Users\刘智文\.m2\repository\org\springframework\boot\spring-boot-test\3.3.6\spring-boot-test-3.3.6.jar;C:\Users\刘智文\.m2\repository\org\springframework\boot\spring-boot-test-autoconfigure\3.3.6\spring-boot-test-autoconfigure-3.3.6.jar;C:\Users\刘智文\.m2\repository\com\jayway\jsonpath\json-path\2.9.0\json-path-2.9.0.jar;C:\Users\刘智文\.m2\repository\jakarta\xml\bind\jakarta.xml.bind-api\4.0.2\jakarta.xml.bind-api-4.0.2.jar;C:\Users\刘智文\.m2\repository\jakarta\activation\jakarta.activation-api\2.1.3\jakarta.activation-api-2.1.3.jar;C:\Users\刘智文\.m2\repository\net\minidev\json-smart\2.5.1\json-smart-2.5.1.jar;C:\Users\刘智文\.m2\repository\net\minidev\accessors-smart\2.5.1\accessors-smart-2.5.1.jar;C:\Users\刘智文\.m2\repository\org\ow2\asm\asm\9.6\asm-9.6.jar;C:\Users\刘智文\.m2\repository\org\assertj\assertj-core\3.25.3\assertj-core-3.25.3.jar;C:\Users\刘智文\.m2\repository\org\awaitility\awaitility\4.2.2\awaitility-4.2.2.jar;C:\Users\刘智文\.m2\repository\org\hamcrest\hamcrest\2.2\hamcrest-2.2.jar;C:\Users\刘智文\.m2\repository\org\junit\jupiter\junit-jupiter\5.10.5\junit-jupiter-5.10.5.jar;C:\Users\刘智文\.m2\repository\org\junit\jupiter\junit-jupiter-api\5.10.5\junit-jupiter-api-5.10.5.jar;C:\Users\刘智文\.m2\repository\org\opentest4j\opentest4j\1.3.0\opentest4j-1.3.0.jar;C:\Users\刘智文\.m2\repository\org\junit\platform\junit-platform-commons\1.10.5\junit-platform-commons-1.10.5.jar;C:\Users\刘智文\.m2\repository\org\apiguardian\apiguardian-api\1.1.2\apiguardian-api-1.1.2.jar;C:\Users\刘智文\.m2\repository\org\junit\jupiter\junit-jupiter-params\5.10.5\junit-jupiter-params-5.10.5.jar;C:\Users\刘智文\.m2\repository\org\junit\jupiter\junit-jupiter-engine\5.10.5\junit-jupiter-engine-5.10.5.jar;C:\Users\刘智文\.m2\repository\org\junit\platform\junit-platform-engine\1.10.5\junit-platform-engine-1.10.5.jar;C:\Users\刘智文\.m2\repository\org\mockito\mockito-core\5.11.0\mockito-core-5.11.0.jar;C:\Users\刘智文\.m2\repository\net\bytebuddy\byte-buddy-agent\1.14.19\byte-buddy-agent-1.14.19.jar;C:\Users\刘智文\.m2\repository\org\objenesis\objenesis\3.3\objenesis-3.3.jar;C:\Users\刘智文\.m2\repository\org\mockito\mockito-junit-jupiter\5.11.0\mockito-junit-jupiter-5.11.0.jar;C:\Users\刘智文\.m2\repository\org\skyscreamer\jsonassert\1.5.3\jsonassert-1.5.3.jar;C:\Users\刘智文\.m2\repository\com\vaadin\external\google\android-json\0.0.20131108.vaadin1\android-json-0.0.20131108.vaadin1.jar;C:\Users\刘智文\.m2\repository\org\springframework\spring-core\6.1.15\spring-core-6.1.15.jar;C:\Users\刘智文\.m2\repository\org\springframework\spring-jcl\6.1.15\spring-jcl-6.1.15.jar;C:\Users\刘智文\.m2\repository\org\springframework\spring-test\6.1.15\spring-test-6.1.15.jar;C:\Users\刘智文\.m2\repository\org\xmlunit\xmlunit-core\2.9.1\xmlunit-core-2.9.1.jar;C:\Users\刘智文\.m2\repository\org\projectlombok\lombok\1.18.36\lombok-1.18.36.jar;C:\Users\刘智文\.m2\repository\com\mysql\mysql-connector-j\9.1.0\mysql-connector-j-9.1.0.jar;C:\Users\刘智文\.m2\repository\com\google\protobuf\protobuf-java\4.26.1\protobuf-java-4.26.1.jar;C:\Users\刘智文\.m2\repository\com\alibaba\druid-spring-boot-starter\1.2.24\druid-spring-boot-starter-1.2.24.jar;C:\Users\刘智文\.m2\repository\com\alibaba\druid\1.2.24\druid-1.2.24.jar;C:\Users\刘智文\.m2\repository\org\slf4j\slf4j-api\2.0.16\slf4j-api-2.0.16.jar;C:\Users\刘智文\.m2\repository\org\springframework\boot\spring-boot-autoconfigure\3.3.6\spring-boot-autoconfigure-3.3.6.jar;C:\Users\刘智文\.m2\repository\org\glassfish\jaxb\jaxb-runtime\4.0.5\jaxb-runtime-4.0.5.jar;C:\Users\刘智文\.m2\repository\org\glassfish\jaxb\jaxb-core\4.0.5\jaxb-core-4.0.5.jar;C:\Users\刘智文\.m2\repository\org\eclipse\angus\angus-activation\2.0.2\angus-activation-2.0.2.jar;C:\Users\刘智文\.m2\repository\org\glassfish\jaxb\txw2\4.0.5\txw2-4.0.5.jar;C:\Users\刘智文\.m2\repository\com\sun\istack\istack-commons-runtime\4.1.2\istack-commons-runtime-4.1.2.jar;C:\Users\刘智文\.m2\repository\org\apache\rocketmq\rocketmq-spring-boot-starter\2.3.1\rocketmq-spring-boot-starter-2.3.1.jar;C:\Users\刘智文\.m2\repository\org\apache\rocketmq\rocketmq-spring-boot\2.3.1\rocketmq-spring-boot-2.3.1.jar;C:\Users\刘智文\.m2\repository\org\apache\rocketmq\rocketmq-client\5.3.0\rocketmq-client-5.3.0.jar;C:\Users\刘智文\.m2\repository\org\apache\rocketmq\rocketmq-remoting\5.3.0\rocketmq-remoting-5.3.0.jar;C:\Users\刘智文\.m2\repository\org\reflections\reflections\0.9.11\reflections-0.9.11.jar;C:\Users\刘智文\.m2\repository\org\javassist\javassist\3.21.0-GA\javassist-3.21.0-GA.jar;C:\Users\刘智文\.m2\repository\org\apache\commons\commons-lang3\3.14.0\commons-lang3-3.14.0.jar;C:\Users\刘智文\.m2\repository\io\github\aliyunmq\rocketmq-slf4j-api\1.0.1\rocketmq-slf4j-api-1.0.1.jar;C:\Users\刘智文\.m2\repository\io\github\aliyunmq\rocketmq-logback-classic\1.0.1\rocketmq-logback-classic-1.0.1.jar;C:\Users\刘智文\.m2\repository\org\apache\rocketmq\rocketmq-acl\5.3.0\rocketmq-acl-5.3.0.jar;C:\Users\刘智文\.m2\repository\org\apache\rocketmq\rocketmq-proto\2.0.3\rocketmq-proto-2.0.3.jar;C:\Users\刘智文\.m2\repository\org\apache\rocketmq\rocketmq-common\5.3.0\rocketmq-common-5.3.0.jar;C:\Users\刘智文\.m2\repository\com\alibaba\fastjson\1.2.83\fastjson-1.2.83.jar;C:\Users\刘智文\.m2\repository\com\alibaba\fastjson2\fastjson2\2.0.43\fastjson2-2.0.43.jar;C:\Users\刘智文\.m2\repository\io\netty\netty-all\4.1.115.Final\netty-all-4.1.115.Final.jar;C:\Users\刘智文\.m2\repository\io\netty\netty-codec-dns\4.1.115.Final\netty-codec-dns-4.1.115.Final.jar;C:\Users\刘智文\.m2\repository\io\netty\netty-codec-haproxy\4.1.115.Final\netty-codec-haproxy-4.1.115.Final.jar;C:\Users\刘智文\.m2\repository\io\netty\netty-codec-http\4.1.115.Final\netty-codec-http-4.1.115.Final.jar;C:\Users\刘智文\.m2\repository\io\netty\netty-codec-http2\4.1.115.Final\netty-codec-http2-4.1.115.Final.jar;C:\Users\刘智文\.m2\repository\io\netty\netty-codec-memcache\4.1.115.Final\netty-codec-memcache-4.1.115.Final.jar;C:\Users\刘智文\.m2\repository\io\netty\netty-codec-mqtt\4.1.115.Final\netty-codec-mqtt-4.1.115.Final.jar;C:\Users\刘智文\.m2\repository\io\netty\netty-codec-redis\4.1.115.Final\netty-codec-redis-4.1.115.Final.jar;C:\Users\刘智文\.m2\repository\io\netty\netty-codec-smtp\4.1.115.Final\netty-codec-smtp-4.1.115.Final.jar;C:\Users\刘智文\.m2\repository\io\netty\netty-codec-socks\4.1.115.Final\netty-codec-socks-4.1.115.Final.jar;C:\Users\刘智文\.m2\repository\io\netty\netty-codec-stomp\4.1.115.Final\netty-codec-stomp-4.1.115.Final.jar;C:\Users\刘智文\.m2\repository\io\netty\netty-codec-xml\4.1.115.Final\netty-codec-xml-4.1.115.Final.jar;C:\Users\刘智文\.m2\repository\io\netty\netty-handler-proxy\4.1.115.Final\netty-handler-proxy-4.1.115.Final.jar;C:\Users\刘智文\.m2\repository\io\netty\netty-handler-ssl-ocsp\4.1.115.Final\netty-handler-ssl-ocsp-4.1.115.Final.jar;C:\Users\刘智文\.m2\repository\io\netty\netty-resolver-dns\4.1.115.Final\netty-resolver-dns-4.1.115.Final.jar;C:\Users\刘智文\.m2\repository\io\netty\netty-transport-rxtx\4.1.115.Final\netty-transport-rxtx-4.1.115.Final.jar;C:\Users\刘智文\.m2\repository\io\netty\netty-transport-sctp\4.1.115.Final\netty-transport-sctp-4.1.115.Final.jar;C:\Users\刘智文\.m2\repository\io\netty\netty-transport-udt\4.1.115.Final\netty-transport-udt-4.1.115.Final.jar;C:\Users\刘智文\.m2\repository\io\netty\netty-transport-classes-epoll\4.1.115.Final\netty-transport-classes-epoll-4.1.115.Final.jar;C:\Users\刘智文\.m2\repository\io\netty\netty-transport-classes-kqueue\4.1.115.Final\netty-transport-classes-kqueue-4.1.115.Final.jar;C:\Users\刘智文\.m2\repository\io\netty\netty-resolver-dns-classes-macos\4.1.115.Final\netty-resolver-dns-classes-macos-4.1.115.Final.jar;C:\Users\刘智文\.m2\repository\io\netty\netty-transport-native-epoll\4.1.115.Final\netty-transport-native-epoll-4.1.115.Final-linux-x86_64.jar;C:\Users\刘智文\.m2\repository\io\netty\netty-transport-native-epoll\4.1.115.Final\netty-transport-native-epoll-4.1.115.Final-linux-aarch_64.jar;C:\Users\刘智文\.m2\repository\io\netty\netty-transport-native-epoll\4.1.115.Final\netty-transport-native-epoll-4.1.115.Final-linux-riscv64.jar;C:\Users\刘智文\.m2\repository\io\netty\netty-transport-native-kqueue\4.1.115.Final\netty-transport-native-kqueue-4.1.115.Final-osx-x86_64.jar;C:\Users\刘智文\.m2\repository\io\netty\netty-transport-native-kqueue\4.1.115.Final\netty-transport-native-kqueue-4.1.115.Final-osx-aarch_64.jar;C:\Users\刘智文\.m2\repository\io\netty\netty-resolver-dns-native-macos\4.1.115.Final\netty-resolver-dns-native-macos-4.1.115.Final-osx-x86_64.jar;C:\Users\刘智文\.m2\repository\io\netty\netty-resolver-dns-native-macos\4.1.115.Final\netty-resolver-dns-native-macos-4.1.115.Final-osx-aarch_64.jar;C:\Users\刘智文\.m2\repository\com\github\luben\zstd-jni\1.5.2-2\zstd-jni-1.5.2-2.jar;C:\Users\刘智文\.m2\repository\org\lz4\lz4-java\1.8.0\lz4-java-1.8.0.jar;C:\Users\刘智文\.m2\repository\io\opentelemetry\opentelemetry-exporter-otlp\1.38.0\opentelemetry-exporter-otlp-1.38.0.jar;C:\Users\刘智文\.m2\repository\io\opentelemetry\opentelemetry-sdk-trace\1.38.0\opentelemetry-sdk-trace-1.38.0.jar;C:\Users\刘智文\.m2\repository\io\opentelemetry\opentelemetry-sdk-metrics\1.38.0\opentelemetry-sdk-metrics-1.38.0.jar;C:\Users\刘智文\.m2\repository\io\opentelemetry\opentelemetry-api-incubator\1.38.0-alpha\opentelemetry-api-incubator-1.38.0-alpha.jar;C:\Users\刘智文\.m2\repository\io\opentelemetry\opentelemetry-sdk-logs\1.38.0\opentelemetry-sdk-logs-1.38.0.jar;C:\Users\刘智文\.m2\repository\io\opentelemetry\opentelemetry-exporter-otlp-common\1.38.0\opentelemetry-exporter-otlp-common-1.38.0.jar;C:\Users\刘智文\.m2\repository\io\opentelemetry\opentelemetry-exporter-common\1.38.0\opentelemetry-exporter-common-1.38.0.jar;C:\Users\刘智文\.m2\repository\io\opentelemetry\opentelemetry-exporter-sender-okhttp\1.38.0\opentelemetry-exporter-sender-okhttp-1.38.0.jar;C:\Users\刘智文\.m2\repository\com\squareup\okhttp3\okhttp\4.12.0\okhttp-4.12.0.jar;C:\Users\刘智文\.m2\repository\com\squareup\okio\okio\3.6.0\okio-3.6.0.jar;C:\Users\刘智文\.m2\repository\org\jetbrains\kotlin\kotlin-stdlib-jdk8\1.9.25\kotlin-stdlib-jdk8-1.9.25.jar;C:\Users\刘智文\.m2\repository\org\jetbrains\kotlin\kotlin-stdlib\1.9.25\kotlin-stdlib-1.9.25.jar;C:\Users\刘智文\.m2\repository\org\jetbrains\annotations\13.0\annotations-13.0.jar;C:\Users\刘智文\.m2\repository\org\jetbrains\kotlin\kotlin-stdlib-jdk7\1.9.25\kotlin-stdlib-jdk7-1.9.25.jar;C:\Users\刘智文\.m2\repository\io\opentelemetry\opentelemetry-sdk-extension-autoconfigure-spi\1.38.0\opentelemetry-sdk-extension-autoconfigure-spi-1.38.0.jar;C:\Users\刘智文\.m2\repository\io\opentelemetry\opentelemetry-exporter-prometheus\1.29.0-alpha\opentelemetry-exporter-prometheus-1.29.0-alpha.jar;C:\Users\刘智文\.m2\repository\io\opentelemetry\opentelemetry-exporter-logging\1.38.0\opentelemetry-exporter-logging-1.38.0.jar;C:\Users\刘智文\.m2\repository\io\opentelemetry\opentelemetry-sdk\1.38.0\opentelemetry-sdk-1.38.0.jar;C:\Users\刘智文\.m2\repository\io\opentelemetry\opentelemetry-api\1.38.0\opentelemetry-api-1.38.0.jar;C:\Users\刘智文\.m2\repository\io\opentelemetry\opentelemetry-context\1.38.0\opentelemetry-context-1.38.0.jar;C:\Users\刘智文\.m2\repository\io\opentelemetry\opentelemetry-sdk-common\1.38.0\opentelemetry-sdk-common-1.38.0.jar;C:\Users\刘智文\.m2\repository\io\opentelemetry\opentelemetry-exporter-logging-otlp\1.38.0\opentelemetry-exporter-logging-otlp-1.38.0.jar;C:\Users\刘智文\.m2\repository\io\grpc\grpc-stub\1.53.0\grpc-stub-1.53.0.jar;C:\Users\刘智文\.m2\repository\io\grpc\grpc-api\1.53.0\grpc-api-1.53.0.jar;C:\Users\刘智文\.m2\repository\io\grpc\grpc-context\1.53.0\grpc-context-1.53.0.jar;C:\Users\刘智文\.m2\repository\io\grpc\grpc-netty-shaded\1.53.0\grpc-netty-shaded-1.53.0.jar;C:\Users\刘智文\.m2\repository\io\perfmark\perfmark-api\0.25.0\perfmark-api-0.25.0.jar;C:\Users\刘智文\.m2\repository\io\grpc\grpc-core\1.53.0\grpc-core-1.53.0.jar;C:\Users\刘智文\.m2\repository\com\google\code\gson\gson\2.10.1\gson-2.10.1.jar;C:\Users\刘智文\.m2\repository\com\google\android\annotations\4.1.1.4\annotations-4.1.1.4.jar;C:\Users\刘智文\.m2\repository\org\codehaus\mojo\animal-sniffer-annotations\1.21\animal-sniffer-annotations-1.21.jar;C:\Users\刘智文\.m2\repository\com\squareup\okio\okio-jvm\3.4.0\okio-jvm-3.4.0.jar;C:\Users\刘智文\.m2\repository\org\apache\rocketmq\rocketmq-srvutil\5.3.0\rocketmq-srvutil-5.3.0.jar;C:\Users\刘智文\.m2\repository\commons-cli\commons-cli\1.5.0\commons-cli-1.5.0.jar;C:\Users\刘智文\.m2\repository\com\googlecode\concurrentlinkedhashmap\concurrentlinkedhashmap-lru\1.4.2\concurrentlinkedhashmap-lru-1.4.2.jar;C:\Users\刘智文\.m2\repository\commons-validator\commons-validator\1.7\commons-validator-1.7.jar;C:\Users\刘智文\.m2\repository\commons-beanutils\commons-beanutils\1.9.4\commons-beanutils-1.9.4.jar;C:\Users\刘智文\.m2\repository\commons-digester\commons-digester\2.1\commons-digester-2.1.jar;C:\Users\刘智文\.m2\repository\commons-logging\commons-logging\1.2\commons-logging-1.2.jar;C:\Users\刘智文\.m2\repository\commons-collections\commons-collections\3.2.2\commons-collections-3.2.2.jar;C:\Users\刘智文\.m2\repository\com\google\protobuf\protobuf-java-util\3.20.1\protobuf-java-util-3.20.1.jar;C:\Users\刘智文\.m2\repository\org\springframework\spring-messaging\6.1.15\spring-messaging-6.1.15.jar;C:\Users\刘智文\.m2\repository\org\springframework\cloud\spring-cloud-starter-openfeign\4.1.4\spring-cloud-starter-openfeign-4.1.4.jar;C:\Users\刘智文\.m2\repository\org\springframework\cloud\spring-cloud-starter\4.1.5\spring-cloud-starter-4.1.5.jar;C:\Users\刘智文\.m2\repository\org\springframework\security\spring-security-rsa\1.1.3\spring-security-rsa-1.1.3.jar;C:\Users\刘智文\.m2\repository\org\bouncycastle\bcprov-jdk18on\1.78\bcprov-jdk18on-1.78.jar;C:\Users\刘智文\.m2\repository\org\springframework\cloud\spring-cloud-commons\4.1.5\spring-cloud-commons-4.1.5.jar;C:\Users\刘智文\.m2\repository\org\springframework\security\spring-security-crypto\6.3.5\spring-security-crypto-6.3.5.jar;C:\Users\刘智文\.m2\repository\io\github\openfeign\feign-core\13.5\feign-core-13.5.jar;C:\Users\刘智文\.m2\repository\io\github\openfeign\feign-slf4j\13.5\feign-slf4j-13.5.jar;C:\Users\刘智文\.m2\repository\org\springframework\cloud\spring-cloud-openfeign-core\4.1.4\spring-cloud-openfeign-core-4.1.4.jar;C:\Users\刘智文\.m2\repository\io\github\openfeign\feign-form-spring\13.5\feign-form-spring-13.5.jar;C:\Users\刘智文\.m2\repository\io\github\openfeign\feign-form\13.5\feign-form-13.5.jar;C:\Users\刘智文\.m2\repository\commons-fileupload\commons-fileupload\1.5\commons-fileupload-1.5.jar;C:\Users\刘智文\.m2\repository\commons-io\commons-io\2.11.0\commons-io-2.11.0.jar;C:\Users\刘智文\.m2\repository\com\alibaba\cloud\spring-cloud-starter-alibaba-nacos-config\2023.0.1.2\spring-cloud-starter-alibaba-nacos-config-2023.0.1.2.jar;C:\Users\刘智文\.m2\repository\com\alibaba\cloud\spring-cloud-alibaba-commons\2023.0.1.2\spring-cloud-alibaba-commons-2023.0.1.2.jar;C:\Users\刘智文\.m2\repository\com\alibaba\spring\spring-context-support\1.0.11\spring-context-support-1.0.11.jar;C:\Users\刘智文\.m2\repository\com\alibaba\nacos\nacos-client\2.3.2\nacos-client-2.3.2.jar;C:\Users\刘智文\.m2\repository\com\alibaba\nacos\nacos-auth-plugin\2.3.2\nacos-auth-plugin-2.3.2.jar;C:\Users\刘智文\.m2\repository\com\alibaba\nacos\nacos-encryption-plugin\2.3.2\nacos-encryption-plugin-2.3.2.jar;C:\Users\刘智文\.m2\repository\commons-codec\commons-codec\1.16.1\commons-codec-1.16.1.jar;C:\Users\刘智文\.m2\repository\com\fasterxml\jackson\core\jackson-core\2.17.3\jackson-core-2.17.3.jar;C:\Users\刘智文\.m2\repository\org\apache\httpcomponents\httpasyncclient\4.1.5\httpasyncclient-4.1.5.jar;C:\Users\刘智文\.m2\repository\org\apache\httpcomponents\httpcore-nio\4.4.16\httpcore-nio-4.4.16.jar;C:\Users\刘智文\.m2\repository\org\apache\httpcomponents\httpclient\4.5.13\httpclient-4.5.13.jar;C:\Users\刘智文\.m2\repository\org\apache\httpcomponents\httpcore\4.4.16\httpcore-4.4.16.jar;C:\Users\刘智文\.m2\repository\io\prometheus\simpleclient\0.16.0\simpleclient-0.16.0.jar;C:\Users\刘智文\.m2\repository\io\prometheus\simpleclient_tracer_otel\0.16.0\simpleclient_tracer_otel-0.16.0.jar;C:\Users\刘智文\.m2\repository\io\prometheus\simpleclient_tracer_common\0.16.0\simpleclient_tracer_common-0.16.0.jar;C:\Users\刘智文\.m2\repository\io\prometheus\simpleclient_tracer_otel_agent\0.16.0\simpleclient_tracer_otel_agent-0.16.0.jar;C:\Users\刘智文\.m2\repository\org\springframework\cloud\spring-cloud-context\4.1.5\spring-cloud-context-4.1.5.jar;C:\Users\刘智文\.m2\repository\jakarta\annotation\jakarta.annotation-api\2.1.1\jakarta.annotation-api-2.1.1.jar;C:\Users\刘智文\.m2\repository\com\alibaba\cloud\spring-cloud-starter-alibaba-nacos-discovery\2023.0.1.2\spring-cloud-starter-alibaba-nacos-discovery-2023.0.1.2.jar;C:\Users\刘智文\.m2\repository\org\springframework\cloud\spring-cloud-starter-bootstrap\4.1.5\spring-cloud-starter-bootstrap-4.1.5.jar;"/>
    <property name="java.vm.vendor" value="Oracle Corporation"/>
    <property name="sun.arch.data.model" value="64"/>
    <property name="user.variant" value=""/>
    <property name="java.vendor.url" value="https://java.oracle.com/"/>
    <property name="user.timezone" value="Asia/Shanghai"/>
    <property name="org.jboss.logging.provider" value="slf4j"/>
    <property name="os.name" value="Windows 11"/>
    <property name="java.vm.specification.version" value="17"/>
    <property name="sun.java.launcher" value="SUN_STANDARD"/>
    <property name="user.country" value="CN"/>
    <property name="sun.boot.library.path" value="D:\JAVA\jdk-17_windows-x64_bin\jdk-17.0.10\bin"/>
    <property name="sun.java.command" value="C:\Users\刘智文\AppData\Local\Temp\surefire7420327723374651456\surefirebooter-20241204221422799_3.jar C:\Users\刘智文\AppData\Local\Temp\surefire7420327723374651456 2024-12-04T22-14-22_232-jvmRun1 surefire-20241204221422799_1tmp surefire_0-20241204221422799_2tmp"/>
    <property name="jdk.debug" value="release"/>
    <property name="surefire.test.class.path" value="D:\JAVA\oomall-2023-1\product\target\test-classes;D:\JAVA\oomall-2023-1\product\target\classes;C:\Users\刘智文\.m2\repository\cn\edu\xmu\javaee\core\0.0.3-SNAPSHOT\core-0.0.3-SNAPSHOT.jar;C:\Users\刘智文\.m2\repository\com\auth0\java-jwt\4.4.0\java-jwt-4.4.0.jar;C:\Users\刘智文\.m2\repository\com\fasterxml\jackson\core\jackson-databind\2.17.3\jackson-databind-2.17.3.jar;C:\Users\刘智文\.m2\repository\com\fasterxml\jackson\core\jackson-annotations\2.17.3\jackson-annotations-2.17.3.jar;C:\Users\刘智文\.m2\repository\com\github\pagehelper\pagehelper-spring-boot-starter\2.1.0\pagehelper-spring-boot-starter-2.1.0.jar;C:\Users\刘智文\.m2\repository\org\mybatis\spring\boot\mybatis-spring-boot-starter\3.0.3\mybatis-spring-boot-starter-3.0.3.jar;C:\Users\刘智文\.m2\repository\org\mybatis\spring\boot\mybatis-spring-boot-autoconfigure\3.0.3\mybatis-spring-boot-autoconfigure-3.0.3.jar;C:\Users\刘智文\.m2\repository\org\mybatis\mybatis\3.5.14\mybatis-3.5.14.jar;C:\Users\刘智文\.m2\repository\org\mybatis\mybatis-spring\3.0.3\mybatis-spring-3.0.3.jar;C:\Users\刘智文\.m2\repository\com\github\pagehelper\pagehelper-spring-boot-autoconfigure\2.1.0\pagehelper-spring-boot-autoconfigure-2.1.0.jar;C:\Users\刘智文\.m2\repository\com\github\pagehelper\pagehelper\6.1.0\pagehelper-6.1.0.jar;C:\Users\刘智文\.m2\repository\com\github\jsqlparser\jsqlparser\4.7\jsqlparser-4.7.jar;C:\Users\刘智文\.m2\repository\org\springframework\cloud\spring-cloud-starter-loadbalancer\4.1.5\spring-cloud-starter-loadbalancer-4.1.5.jar;C:\Users\刘智文\.m2\repository\org\springframework\cloud\spring-cloud-loadbalancer\4.1.5\spring-cloud-loadbalancer-4.1.5.jar;C:\Users\刘智文\.m2\repository\io\projectreactor\addons\reactor-extra\3.5.2\reactor-extra-3.5.2.jar;C:\Users\刘智文\.m2\repository\org\springframework\boot\spring-boot-starter-cache\3.3.6\spring-boot-starter-cache-3.3.6.jar;C:\Users\刘智文\.m2\repository\com\stoyanr\evictor\1.0.0\evictor-1.0.0.jar;C:\Users\刘智文\.m2\repository\com\squareup\javapoet\1.13.0\javapoet-1.13.0.jar;C:\Users\刘智文\.m2\repository\com\google\auto\service\auto-service\1.0.1\auto-service-1.0.1.jar;C:\Users\刘智文\.m2\repository\com\google\auto\service\auto-service-annotations\1.0.1\auto-service-annotations-1.0.1.jar;C:\Users\刘智文\.m2\repository\com\google\auto\auto-common\1.2\auto-common-1.2.jar;C:\Users\刘智文\.m2\repository\com\google\guava\guava\31.0.1-jre\guava-31.0.1-jre.jar;C:\Users\刘智文\.m2\repository\com\google\guava\failureaccess\1.0.1\failureaccess-1.0.1.jar;C:\Users\刘智文\.m2\repository\com\google\guava\listenablefuture\9999.0-empty-to-avoid-conflict-with-guava\listenablefuture-9999.0-empty-to-avoid-conflict-with-guava.jar;C:\Users\刘智文\.m2\repository\com\google\code\findbugs\jsr305\3.0.2\jsr305-3.0.2.jar;C:\Users\刘智文\.m2\repository\org\checkerframework\checker-qual\3.12.0\checker-qual-3.12.0.jar;C:\Users\刘智文\.m2\repository\com\google\errorprone\error_prone_annotations\2.7.1\error_prone_annotations-2.7.1.jar;C:\Users\刘智文\.m2\repository\com\google\j2objc\j2objc-annotations\1.3\j2objc-annotations-1.3.jar;C:\Users\刘智文\.m2\repository\org\springframework\boot\spring-boot-starter-web\3.3.6\spring-boot-starter-web-3.3.6.jar;C:\Users\刘智文\.m2\repository\org\springframework\boot\spring-boot-starter\3.3.6\spring-boot-starter-3.3.6.jar;C:\Users\刘智文\.m2\repository\org\springframework\boot\spring-boot\3.3.6\spring-boot-3.3.6.jar;C:\Users\刘智文\.m2\repository\org\springframework\boot\spring-boot-starter-logging\3.3.6\spring-boot-starter-logging-3.3.6.jar;C:\Users\刘智文\.m2\repository\ch\qos\logback\logback-classic\1.5.12\logback-classic-1.5.12.jar;C:\Users\刘智文\.m2\repository\ch\qos\logback\logback-core\1.5.12\logback-core-1.5.12.jar;C:\Users\刘智文\.m2\repository\org\apache\logging\log4j\log4j-to-slf4j\2.23.1\log4j-to-slf4j-2.23.1.jar;C:\Users\刘智文\.m2\repository\org\apache\logging\log4j\log4j-api\2.23.1\log4j-api-2.23.1.jar;C:\Users\刘智文\.m2\repository\org\slf4j\jul-to-slf4j\2.0.16\jul-to-slf4j-2.0.16.jar;C:\Users\刘智文\.m2\repository\org\yaml\snakeyaml\2.2\snakeyaml-2.2.jar;C:\Users\刘智文\.m2\repository\org\springframework\boot\spring-boot-starter-json\3.3.6\spring-boot-starter-json-3.3.6.jar;C:\Users\刘智文\.m2\repository\com\fasterxml\jackson\datatype\jackson-datatype-jdk8\2.17.3\jackson-datatype-jdk8-2.17.3.jar;C:\Users\刘智文\.m2\repository\com\fasterxml\jackson\datatype\jackson-datatype-jsr310\2.17.3\jackson-datatype-jsr310-2.17.3.jar;C:\Users\刘智文\.m2\repository\com\fasterxml\jackson\module\jackson-module-parameter-names\2.17.3\jackson-module-parameter-names-2.17.3.jar;C:\Users\刘智文\.m2\repository\org\springframework\boot\spring-boot-starter-tomcat\3.3.6\spring-boot-starter-tomcat-3.3.6.jar;C:\Users\刘智文\.m2\repository\org\apache\tomcat\embed\tomcat-embed-core\10.1.33\tomcat-embed-core-10.1.33.jar;C:\Users\刘智文\.m2\repository\org\apache\tomcat\embed\tomcat-embed-websocket\10.1.33\tomcat-embed-websocket-10.1.33.jar;C:\Users\刘智文\.m2\repository\org\springframework\spring-web\6.1.15\spring-web-6.1.15.jar;C:\Users\刘智文\.m2\repository\org\springframework\spring-beans\6.1.15\spring-beans-6.1.15.jar;C:\Users\刘智文\.m2\repository\org\springframework\spring-webmvc\6.1.15\spring-webmvc-6.1.15.jar;C:\Users\刘智文\.m2\repository\org\springframework\spring-context\6.1.15\spring-context-6.1.15.jar;C:\Users\刘智文\.m2\repository\org\springframework\spring-expression\6.1.15\spring-expression-6.1.15.jar;C:\Users\刘智文\.m2\repository\org\springframework\boot\spring-boot-starter-actuator\3.3.6\spring-boot-starter-actuator-3.3.6.jar;C:\Users\刘智文\.m2\repository\org\springframework\boot\spring-boot-actuator-autoconfigure\3.3.6\spring-boot-actuator-autoconfigure-3.3.6.jar;C:\Users\刘智文\.m2\repository\org\springframework\boot\spring-boot-actuator\3.3.6\spring-boot-actuator-3.3.6.jar;C:\Users\刘智文\.m2\repository\io\micrometer\micrometer-observation\1.13.8\micrometer-observation-1.13.8.jar;C:\Users\刘智文\.m2\repository\io\micrometer\micrometer-commons\1.13.8\micrometer-commons-1.13.8.jar;C:\Users\刘智文\.m2\repository\io\micrometer\micrometer-jakarta9\1.13.8\micrometer-jakarta9-1.13.8.jar;C:\Users\刘智文\.m2\repository\io\micrometer\micrometer-core\1.13.8\micrometer-core-1.13.8.jar;C:\Users\刘智文\.m2\repository\org\hdrhistogram\HdrHistogram\2.2.2\HdrHistogram-2.2.2.jar;C:\Users\刘智文\.m2\repository\org\latencyutils\LatencyUtils\2.0.3\LatencyUtils-2.0.3.jar;C:\Users\刘智文\.m2\repository\org\springframework\boot\spring-boot-starter-validation\3.3.6\spring-boot-starter-validation-3.3.6.jar;C:\Users\刘智文\.m2\repository\org\apache\tomcat\embed\tomcat-embed-el\10.1.33\tomcat-embed-el-10.1.33.jar;C:\Users\刘智文\.m2\repository\org\hibernate\validator\hibernate-validator\8.0.1.Final\hibernate-validator-8.0.1.Final.jar;C:\Users\刘智文\.m2\repository\jakarta\validation\jakarta.validation-api\3.0.2\jakarta.validation-api-3.0.2.jar;C:\Users\刘智文\.m2\repository\org\jboss\logging\jboss-logging\3.5.3.Final\jboss-logging-3.5.3.Final.jar;C:\Users\刘智文\.m2\repository\com\fasterxml\classmate\1.7.0\classmate-1.7.0.jar;C:\Users\刘智文\.m2\repository\org\springframework\boot\spring-boot-starter-aop\3.3.6\spring-boot-starter-aop-3.3.6.jar;C:\Users\刘智文\.m2\repository\org\springframework\spring-aop\6.1.15\spring-aop-6.1.15.jar;C:\Users\刘智文\.m2\repository\org\aspectj\aspectjweaver\1.9.22.1\aspectjweaver-1.9.22.1.jar;C:\Users\刘智文\.m2\repository\org\springframework\boot\spring-boot-starter-data-redis\3.3.6\spring-boot-starter-data-redis-3.3.6.jar;C:\Users\刘智文\.m2\repository\io\lettuce\lettuce-core\6.3.2.RELEASE\lettuce-core-6.3.2.RELEASE.jar;C:\Users\刘智文\.m2\repository\io\netty\netty-common\4.1.115.Final\netty-common-4.1.115.Final.jar;C:\Users\刘智文\.m2\repository\io\netty\netty-handler\4.1.115.Final\netty-handler-4.1.115.Final.jar;C:\Users\刘智文\.m2\repository\io\netty\netty-resolver\4.1.115.Final\netty-resolver-4.1.115.Final.jar;C:\Users\刘智文\.m2\repository\io\netty\netty-buffer\4.1.115.Final\netty-buffer-4.1.115.Final.jar;C:\Users\刘智文\.m2\repository\io\netty\netty-transport-native-unix-common\4.1.115.Final\netty-transport-native-unix-common-4.1.115.Final.jar;C:\Users\刘智文\.m2\repository\io\netty\netty-codec\4.1.115.Final\netty-codec-4.1.115.Final.jar;C:\Users\刘智文\.m2\repository\io\netty\netty-transport\4.1.115.Final\netty-transport-4.1.115.Final.jar;C:\Users\刘智文\.m2\repository\io\projectreactor\reactor-core\3.6.12\reactor-core-3.6.12.jar;C:\Users\刘智文\.m2\repository\org\reactivestreams\reactive-streams\1.0.4\reactive-streams-1.0.4.jar;C:\Users\刘智文\.m2\repository\org\springframework\data\spring-data-redis\3.3.6\spring-data-redis-3.3.6.jar;C:\Users\刘智文\.m2\repository\org\springframework\data\spring-data-keyvalue\3.3.6\spring-data-keyvalue-3.3.6.jar;C:\Users\刘智文\.m2\repository\org\springframework\spring-tx\6.1.15\spring-tx-6.1.15.jar;C:\Users\刘智文\.m2\repository\org\springframework\spring-oxm\6.1.15\spring-oxm-6.1.15.jar;C:\Users\刘智文\.m2\repository\org\springframework\spring-context-support\6.1.15\spring-context-support-6.1.15.jar;C:\Users\刘智文\.m2\repository\org\springframework\boot\spring-boot-starter-data-jpa\3.3.6\spring-boot-starter-data-jpa-3.3.6.jar;C:\Users\刘智文\.m2\repository\org\springframework\boot\spring-boot-starter-jdbc\3.3.6\spring-boot-starter-jdbc-3.3.6.jar;C:\Users\刘智文\.m2\repository\com\zaxxer\HikariCP\5.1.0\HikariCP-5.1.0.jar;C:\Users\刘智文\.m2\repository\org\springframework\spring-jdbc\6.1.15\spring-jdbc-6.1.15.jar;C:\Users\刘智文\.m2\repository\org\hibernate\orm\hibernate-core\6.5.3.Final\hibernate-core-6.5.3.Final.jar;C:\Users\刘智文\.m2\repository\jakarta\persistence\jakarta.persistence-api\3.1.0\jakarta.persistence-api-3.1.0.jar;C:\Users\刘智文\.m2\repository\jakarta\transaction\jakarta.transaction-api\2.0.1\jakarta.transaction-api-2.0.1.jar;C:\Users\刘智文\.m2\repository\org\hibernate\common\hibernate-commons-annotations\6.0.6.Final\hibernate-commons-annotations-6.0.6.Final.jar;C:\Users\刘智文\.m2\repository\io\smallrye\jandex\3.1.2\jandex-3.1.2.jar;C:\Users\刘智文\.m2\repository\net\bytebuddy\byte-buddy\1.14.19\byte-buddy-1.14.19.jar;C:\Users\刘智文\.m2\repository\jakarta\inject\jakarta.inject-api\2.0.1\jakarta.inject-api-2.0.1.jar;C:\Users\刘智文\.m2\repository\org\antlr\antlr4-runtime\4.13.0\antlr4-runtime-4.13.0.jar;C:\Users\刘智文\.m2\repository\org\springframework\data\spring-data-jpa\3.3.6\spring-data-jpa-3.3.6.jar;C:\Users\刘智文\.m2\repository\org\springframework\data\spring-data-commons\3.3.6\spring-data-commons-3.3.6.jar;C:\Users\刘智文\.m2\repository\org\springframework\spring-orm\6.1.15\spring-orm-6.1.15.jar;C:\Users\刘智文\.m2\repository\org\springframework\spring-aspects\6.1.15\spring-aspects-6.1.15.jar;C:\Users\刘智文\.m2\repository\org\springframework\boot\spring-boot-starter-data-mongodb\3.3.6\spring-boot-starter-data-mongodb-3.3.6.jar;C:\Users\刘智文\.m2\repository\org\mongodb\mongodb-driver-sync\5.0.1\mongodb-driver-sync-5.0.1.jar;C:\Users\刘智文\.m2\repository\org\mongodb\bson\5.0.1\bson-5.0.1.jar;C:\Users\刘智文\.m2\repository\org\mongodb\mongodb-driver-core\5.0.1\mongodb-driver-core-5.0.1.jar;C:\Users\刘智文\.m2\repository\org\mongodb\bson-record-codec\5.0.1\bson-record-codec-5.0.1.jar;C:\Users\刘智文\.m2\repository\org\springframework\data\spring-data-mongodb\4.3.6\spring-data-mongodb-4.3.6.jar;C:\Users\刘智文\.m2\repository\org\springframework\boot\spring-boot-starter-test\3.3.6\spring-boot-starter-test-3.3.6.jar;C:\Users\刘智文\.m2\repository\org\springframework\boot\spring-boot-test\3.3.6\spring-boot-test-3.3.6.jar;C:\Users\刘智文\.m2\repository\org\springframework\boot\spring-boot-test-autoconfigure\3.3.6\spring-boot-test-autoconfigure-3.3.6.jar;C:\Users\刘智文\.m2\repository\com\jayway\jsonpath\json-path\2.9.0\json-path-2.9.0.jar;C:\Users\刘智文\.m2\repository\jakarta\xml\bind\jakarta.xml.bind-api\4.0.2\jakarta.xml.bind-api-4.0.2.jar;C:\Users\刘智文\.m2\repository\jakarta\activation\jakarta.activation-api\2.1.3\jakarta.activation-api-2.1.3.jar;C:\Users\刘智文\.m2\repository\net\minidev\json-smart\2.5.1\json-smart-2.5.1.jar;C:\Users\刘智文\.m2\repository\net\minidev\accessors-smart\2.5.1\accessors-smart-2.5.1.jar;C:\Users\刘智文\.m2\repository\org\ow2\asm\asm\9.6\asm-9.6.jar;C:\Users\刘智文\.m2\repository\org\assertj\assertj-core\3.25.3\assertj-core-3.25.3.jar;C:\Users\刘智文\.m2\repository\org\awaitility\awaitility\4.2.2\awaitility-4.2.2.jar;C:\Users\刘智文\.m2\repository\org\hamcrest\hamcrest\2.2\hamcrest-2.2.jar;C:\Users\刘智文\.m2\repository\org\junit\jupiter\junit-jupiter\5.10.5\junit-jupiter-5.10.5.jar;C:\Users\刘智文\.m2\repository\org\junit\jupiter\junit-jupiter-api\5.10.5\junit-jupiter-api-5.10.5.jar;C:\Users\刘智文\.m2\repository\org\opentest4j\opentest4j\1.3.0\opentest4j-1.3.0.jar;C:\Users\刘智文\.m2\repository\org\junit\platform\junit-platform-commons\1.10.5\junit-platform-commons-1.10.5.jar;C:\Users\刘智文\.m2\repository\org\apiguardian\apiguardian-api\1.1.2\apiguardian-api-1.1.2.jar;C:\Users\刘智文\.m2\repository\org\junit\jupiter\junit-jupiter-params\5.10.5\junit-jupiter-params-5.10.5.jar;C:\Users\刘智文\.m2\repository\org\junit\jupiter\junit-jupiter-engine\5.10.5\junit-jupiter-engine-5.10.5.jar;C:\Users\刘智文\.m2\repository\org\junit\platform\junit-platform-engine\1.10.5\junit-platform-engine-1.10.5.jar;C:\Users\刘智文\.m2\repository\org\mockito\mockito-core\5.11.0\mockito-core-5.11.0.jar;C:\Users\刘智文\.m2\repository\net\bytebuddy\byte-buddy-agent\1.14.19\byte-buddy-agent-1.14.19.jar;C:\Users\刘智文\.m2\repository\org\objenesis\objenesis\3.3\objenesis-3.3.jar;C:\Users\刘智文\.m2\repository\org\mockito\mockito-junit-jupiter\5.11.0\mockito-junit-jupiter-5.11.0.jar;C:\Users\刘智文\.m2\repository\org\skyscreamer\jsonassert\1.5.3\jsonassert-1.5.3.jar;C:\Users\刘智文\.m2\repository\com\vaadin\external\google\android-json\0.0.20131108.vaadin1\android-json-0.0.20131108.vaadin1.jar;C:\Users\刘智文\.m2\repository\org\springframework\spring-core\6.1.15\spring-core-6.1.15.jar;C:\Users\刘智文\.m2\repository\org\springframework\spring-jcl\6.1.15\spring-jcl-6.1.15.jar;C:\Users\刘智文\.m2\repository\org\springframework\spring-test\6.1.15\spring-test-6.1.15.jar;C:\Users\刘智文\.m2\repository\org\xmlunit\xmlunit-core\2.9.1\xmlunit-core-2.9.1.jar;C:\Users\刘智文\.m2\repository\org\projectlombok\lombok\1.18.36\lombok-1.18.36.jar;C:\Users\刘智文\.m2\repository\com\mysql\mysql-connector-j\9.1.0\mysql-connector-j-9.1.0.jar;C:\Users\刘智文\.m2\repository\com\google\protobuf\protobuf-java\4.26.1\protobuf-java-4.26.1.jar;C:\Users\刘智文\.m2\repository\com\alibaba\druid-spring-boot-starter\1.2.24\druid-spring-boot-starter-1.2.24.jar;C:\Users\刘智文\.m2\repository\com\alibaba\druid\1.2.24\druid-1.2.24.jar;C:\Users\刘智文\.m2\repository\org\slf4j\slf4j-api\2.0.16\slf4j-api-2.0.16.jar;C:\Users\刘智文\.m2\repository\org\springframework\boot\spring-boot-autoconfigure\3.3.6\spring-boot-autoconfigure-3.3.6.jar;C:\Users\刘智文\.m2\repository\org\glassfish\jaxb\jaxb-runtime\4.0.5\jaxb-runtime-4.0.5.jar;C:\Users\刘智文\.m2\repository\org\glassfish\jaxb\jaxb-core\4.0.5\jaxb-core-4.0.5.jar;C:\Users\刘智文\.m2\repository\org\eclipse\angus\angus-activation\2.0.2\angus-activation-2.0.2.jar;C:\Users\刘智文\.m2\repository\org\glassfish\jaxb\txw2\4.0.5\txw2-4.0.5.jar;C:\Users\刘智文\.m2\repository\com\sun\istack\istack-commons-runtime\4.1.2\istack-commons-runtime-4.1.2.jar;C:\Users\刘智文\.m2\repository\org\apache\rocketmq\rocketmq-spring-boot-starter\2.3.1\rocketmq-spring-boot-starter-2.3.1.jar;C:\Users\刘智文\.m2\repository\org\apache\rocketmq\rocketmq-spring-boot\2.3.1\rocketmq-spring-boot-2.3.1.jar;C:\Users\刘智文\.m2\repository\org\apache\rocketmq\rocketmq-client\5.3.0\rocketmq-client-5.3.0.jar;C:\Users\刘智文\.m2\repository\org\apache\rocketmq\rocketmq-remoting\5.3.0\rocketmq-remoting-5.3.0.jar;C:\Users\刘智文\.m2\repository\org\reflections\reflections\0.9.11\reflections-0.9.11.jar;C:\Users\刘智文\.m2\repository\org\javassist\javassist\3.21.0-GA\javassist-3.21.0-GA.jar;C:\Users\刘智文\.m2\repository\org\apache\commons\commons-lang3\3.14.0\commons-lang3-3.14.0.jar;C:\Users\刘智文\.m2\repository\io\github\aliyunmq\rocketmq-slf4j-api\1.0.1\rocketmq-slf4j-api-1.0.1.jar;C:\Users\刘智文\.m2\repository\io\github\aliyunmq\rocketmq-logback-classic\1.0.1\rocketmq-logback-classic-1.0.1.jar;C:\Users\刘智文\.m2\repository\org\apache\rocketmq\rocketmq-acl\5.3.0\rocketmq-acl-5.3.0.jar;C:\Users\刘智文\.m2\repository\org\apache\rocketmq\rocketmq-proto\2.0.3\rocketmq-proto-2.0.3.jar;C:\Users\刘智文\.m2\repository\org\apache\rocketmq\rocketmq-common\5.3.0\rocketmq-common-5.3.0.jar;C:\Users\刘智文\.m2\repository\com\alibaba\fastjson\1.2.83\fastjson-1.2.83.jar;C:\Users\刘智文\.m2\repository\com\alibaba\fastjson2\fastjson2\2.0.43\fastjson2-2.0.43.jar;C:\Users\刘智文\.m2\repository\io\netty\netty-all\4.1.115.Final\netty-all-4.1.115.Final.jar;C:\Users\刘智文\.m2\repository\io\netty\netty-codec-dns\4.1.115.Final\netty-codec-dns-4.1.115.Final.jar;C:\Users\刘智文\.m2\repository\io\netty\netty-codec-haproxy\4.1.115.Final\netty-codec-haproxy-4.1.115.Final.jar;C:\Users\刘智文\.m2\repository\io\netty\netty-codec-http\4.1.115.Final\netty-codec-http-4.1.115.Final.jar;C:\Users\刘智文\.m2\repository\io\netty\netty-codec-http2\4.1.115.Final\netty-codec-http2-4.1.115.Final.jar;C:\Users\刘智文\.m2\repository\io\netty\netty-codec-memcache\4.1.115.Final\netty-codec-memcache-4.1.115.Final.jar;C:\Users\刘智文\.m2\repository\io\netty\netty-codec-mqtt\4.1.115.Final\netty-codec-mqtt-4.1.115.Final.jar;C:\Users\刘智文\.m2\repository\io\netty\netty-codec-redis\4.1.115.Final\netty-codec-redis-4.1.115.Final.jar;C:\Users\刘智文\.m2\repository\io\netty\netty-codec-smtp\4.1.115.Final\netty-codec-smtp-4.1.115.Final.jar;C:\Users\刘智文\.m2\repository\io\netty\netty-codec-socks\4.1.115.Final\netty-codec-socks-4.1.115.Final.jar;C:\Users\刘智文\.m2\repository\io\netty\netty-codec-stomp\4.1.115.Final\netty-codec-stomp-4.1.115.Final.jar;C:\Users\刘智文\.m2\repository\io\netty\netty-codec-xml\4.1.115.Final\netty-codec-xml-4.1.115.Final.jar;C:\Users\刘智文\.m2\repository\io\netty\netty-handler-proxy\4.1.115.Final\netty-handler-proxy-4.1.115.Final.jar;C:\Users\刘智文\.m2\repository\io\netty\netty-handler-ssl-ocsp\4.1.115.Final\netty-handler-ssl-ocsp-4.1.115.Final.jar;C:\Users\刘智文\.m2\repository\io\netty\netty-resolver-dns\4.1.115.Final\netty-resolver-dns-4.1.115.Final.jar;C:\Users\刘智文\.m2\repository\io\netty\netty-transport-rxtx\4.1.115.Final\netty-transport-rxtx-4.1.115.Final.jar;C:\Users\刘智文\.m2\repository\io\netty\netty-transport-sctp\4.1.115.Final\netty-transport-sctp-4.1.115.Final.jar;C:\Users\刘智文\.m2\repository\io\netty\netty-transport-udt\4.1.115.Final\netty-transport-udt-4.1.115.Final.jar;C:\Users\刘智文\.m2\repository\io\netty\netty-transport-classes-epoll\4.1.115.Final\netty-transport-classes-epoll-4.1.115.Final.jar;C:\Users\刘智文\.m2\repository\io\netty\netty-transport-classes-kqueue\4.1.115.Final\netty-transport-classes-kqueue-4.1.115.Final.jar;C:\Users\刘智文\.m2\repository\io\netty\netty-resolver-dns-classes-macos\4.1.115.Final\netty-resolver-dns-classes-macos-4.1.115.Final.jar;C:\Users\刘智文\.m2\repository\io\netty\netty-transport-native-epoll\4.1.115.Final\netty-transport-native-epoll-4.1.115.Final-linux-x86_64.jar;C:\Users\刘智文\.m2\repository\io\netty\netty-transport-native-epoll\4.1.115.Final\netty-transport-native-epoll-4.1.115.Final-linux-aarch_64.jar;C:\Users\刘智文\.m2\repository\io\netty\netty-transport-native-epoll\4.1.115.Final\netty-transport-native-epoll-4.1.115.Final-linux-riscv64.jar;C:\Users\刘智文\.m2\repository\io\netty\netty-transport-native-kqueue\4.1.115.Final\netty-transport-native-kqueue-4.1.115.Final-osx-x86_64.jar;C:\Users\刘智文\.m2\repository\io\netty\netty-transport-native-kqueue\4.1.115.Final\netty-transport-native-kqueue-4.1.115.Final-osx-aarch_64.jar;C:\Users\刘智文\.m2\repository\io\netty\netty-resolver-dns-native-macos\4.1.115.Final\netty-resolver-dns-native-macos-4.1.115.Final-osx-x86_64.jar;C:\Users\刘智文\.m2\repository\io\netty\netty-resolver-dns-native-macos\4.1.115.Final\netty-resolver-dns-native-macos-4.1.115.Final-osx-aarch_64.jar;C:\Users\刘智文\.m2\repository\com\github\luben\zstd-jni\1.5.2-2\zstd-jni-1.5.2-2.jar;C:\Users\刘智文\.m2\repository\org\lz4\lz4-java\1.8.0\lz4-java-1.8.0.jar;C:\Users\刘智文\.m2\repository\io\opentelemetry\opentelemetry-exporter-otlp\1.38.0\opentelemetry-exporter-otlp-1.38.0.jar;C:\Users\刘智文\.m2\repository\io\opentelemetry\opentelemetry-sdk-trace\1.38.0\opentelemetry-sdk-trace-1.38.0.jar;C:\Users\刘智文\.m2\repository\io\opentelemetry\opentelemetry-sdk-metrics\1.38.0\opentelemetry-sdk-metrics-1.38.0.jar;C:\Users\刘智文\.m2\repository\io\opentelemetry\opentelemetry-api-incubator\1.38.0-alpha\opentelemetry-api-incubator-1.38.0-alpha.jar;C:\Users\刘智文\.m2\repository\io\opentelemetry\opentelemetry-sdk-logs\1.38.0\opentelemetry-sdk-logs-1.38.0.jar;C:\Users\刘智文\.m2\repository\io\opentelemetry\opentelemetry-exporter-otlp-common\1.38.0\opentelemetry-exporter-otlp-common-1.38.0.jar;C:\Users\刘智文\.m2\repository\io\opentelemetry\opentelemetry-exporter-common\1.38.0\opentelemetry-exporter-common-1.38.0.jar;C:\Users\刘智文\.m2\repository\io\opentelemetry\opentelemetry-exporter-sender-okhttp\1.38.0\opentelemetry-exporter-sender-okhttp-1.38.0.jar;C:\Users\刘智文\.m2\repository\com\squareup\okhttp3\okhttp\4.12.0\okhttp-4.12.0.jar;C:\Users\刘智文\.m2\repository\com\squareup\okio\okio\3.6.0\okio-3.6.0.jar;C:\Users\刘智文\.m2\repository\org\jetbrains\kotlin\kotlin-stdlib-jdk8\1.9.25\kotlin-stdlib-jdk8-1.9.25.jar;C:\Users\刘智文\.m2\repository\org\jetbrains\kotlin\kotlin-stdlib\1.9.25\kotlin-stdlib-1.9.25.jar;C:\Users\刘智文\.m2\repository\org\jetbrains\annotations\13.0\annotations-13.0.jar;C:\Users\刘智文\.m2\repository\org\jetbrains\kotlin\kotlin-stdlib-jdk7\1.9.25\kotlin-stdlib-jdk7-1.9.25.jar;C:\Users\刘智文\.m2\repository\io\opentelemetry\opentelemetry-sdk-extension-autoconfigure-spi\1.38.0\opentelemetry-sdk-extension-autoconfigure-spi-1.38.0.jar;C:\Users\刘智文\.m2\repository\io\opentelemetry\opentelemetry-exporter-prometheus\1.29.0-alpha\opentelemetry-exporter-prometheus-1.29.0-alpha.jar;C:\Users\刘智文\.m2\repository\io\opentelemetry\opentelemetry-exporter-logging\1.38.0\opentelemetry-exporter-logging-1.38.0.jar;C:\Users\刘智文\.m2\repository\io\opentelemetry\opentelemetry-sdk\1.38.0\opentelemetry-sdk-1.38.0.jar;C:\Users\刘智文\.m2\repository\io\opentelemetry\opentelemetry-api\1.38.0\opentelemetry-api-1.38.0.jar;C:\Users\刘智文\.m2\repository\io\opentelemetry\opentelemetry-context\1.38.0\opentelemetry-context-1.38.0.jar;C:\Users\刘智文\.m2\repository\io\opentelemetry\opentelemetry-sdk-common\1.38.0\opentelemetry-sdk-common-1.38.0.jar;C:\Users\刘智文\.m2\repository\io\opentelemetry\opentelemetry-exporter-logging-otlp\1.38.0\opentelemetry-exporter-logging-otlp-1.38.0.jar;C:\Users\刘智文\.m2\repository\io\grpc\grpc-stub\1.53.0\grpc-stub-1.53.0.jar;C:\Users\刘智文\.m2\repository\io\grpc\grpc-api\1.53.0\grpc-api-1.53.0.jar;C:\Users\刘智文\.m2\repository\io\grpc\grpc-context\1.53.0\grpc-context-1.53.0.jar;C:\Users\刘智文\.m2\repository\io\grpc\grpc-netty-shaded\1.53.0\grpc-netty-shaded-1.53.0.jar;C:\Users\刘智文\.m2\repository\io\perfmark\perfmark-api\0.25.0\perfmark-api-0.25.0.jar;C:\Users\刘智文\.m2\repository\io\grpc\grpc-core\1.53.0\grpc-core-1.53.0.jar;C:\Users\刘智文\.m2\repository\com\google\code\gson\gson\2.10.1\gson-2.10.1.jar;C:\Users\刘智文\.m2\repository\com\google\android\annotations\4.1.1.4\annotations-4.1.1.4.jar;C:\Users\刘智文\.m2\repository\org\codehaus\mojo\animal-sniffer-annotations\1.21\animal-sniffer-annotations-1.21.jar;C:\Users\刘智文\.m2\repository\com\squareup\okio\okio-jvm\3.4.0\okio-jvm-3.4.0.jar;C:\Users\刘智文\.m2\repository\org\apache\rocketmq\rocketmq-srvutil\5.3.0\rocketmq-srvutil-5.3.0.jar;C:\Users\刘智文\.m2\repository\commons-cli\commons-cli\1.5.0\commons-cli-1.5.0.jar;C:\Users\刘智文\.m2\repository\com\googlecode\concurrentlinkedhashmap\concurrentlinkedhashmap-lru\1.4.2\concurrentlinkedhashmap-lru-1.4.2.jar;C:\Users\刘智文\.m2\repository\commons-validator\commons-validator\1.7\commons-validator-1.7.jar;C:\Users\刘智文\.m2\repository\commons-beanutils\commons-beanutils\1.9.4\commons-beanutils-1.9.4.jar;C:\Users\刘智文\.m2\repository\commons-digester\commons-digester\2.1\commons-digester-2.1.jar;C:\Users\刘智文\.m2\repository\commons-logging\commons-logging\1.2\commons-logging-1.2.jar;C:\Users\刘智文\.m2\repository\commons-collections\commons-collections\3.2.2\commons-collections-3.2.2.jar;C:\Users\刘智文\.m2\repository\com\google\protobuf\protobuf-java-util\3.20.1\protobuf-java-util-3.20.1.jar;C:\Users\刘智文\.m2\repository\org\springframework\spring-messaging\6.1.15\spring-messaging-6.1.15.jar;C:\Users\刘智文\.m2\repository\org\springframework\cloud\spring-cloud-starter-openfeign\4.1.4\spring-cloud-starter-openfeign-4.1.4.jar;C:\Users\刘智文\.m2\repository\org\springframework\cloud\spring-cloud-starter\4.1.5\spring-cloud-starter-4.1.5.jar;C:\Users\刘智文\.m2\repository\org\springframework\security\spring-security-rsa\1.1.3\spring-security-rsa-1.1.3.jar;C:\Users\刘智文\.m2\repository\org\bouncycastle\bcprov-jdk18on\1.78\bcprov-jdk18on-1.78.jar;C:\Users\刘智文\.m2\repository\org\springframework\cloud\spring-cloud-commons\4.1.5\spring-cloud-commons-4.1.5.jar;C:\Users\刘智文\.m2\repository\org\springframework\security\spring-security-crypto\6.3.5\spring-security-crypto-6.3.5.jar;C:\Users\刘智文\.m2\repository\io\github\openfeign\feign-core\13.5\feign-core-13.5.jar;C:\Users\刘智文\.m2\repository\io\github\openfeign\feign-slf4j\13.5\feign-slf4j-13.5.jar;C:\Users\刘智文\.m2\repository\org\springframework\cloud\spring-cloud-openfeign-core\4.1.4\spring-cloud-openfeign-core-4.1.4.jar;C:\Users\刘智文\.m2\repository\io\github\openfeign\feign-form-spring\13.5\feign-form-spring-13.5.jar;C:\Users\刘智文\.m2\repository\io\github\openfeign\feign-form\13.5\feign-form-13.5.jar;C:\Users\刘智文\.m2\repository\commons-fileupload\commons-fileupload\1.5\commons-fileupload-1.5.jar;C:\Users\刘智文\.m2\repository\commons-io\commons-io\2.11.0\commons-io-2.11.0.jar;C:\Users\刘智文\.m2\repository\com\alibaba\cloud\spring-cloud-starter-alibaba-nacos-config\2023.0.1.2\spring-cloud-starter-alibaba-nacos-config-2023.0.1.2.jar;C:\Users\刘智文\.m2\repository\com\alibaba\cloud\spring-cloud-alibaba-commons\2023.0.1.2\spring-cloud-alibaba-commons-2023.0.1.2.jar;C:\Users\刘智文\.m2\repository\com\alibaba\spring\spring-context-support\1.0.11\spring-context-support-1.0.11.jar;C:\Users\刘智文\.m2\repository\com\alibaba\nacos\nacos-client\2.3.2\nacos-client-2.3.2.jar;C:\Users\刘智文\.m2\repository\com\alibaba\nacos\nacos-auth-plugin\2.3.2\nacos-auth-plugin-2.3.2.jar;C:\Users\刘智文\.m2\repository\com\alibaba\nacos\nacos-encryption-plugin\2.3.2\nacos-encryption-plugin-2.3.2.jar;C:\Users\刘智文\.m2\repository\commons-codec\commons-codec\1.16.1\commons-codec-1.16.1.jar;C:\Users\刘智文\.m2\repository\com\fasterxml\jackson\core\jackson-core\2.17.3\jackson-core-2.17.3.jar;C:\Users\刘智文\.m2\repository\org\apache\httpcomponents\httpasyncclient\4.1.5\httpasyncclient-4.1.5.jar;C:\Users\刘智文\.m2\repository\org\apache\httpcomponents\httpcore-nio\4.4.16\httpcore-nio-4.4.16.jar;C:\Users\刘智文\.m2\repository\org\apache\httpcomponents\httpclient\4.5.13\httpclient-4.5.13.jar;C:\Users\刘智文\.m2\repository\org\apache\httpcomponents\httpcore\4.4.16\httpcore-4.4.16.jar;C:\Users\刘智文\.m2\repository\io\prometheus\simpleclient\0.16.0\simpleclient-0.16.0.jar;C:\Users\刘智文\.m2\repository\io\prometheus\simpleclient_tracer_otel\0.16.0\simpleclient_tracer_otel-0.16.0.jar;C:\Users\刘智文\.m2\repository\io\prometheus\simpleclient_tracer_common\0.16.0\simpleclient_tracer_common-0.16.0.jar;C:\Users\刘智文\.m2\repository\io\prometheus\simpleclient_tracer_otel_agent\0.16.0\simpleclient_tracer_otel_agent-0.16.0.jar;C:\Users\刘智文\.m2\repository\org\springframework\cloud\spring-cloud-context\4.1.5\spring-cloud-context-4.1.5.jar;C:\Users\刘智文\.m2\repository\jakarta\annotation\jakarta.annotation-api\2.1.1\jakarta.annotation-api-2.1.1.jar;C:\Users\刘智文\.m2\repository\com\alibaba\cloud\spring-cloud-starter-alibaba-nacos-discovery\2023.0.1.2\spring-cloud-starter-alibaba-nacos-discovery-2023.0.1.2.jar;C:\Users\刘智文\.m2\repository\org\springframework\cloud\spring-cloud-starter-bootstrap\4.1.5\spring-cloud-starter-bootstrap-4.1.5.jar;"/>
    <property name="sun.cpu.endian" value="little"/>
    <property name="user.home" value="C:\Users\刘智文"/>
    <property name="user.language" value="zh"/>
    <property name="java.specification.vendor" value="Oracle Corporation"/>
    <property name="java.version.date" value="2024-01-16"/>
    <property name="java.home" value="D:\JAVA\jdk-17_windows-x64_bin\jdk-17.0.10"/>
    <property name="file.separator" value="\"/>
    <property name="basedir" value="D:\JAVA\oomall-2023-1\product"/>
    <property name="java.vm.compressedOopsMode" value="Zero based"/>
    <property name="line.separator" value="&#10;"/>
    <property name="java.vm.specification.vendor" value="Oracle Corporation"/>
    <property name="java.specification.name" value="Java Platform API Specification"/>
    <property name="FILE_LOG_CHARSET" value="UTF-8"/>
    <property name="java.awt.headless" value="true"/>
    <property name="surefire.real.class.path" value="C:\Users\刘智文\AppData\Local\Temp\surefire7420327723374651456\surefirebooter-20241204221422799_3.jar"/>
    <property name="user.script" value=""/>
    <property name="sun.management.compiler" value="HotSpot 64-Bit Tiered Compilers"/>
    <property name="java.runtime.version" value="17.0.10+11-LTS-240"/>
    <property name="user.name" value="刘智文"/>
    <property name="path.separator" value=";"/>
    <property name="os.version" value="10.0"/>
    <property name="java.runtime.name" value="Java(TM) SE Runtime Environment"/>
    <property name="file.encoding" value="UTF-8"/>
    <property name="java.vm.name" value="Java HotSpot(TM) 64-Bit Server VM"/>
    <property name="rocketmq.remoting.version" value="473"/>
    <property name="localRepository" value="C:\Users\刘智文\.m2\repository"/>
    <property name="java.vendor.url.bug" value="https://bugreport.java.com/bugreport/"/>
    <property name="java.io.tmpdir" value="C:\Users\刘智文\AppData\Local\Temp\"/>
    <property name="idea.version" value="2024.1.4"/>
    <property name="java.version" value="17.0.10"/>
    <property name="user.dir" value="D:\JAVA\oomall-2023-1\product"/>
    <property name="os.arch" value="amd64"/>
    <property name="java.vm.specification.name" value="Java Virtual Machine Specification"/>
    <property name="PID" value="41176"/>
    <property name="sun.os.patch.level" value=""/>
    <property name="CONSOLE_LOG_CHARSET" value="UTF-8"/>
    <property name="native.encoding" value="GBK"/>
    <property name="java.library.path" value="D:\JAVA\jdk-17_windows-x64_bin\jdk-17.0.10\bin;C:\WINDOWS\Sun\Java\bin;C:\WINDOWS\system32;C:\WINDOWS;C:\Program Files (x86)\Common Files\NetSarang;D:\VMware\bin\;C:\ProgramData\Oracle\Java\javapath;D:\vmware17\bin\;C:\Program Files\PlasticSCM5\client;D:\Python\Ptyhon1;D:\Python\Ptyhon1\Library\mingw-w64\bin;D:\Python\Ptyhon1\Library\usr\bin;D:\Python\Ptyhon1\Library\bin;D:\Python\Ptyhon1\Scripts;D:\JAVA\JDK\bin;C:\Program Files\Common Files\Oracle\Java\javapath;C:\Program Files (x86)\Common Files\Oracle\Java\javapath;C:\Program Files\Microsoft\jdk-11.0.16.101-hotspot\bin;C:\Windows\system32;C:\Windows;C:\Windows\System32\Wbem;C:\Windows\System32\WindowsPowerShell\v1.0\;C:\Windows\System32\OpenSSH\;C:\Program Files (x86)\NVIDIA Corporation\PhysX\Common;C:\Program Files\NVIDIA Corporation\NVIDIA NvDLISR;C:\WINDOWS\system32;C:\WINDOWS;C:\WINDOWS\System32\Wbem;C:\WINDOWS\System32\WindowsPowerShell\v1.0\;C:\WINDOWS\System32\OpenSSH\;C:\Program Files\dotnet\;D:\刘智文\微信web开发者工具\dll;D:\DataBA;e\CodeArts IDE\bin;D:\JAVA\apache-tomcat-9.0.90-windows-x64\apache-tomcat-9.0.90\bin;C:\Program Files\MySQL\MySQL Server 9.0\bin;D:\SQL2019\150\Tools\Binn\;C:\Program Files\Microsoft SQL Server\150\Tools\Binn\;D:\SQL2019\150\DTS\Binn\;C:\Program Files\Microsoft SQL Server\150\DTS\Binn\;C:\Program Files\Microsoft SQL Server\Client SDK\ODBC\170\Tools\Binn\;C:\Program Files\Azure Data Studio\bin;C:\Program Files\Microsoft SQL Server\130\DTS\Binn\;C:\Program Files\Microsoft SQL Server\140\DTS\Binn\;C:\Program Files\Microsoft SQL Server\160\DTS\Binn\;D:\node\;D:\DM\Graphviz\bin;C:\Program Files\Git\cmd;D:\JAVA\Maven\apache-maven-3.8.8-bin\apache-maven-3.8.8\bin;D:\DM\Anaconda;D:\DM\Anaconda\Library\mingw-w64\bin;D:\DM\Anaconda\Library\usr\bin;D:\DM\Anaconda\Library\bin;D:\DM\Anaconda\Scripts;C:\Users\刘智文\AppData\Local\Microsoft\WindowsApps;D:\Python\Scripts\;D:\Python\;C:\Users\刘智文\AppData\Local\Programs\Python\Python38\;C:\Users\刘智文\AppData\Local\Microsoft\WindowsApps;C:\Program Files (x86)\Tencent\QQGameTempest\Hall.57915\;C:\Users\刘智文\.dotnet\tools;D:\Program Files\JetBrains\PyCharm Community Edition 2022.3.3\bin;;D:\刘智文\Microsoft VS Code\bin;D:\JAVA\apache-tomcat-9.0.90-windows-x64\apache-tomcat-9.0.90\bin;D:\JAVA\IntelliJ IDEA 2024.1.4\bin;;C:\Program Files\Azure Data Studio\bin;C:\Users\刘智文\AppData\Roaming\npm;."/>
    <property name="java.vm.info" value="mixed mode, sharing"/>
    <property name="java.vendor" value="Oracle Corporation"/>
    <property name="java.vm.version" value="17.0.10+11-LTS-240"/>
    <property name="sun.io.unicode.encoding" value="UnicodeLittle"/>
    <property name="java.class.version" value="61.0"/>
    <property name="LOGGED_APPLICATION_NAME" value="[product-service] "/>
  </properties>
  <testcase name="findCouponActProductById2" classname="cn.edu.xmu.oomall.product.controller.CouponActControllerTest" time="0.189">
    <system-out><![CDATA[2024-12-04 22:16:23.308 [main] DEBUG cn.edu.xmu.javaee.core.util.JwtHelper - createToken:
2024-12-04 22:16:23.309 [main] DEBUG cn.edu.xmu.javaee.core.util.JwtHelper - createToken: userId = 1 userName=13088admin departId=0 tokenId:202412042216233GCA
2024-12-04 22:16:23.362 [main] DEBUG cn.edu.xmu.javaee.core.aop.ControllerAspect - doAround: method = findCouponActProductById, paramNames = [id, page, pageSize]
2024-12-04 22:16:23.362 [main] DEBUG cn.edu.xmu.javaee.core.aop.ControllerAspect - checkPageTimeLimit: paramNames[0] = id
2024-12-04 22:16:23.362 [main] DEBUG cn.edu.xmu.javaee.core.aop.ControllerAspect - checkPageTimeLimit: paramNames[1] = page
2024-12-04 22:16:23.362 [main] DEBUG cn.edu.xmu.javaee.core.aop.ControllerAspect - checkPageTimeLimit: set page to 1
2024-12-04 22:16:23.362 [main] DEBUG cn.edu.xmu.javaee.core.aop.ControllerAspect - checkPageTimeLimit: paramNames[2] = pageSize
2024-12-04 22:16:23.362 [main] DEBUG cn.edu.xmu.javaee.core.aop.ControllerAspect - checkPageTimeLimit: set pageSize to 10
2024-12-04 22:16:23.408 [main] INFO  cn.edu.xmu.javaee.core.aop.ControllerAspect - doAround: BusinessException， errno = RESOURCE_ID_NOTEXIST
2024-12-04 22:16:23.409 [main] DEBUG cn.edu.xmu.javaee.core.aop.ControllerAspect - doAround: jp = findCouponActProductById, code = RESOURCE_ID_NOTEXIST
]]></system-out>
  </testcase>
  <testcase name="findAllOnlineCouponActivitiesTest1" classname="cn.edu.xmu.oomall.product.controller.CouponActControllerTest" time="0.203">
    <system-out><![CDATA[2024-12-04 22:16:23.559 [main] DEBUG cn.edu.xmu.javaee.core.aop.ControllerAspect - doAround: method = findAllOnlineCouponActivities, paramNames = [shopId, productId, beginTime, endTime, page, pageSize]
2024-12-04 22:16:23.559 [main] DEBUG cn.edu.xmu.javaee.core.aop.ControllerAspect - checkPageTimeLimit: paramNames[0] = shopId
2024-12-04 22:16:23.559 [main] DEBUG cn.edu.xmu.javaee.core.aop.ControllerAspect - checkPageTimeLimit: paramNames[1] = productId
2024-12-04 22:16:23.559 [main] DEBUG cn.edu.xmu.javaee.core.aop.ControllerAspect - checkPageTimeLimit: paramNames[2] = beginTime
2024-12-04 22:16:23.559 [main] DEBUG cn.edu.xmu.javaee.core.aop.ControllerAspect - checkPageTimeLimit: set beginTime to 2024-11-04T22:15:29.287147500
2024-12-04 22:16:23.561 [main] DEBUG cn.edu.xmu.javaee.core.aop.ControllerAspect - checkPageTimeLimit: paramNames[3] = endTime
2024-12-04 22:16:23.561 [main] DEBUG cn.edu.xmu.javaee.core.aop.ControllerAspect - checkPageTimeLimit: set endTime to 2024-12-04T22:15:29.287147500
2024-12-04 22:16:23.562 [main] DEBUG cn.edu.xmu.javaee.core.aop.ControllerAspect - checkPageTimeLimit: paramNames[4] = page
2024-12-04 22:16:23.562 [main] DEBUG cn.edu.xmu.javaee.core.aop.ControllerAspect - checkPageTimeLimit: set page to 1
2024-12-04 22:16:23.562 [main] DEBUG cn.edu.xmu.javaee.core.aop.ControllerAspect - checkPageTimeLimit: paramNames[5] = pageSize
2024-12-04 22:16:23.562 [main] DEBUG cn.edu.xmu.javaee.core.aop.ControllerAspect - checkPageTimeLimit: set pageSize to 10
2024-12-04 22:16:23.562 [main] DEBUG c.edu.xmu.oomall.product.dao.activity.ActivityDao - retrieveValidByShopIdAndProductId: shopId is null
2024-12-04 22:16:23.614 [main] DEBUG c.edu.xmu.oomall.product.dao.activity.ActivityDao - retrieveValidByShopIdAndProductId: pos size = 0
2024-12-04 22:16:23.614 [main] DEBUG cn.edu.xmu.javaee.core.aop.DaoAspect - doAround: obj = cn.edu.xmu.oomall.product.dao.activity.ActivityDao@8daaa74, method = retrieveValidByShopIdAndProductId
2024-12-04 22:16:23.614 [main] DEBUG cn.edu.xmu.javaee.core.aop.ControllerAspect - doAround: jp = findAllOnlineCouponActivities, code = OK
]]></system-out>
  </testcase>
  <testcase name="findAllOnlineCouponActivitiesTest2" classname="cn.edu.xmu.oomall.product.controller.CouponActControllerTest" time="0.199">
    <system-out><![CDATA[2024-12-04 22:16:23.757 [cluster-ClusterId{value='6750642d06b2de2102d0963d', description='null'}-mongo3:27017] INFO  org.mongodb.driver.cluster - Exception in monitor thread while connecting to server mongo3:27017
com.mongodb.MongoSocketOpenException: Exception opening socket
	at com.mongodb.internal.connection.SocketStream.lambda$open$0(SocketStream.java:86)
	at java.base/java.util.Optional.orElseThrow(Optional.java:403)
	at com.mongodb.internal.connection.SocketStream.open(SocketStream.java:86)
	at com.mongodb.internal.connection.InternalStreamConnection.open(InternalStreamConnection.java:201)
	at com.mongodb.internal.connection.DefaultServerMonitor$ServerMonitorRunnable.lookupServerDescription(DefaultServerMonitor.java:193)
	at com.mongodb.internal.connection.DefaultServerMonitor$ServerMonitorRunnable.run(DefaultServerMonitor.java:153)
	at java.base/java.lang.Thread.run(Thread.java:842)
Caused by: java.net.SocketTimeoutException: Connect timed out
	at java.base/sun.nio.ch.NioSocketImpl.timedFinishConnect(NioSocketImpl.java:551)
	at java.base/sun.nio.ch.NioSocketImpl.connect(NioSocketImpl.java:602)
	at java.base/java.net.SocksSocketImpl.connect(SocksSocketImpl.java:327)
	at java.base/java.net.Socket.connect(Socket.java:633)
	at com.mongodb.internal.connection.SocketStreamHelper.initialize(SocketStreamHelper.java:76)
	at com.mongodb.internal.connection.SocketStream.initializeSocket(SocketStream.java:105)
	at com.mongodb.internal.connection.SocketStream.open(SocketStream.java:80)
	... 4 common frames omitted
2024-12-04 22:16:23.758 [main] DEBUG cn.edu.xmu.javaee.core.aop.ControllerAspect - doAround: method = findAllOnlineCouponActivities, paramNames = [shopId, productId, beginTime, endTime, page, pageSize]
2024-12-04 22:16:23.759 [main] DEBUG cn.edu.xmu.javaee.core.aop.ControllerAspect - checkPageTimeLimit: paramNames[0] = shopId
2024-12-04 22:16:23.759 [main] DEBUG cn.edu.xmu.javaee.core.aop.ControllerAspect - checkPageTimeLimit: paramNames[1] = productId
2024-12-04 22:16:23.759 [main] DEBUG cn.edu.xmu.javaee.core.aop.ControllerAspect - checkPageTimeLimit: paramNames[2] = beginTime
2024-12-04 22:16:23.759 [main] DEBUG cn.edu.xmu.javaee.core.aop.ControllerAspect - checkPageTimeLimit: set beginTime to 2024-11-04T22:15:29.287147500
2024-12-04 22:16:23.759 [main] DEBUG cn.edu.xmu.javaee.core.aop.ControllerAspect - checkPageTimeLimit: paramNames[3] = endTime
2024-12-04 22:16:23.759 [main] DEBUG cn.edu.xmu.javaee.core.aop.ControllerAspect - checkPageTimeLimit: set endTime to 2024-12-04T22:15:29.287147500
2024-12-04 22:16:23.759 [main] DEBUG cn.edu.xmu.javaee.core.aop.ControllerAspect - checkPageTimeLimit: paramNames[4] = page
2024-12-04 22:16:23.759 [main] DEBUG cn.edu.xmu.javaee.core.aop.ControllerAspect - checkPageTimeLimit: set page to 1
2024-12-04 22:16:23.759 [main] DEBUG cn.edu.xmu.javaee.core.aop.ControllerAspect - checkPageTimeLimit: paramNames[5] = pageSize
2024-12-04 22:16:23.759 [main] DEBUG cn.edu.xmu.javaee.core.aop.ControllerAspect - checkPageTimeLimit: set pageSize to 10
2024-12-04 22:16:23.760 [main] DEBUG c.edu.xmu.oomall.product.dao.activity.ActivityDao - retrieveValidByShopIdAndProductId: shopId = 2
2024-12-04 22:16:23.811 [main] DEBUG c.edu.xmu.oomall.product.dao.activity.ActivityDao - retrieveValidByShopIdAndProductId: pos size = 0
2024-12-04 22:16:23.811 [main] DEBUG cn.edu.xmu.javaee.core.aop.DaoAspect - doAround: obj = cn.edu.xmu.oomall.product.dao.activity.ActivityDao@8daaa74, method = retrieveValidByShopIdAndProductId
2024-12-04 22:16:23.811 [main] DEBUG cn.edu.xmu.javaee.core.aop.ControllerAspect - doAround: jp = findAllOnlineCouponActivities, code = OK
2024-12-04 22:16:23.894 [cluster-ClusterId{value='6750642d06b2de2102d0963d', description='null'}-mongo1:27017] INFO  org.mongodb.driver.cluster - Rediscovering type of existing primary mongo2:27017
2024-12-04 22:16:23.895 [cluster-ClusterId{value='6750642d06b2de2102d0963d', description='null'}-mongo1:27017] INFO  org.mongodb.driver.cluster - Discovered replica set primary mongo1:27017 with max election id 7fffffff00000000000000f7 and max set version 1
]]></system-out>
  </testcase>
  <testcase name="findAllOnlineCouponActivitiesTest3" classname="cn.edu.xmu.oomall.product.controller.CouponActControllerTest" time="20.826">
    <failure message="Status expected:&lt;200&gt; but was:&lt;500&gt;" type="java.lang.AssertionError"><![CDATA[java.lang.AssertionError: Status expected:<200> but was:<500>
	at org.springframework.test.util.AssertionErrors.fail(AssertionErrors.java:59)
	at org.springframework.test.util.AssertionErrors.assertEquals(AssertionErrors.java:122)
	at org.springframework.test.web.servlet.result.StatusResultMatchers.lambda$matcher$9(StatusResultMatchers.java:637)
	at org.springframework.test.web.servlet.MockMvc$1.andExpect(MockMvc.java:214)
	at cn.edu.xmu.oomall.product.controller.CouponActControllerTest.findAllOnlineCouponActivitiesTest3(CouponActControllerTest.java:105)
	at java.base/java.lang.reflect.Method.invoke(Method.java:568)
	at java.base/java.util.ArrayList.forEach(ArrayList.java:1511)
	at java.base/java.util.ArrayList.forEach(ArrayList.java:1511)
]]></failure>
    <system-out><![CDATA[2024-12-04 22:16:23.910 [cluster-ClusterId{value='6750642d06b2de2102d0963d', description='null'}-mongo2:27017] INFO  org.mongodb.driver.cluster - Rediscovering type of existing primary mongo1:27017
2024-12-04 22:16:23.911 [cluster-ClusterId{value='6750642d06b2de2102d0963d', description='null'}-mongo2:27017] INFO  org.mongodb.driver.cluster - Discovered replica set primary mongo2:27017 with max election id 7fffffff00000000000000f7 and max set version 1
2024-12-04 22:16:23.962 [main] DEBUG cn.edu.xmu.javaee.core.aop.ControllerAspect - doAround: method = findAllOnlineCouponActivities, paramNames = [shopId, productId, beginTime, endTime, page, pageSize]
2024-12-04 22:16:23.962 [main] DEBUG cn.edu.xmu.javaee.core.aop.ControllerAspect - checkPageTimeLimit: paramNames[0] = shopId
2024-12-04 22:16:23.962 [main] DEBUG cn.edu.xmu.javaee.core.aop.ControllerAspect - checkPageTimeLimit: paramNames[1] = productId
2024-12-04 22:16:23.962 [main] DEBUG cn.edu.xmu.javaee.core.aop.ControllerAspect - checkPageTimeLimit: paramNames[2] = beginTime
2024-12-04 22:16:23.962 [main] DEBUG cn.edu.xmu.javaee.core.aop.ControllerAspect - checkPageTimeLimit: set beginTime to 2024-11-04T22:15:29.287147500
2024-12-04 22:16:23.962 [main] DEBUG cn.edu.xmu.javaee.core.aop.ControllerAspect - checkPageTimeLimit: paramNames[3] = endTime
2024-12-04 22:16:23.962 [main] DEBUG cn.edu.xmu.javaee.core.aop.ControllerAspect - checkPageTimeLimit: paramNames[4] = page
2024-12-04 22:16:23.962 [main] DEBUG cn.edu.xmu.javaee.core.aop.ControllerAspect - checkPageTimeLimit: set page to 1
2024-12-04 22:16:23.962 [main] DEBUG cn.edu.xmu.javaee.core.aop.ControllerAspect - checkPageTimeLimit: paramNames[5] = pageSize
2024-12-04 22:16:23.963 [main] DEBUG cn.edu.xmu.javaee.core.aop.ControllerAspect - checkPageTimeLimit: set pageSize to 10
2024-12-04 22:16:23.963 [main] DEBUG c.edu.xmu.oomall.product.dao.activity.ActivityDao - retrieveValidByShopIdAndProductId: shopId is null
2024-12-04 22:16:24.014 [main] DEBUG c.edu.xmu.oomall.product.dao.activity.ActivityDao - retrieveValidByShopIdAndProductId: pos size = 10
2024-12-04 22:16:24.015 [main] DEBUG c.edu.xmu.oomall.product.dao.activity.ActivityDao - build: po = ActivityPo(id=9, creatorId=1, creatorName=admin, modifierId=null, modifierName=null, gmtCreate=2022-12-09T02:09:26, gmtModified=null, shopId=2, name=跨2类减10元, objectId=657301e6186c151467fe00db, actClass=couponActDao, status=1)
2024-12-04 22:16:24.016 [main] DEBUG c.edu.xmu.oomall.product.dao.activity.CouponActDao - ---getActivity: po = ActivityPo(id=9, creatorId=1, creatorName=admin, modifierId=null, modifierName=null, gmtCreate=2022-12-09T02:09:26, gmtModified=null, shopId=2, name=跨2类减10元, objectId=657301e6186c151467fe00db, actClass=couponActDao, status=1)
2024-12-04 22:16:25.943 [cluster-ClusterId{value='6750640706b2de2102d0963a', description='null'}-mongo1:27017] INFO  org.mongodb.driver.cluster - Rediscovering type of existing primary mongo2:27017
2024-12-04 22:16:25.943 [cluster-ClusterId{value='6750640706b2de2102d0963a', description='null'}-mongo1:27017] INFO  org.mongodb.driver.cluster - Discovered replica set primary mongo1:27017 with max election id 7fffffff00000000000000f7 and max set version 1
2024-12-04 22:16:25.943 [cluster-ClusterId{value='6750640706b2de2102d0963a', description='null'}-mongo3:27017] INFO  org.mongodb.driver.cluster - Rediscovering type of existing primary mongo1:27017
2024-12-04 22:16:25.943 [cluster-ClusterId{value='6750640706b2de2102d0963a', description='null'}-mongo3:27017] INFO  org.mongodb.driver.cluster - Discovered replica set primary mongo3:27017 with max election id 7fffffff00000000000000f7 and max set version 1
2024-12-04 22:16:25.944 [cluster-ClusterId{value='6750640706b2de2102d0963a', description='null'}-mongo2:27017] INFO  org.mongodb.driver.cluster - Rediscovering type of existing primary mongo3:27017
2024-12-04 22:16:25.944 [cluster-ClusterId{value='6750640706b2de2102d0963a', description='null'}-mongo2:27017] INFO  org.mongodb.driver.cluster - Discovered replica set primary mongo2:27017 with max election id 7fffffff00000000000000f7 and max set version 1
2024-12-04 22:16:26.407 [cluster-ClusterId{value='675063e906b2de2102d09638', description='null'}-mongo2:27017] INFO  org.mongodb.driver.cluster - Monitor thread successfully connected to server with description ServerDescription{address=mongo2:27017, type=REPLICA_SET_PRIMARY, state=CONNECTED, ok=true, minWireVersion=0, maxWireVersion=25, maxDocumentSize=16777216, logicalSessionTimeoutMinutes=30, roundTripTimeNanos=44290800, setName='rs0', canonicalAddress=mongo1:27017, hosts=[mongo1:27017], passives=[mongo3:27017, mongo2:27017], arbiters=[], primary='mongo1:27017', tagSet=TagSet{[]}, electionId=7fffffff00000000000000f7, setVersion=1, topologyVersion=TopologyVersion{processId=6750545c33ed055bb0fd0f23, counter=6}, lastWriteDate=Wed Dec 04 22:16:26 CST 2024, lastUpdateTimeNanos=46978414866900}
2024-12-04 22:16:26.407 [cluster-ClusterId{value='675063e906b2de2102d09638', description='null'}-mongo2:27017] INFO  org.mongodb.driver.cluster - Rediscovering type of existing primary mongo3:27017
2024-12-04 22:16:26.408 [cluster-ClusterId{value='675063e906b2de2102d09638', description='null'}-mongo2:27017] INFO  org.mongodb.driver.cluster - Discovered replica set primary mongo2:27017 with max election id 7fffffff00000000000000f7 and max set version 1
2024-12-04 22:16:26.633 [cluster-ClusterId{value='675063e906b2de2102d09638', description='null'}-mongo1:27017] INFO  org.mongodb.driver.cluster - Rediscovering type of existing primary mongo2:27017
2024-12-04 22:16:26.634 [cluster-ClusterId{value='675063e906b2de2102d09638', description='null'}-mongo1:27017] INFO  org.mongodb.driver.cluster - Discovered replica set primary mongo1:27017 with max election id 7fffffff00000000000000f7 and max set version 1
2024-12-04 22:16:26.634 [cluster-ClusterId{value='675063e906b2de2102d09638', description='null'}-mongo3:27017] INFO  org.mongodb.driver.cluster - Rediscovering type of existing primary mongo1:27017
2024-12-04 22:16:26.635 [cluster-ClusterId{value='675063e906b2de2102d09638', description='null'}-mongo3:27017] INFO  org.mongodb.driver.cluster - Discovered replica set primary mongo3:27017 with max election id 7fffffff00000000000000f7 and max set version 1
2024-12-04 22:16:32.761 [cluster-ClusterId{value='675063fa06b2de2102d09639', description='null'}-mongo1:27017] INFO  org.mongodb.driver.cluster - Rediscovering type of existing primary mongo2:27017
2024-12-04 22:16:32.761 [cluster-ClusterId{value='675063fa06b2de2102d09639', description='null'}-mongo1:27017] INFO  org.mongodb.driver.cluster - Discovered replica set primary mongo1:27017 with max election id 7fffffff00000000000000f7 and max set version 1
2024-12-04 22:16:32.762 [cluster-ClusterId{value='675063fa06b2de2102d09639', description='null'}-mongo3:27017] INFO  org.mongodb.driver.cluster - Rediscovering type of existing primary mongo1:27017
2024-12-04 22:16:32.762 [cluster-ClusterId{value='675063fa06b2de2102d09639', description='null'}-mongo3:27017] INFO  org.mongodb.driver.cluster - Discovered replica set primary mongo3:27017 with max election id 7fffffff00000000000000f7 and max set version 1
2024-12-04 22:16:32.762 [cluster-ClusterId{value='675063fa06b2de2102d09639', description='null'}-mongo2:27017] INFO  org.mongodb.driver.cluster - Rediscovering type of existing primary mongo3:27017
2024-12-04 22:16:32.762 [cluster-ClusterId{value='675063fa06b2de2102d09639', description='null'}-mongo2:27017] INFO  org.mongodb.driver.cluster - Discovered replica set primary mongo2:27017 with max election id 7fffffff00000000000000f7 and max set version 1
2024-12-04 22:16:32.889 [cluster-ClusterId{value='6750642206b2de2102d0963c', description='null'}-mongo3:27017] INFO  org.mongodb.driver.cluster - Rediscovering type of existing primary mongo1:27017
2024-12-04 22:16:32.890 [cluster-ClusterId{value='6750642206b2de2102d0963c', description='null'}-mongo3:27017] INFO  org.mongodb.driver.cluster - Discovered replica set primary mongo3:27017 with max election id 7fffffff00000000000000f7 and max set version 1
2024-12-04 22:16:32.890 [cluster-ClusterId{value='6750642206b2de2102d0963c', description='null'}-mongo2:27017] INFO  org.mongodb.driver.cluster - Rediscovering type of existing primary mongo3:27017
2024-12-04 22:16:32.890 [cluster-ClusterId{value='6750642206b2de2102d0963c', description='null'}-mongo2:27017] INFO  org.mongodb.driver.cluster - Discovered replica set primary mongo2:27017 with max election id 7fffffff00000000000000f7 and max set version 1
2024-12-04 22:16:33.898 [cluster-ClusterId{value='6750642d06b2de2102d0963d', description='null'}-mongo1:27017] INFO  org.mongodb.driver.cluster - Rediscovering type of existing primary mongo2:27017
2024-12-04 22:16:33.899 [cluster-ClusterId{value='6750642d06b2de2102d0963d', description='null'}-mongo1:27017] INFO  org.mongodb.driver.cluster - Discovered replica set primary mongo1:27017 with max election id 7fffffff00000000000000f7 and max set version 1
2024-12-04 22:16:33.920 [cluster-ClusterId{value='6750642d06b2de2102d0963d', description='null'}-mongo2:27017] INFO  org.mongodb.driver.cluster - Rediscovering type of existing primary mongo1:27017
2024-12-04 22:16:33.920 [cluster-ClusterId{value='6750642d06b2de2102d0963d', description='null'}-mongo2:27017] INFO  org.mongodb.driver.cluster - Discovered replica set primary mongo2:27017 with max election id 7fffffff00000000000000f7 and max set version 1
2024-12-04 22:16:34.033 [main] INFO  org.mongodb.driver.cluster - Waiting for server to become available for operation with ID 94. Remaining time: 30000 ms. Selector: ReadPreferenceServerSelector{readPreference=ReadPreference{name=nearest, hedgeOptions=null}}, topology description: {type=REPLICA_SET, servers=[{address=mongo3:27017, type=UNKNOWN, state=CONNECTING, exception={com.mongodb.MongoSocketOpenException: Exception opening socket}, caused by {java.net.SocketTimeoutException: Connect timed out}}, {address=mongo2:27017, type=UNKNOWN, state=CONNECTING, exception={com.mongodb.MongoSocketOpenException: Exception opening socket}, caused by {java.net.SocketTimeoutException: Connect timed out}}, {address=mongo1:27017, type=UNKNOWN, state=CONNECTING}].
2024-12-04 22:16:34.630 [cluster-ClusterId{value='6750642d06b2de2102d0963d', description='null'}-mongo2:27017] INFO  org.mongodb.driver.cluster - Monitor thread successfully connected to server with description ServerDescription{address=mongo2:27017, type=REPLICA_SET_PRIMARY, state=CONNECTED, ok=true, minWireVersion=0, maxWireVersion=25, maxDocumentSize=16777216, logicalSessionTimeoutMinutes=30, roundTripTimeNanos=47008100, setName='rs0', canonicalAddress=mongo1:27017, hosts=[mongo1:27017], passives=[mongo3:27017, mongo2:27017], arbiters=[], primary='mongo1:27017', tagSet=TagSet{[]}, electionId=7fffffff00000000000000f7, setVersion=1, topologyVersion=TopologyVersion{processId=6750545c33ed055bb0fd0f23, counter=6}, lastWriteDate=Wed Dec 04 22:16:26 CST 2024, lastUpdateTimeNanos=46986638070500}
2024-12-04 22:16:34.631 [cluster-ClusterId{value='6750642d06b2de2102d0963d', description='null'}-mongo2:27017] INFO  org.mongodb.driver.cluster - Discovered replica set primary mongo2:27017 with max election id 7fffffff00000000000000f7 and max set version 1
2024-12-04 22:16:35.853 [cluster-ClusterId{value='6750640706b2de2102d0963a', description='null'}-mongo1:27017] INFO  org.mongodb.driver.cluster - Rediscovering type of existing primary mongo2:27017
2024-12-04 22:16:35.854 [cluster-ClusterId{value='6750640706b2de2102d0963a', description='null'}-mongo1:27017] INFO  org.mongodb.driver.cluster - Discovered replica set primary mongo1:27017 with max election id 7fffffff00000000000000f7 and max set version 1
2024-12-04 22:16:35.868 [cluster-ClusterId{value='6750640706b2de2102d0963a', description='null'}-mongo3:27017] INFO  org.mongodb.driver.cluster - Rediscovering type of existing primary mongo1:27017
2024-12-04 22:16:35.868 [cluster-ClusterId{value='6750640706b2de2102d0963a', description='null'}-mongo3:27017] INFO  org.mongodb.driver.cluster - Discovered replica set primary mongo3:27017 with max election id 7fffffff00000000000000f7 and max set version 1
2024-12-04 22:16:35.876 [cluster-ClusterId{value='6750640706b2de2102d0963a', description='null'}-mongo2:27017] INFO  org.mongodb.driver.cluster - Rediscovering type of existing primary mongo3:27017
2024-12-04 22:16:35.877 [cluster-ClusterId{value='6750640706b2de2102d0963a', description='null'}-mongo2:27017] INFO  org.mongodb.driver.cluster - Discovered replica set primary mongo2:27017 with max election id 7fffffff00000000000000f7 and max set version 1
2024-12-04 22:16:36.492 [cluster-ClusterId{value='675063e906b2de2102d09638', description='null'}-mongo2:27017] INFO  org.mongodb.driver.cluster - Rediscovering type of existing primary mongo3:27017
2024-12-04 22:16:36.493 [cluster-ClusterId{value='675063e906b2de2102d09638', description='null'}-mongo2:27017] INFO  org.mongodb.driver.cluster - Discovered replica set primary mongo2:27017 with max election id 7fffffff00000000000000f7 and max set version 1
2024-12-04 22:16:36.694 [cluster-ClusterId{value='675063e906b2de2102d09638', description='null'}-mongo3:27017] INFO  org.mongodb.driver.cluster - Rediscovering type of existing primary mongo2:27017
2024-12-04 22:16:36.695 [cluster-ClusterId{value='675063e906b2de2102d09638', description='null'}-mongo3:27017] INFO  org.mongodb.driver.cluster - Discovered replica set primary mongo3:27017 with max election id 7fffffff00000000000000f7 and max set version 1
2024-12-04 22:16:36.695 [cluster-ClusterId{value='675063e906b2de2102d09638', description='null'}-mongo1:27017] INFO  org.mongodb.driver.cluster - Rediscovering type of existing primary mongo3:27017
2024-12-04 22:16:36.695 [cluster-ClusterId{value='675063e906b2de2102d09638', description='null'}-mongo1:27017] INFO  org.mongodb.driver.cluster - Discovered replica set primary mongo1:27017 with max election id 7fffffff00000000000000f7 and max set version 1
2024-12-04 22:16:42.736 [cluster-ClusterId{value='675063fa06b2de2102d09639', description='null'}-mongo3:27017] INFO  org.mongodb.driver.cluster - Rediscovering type of existing primary mongo2:27017
2024-12-04 22:16:42.737 [cluster-ClusterId{value='675063fa06b2de2102d09639', description='null'}-mongo3:27017] INFO  org.mongodb.driver.cluster - Discovered replica set primary mongo3:27017 with max election id 7fffffff00000000000000f7 and max set version 1
2024-12-04 22:16:42.737 [cluster-ClusterId{value='675063fa06b2de2102d09639', description='null'}-mongo1:27017] INFO  org.mongodb.driver.cluster - Rediscovering type of existing primary mongo3:27017
2024-12-04 22:16:42.737 [cluster-ClusterId{value='675063fa06b2de2102d09639', description='null'}-mongo1:27017] INFO  org.mongodb.driver.cluster - Discovered replica set primary mongo1:27017 with max election id 7fffffff00000000000000f7 and max set version 1
2024-12-04 22:16:42.750 [cluster-ClusterId{value='675063fa06b2de2102d09639', description='null'}-mongo2:27017] INFO  org.mongodb.driver.cluster - Rediscovering type of existing primary mongo1:27017
2024-12-04 22:16:42.750 [cluster-ClusterId{value='675063fa06b2de2102d09639', description='null'}-mongo2:27017] INFO  org.mongodb.driver.cluster - Discovered replica set primary mongo2:27017 with max election id 7fffffff00000000000000f7 and max set version 1
2024-12-04 22:16:42.890 [cluster-ClusterId{value='6750642206b2de2102d0963c', description='null'}-mongo3:27017] INFO  org.mongodb.driver.cluster - Rediscovering type of existing primary mongo2:27017
2024-12-04 22:16:42.891 [cluster-ClusterId{value='6750642206b2de2102d0963c', description='null'}-mongo3:27017] INFO  org.mongodb.driver.cluster - Discovered replica set primary mongo3:27017 with max election id 7fffffff00000000000000f7 and max set version 1
2024-12-04 22:16:42.899 [cluster-ClusterId{value='6750642206b2de2102d0963c', description='null'}-mongo1:27017] INFO  org.mongodb.driver.cluster - Rediscovering type of existing primary mongo3:27017
2024-12-04 22:16:42.900 [cluster-ClusterId{value='6750642206b2de2102d0963c', description='null'}-mongo1:27017] INFO  org.mongodb.driver.cluster - Discovered replica set primary mongo1:27017 with max election id 7fffffff00000000000000f7 and max set version 1
2024-12-04 22:16:42.900 [cluster-ClusterId{value='6750642206b2de2102d0963c', description='null'}-mongo2:27017] INFO  org.mongodb.driver.cluster - Rediscovering type of existing primary mongo1:27017
2024-12-04 22:16:42.900 [cluster-ClusterId{value='6750642206b2de2102d0963c', description='null'}-mongo2:27017] INFO  org.mongodb.driver.cluster - Discovered replica set primary mongo2:27017 with max election id 7fffffff00000000000000f7 and max set version 1
2024-12-04 22:16:43.944 [cluster-ClusterId{value='6750642d06b2de2102d0963d', description='null'}-mongo1:27017] INFO  org.mongodb.driver.cluster - Rediscovering type of existing primary mongo2:27017
2024-12-04 22:16:43.945 [cluster-ClusterId{value='6750642d06b2de2102d0963d', description='null'}-mongo1:27017] INFO  org.mongodb.driver.cluster - Discovered replica set primary mongo1:27017 with max election id 7fffffff00000000000000f7 and max set version 1
2024-12-04 22:16:44.637 [main] ERROR cn.edu.xmu.javaee.core.aop.DaoAspect - doAround: obj = cn.edu.xmu.oomall.product.dao.activity.CouponActDao@19291431, method = getActivity, e = {}
org.springframework.dao.DataAccessResourceFailureException: Exception opening socket
	at org.springframework.data.mongodb.core.MongoExceptionTranslator.translateExceptionIfPossible(MongoExceptionTranslator.java:78)
	at org.springframework.data.mongodb.core.MongoTemplate.potentiallyConvertRuntimeException(MongoTemplate.java:3008)
	at org.springframework.data.mongodb.core.MongoTemplate.executeFindOneInternal(MongoTemplate.java:2891)
	at org.springframework.data.mongodb.core.MongoTemplate.doFindOne(MongoTemplate.java:2546)
	at org.springframework.data.mongodb.core.MongoTemplate.findOne(MongoTemplate.java:819)
	at org.springframework.data.mongodb.repository.support.SimpleMongoRepository.findById(SimpleMongoRepository.java:127)
	at jdk.internal.reflect.GeneratedMethodAccessor120.invoke(Unknown Source)
	at java.base/jdk.internal.reflect.DelegatingMethodAccessorImpl.invoke(DelegatingMethodAccessorImpl.java:43)
	at java.base/java.lang.reflect.Method.invoke(Method.java:568)
	at org.springframework.aop.support.AopUtils.invokeJoinpointUsingReflection(AopUtils.java:355)
	at org.springframework.data.repository.core.support.RepositoryMethodInvoker$RepositoryFragmentMethodInvoker.lambda$new$0(RepositoryMethodInvoker.java:277)
	at org.springframework.data.repository.core.support.RepositoryMethodInvoker.doInvoke(RepositoryMethodInvoker.java:170)
	at org.springframework.data.repository.core.support.RepositoryMethodInvoker.invoke(RepositoryMethodInvoker.java:158)
	at org.springframework.data.repository.core.support.RepositoryComposition$RepositoryFragments.invoke(RepositoryComposition.java:516)
	at org.springframework.data.repository.core.support.RepositoryComposition.invoke(RepositoryComposition.java:285)
	at org.springframework.data.repository.core.support.RepositoryFactorySupport$ImplementationMethodExecutionInterceptor.invoke(RepositoryFactorySupport.java:628)
	at org.springframework.aop.framework.ReflectiveMethodInvocation.proceed(ReflectiveMethodInvocation.java:184)
	at org.springframework.data.repository.core.support.QueryExecutorMethodInterceptor.doInvoke(QueryExecutorMethodInterceptor.java:173)
	at org.springframework.data.repository.core.support.QueryExecutorMethodInterceptor.invoke(QueryExecutorMethodInterceptor.java:148)
	at org.springframework.aop.framework.ReflectiveMethodInvocation.proceed(ReflectiveMethodInvocation.java:184)
	at org.springframework.data.projection.DefaultMethodInvokingMethodInterceptor.invoke(DefaultMethodInvokingMethodInterceptor.java:70)
	at org.springframework.aop.framework.ReflectiveMethodInvocation.proceed(ReflectiveMethodInvocation.java:184)
	at org.springframework.data.mongodb.repository.support.CrudMethodMetadataPostProcessor$CrudMethodMetadataPopulatingMethodInterceptor.invoke(CrudMethodMetadataPostProcessor.java:158)
	at org.springframework.aop.framework.ReflectiveMethodInvocation.proceed(ReflectiveMethodInvocation.java:184)
	at org.springframework.aop.interceptor.ExposeInvocationInterceptor.invoke(ExposeInvocationInterceptor.java:97)
	at org.springframework.aop.framework.ReflectiveMethodInvocation.proceed(ReflectiveMethodInvocation.java:184)
	at org.springframework.aop.framework.JdkDynamicAopProxy.invoke(JdkDynamicAopProxy.java:223)
	at jdk.proxy2/jdk.proxy2.$Proxy226.findById(Unknown Source)
	at jdk.internal.reflect.GeneratedMethodAccessor119.invoke(Unknown Source)
	at java.base/jdk.internal.reflect.DelegatingMethodAccessorImpl.invoke(DelegatingMethodAccessorImpl.java:43)
	at java.base/java.lang.reflect.Method.invoke(Method.java:568)
	at org.springframework.aop.support.AopUtils.invokeJoinpointUsingReflection(AopUtils.java:355)
	at org.springframework.aop.framework.ReflectiveMethodInvocation.invokeJoinpoint(ReflectiveMethodInvocation.java:196)
	at org.springframework.aop.framework.ReflectiveMethodInvocation.proceed(ReflectiveMethodInvocation.java:163)
	at org.springframework.dao.support.PersistenceExceptionTranslationInterceptor.invoke(PersistenceExceptionTranslationInterceptor.java:138)
	at org.springframework.aop.framework.ReflectiveMethodInvocation.proceed(ReflectiveMethodInvocation.java:184)
	at org.springframework.aop.framework.JdkDynamicAopProxy.invoke(JdkDynamicAopProxy.java:223)
	at jdk.proxy2/jdk.proxy2.$Proxy226.findById(Unknown Source)
	at cn.edu.xmu.oomall.product.dao.activity.CouponActDao.getActivity(CouponActDao.java:39)
	at java.base/jdk.internal.reflect.NativeMethodAccessorImpl.invoke0(Native Method)
	at java.base/jdk.internal.reflect.NativeMethodAccessorImpl.invoke(NativeMethodAccessorImpl.java:77)
	at java.base/jdk.internal.reflect.DelegatingMethodAccessorImpl.invoke(DelegatingMethodAccessorImpl.java:43)
	at java.base/java.lang.reflect.Method.invoke(Method.java:568)
	at org.springframework.aop.support.AopUtils.invokeJoinpointUsingReflection(AopUtils.java:355)
	at org.springframework.aop.framework.ReflectiveMethodInvocation.invokeJoinpoint(ReflectiveMethodInvocation.java:196)
	at org.springframework.aop.framework.ReflectiveMethodInvocation.proceed(ReflectiveMethodInvocation.java:163)
	at org.springframework.aop.framework.CglibAopProxy$CglibMethodInvocation.proceed(CglibAopProxy.java:768)
	at org.springframework.dao.support.PersistenceExceptionTranslationInterceptor.invoke(PersistenceExceptionTranslationInterceptor.java:138)
	at org.springframework.aop.framework.ReflectiveMethodInvocation.proceed(ReflectiveMethodInvocation.java:184)
	at org.springframework.aop.framework.CglibAopProxy$CglibMethodInvocation.proceed(CglibAopProxy.java:768)
	at org.springframework.aop.aspectj.MethodInvocationProceedingJoinPoint.proceed(MethodInvocationProceedingJoinPoint.java:89)
	at cn.edu.xmu.javaee.core.aop.DaoAspect.doAround(DaoAspect.java:29)
	at jdk.internal.reflect.GeneratedMethodAccessor97.invoke(Unknown Source)
	at java.base/jdk.internal.reflect.DelegatingMethodAccessorImpl.invoke(DelegatingMethodAccessorImpl.java:43)
	at java.base/java.lang.reflect.Method.invoke(Method.java:568)
	at org.springframework.aop.aspectj.AbstractAspectJAdvice.invokeAdviceMethodWithGivenArgs(AbstractAspectJAdvice.java:637)
	at org.springframework.aop.aspectj.AbstractAspectJAdvice.invokeAdviceMethod(AbstractAspectJAdvice.java:627)
	at org.springframework.aop.aspectj.AspectJAroundAdvice.invoke(AspectJAroundAdvice.java:71)
	at org.springframework.aop.framework.ReflectiveMethodInvocation.proceed(ReflectiveMethodInvocation.java:184)
	at org.springframework.aop.framework.CglibAopProxy$CglibMethodInvocation.proceed(CglibAopProxy.java:768)
	at org.springframework.aop.interceptor.ExposeInvocationInterceptor.invoke(ExposeInvocationInterceptor.java:97)
	at org.springframework.aop.framework.ReflectiveMethodInvocation.proceed(ReflectiveMethodInvocation.java:184)
	at org.springframework.aop.framework.CglibAopProxy$CglibMethodInvocation.proceed(CglibAopProxy.java:768)
	at org.springframework.aop.framework.CglibAopProxy$DynamicAdvisedInterceptor.intercept(CglibAopProxy.java:720)
	at cn.edu.xmu.oomall.product.dao.activity.CouponActDao$$SpringCGLIB$$0.getActivity(<generated>)
	at cn.edu.xmu.oomall.product.dao.activity.ActivityDao.build(ActivityDao.java:79)
	at cn.edu.xmu.oomall.product.dao.activity.ActivityDao.lambda$retrieveValidByShopIdAndProductId$3(ActivityDao.java:345)
	at java.base/java.util.stream.ReferencePipeline$3$1.accept(ReferencePipeline.java:197)
	at java.base/java.util.ArrayList$ArrayListSpliterator.forEachRemaining(ArrayList.java:1625)
	at java.base/java.util.stream.AbstractPipeline.copyInto(AbstractPipeline.java:509)
	at java.base/java.util.stream.AbstractPipeline.wrapAndCopyInto(AbstractPipeline.java:499)
	at java.base/java.util.stream.ReduceOps$ReduceOp.evaluateSequential(ReduceOps.java:921)
	at java.base/java.util.stream.AbstractPipeline.evaluate(AbstractPipeline.java:234)
	at java.base/java.util.stream.ReferencePipeline.collect(ReferencePipeline.java:682)
	at cn.edu.xmu.oomall.product.dao.activity.ActivityDao.retrieveValidByShopIdAndProductId(ActivityDao.java:348)
	at java.base/jdk.internal.reflect.NativeMethodAccessorImpl.invoke0(Native Method)
	at java.base/jdk.internal.reflect.NativeMethodAccessorImpl.invoke(NativeMethodAccessorImpl.java:77)
	at java.base/jdk.internal.reflect.DelegatingMethodAccessorImpl.invoke(DelegatingMethodAccessorImpl.java:43)
	at java.base/java.lang.reflect.Method.invoke(Method.java:568)
	at org.springframework.aop.support.AopUtils.invokeJoinpointUsingReflection(AopUtils.java:355)
	at org.springframework.aop.framework.ReflectiveMethodInvocation.invokeJoinpoint(ReflectiveMethodInvocation.java:196)
	at org.springframework.aop.framework.ReflectiveMethodInvocation.proceed(ReflectiveMethodInvocation.java:163)
	at org.springframework.aop.framework.CglibAopProxy$CglibMethodInvocation.proceed(CglibAopProxy.java:768)
	at org.springframework.dao.support.PersistenceExceptionTranslationInterceptor.invoke(PersistenceExceptionTranslationInterceptor.java:138)
	at org.springframework.aop.framework.ReflectiveMethodInvocation.proceed(ReflectiveMethodInvocation.java:184)
	at org.springframework.aop.framework.CglibAopProxy$CglibMethodInvocation.proceed(CglibAopProxy.java:768)
	at org.springframework.aop.aspectj.MethodInvocationProceedingJoinPoint.proceed(MethodInvocationProceedingJoinPoint.java:89)
	at cn.edu.xmu.javaee.core.aop.DaoAspect.doAround(DaoAspect.java:29)
	at jdk.internal.reflect.GeneratedMethodAccessor97.invoke(Unknown Source)
	at java.base/jdk.internal.reflect.DelegatingMethodAccessorImpl.invoke(DelegatingMethodAccessorImpl.java:43)
	at java.base/java.lang.reflect.Method.invoke(Method.java:568)
	at org.springframework.aop.aspectj.AbstractAspectJAdvice.invokeAdviceMethodWithGivenArgs(AbstractAspectJAdvice.java:637)
	at org.springframework.aop.aspectj.AbstractAspectJAdvice.invokeAdviceMethod(AbstractAspectJAdvice.java:627)
	at org.springframework.aop.aspectj.AspectJAroundAdvice.invoke(AspectJAroundAdvice.java:71)
	at org.springframework.aop.framework.ReflectiveMethodInvocation.proceed(ReflectiveMethodInvocation.java:184)
	at org.springframework.aop.framework.CglibAopProxy$CglibMethodInvocation.proceed(CglibAopProxy.java:768)
	at org.springframework.aop.interceptor.ExposeInvocationInterceptor.invoke(ExposeInvocationInterceptor.java:97)
	at org.springframework.aop.framework.ReflectiveMethodInvocation.proceed(ReflectiveMethodInvocation.java:184)
	at org.springframework.aop.framework.CglibAopProxy$CglibMethodInvocation.proceed(CglibAopProxy.java:768)
	at org.springframework.aop.framework.CglibAopProxy$DynamicAdvisedInterceptor.intercept(CglibAopProxy.java:720)
	at cn.edu.xmu.oomall.product.dao.activity.ActivityDao$$SpringCGLIB$$0.retrieveValidByShopIdAndProductId(<generated>)
	at cn.edu.xmu.oomall.product.service.CouponActService.retrieveValidByShopIdAndProductIdAndTime(CouponActService.java:143)
	at java.base/jdk.internal.reflect.NativeMethodAccessorImpl.invoke0(Native Method)
	at java.base/jdk.internal.reflect.NativeMethodAccessorImpl.invoke(NativeMethodAccessorImpl.java:77)
	at java.base/jdk.internal.reflect.DelegatingMethodAccessorImpl.invoke(DelegatingMethodAccessorImpl.java:43)
	at java.base/java.lang.reflect.Method.invoke(Method.java:568)
	at org.springframework.aop.support.AopUtils.invokeJoinpointUsingReflection(AopUtils.java:355)
	at org.springframework.aop.framework.ReflectiveMethodInvocation.invokeJoinpoint(ReflectiveMethodInvocation.java:196)
	at org.springframework.aop.framework.ReflectiveMethodInvocation.proceed(ReflectiveMethodInvocation.java:163)
	at org.springframework.aop.framework.CglibAopProxy$CglibMethodInvocation.proceed(CglibAopProxy.java:768)
	at org.springframework.transaction.interceptor.TransactionAspectSupport.invokeWithinTransaction(TransactionAspectSupport.java:379)
	at org.springframework.transaction.interceptor.TransactionInterceptor.invoke(TransactionInterceptor.java:119)
	at org.springframework.aop.framework.ReflectiveMethodInvocation.proceed(ReflectiveMethodInvocation.java:184)
	at org.springframework.aop.framework.CglibAopProxy$CglibMethodInvocation.proceed(CglibAopProxy.java:768)
	at org.springframework.aop.framework.CglibAopProxy$DynamicAdvisedInterceptor.intercept(CglibAopProxy.java:720)
	at cn.edu.xmu.oomall.product.service.CouponActService$$SpringCGLIB$$0.retrieveValidByShopIdAndProductIdAndTime(<generated>)
	at cn.edu.xmu.oomall.product.controller.CouponActController.findAllOnlineCouponActivities(CouponActController.java:76)
	at java.base/jdk.internal.reflect.NativeMethodAccessorImpl.invoke0(Native Method)
	at java.base/jdk.internal.reflect.NativeMethodAccessorImpl.invoke(NativeMethodAccessorImpl.java:77)
	at java.base/jdk.internal.reflect.DelegatingMethodAccessorImpl.invoke(DelegatingMethodAccessorImpl.java:43)
	at java.base/java.lang.reflect.Method.invoke(Method.java:568)
	at org.springframework.aop.support.AopUtils.invokeJoinpointUsingReflection(AopUtils.java:355)
	at org.springframework.aop.framework.ReflectiveMethodInvocation.invokeJoinpoint(ReflectiveMethodInvocation.java:196)
	at org.springframework.aop.framework.ReflectiveMethodInvocation.proceed(ReflectiveMethodInvocation.java:163)
	at org.springframework.aop.framework.CglibAopProxy$CglibMethodInvocation.proceed(CglibAopProxy.java:768)
	at org.springframework.transaction.interceptor.TransactionAspectSupport.invokeWithinTransaction(TransactionAspectSupport.java:379)
	at org.springframework.transaction.interceptor.TransactionInterceptor.invoke(TransactionInterceptor.java:119)
	at org.springframework.aop.framework.ReflectiveMethodInvocation.proceed(ReflectiveMethodInvocation.java:184)
	at org.springframework.aop.framework.CglibAopProxy$CglibMethodInvocation.proceed(CglibAopProxy.java:768)
	at org.springframework.aop.aspectj.MethodInvocationProceedingJoinPoint.proceed(MethodInvocationProceedingJoinPoint.java:102)
	at cn.edu.xmu.javaee.core.aop.ControllerAspect.doAround(ControllerAspect.java:61)
	at jdk.internal.reflect.GeneratedMethodAccessor98.invoke(Unknown Source)
	at java.base/jdk.internal.reflect.DelegatingMethodAccessorImpl.invoke(DelegatingMethodAccessorImpl.java:43)
	at java.base/java.lang.reflect.Method.invoke(Method.java:568)
	at org.springframework.aop.aspectj.AbstractAspectJAdvice.invokeAdviceMethodWithGivenArgs(AbstractAspectJAdvice.java:637)
	at org.springframework.aop.aspectj.AbstractAspectJAdvice.invokeAdviceMethod(AbstractAspectJAdvice.java:627)
	at org.springframework.aop.aspectj.AspectJAroundAdvice.invoke(AspectJAroundAdvice.java:71)
	at org.springframework.aop.framework.ReflectiveMethodInvocation.proceed(ReflectiveMethodInvocation.java:184)
	at org.springframework.aop.framework.CglibAopProxy$CglibMethodInvocation.proceed(CglibAopProxy.java:768)
	at org.springframework.aop.interceptor.ExposeInvocationInterceptor.invoke(ExposeInvocationInterceptor.java:97)
	at org.springframework.aop.framework.ReflectiveMethodInvocation.proceed(ReflectiveMethodInvocation.java:184)
	at org.springframework.aop.framework.CglibAopProxy$CglibMethodInvocation.proceed(CglibAopProxy.java:768)
	at org.springframework.aop.framework.CglibAopProxy$DynamicAdvisedInterceptor.intercept(CglibAopProxy.java:720)
	at cn.edu.xmu.oomall.product.controller.CouponActController$$SpringCGLIB$$0.findAllOnlineCouponActivities(<generated>)
	at java.base/jdk.internal.reflect.NativeMethodAccessorImpl.invoke0(Native Method)
	at java.base/jdk.internal.reflect.NativeMethodAccessorImpl.invoke(NativeMethodAccessorImpl.java:77)
	at java.base/jdk.internal.reflect.DelegatingMethodAccessorImpl.invoke(DelegatingMethodAccessorImpl.java:43)
	at java.base/java.lang.reflect.Method.invoke(Method.java:568)
	at org.springframework.web.method.support.InvocableHandlerMethod.doInvoke(InvocableHandlerMethod.java:255)
	at org.springframework.web.method.support.InvocableHandlerMethod.invokeForRequest(InvocableHandlerMethod.java:188)
	at org.springframework.web.servlet.mvc.method.annotation.ServletInvocableHandlerMethod.invokeAndHandle(ServletInvocableHandlerMethod.java:118)
	at org.springframework.web.servlet.mvc.method.annotation.RequestMappingHandlerAdapter.invokeHandlerMethod(RequestMappingHandlerAdapter.java:926)
	at org.springframework.web.servlet.mvc.method.annotation.RequestMappingHandlerAdapter.handleInternal(RequestMappingHandlerAdapter.java:831)
	at org.springframework.web.servlet.mvc.method.AbstractHandlerMethodAdapter.handle(AbstractHandlerMethodAdapter.java:87)
	at org.springframework.web.servlet.DispatcherServlet.doDispatch(DispatcherServlet.java:1089)
	at org.springframework.web.servlet.DispatcherServlet.doService(DispatcherServlet.java:979)
	at org.springframework.web.servlet.FrameworkServlet.processRequest(FrameworkServlet.java:1014)
	at org.springframework.web.servlet.FrameworkServlet.doGet(FrameworkServlet.java:903)
	at jakarta.servlet.http.HttpServlet.service(HttpServlet.java:564)
	at org.springframework.web.servlet.FrameworkServlet.service(FrameworkServlet.java:885)
	at org.springframework.test.web.servlet.TestDispatcherServlet.service(TestDispatcherServlet.java:72)
	at jakarta.servlet.http.HttpServlet.service(HttpServlet.java:658)
	at org.springframework.mock.web.MockFilterChain$ServletFilterProxy.doFilter(MockFilterChain.java:165)
	at org.springframework.mock.web.MockFilterChain.doFilter(MockFilterChain.java:132)
	at org.springframework.web.filter.RequestContextFilter.doFilterInternal(RequestContextFilter.java:100)
	at org.springframework.web.filter.OncePerRequestFilter.doFilter(OncePerRequestFilter.java:116)
	at org.springframework.test.web.servlet.setup.MockMvcFilterDecorator.doFilter(MockMvcFilterDecorator.java:151)
	at org.springframework.mock.web.MockFilterChain.doFilter(MockFilterChain.java:132)
	at org.springframework.web.filter.FormContentFilter.doFilterInternal(FormContentFilter.java:93)
	at org.springframework.web.filter.OncePerRequestFilter.doFilter(OncePerRequestFilter.java:116)
	at org.springframework.test.web.servlet.setup.MockMvcFilterDecorator.doFilter(MockMvcFilterDecorator.java:151)
	at org.springframework.mock.web.MockFilterChain.doFilter(MockFilterChain.java:132)
	at org.springframework.web.filter.ServerHttpObservationFilter.doFilterInternal(ServerHttpObservationFilter.java:113)
	at org.springframework.web.filter.OncePerRequestFilter.doFilter(OncePerRequestFilter.java:116)
	at org.springframework.test.web.servlet.setup.MockMvcFilterDecorator.doFilter(MockMvcFilterDecorator.java:151)
	at org.springframework.mock.web.MockFilterChain.doFilter(MockFilterChain.java:132)
	at org.springframework.web.filter.CharacterEncodingFilter.doFilterInternal(CharacterEncodingFilter.java:201)
	at org.springframework.web.filter.OncePerRequestFilter.doFilter(OncePerRequestFilter.java:116)
	at org.springframework.test.web.servlet.setup.MockMvcFilterDecorator.doFilter(MockMvcFilterDecorator.java:151)
	at org.springframework.mock.web.MockFilterChain.doFilter(MockFilterChain.java:132)
	at org.springframework.test.web.servlet.MockMvc.perform(MockMvc.java:201)
	at cn.edu.xmu.oomall.product.controller.CouponActControllerTest.findAllOnlineCouponActivitiesTest3(CouponActControllerTest.java:102)
	at java.base/jdk.internal.reflect.NativeMethodAccessorImpl.invoke0(Native Method)
	at java.base/jdk.internal.reflect.NativeMethodAccessorImpl.invoke(NativeMethodAccessorImpl.java:77)
	at java.base/jdk.internal.reflect.DelegatingMethodAccessorImpl.invoke(DelegatingMethodAccessorImpl.java:43)
	at java.base/java.lang.reflect.Method.invoke(Method.java:568)
	at org.junit.platform.commons.util.ReflectionUtils.invokeMethod(ReflectionUtils.java:728)
	at org.junit.jupiter.engine.execution.MethodInvocation.proceed(MethodInvocation.java:60)
	at org.junit.jupiter.engine.execution.InvocationInterceptorChain$ValidatingInvocation.proceed(InvocationInterceptorChain.java:131)
	at org.junit.jupiter.engine.extension.TimeoutExtension.intercept(TimeoutExtension.java:156)
	at org.junit.jupiter.engine.extension.TimeoutExtension.interceptTestableMethod(TimeoutExtension.java:147)
	at org.junit.jupiter.engine.extension.TimeoutExtension.interceptTestMethod(TimeoutExtension.java:86)
	at org.junit.jupiter.engine.execution.InterceptingExecutableInvoker$ReflectiveInterceptorCall.lambda$ofVoidMethod$0(InterceptingExecutableInvoker.java:103)
	at org.junit.jupiter.engine.execution.InterceptingExecutableInvoker.lambda$invoke$0(InterceptingExecutableInvoker.java:93)
	at org.junit.jupiter.engine.execution.InvocationInterceptorChain$InterceptedInvocation.proceed(InvocationInterceptorChain.java:106)
	at org.junit.jupiter.engine.execution.InvocationInterceptorChain.proceed(InvocationInterceptorChain.java:64)
	at org.junit.jupiter.engine.execution.InvocationInterceptorChain.chainAndInvoke(InvocationInterceptorChain.java:45)
	at org.junit.jupiter.engine.execution.InvocationInterceptorChain.invoke(InvocationInterceptorChain.java:37)
	at org.junit.jupiter.engine.execution.InterceptingExecutableInvoker.invoke(InterceptingExecutableInvoker.java:92)
	at org.junit.jupiter.engine.execution.InterceptingExecutableInvoker.invoke(InterceptingExecutableInvoker.java:86)
	at org.junit.jupiter.engine.descriptor.TestMethodTestDescriptor.lambda$invokeTestMethod$7(TestMethodTestDescriptor.java:218)
	at org.junit.platform.engine.support.hierarchical.ThrowableCollector.execute(ThrowableCollector.java:73)
	at org.junit.jupiter.engine.descriptor.TestMethodTestDescriptor.invokeTestMethod(TestMethodTestDescriptor.java:214)
	at org.junit.jupiter.engine.descriptor.TestMethodTestDescriptor.execute(TestMethodTestDescriptor.java:139)
	at org.junit.jupiter.engine.descriptor.TestMethodTestDescriptor.execute(TestMethodTestDescriptor.java:69)
	at org.junit.platform.engine.support.hierarchical.NodeTestTask.lambda$executeRecursively$6(NodeTestTask.java:156)
	at org.junit.platform.engine.support.hierarchical.ThrowableCollector.execute(ThrowableCollector.java:73)
	at org.junit.platform.engine.support.hierarchical.NodeTestTask.lambda$executeRecursively$8(NodeTestTask.java:146)
	at org.junit.platform.engine.support.hierarchical.Node.around(Node.java:137)
	at org.junit.platform.engine.support.hierarchical.NodeTestTask.lambda$executeRecursively$9(NodeTestTask.java:144)
	at org.junit.platform.engine.support.hierarchical.ThrowableCollector.execute(ThrowableCollector.java:73)
	at org.junit.platform.engine.support.hierarchical.NodeTestTask.executeRecursively(NodeTestTask.java:143)
	at org.junit.platform.engine.support.hierarchical.NodeTestTask.execute(NodeTestTask.java:100)
	at java.base/java.util.ArrayList.forEach(ArrayList.java:1511)
	at org.junit.platform.engine.support.hierarchical.SameThreadHierarchicalTestExecutorService.invokeAll(SameThreadHierarchicalTestExecutorService.java:41)
	at org.junit.platform.engine.support.hierarchical.NodeTestTask.lambda$executeRecursively$6(NodeTestTask.java:160)
	at org.junit.platform.engine.support.hierarchical.ThrowableCollector.execute(ThrowableCollector.java:73)
	at org.junit.platform.engine.support.hierarchical.NodeTestTask.lambda$executeRecursively$8(NodeTestTask.java:146)
	at org.junit.platform.engine.support.hierarchical.Node.around(Node.java:137)
	at org.junit.platform.engine.support.hierarchical.NodeTestTask.lambda$executeRecursively$9(NodeTestTask.java:144)
	at org.junit.platform.engine.support.hierarchical.ThrowableCollector.execute(ThrowableCollector.java:73)
	at org.junit.platform.engine.support.hierarchical.NodeTestTask.executeRecursively(NodeTestTask.java:143)
	at org.junit.platform.engine.support.hierarchical.NodeTestTask.execute(NodeTestTask.java:100)
	at java.base/java.util.ArrayList.forEach(ArrayList.java:1511)
	at org.junit.platform.engine.support.hierarchical.SameThreadHierarchicalTestExecutorService.invokeAll(SameThreadHierarchicalTestExecutorService.java:41)
	at org.junit.platform.engine.support.hierarchical.NodeTestTask.lambda$executeRecursively$6(NodeTestTask.java:160)
	at org.junit.platform.engine.support.hierarchical.ThrowableCollector.execute(ThrowableCollector.java:73)
	at org.junit.platform.engine.support.hierarchical.NodeTestTask.lambda$executeRecursively$8(NodeTestTask.java:146)
	at org.junit.platform.engine.support.hierarchical.Node.around(Node.java:137)
	at org.junit.platform.engine.support.hierarchical.NodeTestTask.lambda$executeRecursively$9(NodeTestTask.java:144)
	at org.junit.platform.engine.support.hierarchical.ThrowableCollector.execute(ThrowableCollector.java:73)
	at org.junit.platform.engine.support.hierarchical.NodeTestTask.executeRecursively(NodeTestTask.java:143)
	at org.junit.platform.engine.support.hierarchical.NodeTestTask.execute(NodeTestTask.java:100)
	at org.junit.platform.engine.support.hierarchical.SameThreadHierarchicalTestExecutorService.submit(SameThreadHierarchicalTestExecutorService.java:35)
	at org.junit.platform.engine.support.hierarchical.HierarchicalTestExecutor.execute(HierarchicalTestExecutor.java:57)
	at org.junit.platform.engine.support.hierarchical.HierarchicalTestEngine.execute(HierarchicalTestEngine.java:54)
	at org.junit.platform.launcher.core.EngineExecutionOrchestrator.execute(EngineExecutionOrchestrator.java:198)
	at org.junit.platform.launcher.core.EngineExecutionOrchestrator.execute(EngineExecutionOrchestrator.java:169)
	at org.junit.platform.launcher.core.EngineExecutionOrchestrator.execute(EngineExecutionOrchestrator.java:93)
	at org.junit.platform.launcher.core.EngineExecutionOrchestrator.lambda$execute$0(EngineExecutionOrchestrator.java:58)
	at org.junit.platform.launcher.core.EngineExecutionOrchestrator.withInterceptedStreams(EngineExecutionOrchestrator.java:141)
	at org.junit.platform.launcher.core.EngineExecutionOrchestrator.execute(EngineExecutionOrchestrator.java:57)
	at org.junit.platform.launcher.core.DefaultLauncher.execute(DefaultLauncher.java:103)
	at org.junit.platform.launcher.core.DefaultLauncher.execute(DefaultLauncher.java:85)
	at org.junit.platform.launcher.core.DelegatingLauncher.execute(DelegatingLauncher.java:47)
	at org.apache.maven.surefire.junitplatform.LazyLauncher.execute(LazyLauncher.java:56)
	at org.apache.maven.surefire.junitplatform.JUnitPlatformProvider.execute(JUnitPlatformProvider.java:184)
	at org.apache.maven.surefire.junitplatform.JUnitPlatformProvider.invokeAllTests(JUnitPlatformProvider.java:148)
	at org.apache.maven.surefire.junitplatform.JUnitPlatformProvider.invoke(JUnitPlatformProvider.java:122)
	at org.apache.maven.surefire.booter.ForkedBooter.runSuitesInProcess(ForkedBooter.java:385)
	at org.apache.maven.surefire.booter.ForkedBooter.execute(ForkedBooter.java:162)
	at org.apache.maven.surefire.booter.ForkedBooter.run(ForkedBooter.java:507)
	at org.apache.maven.surefire.booter.ForkedBooter.main(ForkedBooter.java:495)
Caused by: com.mongodb.MongoSocketOpenException: Exception opening socket
	at com.mongodb.internal.connection.SocketStream.lambda$open$0(SocketStream.java:86)
	at java.base/java.util.Optional.orElseThrow(Optional.java:403)
	at com.mongodb.internal.connection.SocketStream.open(SocketStream.java:86)
	at com.mongodb.internal.connection.InternalStreamConnection.open(InternalStreamConnection.java:201)
	at com.mongodb.internal.connection.UsageTrackingInternalConnection.open(UsageTrackingInternalConnection.java:55)
	at com.mongodb.internal.connection.DefaultConnectionPool$PooledConnection.open(DefaultConnectionPool.java:625)
	at com.mongodb.internal.connection.DefaultConnectionPool$OpenConcurrencyLimiter.openWithConcurrencyLimit(DefaultConnectionPool.java:965)
	at com.mongodb.internal.connection.DefaultConnectionPool$OpenConcurrencyLimiter.openOrGetAvailable(DefaultConnectionPool.java:906)
	at com.mongodb.internal.connection.DefaultConnectionPool.get(DefaultConnectionPool.java:203)
	at com.mongodb.internal.connection.DefaultConnectionPool.get(DefaultConnectionPool.java:192)
	at com.mongodb.internal.connection.DefaultServer.getConnection(DefaultServer.java:96)
	at com.mongodb.internal.binding.ClusterBinding$ClusterBindingConnectionSource.getConnection(ClusterBinding.java:178)
	at com.mongodb.client.internal.ClientSessionBinding$SessionBindingConnectionSource.getConnection(ClientSessionBinding.java:196)
	at com.mongodb.internal.operation.SyncOperationHelper.withSuppliedResource(SyncOperationHelper.java:141)
	at com.mongodb.internal.operation.SyncOperationHelper.lambda$withSourceAndConnection$1(SyncOperationHelper.java:123)
	at com.mongodb.internal.operation.SyncOperationHelper.withSuppliedResource(SyncOperationHelper.java:149)
	at com.mongodb.internal.operation.SyncOperationHelper.withSourceAndConnection(SyncOperationHelper.java:122)
	at com.mongodb.internal.operation.FindOperation.lambda$execute$2(FindOperation.java:310)
	at com.mongodb.internal.operation.SyncOperationHelper.lambda$decorateReadWithRetries$12(SyncOperationHelper.java:289)
	at com.mongodb.internal.async.function.RetryingSyncSupplier.get(RetryingSyncSupplier.java:67)
	at com.mongodb.internal.operation.FindOperation.execute(FindOperation.java:321)
	at com.mongodb.internal.operation.FindOperation.execute(FindOperation.java:71)
	at com.mongodb.client.internal.MongoClientDelegate$DelegateOperationExecutor.execute(MongoClientDelegate.java:153)
	at com.mongodb.client.internal.FindIterableImpl.first(FindIterableImpl.java:206)
	at org.springframework.data.mongodb.core.MongoTemplate$FindOneCallback.doInCollection(MongoTemplate.java:3048)
	at org.springframework.data.mongodb.core.MongoTemplate$FindOneCallback.doInCollection(MongoTemplate.java:3022)
	at org.springframework.data.mongodb.core.MongoTemplate.executeFindOneInternal(MongoTemplate.java:2888)
	... 250 common frames omitted
Caused by: java.net.SocketTimeoutException: Connect timed out
	at java.base/sun.nio.ch.NioSocketImpl.timedFinishConnect(NioSocketImpl.java:551)
	at java.base/sun.nio.ch.NioSocketImpl.connect(NioSocketImpl.java:602)
	at java.base/java.net.SocksSocketImpl.connect(SocksSocketImpl.java:327)
	at java.base/java.net.Socket.connect(Socket.java:633)
	at com.mongodb.internal.connection.SocketStreamHelper.initialize(SocketStreamHelper.java:76)
	at com.mongodb.internal.connection.SocketStream.initializeSocket(SocketStream.java:105)
	at com.mongodb.internal.connection.SocketStream.open(SocketStream.java:80)
	... 274 common frames omitted
2024-12-04 22:16:44.640 [main] INFO  cn.edu.xmu.javaee.core.aop.ControllerAspect - doAround: BusinessException， errno = INTERNAL_SERVER_ERR
2024-12-04 22:16:44.641 [main] DEBUG cn.edu.xmu.javaee.core.aop.ControllerAspect - doAround: jp = findAllOnlineCouponActivities, code = INTERNAL_SERVER_ERR

MockHttpServletRequest:
      HTTP Method = GET
      Request URI = /couponactivities
       Parameters = {endTime=[2027-10-10T11:11:11]}
          Headers = [Content-Type:"application/json;charset=UTF-8"]
             Body = null
    Session Attrs = {}

Handler:
             Type = cn.edu.xmu.oomall.product.controller.CouponActController
           Method = cn.edu.xmu.oomall.product.controller.CouponActController#findAllOnlineCouponActivities(Long, Long, LocalDateTime, LocalDateTime, Integer, Integer)

Async:
    Async started = false
     Async result = null

Resolved Exception:
             Type = null

ModelAndView:
        View name = null
             View = null
            Model = null

FlashMap:
       Attributes = null

MockHttpServletResponse:
           Status = 500
    Error message = null
          Headers = [Vary:"Origin", "Access-Control-Request-Method", "Access-Control-Request-Headers", Content-Type:"application/json;charset=UTF-8"]
     Content type = application/json;charset=UTF-8
             Body = {"errmsg":"Exception opening socket","errno":2}
    Forwarded URL = null
   Redirected URL = null
          Cookies = []
]]></system-out>
  </testcase>
  <testcase name="findAllOnlineCouponActivitiesTest4" classname="cn.edu.xmu.oomall.product.controller.CouponActControllerTest" time="0.571">
    <system-out><![CDATA[2024-12-04 22:16:44.801 [main] DEBUG cn.edu.xmu.javaee.core.aop.ControllerAspect - doAround: method = findAllOnlineCouponActivities, paramNames = [shopId, productId, beginTime, endTime, page, pageSize]
2024-12-04 22:16:44.801 [main] DEBUG cn.edu.xmu.javaee.core.aop.ControllerAspect - checkPageTimeLimit: paramNames[0] = shopId
2024-12-04 22:16:44.801 [main] DEBUG cn.edu.xmu.javaee.core.aop.ControllerAspect - checkPageTimeLimit: paramNames[1] = productId
2024-12-04 22:16:44.801 [main] DEBUG cn.edu.xmu.javaee.core.aop.ControllerAspect - checkPageTimeLimit: paramNames[2] = beginTime
2024-12-04 22:16:44.801 [main] DEBUG cn.edu.xmu.javaee.core.aop.ControllerAspect - checkPageTimeLimit: set beginTime to 2024-11-04T22:15:29.287147500
2024-12-04 22:16:44.802 [main] DEBUG cn.edu.xmu.javaee.core.aop.ControllerAspect - checkPageTimeLimit: paramNames[3] = endTime
2024-12-04 22:16:44.802 [main] DEBUG cn.edu.xmu.javaee.core.aop.ControllerAspect - checkPageTimeLimit: paramNames[4] = page
2024-12-04 22:16:44.802 [main] DEBUG cn.edu.xmu.javaee.core.aop.ControllerAspect - checkPageTimeLimit: set page to 1
2024-12-04 22:16:44.802 [main] DEBUG cn.edu.xmu.javaee.core.aop.ControllerAspect - checkPageTimeLimit: paramNames[5] = pageSize
2024-12-04 22:16:44.802 [main] DEBUG cn.edu.xmu.javaee.core.aop.ControllerAspect - checkPageTimeLimit: set pageSize to 10
2024-12-04 22:16:44.802 [main] DEBUG c.edu.xmu.oomall.product.dao.activity.ActivityDao - retrieveValidByShopIdAndProductId: productId = 1678
2024-12-04 22:16:44.860 [main] DEBUG c.edu.xmu.oomall.product.dao.activity.ActivityDao - retrieveValidByShopIdAndProductId: pos size = 2
2024-12-04 22:16:44.860 [main] DEBUG c.edu.xmu.oomall.product.dao.activity.ActivityDao - build: po = ActivityPo(id=10, creatorId=1, creatorName=admin, modifierId=null, modifierName=null, gmtCreate=2022-12-09T02:09:26, gmtModified=null, shopId=2, name=跨2类9折, objectId=65730218f527a2548b1977d8, actClass=couponActDao, status=1)
2024-12-04 22:16:44.861 [main] DEBUG c.edu.xmu.oomall.product.dao.activity.CouponActDao - ---getActivity: po = ActivityPo(id=10, creatorId=1, creatorName=admin, modifierId=null, modifierName=null, gmtCreate=2022-12-09T02:09:26, gmtModified=null, shopId=2, name=跨2类9折, objectId=65730218f527a2548b1977d8, actClass=couponActDao, status=1)
2024-12-04 22:16:45.002 [main] INFO  c.edu.xmu.oomall.product.config.MongoCommandLogger - Command: find
2024-12-04 22:16:45.002 [main] INFO  c.edu.xmu.oomall.product.config.MongoCommandLogger - Connection Address: mongo1:27017
2024-12-04 22:16:45.051 [main] DEBUG c.edu.xmu.oomall.product.dao.activity.CouponActDao - objid->657302634882bc534d981832:Optional[CouponActPo(objectId=657302634882bc534d981832, couponTime=null, quantity=null, quantityType=null, validTerm=null, strategy={"value":50,"couponLimitation":{"value":10000,"className":"cn.edu.xmu.oomall.product.model.strategy.impl.PriceCouponLimitation"},"className":"cn.edu.xmu.oomall.product.model.strategy.impl.CheapestPercentageDiscount"})],po.objid:65730218f527a2548b1977d8
2024-12-04 22:16:45.052 [main] DEBUG c.edu.xmu.oomall.product.dao.activity.CouponActDao - ---copy after getActivity: po = ActivityPo(id=10, creatorId=1, creatorName=admin, modifierId=null, modifierName=null, gmtCreate=2022-12-09T02:09:26, gmtModified=null, shopId=2, name=跨2类9折, objectId=65730218f527a2548b1977d8, actClass=couponActDao, status=1)
2024-12-04 22:16:45.053 [main] INFO  c.edu.xmu.oomall.product.config.MongoCommandLogger - Command: find
2024-12-04 22:16:45.053 [main] INFO  c.edu.xmu.oomall.product.config.MongoCommandLogger - Connection Address: mongo1:27017
2024-12-04 22:16:45.097 [main] DEBUG c.edu.xmu.oomall.product.dao.activity.CouponActDao - ---getActivity: ret = Optional[CouponActPo(objectId=65730218f527a2548b1977d8, couponTime=null, quantity=null, quantityType=null, validTerm=null, strategy={"value":90,"couponLimitation":{"value":2,"className":"cn.edu.xmu.oomall.product.model.strategy.impl.CrossCategoryLimitation"},"className":"cn.edu.xmu.oomall.product.model.strategy.impl.PercentageCouponDiscount"})]
2024-12-04 22:16:45.109 [main] DEBUG c.edu.xmu.oomall.product.dao.activity.CouponActDao - ---getActivity: bo = CouponAct(super=Activity(super=OOMallObject(id=10, creatorId=1, creatorName=admin, modifierId=null, modifierName=null, gmtCreate=2022-12-09T02:09:26, gmtModified=null), shopId=2, name=跨2类9折, objectId=65730218f527a2548b1977d8, actClass=couponActDao, status=1), couponTime=null, quantity=null, quantityType=null, validTerm=null, strategy=PercentageCouponDiscount())
2024-12-04 22:16:45.110 [main] DEBUG cn.edu.xmu.javaee.core.aop.DaoAspect - doAround: obj = cn.edu.xmu.oomall.product.dao.activity.CouponActDao@19291431, method = getActivity
2024-12-04 22:16:45.110 [main] DEBUG c.edu.xmu.oomall.product.dao.activity.ActivityDao - build: bo = CouponAct(super=Activity(super=OOMallObject(id=10, creatorId=1, creatorName=admin, modifierId=null, modifierName=null, gmtCreate=2022-12-09T02:09:26, gmtModified=null), shopId=2, name=跨2类9折, objectId=65730218f527a2548b1977d8, actClass=couponActDao, status=1), couponTime=null, quantity=null, quantityType=null, validTerm=null, strategy=PercentageCouponDiscount())
2024-12-04 22:16:45.110 [main] DEBUG c.edu.xmu.oomall.product.dao.activity.ActivityDao - retrieveValidByShopIdAndProductId: bo = CouponAct(super=Activity(super=OOMallObject(id=10, creatorId=1, creatorName=admin, modifierId=null, modifierName=null, gmtCreate=2022-12-09T02:09:26, gmtModified=null), shopId=2, name=跨2类9折, objectId=65730218f527a2548b1977d8, actClass=couponActDao, status=1), couponTime=null, quantity=null, quantityType=null, validTerm=null, strategy=PercentageCouponDiscount())
2024-12-04 22:16:45.110 [main] DEBUG c.edu.xmu.oomall.product.dao.activity.ActivityDao - build: po = ActivityPo(id=101, creatorId=1, creatorName=admin, modifierId=null, modifierName=null, gmtCreate=2023-12-08T12:12:50, gmtModified=null, shopId=2, name=3件满100打9折, objectId=65730693e61c0b69ba4dc049, actClass=couponActDao, status=1)
2024-12-04 22:16:45.111 [main] DEBUG c.edu.xmu.oomall.product.dao.activity.CouponActDao - ---getActivity: po = ActivityPo(id=101, creatorId=1, creatorName=admin, modifierId=null, modifierName=null, gmtCreate=2023-12-08T12:12:50, gmtModified=null, shopId=2, name=3件满100打9折, objectId=65730693e61c0b69ba4dc049, actClass=couponActDao, status=1)
2024-12-04 22:16:45.112 [main] INFO  c.edu.xmu.oomall.product.config.MongoCommandLogger - Command: find
2024-12-04 22:16:45.112 [main] INFO  c.edu.xmu.oomall.product.config.MongoCommandLogger - Connection Address: mongo1:27017
2024-12-04 22:16:45.155 [main] DEBUG c.edu.xmu.oomall.product.dao.activity.CouponActDao - objid->657302634882bc534d981832:Optional[CouponActPo(objectId=657302634882bc534d981832, couponTime=null, quantity=null, quantityType=null, validTerm=null, strategy={"value":50,"couponLimitation":{"value":10000,"className":"cn.edu.xmu.oomall.product.model.strategy.impl.PriceCouponLimitation"},"className":"cn.edu.xmu.oomall.product.model.strategy.impl.CheapestPercentageDiscount"})],po.objid:65730693e61c0b69ba4dc049
2024-12-04 22:16:45.156 [main] DEBUG c.edu.xmu.oomall.product.dao.activity.CouponActDao - ---copy after getActivity: po = ActivityPo(id=101, creatorId=1, creatorName=admin, modifierId=null, modifierName=null, gmtCreate=2023-12-08T12:12:50, gmtModified=null, shopId=2, name=3件满100打9折, objectId=65730693e61c0b69ba4dc049, actClass=couponActDao, status=1)
2024-12-04 22:16:45.157 [main] INFO  c.edu.xmu.oomall.product.config.MongoCommandLogger - Command: find
2024-12-04 22:16:45.157 [main] INFO  c.edu.xmu.oomall.product.config.MongoCommandLogger - Connection Address: mongo1:27017
2024-12-04 22:16:45.200 [main] DEBUG c.edu.xmu.oomall.product.dao.activity.CouponActDao - ---getActivity: ret = Optional[CouponActPo(objectId=65730693e61c0b69ba4dc049, couponTime=null, quantity=100, quantityType=1, validTerm=0, strategy={"value":90,"couponLimitation":{"value":0,"className":"cn.edu.xmu.oomall.product.model.strategy.impl.ComplexCouponLimitation","couponLimitationList":[{"value":3,"className":"cn.edu.xmu.oomall.product.model.strategy.impl.AmountCouponLimitation"},{"value":10000,"className":"cn.edu.xmu.oomall.product.model.strategy.impl.PriceCouponLimitation"}]},"className":"cn.edu.xmu.oomall.product.model.strategy.impl.PercentageCouponDiscount"})]
2024-12-04 22:16:45.208 [main] DEBUG c.edu.xmu.oomall.product.dao.activity.CouponActDao - ---getActivity: bo = CouponAct(super=Activity(super=OOMallObject(id=101, creatorId=1, creatorName=admin, modifierId=null, modifierName=null, gmtCreate=2023-12-08T12:12:50, gmtModified=null), shopId=2, name=3件满100打9折, objectId=65730693e61c0b69ba4dc049, actClass=couponActDao, status=1), couponTime=null, quantity=100, quantityType=1, validTerm=0, strategy=PercentageCouponDiscount())
2024-12-04 22:16:45.209 [main] DEBUG cn.edu.xmu.javaee.core.aop.DaoAspect - doAround: obj = cn.edu.xmu.oomall.product.dao.activity.CouponActDao@19291431, method = getActivity
2024-12-04 22:16:45.209 [main] DEBUG c.edu.xmu.oomall.product.dao.activity.ActivityDao - build: bo = CouponAct(super=Activity(super=OOMallObject(id=101, creatorId=1, creatorName=admin, modifierId=null, modifierName=null, gmtCreate=2023-12-08T12:12:50, gmtModified=null), shopId=2, name=3件满100打9折, objectId=65730693e61c0b69ba4dc049, actClass=couponActDao, status=1), couponTime=null, quantity=100, quantityType=1, validTerm=0, strategy=PercentageCouponDiscount())
2024-12-04 22:16:45.209 [main] DEBUG c.edu.xmu.oomall.product.dao.activity.ActivityDao - retrieveValidByShopIdAndProductId: bo = CouponAct(super=Activity(super=OOMallObject(id=101, creatorId=1, creatorName=admin, modifierId=null, modifierName=null, gmtCreate=2023-12-08T12:12:50, gmtModified=null), shopId=2, name=3件满100打9折, objectId=65730693e61c0b69ba4dc049, actClass=couponActDao, status=1), couponTime=null, quantity=100, quantityType=1, validTerm=0, strategy=PercentageCouponDiscount())
2024-12-04 22:16:45.209 [main] DEBUG cn.edu.xmu.javaee.core.aop.DaoAspect - doAround: obj = cn.edu.xmu.oomall.product.dao.activity.ActivityDao@8daaa74, method = retrieveValidByShopIdAndProductId
2024-12-04 22:16:45.210 [main] DEBUG cn.edu.xmu.javaee.core.aop.ControllerAspect - doAround: jp = findAllOnlineCouponActivities, code = OK

MockHttpServletRequest:
      HTTP Method = GET
      Request URI = /couponactivities
       Parameters = {endTime=[2027-10-10T11:11:11], productId=[1678]}
          Headers = [Content-Type:"application/json;charset=UTF-8"]
             Body = null
    Session Attrs = {}

Handler:
             Type = cn.edu.xmu.oomall.product.controller.CouponActController
           Method = cn.edu.xmu.oomall.product.controller.CouponActController#findAllOnlineCouponActivities(Long, Long, LocalDateTime, LocalDateTime, Integer, Integer)

Async:
    Async started = false
     Async result = null

Resolved Exception:
             Type = null

ModelAndView:
        View name = null
             View = null
            Model = null

FlashMap:
       Attributes = null

MockHttpServletResponse:
           Status = 200
    Error message = null
          Headers = [Vary:"Origin", "Access-Control-Request-Method", "Access-Control-Request-Headers", Content-Type:"application/json;charset=UTF-8"]
     Content type = application/json;charset=UTF-8
             Body = {"errmsg":"成功","data":{"list":[{"id":10,"name":"跨2类9折"},{"id":101,"name":"3件满100打9折","quantity":100}],"page":1,"pageSize":10},"errno":0}
    Forwarded URL = null
   Redirected URL = null
          Cookies = []
]]></system-out>
  </testcase>
  <testcase name="findCouponActByIdTest1" classname="cn.edu.xmu.oomall.product.controller.CouponActControllerTest" time="0.288">
    <system-out><![CDATA[2024-12-04 22:16:45.357 [main] DEBUG cn.edu.xmu.javaee.core.aop.ControllerAspect - doAround: method = findCouponActById, paramNames = [id]
2024-12-04 22:16:45.357 [main] DEBUG cn.edu.xmu.javaee.core.aop.ControllerAspect - checkPageTimeLimit: paramNames[0] = id
2024-12-04 22:16:45.404 [main] DEBUG c.edu.xmu.oomall.product.dao.activity.ActivityDao - build: po = ActivityPo(id=11, creatorId=1, creatorName=admin, modifierId=null, modifierName=null, gmtCreate=2022-12-28T15:40:45, gmtModified=null, shopId=7, name=跨2类最便宜的打5折, objectId=657302321a75f773e8ea8156, actClass=couponActDao, status=1)
2024-12-04 22:16:45.404 [main] DEBUG c.edu.xmu.oomall.product.dao.activity.CouponActDao - ---getActivity: po = ActivityPo(id=11, creatorId=1, creatorName=admin, modifierId=null, modifierName=null, gmtCreate=2022-12-28T15:40:45, gmtModified=null, shopId=7, name=跨2类最便宜的打5折, objectId=657302321a75f773e8ea8156, actClass=couponActDao, status=1)
2024-12-04 22:16:45.405 [main] INFO  c.edu.xmu.oomall.product.config.MongoCommandLogger - Command: find
2024-12-04 22:16:45.405 [main] INFO  c.edu.xmu.oomall.product.config.MongoCommandLogger - Connection Address: mongo1:27017
2024-12-04 22:16:45.448 [main] DEBUG c.edu.xmu.oomall.product.dao.activity.CouponActDao - objid->657302634882bc534d981832:Optional[CouponActPo(objectId=657302634882bc534d981832, couponTime=null, quantity=null, quantityType=null, validTerm=null, strategy={"value":50,"couponLimitation":{"value":10000,"className":"cn.edu.xmu.oomall.product.model.strategy.impl.PriceCouponLimitation"},"className":"cn.edu.xmu.oomall.product.model.strategy.impl.CheapestPercentageDiscount"})],po.objid:657302321a75f773e8ea8156
2024-12-04 22:16:45.448 [main] DEBUG c.edu.xmu.oomall.product.dao.activity.CouponActDao - ---copy after getActivity: po = ActivityPo(id=11, creatorId=1, creatorName=admin, modifierId=null, modifierName=null, gmtCreate=2022-12-28T15:40:45, gmtModified=null, shopId=7, name=跨2类最便宜的打5折, objectId=657302321a75f773e8ea8156, actClass=couponActDao, status=1)
2024-12-04 22:16:45.449 [main] INFO  c.edu.xmu.oomall.product.config.MongoCommandLogger - Command: find
2024-12-04 22:16:45.450 [main] INFO  c.edu.xmu.oomall.product.config.MongoCommandLogger - Connection Address: mongo1:27017
2024-12-04 22:16:45.492 [main] DEBUG c.edu.xmu.oomall.product.dao.activity.CouponActDao - ---getActivity: ret = Optional[CouponActPo(objectId=657302321a75f773e8ea8156, couponTime=null, quantity=null, quantityType=null, validTerm=null, strategy={"value":50,"couponLimitation":{"value":2,"className":"cn.edu.xmu.oomall.product.model.strategy.impl.CrossCategoryLimitation"},"className":"cn.edu.xmu.oomall.product.model.strategy.impl.CheapestPercentageDiscount"})]
2024-12-04 22:16:45.497 [main] DEBUG c.edu.xmu.oomall.product.dao.activity.CouponActDao - ---getActivity: bo = CouponAct(super=Activity(super=OOMallObject(id=11, creatorId=1, creatorName=admin, modifierId=null, modifierName=null, gmtCreate=2022-12-28T15:40:45, gmtModified=null), shopId=7, name=跨2类最便宜的打5折, objectId=657302321a75f773e8ea8156, actClass=couponActDao, status=1), couponTime=null, quantity=null, quantityType=null, validTerm=null, strategy=CheapestPercentageDiscount())
2024-12-04 22:16:45.498 [main] DEBUG cn.edu.xmu.javaee.core.aop.DaoAspect - doAround: obj = cn.edu.xmu.oomall.product.dao.activity.CouponActDao@19291431, method = getActivity
2024-12-04 22:16:45.498 [main] DEBUG c.edu.xmu.oomall.product.dao.activity.ActivityDao - build: bo = CouponAct(super=Activity(super=OOMallObject(id=11, creatorId=1, creatorName=admin, modifierId=null, modifierName=null, gmtCreate=2022-12-28T15:40:45, gmtModified=null), shopId=7, name=跨2类最便宜的打5折, objectId=657302321a75f773e8ea8156, actClass=couponActDao, status=1), couponTime=null, quantity=null, quantityType=null, validTerm=null, strategy=CheapestPercentageDiscount())
2024-12-04 22:16:45.498 [main] DEBUG cn.edu.xmu.javaee.core.aop.DaoAspect - doAround: obj = cn.edu.xmu.oomall.product.dao.activity.ActivityDao@8daaa74, method = findById
2024-12-04 22:16:45.500 [main] DEBUG cn.edu.xmu.javaee.core.aop.ControllerAspect - doAround: jp = findCouponActById, code = OK
]]></system-out>
  </testcase>
  <testcase name="cacuCouponTest" classname="cn.edu.xmu.oomall.product.controller.CouponActControllerTest" time="0.526">
    <system-out><![CDATA[2024-12-04 22:16:45.661 [main] DEBUG cn.edu.xmu.javaee.core.aop.ControllerAspect - doAround: method = cacuCoupon, paramNames = [id, orderInfoDtoList]
2024-12-04 22:16:45.661 [main] DEBUG cn.edu.xmu.javaee.core.aop.ControllerAspect - checkPageTimeLimit: paramNames[0] = id
2024-12-04 22:16:45.661 [main] DEBUG cn.edu.xmu.javaee.core.aop.ControllerAspect - checkPageTimeLimit: paramNames[1] = orderInfoDtoList
2024-12-04 22:16:45.712 [main] DEBUG c.edu.xmu.oomall.product.dao.activity.ActivityDao - build: po = ActivityPo(id=5, creatorId=1, creatorName=admin, modifierId=null, modifierName=null, gmtCreate=2022-12-09T02:09:26, gmtModified=null, shopId=2, name=满3件最便宜的5折, objectId=657300a17077a872bd9852fe, actClass=couponActDao, status=1)
2024-12-04 22:16:45.713 [main] DEBUG c.edu.xmu.oomall.product.dao.activity.CouponActDao - ---getActivity: po = ActivityPo(id=5, creatorId=1, creatorName=admin, modifierId=null, modifierName=null, gmtCreate=2022-12-09T02:09:26, gmtModified=null, shopId=2, name=满3件最便宜的5折, objectId=657300a17077a872bd9852fe, actClass=couponActDao, status=1)
2024-12-04 22:16:45.714 [main] INFO  c.edu.xmu.oomall.product.config.MongoCommandLogger - Command: find
2024-12-04 22:16:45.714 [main] INFO  c.edu.xmu.oomall.product.config.MongoCommandLogger - Connection Address: mongo1:27017
2024-12-04 22:16:45.761 [main] DEBUG c.edu.xmu.oomall.product.dao.activity.CouponActDao - objid->657302634882bc534d981832:Optional[CouponActPo(objectId=657302634882bc534d981832, couponTime=null, quantity=null, quantityType=null, validTerm=null, strategy={"value":50,"couponLimitation":{"value":10000,"className":"cn.edu.xmu.oomall.product.model.strategy.impl.PriceCouponLimitation"},"className":"cn.edu.xmu.oomall.product.model.strategy.impl.CheapestPercentageDiscount"})],po.objid:657300a17077a872bd9852fe
2024-12-04 22:16:45.762 [main] DEBUG c.edu.xmu.oomall.product.dao.activity.CouponActDao - ---copy after getActivity: po = ActivityPo(id=5, creatorId=1, creatorName=admin, modifierId=null, modifierName=null, gmtCreate=2022-12-09T02:09:26, gmtModified=null, shopId=2, name=满3件最便宜的5折, objectId=657300a17077a872bd9852fe, actClass=couponActDao, status=1)
2024-12-04 22:16:45.763 [main] INFO  c.edu.xmu.oomall.product.config.MongoCommandLogger - Command: find
2024-12-04 22:16:45.763 [main] INFO  c.edu.xmu.oomall.product.config.MongoCommandLogger - Connection Address: mongo1:27017
2024-12-04 22:16:45.808 [main] DEBUG c.edu.xmu.oomall.product.dao.activity.CouponActDao - ---getActivity: ret = Optional[CouponActPo(objectId=657300a17077a872bd9852fe, couponTime=null, quantity=null, quantityType=null, validTerm=null, strategy={"value":50,"couponLimitation":{"value":3,"className":"cn.edu.xmu.oomall.product.model.strategy.impl.AmountCouponLimitation"},"className":"cn.edu.xmu.oomall.product.model.strategy.impl.CheapestPercentageDiscount"})]
2024-12-04 22:16:45.816 [main] DEBUG c.edu.xmu.oomall.product.dao.activity.CouponActDao - ---getActivity: bo = CouponAct(super=Activity(super=OOMallObject(id=5, creatorId=1, creatorName=admin, modifierId=null, modifierName=null, gmtCreate=2022-12-09T02:09:26, gmtModified=null), shopId=2, name=满3件最便宜的5折, objectId=657300a17077a872bd9852fe, actClass=couponActDao, status=1), couponTime=null, quantity=null, quantityType=null, validTerm=null, strategy=CheapestPercentageDiscount())
2024-12-04 22:16:45.816 [main] DEBUG cn.edu.xmu.javaee.core.aop.DaoAspect - doAround: obj = cn.edu.xmu.oomall.product.dao.activity.CouponActDao@19291431, method = getActivity
2024-12-04 22:16:45.817 [main] DEBUG c.edu.xmu.oomall.product.dao.activity.ActivityDao - build: bo = CouponAct(super=Activity(super=OOMallObject(id=5, creatorId=1, creatorName=admin, modifierId=null, modifierName=null, gmtCreate=2022-12-09T02:09:26, gmtModified=null), shopId=2, name=满3件最便宜的5折, objectId=657300a17077a872bd9852fe, actClass=couponActDao, status=1), couponTime=null, quantity=null, quantityType=null, validTerm=null, strategy=CheapestPercentageDiscount())
2024-12-04 22:16:45.817 [main] DEBUG cn.edu.xmu.javaee.core.aop.DaoAspect - doAround: obj = cn.edu.xmu.oomall.product.dao.activity.ActivityDao@8daaa74, method = findById
2024-12-04 22:16:45.817 [main] DEBUG cn.edu.xmu.oomall.product.dao.onsale.OnSaleDao - findById: id =1
2024-12-04 22:16:45.857 [cluster-ClusterId{value='6750640706b2de2102d0963a', description='null'}-mongo1:27017] INFO  org.mongodb.driver.cluster - Rediscovering type of existing primary mongo2:27017
2024-12-04 22:16:45.857 [cluster-ClusterId{value='6750640706b2de2102d0963a', description='null'}-mongo1:27017] INFO  org.mongodb.driver.cluster - Discovered replica set primary mongo1:27017 with max election id 7fffffff00000000000000f7 and max set version 1
2024-12-04 22:16:45.866 [main] DEBUG cn.edu.xmu.javaee.core.aop.DaoAspect - doAround: obj = cn.edu.xmu.oomall.product.dao.onsale.OnSaleDao@7bf1fd45, method = findById
2024-12-04 22:16:45.866 [main] DEBUG cn.edu.xmu.oomall.product.dao.ProductDao - findOnsaleById: id = 1
2024-12-04 22:16:45.887 [cluster-ClusterId{value='6750640706b2de2102d0963a', description='null'}-mongo2:27017] INFO  org.mongodb.driver.cluster - Rediscovering type of existing primary mongo1:27017
2024-12-04 22:16:45.892 [cluster-ClusterId{value='6750640706b2de2102d0963a', description='null'}-mongo2:27017] INFO  org.mongodb.driver.cluster - Discovered replica set primary mongo2:27017 with max election id 7fffffff00000000000000f7 and max set version 1
2024-12-04 22:16:45.892 [cluster-ClusterId{value='6750640706b2de2102d0963a', description='null'}-mongo3:27017] INFO  org.mongodb.driver.cluster - Rediscovering type of existing primary mongo2:27017
2024-12-04 22:16:45.893 [cluster-ClusterId{value='6750640706b2de2102d0963a', description='null'}-mongo3:27017] INFO  org.mongodb.driver.cluster - Discovered replica set primary mongo3:27017 with max election id 7fffffff00000000000000f7 and max set version 1
2024-12-04 22:16:45.915 [main] DEBUG cn.edu.xmu.javaee.core.aop.DaoAspect - doAround: obj = cn.edu.xmu.oomall.product.dao.ProductDao@2c14ec2, method = findByOnsale
2024-12-04 22:16:45.915 [main] DEBUG cn.edu.xmu.oomall.product.dao.bo.Product - getValidOnsale: onsaleExecutor = cn.edu.xmu.oomall.product.dao.onsale.SpecOnSaleExecutor@d2cd457
2024-12-04 22:16:45.915 [main] DEBUG c.e.x.oomall.product.dao.onsale.SpecOnSaleExecutor - execute: onsaleId = 1
2024-12-04 22:16:45.915 [main] DEBUG cn.edu.xmu.oomall.product.dao.onsale.OnSaleDao - findById: id =1
2024-12-04 22:16:45.916 [main] DEBUG cn.edu.xmu.javaee.core.aop.DaoAspect - doAround: obj = cn.edu.xmu.oomall.product.dao.onsale.OnSaleDao@7bf1fd45, method = findById
2024-12-04 22:16:45.916 [main] DEBUG cn.edu.xmu.oomall.product.dao.bo.Product - getValidOnsale: validOnsale = OnSale(super=OOMallObject(id=1, creatorId=1, creatorName=admin, modifierId=null, modifierName=null, gmtCreate=2021-11-11T14:38:20, gmtModified=null), price=53295, beginTime=2021-11-11T14:38:20, endTime=2029-02-19T14:38:20, quantity=2000, maxQuantity=50, shopId=10, productId=1550, type=0, deposit=0, payTime=null)
2024-12-04 22:16:45.917 [main] DEBUG cn.edu.xmu.oomall.product.dao.bo.Product - getValidOnsale: validOnsale = OnSale(super=OOMallObject(id=1, creatorId=1, creatorName=admin, modifierId=null, modifierName=null, gmtCreate=2021-11-11T14:38:20, gmtModified=null), price=53295, beginTime=2021-11-11T14:38:20, endTime=2029-02-19T14:38:20, quantity=2000, maxQuantity=50, shopId=10, productId=1550, type=0, deposit=0, payTime=null)
2024-12-04 22:16:45.917 [main] DEBUG cn.edu.xmu.oomall.product.dao.onsale.OnSaleDao - findById: id =2
2024-12-04 22:16:45.964 [main] DEBUG cn.edu.xmu.javaee.core.aop.DaoAspect - doAround: obj = cn.edu.xmu.oomall.product.dao.onsale.OnSaleDao@7bf1fd45, method = findById
2024-12-04 22:16:45.964 [main] DEBUG cn.edu.xmu.oomall.product.dao.ProductDao - findOnsaleById: id = 2
2024-12-04 22:16:46.010 [main] DEBUG cn.edu.xmu.javaee.core.aop.DaoAspect - doAround: obj = cn.edu.xmu.oomall.product.dao.ProductDao@2c14ec2, method = findByOnsale
2024-12-04 22:16:46.010 [main] DEBUG cn.edu.xmu.oomall.product.dao.bo.Product - getValidOnsale: onsaleExecutor = cn.edu.xmu.oomall.product.dao.onsale.SpecOnSaleExecutor@68b1cb92
2024-12-04 22:16:46.010 [main] DEBUG c.e.x.oomall.product.dao.onsale.SpecOnSaleExecutor - execute: onsaleId = 2
2024-12-04 22:16:46.010 [main] DEBUG cn.edu.xmu.oomall.product.dao.onsale.OnSaleDao - findById: id =2
2024-12-04 22:16:46.011 [main] DEBUG cn.edu.xmu.javaee.core.aop.DaoAspect - doAround: obj = cn.edu.xmu.oomall.product.dao.onsale.OnSaleDao@7bf1fd45, method = findById
2024-12-04 22:16:46.011 [main] DEBUG cn.edu.xmu.oomall.product.dao.bo.Product - getValidOnsale: validOnsale = OnSale(super=OOMallObject(id=2, creatorId=1, creatorName=admin, modifierId=null, modifierName=null, gmtCreate=2021-11-11T14:38:20, gmtModified=null), price=473, beginTime=2021-11-11T14:38:20, endTime=2029-02-19T14:38:20, quantity=97, maxQuantity=50, shopId=3, productId=1551, type=3, deposit=0, payTime=null)
2024-12-04 22:16:46.011 [main] DEBUG cn.edu.xmu.oomall.product.dao.bo.Product - getValidOnsale: validOnsale = OnSale(super=OOMallObject(id=2, creatorId=1, creatorName=admin, modifierId=null, modifierName=null, gmtCreate=2021-11-11T14:38:20, gmtModified=null), price=473, beginTime=2021-11-11T14:38:20, endTime=2029-02-19T14:38:20, quantity=97, maxQuantity=50, shopId=3, productId=1551, type=3, deposit=0, payTime=null)
2024-12-04 22:16:46.011 [main] DEBUG cn.edu.xmu.javaee.core.aop.ControllerAspect - doAround: jp = cacuCoupon, code = OK
]]></system-out>
  </testcase>
  <testcase name="findCouponActProductByIdTest1" classname="cn.edu.xmu.oomall.product.controller.CouponActControllerTest" time="0.402">
    <system-out><![CDATA[2024-12-04 22:16:46.172 [main] DEBUG cn.edu.xmu.javaee.core.aop.ControllerAspect - doAround: method = findCouponActProductById, paramNames = [id, page, pageSize]
2024-12-04 22:16:46.172 [main] DEBUG cn.edu.xmu.javaee.core.aop.ControllerAspect - checkPageTimeLimit: paramNames[0] = id
2024-12-04 22:16:46.172 [main] DEBUG cn.edu.xmu.javaee.core.aop.ControllerAspect - checkPageTimeLimit: paramNames[1] = page
2024-12-04 22:16:46.172 [main] DEBUG cn.edu.xmu.javaee.core.aop.ControllerAspect - checkPageTimeLimit: set page to 1
2024-12-04 22:16:46.172 [main] DEBUG cn.edu.xmu.javaee.core.aop.ControllerAspect - checkPageTimeLimit: paramNames[2] = pageSize
2024-12-04 22:16:46.172 [main] DEBUG cn.edu.xmu.javaee.core.aop.ControllerAspect - checkPageTimeLimit: set pageSize to 10
2024-12-04 22:16:46.222 [main] DEBUG c.edu.xmu.oomall.product.dao.activity.ActivityDao - build: po = ActivityPo(id=11, creatorId=1, creatorName=admin, modifierId=null, modifierName=null, gmtCreate=2022-12-28T15:40:45, gmtModified=null, shopId=7, name=跨2类最便宜的打5折, objectId=657302321a75f773e8ea8156, actClass=couponActDao, status=1)
2024-12-04 22:16:46.222 [main] DEBUG c.edu.xmu.oomall.product.dao.activity.CouponActDao - ---getActivity: po = ActivityPo(id=11, creatorId=1, creatorName=admin, modifierId=null, modifierName=null, gmtCreate=2022-12-28T15:40:45, gmtModified=null, shopId=7, name=跨2类最便宜的打5折, objectId=657302321a75f773e8ea8156, actClass=couponActDao, status=1)
2024-12-04 22:16:46.223 [main] INFO  c.edu.xmu.oomall.product.config.MongoCommandLogger - Command: find
2024-12-04 22:16:46.223 [main] INFO  c.edu.xmu.oomall.product.config.MongoCommandLogger - Connection Address: mongo1:27017
2024-12-04 22:16:46.270 [main] DEBUG c.edu.xmu.oomall.product.dao.activity.CouponActDao - objid->657302634882bc534d981832:Optional[CouponActPo(objectId=657302634882bc534d981832, couponTime=null, quantity=null, quantityType=null, validTerm=null, strategy={"value":50,"couponLimitation":{"value":10000,"className":"cn.edu.xmu.oomall.product.model.strategy.impl.PriceCouponLimitation"},"className":"cn.edu.xmu.oomall.product.model.strategy.impl.CheapestPercentageDiscount"})],po.objid:657302321a75f773e8ea8156
2024-12-04 22:16:46.270 [main] DEBUG c.edu.xmu.oomall.product.dao.activity.CouponActDao - ---copy after getActivity: po = ActivityPo(id=11, creatorId=1, creatorName=admin, modifierId=null, modifierName=null, gmtCreate=2022-12-28T15:40:45, gmtModified=null, shopId=7, name=跨2类最便宜的打5折, objectId=657302321a75f773e8ea8156, actClass=couponActDao, status=1)
2024-12-04 22:16:46.271 [main] INFO  c.edu.xmu.oomall.product.config.MongoCommandLogger - Command: find
2024-12-04 22:16:46.271 [main] INFO  c.edu.xmu.oomall.product.config.MongoCommandLogger - Connection Address: mongo1:27017
2024-12-04 22:16:46.317 [main] DEBUG c.edu.xmu.oomall.product.dao.activity.CouponActDao - ---getActivity: ret = Optional[CouponActPo(objectId=657302321a75f773e8ea8156, couponTime=null, quantity=null, quantityType=null, validTerm=null, strategy={"value":50,"couponLimitation":{"value":2,"className":"cn.edu.xmu.oomall.product.model.strategy.impl.CrossCategoryLimitation"},"className":"cn.edu.xmu.oomall.product.model.strategy.impl.CheapestPercentageDiscount"})]
2024-12-04 22:16:46.318 [main] DEBUG c.edu.xmu.oomall.product.dao.activity.CouponActDao - ---getActivity: bo = CouponAct(super=Activity(super=OOMallObject(id=11, creatorId=1, creatorName=admin, modifierId=null, modifierName=null, gmtCreate=2022-12-28T15:40:45, gmtModified=null), shopId=7, name=跨2类最便宜的打5折, objectId=657302321a75f773e8ea8156, actClass=couponActDao, status=1), couponTime=null, quantity=null, quantityType=null, validTerm=null, strategy=CheapestPercentageDiscount())
2024-12-04 22:16:46.319 [main] DEBUG cn.edu.xmu.javaee.core.aop.DaoAspect - doAround: obj = cn.edu.xmu.oomall.product.dao.activity.CouponActDao@19291431, method = getActivity
2024-12-04 22:16:46.319 [main] DEBUG c.edu.xmu.oomall.product.dao.activity.ActivityDao - build: bo = CouponAct(super=Activity(super=OOMallObject(id=11, creatorId=1, creatorName=admin, modifierId=null, modifierName=null, gmtCreate=2022-12-28T15:40:45, gmtModified=null), shopId=7, name=跨2类最便宜的打5折, objectId=657302321a75f773e8ea8156, actClass=couponActDao, status=1), couponTime=null, quantity=null, quantityType=null, validTerm=null, strategy=CheapestPercentageDiscount())
2024-12-04 22:16:46.319 [main] DEBUG cn.edu.xmu.javaee.core.aop.DaoAspect - doAround: obj = cn.edu.xmu.oomall.product.dao.activity.ActivityDao@8daaa74, method = findById
2024-12-04 22:16:46.319 [main] DEBUG cn.edu.xmu.oomall.product.dao.onsale.OnSaleDao - retrieveByActId: actId = 11, page = 1, pageSize = 1000
2024-12-04 22:16:46.372 [main] DEBUG cn.edu.xmu.javaee.core.aop.DaoAspect - doAround: obj = cn.edu.xmu.oomall.product.dao.onsale.OnSaleDao@7bf1fd45, method = retrieveByActId
2024-12-04 22:16:46.372 [main] DEBUG cn.edu.xmu.oomall.product.dao.bo.Activity - getOnsaleList: onsaleList = [OnSale(super=OOMallObject(id=113, creatorId=1, creatorName=admin, modifierId=null, modifierName=null, gmtCreate=2021-11-11T14:38:20, gmtModified=null), price=91586, beginTime=2021-11-11T14:38:20, endTime=2027-02-19T14:38:20, quantity=76, maxQuantity=50, shopId=7, productId=1662, type=0, deposit=0, payTime=null)]
2024-12-04 22:16:46.373 [main] DEBUG cn.edu.xmu.oomall.product.dao.ProductDao - findOnsaleById: id = 113
2024-12-04 22:16:46.424 [main] DEBUG cn.edu.xmu.javaee.core.aop.DaoAspect - doAround: obj = cn.edu.xmu.oomall.product.dao.ProductDao@2c14ec2, method = findByOnsale
2024-12-04 22:16:46.426 [main] DEBUG cn.edu.xmu.oomall.product.dao.bo.Product - getValidOnsale: onsaleExecutor = cn.edu.xmu.oomall.product.dao.onsale.SpecOnSaleExecutor@2bbaaa7e
2024-12-04 22:16:46.426 [main] DEBUG c.e.x.oomall.product.dao.onsale.SpecOnSaleExecutor - execute: onsaleId = 113
2024-12-04 22:16:46.426 [main] DEBUG cn.edu.xmu.oomall.product.dao.onsale.OnSaleDao - findById: id =113
2024-12-04 22:16:46.427 [main] DEBUG cn.edu.xmu.javaee.core.aop.DaoAspect - doAround: obj = cn.edu.xmu.oomall.product.dao.onsale.OnSaleDao@7bf1fd45, method = findById
2024-12-04 22:16:46.427 [main] DEBUG cn.edu.xmu.oomall.product.dao.bo.Product - getValidOnsale: validOnsale = OnSale(super=OOMallObject(id=113, creatorId=1, creatorName=admin, modifierId=null, modifierName=null, gmtCreate=2021-11-11T14:38:20, gmtModified=null), price=91586, beginTime=2021-11-11T14:38:20, endTime=2027-02-19T14:38:20, quantity=76, maxQuantity=50, shopId=7, productId=1662, type=0, deposit=0, payTime=null)
2024-12-04 22:16:46.428 [main] DEBUG cn.edu.xmu.oomall.product.dao.bo.Product - getValidOnsale: validOnsale = OnSale(super=OOMallObject(id=113, creatorId=1, creatorName=admin, modifierId=null, modifierName=null, gmtCreate=2021-11-11T14:38:20, gmtModified=null), price=91586, beginTime=2021-11-11T14:38:20, endTime=2027-02-19T14:38:20, quantity=76, maxQuantity=50, shopId=7, productId=1662, type=0, deposit=0, payTime=null)
2024-12-04 22:16:46.428 [main] DEBUG cn.edu.xmu.oomall.product.dao.bo.Product - getStatus: id =1662
2024-12-04 22:16:46.428 [main] DEBUG cn.edu.xmu.oomall.product.dao.bo.Product - getValidOnsale: validOnsale = OnSale(super=OOMallObject(id=113, creatorId=1, creatorName=admin, modifierId=null, modifierName=null, gmtCreate=2021-11-11T14:38:20, gmtModified=null), price=91586, beginTime=2021-11-11T14:38:20, endTime=2027-02-19T14:38:20, quantity=76, maxQuantity=50, shopId=7, productId=1662, type=0, deposit=0, payTime=null)
2024-12-04 22:16:46.428 [main] DEBUG cn.edu.xmu.oomall.product.dao.bo.Product - getValidOnsale: validOnsale = OnSale(super=OOMallObject(id=113, creatorId=1, creatorName=admin, modifierId=null, modifierName=null, gmtCreate=2021-11-11T14:38:20, gmtModified=null), price=91586, beginTime=2021-11-11T14:38:20, endTime=2027-02-19T14:38:20, quantity=76, maxQuantity=50, shopId=7, productId=1662, type=0, deposit=0, payTime=null)
2024-12-04 22:16:46.428 [main] DEBUG cn.edu.xmu.oomall.product.dao.bo.Product - getValidOnsale: validOnsale = OnSale(super=OOMallObject(id=113, creatorId=1, creatorName=admin, modifierId=null, modifierName=null, gmtCreate=2021-11-11T14:38:20, gmtModified=null), price=91586, beginTime=2021-11-11T14:38:20, endTime=2027-02-19T14:38:20, quantity=76, maxQuantity=50, shopId=7, productId=1662, type=0, deposit=0, payTime=null)
2024-12-04 22:16:46.428 [main] DEBUG cn.edu.xmu.oomall.product.dao.bo.Product - getValidOnsale: validOnsale = OnSale(super=OOMallObject(id=113, creatorId=1, creatorName=admin, modifierId=null, modifierName=null, gmtCreate=2021-11-11T14:38:20, gmtModified=null), price=91586, beginTime=2021-11-11T14:38:20, endTime=2027-02-19T14:38:20, quantity=76, maxQuantity=50, shopId=7, productId=1662, type=0, deposit=0, payTime=null)
2024-12-04 22:16:46.428 [main] DEBUG cn.edu.xmu.javaee.core.aop.ControllerAspect - doAround: jp = findCouponActProductById, code = OK
2024-12-04 22:16:46.464 [cluster-ClusterId{value='675063e906b2de2102d09638', description='null'}-mongo2:27017] INFO  org.mongodb.driver.cluster - Rediscovering type of existing primary mongo1:27017
2024-12-04 22:16:46.465 [cluster-ClusterId{value='675063e906b2de2102d09638', description='null'}-mongo2:27017] INFO  org.mongodb.driver.cluster - Discovered replica set primary mongo2:27017 with max election id 7fffffff00000000000000f7 and max set version 1
]]></system-out>
  </testcase>
</testsuite>