<?xml version="1.0" encoding="UTF-8"?>
<testsuite xmlns:xsi="http://www.w3.org/2001/XMLSchema-instance" xsi:noNamespaceSchemaLocation="https://maven.apache.org/surefire/maven-surefire-plugin/xsd/surefire-test-report-3.0.xsd" version="3.0" name="cn.edu.xmu.oomall.product.controller.UnAuthorizedController2Test" time="3.837" tests="8" errors="0" skipped="0" failures="1">
  <properties>
    <property name="java.specification.version" value="17"/>
    <property name="sun.cpu.isalist" value="amd64"/>
    <property name="sun.jnu.encoding" value="GBK"/>
    <property name="java.class.path" value="D:\JAVA\oomall-2023-1\product\target\test-classes;D:\JAVA\oomall-2023-1\product\target\classes;C:\Users\刘智文\.m2\repository\cn\edu\xmu\javaee\core\0.0.3-SNAPSHOT\core-0.0.3-SNAPSHOT.jar;C:\Users\刘智文\.m2\repository\com\auth0\java-jwt\4.4.0\java-jwt-4.4.0.jar;C:\Users\刘智文\.m2\repository\com\fasterxml\jackson\core\jackson-databind\2.17.3\jackson-databind-2.17.3.jar;C:\Users\刘智文\.m2\repository\com\fasterxml\jackson\core\jackson-annotations\2.17.3\jackson-annotations-2.17.3.jar;C:\Users\刘智文\.m2\repository\com\github\pagehelper\pagehelper-spring-boot-starter\2.1.0\pagehelper-spring-boot-starter-2.1.0.jar;C:\Users\刘智文\.m2\repository\org\mybatis\spring\boot\mybatis-spring-boot-starter\3.0.3\mybatis-spring-boot-starter-3.0.3.jar;C:\Users\刘智文\.m2\repository\org\mybatis\spring\boot\mybatis-spring-boot-autoconfigure\3.0.3\mybatis-spring-boot-autoconfigure-3.0.3.jar;C:\Users\刘智文\.m2\repository\org\mybatis\mybatis\3.5.14\mybatis-3.5.14.jar;C:\Users\刘智文\.m2\repository\org\mybatis\mybatis-spring\3.0.3\mybatis-spring-3.0.3.jar;C:\Users\刘智文\.m2\repository\com\github\pagehelper\pagehelper-spring-boot-autoconfigure\2.1.0\pagehelper-spring-boot-autoconfigure-2.1.0.jar;C:\Users\刘智文\.m2\repository\com\github\pagehelper\pagehelper\6.1.0\pagehelper-6.1.0.jar;C:\Users\刘智文\.m2\repository\com\github\jsqlparser\jsqlparser\4.7\jsqlparser-4.7.jar;C:\Users\刘智文\.m2\repository\org\springframework\cloud\spring-cloud-starter-loadbalancer\4.1.5\spring-cloud-starter-loadbalancer-4.1.5.jar;C:\Users\刘智文\.m2\repository\org\springframework\cloud\spring-cloud-loadbalancer\4.1.5\spring-cloud-loadbalancer-4.1.5.jar;C:\Users\刘智文\.m2\repository\io\projectreactor\addons\reactor-extra\3.5.2\reactor-extra-3.5.2.jar;C:\Users\刘智文\.m2\repository\org\springframework\boot\spring-boot-starter-cache\3.3.6\spring-boot-starter-cache-3.3.6.jar;C:\Users\刘智文\.m2\repository\com\stoyanr\evictor\1.0.0\evictor-1.0.0.jar;C:\Users\刘智文\.m2\repository\com\squareup\javapoet\1.13.0\javapoet-1.13.0.jar;C:\Users\刘智文\.m2\repository\com\google\auto\service\auto-service\1.0.1\auto-service-1.0.1.jar;C:\Users\刘智文\.m2\repository\com\google\auto\service\auto-service-annotations\1.0.1\auto-service-annotations-1.0.1.jar;C:\Users\刘智文\.m2\repository\com\google\auto\auto-common\1.2\auto-common-1.2.jar;C:\Users\刘智文\.m2\repository\com\google\guava\guava\31.0.1-jre\guava-31.0.1-jre.jar;C:\Users\刘智文\.m2\repository\com\google\guava\failureaccess\1.0.1\failureaccess-1.0.1.jar;C:\Users\刘智文\.m2\repository\com\google\guava\listenablefuture\9999.0-empty-to-avoid-conflict-with-guava\listenablefuture-9999.0-empty-to-avoid-conflict-with-guava.jar;C:\Users\刘智文\.m2\repository\com\google\code\findbugs\jsr305\3.0.2\jsr305-3.0.2.jar;C:\Users\刘智文\.m2\repository\org\checkerframework\checker-qual\3.12.0\checker-qual-3.12.0.jar;C:\Users\刘智文\.m2\repository\com\google\errorprone\error_prone_annotations\2.7.1\error_prone_annotations-2.7.1.jar;C:\Users\刘智文\.m2\repository\com\google\j2objc\j2objc-annotations\1.3\j2objc-annotations-1.3.jar;C:\Users\刘智文\.m2\repository\org\springframework\boot\spring-boot-starter-web\3.3.6\spring-boot-starter-web-3.3.6.jar;C:\Users\刘智文\.m2\repository\org\springframework\boot\spring-boot-starter\3.3.6\spring-boot-starter-3.3.6.jar;C:\Users\刘智文\.m2\repository\org\springframework\boot\spring-boot\3.3.6\spring-boot-3.3.6.jar;C:\Users\刘智文\.m2\repository\org\springframework\boot\spring-boot-starter-logging\3.3.6\spring-boot-starter-logging-3.3.6.jar;C:\Users\刘智文\.m2\repository\ch\qos\logback\logback-classic\1.5.12\logback-classic-1.5.12.jar;C:\Users\刘智文\.m2\repository\ch\qos\logback\logback-core\1.5.12\logback-core-1.5.12.jar;C:\Users\刘智文\.m2\repository\org\apache\logging\log4j\log4j-to-slf4j\2.23.1\log4j-to-slf4j-2.23.1.jar;C:\Users\刘智文\.m2\repository\org\apache\logging\log4j\log4j-api\2.23.1\log4j-api-2.23.1.jar;C:\Users\刘智文\.m2\repository\org\slf4j\jul-to-slf4j\2.0.16\jul-to-slf4j-2.0.16.jar;C:\Users\刘智文\.m2\repository\org\yaml\snakeyaml\2.2\snakeyaml-2.2.jar;C:\Users\刘智文\.m2\repository\org\springframework\boot\spring-boot-starter-json\3.3.6\spring-boot-starter-json-3.3.6.jar;C:\Users\刘智文\.m2\repository\com\fasterxml\jackson\datatype\jackson-datatype-jdk8\2.17.3\jackson-datatype-jdk8-2.17.3.jar;C:\Users\刘智文\.m2\repository\com\fasterxml\jackson\datatype\jackson-datatype-jsr310\2.17.3\jackson-datatype-jsr310-2.17.3.jar;C:\Users\刘智文\.m2\repository\com\fasterxml\jackson\module\jackson-module-parameter-names\2.17.3\jackson-module-parameter-names-2.17.3.jar;C:\Users\刘智文\.m2\repository\org\springframework\boot\spring-boot-starter-tomcat\3.3.6\spring-boot-starter-tomcat-3.3.6.jar;C:\Users\刘智文\.m2\repository\org\apache\tomcat\embed\tomcat-embed-core\10.1.33\tomcat-embed-core-10.1.33.jar;C:\Users\刘智文\.m2\repository\org\apache\tomcat\embed\tomcat-embed-websocket\10.1.33\tomcat-embed-websocket-10.1.33.jar;C:\Users\刘智文\.m2\repository\org\springframework\spring-web\6.1.15\spring-web-6.1.15.jar;C:\Users\刘智文\.m2\repository\org\springframework\spring-beans\6.1.15\spring-beans-6.1.15.jar;C:\Users\刘智文\.m2\repository\org\springframework\spring-webmvc\6.1.15\spring-webmvc-6.1.15.jar;C:\Users\刘智文\.m2\repository\org\springframework\spring-context\6.1.15\spring-context-6.1.15.jar;C:\Users\刘智文\.m2\repository\org\springframework\spring-expression\6.1.15\spring-expression-6.1.15.jar;C:\Users\刘智文\.m2\repository\org\springframework\boot\spring-boot-starter-actuator\3.3.6\spring-boot-starter-actuator-3.3.6.jar;C:\Users\刘智文\.m2\repository\org\springframework\boot\spring-boot-actuator-autoconfigure\3.3.6\spring-boot-actuator-autoconfigure-3.3.6.jar;C:\Users\刘智文\.m2\repository\org\springframework\boot\spring-boot-actuator\3.3.6\spring-boot-actuator-3.3.6.jar;C:\Users\刘智文\.m2\repository\io\micrometer\micrometer-observation\1.13.8\micrometer-observation-1.13.8.jar;C:\Users\刘智文\.m2\repository\io\micrometer\micrometer-commons\1.13.8\micrometer-commons-1.13.8.jar;C:\Users\刘智文\.m2\repository\io\micrometer\micrometer-jakarta9\1.13.8\micrometer-jakarta9-1.13.8.jar;C:\Users\刘智文\.m2\repository\io\micrometer\micrometer-core\1.13.8\micrometer-core-1.13.8.jar;C:\Users\刘智文\.m2\repository\org\hdrhistogram\HdrHistogram\2.2.2\HdrHistogram-2.2.2.jar;C:\Users\刘智文\.m2\repository\org\latencyutils\LatencyUtils\2.0.3\LatencyUtils-2.0.3.jar;C:\Users\刘智文\.m2\repository\org\springframework\boot\spring-boot-starter-validation\3.3.6\spring-boot-starter-validation-3.3.6.jar;C:\Users\刘智文\.m2\repository\org\apache\tomcat\embed\tomcat-embed-el\10.1.33\tomcat-embed-el-10.1.33.jar;C:\Users\刘智文\.m2\repository\org\hibernate\validator\hibernate-validator\8.0.1.Final\hibernate-validator-8.0.1.Final.jar;C:\Users\刘智文\.m2\repository\jakarta\validation\jakarta.validation-api\3.0.2\jakarta.validation-api-3.0.2.jar;C:\Users\刘智文\.m2\repository\org\jboss\logging\jboss-logging\3.5.3.Final\jboss-logging-3.5.3.Final.jar;C:\Users\刘智文\.m2\repository\com\fasterxml\classmate\1.7.0\classmate-1.7.0.jar;C:\Users\刘智文\.m2\repository\org\springframework\boot\spring-boot-starter-aop\3.3.6\spring-boot-starter-aop-3.3.6.jar;C:\Users\刘智文\.m2\repository\org\springframework\spring-aop\6.1.15\spring-aop-6.1.15.jar;C:\Users\刘智文\.m2\repository\org\aspectj\aspectjweaver\1.9.22.1\aspectjweaver-1.9.22.1.jar;C:\Users\刘智文\.m2\repository\org\springframework\boot\spring-boot-starter-data-redis\3.3.6\spring-boot-starter-data-redis-3.3.6.jar;C:\Users\刘智文\.m2\repository\io\lettuce\lettuce-core\6.3.2.RELEASE\lettuce-core-6.3.2.RELEASE.jar;C:\Users\刘智文\.m2\repository\io\netty\netty-common\4.1.115.Final\netty-common-4.1.115.Final.jar;C:\Users\刘智文\.m2\repository\io\netty\netty-handler\4.1.115.Final\netty-handler-4.1.115.Final.jar;C:\Users\刘智文\.m2\repository\io\netty\netty-resolver\4.1.115.Final\netty-resolver-4.1.115.Final.jar;C:\Users\刘智文\.m2\repository\io\netty\netty-buffer\4.1.115.Final\netty-buffer-4.1.115.Final.jar;C:\Users\刘智文\.m2\repository\io\netty\netty-transport-native-unix-common\4.1.115.Final\netty-transport-native-unix-common-4.1.115.Final.jar;C:\Users\刘智文\.m2\repository\io\netty\netty-codec\4.1.115.Final\netty-codec-4.1.115.Final.jar;C:\Users\刘智文\.m2\repository\io\netty\netty-transport\4.1.115.Final\netty-transport-4.1.115.Final.jar;C:\Users\刘智文\.m2\repository\io\projectreactor\reactor-core\3.6.12\reactor-core-3.6.12.jar;C:\Users\刘智文\.m2\repository\org\reactivestreams\reactive-streams\1.0.4\reactive-streams-1.0.4.jar;C:\Users\刘智文\.m2\repository\org\springframework\data\spring-data-redis\3.3.6\spring-data-redis-3.3.6.jar;C:\Users\刘智文\.m2\repository\org\springframework\data\spring-data-keyvalue\3.3.6\spring-data-keyvalue-3.3.6.jar;C:\Users\刘智文\.m2\repository\org\springframework\spring-tx\6.1.15\spring-tx-6.1.15.jar;C:\Users\刘智文\.m2\repository\org\springframework\spring-oxm\6.1.15\spring-oxm-6.1.15.jar;C:\Users\刘智文\.m2\repository\org\springframework\spring-context-support\6.1.15\spring-context-support-6.1.15.jar;C:\Users\刘智文\.m2\repository\org\springframework\boot\spring-boot-starter-data-jpa\3.3.6\spring-boot-starter-data-jpa-3.3.6.jar;C:\Users\刘智文\.m2\repository\org\springframework\boot\spring-boot-starter-jdbc\3.3.6\spring-boot-starter-jdbc-3.3.6.jar;C:\Users\刘智文\.m2\repository\com\zaxxer\HikariCP\5.1.0\HikariCP-5.1.0.jar;C:\Users\刘智文\.m2\repository\org\springframework\spring-jdbc\6.1.15\spring-jdbc-6.1.15.jar;C:\Users\刘智文\.m2\repository\org\hibernate\orm\hibernate-core\6.5.3.Final\hibernate-core-6.5.3.Final.jar;C:\Users\刘智文\.m2\repository\jakarta\persistence\jakarta.persistence-api\3.1.0\jakarta.persistence-api-3.1.0.jar;C:\Users\刘智文\.m2\repository\jakarta\transaction\jakarta.transaction-api\2.0.1\jakarta.transaction-api-2.0.1.jar;C:\Users\刘智文\.m2\repository\org\hibernate\common\hibernate-commons-annotations\6.0.6.Final\hibernate-commons-annotations-6.0.6.Final.jar;C:\Users\刘智文\.m2\repository\io\smallrye\jandex\3.1.2\jandex-3.1.2.jar;C:\Users\刘智文\.m2\repository\net\bytebuddy\byte-buddy\1.14.19\byte-buddy-1.14.19.jar;C:\Users\刘智文\.m2\repository\jakarta\inject\jakarta.inject-api\2.0.1\jakarta.inject-api-2.0.1.jar;C:\Users\刘智文\.m2\repository\org\antlr\antlr4-runtime\4.13.0\antlr4-runtime-4.13.0.jar;C:\Users\刘智文\.m2\repository\org\springframework\data\spring-data-jpa\3.3.6\spring-data-jpa-3.3.6.jar;C:\Users\刘智文\.m2\repository\org\springframework\data\spring-data-commons\3.3.6\spring-data-commons-3.3.6.jar;C:\Users\刘智文\.m2\repository\org\springframework\spring-orm\6.1.15\spring-orm-6.1.15.jar;C:\Users\刘智文\.m2\repository\org\springframework\spring-aspects\6.1.15\spring-aspects-6.1.15.jar;C:\Users\刘智文\.m2\repository\org\springframework\boot\spring-boot-starter-data-mongodb\3.3.6\spring-boot-starter-data-mongodb-3.3.6.jar;C:\Users\刘智文\.m2\repository\org\mongodb\mongodb-driver-sync\5.0.1\mongodb-driver-sync-5.0.1.jar;C:\Users\刘智文\.m2\repository\org\mongodb\bson\5.0.1\bson-5.0.1.jar;C:\Users\刘智文\.m2\repository\org\mongodb\mongodb-driver-core\5.0.1\mongodb-driver-core-5.0.1.jar;C:\Users\刘智文\.m2\repository\org\mongodb\bson-record-codec\5.0.1\bson-record-codec-5.0.1.jar;C:\Users\刘智文\.m2\repository\org\springframework\data\spring-data-mongodb\4.3.6\spring-data-mongodb-4.3.6.jar;C:\Users\刘智文\.m2\repository\org\springframework\boot\spring-boot-starter-test\3.3.6\spring-boot-starter-test-3.3.6.jar;C:\Users\刘智文\.m2\repository\org\springframework\boot\spring-boot-test\3.3.6\spring-boot-test-3.3.6.jar;C:\Users\刘智文\.m2\repository\org\springframework\boot\spring-boot-test-autoconfigure\3.3.6\spring-boot-test-autoconfigure-3.3.6.jar;C:\Users\刘智文\.m2\repository\com\jayway\jsonpath\json-path\2.9.0\json-path-2.9.0.jar;C:\Users\刘智文\.m2\repository\jakarta\xml\bind\jakarta.xml.bind-api\4.0.2\jakarta.xml.bind-api-4.0.2.jar;C:\Users\刘智文\.m2\repository\jakarta\activation\jakarta.activation-api\2.1.3\jakarta.activation-api-2.1.3.jar;C:\Users\刘智文\.m2\repository\net\minidev\json-smart\2.5.1\json-smart-2.5.1.jar;C:\Users\刘智文\.m2\repository\net\minidev\accessors-smart\2.5.1\accessors-smart-2.5.1.jar;C:\Users\刘智文\.m2\repository\org\ow2\asm\asm\9.6\asm-9.6.jar;C:\Users\刘智文\.m2\repository\org\assertj\assertj-core\3.25.3\assertj-core-3.25.3.jar;C:\Users\刘智文\.m2\repository\org\awaitility\awaitility\4.2.2\awaitility-4.2.2.jar;C:\Users\刘智文\.m2\repository\org\hamcrest\hamcrest\2.2\hamcrest-2.2.jar;C:\Users\刘智文\.m2\repository\org\junit\jupiter\junit-jupiter\5.10.5\junit-jupiter-5.10.5.jar;C:\Users\刘智文\.m2\repository\org\junit\jupiter\junit-jupiter-api\5.10.5\junit-jupiter-api-5.10.5.jar;C:\Users\刘智文\.m2\repository\org\opentest4j\opentest4j\1.3.0\opentest4j-1.3.0.jar;C:\Users\刘智文\.m2\repository\org\junit\platform\junit-platform-commons\1.10.5\junit-platform-commons-1.10.5.jar;C:\Users\刘智文\.m2\repository\org\apiguardian\apiguardian-api\1.1.2\apiguardian-api-1.1.2.jar;C:\Users\刘智文\.m2\repository\org\junit\jupiter\junit-jupiter-params\5.10.5\junit-jupiter-params-5.10.5.jar;C:\Users\刘智文\.m2\repository\org\junit\jupiter\junit-jupiter-engine\5.10.5\junit-jupiter-engine-5.10.5.jar;C:\Users\刘智文\.m2\repository\org\junit\platform\junit-platform-engine\1.10.5\junit-platform-engine-1.10.5.jar;C:\Users\刘智文\.m2\repository\org\mockito\mockito-core\5.11.0\mockito-core-5.11.0.jar;C:\Users\刘智文\.m2\repository\net\bytebuddy\byte-buddy-agent\1.14.19\byte-buddy-agent-1.14.19.jar;C:\Users\刘智文\.m2\repository\org\objenesis\objenesis\3.3\objenesis-3.3.jar;C:\Users\刘智文\.m2\repository\org\mockito\mockito-junit-jupiter\5.11.0\mockito-junit-jupiter-5.11.0.jar;C:\Users\刘智文\.m2\repository\org\skyscreamer\jsonassert\1.5.3\jsonassert-1.5.3.jar;C:\Users\刘智文\.m2\repository\com\vaadin\external\google\android-json\0.0.20131108.vaadin1\android-json-0.0.20131108.vaadin1.jar;C:\Users\刘智文\.m2\repository\org\springframework\spring-core\6.1.15\spring-core-6.1.15.jar;C:\Users\刘智文\.m2\repository\org\springframework\spring-jcl\6.1.15\spring-jcl-6.1.15.jar;C:\Users\刘智文\.m2\repository\org\springframework\spring-test\6.1.15\spring-test-6.1.15.jar;C:\Users\刘智文\.m2\repository\org\xmlunit\xmlunit-core\2.9.1\xmlunit-core-2.9.1.jar;C:\Users\刘智文\.m2\repository\org\projectlombok\lombok\1.18.36\lombok-1.18.36.jar;C:\Users\刘智文\.m2\repository\com\mysql\mysql-connector-j\9.1.0\mysql-connector-j-9.1.0.jar;C:\Users\刘智文\.m2\repository\com\google\protobuf\protobuf-java\4.26.1\protobuf-java-4.26.1.jar;C:\Users\刘智文\.m2\repository\com\alibaba\druid-spring-boot-starter\1.2.24\druid-spring-boot-starter-1.2.24.jar;C:\Users\刘智文\.m2\repository\com\alibaba\druid\1.2.24\druid-1.2.24.jar;C:\Users\刘智文\.m2\repository\org\slf4j\slf4j-api\2.0.16\slf4j-api-2.0.16.jar;C:\Users\刘智文\.m2\repository\org\springframework\boot\spring-boot-autoconfigure\3.3.6\spring-boot-autoconfigure-3.3.6.jar;C:\Users\刘智文\.m2\repository\org\glassfish\jaxb\jaxb-runtime\4.0.5\jaxb-runtime-4.0.5.jar;C:\Users\刘智文\.m2\repository\org\glassfish\jaxb\jaxb-core\4.0.5\jaxb-core-4.0.5.jar;C:\Users\刘智文\.m2\repository\org\eclipse\angus\angus-activation\2.0.2\angus-activation-2.0.2.jar;C:\Users\刘智文\.m2\repository\org\glassfish\jaxb\txw2\4.0.5\txw2-4.0.5.jar;C:\Users\刘智文\.m2\repository\com\sun\istack\istack-commons-runtime\4.1.2\istack-commons-runtime-4.1.2.jar;C:\Users\刘智文\.m2\repository\org\apache\rocketmq\rocketmq-spring-boot-starter\2.3.1\rocketmq-spring-boot-starter-2.3.1.jar;C:\Users\刘智文\.m2\repository\org\apache\rocketmq\rocketmq-spring-boot\2.3.1\rocketmq-spring-boot-2.3.1.jar;C:\Users\刘智文\.m2\repository\org\apache\rocketmq\rocketmq-client\5.3.0\rocketmq-client-5.3.0.jar;C:\Users\刘智文\.m2\repository\org\apache\rocketmq\rocketmq-remoting\5.3.0\rocketmq-remoting-5.3.0.jar;C:\Users\刘智文\.m2\repository\org\reflections\reflections\0.9.11\reflections-0.9.11.jar;C:\Users\刘智文\.m2\repository\org\javassist\javassist\3.21.0-GA\javassist-3.21.0-GA.jar;C:\Users\刘智文\.m2\repository\org\apache\commons\commons-lang3\3.14.0\commons-lang3-3.14.0.jar;C:\Users\刘智文\.m2\repository\io\github\aliyunmq\rocketmq-slf4j-api\1.0.1\rocketmq-slf4j-api-1.0.1.jar;C:\Users\刘智文\.m2\repository\io\github\aliyunmq\rocketmq-logback-classic\1.0.1\rocketmq-logback-classic-1.0.1.jar;C:\Users\刘智文\.m2\repository\org\apache\rocketmq\rocketmq-acl\5.3.0\rocketmq-acl-5.3.0.jar;C:\Users\刘智文\.m2\repository\org\apache\rocketmq\rocketmq-proto\2.0.3\rocketmq-proto-2.0.3.jar;C:\Users\刘智文\.m2\repository\org\apache\rocketmq\rocketmq-common\5.3.0\rocketmq-common-5.3.0.jar;C:\Users\刘智文\.m2\repository\com\alibaba\fastjson\1.2.83\fastjson-1.2.83.jar;C:\Users\刘智文\.m2\repository\com\alibaba\fastjson2\fastjson2\2.0.43\fastjson2-2.0.43.jar;C:\Users\刘智文\.m2\repository\io\netty\netty-all\4.1.115.Final\netty-all-4.1.115.Final.jar;C:\Users\刘智文\.m2\repository\io\netty\netty-codec-dns\4.1.115.Final\netty-codec-dns-4.1.115.Final.jar;C:\Users\刘智文\.m2\repository\io\netty\netty-codec-haproxy\4.1.115.Final\netty-codec-haproxy-4.1.115.Final.jar;C:\Users\刘智文\.m2\repository\io\netty\netty-codec-http\4.1.115.Final\netty-codec-http-4.1.115.Final.jar;C:\Users\刘智文\.m2\repository\io\netty\netty-codec-http2\4.1.115.Final\netty-codec-http2-4.1.115.Final.jar;C:\Users\刘智文\.m2\repository\io\netty\netty-codec-memcache\4.1.115.Final\netty-codec-memcache-4.1.115.Final.jar;C:\Users\刘智文\.m2\repository\io\netty\netty-codec-mqtt\4.1.115.Final\netty-codec-mqtt-4.1.115.Final.jar;C:\Users\刘智文\.m2\repository\io\netty\netty-codec-redis\4.1.115.Final\netty-codec-redis-4.1.115.Final.jar;C:\Users\刘智文\.m2\repository\io\netty\netty-codec-smtp\4.1.115.Final\netty-codec-smtp-4.1.115.Final.jar;C:\Users\刘智文\.m2\repository\io\netty\netty-codec-socks\4.1.115.Final\netty-codec-socks-4.1.115.Final.jar;C:\Users\刘智文\.m2\repository\io\netty\netty-codec-stomp\4.1.115.Final\netty-codec-stomp-4.1.115.Final.jar;C:\Users\刘智文\.m2\repository\io\netty\netty-codec-xml\4.1.115.Final\netty-codec-xml-4.1.115.Final.jar;C:\Users\刘智文\.m2\repository\io\netty\netty-handler-proxy\4.1.115.Final\netty-handler-proxy-4.1.115.Final.jar;C:\Users\刘智文\.m2\repository\io\netty\netty-handler-ssl-ocsp\4.1.115.Final\netty-handler-ssl-ocsp-4.1.115.Final.jar;C:\Users\刘智文\.m2\repository\io\netty\netty-resolver-dns\4.1.115.Final\netty-resolver-dns-4.1.115.Final.jar;C:\Users\刘智文\.m2\repository\io\netty\netty-transport-rxtx\4.1.115.Final\netty-transport-rxtx-4.1.115.Final.jar;C:\Users\刘智文\.m2\repository\io\netty\netty-transport-sctp\4.1.115.Final\netty-transport-sctp-4.1.115.Final.jar;C:\Users\刘智文\.m2\repository\io\netty\netty-transport-udt\4.1.115.Final\netty-transport-udt-4.1.115.Final.jar;C:\Users\刘智文\.m2\repository\io\netty\netty-transport-classes-epoll\4.1.115.Final\netty-transport-classes-epoll-4.1.115.Final.jar;C:\Users\刘智文\.m2\repository\io\netty\netty-transport-classes-kqueue\4.1.115.Final\netty-transport-classes-kqueue-4.1.115.Final.jar;C:\Users\刘智文\.m2\repository\io\netty\netty-resolver-dns-classes-macos\4.1.115.Final\netty-resolver-dns-classes-macos-4.1.115.Final.jar;C:\Users\刘智文\.m2\repository\io\netty\netty-transport-native-epoll\4.1.115.Final\netty-transport-native-epoll-4.1.115.Final-linux-x86_64.jar;C:\Users\刘智文\.m2\repository\io\netty\netty-transport-native-epoll\4.1.115.Final\netty-transport-native-epoll-4.1.115.Final-linux-aarch_64.jar;C:\Users\刘智文\.m2\repository\io\netty\netty-transport-native-epoll\4.1.115.Final\netty-transport-native-epoll-4.1.115.Final-linux-riscv64.jar;C:\Users\刘智文\.m2\repository\io\netty\netty-transport-native-kqueue\4.1.115.Final\netty-transport-native-kqueue-4.1.115.Final-osx-x86_64.jar;C:\Users\刘智文\.m2\repository\io\netty\netty-transport-native-kqueue\4.1.115.Final\netty-transport-native-kqueue-4.1.115.Final-osx-aarch_64.jar;C:\Users\刘智文\.m2\repository\io\netty\netty-resolver-dns-native-macos\4.1.115.Final\netty-resolver-dns-native-macos-4.1.115.Final-osx-x86_64.jar;C:\Users\刘智文\.m2\repository\io\netty\netty-resolver-dns-native-macos\4.1.115.Final\netty-resolver-dns-native-macos-4.1.115.Final-osx-aarch_64.jar;C:\Users\刘智文\.m2\repository\com\github\luben\zstd-jni\1.5.2-2\zstd-jni-1.5.2-2.jar;C:\Users\刘智文\.m2\repository\org\lz4\lz4-java\1.8.0\lz4-java-1.8.0.jar;C:\Users\刘智文\.m2\repository\io\opentelemetry\opentelemetry-exporter-otlp\1.38.0\opentelemetry-exporter-otlp-1.38.0.jar;C:\Users\刘智文\.m2\repository\io\opentelemetry\opentelemetry-sdk-trace\1.38.0\opentelemetry-sdk-trace-1.38.0.jar;C:\Users\刘智文\.m2\repository\io\opentelemetry\opentelemetry-sdk-metrics\1.38.0\opentelemetry-sdk-metrics-1.38.0.jar;C:\Users\刘智文\.m2\repository\io\opentelemetry\opentelemetry-api-incubator\1.38.0-alpha\opentelemetry-api-incubator-1.38.0-alpha.jar;C:\Users\刘智文\.m2\repository\io\opentelemetry\opentelemetry-sdk-logs\1.38.0\opentelemetry-sdk-logs-1.38.0.jar;C:\Users\刘智文\.m2\repository\io\opentelemetry\opentelemetry-exporter-otlp-common\1.38.0\opentelemetry-exporter-otlp-common-1.38.0.jar;C:\Users\刘智文\.m2\repository\io\opentelemetry\opentelemetry-exporter-common\1.38.0\opentelemetry-exporter-common-1.38.0.jar;C:\Users\刘智文\.m2\repository\io\opentelemetry\opentelemetry-exporter-sender-okhttp\1.38.0\opentelemetry-exporter-sender-okhttp-1.38.0.jar;C:\Users\刘智文\.m2\repository\com\squareup\okhttp3\okhttp\4.12.0\okhttp-4.12.0.jar;C:\Users\刘智文\.m2\repository\com\squareup\okio\okio\3.6.0\okio-3.6.0.jar;C:\Users\刘智文\.m2\repository\org\jetbrains\kotlin\kotlin-stdlib-jdk8\1.9.25\kotlin-stdlib-jdk8-1.9.25.jar;C:\Users\刘智文\.m2\repository\org\jetbrains\kotlin\kotlin-stdlib\1.9.25\kotlin-stdlib-1.9.25.jar;C:\Users\刘智文\.m2\repository\org\jetbrains\annotations\13.0\annotations-13.0.jar;C:\Users\刘智文\.m2\repository\org\jetbrains\kotlin\kotlin-stdlib-jdk7\1.9.25\kotlin-stdlib-jdk7-1.9.25.jar;C:\Users\刘智文\.m2\repository\io\opentelemetry\opentelemetry-sdk-extension-autoconfigure-spi\1.38.0\opentelemetry-sdk-extension-autoconfigure-spi-1.38.0.jar;C:\Users\刘智文\.m2\repository\io\opentelemetry\opentelemetry-exporter-prometheus\1.29.0-alpha\opentelemetry-exporter-prometheus-1.29.0-alpha.jar;C:\Users\刘智文\.m2\repository\io\opentelemetry\opentelemetry-exporter-logging\1.38.0\opentelemetry-exporter-logging-1.38.0.jar;C:\Users\刘智文\.m2\repository\io\opentelemetry\opentelemetry-sdk\1.38.0\opentelemetry-sdk-1.38.0.jar;C:\Users\刘智文\.m2\repository\io\opentelemetry\opentelemetry-api\1.38.0\opentelemetry-api-1.38.0.jar;C:\Users\刘智文\.m2\repository\io\opentelemetry\opentelemetry-context\1.38.0\opentelemetry-context-1.38.0.jar;C:\Users\刘智文\.m2\repository\io\opentelemetry\opentelemetry-sdk-common\1.38.0\opentelemetry-sdk-common-1.38.0.jar;C:\Users\刘智文\.m2\repository\io\opentelemetry\opentelemetry-exporter-logging-otlp\1.38.0\opentelemetry-exporter-logging-otlp-1.38.0.jar;C:\Users\刘智文\.m2\repository\io\grpc\grpc-stub\1.53.0\grpc-stub-1.53.0.jar;C:\Users\刘智文\.m2\repository\io\grpc\grpc-api\1.53.0\grpc-api-1.53.0.jar;C:\Users\刘智文\.m2\repository\io\grpc\grpc-context\1.53.0\grpc-context-1.53.0.jar;C:\Users\刘智文\.m2\repository\io\grpc\grpc-netty-shaded\1.53.0\grpc-netty-shaded-1.53.0.jar;C:\Users\刘智文\.m2\repository\io\perfmark\perfmark-api\0.25.0\perfmark-api-0.25.0.jar;C:\Users\刘智文\.m2\repository\io\grpc\grpc-core\1.53.0\grpc-core-1.53.0.jar;C:\Users\刘智文\.m2\repository\com\google\code\gson\gson\2.10.1\gson-2.10.1.jar;C:\Users\刘智文\.m2\repository\com\google\android\annotations\4.1.1.4\annotations-4.1.1.4.jar;C:\Users\刘智文\.m2\repository\org\codehaus\mojo\animal-sniffer-annotations\1.21\animal-sniffer-annotations-1.21.jar;C:\Users\刘智文\.m2\repository\com\squareup\okio\okio-jvm\3.4.0\okio-jvm-3.4.0.jar;C:\Users\刘智文\.m2\repository\org\apache\rocketmq\rocketmq-srvutil\5.3.0\rocketmq-srvutil-5.3.0.jar;C:\Users\刘智文\.m2\repository\commons-cli\commons-cli\1.5.0\commons-cli-1.5.0.jar;C:\Users\刘智文\.m2\repository\com\googlecode\concurrentlinkedhashmap\concurrentlinkedhashmap-lru\1.4.2\concurrentlinkedhashmap-lru-1.4.2.jar;C:\Users\刘智文\.m2\repository\commons-validator\commons-validator\1.7\commons-validator-1.7.jar;C:\Users\刘智文\.m2\repository\commons-beanutils\commons-beanutils\1.9.4\commons-beanutils-1.9.4.jar;C:\Users\刘智文\.m2\repository\commons-digester\commons-digester\2.1\commons-digester-2.1.jar;C:\Users\刘智文\.m2\repository\commons-logging\commons-logging\1.2\commons-logging-1.2.jar;C:\Users\刘智文\.m2\repository\commons-collections\commons-collections\3.2.2\commons-collections-3.2.2.jar;C:\Users\刘智文\.m2\repository\com\google\protobuf\protobuf-java-util\3.20.1\protobuf-java-util-3.20.1.jar;C:\Users\刘智文\.m2\repository\org\springframework\spring-messaging\6.1.15\spring-messaging-6.1.15.jar;C:\Users\刘智文\.m2\repository\org\springframework\cloud\spring-cloud-starter-openfeign\4.1.4\spring-cloud-starter-openfeign-4.1.4.jar;C:\Users\刘智文\.m2\repository\org\springframework\cloud\spring-cloud-starter\4.1.5\spring-cloud-starter-4.1.5.jar;C:\Users\刘智文\.m2\repository\org\springframework\security\spring-security-rsa\1.1.3\spring-security-rsa-1.1.3.jar;C:\Users\刘智文\.m2\repository\org\bouncycastle\bcprov-jdk18on\1.78\bcprov-jdk18on-1.78.jar;C:\Users\刘智文\.m2\repository\org\springframework\cloud\spring-cloud-commons\4.1.5\spring-cloud-commons-4.1.5.jar;C:\Users\刘智文\.m2\repository\org\springframework\security\spring-security-crypto\6.3.5\spring-security-crypto-6.3.5.jar;C:\Users\刘智文\.m2\repository\io\github\openfeign\feign-core\13.5\feign-core-13.5.jar;C:\Users\刘智文\.m2\repository\io\github\openfeign\feign-slf4j\13.5\feign-slf4j-13.5.jar;C:\Users\刘智文\.m2\repository\org\springframework\cloud\spring-cloud-openfeign-core\4.1.4\spring-cloud-openfeign-core-4.1.4.jar;C:\Users\刘智文\.m2\repository\io\github\openfeign\feign-form-spring\13.5\feign-form-spring-13.5.jar;C:\Users\刘智文\.m2\repository\io\github\openfeign\feign-form\13.5\feign-form-13.5.jar;C:\Users\刘智文\.m2\repository\commons-fileupload\commons-fileupload\1.5\commons-fileupload-1.5.jar;C:\Users\刘智文\.m2\repository\commons-io\commons-io\2.11.0\commons-io-2.11.0.jar;C:\Users\刘智文\.m2\repository\com\alibaba\cloud\spring-cloud-starter-alibaba-nacos-config\2023.0.1.2\spring-cloud-starter-alibaba-nacos-config-2023.0.1.2.jar;C:\Users\刘智文\.m2\repository\com\alibaba\cloud\spring-cloud-alibaba-commons\2023.0.1.2\spring-cloud-alibaba-commons-2023.0.1.2.jar;C:\Users\刘智文\.m2\repository\com\alibaba\spring\spring-context-support\1.0.11\spring-context-support-1.0.11.jar;C:\Users\刘智文\.m2\repository\com\alibaba\nacos\nacos-client\2.3.2\nacos-client-2.3.2.jar;C:\Users\刘智文\.m2\repository\com\alibaba\nacos\nacos-auth-plugin\2.3.2\nacos-auth-plugin-2.3.2.jar;C:\Users\刘智文\.m2\repository\com\alibaba\nacos\nacos-encryption-plugin\2.3.2\nacos-encryption-plugin-2.3.2.jar;C:\Users\刘智文\.m2\repository\commons-codec\commons-codec\1.16.1\commons-codec-1.16.1.jar;C:\Users\刘智文\.m2\repository\com\fasterxml\jackson\core\jackson-core\2.17.3\jackson-core-2.17.3.jar;C:\Users\刘智文\.m2\repository\org\apache\httpcomponents\httpasyncclient\4.1.5\httpasyncclient-4.1.5.jar;C:\Users\刘智文\.m2\repository\org\apache\httpcomponents\httpcore-nio\4.4.16\httpcore-nio-4.4.16.jar;C:\Users\刘智文\.m2\repository\org\apache\httpcomponents\httpclient\4.5.13\httpclient-4.5.13.jar;C:\Users\刘智文\.m2\repository\org\apache\httpcomponents\httpcore\4.4.16\httpcore-4.4.16.jar;C:\Users\刘智文\.m2\repository\io\prometheus\simpleclient\0.16.0\simpleclient-0.16.0.jar;C:\Users\刘智文\.m2\repository\io\prometheus\simpleclient_tracer_otel\0.16.0\simpleclient_tracer_otel-0.16.0.jar;C:\Users\刘智文\.m2\repository\io\prometheus\simpleclient_tracer_common\0.16.0\simpleclient_tracer_common-0.16.0.jar;C:\Users\刘智文\.m2\repository\io\prometheus\simpleclient_tracer_otel_agent\0.16.0\simpleclient_tracer_otel_agent-0.16.0.jar;C:\Users\刘智文\.m2\repository\org\springframework\cloud\spring-cloud-context\4.1.5\spring-cloud-context-4.1.5.jar;C:\Users\刘智文\.m2\repository\jakarta\annotation\jakarta.annotation-api\2.1.1\jakarta.annotation-api-2.1.1.jar;C:\Users\刘智文\.m2\repository\com\alibaba\cloud\spring-cloud-starter-alibaba-nacos-discovery\2023.0.1.2\spring-cloud-starter-alibaba-nacos-discovery-2023.0.1.2.jar;C:\Users\刘智文\.m2\repository\org\springframework\cloud\spring-cloud-starter-bootstrap\4.1.5\spring-cloud-starter-bootstrap-4.1.5.jar;"/>
    <property name="java.vm.vendor" value="Oracle Corporation"/>
    <property name="sun.arch.data.model" value="64"/>
    <property name="user.variant" value=""/>
    <property name="java.vendor.url" value="https://java.oracle.com/"/>
    <property name="user.timezone" value="Asia/Shanghai"/>
    <property name="org.jboss.logging.provider" value="slf4j"/>
    <property name="os.name" value="Windows 11"/>
    <property name="java.vm.specification.version" value="17"/>
    <property name="sun.java.launcher" value="SUN_STANDARD"/>
    <property name="user.country" value="CN"/>
    <property name="sun.boot.library.path" value="D:\JAVA\jdk-17_windows-x64_bin\jdk-17.0.10\bin"/>
    <property name="sun.java.command" value="C:\Users\刘智文\AppData\Local\Temp\surefire7420327723374651456\surefirebooter-20241204221422799_3.jar C:\Users\刘智文\AppData\Local\Temp\surefire7420327723374651456 2024-12-04T22-14-22_232-jvmRun1 surefire-20241204221422799_1tmp surefire_0-20241204221422799_2tmp"/>
    <property name="jdk.debug" value="release"/>
    <property name="surefire.test.class.path" value="D:\JAVA\oomall-2023-1\product\target\test-classes;D:\JAVA\oomall-2023-1\product\target\classes;C:\Users\刘智文\.m2\repository\cn\edu\xmu\javaee\core\0.0.3-SNAPSHOT\core-0.0.3-SNAPSHOT.jar;C:\Users\刘智文\.m2\repository\com\auth0\java-jwt\4.4.0\java-jwt-4.4.0.jar;C:\Users\刘智文\.m2\repository\com\fasterxml\jackson\core\jackson-databind\2.17.3\jackson-databind-2.17.3.jar;C:\Users\刘智文\.m2\repository\com\fasterxml\jackson\core\jackson-annotations\2.17.3\jackson-annotations-2.17.3.jar;C:\Users\刘智文\.m2\repository\com\github\pagehelper\pagehelper-spring-boot-starter\2.1.0\pagehelper-spring-boot-starter-2.1.0.jar;C:\Users\刘智文\.m2\repository\org\mybatis\spring\boot\mybatis-spring-boot-starter\3.0.3\mybatis-spring-boot-starter-3.0.3.jar;C:\Users\刘智文\.m2\repository\org\mybatis\spring\boot\mybatis-spring-boot-autoconfigure\3.0.3\mybatis-spring-boot-autoconfigure-3.0.3.jar;C:\Users\刘智文\.m2\repository\org\mybatis\mybatis\3.5.14\mybatis-3.5.14.jar;C:\Users\刘智文\.m2\repository\org\mybatis\mybatis-spring\3.0.3\mybatis-spring-3.0.3.jar;C:\Users\刘智文\.m2\repository\com\github\pagehelper\pagehelper-spring-boot-autoconfigure\2.1.0\pagehelper-spring-boot-autoconfigure-2.1.0.jar;C:\Users\刘智文\.m2\repository\com\github\pagehelper\pagehelper\6.1.0\pagehelper-6.1.0.jar;C:\Users\刘智文\.m2\repository\com\github\jsqlparser\jsqlparser\4.7\jsqlparser-4.7.jar;C:\Users\刘智文\.m2\repository\org\springframework\cloud\spring-cloud-starter-loadbalancer\4.1.5\spring-cloud-starter-loadbalancer-4.1.5.jar;C:\Users\刘智文\.m2\repository\org\springframework\cloud\spring-cloud-loadbalancer\4.1.5\spring-cloud-loadbalancer-4.1.5.jar;C:\Users\刘智文\.m2\repository\io\projectreactor\addons\reactor-extra\3.5.2\reactor-extra-3.5.2.jar;C:\Users\刘智文\.m2\repository\org\springframework\boot\spring-boot-starter-cache\3.3.6\spring-boot-starter-cache-3.3.6.jar;C:\Users\刘智文\.m2\repository\com\stoyanr\evictor\1.0.0\evictor-1.0.0.jar;C:\Users\刘智文\.m2\repository\com\squareup\javapoet\1.13.0\javapoet-1.13.0.jar;C:\Users\刘智文\.m2\repository\com\google\auto\service\auto-service\1.0.1\auto-service-1.0.1.jar;C:\Users\刘智文\.m2\repository\com\google\auto\service\auto-service-annotations\1.0.1\auto-service-annotations-1.0.1.jar;C:\Users\刘智文\.m2\repository\com\google\auto\auto-common\1.2\auto-common-1.2.jar;C:\Users\刘智文\.m2\repository\com\google\guava\guava\31.0.1-jre\guava-31.0.1-jre.jar;C:\Users\刘智文\.m2\repository\com\google\guava\failureaccess\1.0.1\failureaccess-1.0.1.jar;C:\Users\刘智文\.m2\repository\com\google\guava\listenablefuture\9999.0-empty-to-avoid-conflict-with-guava\listenablefuture-9999.0-empty-to-avoid-conflict-with-guava.jar;C:\Users\刘智文\.m2\repository\com\google\code\findbugs\jsr305\3.0.2\jsr305-3.0.2.jar;C:\Users\刘智文\.m2\repository\org\checkerframework\checker-qual\3.12.0\checker-qual-3.12.0.jar;C:\Users\刘智文\.m2\repository\com\google\errorprone\error_prone_annotations\2.7.1\error_prone_annotations-2.7.1.jar;C:\Users\刘智文\.m2\repository\com\google\j2objc\j2objc-annotations\1.3\j2objc-annotations-1.3.jar;C:\Users\刘智文\.m2\repository\org\springframework\boot\spring-boot-starter-web\3.3.6\spring-boot-starter-web-3.3.6.jar;C:\Users\刘智文\.m2\repository\org\springframework\boot\spring-boot-starter\3.3.6\spring-boot-starter-3.3.6.jar;C:\Users\刘智文\.m2\repository\org\springframework\boot\spring-boot\3.3.6\spring-boot-3.3.6.jar;C:\Users\刘智文\.m2\repository\org\springframework\boot\spring-boot-starter-logging\3.3.6\spring-boot-starter-logging-3.3.6.jar;C:\Users\刘智文\.m2\repository\ch\qos\logback\logback-classic\1.5.12\logback-classic-1.5.12.jar;C:\Users\刘智文\.m2\repository\ch\qos\logback\logback-core\1.5.12\logback-core-1.5.12.jar;C:\Users\刘智文\.m2\repository\org\apache\logging\log4j\log4j-to-slf4j\2.23.1\log4j-to-slf4j-2.23.1.jar;C:\Users\刘智文\.m2\repository\org\apache\logging\log4j\log4j-api\2.23.1\log4j-api-2.23.1.jar;C:\Users\刘智文\.m2\repository\org\slf4j\jul-to-slf4j\2.0.16\jul-to-slf4j-2.0.16.jar;C:\Users\刘智文\.m2\repository\org\yaml\snakeyaml\2.2\snakeyaml-2.2.jar;C:\Users\刘智文\.m2\repository\org\springframework\boot\spring-boot-starter-json\3.3.6\spring-boot-starter-json-3.3.6.jar;C:\Users\刘智文\.m2\repository\com\fasterxml\jackson\datatype\jackson-datatype-jdk8\2.17.3\jackson-datatype-jdk8-2.17.3.jar;C:\Users\刘智文\.m2\repository\com\fasterxml\jackson\datatype\jackson-datatype-jsr310\2.17.3\jackson-datatype-jsr310-2.17.3.jar;C:\Users\刘智文\.m2\repository\com\fasterxml\jackson\module\jackson-module-parameter-names\2.17.3\jackson-module-parameter-names-2.17.3.jar;C:\Users\刘智文\.m2\repository\org\springframework\boot\spring-boot-starter-tomcat\3.3.6\spring-boot-starter-tomcat-3.3.6.jar;C:\Users\刘智文\.m2\repository\org\apache\tomcat\embed\tomcat-embed-core\10.1.33\tomcat-embed-core-10.1.33.jar;C:\Users\刘智文\.m2\repository\org\apache\tomcat\embed\tomcat-embed-websocket\10.1.33\tomcat-embed-websocket-10.1.33.jar;C:\Users\刘智文\.m2\repository\org\springframework\spring-web\6.1.15\spring-web-6.1.15.jar;C:\Users\刘智文\.m2\repository\org\springframework\spring-beans\6.1.15\spring-beans-6.1.15.jar;C:\Users\刘智文\.m2\repository\org\springframework\spring-webmvc\6.1.15\spring-webmvc-6.1.15.jar;C:\Users\刘智文\.m2\repository\org\springframework\spring-context\6.1.15\spring-context-6.1.15.jar;C:\Users\刘智文\.m2\repository\org\springframework\spring-expression\6.1.15\spring-expression-6.1.15.jar;C:\Users\刘智文\.m2\repository\org\springframework\boot\spring-boot-starter-actuator\3.3.6\spring-boot-starter-actuator-3.3.6.jar;C:\Users\刘智文\.m2\repository\org\springframework\boot\spring-boot-actuator-autoconfigure\3.3.6\spring-boot-actuator-autoconfigure-3.3.6.jar;C:\Users\刘智文\.m2\repository\org\springframework\boot\spring-boot-actuator\3.3.6\spring-boot-actuator-3.3.6.jar;C:\Users\刘智文\.m2\repository\io\micrometer\micrometer-observation\1.13.8\micrometer-observation-1.13.8.jar;C:\Users\刘智文\.m2\repository\io\micrometer\micrometer-commons\1.13.8\micrometer-commons-1.13.8.jar;C:\Users\刘智文\.m2\repository\io\micrometer\micrometer-jakarta9\1.13.8\micrometer-jakarta9-1.13.8.jar;C:\Users\刘智文\.m2\repository\io\micrometer\micrometer-core\1.13.8\micrometer-core-1.13.8.jar;C:\Users\刘智文\.m2\repository\org\hdrhistogram\HdrHistogram\2.2.2\HdrHistogram-2.2.2.jar;C:\Users\刘智文\.m2\repository\org\latencyutils\LatencyUtils\2.0.3\LatencyUtils-2.0.3.jar;C:\Users\刘智文\.m2\repository\org\springframework\boot\spring-boot-starter-validation\3.3.6\spring-boot-starter-validation-3.3.6.jar;C:\Users\刘智文\.m2\repository\org\apache\tomcat\embed\tomcat-embed-el\10.1.33\tomcat-embed-el-10.1.33.jar;C:\Users\刘智文\.m2\repository\org\hibernate\validator\hibernate-validator\8.0.1.Final\hibernate-validator-8.0.1.Final.jar;C:\Users\刘智文\.m2\repository\jakarta\validation\jakarta.validation-api\3.0.2\jakarta.validation-api-3.0.2.jar;C:\Users\刘智文\.m2\repository\org\jboss\logging\jboss-logging\3.5.3.Final\jboss-logging-3.5.3.Final.jar;C:\Users\刘智文\.m2\repository\com\fasterxml\classmate\1.7.0\classmate-1.7.0.jar;C:\Users\刘智文\.m2\repository\org\springframework\boot\spring-boot-starter-aop\3.3.6\spring-boot-starter-aop-3.3.6.jar;C:\Users\刘智文\.m2\repository\org\springframework\spring-aop\6.1.15\spring-aop-6.1.15.jar;C:\Users\刘智文\.m2\repository\org\aspectj\aspectjweaver\1.9.22.1\aspectjweaver-1.9.22.1.jar;C:\Users\刘智文\.m2\repository\org\springframework\boot\spring-boot-starter-data-redis\3.3.6\spring-boot-starter-data-redis-3.3.6.jar;C:\Users\刘智文\.m2\repository\io\lettuce\lettuce-core\6.3.2.RELEASE\lettuce-core-6.3.2.RELEASE.jar;C:\Users\刘智文\.m2\repository\io\netty\netty-common\4.1.115.Final\netty-common-4.1.115.Final.jar;C:\Users\刘智文\.m2\repository\io\netty\netty-handler\4.1.115.Final\netty-handler-4.1.115.Final.jar;C:\Users\刘智文\.m2\repository\io\netty\netty-resolver\4.1.115.Final\netty-resolver-4.1.115.Final.jar;C:\Users\刘智文\.m2\repository\io\netty\netty-buffer\4.1.115.Final\netty-buffer-4.1.115.Final.jar;C:\Users\刘智文\.m2\repository\io\netty\netty-transport-native-unix-common\4.1.115.Final\netty-transport-native-unix-common-4.1.115.Final.jar;C:\Users\刘智文\.m2\repository\io\netty\netty-codec\4.1.115.Final\netty-codec-4.1.115.Final.jar;C:\Users\刘智文\.m2\repository\io\netty\netty-transport\4.1.115.Final\netty-transport-4.1.115.Final.jar;C:\Users\刘智文\.m2\repository\io\projectreactor\reactor-core\3.6.12\reactor-core-3.6.12.jar;C:\Users\刘智文\.m2\repository\org\reactivestreams\reactive-streams\1.0.4\reactive-streams-1.0.4.jar;C:\Users\刘智文\.m2\repository\org\springframework\data\spring-data-redis\3.3.6\spring-data-redis-3.3.6.jar;C:\Users\刘智文\.m2\repository\org\springframework\data\spring-data-keyvalue\3.3.6\spring-data-keyvalue-3.3.6.jar;C:\Users\刘智文\.m2\repository\org\springframework\spring-tx\6.1.15\spring-tx-6.1.15.jar;C:\Users\刘智文\.m2\repository\org\springframework\spring-oxm\6.1.15\spring-oxm-6.1.15.jar;C:\Users\刘智文\.m2\repository\org\springframework\spring-context-support\6.1.15\spring-context-support-6.1.15.jar;C:\Users\刘智文\.m2\repository\org\springframework\boot\spring-boot-starter-data-jpa\3.3.6\spring-boot-starter-data-jpa-3.3.6.jar;C:\Users\刘智文\.m2\repository\org\springframework\boot\spring-boot-starter-jdbc\3.3.6\spring-boot-starter-jdbc-3.3.6.jar;C:\Users\刘智文\.m2\repository\com\zaxxer\HikariCP\5.1.0\HikariCP-5.1.0.jar;C:\Users\刘智文\.m2\repository\org\springframework\spring-jdbc\6.1.15\spring-jdbc-6.1.15.jar;C:\Users\刘智文\.m2\repository\org\hibernate\orm\hibernate-core\6.5.3.Final\hibernate-core-6.5.3.Final.jar;C:\Users\刘智文\.m2\repository\jakarta\persistence\jakarta.persistence-api\3.1.0\jakarta.persistence-api-3.1.0.jar;C:\Users\刘智文\.m2\repository\jakarta\transaction\jakarta.transaction-api\2.0.1\jakarta.transaction-api-2.0.1.jar;C:\Users\刘智文\.m2\repository\org\hibernate\common\hibernate-commons-annotations\6.0.6.Final\hibernate-commons-annotations-6.0.6.Final.jar;C:\Users\刘智文\.m2\repository\io\smallrye\jandex\3.1.2\jandex-3.1.2.jar;C:\Users\刘智文\.m2\repository\net\bytebuddy\byte-buddy\1.14.19\byte-buddy-1.14.19.jar;C:\Users\刘智文\.m2\repository\jakarta\inject\jakarta.inject-api\2.0.1\jakarta.inject-api-2.0.1.jar;C:\Users\刘智文\.m2\repository\org\antlr\antlr4-runtime\4.13.0\antlr4-runtime-4.13.0.jar;C:\Users\刘智文\.m2\repository\org\springframework\data\spring-data-jpa\3.3.6\spring-data-jpa-3.3.6.jar;C:\Users\刘智文\.m2\repository\org\springframework\data\spring-data-commons\3.3.6\spring-data-commons-3.3.6.jar;C:\Users\刘智文\.m2\repository\org\springframework\spring-orm\6.1.15\spring-orm-6.1.15.jar;C:\Users\刘智文\.m2\repository\org\springframework\spring-aspects\6.1.15\spring-aspects-6.1.15.jar;C:\Users\刘智文\.m2\repository\org\springframework\boot\spring-boot-starter-data-mongodb\3.3.6\spring-boot-starter-data-mongodb-3.3.6.jar;C:\Users\刘智文\.m2\repository\org\mongodb\mongodb-driver-sync\5.0.1\mongodb-driver-sync-5.0.1.jar;C:\Users\刘智文\.m2\repository\org\mongodb\bson\5.0.1\bson-5.0.1.jar;C:\Users\刘智文\.m2\repository\org\mongodb\mongodb-driver-core\5.0.1\mongodb-driver-core-5.0.1.jar;C:\Users\刘智文\.m2\repository\org\mongodb\bson-record-codec\5.0.1\bson-record-codec-5.0.1.jar;C:\Users\刘智文\.m2\repository\org\springframework\data\spring-data-mongodb\4.3.6\spring-data-mongodb-4.3.6.jar;C:\Users\刘智文\.m2\repository\org\springframework\boot\spring-boot-starter-test\3.3.6\spring-boot-starter-test-3.3.6.jar;C:\Users\刘智文\.m2\repository\org\springframework\boot\spring-boot-test\3.3.6\spring-boot-test-3.3.6.jar;C:\Users\刘智文\.m2\repository\org\springframework\boot\spring-boot-test-autoconfigure\3.3.6\spring-boot-test-autoconfigure-3.3.6.jar;C:\Users\刘智文\.m2\repository\com\jayway\jsonpath\json-path\2.9.0\json-path-2.9.0.jar;C:\Users\刘智文\.m2\repository\jakarta\xml\bind\jakarta.xml.bind-api\4.0.2\jakarta.xml.bind-api-4.0.2.jar;C:\Users\刘智文\.m2\repository\jakarta\activation\jakarta.activation-api\2.1.3\jakarta.activation-api-2.1.3.jar;C:\Users\刘智文\.m2\repository\net\minidev\json-smart\2.5.1\json-smart-2.5.1.jar;C:\Users\刘智文\.m2\repository\net\minidev\accessors-smart\2.5.1\accessors-smart-2.5.1.jar;C:\Users\刘智文\.m2\repository\org\ow2\asm\asm\9.6\asm-9.6.jar;C:\Users\刘智文\.m2\repository\org\assertj\assertj-core\3.25.3\assertj-core-3.25.3.jar;C:\Users\刘智文\.m2\repository\org\awaitility\awaitility\4.2.2\awaitility-4.2.2.jar;C:\Users\刘智文\.m2\repository\org\hamcrest\hamcrest\2.2\hamcrest-2.2.jar;C:\Users\刘智文\.m2\repository\org\junit\jupiter\junit-jupiter\5.10.5\junit-jupiter-5.10.5.jar;C:\Users\刘智文\.m2\repository\org\junit\jupiter\junit-jupiter-api\5.10.5\junit-jupiter-api-5.10.5.jar;C:\Users\刘智文\.m2\repository\org\opentest4j\opentest4j\1.3.0\opentest4j-1.3.0.jar;C:\Users\刘智文\.m2\repository\org\junit\platform\junit-platform-commons\1.10.5\junit-platform-commons-1.10.5.jar;C:\Users\刘智文\.m2\repository\org\apiguardian\apiguardian-api\1.1.2\apiguardian-api-1.1.2.jar;C:\Users\刘智文\.m2\repository\org\junit\jupiter\junit-jupiter-params\5.10.5\junit-jupiter-params-5.10.5.jar;C:\Users\刘智文\.m2\repository\org\junit\jupiter\junit-jupiter-engine\5.10.5\junit-jupiter-engine-5.10.5.jar;C:\Users\刘智文\.m2\repository\org\junit\platform\junit-platform-engine\1.10.5\junit-platform-engine-1.10.5.jar;C:\Users\刘智文\.m2\repository\org\mockito\mockito-core\5.11.0\mockito-core-5.11.0.jar;C:\Users\刘智文\.m2\repository\net\bytebuddy\byte-buddy-agent\1.14.19\byte-buddy-agent-1.14.19.jar;C:\Users\刘智文\.m2\repository\org\objenesis\objenesis\3.3\objenesis-3.3.jar;C:\Users\刘智文\.m2\repository\org\mockito\mockito-junit-jupiter\5.11.0\mockito-junit-jupiter-5.11.0.jar;C:\Users\刘智文\.m2\repository\org\skyscreamer\jsonassert\1.5.3\jsonassert-1.5.3.jar;C:\Users\刘智文\.m2\repository\com\vaadin\external\google\android-json\0.0.20131108.vaadin1\android-json-0.0.20131108.vaadin1.jar;C:\Users\刘智文\.m2\repository\org\springframework\spring-core\6.1.15\spring-core-6.1.15.jar;C:\Users\刘智文\.m2\repository\org\springframework\spring-jcl\6.1.15\spring-jcl-6.1.15.jar;C:\Users\刘智文\.m2\repository\org\springframework\spring-test\6.1.15\spring-test-6.1.15.jar;C:\Users\刘智文\.m2\repository\org\xmlunit\xmlunit-core\2.9.1\xmlunit-core-2.9.1.jar;C:\Users\刘智文\.m2\repository\org\projectlombok\lombok\1.18.36\lombok-1.18.36.jar;C:\Users\刘智文\.m2\repository\com\mysql\mysql-connector-j\9.1.0\mysql-connector-j-9.1.0.jar;C:\Users\刘智文\.m2\repository\com\google\protobuf\protobuf-java\4.26.1\protobuf-java-4.26.1.jar;C:\Users\刘智文\.m2\repository\com\alibaba\druid-spring-boot-starter\1.2.24\druid-spring-boot-starter-1.2.24.jar;C:\Users\刘智文\.m2\repository\com\alibaba\druid\1.2.24\druid-1.2.24.jar;C:\Users\刘智文\.m2\repository\org\slf4j\slf4j-api\2.0.16\slf4j-api-2.0.16.jar;C:\Users\刘智文\.m2\repository\org\springframework\boot\spring-boot-autoconfigure\3.3.6\spring-boot-autoconfigure-3.3.6.jar;C:\Users\刘智文\.m2\repository\org\glassfish\jaxb\jaxb-runtime\4.0.5\jaxb-runtime-4.0.5.jar;C:\Users\刘智文\.m2\repository\org\glassfish\jaxb\jaxb-core\4.0.5\jaxb-core-4.0.5.jar;C:\Users\刘智文\.m2\repository\org\eclipse\angus\angus-activation\2.0.2\angus-activation-2.0.2.jar;C:\Users\刘智文\.m2\repository\org\glassfish\jaxb\txw2\4.0.5\txw2-4.0.5.jar;C:\Users\刘智文\.m2\repository\com\sun\istack\istack-commons-runtime\4.1.2\istack-commons-runtime-4.1.2.jar;C:\Users\刘智文\.m2\repository\org\apache\rocketmq\rocketmq-spring-boot-starter\2.3.1\rocketmq-spring-boot-starter-2.3.1.jar;C:\Users\刘智文\.m2\repository\org\apache\rocketmq\rocketmq-spring-boot\2.3.1\rocketmq-spring-boot-2.3.1.jar;C:\Users\刘智文\.m2\repository\org\apache\rocketmq\rocketmq-client\5.3.0\rocketmq-client-5.3.0.jar;C:\Users\刘智文\.m2\repository\org\apache\rocketmq\rocketmq-remoting\5.3.0\rocketmq-remoting-5.3.0.jar;C:\Users\刘智文\.m2\repository\org\reflections\reflections\0.9.11\reflections-0.9.11.jar;C:\Users\刘智文\.m2\repository\org\javassist\javassist\3.21.0-GA\javassist-3.21.0-GA.jar;C:\Users\刘智文\.m2\repository\org\apache\commons\commons-lang3\3.14.0\commons-lang3-3.14.0.jar;C:\Users\刘智文\.m2\repository\io\github\aliyunmq\rocketmq-slf4j-api\1.0.1\rocketmq-slf4j-api-1.0.1.jar;C:\Users\刘智文\.m2\repository\io\github\aliyunmq\rocketmq-logback-classic\1.0.1\rocketmq-logback-classic-1.0.1.jar;C:\Users\刘智文\.m2\repository\org\apache\rocketmq\rocketmq-acl\5.3.0\rocketmq-acl-5.3.0.jar;C:\Users\刘智文\.m2\repository\org\apache\rocketmq\rocketmq-proto\2.0.3\rocketmq-proto-2.0.3.jar;C:\Users\刘智文\.m2\repository\org\apache\rocketmq\rocketmq-common\5.3.0\rocketmq-common-5.3.0.jar;C:\Users\刘智文\.m2\repository\com\alibaba\fastjson\1.2.83\fastjson-1.2.83.jar;C:\Users\刘智文\.m2\repository\com\alibaba\fastjson2\fastjson2\2.0.43\fastjson2-2.0.43.jar;C:\Users\刘智文\.m2\repository\io\netty\netty-all\4.1.115.Final\netty-all-4.1.115.Final.jar;C:\Users\刘智文\.m2\repository\io\netty\netty-codec-dns\4.1.115.Final\netty-codec-dns-4.1.115.Final.jar;C:\Users\刘智文\.m2\repository\io\netty\netty-codec-haproxy\4.1.115.Final\netty-codec-haproxy-4.1.115.Final.jar;C:\Users\刘智文\.m2\repository\io\netty\netty-codec-http\4.1.115.Final\netty-codec-http-4.1.115.Final.jar;C:\Users\刘智文\.m2\repository\io\netty\netty-codec-http2\4.1.115.Final\netty-codec-http2-4.1.115.Final.jar;C:\Users\刘智文\.m2\repository\io\netty\netty-codec-memcache\4.1.115.Final\netty-codec-memcache-4.1.115.Final.jar;C:\Users\刘智文\.m2\repository\io\netty\netty-codec-mqtt\4.1.115.Final\netty-codec-mqtt-4.1.115.Final.jar;C:\Users\刘智文\.m2\repository\io\netty\netty-codec-redis\4.1.115.Final\netty-codec-redis-4.1.115.Final.jar;C:\Users\刘智文\.m2\repository\io\netty\netty-codec-smtp\4.1.115.Final\netty-codec-smtp-4.1.115.Final.jar;C:\Users\刘智文\.m2\repository\io\netty\netty-codec-socks\4.1.115.Final\netty-codec-socks-4.1.115.Final.jar;C:\Users\刘智文\.m2\repository\io\netty\netty-codec-stomp\4.1.115.Final\netty-codec-stomp-4.1.115.Final.jar;C:\Users\刘智文\.m2\repository\io\netty\netty-codec-xml\4.1.115.Final\netty-codec-xml-4.1.115.Final.jar;C:\Users\刘智文\.m2\repository\io\netty\netty-handler-proxy\4.1.115.Final\netty-handler-proxy-4.1.115.Final.jar;C:\Users\刘智文\.m2\repository\io\netty\netty-handler-ssl-ocsp\4.1.115.Final\netty-handler-ssl-ocsp-4.1.115.Final.jar;C:\Users\刘智文\.m2\repository\io\netty\netty-resolver-dns\4.1.115.Final\netty-resolver-dns-4.1.115.Final.jar;C:\Users\刘智文\.m2\repository\io\netty\netty-transport-rxtx\4.1.115.Final\netty-transport-rxtx-4.1.115.Final.jar;C:\Users\刘智文\.m2\repository\io\netty\netty-transport-sctp\4.1.115.Final\netty-transport-sctp-4.1.115.Final.jar;C:\Users\刘智文\.m2\repository\io\netty\netty-transport-udt\4.1.115.Final\netty-transport-udt-4.1.115.Final.jar;C:\Users\刘智文\.m2\repository\io\netty\netty-transport-classes-epoll\4.1.115.Final\netty-transport-classes-epoll-4.1.115.Final.jar;C:\Users\刘智文\.m2\repository\io\netty\netty-transport-classes-kqueue\4.1.115.Final\netty-transport-classes-kqueue-4.1.115.Final.jar;C:\Users\刘智文\.m2\repository\io\netty\netty-resolver-dns-classes-macos\4.1.115.Final\netty-resolver-dns-classes-macos-4.1.115.Final.jar;C:\Users\刘智文\.m2\repository\io\netty\netty-transport-native-epoll\4.1.115.Final\netty-transport-native-epoll-4.1.115.Final-linux-x86_64.jar;C:\Users\刘智文\.m2\repository\io\netty\netty-transport-native-epoll\4.1.115.Final\netty-transport-native-epoll-4.1.115.Final-linux-aarch_64.jar;C:\Users\刘智文\.m2\repository\io\netty\netty-transport-native-epoll\4.1.115.Final\netty-transport-native-epoll-4.1.115.Final-linux-riscv64.jar;C:\Users\刘智文\.m2\repository\io\netty\netty-transport-native-kqueue\4.1.115.Final\netty-transport-native-kqueue-4.1.115.Final-osx-x86_64.jar;C:\Users\刘智文\.m2\repository\io\netty\netty-transport-native-kqueue\4.1.115.Final\netty-transport-native-kqueue-4.1.115.Final-osx-aarch_64.jar;C:\Users\刘智文\.m2\repository\io\netty\netty-resolver-dns-native-macos\4.1.115.Final\netty-resolver-dns-native-macos-4.1.115.Final-osx-x86_64.jar;C:\Users\刘智文\.m2\repository\io\netty\netty-resolver-dns-native-macos\4.1.115.Final\netty-resolver-dns-native-macos-4.1.115.Final-osx-aarch_64.jar;C:\Users\刘智文\.m2\repository\com\github\luben\zstd-jni\1.5.2-2\zstd-jni-1.5.2-2.jar;C:\Users\刘智文\.m2\repository\org\lz4\lz4-java\1.8.0\lz4-java-1.8.0.jar;C:\Users\刘智文\.m2\repository\io\opentelemetry\opentelemetry-exporter-otlp\1.38.0\opentelemetry-exporter-otlp-1.38.0.jar;C:\Users\刘智文\.m2\repository\io\opentelemetry\opentelemetry-sdk-trace\1.38.0\opentelemetry-sdk-trace-1.38.0.jar;C:\Users\刘智文\.m2\repository\io\opentelemetry\opentelemetry-sdk-metrics\1.38.0\opentelemetry-sdk-metrics-1.38.0.jar;C:\Users\刘智文\.m2\repository\io\opentelemetry\opentelemetry-api-incubator\1.38.0-alpha\opentelemetry-api-incubator-1.38.0-alpha.jar;C:\Users\刘智文\.m2\repository\io\opentelemetry\opentelemetry-sdk-logs\1.38.0\opentelemetry-sdk-logs-1.38.0.jar;C:\Users\刘智文\.m2\repository\io\opentelemetry\opentelemetry-exporter-otlp-common\1.38.0\opentelemetry-exporter-otlp-common-1.38.0.jar;C:\Users\刘智文\.m2\repository\io\opentelemetry\opentelemetry-exporter-common\1.38.0\opentelemetry-exporter-common-1.38.0.jar;C:\Users\刘智文\.m2\repository\io\opentelemetry\opentelemetry-exporter-sender-okhttp\1.38.0\opentelemetry-exporter-sender-okhttp-1.38.0.jar;C:\Users\刘智文\.m2\repository\com\squareup\okhttp3\okhttp\4.12.0\okhttp-4.12.0.jar;C:\Users\刘智文\.m2\repository\com\squareup\okio\okio\3.6.0\okio-3.6.0.jar;C:\Users\刘智文\.m2\repository\org\jetbrains\kotlin\kotlin-stdlib-jdk8\1.9.25\kotlin-stdlib-jdk8-1.9.25.jar;C:\Users\刘智文\.m2\repository\org\jetbrains\kotlin\kotlin-stdlib\1.9.25\kotlin-stdlib-1.9.25.jar;C:\Users\刘智文\.m2\repository\org\jetbrains\annotations\13.0\annotations-13.0.jar;C:\Users\刘智文\.m2\repository\org\jetbrains\kotlin\kotlin-stdlib-jdk7\1.9.25\kotlin-stdlib-jdk7-1.9.25.jar;C:\Users\刘智文\.m2\repository\io\opentelemetry\opentelemetry-sdk-extension-autoconfigure-spi\1.38.0\opentelemetry-sdk-extension-autoconfigure-spi-1.38.0.jar;C:\Users\刘智文\.m2\repository\io\opentelemetry\opentelemetry-exporter-prometheus\1.29.0-alpha\opentelemetry-exporter-prometheus-1.29.0-alpha.jar;C:\Users\刘智文\.m2\repository\io\opentelemetry\opentelemetry-exporter-logging\1.38.0\opentelemetry-exporter-logging-1.38.0.jar;C:\Users\刘智文\.m2\repository\io\opentelemetry\opentelemetry-sdk\1.38.0\opentelemetry-sdk-1.38.0.jar;C:\Users\刘智文\.m2\repository\io\opentelemetry\opentelemetry-api\1.38.0\opentelemetry-api-1.38.0.jar;C:\Users\刘智文\.m2\repository\io\opentelemetry\opentelemetry-context\1.38.0\opentelemetry-context-1.38.0.jar;C:\Users\刘智文\.m2\repository\io\opentelemetry\opentelemetry-sdk-common\1.38.0\opentelemetry-sdk-common-1.38.0.jar;C:\Users\刘智文\.m2\repository\io\opentelemetry\opentelemetry-exporter-logging-otlp\1.38.0\opentelemetry-exporter-logging-otlp-1.38.0.jar;C:\Users\刘智文\.m2\repository\io\grpc\grpc-stub\1.53.0\grpc-stub-1.53.0.jar;C:\Users\刘智文\.m2\repository\io\grpc\grpc-api\1.53.0\grpc-api-1.53.0.jar;C:\Users\刘智文\.m2\repository\io\grpc\grpc-context\1.53.0\grpc-context-1.53.0.jar;C:\Users\刘智文\.m2\repository\io\grpc\grpc-netty-shaded\1.53.0\grpc-netty-shaded-1.53.0.jar;C:\Users\刘智文\.m2\repository\io\perfmark\perfmark-api\0.25.0\perfmark-api-0.25.0.jar;C:\Users\刘智文\.m2\repository\io\grpc\grpc-core\1.53.0\grpc-core-1.53.0.jar;C:\Users\刘智文\.m2\repository\com\google\code\gson\gson\2.10.1\gson-2.10.1.jar;C:\Users\刘智文\.m2\repository\com\google\android\annotations\4.1.1.4\annotations-4.1.1.4.jar;C:\Users\刘智文\.m2\repository\org\codehaus\mojo\animal-sniffer-annotations\1.21\animal-sniffer-annotations-1.21.jar;C:\Users\刘智文\.m2\repository\com\squareup\okio\okio-jvm\3.4.0\okio-jvm-3.4.0.jar;C:\Users\刘智文\.m2\repository\org\apache\rocketmq\rocketmq-srvutil\5.3.0\rocketmq-srvutil-5.3.0.jar;C:\Users\刘智文\.m2\repository\commons-cli\commons-cli\1.5.0\commons-cli-1.5.0.jar;C:\Users\刘智文\.m2\repository\com\googlecode\concurrentlinkedhashmap\concurrentlinkedhashmap-lru\1.4.2\concurrentlinkedhashmap-lru-1.4.2.jar;C:\Users\刘智文\.m2\repository\commons-validator\commons-validator\1.7\commons-validator-1.7.jar;C:\Users\刘智文\.m2\repository\commons-beanutils\commons-beanutils\1.9.4\commons-beanutils-1.9.4.jar;C:\Users\刘智文\.m2\repository\commons-digester\commons-digester\2.1\commons-digester-2.1.jar;C:\Users\刘智文\.m2\repository\commons-logging\commons-logging\1.2\commons-logging-1.2.jar;C:\Users\刘智文\.m2\repository\commons-collections\commons-collections\3.2.2\commons-collections-3.2.2.jar;C:\Users\刘智文\.m2\repository\com\google\protobuf\protobuf-java-util\3.20.1\protobuf-java-util-3.20.1.jar;C:\Users\刘智文\.m2\repository\org\springframework\spring-messaging\6.1.15\spring-messaging-6.1.15.jar;C:\Users\刘智文\.m2\repository\org\springframework\cloud\spring-cloud-starter-openfeign\4.1.4\spring-cloud-starter-openfeign-4.1.4.jar;C:\Users\刘智文\.m2\repository\org\springframework\cloud\spring-cloud-starter\4.1.5\spring-cloud-starter-4.1.5.jar;C:\Users\刘智文\.m2\repository\org\springframework\security\spring-security-rsa\1.1.3\spring-security-rsa-1.1.3.jar;C:\Users\刘智文\.m2\repository\org\bouncycastle\bcprov-jdk18on\1.78\bcprov-jdk18on-1.78.jar;C:\Users\刘智文\.m2\repository\org\springframework\cloud\spring-cloud-commons\4.1.5\spring-cloud-commons-4.1.5.jar;C:\Users\刘智文\.m2\repository\org\springframework\security\spring-security-crypto\6.3.5\spring-security-crypto-6.3.5.jar;C:\Users\刘智文\.m2\repository\io\github\openfeign\feign-core\13.5\feign-core-13.5.jar;C:\Users\刘智文\.m2\repository\io\github\openfeign\feign-slf4j\13.5\feign-slf4j-13.5.jar;C:\Users\刘智文\.m2\repository\org\springframework\cloud\spring-cloud-openfeign-core\4.1.4\spring-cloud-openfeign-core-4.1.4.jar;C:\Users\刘智文\.m2\repository\io\github\openfeign\feign-form-spring\13.5\feign-form-spring-13.5.jar;C:\Users\刘智文\.m2\repository\io\github\openfeign\feign-form\13.5\feign-form-13.5.jar;C:\Users\刘智文\.m2\repository\commons-fileupload\commons-fileupload\1.5\commons-fileupload-1.5.jar;C:\Users\刘智文\.m2\repository\commons-io\commons-io\2.11.0\commons-io-2.11.0.jar;C:\Users\刘智文\.m2\repository\com\alibaba\cloud\spring-cloud-starter-alibaba-nacos-config\2023.0.1.2\spring-cloud-starter-alibaba-nacos-config-2023.0.1.2.jar;C:\Users\刘智文\.m2\repository\com\alibaba\cloud\spring-cloud-alibaba-commons\2023.0.1.2\spring-cloud-alibaba-commons-2023.0.1.2.jar;C:\Users\刘智文\.m2\repository\com\alibaba\spring\spring-context-support\1.0.11\spring-context-support-1.0.11.jar;C:\Users\刘智文\.m2\repository\com\alibaba\nacos\nacos-client\2.3.2\nacos-client-2.3.2.jar;C:\Users\刘智文\.m2\repository\com\alibaba\nacos\nacos-auth-plugin\2.3.2\nacos-auth-plugin-2.3.2.jar;C:\Users\刘智文\.m2\repository\com\alibaba\nacos\nacos-encryption-plugin\2.3.2\nacos-encryption-plugin-2.3.2.jar;C:\Users\刘智文\.m2\repository\commons-codec\commons-codec\1.16.1\commons-codec-1.16.1.jar;C:\Users\刘智文\.m2\repository\com\fasterxml\jackson\core\jackson-core\2.17.3\jackson-core-2.17.3.jar;C:\Users\刘智文\.m2\repository\org\apache\httpcomponents\httpasyncclient\4.1.5\httpasyncclient-4.1.5.jar;C:\Users\刘智文\.m2\repository\org\apache\httpcomponents\httpcore-nio\4.4.16\httpcore-nio-4.4.16.jar;C:\Users\刘智文\.m2\repository\org\apache\httpcomponents\httpclient\4.5.13\httpclient-4.5.13.jar;C:\Users\刘智文\.m2\repository\org\apache\httpcomponents\httpcore\4.4.16\httpcore-4.4.16.jar;C:\Users\刘智文\.m2\repository\io\prometheus\simpleclient\0.16.0\simpleclient-0.16.0.jar;C:\Users\刘智文\.m2\repository\io\prometheus\simpleclient_tracer_otel\0.16.0\simpleclient_tracer_otel-0.16.0.jar;C:\Users\刘智文\.m2\repository\io\prometheus\simpleclient_tracer_common\0.16.0\simpleclient_tracer_common-0.16.0.jar;C:\Users\刘智文\.m2\repository\io\prometheus\simpleclient_tracer_otel_agent\0.16.0\simpleclient_tracer_otel_agent-0.16.0.jar;C:\Users\刘智文\.m2\repository\org\springframework\cloud\spring-cloud-context\4.1.5\spring-cloud-context-4.1.5.jar;C:\Users\刘智文\.m2\repository\jakarta\annotation\jakarta.annotation-api\2.1.1\jakarta.annotation-api-2.1.1.jar;C:\Users\刘智文\.m2\repository\com\alibaba\cloud\spring-cloud-starter-alibaba-nacos-discovery\2023.0.1.2\spring-cloud-starter-alibaba-nacos-discovery-2023.0.1.2.jar;C:\Users\刘智文\.m2\repository\org\springframework\cloud\spring-cloud-starter-bootstrap\4.1.5\spring-cloud-starter-bootstrap-4.1.5.jar;"/>
    <property name="sun.cpu.endian" value="little"/>
    <property name="user.home" value="C:\Users\刘智文"/>
    <property name="user.language" value="zh"/>
    <property name="java.specification.vendor" value="Oracle Corporation"/>
    <property name="java.version.date" value="2024-01-16"/>
    <property name="java.home" value="D:\JAVA\jdk-17_windows-x64_bin\jdk-17.0.10"/>
    <property name="file.separator" value="\"/>
    <property name="basedir" value="D:\JAVA\oomall-2023-1\product"/>
    <property name="java.vm.compressedOopsMode" value="Zero based"/>
    <property name="line.separator" value="&#10;"/>
    <property name="java.vm.specification.vendor" value="Oracle Corporation"/>
    <property name="java.specification.name" value="Java Platform API Specification"/>
    <property name="FILE_LOG_CHARSET" value="UTF-8"/>
    <property name="java.awt.headless" value="true"/>
    <property name="surefire.real.class.path" value="C:\Users\刘智文\AppData\Local\Temp\surefire7420327723374651456\surefirebooter-20241204221422799_3.jar"/>
    <property name="user.script" value=""/>
    <property name="sun.management.compiler" value="HotSpot 64-Bit Tiered Compilers"/>
    <property name="java.runtime.version" value="17.0.10+11-LTS-240"/>
    <property name="user.name" value="刘智文"/>
    <property name="path.separator" value=";"/>
    <property name="os.version" value="10.0"/>
    <property name="java.runtime.name" value="Java(TM) SE Runtime Environment"/>
    <property name="file.encoding" value="UTF-8"/>
    <property name="java.vm.name" value="Java HotSpot(TM) 64-Bit Server VM"/>
    <property name="rocketmq.remoting.version" value="473"/>
    <property name="localRepository" value="C:\Users\刘智文\.m2\repository"/>
    <property name="java.vendor.url.bug" value="https://bugreport.java.com/bugreport/"/>
    <property name="java.io.tmpdir" value="C:\Users\刘智文\AppData\Local\Temp\"/>
    <property name="idea.version" value="2024.1.4"/>
    <property name="java.version" value="17.0.10"/>
    <property name="user.dir" value="D:\JAVA\oomall-2023-1\product"/>
    <property name="os.arch" value="amd64"/>
    <property name="java.vm.specification.name" value="Java Virtual Machine Specification"/>
    <property name="PID" value="41176"/>
    <property name="sun.os.patch.level" value=""/>
    <property name="CONSOLE_LOG_CHARSET" value="UTF-8"/>
    <property name="native.encoding" value="GBK"/>
    <property name="java.library.path" value="D:\JAVA\jdk-17_windows-x64_bin\jdk-17.0.10\bin;C:\WINDOWS\Sun\Java\bin;C:\WINDOWS\system32;C:\WINDOWS;C:\Program Files (x86)\Common Files\NetSarang;D:\VMware\bin\;C:\ProgramData\Oracle\Java\javapath;D:\vmware17\bin\;C:\Program Files\PlasticSCM5\client;D:\Python\Ptyhon1;D:\Python\Ptyhon1\Library\mingw-w64\bin;D:\Python\Ptyhon1\Library\usr\bin;D:\Python\Ptyhon1\Library\bin;D:\Python\Ptyhon1\Scripts;D:\JAVA\JDK\bin;C:\Program Files\Common Files\Oracle\Java\javapath;C:\Program Files (x86)\Common Files\Oracle\Java\javapath;C:\Program Files\Microsoft\jdk-11.0.16.101-hotspot\bin;C:\Windows\system32;C:\Windows;C:\Windows\System32\Wbem;C:\Windows\System32\WindowsPowerShell\v1.0\;C:\Windows\System32\OpenSSH\;C:\Program Files (x86)\NVIDIA Corporation\PhysX\Common;C:\Program Files\NVIDIA Corporation\NVIDIA NvDLISR;C:\WINDOWS\system32;C:\WINDOWS;C:\WINDOWS\System32\Wbem;C:\WINDOWS\System32\WindowsPowerShell\v1.0\;C:\WINDOWS\System32\OpenSSH\;C:\Program Files\dotnet\;D:\刘智文\微信web开发者工具\dll;D:\DataBA;e\CodeArts IDE\bin;D:\JAVA\apache-tomcat-9.0.90-windows-x64\apache-tomcat-9.0.90\bin;C:\Program Files\MySQL\MySQL Server 9.0\bin;D:\SQL2019\150\Tools\Binn\;C:\Program Files\Microsoft SQL Server\150\Tools\Binn\;D:\SQL2019\150\DTS\Binn\;C:\Program Files\Microsoft SQL Server\150\DTS\Binn\;C:\Program Files\Microsoft SQL Server\Client SDK\ODBC\170\Tools\Binn\;C:\Program Files\Azure Data Studio\bin;C:\Program Files\Microsoft SQL Server\130\DTS\Binn\;C:\Program Files\Microsoft SQL Server\140\DTS\Binn\;C:\Program Files\Microsoft SQL Server\160\DTS\Binn\;D:\node\;D:\DM\Graphviz\bin;C:\Program Files\Git\cmd;D:\JAVA\Maven\apache-maven-3.8.8-bin\apache-maven-3.8.8\bin;D:\DM\Anaconda;D:\DM\Anaconda\Library\mingw-w64\bin;D:\DM\Anaconda\Library\usr\bin;D:\DM\Anaconda\Library\bin;D:\DM\Anaconda\Scripts;C:\Users\刘智文\AppData\Local\Microsoft\WindowsApps;D:\Python\Scripts\;D:\Python\;C:\Users\刘智文\AppData\Local\Programs\Python\Python38\;C:\Users\刘智文\AppData\Local\Microsoft\WindowsApps;C:\Program Files (x86)\Tencent\QQGameTempest\Hall.57915\;C:\Users\刘智文\.dotnet\tools;D:\Program Files\JetBrains\PyCharm Community Edition 2022.3.3\bin;;D:\刘智文\Microsoft VS Code\bin;D:\JAVA\apache-tomcat-9.0.90-windows-x64\apache-tomcat-9.0.90\bin;D:\JAVA\IntelliJ IDEA 2024.1.4\bin;;C:\Program Files\Azure Data Studio\bin;C:\Users\刘智文\AppData\Roaming\npm;."/>
    <property name="java.vm.info" value="mixed mode, sharing"/>
    <property name="java.vendor" value="Oracle Corporation"/>
    <property name="java.vm.version" value="17.0.10+11-LTS-240"/>
    <property name="sun.io.unicode.encoding" value="UnicodeLittle"/>
    <property name="java.class.version" value="61.0"/>
    <property name="LOGGED_APPLICATION_NAME" value="[product-service] "/>
  </properties>
  <testcase name="testGetOnsaleGivenFail2" classname="cn.edu.xmu.oomall.product.controller.UnAuthorizedController2Test" time="0.101">
    <system-out><![CDATA[2024-12-04 22:17:18.094 [main] DEBUG cn.edu.xmu.javaee.core.util.JwtHelper - createToken:
2024-12-04 22:17:18.094 [main] DEBUG cn.edu.xmu.javaee.core.util.JwtHelper - createToken: userId = 1 userName=13088admin departId=0 tokenId:202412042217180KPA
2024-12-04 22:17:18.145 [main] DEBUG cn.edu.xmu.javaee.core.aop.ControllerAspect - doAround: method = findProductById, paramNames = [id]
2024-12-04 22:17:18.145 [main] DEBUG cn.edu.xmu.javaee.core.aop.ControllerAspect - checkPageTimeLimit: paramNames[0] = id
2024-12-04 22:17:18.145 [main] DEBUG cn.edu.xmu.oomall.product.service.ProductService - findProductById: id = 600
2024-12-04 22:17:18.146 [main] INFO  cn.edu.xmu.javaee.core.aop.ControllerAspect - doAround: BusinessException， errno = RESOURCE_ID_NOTEXIST
2024-12-04 22:17:18.146 [main] DEBUG cn.edu.xmu.javaee.core.aop.ControllerAspect - doAround: jp = findProductById, code = RESOURCE_ID_NOTEXIST
]]></system-out>
  </testcase>
  <testcase name="testGetOnsaleGivenFail" classname="cn.edu.xmu.oomall.product.controller.UnAuthorizedController2Test" time="0.105">
    <system-out><![CDATA[2024-12-04 22:17:18.250 [main] DEBUG cn.edu.xmu.javaee.core.aop.ControllerAspect - doAround: method = findOnsaleById, paramNames = [id]
2024-12-04 22:17:18.250 [main] DEBUG cn.edu.xmu.javaee.core.aop.ControllerAspect - checkPageTimeLimit: paramNames[0] = id
2024-12-04 22:17:18.250 [main] DEBUG cn.edu.xmu.oomall.product.service.ProductService - findByOnsaleId: onsaleId = 150
2024-12-04 22:17:18.250 [main] INFO  cn.edu.xmu.javaee.core.aop.ControllerAspect - doAround: BusinessException， errno = RESOURCE_ID_NOTEXIST
2024-12-04 22:17:18.251 [main] DEBUG cn.edu.xmu.javaee.core.aop.ControllerAspect - doAround: jp = findOnsaleById, code = RESOURCE_ID_NOTEXIST
]]></system-out>
  </testcase>
  <testcase name="testGetOnsaleGivenSuccess" classname="cn.edu.xmu.oomall.product.controller.UnAuthorizedController2Test" time="1.26">
    <system-out><![CDATA[2024-12-04 22:17:18.355 [main] DEBUG cn.edu.xmu.javaee.core.aop.ControllerAspect - doAround: method = findOnsaleById, paramNames = [id]
2024-12-04 22:17:18.355 [main] DEBUG cn.edu.xmu.javaee.core.aop.ControllerAspect - checkPageTimeLimit: paramNames[0] = id
2024-12-04 22:17:18.355 [main] DEBUG cn.edu.xmu.oomall.product.service.ProductService - findByOnsaleId: onsaleId = 2
2024-12-04 22:17:18.355 [main] DEBUG cn.edu.xmu.oomall.product.dao.onsale.OnSaleDao - findById: id =2
2024-12-04 22:17:18.407 [main] DEBUG cn.edu.xmu.javaee.core.aop.DaoAspect - doAround: obj = cn.edu.xmu.oomall.product.dao.onsale.OnSaleDao@6ca0fdd0, method = findById
2024-12-04 22:17:18.407 [main] DEBUG cn.edu.xmu.oomall.product.dao.ProductDao - findOnsaleById: id = 2
2024-12-04 22:17:18.460 [main] DEBUG cn.edu.xmu.javaee.core.aop.DaoAspect - doAround: obj = cn.edu.xmu.oomall.product.dao.ProductDao@6be1ba6c, method = findByOnsale
2024-12-04 22:17:18.463 [main] DEBUG cn.edu.xmu.oomall.product.dao.bo.Product - getStatus: id =1551
2024-12-04 22:17:18.463 [main] DEBUG cn.edu.xmu.oomall.product.dao.bo.Product - getValidOnsale: onsaleExecutor = cn.edu.xmu.oomall.product.dao.onsale.SpecOnSaleExecutor@614d5111
2024-12-04 22:17:18.463 [main] DEBUG c.e.x.oomall.product.dao.onsale.SpecOnSaleExecutor - execute: onsaleId = 2
2024-12-04 22:17:18.463 [main] DEBUG cn.edu.xmu.oomall.product.dao.onsale.OnSaleDao - findById: id =2
2024-12-04 22:17:18.465 [main] DEBUG cn.edu.xmu.javaee.core.aop.DaoAspect - doAround: obj = cn.edu.xmu.oomall.product.dao.onsale.OnSaleDao@6ca0fdd0, method = findById
2024-12-04 22:17:18.465 [main] DEBUG cn.edu.xmu.oomall.product.dao.bo.Product - getValidOnsale: validOnsale = OnSale(super=OOMallObject(id=2, creatorId=1, creatorName=admin, modifierId=null, modifierName=null, gmtCreate=2021-11-11T14:38:20, gmtModified=null), price=473, beginTime=2021-11-11T14:38:20, endTime=2029-02-19T14:38:20, quantity=97, maxQuantity=50, shopId=3, productId=1551, type=3, deposit=0, payTime=null)
2024-12-04 22:17:18.465 [main] DEBUG cn.edu.xmu.oomall.product.dao.bo.Product - getValidOnsale: validOnsale = OnSale(super=OOMallObject(id=2, creatorId=1, creatorName=admin, modifierId=null, modifierName=null, gmtCreate=2021-11-11T14:38:20, gmtModified=null), price=473, beginTime=2021-11-11T14:38:20, endTime=2029-02-19T14:38:20, quantity=97, maxQuantity=50, shopId=3, productId=1551, type=3, deposit=0, payTime=null)
2024-12-04 22:17:18.465 [main] DEBUG cn.edu.xmu.oomall.product.dao.bo.Product - getValidOnsale: validOnsale = OnSale(super=OOMallObject(id=2, creatorId=1, creatorName=admin, modifierId=null, modifierName=null, gmtCreate=2021-11-11T14:38:20, gmtModified=null), price=473, beginTime=2021-11-11T14:38:20, endTime=2029-02-19T14:38:20, quantity=97, maxQuantity=50, shopId=3, productId=1551, type=3, deposit=0, payTime=null)
2024-12-04 22:17:18.527 [main] DEBUG cn.edu.xmu.oomall.product.dao.bo.Product - getValidOnsale: onsaleExecutor = cn.edu.xmu.oomall.product.dao.onsale.ValidOnSaleExecutor@2ff34329
2024-12-04 22:17:18.527 [main] DEBUG c.e.x.o.product.dao.onsale.ValidOnSaleExecutor - execute: productId = 1551
2024-12-04 22:17:18.528 [main] DEBUG cn.edu.xmu.oomall.product.dao.onsale.OnSaleDao - findLatestValidOnsale: id =1551
2024-12-04 22:17:18.587 [main] DEBUG cn.edu.xmu.javaee.core.aop.DaoAspect - doAround: obj = cn.edu.xmu.oomall.product.dao.onsale.OnSaleDao@6ca0fdd0, method = findLatestValidOnsaleByProductId
2024-12-04 22:17:18.588 [main] DEBUG cn.edu.xmu.oomall.product.dao.bo.Product - getValidOnsale: validOnsale = OnSale(super=OOMallObject(id=2, creatorId=1, creatorName=admin, modifierId=null, modifierName=null, gmtCreate=2021-11-11T14:38:20, gmtModified=null), price=473, beginTime=2021-11-11T14:38:20, endTime=2029-02-19T14:38:20, quantity=97, maxQuantity=50, shopId=3, productId=1551, type=3, deposit=0, payTime=null)
2024-12-04 22:17:18.588 [main] DEBUG cn.edu.xmu.oomall.product.dao.bo.Product - getValidOnsale: validOnsale = OnSale(super=OOMallObject(id=2, creatorId=1, creatorName=admin, modifierId=null, modifierName=null, gmtCreate=2021-11-11T14:38:20, gmtModified=null), price=473, beginTime=2021-11-11T14:38:20, endTime=2029-02-19T14:38:20, quantity=97, maxQuantity=50, shopId=3, productId=1551, type=3, deposit=0, payTime=null)
2024-12-04 22:17:18.588 [main] DEBUG cn.edu.xmu.oomall.product.dao.bo.Product - getStatus: id =1551
2024-12-04 22:17:18.588 [main] DEBUG cn.edu.xmu.oomall.product.dao.bo.Product - getValidOnsale: validOnsale = OnSale(super=OOMallObject(id=2, creatorId=1, creatorName=admin, modifierId=null, modifierName=null, gmtCreate=2021-11-11T14:38:20, gmtModified=null), price=473, beginTime=2021-11-11T14:38:20, endTime=2029-02-19T14:38:20, quantity=97, maxQuantity=50, shopId=3, productId=1551, type=3, deposit=0, payTime=null)
2024-12-04 22:17:18.588 [main] DEBUG cn.edu.xmu.oomall.product.dao.bo.Product - getValidOnsale: validOnsale = OnSale(super=OOMallObject(id=2, creatorId=1, creatorName=admin, modifierId=null, modifierName=null, gmtCreate=2021-11-11T14:38:20, gmtModified=null), price=473, beginTime=2021-11-11T14:38:20, endTime=2029-02-19T14:38:20, quantity=97, maxQuantity=50, shopId=3, productId=1551, type=3, deposit=0, payTime=null)
2024-12-04 22:17:18.588 [main] DEBUG cn.edu.xmu.oomall.product.dao.bo.Product - getValidOnsale: validOnsale = OnSale(super=OOMallObject(id=2, creatorId=1, creatorName=admin, modifierId=null, modifierName=null, gmtCreate=2021-11-11T14:38:20, gmtModified=null), price=473, beginTime=2021-11-11T14:38:20, endTime=2029-02-19T14:38:20, quantity=97, maxQuantity=50, shopId=3, productId=1551, type=3, deposit=0, payTime=null)
2024-12-04 22:17:18.588 [main] DEBUG cn.edu.xmu.oomall.product.dao.bo.Product - getValidOnsale: validOnsale = OnSale(super=OOMallObject(id=2, creatorId=1, creatorName=admin, modifierId=null, modifierName=null, gmtCreate=2021-11-11T14:38:20, gmtModified=null), price=473, beginTime=2021-11-11T14:38:20, endTime=2029-02-19T14:38:20, quantity=97, maxQuantity=50, shopId=3, productId=1551, type=3, deposit=0, payTime=null)
2024-12-04 22:17:18.588 [main] DEBUG cn.edu.xmu.oomall.product.dao.bo.Product - getValidOnsale: onsaleExecutor = cn.edu.xmu.oomall.product.dao.onsale.ValidOnSaleExecutor@15ab523d
2024-12-04 22:17:18.588 [main] DEBUG c.e.x.o.product.dao.onsale.ValidOnSaleExecutor - execute: productId = 1851
2024-12-04 22:17:18.588 [main] DEBUG cn.edu.xmu.oomall.product.dao.onsale.OnSaleDao - findLatestValidOnsale: id =1851
2024-12-04 22:17:18.645 [main] DEBUG cn.edu.xmu.javaee.core.aop.DaoAspect - doAround: obj = cn.edu.xmu.oomall.product.dao.onsale.OnSaleDao@6ca0fdd0, method = findLatestValidOnsaleByProductId
2024-12-04 22:17:18.645 [main] DEBUG cn.edu.xmu.oomall.product.dao.bo.Product - getValidOnsale: validOnsale = OnSale(super=OOMallObject(id=302, creatorId=1, creatorName=admin, modifierId=null, modifierName=null, gmtCreate=2021-11-11T14:38:20, gmtModified=null), price=12241, beginTime=2021-11-11T14:38:20, endTime=2027-02-19T14:38:20, quantity=88, maxQuantity=50, shopId=3, productId=1851, type=0, deposit=0, payTime=null)
2024-12-04 22:17:18.645 [main] DEBUG cn.edu.xmu.oomall.product.dao.bo.Product - getValidOnsale: validOnsale = OnSale(super=OOMallObject(id=302, creatorId=1, creatorName=admin, modifierId=null, modifierName=null, gmtCreate=2021-11-11T14:38:20, gmtModified=null), price=12241, beginTime=2021-11-11T14:38:20, endTime=2027-02-19T14:38:20, quantity=88, maxQuantity=50, shopId=3, productId=1851, type=0, deposit=0, payTime=null)
2024-12-04 22:17:18.645 [main] DEBUG cn.edu.xmu.oomall.product.dao.bo.Product - getStatus: id =1851
2024-12-04 22:17:18.645 [main] DEBUG cn.edu.xmu.oomall.product.dao.bo.Product - getValidOnsale: validOnsale = OnSale(super=OOMallObject(id=302, creatorId=1, creatorName=admin, modifierId=null, modifierName=null, gmtCreate=2021-11-11T14:38:20, gmtModified=null), price=12241, beginTime=2021-11-11T14:38:20, endTime=2027-02-19T14:38:20, quantity=88, maxQuantity=50, shopId=3, productId=1851, type=0, deposit=0, payTime=null)
2024-12-04 22:17:18.645 [main] DEBUG cn.edu.xmu.oomall.product.dao.bo.Product - getValidOnsale: validOnsale = OnSale(super=OOMallObject(id=302, creatorId=1, creatorName=admin, modifierId=null, modifierName=null, gmtCreate=2021-11-11T14:38:20, gmtModified=null), price=12241, beginTime=2021-11-11T14:38:20, endTime=2027-02-19T14:38:20, quantity=88, maxQuantity=50, shopId=3, productId=1851, type=0, deposit=0, payTime=null)
2024-12-04 22:17:18.645 [main] DEBUG cn.edu.xmu.oomall.product.dao.bo.Product - getValidOnsale: validOnsale = OnSale(super=OOMallObject(id=302, creatorId=1, creatorName=admin, modifierId=null, modifierName=null, gmtCreate=2021-11-11T14:38:20, gmtModified=null), price=12241, beginTime=2021-11-11T14:38:20, endTime=2027-02-19T14:38:20, quantity=88, maxQuantity=50, shopId=3, productId=1851, type=0, deposit=0, payTime=null)
2024-12-04 22:17:18.646 [main] DEBUG cn.edu.xmu.oomall.product.dao.bo.Product - getValidOnsale: validOnsale = OnSale(super=OOMallObject(id=302, creatorId=1, creatorName=admin, modifierId=null, modifierName=null, gmtCreate=2021-11-11T14:38:20, gmtModified=null), price=12241, beginTime=2021-11-11T14:38:20, endTime=2027-02-19T14:38:20, quantity=88, maxQuantity=50, shopId=3, productId=1851, type=0, deposit=0, payTime=null)
2024-12-04 22:17:18.646 [main] DEBUG cn.edu.xmu.oomall.product.dao.bo.Product - getValidOnsale: onsaleExecutor = cn.edu.xmu.oomall.product.dao.onsale.ValidOnSaleExecutor@19d9341c
2024-12-04 22:17:18.646 [main] DEBUG c.e.x.o.product.dao.onsale.ValidOnSaleExecutor - execute: productId = 1870
2024-12-04 22:17:18.646 [main] DEBUG cn.edu.xmu.oomall.product.dao.onsale.OnSaleDao - findLatestValidOnsale: id =1870
2024-12-04 22:17:18.701 [main] DEBUG cn.edu.xmu.javaee.core.aop.DaoAspect - doAround: obj = cn.edu.xmu.oomall.product.dao.onsale.OnSaleDao@6ca0fdd0, method = findLatestValidOnsaleByProductId
2024-12-04 22:17:18.702 [main] DEBUG cn.edu.xmu.oomall.product.dao.bo.Product - getValidOnsale: validOnsale = OnSale(super=OOMallObject(id=321, creatorId=1, creatorName=admin, modifierId=null, modifierName=null, gmtCreate=2021-11-11T14:38:20, gmtModified=null), price=57586, beginTime=2021-11-11T14:38:20, endTime=2027-02-19T14:38:20, quantity=106, maxQuantity=50, shopId=3, productId=1870, type=0, deposit=0, payTime=null)
2024-12-04 22:17:18.702 [main] DEBUG cn.edu.xmu.oomall.product.dao.bo.Product - getValidOnsale: validOnsale = OnSale(super=OOMallObject(id=321, creatorId=1, creatorName=admin, modifierId=null, modifierName=null, gmtCreate=2021-11-11T14:38:20, gmtModified=null), price=57586, beginTime=2021-11-11T14:38:20, endTime=2027-02-19T14:38:20, quantity=106, maxQuantity=50, shopId=3, productId=1870, type=0, deposit=0, payTime=null)
2024-12-04 22:17:18.702 [main] DEBUG cn.edu.xmu.oomall.product.dao.bo.Product - getStatus: id =1870
2024-12-04 22:17:18.702 [main] DEBUG cn.edu.xmu.oomall.product.dao.bo.Product - getValidOnsale: validOnsale = OnSale(super=OOMallObject(id=321, creatorId=1, creatorName=admin, modifierId=null, modifierName=null, gmtCreate=2021-11-11T14:38:20, gmtModified=null), price=57586, beginTime=2021-11-11T14:38:20, endTime=2027-02-19T14:38:20, quantity=106, maxQuantity=50, shopId=3, productId=1870, type=0, deposit=0, payTime=null)
2024-12-04 22:17:18.702 [main] DEBUG cn.edu.xmu.oomall.product.dao.bo.Product - getValidOnsale: validOnsale = OnSale(super=OOMallObject(id=321, creatorId=1, creatorName=admin, modifierId=null, modifierName=null, gmtCreate=2021-11-11T14:38:20, gmtModified=null), price=57586, beginTime=2021-11-11T14:38:20, endTime=2027-02-19T14:38:20, quantity=106, maxQuantity=50, shopId=3, productId=1870, type=0, deposit=0, payTime=null)
2024-12-04 22:17:18.702 [main] DEBUG cn.edu.xmu.oomall.product.dao.bo.Product - getValidOnsale: validOnsale = OnSale(super=OOMallObject(id=321, creatorId=1, creatorName=admin, modifierId=null, modifierName=null, gmtCreate=2021-11-11T14:38:20, gmtModified=null), price=57586, beginTime=2021-11-11T14:38:20, endTime=2027-02-19T14:38:20, quantity=106, maxQuantity=50, shopId=3, productId=1870, type=0, deposit=0, payTime=null)
2024-12-04 22:17:18.702 [main] DEBUG cn.edu.xmu.oomall.product.dao.bo.Product - getValidOnsale: validOnsale = OnSale(super=OOMallObject(id=321, creatorId=1, creatorName=admin, modifierId=null, modifierName=null, gmtCreate=2021-11-11T14:38:20, gmtModified=null), price=57586, beginTime=2021-11-11T14:38:20, endTime=2027-02-19T14:38:20, quantity=106, maxQuantity=50, shopId=3, productId=1870, type=0, deposit=0, payTime=null)
2024-12-04 22:17:18.702 [main] DEBUG cn.edu.xmu.oomall.product.dao.bo.Product - getValidOnsale: onsaleExecutor = cn.edu.xmu.oomall.product.dao.onsale.ValidOnSaleExecutor@422eb870
2024-12-04 22:17:18.702 [main] DEBUG c.e.x.o.product.dao.onsale.ValidOnSaleExecutor - execute: productId = 2364
2024-12-04 22:17:18.702 [main] DEBUG cn.edu.xmu.oomall.product.dao.onsale.OnSaleDao - findLatestValidOnsale: id =2364
2024-12-04 22:17:18.760 [main] DEBUG cn.edu.xmu.javaee.core.aop.DaoAspect - doAround: obj = cn.edu.xmu.oomall.product.dao.onsale.OnSaleDao@6ca0fdd0, method = findLatestValidOnsaleByProductId
2024-12-04 22:17:18.760 [main] DEBUG cn.edu.xmu.oomall.product.dao.bo.Product - getValidOnsale: validOnsale = OnSale(super=OOMallObject(id=815, creatorId=1, creatorName=admin, modifierId=null, modifierName=null, gmtCreate=2021-11-11T14:38:20, gmtModified=null), price=13873, beginTime=2021-11-11T14:38:20, endTime=2027-02-19T14:38:20, quantity=78, maxQuantity=50, shopId=3, productId=2364, type=0, deposit=0, payTime=null)
2024-12-04 22:17:18.760 [main] DEBUG cn.edu.xmu.oomall.product.dao.bo.Product - getValidOnsale: validOnsale = OnSale(super=OOMallObject(id=815, creatorId=1, creatorName=admin, modifierId=null, modifierName=null, gmtCreate=2021-11-11T14:38:20, gmtModified=null), price=13873, beginTime=2021-11-11T14:38:20, endTime=2027-02-19T14:38:20, quantity=78, maxQuantity=50, shopId=3, productId=2364, type=0, deposit=0, payTime=null)
2024-12-04 22:17:18.760 [main] DEBUG cn.edu.xmu.oomall.product.dao.bo.Product - getStatus: id =2364
2024-12-04 22:17:18.760 [main] DEBUG cn.edu.xmu.oomall.product.dao.bo.Product - getValidOnsale: validOnsale = OnSale(super=OOMallObject(id=815, creatorId=1, creatorName=admin, modifierId=null, modifierName=null, gmtCreate=2021-11-11T14:38:20, gmtModified=null), price=13873, beginTime=2021-11-11T14:38:20, endTime=2027-02-19T14:38:20, quantity=78, maxQuantity=50, shopId=3, productId=2364, type=0, deposit=0, payTime=null)
2024-12-04 22:17:18.760 [main] DEBUG cn.edu.xmu.oomall.product.dao.bo.Product - getValidOnsale: validOnsale = OnSale(super=OOMallObject(id=815, creatorId=1, creatorName=admin, modifierId=null, modifierName=null, gmtCreate=2021-11-11T14:38:20, gmtModified=null), price=13873, beginTime=2021-11-11T14:38:20, endTime=2027-02-19T14:38:20, quantity=78, maxQuantity=50, shopId=3, productId=2364, type=0, deposit=0, payTime=null)
2024-12-04 22:17:18.761 [main] DEBUG cn.edu.xmu.oomall.product.dao.bo.Product - getValidOnsale: validOnsale = OnSale(super=OOMallObject(id=815, creatorId=1, creatorName=admin, modifierId=null, modifierName=null, gmtCreate=2021-11-11T14:38:20, gmtModified=null), price=13873, beginTime=2021-11-11T14:38:20, endTime=2027-02-19T14:38:20, quantity=78, maxQuantity=50, shopId=3, productId=2364, type=0, deposit=0, payTime=null)
2024-12-04 22:17:18.761 [main] DEBUG cn.edu.xmu.oomall.product.dao.bo.Product - getValidOnsale: validOnsale = OnSale(super=OOMallObject(id=815, creatorId=1, creatorName=admin, modifierId=null, modifierName=null, gmtCreate=2021-11-11T14:38:20, gmtModified=null), price=13873, beginTime=2021-11-11T14:38:20, endTime=2027-02-19T14:38:20, quantity=78, maxQuantity=50, shopId=3, productId=2364, type=0, deposit=0, payTime=null)
2024-12-04 22:17:18.761 [main] DEBUG cn.edu.xmu.oomall.product.dao.bo.Product - getValidOnsale: onsaleExecutor = cn.edu.xmu.oomall.product.dao.onsale.ValidOnSaleExecutor@63fe3063
2024-12-04 22:17:18.761 [main] DEBUG c.e.x.o.product.dao.onsale.ValidOnSaleExecutor - execute: productId = 2606
2024-12-04 22:17:18.761 [main] DEBUG cn.edu.xmu.oomall.product.dao.onsale.OnSaleDao - findLatestValidOnsale: id =2606
2024-12-04 22:17:18.818 [main] DEBUG cn.edu.xmu.javaee.core.aop.DaoAspect - doAround: obj = cn.edu.xmu.oomall.product.dao.onsale.OnSaleDao@6ca0fdd0, method = findLatestValidOnsaleByProductId
2024-12-04 22:17:18.818 [main] DEBUG cn.edu.xmu.oomall.product.dao.bo.Product - getValidOnsale: validOnsale = OnSale(super=OOMallObject(id=1057, creatorId=1, creatorName=admin, modifierId=null, modifierName=null, gmtCreate=2021-11-11T14:38:20, gmtModified=null), price=4150, beginTime=2021-11-11T14:38:20, endTime=2027-02-19T14:38:20, quantity=37, maxQuantity=50, shopId=3, productId=2606, type=0, deposit=0, payTime=null)
2024-12-04 22:17:18.818 [main] DEBUG cn.edu.xmu.oomall.product.dao.bo.Product - getValidOnsale: validOnsale = OnSale(super=OOMallObject(id=1057, creatorId=1, creatorName=admin, modifierId=null, modifierName=null, gmtCreate=2021-11-11T14:38:20, gmtModified=null), price=4150, beginTime=2021-11-11T14:38:20, endTime=2027-02-19T14:38:20, quantity=37, maxQuantity=50, shopId=3, productId=2606, type=0, deposit=0, payTime=null)
2024-12-04 22:17:18.818 [main] DEBUG cn.edu.xmu.oomall.product.dao.bo.Product - getStatus: id =2606
2024-12-04 22:17:18.818 [main] DEBUG cn.edu.xmu.oomall.product.dao.bo.Product - getValidOnsale: validOnsale = OnSale(super=OOMallObject(id=1057, creatorId=1, creatorName=admin, modifierId=null, modifierName=null, gmtCreate=2021-11-11T14:38:20, gmtModified=null), price=4150, beginTime=2021-11-11T14:38:20, endTime=2027-02-19T14:38:20, quantity=37, maxQuantity=50, shopId=3, productId=2606, type=0, deposit=0, payTime=null)
2024-12-04 22:17:18.818 [main] DEBUG cn.edu.xmu.oomall.product.dao.bo.Product - getValidOnsale: validOnsale = OnSale(super=OOMallObject(id=1057, creatorId=1, creatorName=admin, modifierId=null, modifierName=null, gmtCreate=2021-11-11T14:38:20, gmtModified=null), price=4150, beginTime=2021-11-11T14:38:20, endTime=2027-02-19T14:38:20, quantity=37, maxQuantity=50, shopId=3, productId=2606, type=0, deposit=0, payTime=null)
2024-12-04 22:17:18.818 [main] DEBUG cn.edu.xmu.oomall.product.dao.bo.Product - getValidOnsale: validOnsale = OnSale(super=OOMallObject(id=1057, creatorId=1, creatorName=admin, modifierId=null, modifierName=null, gmtCreate=2021-11-11T14:38:20, gmtModified=null), price=4150, beginTime=2021-11-11T14:38:20, endTime=2027-02-19T14:38:20, quantity=37, maxQuantity=50, shopId=3, productId=2606, type=0, deposit=0, payTime=null)
2024-12-04 22:17:18.818 [main] DEBUG cn.edu.xmu.oomall.product.dao.bo.Product - getValidOnsale: validOnsale = OnSale(super=OOMallObject(id=1057, creatorId=1, creatorName=admin, modifierId=null, modifierName=null, gmtCreate=2021-11-11T14:38:20, gmtModified=null), price=4150, beginTime=2021-11-11T14:38:20, endTime=2027-02-19T14:38:20, quantity=37, maxQuantity=50, shopId=3, productId=2606, type=0, deposit=0, payTime=null)
2024-12-04 22:17:18.818 [main] DEBUG cn.edu.xmu.oomall.product.dao.bo.Product - getValidOnsale: onsaleExecutor = cn.edu.xmu.oomall.product.dao.onsale.ValidOnSaleExecutor@534c4a53
2024-12-04 22:17:18.818 [main] DEBUG c.e.x.o.product.dao.onsale.ValidOnSaleExecutor - execute: productId = 3479
2024-12-04 22:17:18.818 [main] DEBUG cn.edu.xmu.oomall.product.dao.onsale.OnSaleDao - findLatestValidOnsale: id =3479
2024-12-04 22:17:18.875 [main] DEBUG cn.edu.xmu.javaee.core.aop.DaoAspect - doAround: obj = cn.edu.xmu.oomall.product.dao.onsale.OnSaleDao@6ca0fdd0, method = findLatestValidOnsaleByProductId
2024-12-04 22:17:18.875 [main] DEBUG cn.edu.xmu.oomall.product.dao.bo.Product - getValidOnsale: validOnsale = OnSale(super=OOMallObject(id=1930, creatorId=1, creatorName=admin, modifierId=null, modifierName=null, gmtCreate=2021-11-11T14:38:20, gmtModified=null), price=10797, beginTime=2021-11-11T14:38:20, endTime=2027-02-19T14:38:20, quantity=76, maxQuantity=50, shopId=3, productId=3479, type=0, deposit=0, payTime=null)
2024-12-04 22:17:18.875 [main] DEBUG cn.edu.xmu.oomall.product.dao.bo.Product - getValidOnsale: validOnsale = OnSale(super=OOMallObject(id=1930, creatorId=1, creatorName=admin, modifierId=null, modifierName=null, gmtCreate=2021-11-11T14:38:20, gmtModified=null), price=10797, beginTime=2021-11-11T14:38:20, endTime=2027-02-19T14:38:20, quantity=76, maxQuantity=50, shopId=3, productId=3479, type=0, deposit=0, payTime=null)
2024-12-04 22:17:18.875 [main] DEBUG cn.edu.xmu.oomall.product.dao.bo.Product - getStatus: id =3479
2024-12-04 22:17:18.875 [main] DEBUG cn.edu.xmu.oomall.product.dao.bo.Product - getValidOnsale: validOnsale = OnSale(super=OOMallObject(id=1930, creatorId=1, creatorName=admin, modifierId=null, modifierName=null, gmtCreate=2021-11-11T14:38:20, gmtModified=null), price=10797, beginTime=2021-11-11T14:38:20, endTime=2027-02-19T14:38:20, quantity=76, maxQuantity=50, shopId=3, productId=3479, type=0, deposit=0, payTime=null)
2024-12-04 22:17:18.875 [main] DEBUG cn.edu.xmu.oomall.product.dao.bo.Product - getValidOnsale: validOnsale = OnSale(super=OOMallObject(id=1930, creatorId=1, creatorName=admin, modifierId=null, modifierName=null, gmtCreate=2021-11-11T14:38:20, gmtModified=null), price=10797, beginTime=2021-11-11T14:38:20, endTime=2027-02-19T14:38:20, quantity=76, maxQuantity=50, shopId=3, productId=3479, type=0, deposit=0, payTime=null)
2024-12-04 22:17:18.875 [main] DEBUG cn.edu.xmu.oomall.product.dao.bo.Product - getValidOnsale: validOnsale = OnSale(super=OOMallObject(id=1930, creatorId=1, creatorName=admin, modifierId=null, modifierName=null, gmtCreate=2021-11-11T14:38:20, gmtModified=null), price=10797, beginTime=2021-11-11T14:38:20, endTime=2027-02-19T14:38:20, quantity=76, maxQuantity=50, shopId=3, productId=3479, type=0, deposit=0, payTime=null)
2024-12-04 22:17:18.875 [main] DEBUG cn.edu.xmu.oomall.product.dao.bo.Product - getValidOnsale: validOnsale = OnSale(super=OOMallObject(id=1930, creatorId=1, creatorName=admin, modifierId=null, modifierName=null, gmtCreate=2021-11-11T14:38:20, gmtModified=null), price=10797, beginTime=2021-11-11T14:38:20, endTime=2027-02-19T14:38:20, quantity=76, maxQuantity=50, shopId=3, productId=3479, type=0, deposit=0, payTime=null)
2024-12-04 22:17:18.875 [main] DEBUG cn.edu.xmu.oomall.product.dao.bo.Product - getValidOnsale: onsaleExecutor = cn.edu.xmu.oomall.product.dao.onsale.ValidOnSaleExecutor@168a4987
2024-12-04 22:17:18.875 [main] DEBUG c.e.x.o.product.dao.onsale.ValidOnSaleExecutor - execute: productId = 3583
2024-12-04 22:17:18.876 [main] DEBUG cn.edu.xmu.oomall.product.dao.onsale.OnSaleDao - findLatestValidOnsale: id =3583
2024-12-04 22:17:18.934 [main] DEBUG cn.edu.xmu.javaee.core.aop.DaoAspect - doAround: obj = cn.edu.xmu.oomall.product.dao.onsale.OnSaleDao@6ca0fdd0, method = findLatestValidOnsaleByProductId
2024-12-04 22:17:18.934 [main] DEBUG cn.edu.xmu.oomall.product.dao.bo.Product - getValidOnsale: validOnsale = OnSale(super=OOMallObject(id=2034, creatorId=1, creatorName=admin, modifierId=null, modifierName=null, gmtCreate=2021-11-11T14:38:20, gmtModified=null), price=16085, beginTime=2021-11-11T14:38:20, endTime=2027-02-19T14:38:20, quantity=49, maxQuantity=50, shopId=3, productId=3583, type=0, deposit=0, payTime=null)
2024-12-04 22:17:18.935 [main] DEBUG cn.edu.xmu.oomall.product.dao.bo.Product - getValidOnsale: validOnsale = OnSale(super=OOMallObject(id=2034, creatorId=1, creatorName=admin, modifierId=null, modifierName=null, gmtCreate=2021-11-11T14:38:20, gmtModified=null), price=16085, beginTime=2021-11-11T14:38:20, endTime=2027-02-19T14:38:20, quantity=49, maxQuantity=50, shopId=3, productId=3583, type=0, deposit=0, payTime=null)
2024-12-04 22:17:18.935 [main] DEBUG cn.edu.xmu.oomall.product.dao.bo.Product - getStatus: id =3583
2024-12-04 22:17:18.935 [main] DEBUG cn.edu.xmu.oomall.product.dao.bo.Product - getValidOnsale: validOnsale = OnSale(super=OOMallObject(id=2034, creatorId=1, creatorName=admin, modifierId=null, modifierName=null, gmtCreate=2021-11-11T14:38:20, gmtModified=null), price=16085, beginTime=2021-11-11T14:38:20, endTime=2027-02-19T14:38:20, quantity=49, maxQuantity=50, shopId=3, productId=3583, type=0, deposit=0, payTime=null)
2024-12-04 22:17:18.935 [main] DEBUG cn.edu.xmu.oomall.product.dao.bo.Product - getValidOnsale: validOnsale = OnSale(super=OOMallObject(id=2034, creatorId=1, creatorName=admin, modifierId=null, modifierName=null, gmtCreate=2021-11-11T14:38:20, gmtModified=null), price=16085, beginTime=2021-11-11T14:38:20, endTime=2027-02-19T14:38:20, quantity=49, maxQuantity=50, shopId=3, productId=3583, type=0, deposit=0, payTime=null)
2024-12-04 22:17:18.935 [main] DEBUG cn.edu.xmu.oomall.product.dao.bo.Product - getValidOnsale: validOnsale = OnSale(super=OOMallObject(id=2034, creatorId=1, creatorName=admin, modifierId=null, modifierName=null, gmtCreate=2021-11-11T14:38:20, gmtModified=null), price=16085, beginTime=2021-11-11T14:38:20, endTime=2027-02-19T14:38:20, quantity=49, maxQuantity=50, shopId=3, productId=3583, type=0, deposit=0, payTime=null)
2024-12-04 22:17:18.935 [main] DEBUG cn.edu.xmu.oomall.product.dao.bo.Product - getValidOnsale: validOnsale = OnSale(super=OOMallObject(id=2034, creatorId=1, creatorName=admin, modifierId=null, modifierName=null, gmtCreate=2021-11-11T14:38:20, gmtModified=null), price=16085, beginTime=2021-11-11T14:38:20, endTime=2027-02-19T14:38:20, quantity=49, maxQuantity=50, shopId=3, productId=3583, type=0, deposit=0, payTime=null)
2024-12-04 22:17:18.935 [main] DEBUG cn.edu.xmu.oomall.product.dao.bo.Product - getValidOnsale: onsaleExecutor = cn.edu.xmu.oomall.product.dao.onsale.ValidOnSaleExecutor@561b8de
2024-12-04 22:17:18.935 [main] DEBUG c.e.x.o.product.dao.onsale.ValidOnSaleExecutor - execute: productId = 3691
2024-12-04 22:17:18.935 [main] DEBUG cn.edu.xmu.oomall.product.dao.onsale.OnSaleDao - findLatestValidOnsale: id =3691
2024-12-04 22:17:18.992 [main] DEBUG cn.edu.xmu.javaee.core.aop.DaoAspect - doAround: obj = cn.edu.xmu.oomall.product.dao.onsale.OnSaleDao@6ca0fdd0, method = findLatestValidOnsaleByProductId
2024-12-04 22:17:18.993 [main] DEBUG cn.edu.xmu.oomall.product.dao.bo.Product - getValidOnsale: validOnsale = OnSale(super=OOMallObject(id=2142, creatorId=1, creatorName=admin, modifierId=null, modifierName=null, gmtCreate=2021-11-11T14:38:20, gmtModified=null), price=29768, beginTime=2021-11-11T14:38:20, endTime=2027-02-19T14:38:20, quantity=109, maxQuantity=50, shopId=3, productId=3691, type=0, deposit=0, payTime=null)
2024-12-04 22:17:18.993 [main] DEBUG cn.edu.xmu.oomall.product.dao.bo.Product - getValidOnsale: validOnsale = OnSale(super=OOMallObject(id=2142, creatorId=1, creatorName=admin, modifierId=null, modifierName=null, gmtCreate=2021-11-11T14:38:20, gmtModified=null), price=29768, beginTime=2021-11-11T14:38:20, endTime=2027-02-19T14:38:20, quantity=109, maxQuantity=50, shopId=3, productId=3691, type=0, deposit=0, payTime=null)
2024-12-04 22:17:18.993 [main] DEBUG cn.edu.xmu.oomall.product.dao.bo.Product - getStatus: id =3691
2024-12-04 22:17:18.993 [main] DEBUG cn.edu.xmu.oomall.product.dao.bo.Product - getValidOnsale: validOnsale = OnSale(super=OOMallObject(id=2142, creatorId=1, creatorName=admin, modifierId=null, modifierName=null, gmtCreate=2021-11-11T14:38:20, gmtModified=null), price=29768, beginTime=2021-11-11T14:38:20, endTime=2027-02-19T14:38:20, quantity=109, maxQuantity=50, shopId=3, productId=3691, type=0, deposit=0, payTime=null)
2024-12-04 22:17:18.993 [main] DEBUG cn.edu.xmu.oomall.product.dao.bo.Product - getValidOnsale: validOnsale = OnSale(super=OOMallObject(id=2142, creatorId=1, creatorName=admin, modifierId=null, modifierName=null, gmtCreate=2021-11-11T14:38:20, gmtModified=null), price=29768, beginTime=2021-11-11T14:38:20, endTime=2027-02-19T14:38:20, quantity=109, maxQuantity=50, shopId=3, productId=3691, type=0, deposit=0, payTime=null)
2024-12-04 22:17:18.993 [main] DEBUG cn.edu.xmu.oomall.product.dao.bo.Product - getValidOnsale: validOnsale = OnSale(super=OOMallObject(id=2142, creatorId=1, creatorName=admin, modifierId=null, modifierName=null, gmtCreate=2021-11-11T14:38:20, gmtModified=null), price=29768, beginTime=2021-11-11T14:38:20, endTime=2027-02-19T14:38:20, quantity=109, maxQuantity=50, shopId=3, productId=3691, type=0, deposit=0, payTime=null)
2024-12-04 22:17:18.993 [main] DEBUG cn.edu.xmu.oomall.product.dao.bo.Product - getValidOnsale: validOnsale = OnSale(super=OOMallObject(id=2142, creatorId=1, creatorName=admin, modifierId=null, modifierName=null, gmtCreate=2021-11-11T14:38:20, gmtModified=null), price=29768, beginTime=2021-11-11T14:38:20, endTime=2027-02-19T14:38:20, quantity=109, maxQuantity=50, shopId=3, productId=3691, type=0, deposit=0, payTime=null)
2024-12-04 22:17:18.993 [main] DEBUG cn.edu.xmu.oomall.product.dao.bo.Product - getValidOnsale: onsaleExecutor = cn.edu.xmu.oomall.product.dao.onsale.ValidOnSaleExecutor@1afae507
2024-12-04 22:17:18.993 [main] DEBUG c.e.x.o.product.dao.onsale.ValidOnSaleExecutor - execute: productId = 3927
2024-12-04 22:17:18.993 [main] DEBUG cn.edu.xmu.oomall.product.dao.onsale.OnSaleDao - findLatestValidOnsale: id =3927
2024-12-04 22:17:18.999 [cluster-ClusterId{value='6750646406b2de2102d09640', description='null'}-mongo2:27017] INFO  org.mongodb.driver.cluster - Exception in monitor thread while connecting to server mongo2:27017
com.mongodb.MongoSocketOpenException: Exception opening socket
	at com.mongodb.internal.connection.SocketStream.lambda$open$0(SocketStream.java:86)
	at java.base/java.util.Optional.orElseThrow(Optional.java:403)
	at com.mongodb.internal.connection.SocketStream.open(SocketStream.java:86)
	at com.mongodb.internal.connection.InternalStreamConnection.open(InternalStreamConnection.java:201)
	at com.mongodb.internal.connection.DefaultServerMonitor$ServerMonitorRunnable.lookupServerDescription(DefaultServerMonitor.java:193)
	at com.mongodb.internal.connection.DefaultServerMonitor$ServerMonitorRunnable.run(DefaultServerMonitor.java:153)
	at java.base/java.lang.Thread.run(Thread.java:842)
Caused by: java.net.SocketTimeoutException: Connect timed out
	at java.base/sun.nio.ch.NioSocketImpl.timedFinishConnect(NioSocketImpl.java:551)
	at java.base/sun.nio.ch.NioSocketImpl.connect(NioSocketImpl.java:602)
	at java.base/java.net.SocksSocketImpl.connect(SocksSocketImpl.java:327)
	at java.base/java.net.Socket.connect(Socket.java:633)
	at com.mongodb.internal.connection.SocketStreamHelper.initialize(SocketStreamHelper.java:76)
	at com.mongodb.internal.connection.SocketStream.initializeSocket(SocketStream.java:105)
	at com.mongodb.internal.connection.SocketStream.open(SocketStream.java:80)
	... 4 common frames omitted
2024-12-04 22:17:19.002 [cluster-ClusterId{value='6750646406b2de2102d09640', description='null'}-mongo3:27017] INFO  org.mongodb.driver.cluster - Exception in monitor thread while connecting to server mongo3:27017
com.mongodb.MongoSocketOpenException: Exception opening socket
	at com.mongodb.internal.connection.SocketStream.lambda$open$0(SocketStream.java:86)
	at java.base/java.util.Optional.orElseThrow(Optional.java:403)
	at com.mongodb.internal.connection.SocketStream.open(SocketStream.java:86)
	at com.mongodb.internal.connection.InternalStreamConnection.open(InternalStreamConnection.java:201)
	at com.mongodb.internal.connection.DefaultServerMonitor$ServerMonitorRunnable.lookupServerDescription(DefaultServerMonitor.java:193)
	at com.mongodb.internal.connection.DefaultServerMonitor$ServerMonitorRunnable.run(DefaultServerMonitor.java:153)
	at java.base/java.lang.Thread.run(Thread.java:842)
Caused by: java.net.SocketTimeoutException: Connect timed out
	at java.base/sun.nio.ch.NioSocketImpl.timedFinishConnect(NioSocketImpl.java:551)
	at java.base/sun.nio.ch.NioSocketImpl.connect(NioSocketImpl.java:602)
	at java.base/java.net.SocksSocketImpl.connect(SocksSocketImpl.java:327)
	at java.base/java.net.Socket.connect(Socket.java:633)
	at com.mongodb.internal.connection.SocketStreamHelper.initialize(SocketStreamHelper.java:76)
	at com.mongodb.internal.connection.SocketStream.initializeSocket(SocketStream.java:105)
	at com.mongodb.internal.connection.SocketStream.open(SocketStream.java:80)
	... 4 common frames omitted
2024-12-04 22:17:19.050 [main] DEBUG cn.edu.xmu.javaee.core.aop.DaoAspect - doAround: obj = cn.edu.xmu.oomall.product.dao.onsale.OnSaleDao@6ca0fdd0, method = findLatestValidOnsaleByProductId
2024-12-04 22:17:19.050 [main] DEBUG cn.edu.xmu.oomall.product.dao.bo.Product - getValidOnsale: validOnsale = OnSale(super=OOMallObject(id=2378, creatorId=1, creatorName=admin, modifierId=null, modifierName=null, gmtCreate=2021-11-11T14:38:20, gmtModified=null), price=31884, beginTime=2021-11-11T14:38:20, endTime=2027-02-19T14:38:20, quantity=36, maxQuantity=50, shopId=3, productId=3927, type=0, deposit=0, payTime=null)
2024-12-04 22:17:19.050 [main] DEBUG cn.edu.xmu.oomall.product.dao.bo.Product - getValidOnsale: validOnsale = OnSale(super=OOMallObject(id=2378, creatorId=1, creatorName=admin, modifierId=null, modifierName=null, gmtCreate=2021-11-11T14:38:20, gmtModified=null), price=31884, beginTime=2021-11-11T14:38:20, endTime=2027-02-19T14:38:20, quantity=36, maxQuantity=50, shopId=3, productId=3927, type=0, deposit=0, payTime=null)
2024-12-04 22:17:19.050 [main] DEBUG cn.edu.xmu.oomall.product.dao.bo.Product - getStatus: id =3927
2024-12-04 22:17:19.050 [main] DEBUG cn.edu.xmu.oomall.product.dao.bo.Product - getValidOnsale: validOnsale = OnSale(super=OOMallObject(id=2378, creatorId=1, creatorName=admin, modifierId=null, modifierName=null, gmtCreate=2021-11-11T14:38:20, gmtModified=null), price=31884, beginTime=2021-11-11T14:38:20, endTime=2027-02-19T14:38:20, quantity=36, maxQuantity=50, shopId=3, productId=3927, type=0, deposit=0, payTime=null)
2024-12-04 22:17:19.050 [main] DEBUG cn.edu.xmu.oomall.product.dao.bo.Product - getValidOnsale: validOnsale = OnSale(super=OOMallObject(id=2378, creatorId=1, creatorName=admin, modifierId=null, modifierName=null, gmtCreate=2021-11-11T14:38:20, gmtModified=null), price=31884, beginTime=2021-11-11T14:38:20, endTime=2027-02-19T14:38:20, quantity=36, maxQuantity=50, shopId=3, productId=3927, type=0, deposit=0, payTime=null)
2024-12-04 22:17:19.050 [main] DEBUG cn.edu.xmu.oomall.product.dao.bo.Product - getValidOnsale: validOnsale = OnSale(super=OOMallObject(id=2378, creatorId=1, creatorName=admin, modifierId=null, modifierName=null, gmtCreate=2021-11-11T14:38:20, gmtModified=null), price=31884, beginTime=2021-11-11T14:38:20, endTime=2027-02-19T14:38:20, quantity=36, maxQuantity=50, shopId=3, productId=3927, type=0, deposit=0, payTime=null)
2024-12-04 22:17:19.050 [main] DEBUG cn.edu.xmu.oomall.product.dao.bo.Product - getValidOnsale: validOnsale = OnSale(super=OOMallObject(id=2378, creatorId=1, creatorName=admin, modifierId=null, modifierName=null, gmtCreate=2021-11-11T14:38:20, gmtModified=null), price=31884, beginTime=2021-11-11T14:38:20, endTime=2027-02-19T14:38:20, quantity=36, maxQuantity=50, shopId=3, productId=3927, type=0, deposit=0, payTime=null)
2024-12-04 22:17:19.050 [main] DEBUG cn.edu.xmu.oomall.product.dao.bo.Product - getValidOnsale: onsaleExecutor = cn.edu.xmu.oomall.product.dao.onsale.ValidOnSaleExecutor@12409b97
2024-12-04 22:17:19.050 [main] DEBUG c.e.x.o.product.dao.onsale.ValidOnSaleExecutor - execute: productId = 4532
2024-12-04 22:17:19.050 [main] DEBUG cn.edu.xmu.oomall.product.dao.onsale.OnSaleDao - findLatestValidOnsale: id =4532
2024-12-04 22:17:19.115 [main] DEBUG cn.edu.xmu.javaee.core.aop.DaoAspect - doAround: obj = cn.edu.xmu.oomall.product.dao.onsale.OnSaleDao@6ca0fdd0, method = findLatestValidOnsaleByProductId
2024-12-04 22:17:19.115 [main] DEBUG cn.edu.xmu.oomall.product.dao.bo.Product - getValidOnsale: validOnsale = OnSale(super=OOMallObject(id=2983, creatorId=1, creatorName=admin, modifierId=null, modifierName=null, gmtCreate=2021-11-11T14:38:20, gmtModified=null), price=54331, beginTime=2021-11-11T14:38:20, endTime=2027-02-19T14:38:20, quantity=69, maxQuantity=50, shopId=3, productId=4532, type=0, deposit=0, payTime=null)
2024-12-04 22:17:19.116 [main] DEBUG cn.edu.xmu.oomall.product.dao.bo.Product - getValidOnsale: validOnsale = OnSale(super=OOMallObject(id=2983, creatorId=1, creatorName=admin, modifierId=null, modifierName=null, gmtCreate=2021-11-11T14:38:20, gmtModified=null), price=54331, beginTime=2021-11-11T14:38:20, endTime=2027-02-19T14:38:20, quantity=69, maxQuantity=50, shopId=3, productId=4532, type=0, deposit=0, payTime=null)
2024-12-04 22:17:19.116 [main] DEBUG cn.edu.xmu.oomall.product.dao.bo.Product - getStatus: id =4532
2024-12-04 22:17:19.116 [main] DEBUG cn.edu.xmu.oomall.product.dao.bo.Product - getValidOnsale: validOnsale = OnSale(super=OOMallObject(id=2983, creatorId=1, creatorName=admin, modifierId=null, modifierName=null, gmtCreate=2021-11-11T14:38:20, gmtModified=null), price=54331, beginTime=2021-11-11T14:38:20, endTime=2027-02-19T14:38:20, quantity=69, maxQuantity=50, shopId=3, productId=4532, type=0, deposit=0, payTime=null)
2024-12-04 22:17:19.116 [main] DEBUG cn.edu.xmu.oomall.product.dao.bo.Product - getValidOnsale: validOnsale = OnSale(super=OOMallObject(id=2983, creatorId=1, creatorName=admin, modifierId=null, modifierName=null, gmtCreate=2021-11-11T14:38:20, gmtModified=null), price=54331, beginTime=2021-11-11T14:38:20, endTime=2027-02-19T14:38:20, quantity=69, maxQuantity=50, shopId=3, productId=4532, type=0, deposit=0, payTime=null)
2024-12-04 22:17:19.116 [main] DEBUG cn.edu.xmu.oomall.product.dao.bo.Product - getValidOnsale: validOnsale = OnSale(super=OOMallObject(id=2983, creatorId=1, creatorName=admin, modifierId=null, modifierName=null, gmtCreate=2021-11-11T14:38:20, gmtModified=null), price=54331, beginTime=2021-11-11T14:38:20, endTime=2027-02-19T14:38:20, quantity=69, maxQuantity=50, shopId=3, productId=4532, type=0, deposit=0, payTime=null)
2024-12-04 22:17:19.116 [main] DEBUG cn.edu.xmu.oomall.product.dao.bo.Product - getValidOnsale: validOnsale = OnSale(super=OOMallObject(id=2983, creatorId=1, creatorName=admin, modifierId=null, modifierName=null, gmtCreate=2021-11-11T14:38:20, gmtModified=null), price=54331, beginTime=2021-11-11T14:38:20, endTime=2027-02-19T14:38:20, quantity=69, maxQuantity=50, shopId=3, productId=4532, type=0, deposit=0, payTime=null)
2024-12-04 22:17:19.116 [main] DEBUG cn.edu.xmu.oomall.product.dao.bo.Product - getValidOnsale: onsaleExecutor = cn.edu.xmu.oomall.product.dao.onsale.ValidOnSaleExecutor@6fd946b2
2024-12-04 22:17:19.116 [main] DEBUG c.e.x.o.product.dao.onsale.ValidOnSaleExecutor - execute: productId = 5336
2024-12-04 22:17:19.118 [main] DEBUG cn.edu.xmu.oomall.product.dao.onsale.OnSaleDao - findLatestValidOnsale: id =5336
2024-12-04 22:17:19.181 [main] DEBUG cn.edu.xmu.javaee.core.aop.DaoAspect - doAround: obj = cn.edu.xmu.oomall.product.dao.onsale.OnSaleDao@6ca0fdd0, method = findLatestValidOnsaleByProductId
2024-12-04 22:17:19.181 [main] DEBUG cn.edu.xmu.oomall.product.dao.bo.Product - getValidOnsale: validOnsale = OnSale(super=OOMallObject(id=3787, creatorId=1, creatorName=admin, modifierId=null, modifierName=null, gmtCreate=2021-11-11T14:38:20, gmtModified=null), price=1230, beginTime=2021-11-11T14:38:20, endTime=2027-02-19T14:38:20, quantity=66, maxQuantity=50, shopId=3, productId=5336, type=0, deposit=0, payTime=null)
2024-12-04 22:17:19.182 [main] DEBUG cn.edu.xmu.oomall.product.dao.bo.Product - getValidOnsale: validOnsale = OnSale(super=OOMallObject(id=3787, creatorId=1, creatorName=admin, modifierId=null, modifierName=null, gmtCreate=2021-11-11T14:38:20, gmtModified=null), price=1230, beginTime=2021-11-11T14:38:20, endTime=2027-02-19T14:38:20, quantity=66, maxQuantity=50, shopId=3, productId=5336, type=0, deposit=0, payTime=null)
2024-12-04 22:17:19.182 [main] DEBUG cn.edu.xmu.oomall.product.dao.bo.Product - getStatus: id =5336
2024-12-04 22:17:19.182 [main] DEBUG cn.edu.xmu.oomall.product.dao.bo.Product - getValidOnsale: validOnsale = OnSale(super=OOMallObject(id=3787, creatorId=1, creatorName=admin, modifierId=null, modifierName=null, gmtCreate=2021-11-11T14:38:20, gmtModified=null), price=1230, beginTime=2021-11-11T14:38:20, endTime=2027-02-19T14:38:20, quantity=66, maxQuantity=50, shopId=3, productId=5336, type=0, deposit=0, payTime=null)
2024-12-04 22:17:19.182 [main] DEBUG cn.edu.xmu.oomall.product.dao.bo.Product - getValidOnsale: validOnsale = OnSale(super=OOMallObject(id=3787, creatorId=1, creatorName=admin, modifierId=null, modifierName=null, gmtCreate=2021-11-11T14:38:20, gmtModified=null), price=1230, beginTime=2021-11-11T14:38:20, endTime=2027-02-19T14:38:20, quantity=66, maxQuantity=50, shopId=3, productId=5336, type=0, deposit=0, payTime=null)
2024-12-04 22:17:19.182 [main] DEBUG cn.edu.xmu.oomall.product.dao.bo.Product - getValidOnsale: validOnsale = OnSale(super=OOMallObject(id=3787, creatorId=1, creatorName=admin, modifierId=null, modifierName=null, gmtCreate=2021-11-11T14:38:20, gmtModified=null), price=1230, beginTime=2021-11-11T14:38:20, endTime=2027-02-19T14:38:20, quantity=66, maxQuantity=50, shopId=3, productId=5336, type=0, deposit=0, payTime=null)
2024-12-04 22:17:19.182 [main] DEBUG cn.edu.xmu.oomall.product.dao.bo.Product - getValidOnsale: validOnsale = OnSale(super=OOMallObject(id=3787, creatorId=1, creatorName=admin, modifierId=null, modifierName=null, gmtCreate=2021-11-11T14:38:20, gmtModified=null), price=1230, beginTime=2021-11-11T14:38:20, endTime=2027-02-19T14:38:20, quantity=66, maxQuantity=50, shopId=3, productId=5336, type=0, deposit=0, payTime=null)
2024-12-04 22:17:19.182 [main] DEBUG cn.edu.xmu.oomall.product.dao.bo.Product - getValidOnsale: onsaleExecutor = cn.edu.xmu.oomall.product.dao.onsale.ValidOnSaleExecutor@77cc14db
2024-12-04 22:17:19.182 [main] DEBUG c.e.x.o.product.dao.onsale.ValidOnSaleExecutor - execute: productId = 5397
2024-12-04 22:17:19.182 [main] DEBUG cn.edu.xmu.oomall.product.dao.onsale.OnSaleDao - findLatestValidOnsale: id =5397
2024-12-04 22:17:19.238 [main] DEBUG cn.edu.xmu.javaee.core.aop.DaoAspect - doAround: obj = cn.edu.xmu.oomall.product.dao.onsale.OnSaleDao@6ca0fdd0, method = findLatestValidOnsaleByProductId
2024-12-04 22:17:19.238 [main] DEBUG cn.edu.xmu.oomall.product.dao.bo.Product - getValidOnsale: validOnsale = OnSale(super=OOMallObject(id=3848, creatorId=1, creatorName=admin, modifierId=null, modifierName=null, gmtCreate=2021-11-11T14:38:20, gmtModified=null), price=1777, beginTime=2021-11-11T14:38:20, endTime=2027-02-19T14:38:20, quantity=103, maxQuantity=50, shopId=3, productId=5397, type=0, deposit=0, payTime=null)
2024-12-04 22:17:19.239 [main] DEBUG cn.edu.xmu.oomall.product.dao.bo.Product - getValidOnsale: validOnsale = OnSale(super=OOMallObject(id=3848, creatorId=1, creatorName=admin, modifierId=null, modifierName=null, gmtCreate=2021-11-11T14:38:20, gmtModified=null), price=1777, beginTime=2021-11-11T14:38:20, endTime=2027-02-19T14:38:20, quantity=103, maxQuantity=50, shopId=3, productId=5397, type=0, deposit=0, payTime=null)
2024-12-04 22:17:19.239 [main] DEBUG cn.edu.xmu.oomall.product.dao.bo.Product - getStatus: id =5397
2024-12-04 22:17:19.239 [main] DEBUG cn.edu.xmu.oomall.product.dao.bo.Product - getValidOnsale: validOnsale = OnSale(super=OOMallObject(id=3848, creatorId=1, creatorName=admin, modifierId=null, modifierName=null, gmtCreate=2021-11-11T14:38:20, gmtModified=null), price=1777, beginTime=2021-11-11T14:38:20, endTime=2027-02-19T14:38:20, quantity=103, maxQuantity=50, shopId=3, productId=5397, type=0, deposit=0, payTime=null)
2024-12-04 22:17:19.239 [main] DEBUG cn.edu.xmu.oomall.product.dao.bo.Product - getValidOnsale: validOnsale = OnSale(super=OOMallObject(id=3848, creatorId=1, creatorName=admin, modifierId=null, modifierName=null, gmtCreate=2021-11-11T14:38:20, gmtModified=null), price=1777, beginTime=2021-11-11T14:38:20, endTime=2027-02-19T14:38:20, quantity=103, maxQuantity=50, shopId=3, productId=5397, type=0, deposit=0, payTime=null)
2024-12-04 22:17:19.239 [main] DEBUG cn.edu.xmu.oomall.product.dao.bo.Product - getValidOnsale: validOnsale = OnSale(super=OOMallObject(id=3848, creatorId=1, creatorName=admin, modifierId=null, modifierName=null, gmtCreate=2021-11-11T14:38:20, gmtModified=null), price=1777, beginTime=2021-11-11T14:38:20, endTime=2027-02-19T14:38:20, quantity=103, maxQuantity=50, shopId=3, productId=5397, type=0, deposit=0, payTime=null)
2024-12-04 22:17:19.239 [main] DEBUG cn.edu.xmu.oomall.product.dao.bo.Product - getValidOnsale: validOnsale = OnSale(super=OOMallObject(id=3848, creatorId=1, creatorName=admin, modifierId=null, modifierName=null, gmtCreate=2021-11-11T14:38:20, gmtModified=null), price=1777, beginTime=2021-11-11T14:38:20, endTime=2027-02-19T14:38:20, quantity=103, maxQuantity=50, shopId=3, productId=5397, type=0, deposit=0, payTime=null)
2024-12-04 22:17:19.239 [main] DEBUG cn.edu.xmu.oomall.product.dao.bo.Product - getValidOnsale: validOnsale = OnSale(super=OOMallObject(id=2, creatorId=1, creatorName=admin, modifierId=null, modifierName=null, gmtCreate=2021-11-11T14:38:20, gmtModified=null), price=473, beginTime=2021-11-11T14:38:20, endTime=2029-02-19T14:38:20, quantity=97, maxQuantity=50, shopId=3, productId=1551, type=3, deposit=0, payTime=null)
2024-12-04 22:17:19.239 [main] DEBUG cn.edu.xmu.oomall.product.dao.bo.Product - getValidOnsale: validOnsale = OnSale(super=OOMallObject(id=2, creatorId=1, creatorName=admin, modifierId=null, modifierName=null, gmtCreate=2021-11-11T14:38:20, gmtModified=null), price=473, beginTime=2021-11-11T14:38:20, endTime=2029-02-19T14:38:20, quantity=97, maxQuantity=50, shopId=3, productId=1551, type=3, deposit=0, payTime=null)
2024-12-04 22:17:19.239 [main] DEBUG cn.edu.xmu.oomall.product.dao.bo.Product - getValidOnsale: validOnsale = OnSale(super=OOMallObject(id=2, creatorId=1, creatorName=admin, modifierId=null, modifierName=null, gmtCreate=2021-11-11T14:38:20, gmtModified=null), price=473, beginTime=2021-11-11T14:38:20, endTime=2029-02-19T14:38:20, quantity=97, maxQuantity=50, shopId=3, productId=1551, type=3, deposit=0, payTime=null)
2024-12-04 22:17:19.239 [main] DEBUG cn.edu.xmu.oomall.product.dao.bo.Product - getValidOnsale: validOnsale = OnSale(super=OOMallObject(id=2, creatorId=1, creatorName=admin, modifierId=null, modifierName=null, gmtCreate=2021-11-11T14:38:20, gmtModified=null), price=473, beginTime=2021-11-11T14:38:20, endTime=2029-02-19T14:38:20, quantity=97, maxQuantity=50, shopId=3, productId=1551, type=3, deposit=0, payTime=null)
2024-12-04 22:17:19.239 [main] DEBUG cn.edu.xmu.oomall.product.dao.bo.Product - getValidOnsale: validOnsale = OnSale(super=OOMallObject(id=2, creatorId=1, creatorName=admin, modifierId=null, modifierName=null, gmtCreate=2021-11-11T14:38:20, gmtModified=null), price=473, beginTime=2021-11-11T14:38:20, endTime=2029-02-19T14:38:20, quantity=97, maxQuantity=50, shopId=3, productId=1551, type=3, deposit=0, payTime=null)
2024-12-04 22:17:19.239 [main] DEBUG cn.edu.xmu.javaee.core.aop.DaoAspect - doAround: obj = cn.edu.xmu.oomall.product.dao.openfeign.ShopDao@3f15269d, method = findById
2024-12-04 22:17:19.294 [main] DEBUG cn.edu.xmu.javaee.core.aop.DaoAspect - doAround: obj = cn.edu.xmu.oomall.product.dao.CategoryDao@1fed29e5, method = findById
2024-12-04 22:17:19.294 [main] DEBUG cn.edu.xmu.oomall.product.dao.bo.Product - getValidOnsale: validOnsale = OnSale(super=OOMallObject(id=2, creatorId=1, creatorName=admin, modifierId=null, modifierName=null, gmtCreate=2021-11-11T14:38:20, gmtModified=null), price=473, beginTime=2021-11-11T14:38:20, endTime=2029-02-19T14:38:20, quantity=97, maxQuantity=50, shopId=3, productId=1551, type=3, deposit=0, payTime=null)
2024-12-04 22:17:19.294 [main] DEBUG cn.edu.xmu.oomall.product.dao.bo.Product - getValidOnsale: validOnsale = OnSale(super=OOMallObject(id=2, creatorId=1, creatorName=admin, modifierId=null, modifierName=null, gmtCreate=2021-11-11T14:38:20, gmtModified=null), price=473, beginTime=2021-11-11T14:38:20, endTime=2029-02-19T14:38:20, quantity=97, maxQuantity=50, shopId=3, productId=1551, type=3, deposit=0, payTime=null)
2024-12-04 22:17:19.348 [main] DEBUG c.edu.xmu.oomall.product.dao.activity.ActivityDao - retrieveByOnsaleId: po = ActivityPo(id=98, creatorId=1, creatorName=admin, modifierId=null, modifierName=null, gmtCreate=2023-12-08T12:12:50, gmtModified=null, shopId=3, name=满100打9折, objectId=6573028729d39517cce1e03b, actClass=couponActDao, status=1)
2024-12-04 22:17:19.348 [main] DEBUG c.edu.xmu.oomall.product.dao.activity.ActivityDao - build: po = ActivityPo(id=98, creatorId=1, creatorName=admin, modifierId=null, modifierName=null, gmtCreate=2023-12-08T12:12:50, gmtModified=null, shopId=3, name=满100打9折, objectId=6573028729d39517cce1e03b, actClass=couponActDao, status=1)
2024-12-04 22:17:19.348 [main] DEBUG c.edu.xmu.oomall.product.dao.activity.CouponActDao - ---getActivity: po = ActivityPo(id=98, creatorId=1, creatorName=admin, modifierId=null, modifierName=null, gmtCreate=2023-12-08T12:12:50, gmtModified=null, shopId=3, name=满100打9折, objectId=6573028729d39517cce1e03b, actClass=couponActDao, status=1)
2024-12-04 22:17:19.350 [main] INFO  c.edu.xmu.oomall.product.config.MongoCommandLogger - Command: find
2024-12-04 22:17:19.350 [main] INFO  c.edu.xmu.oomall.product.config.MongoCommandLogger - Connection Address: mongo3:27017
2024-12-04 22:17:19.404 [main] DEBUG c.edu.xmu.oomall.product.dao.activity.CouponActDao - objid->657302634882bc534d981832:Optional[CouponActPo(objectId=657302634882bc534d981832, couponTime=null, quantity=null, quantityType=null, validTerm=null, strategy={"value":50,"couponLimitation":{"value":10000,"className":"cn.edu.xmu.oomall.product.model.strategy.impl.PriceCouponLimitation"},"className":"cn.edu.xmu.oomall.product.model.strategy.impl.CheapestPercentageDiscount"})],po.objid:6573028729d39517cce1e03b
2024-12-04 22:17:19.404 [main] DEBUG c.edu.xmu.oomall.product.dao.activity.CouponActDao - ---copy after getActivity: po = ActivityPo(id=98, creatorId=1, creatorName=admin, modifierId=null, modifierName=null, gmtCreate=2023-12-08T12:12:50, gmtModified=null, shopId=3, name=满100打9折, objectId=6573028729d39517cce1e03b, actClass=couponActDao, status=1)
2024-12-04 22:17:19.406 [main] INFO  c.edu.xmu.oomall.product.config.MongoCommandLogger - Command: find
2024-12-04 22:17:19.406 [main] INFO  c.edu.xmu.oomall.product.config.MongoCommandLogger - Connection Address: mongo3:27017
2024-12-04 22:17:19.451 [main] DEBUG c.edu.xmu.oomall.product.dao.activity.CouponActDao - ---getActivity: ret = Optional[CouponActPo(objectId=6573028729d39517cce1e03b, couponTime=null, quantity=null, quantityType=null, validTerm=null, strategy={"value":90,"couponLimitation":{"value":10000,"className":"cn.edu.xmu.oomall.product.model.strategy.impl.PriceCouponLimitation"},"className":"cn.edu.xmu.oomall.product.model.strategy.impl.PercentageCouponDiscount"})]
2024-12-04 22:17:19.453 [main] DEBUG c.edu.xmu.oomall.product.dao.activity.CouponActDao - ---getActivity: bo = CouponAct(super=Activity(super=OOMallObject(id=98, creatorId=1, creatorName=admin, modifierId=null, modifierName=null, gmtCreate=2023-12-08T12:12:50, gmtModified=null), shopId=3, name=满100打9折, objectId=6573028729d39517cce1e03b, actClass=couponActDao, status=1), couponTime=null, quantity=null, quantityType=null, validTerm=null, strategy=PercentageCouponDiscount())
2024-12-04 22:17:19.453 [main] DEBUG cn.edu.xmu.javaee.core.aop.DaoAspect - doAround: obj = cn.edu.xmu.oomall.product.dao.activity.CouponActDao@4b23219d, method = getActivity
2024-12-04 22:17:19.453 [main] DEBUG c.edu.xmu.oomall.product.dao.activity.ActivityDao - build: bo = CouponAct(super=Activity(super=OOMallObject(id=98, creatorId=1, creatorName=admin, modifierId=null, modifierName=null, gmtCreate=2023-12-08T12:12:50, gmtModified=null), shopId=3, name=满100打9折, objectId=6573028729d39517cce1e03b, actClass=couponActDao, status=1), couponTime=null, quantity=null, quantityType=null, validTerm=null, strategy=PercentageCouponDiscount())
2024-12-04 22:17:19.453 [main] DEBUG cn.edu.xmu.javaee.core.aop.DaoAspect - doAround: obj = cn.edu.xmu.oomall.product.dao.activity.ActivityDao@7e281050, method = retrieveByOnsaleId
2024-12-04 22:17:19.453 [main] DEBUG cn.edu.xmu.oomall.product.dao.bo.OnSale - getActList: actList = [CouponAct(super=Activity(super=OOMallObject(id=98, creatorId=1, creatorName=admin, modifierId=null, modifierName=null, gmtCreate=2023-12-08T12:12:50, gmtModified=null), shopId=3, name=满100打9折, objectId=6573028729d39517cce1e03b, actClass=couponActDao, status=1), couponTime=null, quantity=null, quantityType=null, validTerm=null, strategy=PercentageCouponDiscount())]
2024-12-04 22:17:19.453 [main] DEBUG cn.edu.xmu.oomall.product.dao.bo.OnSale - getActList: actList = [CouponAct(super=Activity(super=OOMallObject(id=98, creatorId=1, creatorName=admin, modifierId=null, modifierName=null, gmtCreate=2023-12-08T12:12:50, gmtModified=null), shopId=3, name=满100打9折, objectId=6573028729d39517cce1e03b, actClass=couponActDao, status=1), couponTime=null, quantity=null, quantityType=null, validTerm=null, strategy=PercentageCouponDiscount())]
2024-12-04 22:17:19.453 [main] DEBUG cn.edu.xmu.oomall.product.dao.bo.Product - getValidOnsale: validOnsale = OnSale(super=OOMallObject(id=2, creatorId=1, creatorName=admin, modifierId=null, modifierName=null, gmtCreate=2021-11-11T14:38:20, gmtModified=null), price=473, beginTime=2021-11-11T14:38:20, endTime=2029-02-19T14:38:20, quantity=97, maxQuantity=50, shopId=3, productId=1551, type=3, deposit=0, payTime=null)
2024-12-04 22:17:19.454 [main] DEBUG cn.edu.xmu.javaee.core.aop.DaoAspect - doAround: obj = cn.edu.xmu.oomall.product.dao.openfeign.ShopDao@3f15269d, method = findById
2024-12-04 22:17:19.454 [main] DEBUG cn.edu.xmu.oomall.product.dao.bo.OnSale - getActList: actList = [CouponAct(super=Activity(super=OOMallObject(id=98, creatorId=1, creatorName=admin, modifierId=null, modifierName=null, gmtCreate=2023-12-08T12:12:50, gmtModified=null), shopId=3, name=满100打9折, objectId=6573028729d39517cce1e03b, actClass=couponActDao, status=1), couponTime=null, quantity=null, quantityType=null, validTerm=null, strategy=PercentageCouponDiscount())]
2024-12-04 22:17:19.454 [main] DEBUG cn.edu.xmu.javaee.core.aop.DaoAspect - doAround: obj = cn.edu.xmu.oomall.product.dao.openfeign.TemplateDao@20f230a7, method = findById
2024-12-04 22:17:19.454 [main] DEBUG c.e.x.o.product.controller.UnAuthorizedController - findOnsaleById: dto = cn.edu.xmu.oomall.product.controller.vo.ProductVo@ab558e
2024-12-04 22:17:19.454 [main] DEBUG cn.edu.xmu.javaee.core.aop.ControllerAspect - doAround: jp = findOnsaleById, code = OK

MockHttpServletRequest:
      HTTP Method = GET
      Request URI = /onsales/2
       Parameters = {}
          Headers = [Content-Type:"application/json;charset=UTF-8", authorization:"eyJ0eXAiOiJKV1QiLCJhbGciOiJIUzI1NiJ9.eyJ1c2VySWQiOjEsImRlcGFydElkIjowLCJ0b2tlbklkIjoiMjAyNDEyMDQyMjE3MTgwS1BBIiwidXNlck5hbWUiOiIxMzA4OGFkbWluIiwidXNlckxldmVsIjoxLCJpc3MiOiJPT0FEIiwic3ViIjoidGhpcyBpcyBhIHRva2VuIiwiYXVkIjoiTUlOSUFQUCIsImlhdCI6MTczMzMyMTgzOCwiZXhwIjoxNzMzMzI1NDM4fQ.JV6GETbejZP1n1PmBFUPsPu4IvyfVvH4iU-x2PEUONY"]
             Body = null
    Session Attrs = {}

Handler:
             Type = cn.edu.xmu.oomall.product.controller.UnAuthorizedController
           Method = cn.edu.xmu.oomall.product.controller.UnAuthorizedController#findOnsaleById(Long)

Async:
    Async started = false
     Async result = null

Resolved Exception:
             Type = null

ModelAndView:
        View name = null
             View = null
            Model = null

FlashMap:
       Attributes = null

MockHttpServletResponse:
           Status = 200
    Error message = null
          Headers = [Vary:"Origin", "Access-Control-Request-Method", "Access-Control-Request-Headers", Content-Type:"application/json;charset=UTF-8"]
     Content type = application/json;charset=UTF-8
             Body = {"errmsg":"成功","data":{"id":1551,"name":"欢乐家杨梅罐头","status":1,"originalPrice":7256,"weight":700,"barcode":"6924254673503","unit":"瓶","originPlace":"广东","otherProduct":[{"id":1551,"name":"欢乐家杨梅罐头","price":473,"status":1,"quantity":97},{"id":1851,"name":"小小酥黑胡椒","price":12241,"status":1,"quantity":88},{"id":1870,"name":"郎酒(蓝色经典)","price":57586,"status":1,"quantity":106},{"id":2364,"name":"丹丹郫县豆瓣400","price":13873,"status":1,"quantity":78},{"id":2606,"name":"龙嫂香菇鸡米线","price":4150,"status":1,"quantity":37},{"id":3479,"name":"佳洁士盐白牙膏","price":10797,"status":1,"quantity":76},{"id":3583,"name":"金萱保湿霜","price":16085,"status":1,"quantity":49},{"id":3691,"name":"新郑香酥红枣果干","price":29768,"status":1,"quantity":109},{"id":3927,"name":"达利果味酸奶夹心饼 138","price":31884,"status":1,"quantity":36},{"id":4532,"name":"400亮壮洗发水","price":54331,"status":1,"quantity":69},{"id":5336,"name":"神田五香面条料50","price":1230,"status":1,"quantity":66},{"id":5397,"name":"杂粮饼","price":1777,"status":1,"quantity":103}],"price":473,"quantity":97,"maxQuantity":50,"beginTime":"2021-11-11T14:38:20","endTime":"2029-02-19T14:38:20","shop":{"id":3,"name":"商铺10"},"category":{"id":254,"name":"洗护清洁"},"freeThreshold":-1,"actList":[{"id":98,"name":"满100打9折"}],"freightTemplate":{"id":1,"name":"运费模板啦啦啦"}},"errno":0}
    Forwarded URL = null
   Redirected URL = null
          Cookies = []
]]></system-out>
  </testcase>
  <testcase name="testGetProductProdGivenSuccess" classname="cn.edu.xmu.oomall.product.controller.UnAuthorizedController2Test" time="1.233">
    <system-out><![CDATA[2024-12-04 22:17:19.616 [main] DEBUG cn.edu.xmu.javaee.core.aop.ControllerAspect - doAround: method = findProductById, paramNames = [id]
2024-12-04 22:17:19.617 [main] DEBUG cn.edu.xmu.javaee.core.aop.ControllerAspect - checkPageTimeLimit: paramNames[0] = id
2024-12-04 22:17:19.617 [main] DEBUG cn.edu.xmu.oomall.product.service.ProductService - findProductById: id = 1551
2024-12-04 22:17:19.617 [main] DEBUG cn.edu.xmu.oomall.product.dao.ProductDao - findValidById: id = 1551
2024-12-04 22:17:19.669 [main] DEBUG cn.edu.xmu.javaee.core.aop.DaoAspect - doAround: obj = cn.edu.xmu.oomall.product.dao.ProductDao@6be1ba6c, method = findValidById
2024-12-04 22:17:19.669 [main] DEBUG cn.edu.xmu.oomall.product.dao.bo.Product - getStatus: id =1551
2024-12-04 22:17:19.669 [main] DEBUG cn.edu.xmu.oomall.product.dao.bo.Product - getValidOnsale: onsaleExecutor = cn.edu.xmu.oomall.product.dao.onsale.ValidOnSaleExecutor@11b0ac0c
2024-12-04 22:17:19.669 [main] DEBUG c.e.x.o.product.dao.onsale.ValidOnSaleExecutor - execute: productId = 1551
2024-12-04 22:17:19.669 [main] DEBUG cn.edu.xmu.oomall.product.dao.onsale.OnSaleDao - findLatestValidOnsale: id =1551
2024-12-04 22:17:19.727 [main] DEBUG cn.edu.xmu.javaee.core.aop.DaoAspect - doAround: obj = cn.edu.xmu.oomall.product.dao.onsale.OnSaleDao@6ca0fdd0, method = findLatestValidOnsaleByProductId
2024-12-04 22:17:19.727 [main] DEBUG cn.edu.xmu.oomall.product.dao.bo.Product - getValidOnsale: validOnsale = OnSale(super=OOMallObject(id=2, creatorId=1, creatorName=admin, modifierId=null, modifierName=null, gmtCreate=2021-11-11T14:38:20, gmtModified=null), price=473, beginTime=2021-11-11T14:38:20, endTime=2029-02-19T14:38:20, quantity=97, maxQuantity=50, shopId=3, productId=1551, type=3, deposit=0, payTime=null)
2024-12-04 22:17:19.727 [main] DEBUG cn.edu.xmu.oomall.product.dao.bo.Product - getValidOnsale: validOnsale = OnSale(super=OOMallObject(id=2, creatorId=1, creatorName=admin, modifierId=null, modifierName=null, gmtCreate=2021-11-11T14:38:20, gmtModified=null), price=473, beginTime=2021-11-11T14:38:20, endTime=2029-02-19T14:38:20, quantity=97, maxQuantity=50, shopId=3, productId=1551, type=3, deposit=0, payTime=null)
2024-12-04 22:17:19.727 [main] DEBUG cn.edu.xmu.oomall.product.dao.bo.Product - getValidOnsale: validOnsale = OnSale(super=OOMallObject(id=2, creatorId=1, creatorName=admin, modifierId=null, modifierName=null, gmtCreate=2021-11-11T14:38:20, gmtModified=null), price=473, beginTime=2021-11-11T14:38:20, endTime=2029-02-19T14:38:20, quantity=97, maxQuantity=50, shopId=3, productId=1551, type=3, deposit=0, payTime=null)
2024-12-04 22:17:19.783 [main] DEBUG cn.edu.xmu.oomall.product.dao.bo.Product - getValidOnsale: onsaleExecutor = cn.edu.xmu.oomall.product.dao.onsale.ValidOnSaleExecutor@3b5038f3
2024-12-04 22:17:19.783 [main] DEBUG c.e.x.o.product.dao.onsale.ValidOnSaleExecutor - execute: productId = 1551
2024-12-04 22:17:19.784 [main] DEBUG cn.edu.xmu.oomall.product.dao.onsale.OnSaleDao - findLatestValidOnsale: id =1551
2024-12-04 22:17:19.840 [main] DEBUG cn.edu.xmu.javaee.core.aop.DaoAspect - doAround: obj = cn.edu.xmu.oomall.product.dao.onsale.OnSaleDao@6ca0fdd0, method = findLatestValidOnsaleByProductId
2024-12-04 22:17:19.840 [main] DEBUG cn.edu.xmu.oomall.product.dao.bo.Product - getValidOnsale: validOnsale = OnSale(super=OOMallObject(id=2, creatorId=1, creatorName=admin, modifierId=null, modifierName=null, gmtCreate=2021-11-11T14:38:20, gmtModified=null), price=473, beginTime=2021-11-11T14:38:20, endTime=2029-02-19T14:38:20, quantity=97, maxQuantity=50, shopId=3, productId=1551, type=3, deposit=0, payTime=null)
2024-12-04 22:17:19.840 [main] DEBUG cn.edu.xmu.oomall.product.dao.bo.Product - getValidOnsale: validOnsale = OnSale(super=OOMallObject(id=2, creatorId=1, creatorName=admin, modifierId=null, modifierName=null, gmtCreate=2021-11-11T14:38:20, gmtModified=null), price=473, beginTime=2021-11-11T14:38:20, endTime=2029-02-19T14:38:20, quantity=97, maxQuantity=50, shopId=3, productId=1551, type=3, deposit=0, payTime=null)
2024-12-04 22:17:19.840 [main] DEBUG cn.edu.xmu.oomall.product.dao.bo.Product - getStatus: id =1551
2024-12-04 22:17:19.840 [main] DEBUG cn.edu.xmu.oomall.product.dao.bo.Product - getValidOnsale: validOnsale = OnSale(super=OOMallObject(id=2, creatorId=1, creatorName=admin, modifierId=null, modifierName=null, gmtCreate=2021-11-11T14:38:20, gmtModified=null), price=473, beginTime=2021-11-11T14:38:20, endTime=2029-02-19T14:38:20, quantity=97, maxQuantity=50, shopId=3, productId=1551, type=3, deposit=0, payTime=null)
2024-12-04 22:17:19.840 [main] DEBUG cn.edu.xmu.oomall.product.dao.bo.Product - getValidOnsale: validOnsale = OnSale(super=OOMallObject(id=2, creatorId=1, creatorName=admin, modifierId=null, modifierName=null, gmtCreate=2021-11-11T14:38:20, gmtModified=null), price=473, beginTime=2021-11-11T14:38:20, endTime=2029-02-19T14:38:20, quantity=97, maxQuantity=50, shopId=3, productId=1551, type=3, deposit=0, payTime=null)
2024-12-04 22:17:19.840 [main] DEBUG cn.edu.xmu.oomall.product.dao.bo.Product - getValidOnsale: validOnsale = OnSale(super=OOMallObject(id=2, creatorId=1, creatorName=admin, modifierId=null, modifierName=null, gmtCreate=2021-11-11T14:38:20, gmtModified=null), price=473, beginTime=2021-11-11T14:38:20, endTime=2029-02-19T14:38:20, quantity=97, maxQuantity=50, shopId=3, productId=1551, type=3, deposit=0, payTime=null)
2024-12-04 22:17:19.840 [main] DEBUG cn.edu.xmu.oomall.product.dao.bo.Product - getValidOnsale: validOnsale = OnSale(super=OOMallObject(id=2, creatorId=1, creatorName=admin, modifierId=null, modifierName=null, gmtCreate=2021-11-11T14:38:20, gmtModified=null), price=473, beginTime=2021-11-11T14:38:20, endTime=2029-02-19T14:38:20, quantity=97, maxQuantity=50, shopId=3, productId=1551, type=3, deposit=0, payTime=null)
2024-12-04 22:17:19.840 [main] DEBUG cn.edu.xmu.oomall.product.dao.bo.Product - getValidOnsale: onsaleExecutor = cn.edu.xmu.oomall.product.dao.onsale.ValidOnSaleExecutor@78ba1aac
2024-12-04 22:17:19.840 [main] DEBUG c.e.x.o.product.dao.onsale.ValidOnSaleExecutor - execute: productId = 1851
2024-12-04 22:17:19.840 [main] DEBUG cn.edu.xmu.oomall.product.dao.onsale.OnSaleDao - findLatestValidOnsale: id =1851
2024-12-04 22:17:19.896 [main] DEBUG cn.edu.xmu.javaee.core.aop.DaoAspect - doAround: obj = cn.edu.xmu.oomall.product.dao.onsale.OnSaleDao@6ca0fdd0, method = findLatestValidOnsaleByProductId
2024-12-04 22:17:19.896 [main] DEBUG cn.edu.xmu.oomall.product.dao.bo.Product - getValidOnsale: validOnsale = OnSale(super=OOMallObject(id=302, creatorId=1, creatorName=admin, modifierId=null, modifierName=null, gmtCreate=2021-11-11T14:38:20, gmtModified=null), price=12241, beginTime=2021-11-11T14:38:20, endTime=2027-02-19T14:38:20, quantity=88, maxQuantity=50, shopId=3, productId=1851, type=0, deposit=0, payTime=null)
2024-12-04 22:17:19.896 [main] DEBUG cn.edu.xmu.oomall.product.dao.bo.Product - getValidOnsale: validOnsale = OnSale(super=OOMallObject(id=302, creatorId=1, creatorName=admin, modifierId=null, modifierName=null, gmtCreate=2021-11-11T14:38:20, gmtModified=null), price=12241, beginTime=2021-11-11T14:38:20, endTime=2027-02-19T14:38:20, quantity=88, maxQuantity=50, shopId=3, productId=1851, type=0, deposit=0, payTime=null)
2024-12-04 22:17:19.896 [main] DEBUG cn.edu.xmu.oomall.product.dao.bo.Product - getStatus: id =1851
2024-12-04 22:17:19.896 [main] DEBUG cn.edu.xmu.oomall.product.dao.bo.Product - getValidOnsale: validOnsale = OnSale(super=OOMallObject(id=302, creatorId=1, creatorName=admin, modifierId=null, modifierName=null, gmtCreate=2021-11-11T14:38:20, gmtModified=null), price=12241, beginTime=2021-11-11T14:38:20, endTime=2027-02-19T14:38:20, quantity=88, maxQuantity=50, shopId=3, productId=1851, type=0, deposit=0, payTime=null)
2024-12-04 22:17:19.896 [main] DEBUG cn.edu.xmu.oomall.product.dao.bo.Product - getValidOnsale: validOnsale = OnSale(super=OOMallObject(id=302, creatorId=1, creatorName=admin, modifierId=null, modifierName=null, gmtCreate=2021-11-11T14:38:20, gmtModified=null), price=12241, beginTime=2021-11-11T14:38:20, endTime=2027-02-19T14:38:20, quantity=88, maxQuantity=50, shopId=3, productId=1851, type=0, deposit=0, payTime=null)
2024-12-04 22:17:19.896 [main] DEBUG cn.edu.xmu.oomall.product.dao.bo.Product - getValidOnsale: validOnsale = OnSale(super=OOMallObject(id=302, creatorId=1, creatorName=admin, modifierId=null, modifierName=null, gmtCreate=2021-11-11T14:38:20, gmtModified=null), price=12241, beginTime=2021-11-11T14:38:20, endTime=2027-02-19T14:38:20, quantity=88, maxQuantity=50, shopId=3, productId=1851, type=0, deposit=0, payTime=null)
2024-12-04 22:17:19.896 [main] DEBUG cn.edu.xmu.oomall.product.dao.bo.Product - getValidOnsale: validOnsale = OnSale(super=OOMallObject(id=302, creatorId=1, creatorName=admin, modifierId=null, modifierName=null, gmtCreate=2021-11-11T14:38:20, gmtModified=null), price=12241, beginTime=2021-11-11T14:38:20, endTime=2027-02-19T14:38:20, quantity=88, maxQuantity=50, shopId=3, productId=1851, type=0, deposit=0, payTime=null)
2024-12-04 22:17:19.896 [main] DEBUG cn.edu.xmu.oomall.product.dao.bo.Product - getValidOnsale: onsaleExecutor = cn.edu.xmu.oomall.product.dao.onsale.ValidOnSaleExecutor@771e1edc
2024-12-04 22:17:19.897 [main] DEBUG c.e.x.o.product.dao.onsale.ValidOnSaleExecutor - execute: productId = 1870
2024-12-04 22:17:19.897 [main] DEBUG cn.edu.xmu.oomall.product.dao.onsale.OnSaleDao - findLatestValidOnsale: id =1870
2024-12-04 22:17:19.954 [main] DEBUG cn.edu.xmu.javaee.core.aop.DaoAspect - doAround: obj = cn.edu.xmu.oomall.product.dao.onsale.OnSaleDao@6ca0fdd0, method = findLatestValidOnsaleByProductId
2024-12-04 22:17:19.954 [main] DEBUG cn.edu.xmu.oomall.product.dao.bo.Product - getValidOnsale: validOnsale = OnSale(super=OOMallObject(id=321, creatorId=1, creatorName=admin, modifierId=null, modifierName=null, gmtCreate=2021-11-11T14:38:20, gmtModified=null), price=57586, beginTime=2021-11-11T14:38:20, endTime=2027-02-19T14:38:20, quantity=106, maxQuantity=50, shopId=3, productId=1870, type=0, deposit=0, payTime=null)
2024-12-04 22:17:19.954 [main] DEBUG cn.edu.xmu.oomall.product.dao.bo.Product - getValidOnsale: validOnsale = OnSale(super=OOMallObject(id=321, creatorId=1, creatorName=admin, modifierId=null, modifierName=null, gmtCreate=2021-11-11T14:38:20, gmtModified=null), price=57586, beginTime=2021-11-11T14:38:20, endTime=2027-02-19T14:38:20, quantity=106, maxQuantity=50, shopId=3, productId=1870, type=0, deposit=0, payTime=null)
2024-12-04 22:17:19.954 [main] DEBUG cn.edu.xmu.oomall.product.dao.bo.Product - getStatus: id =1870
2024-12-04 22:17:19.954 [main] DEBUG cn.edu.xmu.oomall.product.dao.bo.Product - getValidOnsale: validOnsale = OnSale(super=OOMallObject(id=321, creatorId=1, creatorName=admin, modifierId=null, modifierName=null, gmtCreate=2021-11-11T14:38:20, gmtModified=null), price=57586, beginTime=2021-11-11T14:38:20, endTime=2027-02-19T14:38:20, quantity=106, maxQuantity=50, shopId=3, productId=1870, type=0, deposit=0, payTime=null)
2024-12-04 22:17:19.954 [main] DEBUG cn.edu.xmu.oomall.product.dao.bo.Product - getValidOnsale: validOnsale = OnSale(super=OOMallObject(id=321, creatorId=1, creatorName=admin, modifierId=null, modifierName=null, gmtCreate=2021-11-11T14:38:20, gmtModified=null), price=57586, beginTime=2021-11-11T14:38:20, endTime=2027-02-19T14:38:20, quantity=106, maxQuantity=50, shopId=3, productId=1870, type=0, deposit=0, payTime=null)
2024-12-04 22:17:19.954 [main] DEBUG cn.edu.xmu.oomall.product.dao.bo.Product - getValidOnsale: validOnsale = OnSale(super=OOMallObject(id=321, creatorId=1, creatorName=admin, modifierId=null, modifierName=null, gmtCreate=2021-11-11T14:38:20, gmtModified=null), price=57586, beginTime=2021-11-11T14:38:20, endTime=2027-02-19T14:38:20, quantity=106, maxQuantity=50, shopId=3, productId=1870, type=0, deposit=0, payTime=null)
2024-12-04 22:17:19.954 [main] DEBUG cn.edu.xmu.oomall.product.dao.bo.Product - getValidOnsale: validOnsale = OnSale(super=OOMallObject(id=321, creatorId=1, creatorName=admin, modifierId=null, modifierName=null, gmtCreate=2021-11-11T14:38:20, gmtModified=null), price=57586, beginTime=2021-11-11T14:38:20, endTime=2027-02-19T14:38:20, quantity=106, maxQuantity=50, shopId=3, productId=1870, type=0, deposit=0, payTime=null)
2024-12-04 22:17:19.954 [main] DEBUG cn.edu.xmu.oomall.product.dao.bo.Product - getValidOnsale: onsaleExecutor = cn.edu.xmu.oomall.product.dao.onsale.ValidOnSaleExecutor@3a1047e7
2024-12-04 22:17:19.954 [main] DEBUG c.e.x.o.product.dao.onsale.ValidOnSaleExecutor - execute: productId = 2364
2024-12-04 22:17:19.954 [main] DEBUG cn.edu.xmu.oomall.product.dao.onsale.OnSaleDao - findLatestValidOnsale: id =2364
2024-12-04 22:17:20.012 [main] DEBUG cn.edu.xmu.javaee.core.aop.DaoAspect - doAround: obj = cn.edu.xmu.oomall.product.dao.onsale.OnSaleDao@6ca0fdd0, method = findLatestValidOnsaleByProductId
2024-12-04 22:17:20.012 [main] DEBUG cn.edu.xmu.oomall.product.dao.bo.Product - getValidOnsale: validOnsale = OnSale(super=OOMallObject(id=815, creatorId=1, creatorName=admin, modifierId=null, modifierName=null, gmtCreate=2021-11-11T14:38:20, gmtModified=null), price=13873, beginTime=2021-11-11T14:38:20, endTime=2027-02-19T14:38:20, quantity=78, maxQuantity=50, shopId=3, productId=2364, type=0, deposit=0, payTime=null)
2024-12-04 22:17:20.012 [main] DEBUG cn.edu.xmu.oomall.product.dao.bo.Product - getValidOnsale: validOnsale = OnSale(super=OOMallObject(id=815, creatorId=1, creatorName=admin, modifierId=null, modifierName=null, gmtCreate=2021-11-11T14:38:20, gmtModified=null), price=13873, beginTime=2021-11-11T14:38:20, endTime=2027-02-19T14:38:20, quantity=78, maxQuantity=50, shopId=3, productId=2364, type=0, deposit=0, payTime=null)
2024-12-04 22:17:20.012 [main] DEBUG cn.edu.xmu.oomall.product.dao.bo.Product - getStatus: id =2364
2024-12-04 22:17:20.012 [main] DEBUG cn.edu.xmu.oomall.product.dao.bo.Product - getValidOnsale: validOnsale = OnSale(super=OOMallObject(id=815, creatorId=1, creatorName=admin, modifierId=null, modifierName=null, gmtCreate=2021-11-11T14:38:20, gmtModified=null), price=13873, beginTime=2021-11-11T14:38:20, endTime=2027-02-19T14:38:20, quantity=78, maxQuantity=50, shopId=3, productId=2364, type=0, deposit=0, payTime=null)
2024-12-04 22:17:20.012 [main] DEBUG cn.edu.xmu.oomall.product.dao.bo.Product - getValidOnsale: validOnsale = OnSale(super=OOMallObject(id=815, creatorId=1, creatorName=admin, modifierId=null, modifierName=null, gmtCreate=2021-11-11T14:38:20, gmtModified=null), price=13873, beginTime=2021-11-11T14:38:20, endTime=2027-02-19T14:38:20, quantity=78, maxQuantity=50, shopId=3, productId=2364, type=0, deposit=0, payTime=null)
2024-12-04 22:17:20.012 [main] DEBUG cn.edu.xmu.oomall.product.dao.bo.Product - getValidOnsale: validOnsale = OnSale(super=OOMallObject(id=815, creatorId=1, creatorName=admin, modifierId=null, modifierName=null, gmtCreate=2021-11-11T14:38:20, gmtModified=null), price=13873, beginTime=2021-11-11T14:38:20, endTime=2027-02-19T14:38:20, quantity=78, maxQuantity=50, shopId=3, productId=2364, type=0, deposit=0, payTime=null)
2024-12-04 22:17:20.012 [main] DEBUG cn.edu.xmu.oomall.product.dao.bo.Product - getValidOnsale: validOnsale = OnSale(super=OOMallObject(id=815, creatorId=1, creatorName=admin, modifierId=null, modifierName=null, gmtCreate=2021-11-11T14:38:20, gmtModified=null), price=13873, beginTime=2021-11-11T14:38:20, endTime=2027-02-19T14:38:20, quantity=78, maxQuantity=50, shopId=3, productId=2364, type=0, deposit=0, payTime=null)
2024-12-04 22:17:20.012 [main] DEBUG cn.edu.xmu.oomall.product.dao.bo.Product - getValidOnsale: onsaleExecutor = cn.edu.xmu.oomall.product.dao.onsale.ValidOnSaleExecutor@10db9a4a
2024-12-04 22:17:20.012 [main] DEBUG c.e.x.o.product.dao.onsale.ValidOnSaleExecutor - execute: productId = 2606
2024-12-04 22:17:20.012 [main] DEBUG cn.edu.xmu.oomall.product.dao.onsale.OnSaleDao - findLatestValidOnsale: id =2606
2024-12-04 22:17:20.069 [main] DEBUG cn.edu.xmu.javaee.core.aop.DaoAspect - doAround: obj = cn.edu.xmu.oomall.product.dao.onsale.OnSaleDao@6ca0fdd0, method = findLatestValidOnsaleByProductId
2024-12-04 22:17:20.069 [main] DEBUG cn.edu.xmu.oomall.product.dao.bo.Product - getValidOnsale: validOnsale = OnSale(super=OOMallObject(id=1057, creatorId=1, creatorName=admin, modifierId=null, modifierName=null, gmtCreate=2021-11-11T14:38:20, gmtModified=null), price=4150, beginTime=2021-11-11T14:38:20, endTime=2027-02-19T14:38:20, quantity=37, maxQuantity=50, shopId=3, productId=2606, type=0, deposit=0, payTime=null)
2024-12-04 22:17:20.069 [main] DEBUG cn.edu.xmu.oomall.product.dao.bo.Product - getValidOnsale: validOnsale = OnSale(super=OOMallObject(id=1057, creatorId=1, creatorName=admin, modifierId=null, modifierName=null, gmtCreate=2021-11-11T14:38:20, gmtModified=null), price=4150, beginTime=2021-11-11T14:38:20, endTime=2027-02-19T14:38:20, quantity=37, maxQuantity=50, shopId=3, productId=2606, type=0, deposit=0, payTime=null)
2024-12-04 22:17:20.069 [main] DEBUG cn.edu.xmu.oomall.product.dao.bo.Product - getStatus: id =2606
2024-12-04 22:17:20.069 [main] DEBUG cn.edu.xmu.oomall.product.dao.bo.Product - getValidOnsale: validOnsale = OnSale(super=OOMallObject(id=1057, creatorId=1, creatorName=admin, modifierId=null, modifierName=null, gmtCreate=2021-11-11T14:38:20, gmtModified=null), price=4150, beginTime=2021-11-11T14:38:20, endTime=2027-02-19T14:38:20, quantity=37, maxQuantity=50, shopId=3, productId=2606, type=0, deposit=0, payTime=null)
2024-12-04 22:17:20.069 [main] DEBUG cn.edu.xmu.oomall.product.dao.bo.Product - getValidOnsale: validOnsale = OnSale(super=OOMallObject(id=1057, creatorId=1, creatorName=admin, modifierId=null, modifierName=null, gmtCreate=2021-11-11T14:38:20, gmtModified=null), price=4150, beginTime=2021-11-11T14:38:20, endTime=2027-02-19T14:38:20, quantity=37, maxQuantity=50, shopId=3, productId=2606, type=0, deposit=0, payTime=null)
2024-12-04 22:17:20.069 [main] DEBUG cn.edu.xmu.oomall.product.dao.bo.Product - getValidOnsale: validOnsale = OnSale(super=OOMallObject(id=1057, creatorId=1, creatorName=admin, modifierId=null, modifierName=null, gmtCreate=2021-11-11T14:38:20, gmtModified=null), price=4150, beginTime=2021-11-11T14:38:20, endTime=2027-02-19T14:38:20, quantity=37, maxQuantity=50, shopId=3, productId=2606, type=0, deposit=0, payTime=null)
2024-12-04 22:17:20.069 [main] DEBUG cn.edu.xmu.oomall.product.dao.bo.Product - getValidOnsale: validOnsale = OnSale(super=OOMallObject(id=1057, creatorId=1, creatorName=admin, modifierId=null, modifierName=null, gmtCreate=2021-11-11T14:38:20, gmtModified=null), price=4150, beginTime=2021-11-11T14:38:20, endTime=2027-02-19T14:38:20, quantity=37, maxQuantity=50, shopId=3, productId=2606, type=0, deposit=0, payTime=null)
2024-12-04 22:17:20.069 [main] DEBUG cn.edu.xmu.oomall.product.dao.bo.Product - getValidOnsale: onsaleExecutor = cn.edu.xmu.oomall.product.dao.onsale.ValidOnSaleExecutor@3dc3436a
2024-12-04 22:17:20.069 [main] DEBUG c.e.x.o.product.dao.onsale.ValidOnSaleExecutor - execute: productId = 3479
2024-12-04 22:17:20.069 [main] DEBUG cn.edu.xmu.oomall.product.dao.onsale.OnSaleDao - findLatestValidOnsale: id =3479
2024-12-04 22:17:20.127 [main] DEBUG cn.edu.xmu.javaee.core.aop.DaoAspect - doAround: obj = cn.edu.xmu.oomall.product.dao.onsale.OnSaleDao@6ca0fdd0, method = findLatestValidOnsaleByProductId
2024-12-04 22:17:20.127 [main] DEBUG cn.edu.xmu.oomall.product.dao.bo.Product - getValidOnsale: validOnsale = OnSale(super=OOMallObject(id=1930, creatorId=1, creatorName=admin, modifierId=null, modifierName=null, gmtCreate=2021-11-11T14:38:20, gmtModified=null), price=10797, beginTime=2021-11-11T14:38:20, endTime=2027-02-19T14:38:20, quantity=76, maxQuantity=50, shopId=3, productId=3479, type=0, deposit=0, payTime=null)
2024-12-04 22:17:20.127 [main] DEBUG cn.edu.xmu.oomall.product.dao.bo.Product - getValidOnsale: validOnsale = OnSale(super=OOMallObject(id=1930, creatorId=1, creatorName=admin, modifierId=null, modifierName=null, gmtCreate=2021-11-11T14:38:20, gmtModified=null), price=10797, beginTime=2021-11-11T14:38:20, endTime=2027-02-19T14:38:20, quantity=76, maxQuantity=50, shopId=3, productId=3479, type=0, deposit=0, payTime=null)
2024-12-04 22:17:20.127 [main] DEBUG cn.edu.xmu.oomall.product.dao.bo.Product - getStatus: id =3479
2024-12-04 22:17:20.127 [main] DEBUG cn.edu.xmu.oomall.product.dao.bo.Product - getValidOnsale: validOnsale = OnSale(super=OOMallObject(id=1930, creatorId=1, creatorName=admin, modifierId=null, modifierName=null, gmtCreate=2021-11-11T14:38:20, gmtModified=null), price=10797, beginTime=2021-11-11T14:38:20, endTime=2027-02-19T14:38:20, quantity=76, maxQuantity=50, shopId=3, productId=3479, type=0, deposit=0, payTime=null)
2024-12-04 22:17:20.127 [main] DEBUG cn.edu.xmu.oomall.product.dao.bo.Product - getValidOnsale: validOnsale = OnSale(super=OOMallObject(id=1930, creatorId=1, creatorName=admin, modifierId=null, modifierName=null, gmtCreate=2021-11-11T14:38:20, gmtModified=null), price=10797, beginTime=2021-11-11T14:38:20, endTime=2027-02-19T14:38:20, quantity=76, maxQuantity=50, shopId=3, productId=3479, type=0, deposit=0, payTime=null)
2024-12-04 22:17:20.127 [main] DEBUG cn.edu.xmu.oomall.product.dao.bo.Product - getValidOnsale: validOnsale = OnSale(super=OOMallObject(id=1930, creatorId=1, creatorName=admin, modifierId=null, modifierName=null, gmtCreate=2021-11-11T14:38:20, gmtModified=null), price=10797, beginTime=2021-11-11T14:38:20, endTime=2027-02-19T14:38:20, quantity=76, maxQuantity=50, shopId=3, productId=3479, type=0, deposit=0, payTime=null)
2024-12-04 22:17:20.127 [main] DEBUG cn.edu.xmu.oomall.product.dao.bo.Product - getValidOnsale: validOnsale = OnSale(super=OOMallObject(id=1930, creatorId=1, creatorName=admin, modifierId=null, modifierName=null, gmtCreate=2021-11-11T14:38:20, gmtModified=null), price=10797, beginTime=2021-11-11T14:38:20, endTime=2027-02-19T14:38:20, quantity=76, maxQuantity=50, shopId=3, productId=3479, type=0, deposit=0, payTime=null)
2024-12-04 22:17:20.127 [main] DEBUG cn.edu.xmu.oomall.product.dao.bo.Product - getValidOnsale: onsaleExecutor = cn.edu.xmu.oomall.product.dao.onsale.ValidOnSaleExecutor@55708b45
2024-12-04 22:17:20.128 [main] DEBUG c.e.x.o.product.dao.onsale.ValidOnSaleExecutor - execute: productId = 3583
2024-12-04 22:17:20.128 [main] DEBUG cn.edu.xmu.oomall.product.dao.onsale.OnSaleDao - findLatestValidOnsale: id =3583
2024-12-04 22:17:20.185 [main] DEBUG cn.edu.xmu.javaee.core.aop.DaoAspect - doAround: obj = cn.edu.xmu.oomall.product.dao.onsale.OnSaleDao@6ca0fdd0, method = findLatestValidOnsaleByProductId
2024-12-04 22:17:20.185 [main] DEBUG cn.edu.xmu.oomall.product.dao.bo.Product - getValidOnsale: validOnsale = OnSale(super=OOMallObject(id=2034, creatorId=1, creatorName=admin, modifierId=null, modifierName=null, gmtCreate=2021-11-11T14:38:20, gmtModified=null), price=16085, beginTime=2021-11-11T14:38:20, endTime=2027-02-19T14:38:20, quantity=49, maxQuantity=50, shopId=3, productId=3583, type=0, deposit=0, payTime=null)
2024-12-04 22:17:20.185 [main] DEBUG cn.edu.xmu.oomall.product.dao.bo.Product - getValidOnsale: validOnsale = OnSale(super=OOMallObject(id=2034, creatorId=1, creatorName=admin, modifierId=null, modifierName=null, gmtCreate=2021-11-11T14:38:20, gmtModified=null), price=16085, beginTime=2021-11-11T14:38:20, endTime=2027-02-19T14:38:20, quantity=49, maxQuantity=50, shopId=3, productId=3583, type=0, deposit=0, payTime=null)
2024-12-04 22:17:20.185 [main] DEBUG cn.edu.xmu.oomall.product.dao.bo.Product - getStatus: id =3583
2024-12-04 22:17:20.185 [main] DEBUG cn.edu.xmu.oomall.product.dao.bo.Product - getValidOnsale: validOnsale = OnSale(super=OOMallObject(id=2034, creatorId=1, creatorName=admin, modifierId=null, modifierName=null, gmtCreate=2021-11-11T14:38:20, gmtModified=null), price=16085, beginTime=2021-11-11T14:38:20, endTime=2027-02-19T14:38:20, quantity=49, maxQuantity=50, shopId=3, productId=3583, type=0, deposit=0, payTime=null)
2024-12-04 22:17:20.185 [main] DEBUG cn.edu.xmu.oomall.product.dao.bo.Product - getValidOnsale: validOnsale = OnSale(super=OOMallObject(id=2034, creatorId=1, creatorName=admin, modifierId=null, modifierName=null, gmtCreate=2021-11-11T14:38:20, gmtModified=null), price=16085, beginTime=2021-11-11T14:38:20, endTime=2027-02-19T14:38:20, quantity=49, maxQuantity=50, shopId=3, productId=3583, type=0, deposit=0, payTime=null)
2024-12-04 22:17:20.185 [main] DEBUG cn.edu.xmu.oomall.product.dao.bo.Product - getValidOnsale: validOnsale = OnSale(super=OOMallObject(id=2034, creatorId=1, creatorName=admin, modifierId=null, modifierName=null, gmtCreate=2021-11-11T14:38:20, gmtModified=null), price=16085, beginTime=2021-11-11T14:38:20, endTime=2027-02-19T14:38:20, quantity=49, maxQuantity=50, shopId=3, productId=3583, type=0, deposit=0, payTime=null)
2024-12-04 22:17:20.185 [main] DEBUG cn.edu.xmu.oomall.product.dao.bo.Product - getValidOnsale: validOnsale = OnSale(super=OOMallObject(id=2034, creatorId=1, creatorName=admin, modifierId=null, modifierName=null, gmtCreate=2021-11-11T14:38:20, gmtModified=null), price=16085, beginTime=2021-11-11T14:38:20, endTime=2027-02-19T14:38:20, quantity=49, maxQuantity=50, shopId=3, productId=3583, type=0, deposit=0, payTime=null)
2024-12-04 22:17:20.186 [main] DEBUG cn.edu.xmu.oomall.product.dao.bo.Product - getValidOnsale: onsaleExecutor = cn.edu.xmu.oomall.product.dao.onsale.ValidOnSaleExecutor@f69cb11
2024-12-04 22:17:20.186 [main] DEBUG c.e.x.o.product.dao.onsale.ValidOnSaleExecutor - execute: productId = 3691
2024-12-04 22:17:20.186 [main] DEBUG cn.edu.xmu.oomall.product.dao.onsale.OnSaleDao - findLatestValidOnsale: id =3691
2024-12-04 22:17:20.243 [main] DEBUG cn.edu.xmu.javaee.core.aop.DaoAspect - doAround: obj = cn.edu.xmu.oomall.product.dao.onsale.OnSaleDao@6ca0fdd0, method = findLatestValidOnsaleByProductId
2024-12-04 22:17:20.243 [main] DEBUG cn.edu.xmu.oomall.product.dao.bo.Product - getValidOnsale: validOnsale = OnSale(super=OOMallObject(id=2142, creatorId=1, creatorName=admin, modifierId=null, modifierName=null, gmtCreate=2021-11-11T14:38:20, gmtModified=null), price=29768, beginTime=2021-11-11T14:38:20, endTime=2027-02-19T14:38:20, quantity=109, maxQuantity=50, shopId=3, productId=3691, type=0, deposit=0, payTime=null)
2024-12-04 22:17:20.243 [main] DEBUG cn.edu.xmu.oomall.product.dao.bo.Product - getValidOnsale: validOnsale = OnSale(super=OOMallObject(id=2142, creatorId=1, creatorName=admin, modifierId=null, modifierName=null, gmtCreate=2021-11-11T14:38:20, gmtModified=null), price=29768, beginTime=2021-11-11T14:38:20, endTime=2027-02-19T14:38:20, quantity=109, maxQuantity=50, shopId=3, productId=3691, type=0, deposit=0, payTime=null)
2024-12-04 22:17:20.244 [main] DEBUG cn.edu.xmu.oomall.product.dao.bo.Product - getStatus: id =3691
2024-12-04 22:17:20.244 [main] DEBUG cn.edu.xmu.oomall.product.dao.bo.Product - getValidOnsale: validOnsale = OnSale(super=OOMallObject(id=2142, creatorId=1, creatorName=admin, modifierId=null, modifierName=null, gmtCreate=2021-11-11T14:38:20, gmtModified=null), price=29768, beginTime=2021-11-11T14:38:20, endTime=2027-02-19T14:38:20, quantity=109, maxQuantity=50, shopId=3, productId=3691, type=0, deposit=0, payTime=null)
2024-12-04 22:17:20.244 [main] DEBUG cn.edu.xmu.oomall.product.dao.bo.Product - getValidOnsale: validOnsale = OnSale(super=OOMallObject(id=2142, creatorId=1, creatorName=admin, modifierId=null, modifierName=null, gmtCreate=2021-11-11T14:38:20, gmtModified=null), price=29768, beginTime=2021-11-11T14:38:20, endTime=2027-02-19T14:38:20, quantity=109, maxQuantity=50, shopId=3, productId=3691, type=0, deposit=0, payTime=null)
2024-12-04 22:17:20.244 [main] DEBUG cn.edu.xmu.oomall.product.dao.bo.Product - getValidOnsale: validOnsale = OnSale(super=OOMallObject(id=2142, creatorId=1, creatorName=admin, modifierId=null, modifierName=null, gmtCreate=2021-11-11T14:38:20, gmtModified=null), price=29768, beginTime=2021-11-11T14:38:20, endTime=2027-02-19T14:38:20, quantity=109, maxQuantity=50, shopId=3, productId=3691, type=0, deposit=0, payTime=null)
2024-12-04 22:17:20.244 [main] DEBUG cn.edu.xmu.oomall.product.dao.bo.Product - getValidOnsale: validOnsale = OnSale(super=OOMallObject(id=2142, creatorId=1, creatorName=admin, modifierId=null, modifierName=null, gmtCreate=2021-11-11T14:38:20, gmtModified=null), price=29768, beginTime=2021-11-11T14:38:20, endTime=2027-02-19T14:38:20, quantity=109, maxQuantity=50, shopId=3, productId=3691, type=0, deposit=0, payTime=null)
2024-12-04 22:17:20.244 [main] DEBUG cn.edu.xmu.oomall.product.dao.bo.Product - getValidOnsale: onsaleExecutor = cn.edu.xmu.oomall.product.dao.onsale.ValidOnSaleExecutor@2fb0c34e
2024-12-04 22:17:20.244 [main] DEBUG c.e.x.o.product.dao.onsale.ValidOnSaleExecutor - execute: productId = 3927
2024-12-04 22:17:20.244 [main] DEBUG cn.edu.xmu.oomall.product.dao.onsale.OnSaleDao - findLatestValidOnsale: id =3927
2024-12-04 22:17:20.313 [main] DEBUG cn.edu.xmu.javaee.core.aop.DaoAspect - doAround: obj = cn.edu.xmu.oomall.product.dao.onsale.OnSaleDao@6ca0fdd0, method = findLatestValidOnsaleByProductId
2024-12-04 22:17:20.314 [main] DEBUG cn.edu.xmu.oomall.product.dao.bo.Product - getValidOnsale: validOnsale = OnSale(super=OOMallObject(id=2378, creatorId=1, creatorName=admin, modifierId=null, modifierName=null, gmtCreate=2021-11-11T14:38:20, gmtModified=null), price=31884, beginTime=2021-11-11T14:38:20, endTime=2027-02-19T14:38:20, quantity=36, maxQuantity=50, shopId=3, productId=3927, type=0, deposit=0, payTime=null)
2024-12-04 22:17:20.314 [main] DEBUG cn.edu.xmu.oomall.product.dao.bo.Product - getValidOnsale: validOnsale = OnSale(super=OOMallObject(id=2378, creatorId=1, creatorName=admin, modifierId=null, modifierName=null, gmtCreate=2021-11-11T14:38:20, gmtModified=null), price=31884, beginTime=2021-11-11T14:38:20, endTime=2027-02-19T14:38:20, quantity=36, maxQuantity=50, shopId=3, productId=3927, type=0, deposit=0, payTime=null)
2024-12-04 22:17:20.314 [main] DEBUG cn.edu.xmu.oomall.product.dao.bo.Product - getStatus: id =3927
2024-12-04 22:17:20.314 [main] DEBUG cn.edu.xmu.oomall.product.dao.bo.Product - getValidOnsale: validOnsale = OnSale(super=OOMallObject(id=2378, creatorId=1, creatorName=admin, modifierId=null, modifierName=null, gmtCreate=2021-11-11T14:38:20, gmtModified=null), price=31884, beginTime=2021-11-11T14:38:20, endTime=2027-02-19T14:38:20, quantity=36, maxQuantity=50, shopId=3, productId=3927, type=0, deposit=0, payTime=null)
2024-12-04 22:17:20.314 [main] DEBUG cn.edu.xmu.oomall.product.dao.bo.Product - getValidOnsale: validOnsale = OnSale(super=OOMallObject(id=2378, creatorId=1, creatorName=admin, modifierId=null, modifierName=null, gmtCreate=2021-11-11T14:38:20, gmtModified=null), price=31884, beginTime=2021-11-11T14:38:20, endTime=2027-02-19T14:38:20, quantity=36, maxQuantity=50, shopId=3, productId=3927, type=0, deposit=0, payTime=null)
2024-12-04 22:17:20.314 [main] DEBUG cn.edu.xmu.oomall.product.dao.bo.Product - getValidOnsale: validOnsale = OnSale(super=OOMallObject(id=2378, creatorId=1, creatorName=admin, modifierId=null, modifierName=null, gmtCreate=2021-11-11T14:38:20, gmtModified=null), price=31884, beginTime=2021-11-11T14:38:20, endTime=2027-02-19T14:38:20, quantity=36, maxQuantity=50, shopId=3, productId=3927, type=0, deposit=0, payTime=null)
2024-12-04 22:17:20.314 [main] DEBUG cn.edu.xmu.oomall.product.dao.bo.Product - getValidOnsale: validOnsale = OnSale(super=OOMallObject(id=2378, creatorId=1, creatorName=admin, modifierId=null, modifierName=null, gmtCreate=2021-11-11T14:38:20, gmtModified=null), price=31884, beginTime=2021-11-11T14:38:20, endTime=2027-02-19T14:38:20, quantity=36, maxQuantity=50, shopId=3, productId=3927, type=0, deposit=0, payTime=null)
2024-12-04 22:17:20.314 [main] DEBUG cn.edu.xmu.oomall.product.dao.bo.Product - getValidOnsale: onsaleExecutor = cn.edu.xmu.oomall.product.dao.onsale.ValidOnSaleExecutor@5f7d5a64
2024-12-04 22:17:20.314 [main] DEBUG c.e.x.o.product.dao.onsale.ValidOnSaleExecutor - execute: productId = 4532
2024-12-04 22:17:20.314 [main] DEBUG cn.edu.xmu.oomall.product.dao.onsale.OnSaleDao - findLatestValidOnsale: id =4532
2024-12-04 22:17:20.382 [main] DEBUG cn.edu.xmu.javaee.core.aop.DaoAspect - doAround: obj = cn.edu.xmu.oomall.product.dao.onsale.OnSaleDao@6ca0fdd0, method = findLatestValidOnsaleByProductId
2024-12-04 22:17:20.382 [main] DEBUG cn.edu.xmu.oomall.product.dao.bo.Product - getValidOnsale: validOnsale = OnSale(super=OOMallObject(id=2983, creatorId=1, creatorName=admin, modifierId=null, modifierName=null, gmtCreate=2021-11-11T14:38:20, gmtModified=null), price=54331, beginTime=2021-11-11T14:38:20, endTime=2027-02-19T14:38:20, quantity=69, maxQuantity=50, shopId=3, productId=4532, type=0, deposit=0, payTime=null)
2024-12-04 22:17:20.382 [main] DEBUG cn.edu.xmu.oomall.product.dao.bo.Product - getValidOnsale: validOnsale = OnSale(super=OOMallObject(id=2983, creatorId=1, creatorName=admin, modifierId=null, modifierName=null, gmtCreate=2021-11-11T14:38:20, gmtModified=null), price=54331, beginTime=2021-11-11T14:38:20, endTime=2027-02-19T14:38:20, quantity=69, maxQuantity=50, shopId=3, productId=4532, type=0, deposit=0, payTime=null)
2024-12-04 22:17:20.382 [main] DEBUG cn.edu.xmu.oomall.product.dao.bo.Product - getStatus: id =4532
2024-12-04 22:17:20.382 [main] DEBUG cn.edu.xmu.oomall.product.dao.bo.Product - getValidOnsale: validOnsale = OnSale(super=OOMallObject(id=2983, creatorId=1, creatorName=admin, modifierId=null, modifierName=null, gmtCreate=2021-11-11T14:38:20, gmtModified=null), price=54331, beginTime=2021-11-11T14:38:20, endTime=2027-02-19T14:38:20, quantity=69, maxQuantity=50, shopId=3, productId=4532, type=0, deposit=0, payTime=null)
2024-12-04 22:17:20.382 [main] DEBUG cn.edu.xmu.oomall.product.dao.bo.Product - getValidOnsale: validOnsale = OnSale(super=OOMallObject(id=2983, creatorId=1, creatorName=admin, modifierId=null, modifierName=null, gmtCreate=2021-11-11T14:38:20, gmtModified=null), price=54331, beginTime=2021-11-11T14:38:20, endTime=2027-02-19T14:38:20, quantity=69, maxQuantity=50, shopId=3, productId=4532, type=0, deposit=0, payTime=null)
2024-12-04 22:17:20.382 [main] DEBUG cn.edu.xmu.oomall.product.dao.bo.Product - getValidOnsale: validOnsale = OnSale(super=OOMallObject(id=2983, creatorId=1, creatorName=admin, modifierId=null, modifierName=null, gmtCreate=2021-11-11T14:38:20, gmtModified=null), price=54331, beginTime=2021-11-11T14:38:20, endTime=2027-02-19T14:38:20, quantity=69, maxQuantity=50, shopId=3, productId=4532, type=0, deposit=0, payTime=null)
2024-12-04 22:17:20.382 [main] DEBUG cn.edu.xmu.oomall.product.dao.bo.Product - getValidOnsale: validOnsale = OnSale(super=OOMallObject(id=2983, creatorId=1, creatorName=admin, modifierId=null, modifierName=null, gmtCreate=2021-11-11T14:38:20, gmtModified=null), price=54331, beginTime=2021-11-11T14:38:20, endTime=2027-02-19T14:38:20, quantity=69, maxQuantity=50, shopId=3, productId=4532, type=0, deposit=0, payTime=null)
2024-12-04 22:17:20.382 [main] DEBUG cn.edu.xmu.oomall.product.dao.bo.Product - getValidOnsale: onsaleExecutor = cn.edu.xmu.oomall.product.dao.onsale.ValidOnSaleExecutor@5d59a59
2024-12-04 22:17:20.382 [main] DEBUG c.e.x.o.product.dao.onsale.ValidOnSaleExecutor - execute: productId = 5336
2024-12-04 22:17:20.382 [main] DEBUG cn.edu.xmu.oomall.product.dao.onsale.OnSaleDao - findLatestValidOnsale: id =5336
2024-12-04 22:17:20.437 [main] DEBUG cn.edu.xmu.javaee.core.aop.DaoAspect - doAround: obj = cn.edu.xmu.oomall.product.dao.onsale.OnSaleDao@6ca0fdd0, method = findLatestValidOnsaleByProductId
2024-12-04 22:17:20.437 [main] DEBUG cn.edu.xmu.oomall.product.dao.bo.Product - getValidOnsale: validOnsale = OnSale(super=OOMallObject(id=3787, creatorId=1, creatorName=admin, modifierId=null, modifierName=null, gmtCreate=2021-11-11T14:38:20, gmtModified=null), price=1230, beginTime=2021-11-11T14:38:20, endTime=2027-02-19T14:38:20, quantity=66, maxQuantity=50, shopId=3, productId=5336, type=0, deposit=0, payTime=null)
2024-12-04 22:17:20.437 [main] DEBUG cn.edu.xmu.oomall.product.dao.bo.Product - getValidOnsale: validOnsale = OnSale(super=OOMallObject(id=3787, creatorId=1, creatorName=admin, modifierId=null, modifierName=null, gmtCreate=2021-11-11T14:38:20, gmtModified=null), price=1230, beginTime=2021-11-11T14:38:20, endTime=2027-02-19T14:38:20, quantity=66, maxQuantity=50, shopId=3, productId=5336, type=0, deposit=0, payTime=null)
2024-12-04 22:17:20.437 [main] DEBUG cn.edu.xmu.oomall.product.dao.bo.Product - getStatus: id =5336
2024-12-04 22:17:20.437 [main] DEBUG cn.edu.xmu.oomall.product.dao.bo.Product - getValidOnsale: validOnsale = OnSale(super=OOMallObject(id=3787, creatorId=1, creatorName=admin, modifierId=null, modifierName=null, gmtCreate=2021-11-11T14:38:20, gmtModified=null), price=1230, beginTime=2021-11-11T14:38:20, endTime=2027-02-19T14:38:20, quantity=66, maxQuantity=50, shopId=3, productId=5336, type=0, deposit=0, payTime=null)
2024-12-04 22:17:20.437 [main] DEBUG cn.edu.xmu.oomall.product.dao.bo.Product - getValidOnsale: validOnsale = OnSale(super=OOMallObject(id=3787, creatorId=1, creatorName=admin, modifierId=null, modifierName=null, gmtCreate=2021-11-11T14:38:20, gmtModified=null), price=1230, beginTime=2021-11-11T14:38:20, endTime=2027-02-19T14:38:20, quantity=66, maxQuantity=50, shopId=3, productId=5336, type=0, deposit=0, payTime=null)
2024-12-04 22:17:20.437 [main] DEBUG cn.edu.xmu.oomall.product.dao.bo.Product - getValidOnsale: validOnsale = OnSale(super=OOMallObject(id=3787, creatorId=1, creatorName=admin, modifierId=null, modifierName=null, gmtCreate=2021-11-11T14:38:20, gmtModified=null), price=1230, beginTime=2021-11-11T14:38:20, endTime=2027-02-19T14:38:20, quantity=66, maxQuantity=50, shopId=3, productId=5336, type=0, deposit=0, payTime=null)
2024-12-04 22:17:20.437 [main] DEBUG cn.edu.xmu.oomall.product.dao.bo.Product - getValidOnsale: validOnsale = OnSale(super=OOMallObject(id=3787, creatorId=1, creatorName=admin, modifierId=null, modifierName=null, gmtCreate=2021-11-11T14:38:20, gmtModified=null), price=1230, beginTime=2021-11-11T14:38:20, endTime=2027-02-19T14:38:20, quantity=66, maxQuantity=50, shopId=3, productId=5336, type=0, deposit=0, payTime=null)
2024-12-04 22:17:20.437 [main] DEBUG cn.edu.xmu.oomall.product.dao.bo.Product - getValidOnsale: onsaleExecutor = cn.edu.xmu.oomall.product.dao.onsale.ValidOnSaleExecutor@4be47c62
2024-12-04 22:17:20.437 [main] DEBUG c.e.x.o.product.dao.onsale.ValidOnSaleExecutor - execute: productId = 5397
2024-12-04 22:17:20.437 [main] DEBUG cn.edu.xmu.oomall.product.dao.onsale.OnSaleDao - findLatestValidOnsale: id =5397
2024-12-04 22:17:20.494 [main] DEBUG cn.edu.xmu.javaee.core.aop.DaoAspect - doAround: obj = cn.edu.xmu.oomall.product.dao.onsale.OnSaleDao@6ca0fdd0, method = findLatestValidOnsaleByProductId
2024-12-04 22:17:20.494 [main] DEBUG cn.edu.xmu.oomall.product.dao.bo.Product - getValidOnsale: validOnsale = OnSale(super=OOMallObject(id=3848, creatorId=1, creatorName=admin, modifierId=null, modifierName=null, gmtCreate=2021-11-11T14:38:20, gmtModified=null), price=1777, beginTime=2021-11-11T14:38:20, endTime=2027-02-19T14:38:20, quantity=103, maxQuantity=50, shopId=3, productId=5397, type=0, deposit=0, payTime=null)
2024-12-04 22:17:20.494 [main] DEBUG cn.edu.xmu.oomall.product.dao.bo.Product - getValidOnsale: validOnsale = OnSale(super=OOMallObject(id=3848, creatorId=1, creatorName=admin, modifierId=null, modifierName=null, gmtCreate=2021-11-11T14:38:20, gmtModified=null), price=1777, beginTime=2021-11-11T14:38:20, endTime=2027-02-19T14:38:20, quantity=103, maxQuantity=50, shopId=3, productId=5397, type=0, deposit=0, payTime=null)
2024-12-04 22:17:20.494 [main] DEBUG cn.edu.xmu.oomall.product.dao.bo.Product - getStatus: id =5397
2024-12-04 22:17:20.494 [main] DEBUG cn.edu.xmu.oomall.product.dao.bo.Product - getValidOnsale: validOnsale = OnSale(super=OOMallObject(id=3848, creatorId=1, creatorName=admin, modifierId=null, modifierName=null, gmtCreate=2021-11-11T14:38:20, gmtModified=null), price=1777, beginTime=2021-11-11T14:38:20, endTime=2027-02-19T14:38:20, quantity=103, maxQuantity=50, shopId=3, productId=5397, type=0, deposit=0, payTime=null)
2024-12-04 22:17:20.494 [main] DEBUG cn.edu.xmu.oomall.product.dao.bo.Product - getValidOnsale: validOnsale = OnSale(super=OOMallObject(id=3848, creatorId=1, creatorName=admin, modifierId=null, modifierName=null, gmtCreate=2021-11-11T14:38:20, gmtModified=null), price=1777, beginTime=2021-11-11T14:38:20, endTime=2027-02-19T14:38:20, quantity=103, maxQuantity=50, shopId=3, productId=5397, type=0, deposit=0, payTime=null)
2024-12-04 22:17:20.494 [main] DEBUG cn.edu.xmu.oomall.product.dao.bo.Product - getValidOnsale: validOnsale = OnSale(super=OOMallObject(id=3848, creatorId=1, creatorName=admin, modifierId=null, modifierName=null, gmtCreate=2021-11-11T14:38:20, gmtModified=null), price=1777, beginTime=2021-11-11T14:38:20, endTime=2027-02-19T14:38:20, quantity=103, maxQuantity=50, shopId=3, productId=5397, type=0, deposit=0, payTime=null)
2024-12-04 22:17:20.494 [main] DEBUG cn.edu.xmu.oomall.product.dao.bo.Product - getValidOnsale: validOnsale = OnSale(super=OOMallObject(id=3848, creatorId=1, creatorName=admin, modifierId=null, modifierName=null, gmtCreate=2021-11-11T14:38:20, gmtModified=null), price=1777, beginTime=2021-11-11T14:38:20, endTime=2027-02-19T14:38:20, quantity=103, maxQuantity=50, shopId=3, productId=5397, type=0, deposit=0, payTime=null)
2024-12-04 22:17:20.494 [main] DEBUG cn.edu.xmu.oomall.product.dao.bo.Product - getValidOnsale: validOnsale = OnSale(super=OOMallObject(id=2, creatorId=1, creatorName=admin, modifierId=null, modifierName=null, gmtCreate=2021-11-11T14:38:20, gmtModified=null), price=473, beginTime=2021-11-11T14:38:20, endTime=2029-02-19T14:38:20, quantity=97, maxQuantity=50, shopId=3, productId=1551, type=3, deposit=0, payTime=null)
2024-12-04 22:17:20.494 [main] DEBUG cn.edu.xmu.oomall.product.dao.bo.Product - getValidOnsale: validOnsale = OnSale(super=OOMallObject(id=2, creatorId=1, creatorName=admin, modifierId=null, modifierName=null, gmtCreate=2021-11-11T14:38:20, gmtModified=null), price=473, beginTime=2021-11-11T14:38:20, endTime=2029-02-19T14:38:20, quantity=97, maxQuantity=50, shopId=3, productId=1551, type=3, deposit=0, payTime=null)
2024-12-04 22:17:20.494 [main] DEBUG cn.edu.xmu.oomall.product.dao.bo.Product - getValidOnsale: validOnsale = OnSale(super=OOMallObject(id=2, creatorId=1, creatorName=admin, modifierId=null, modifierName=null, gmtCreate=2021-11-11T14:38:20, gmtModified=null), price=473, beginTime=2021-11-11T14:38:20, endTime=2029-02-19T14:38:20, quantity=97, maxQuantity=50, shopId=3, productId=1551, type=3, deposit=0, payTime=null)
2024-12-04 22:17:20.494 [main] DEBUG cn.edu.xmu.oomall.product.dao.bo.Product - getValidOnsale: validOnsale = OnSale(super=OOMallObject(id=2, creatorId=1, creatorName=admin, modifierId=null, modifierName=null, gmtCreate=2021-11-11T14:38:20, gmtModified=null), price=473, beginTime=2021-11-11T14:38:20, endTime=2029-02-19T14:38:20, quantity=97, maxQuantity=50, shopId=3, productId=1551, type=3, deposit=0, payTime=null)
2024-12-04 22:17:20.494 [main] DEBUG cn.edu.xmu.oomall.product.dao.bo.Product - getValidOnsale: validOnsale = OnSale(super=OOMallObject(id=2, creatorId=1, creatorName=admin, modifierId=null, modifierName=null, gmtCreate=2021-11-11T14:38:20, gmtModified=null), price=473, beginTime=2021-11-11T14:38:20, endTime=2029-02-19T14:38:20, quantity=97, maxQuantity=50, shopId=3, productId=1551, type=3, deposit=0, payTime=null)
2024-12-04 22:17:20.495 [main] DEBUG cn.edu.xmu.javaee.core.aop.DaoAspect - doAround: obj = cn.edu.xmu.oomall.product.dao.openfeign.ShopDao@3f15269d, method = findById
2024-12-04 22:17:20.546 [main] DEBUG cn.edu.xmu.javaee.core.aop.DaoAspect - doAround: obj = cn.edu.xmu.oomall.product.dao.CategoryDao@1fed29e5, method = findById
2024-12-04 22:17:20.546 [main] DEBUG cn.edu.xmu.oomall.product.dao.bo.Product - getValidOnsale: validOnsale = OnSale(super=OOMallObject(id=2, creatorId=1, creatorName=admin, modifierId=null, modifierName=null, gmtCreate=2021-11-11T14:38:20, gmtModified=null), price=473, beginTime=2021-11-11T14:38:20, endTime=2029-02-19T14:38:20, quantity=97, maxQuantity=50, shopId=3, productId=1551, type=3, deposit=0, payTime=null)
2024-12-04 22:17:20.546 [main] DEBUG cn.edu.xmu.oomall.product.dao.bo.Product - getValidOnsale: validOnsale = OnSale(super=OOMallObject(id=2, creatorId=1, creatorName=admin, modifierId=null, modifierName=null, gmtCreate=2021-11-11T14:38:20, gmtModified=null), price=473, beginTime=2021-11-11T14:38:20, endTime=2029-02-19T14:38:20, quantity=97, maxQuantity=50, shopId=3, productId=1551, type=3, deposit=0, payTime=null)
2024-12-04 22:17:20.598 [main] DEBUG c.edu.xmu.oomall.product.dao.activity.ActivityDao - retrieveByOnsaleId: po = ActivityPo(id=98, creatorId=1, creatorName=admin, modifierId=null, modifierName=null, gmtCreate=2023-12-08T12:12:50, gmtModified=null, shopId=3, name=满100打9折, objectId=6573028729d39517cce1e03b, actClass=couponActDao, status=1)
2024-12-04 22:17:20.598 [main] DEBUG c.edu.xmu.oomall.product.dao.activity.ActivityDao - build: po = ActivityPo(id=98, creatorId=1, creatorName=admin, modifierId=null, modifierName=null, gmtCreate=2023-12-08T12:12:50, gmtModified=null, shopId=3, name=满100打9折, objectId=6573028729d39517cce1e03b, actClass=couponActDao, status=1)
2024-12-04 22:17:20.598 [main] DEBUG c.edu.xmu.oomall.product.dao.activity.CouponActDao - ---getActivity: po = ActivityPo(id=98, creatorId=1, creatorName=admin, modifierId=null, modifierName=null, gmtCreate=2023-12-08T12:12:50, gmtModified=null, shopId=3, name=满100打9折, objectId=6573028729d39517cce1e03b, actClass=couponActDao, status=1)
2024-12-04 22:17:20.599 [main] INFO  c.edu.xmu.oomall.product.config.MongoCommandLogger - Command: find
2024-12-04 22:17:20.600 [main] INFO  c.edu.xmu.oomall.product.config.MongoCommandLogger - Connection Address: mongo3:27017
2024-12-04 22:17:20.645 [main] DEBUG c.edu.xmu.oomall.product.dao.activity.CouponActDao - objid->657302634882bc534d981832:Optional[CouponActPo(objectId=657302634882bc534d981832, couponTime=null, quantity=null, quantityType=null, validTerm=null, strategy={"value":50,"couponLimitation":{"value":10000,"className":"cn.edu.xmu.oomall.product.model.strategy.impl.PriceCouponLimitation"},"className":"cn.edu.xmu.oomall.product.model.strategy.impl.CheapestPercentageDiscount"})],po.objid:6573028729d39517cce1e03b
2024-12-04 22:17:20.646 [main] DEBUG c.edu.xmu.oomall.product.dao.activity.CouponActDao - ---copy after getActivity: po = ActivityPo(id=98, creatorId=1, creatorName=admin, modifierId=null, modifierName=null, gmtCreate=2023-12-08T12:12:50, gmtModified=null, shopId=3, name=满100打9折, objectId=6573028729d39517cce1e03b, actClass=couponActDao, status=1)
2024-12-04 22:17:20.647 [main] INFO  c.edu.xmu.oomall.product.config.MongoCommandLogger - Command: find
2024-12-04 22:17:20.647 [main] INFO  c.edu.xmu.oomall.product.config.MongoCommandLogger - Connection Address: mongo3:27017
2024-12-04 22:17:20.692 [main] DEBUG c.edu.xmu.oomall.product.dao.activity.CouponActDao - ---getActivity: ret = Optional[CouponActPo(objectId=6573028729d39517cce1e03b, couponTime=null, quantity=null, quantityType=null, validTerm=null, strategy={"value":90,"couponLimitation":{"value":10000,"className":"cn.edu.xmu.oomall.product.model.strategy.impl.PriceCouponLimitation"},"className":"cn.edu.xmu.oomall.product.model.strategy.impl.PercentageCouponDiscount"})]
2024-12-04 22:17:20.694 [main] DEBUG c.edu.xmu.oomall.product.dao.activity.CouponActDao - ---getActivity: bo = CouponAct(super=Activity(super=OOMallObject(id=98, creatorId=1, creatorName=admin, modifierId=null, modifierName=null, gmtCreate=2023-12-08T12:12:50, gmtModified=null), shopId=3, name=满100打9折, objectId=6573028729d39517cce1e03b, actClass=couponActDao, status=1), couponTime=null, quantity=null, quantityType=null, validTerm=null, strategy=PercentageCouponDiscount())
2024-12-04 22:17:20.694 [main] DEBUG cn.edu.xmu.javaee.core.aop.DaoAspect - doAround: obj = cn.edu.xmu.oomall.product.dao.activity.CouponActDao@4b23219d, method = getActivity
2024-12-04 22:17:20.695 [main] DEBUG c.edu.xmu.oomall.product.dao.activity.ActivityDao - build: bo = CouponAct(super=Activity(super=OOMallObject(id=98, creatorId=1, creatorName=admin, modifierId=null, modifierName=null, gmtCreate=2023-12-08T12:12:50, gmtModified=null), shopId=3, name=满100打9折, objectId=6573028729d39517cce1e03b, actClass=couponActDao, status=1), couponTime=null, quantity=null, quantityType=null, validTerm=null, strategy=PercentageCouponDiscount())
2024-12-04 22:17:20.695 [main] DEBUG cn.edu.xmu.javaee.core.aop.DaoAspect - doAround: obj = cn.edu.xmu.oomall.product.dao.activity.ActivityDao@7e281050, method = retrieveByOnsaleId
2024-12-04 22:17:20.695 [main] DEBUG cn.edu.xmu.oomall.product.dao.bo.OnSale - getActList: actList = [CouponAct(super=Activity(super=OOMallObject(id=98, creatorId=1, creatorName=admin, modifierId=null, modifierName=null, gmtCreate=2023-12-08T12:12:50, gmtModified=null), shopId=3, name=满100打9折, objectId=6573028729d39517cce1e03b, actClass=couponActDao, status=1), couponTime=null, quantity=null, quantityType=null, validTerm=null, strategy=PercentageCouponDiscount())]
2024-12-04 22:17:20.695 [main] DEBUG cn.edu.xmu.oomall.product.dao.bo.OnSale - getActList: actList = [CouponAct(super=Activity(super=OOMallObject(id=98, creatorId=1, creatorName=admin, modifierId=null, modifierName=null, gmtCreate=2023-12-08T12:12:50, gmtModified=null), shopId=3, name=满100打9折, objectId=6573028729d39517cce1e03b, actClass=couponActDao, status=1), couponTime=null, quantity=null, quantityType=null, validTerm=null, strategy=PercentageCouponDiscount())]
2024-12-04 22:17:20.695 [main] DEBUG cn.edu.xmu.oomall.product.dao.bo.Product - getValidOnsale: validOnsale = OnSale(super=OOMallObject(id=2, creatorId=1, creatorName=admin, modifierId=null, modifierName=null, gmtCreate=2021-11-11T14:38:20, gmtModified=null), price=473, beginTime=2021-11-11T14:38:20, endTime=2029-02-19T14:38:20, quantity=97, maxQuantity=50, shopId=3, productId=1551, type=3, deposit=0, payTime=null)
2024-12-04 22:17:20.695 [main] DEBUG cn.edu.xmu.javaee.core.aop.DaoAspect - doAround: obj = cn.edu.xmu.oomall.product.dao.openfeign.ShopDao@3f15269d, method = findById
2024-12-04 22:17:20.695 [main] DEBUG cn.edu.xmu.oomall.product.dao.bo.OnSale - getActList: actList = [CouponAct(super=Activity(super=OOMallObject(id=98, creatorId=1, creatorName=admin, modifierId=null, modifierName=null, gmtCreate=2023-12-08T12:12:50, gmtModified=null), shopId=3, name=满100打9折, objectId=6573028729d39517cce1e03b, actClass=couponActDao, status=1), couponTime=null, quantity=null, quantityType=null, validTerm=null, strategy=PercentageCouponDiscount())]
2024-12-04 22:17:20.696 [main] DEBUG cn.edu.xmu.javaee.core.aop.DaoAspect - doAround: obj = cn.edu.xmu.oomall.product.dao.openfeign.TemplateDao@20f230a7, method = findById
2024-12-04 22:17:20.696 [main] DEBUG cn.edu.xmu.javaee.core.aop.ControllerAspect - doAround: jp = findProductById, code = OK
]]></system-out>
  </testcase>
  <testcase name="testGetProductProdGivenFail2" classname="cn.edu.xmu.oomall.product.controller.UnAuthorizedController2Test" time="0.109">
    <system-out><![CDATA[2024-12-04 22:17:20.850 [main] DEBUG cn.edu.xmu.javaee.core.aop.ControllerAspect - doAround: method = findProductById, paramNames = [id]
2024-12-04 22:17:20.850 [main] DEBUG cn.edu.xmu.javaee.core.aop.ControllerAspect - checkPageTimeLimit: paramNames[0] = id
2024-12-04 22:17:20.851 [main] DEBUG cn.edu.xmu.oomall.product.service.ProductService - findProductById: id = 150
2024-12-04 22:17:20.851 [main] INFO  cn.edu.xmu.javaee.core.aop.ControllerAspect - doAround: BusinessException， errno = RESOURCE_ID_NOTEXIST
2024-12-04 22:17:20.851 [main] DEBUG cn.edu.xmu.javaee.core.aop.ControllerAspect - doAround: jp = findProductById, code = RESOURCE_ID_NOTEXIST
]]></system-out>
  </testcase>
  <testcase name="testGetProductSkuListGivenSuccess" classname="cn.edu.xmu.oomall.product.controller.UnAuthorizedController2Test" time="0.579">
    <failure message="Status expected:&lt;200&gt; but was:&lt;500&gt;" type="java.lang.AssertionError"><![CDATA[java.lang.AssertionError: Status expected:<200> but was:<500>
	at org.springframework.test.util.AssertionErrors.fail(AssertionErrors.java:59)
	at org.springframework.test.util.AssertionErrors.assertEquals(AssertionErrors.java:122)
	at org.springframework.test.web.servlet.result.StatusResultMatchers.lambda$matcher$9(StatusResultMatchers.java:637)
	at org.springframework.test.web.servlet.MockMvc$1.andExpect(MockMvc.java:214)
	at cn.edu.xmu.oomall.product.controller.UnAuthorizedController2Test.testGetProductSkuListGivenSuccess(UnAuthorizedController2Test.java:91)
	at java.base/java.lang.reflect.Method.invoke(Method.java:568)
	at java.base/java.util.ArrayList.forEach(ArrayList.java:1511)
	at java.base/java.util.ArrayList.forEach(ArrayList.java:1511)
]]></failure>
    <system-out><![CDATA[2024-12-04 22:17:20.969 [main] DEBUG cn.edu.xmu.javaee.core.aop.ControllerAspect - doAround: method = getProducts, paramNames = [shopId, barCode, name, page, pageSize]
2024-12-04 22:17:20.969 [main] DEBUG cn.edu.xmu.javaee.core.aop.ControllerAspect - checkPageTimeLimit: paramNames[0] = shopId
2024-12-04 22:17:20.969 [main] DEBUG cn.edu.xmu.javaee.core.aop.ControllerAspect - checkPageTimeLimit: paramNames[1] = barCode
2024-12-04 22:17:20.969 [main] DEBUG cn.edu.xmu.javaee.core.aop.ControllerAspect - checkPageTimeLimit: paramNames[2] = name
2024-12-04 22:17:20.969 [main] DEBUG cn.edu.xmu.javaee.core.aop.ControllerAspect - checkPageTimeLimit: paramNames[3] = page
2024-12-04 22:17:20.969 [main] DEBUG cn.edu.xmu.javaee.core.aop.ControllerAspect - checkPageTimeLimit: set page to 1
2024-12-04 22:17:20.969 [main] DEBUG cn.edu.xmu.javaee.core.aop.ControllerAspect - checkPageTimeLimit: paramNames[4] = pageSize
2024-12-04 22:17:20.969 [main] DEBUG cn.edu.xmu.javaee.core.aop.ControllerAspect - checkPageTimeLimit: set pageSize to 10
2024-12-04 22:17:20.969 [main] DEBUG cn.edu.xmu.oomall.product.service.ProductService - retrieveProducts: shopId = 10, barCode = 6924254673572, name = 欢乐家久宝桃罐头
2024-12-04 22:17:20.978 [main] INFO  c.e.x.j.core.config.OpenFeignHeaderInterceptor - apply: feign interceptor.....
2024-12-04 22:17:20.979 [main] DEBUG c.e.x.j.core.config.OpenFeignHeaderInterceptor - addHeader: name = Content-Type, values= [application/json;charset=UTF-8]
2024-12-04 22:17:20.980 [main] DEBUG c.e.x.j.core.config.OpenFeignHeaderInterceptor - addHeader: name = authorization, values= [eyJ0eXAiOiJKV1QiLCJhbGciOiJIUzI1NiJ9.eyJ1c2VySWQiOjEsImRlcGFydElkIjowLCJ0b2tlbklkIjoiMjAyNDEyMDQyMjE3MTgwS1BBIiwidXNlck5hbWUiOiIxMzA4OGFkbWluIiwidXNlckxldmVsIjoxLCJpc3MiOiJPT0FEIiwic3ViIjoidGhpcyBpcyBhIHRva2VuIiwiYXVkIjoiTUlOSUFQUCIsImlhdCI6MTczMzMyMTgzOCwiZXhwIjoxNzMzMzI1NDM4fQ.JV6GETbejZP1n1PmBFUPsPu4IvyfVvH4iU-x2PEUONY]
2024-12-04 22:17:20.980 [main] DEBUG c.e.x.j.core.config.OpenFeignHeaderInterceptor - apply: add admin token...
2024-12-04 22:17:20.980 [main] DEBUG cn.edu.xmu.javaee.core.util.JwtHelper - createToken:
2024-12-04 22:17:20.980 [main] DEBUG cn.edu.xmu.javaee.core.util.JwtHelper - createToken: userId = 1 userName=admin departId=0 tokenId:202412042217209A3A
2024-12-04 22:17:21.063 [main] INFO  com.alibaba.nacos.client.naming - initializer namespace from ans.namespace attribute : null
2024-12-04 22:17:21.063 [main] INFO  com.alibaba.nacos.client.naming - initializer namespace from ALIBABA_ALIWARE_NAMESPACE attribute :null
2024-12-04 22:17:21.063 [main] INFO  com.alibaba.nacos.client.naming - initializer namespace from namespace attribute :null
2024-12-04 22:17:21.070 [main] INFO  com.alibaba.nacos.client.naming - FailoverDataSource type is class com.alibaba.nacos.client.naming.backups.datasource.DiskFailoverDataSource
2024-12-04 22:17:21.076 [main] INFO  c.a.n.p.auth.spi.client.ClientAuthPluginManager - [ClientAuthPluginManager] Load ClientAuthService com.alibaba.nacos.client.auth.impl.NacosClientAuthServiceImpl success.
2024-12-04 22:17:21.076 [main] INFO  c.a.n.p.auth.spi.client.ClientAuthPluginManager - [ClientAuthPluginManager] Load ClientAuthService com.alibaba.nacos.client.auth.ram.RamClientAuthServiceImpl success.
2024-12-04 22:17:21.082 [main] INFO  com.alibaba.nacos.common.remote.client - [RpcClientFactory] create a new rpc client of dd740f43-30f0-4684-9d81-b21554599c6b
2024-12-04 22:17:21.087 [main] INFO  com.alibaba.nacos.client.naming - Create naming rpc client for uuid->dd740f43-30f0-4684-9d81-b21554599c6b
2024-12-04 22:17:21.087 [main] INFO  com.alibaba.nacos.common.remote.client - [dd740f43-30f0-4684-9d81-b21554599c6b] RpcClient init, ServerListFactory = com.alibaba.nacos.client.naming.core.ServerListManager
2024-12-04 22:17:21.087 [main] INFO  com.alibaba.nacos.common.remote.client - [dd740f43-30f0-4684-9d81-b21554599c6b] Registry connection listener to current client:com.alibaba.nacos.client.naming.remote.gprc.redo.NamingGrpcRedoService
2024-12-04 22:17:21.087 [main] INFO  com.alibaba.nacos.common.remote.client - [dd740f43-30f0-4684-9d81-b21554599c6b] Register server push request handler:com.alibaba.nacos.client.naming.remote.gprc.NamingPushRequestHandler
2024-12-04 22:17:21.088 [main] INFO  com.alibaba.nacos.common.remote.client - [dd740f43-30f0-4684-9d81-b21554599c6b] Try to connect to server on start up, server: {serverIp = 'nacos', server main port = 8848}
2024-12-04 22:17:21.088 [main] INFO  c.a.nacos.common.remote.client.grpc.GrpcClient - grpc client connection server:nacos ip,serverPort:9848,grpcTslConfig:{"sslProvider":"","enableTls":false,"mutualAuthEnable":false,"trustAll":false}
2024-12-04 22:17:21.319 [main] INFO  com.alibaba.nacos.common.remote.client - [dd740f43-30f0-4684-9d81-b21554599c6b] Success to connect to server [nacos:8848] on start up, connectionId = 1733321841983_10.0.0.101_64828
2024-12-04 22:17:21.319 [main] INFO  com.alibaba.nacos.common.remote.client - [dd740f43-30f0-4684-9d81-b21554599c6b] Register server push request handler:com.alibaba.nacos.common.remote.client.RpcClient$ConnectResetRequestHandler
2024-12-04 22:17:21.319 [main] INFO  com.alibaba.nacos.common.remote.client - [dd740f43-30f0-4684-9d81-b21554599c6b] Register server push request handler:com.alibaba.nacos.common.remote.client.RpcClient$$Lambda$987/0x00000211185a35d8
2024-12-04 22:17:21.319 [com.alibaba.nacos.client.remote.worker.0] INFO  com.alibaba.nacos.common.remote.client - [dd740f43-30f0-4684-9d81-b21554599c6b] Notify connected event to listeners.
2024-12-04 22:17:21.319 [com.alibaba.nacos.client.remote.worker.0] INFO  com.alibaba.nacos.client.naming - Grpc connection connect
2024-12-04 22:17:21.323 [main] INFO  com.alibaba.nacos.client.naming - [SUBSCRIBE-SERVICE] service:elasticsearch-service, group:DEFAULT_GROUP, clusters: 
2024-12-04 22:17:21.323 [main] INFO  com.alibaba.nacos.client.naming - [GRPC-SUBSCRIBE] service:elasticsearch-service, group:DEFAULT_GROUP, cluster: 
2024-12-04 22:17:21.388 [main] INFO  com.alibaba.nacos.client.naming - init new ips(0) service: DEFAULT_GROUP@@elasticsearch-service -> []
2024-12-04 22:17:21.389 [main] INFO  com.alibaba.nacos.client.naming - current ips:(0) service: DEFAULT_GROUP@@elasticsearch-service -> []
2024-12-04 22:17:21.409 [main] WARN  o.s.cloud.loadbalancer.core.RoundRobinLoadBalancer - No servers available for service: elasticsearch-service
2024-12-04 22:17:21.420 [main] WARN  o.s.c.o.l.FeignBlockingLoadBalancerClient - Load balancer does not contain an instance for the service elasticsearch-service
2024-12-04 22:17:21.426 [main] ERROR cn.edu.xmu.javaee.core.aop.OpenFeignMapperAspect - FeignException occurred: [503] during [GET] to [http://elasticsearch-service/internal/products?name=%E6%AC%A2%E4%B9%90%E5%AE%B6%E4%B9%85%E5%AE%9D%E6%A1%83%E7%BD%90%E5%A4%B4&barcode=6924254673572&shopId=10&page=1&size=60] [SearchMapper#searchProductsByNameAndBarcodeAndShopId(String,String,Long,int,int)]: [Load balancer does not contain an instance for the service elasticsearch-service]
2024-12-04 22:17:21.426 [main] DEBUG cn.edu.xmu.javaee.core.aop.OpenFeignMapperAspect - FeignException response body: Load balancer does not contain an instance for the service elasticsearch-service
2024-12-04 22:17:21.429 [main] ERROR cn.edu.xmu.javaee.core.util.JacksonUtil - Unrecognized token 'Load': was expecting (JSON String, Number, Array, Object or token 'null', 'true' or 'false')
 at [Source: REDACTED (`StreamReadFeature.INCLUDE_SOURCE_IN_LOCATION` disabled); line: 1, column: 5]
com.fasterxml.jackson.core.JsonParseException: Unrecognized token 'Load': was expecting (JSON String, Number, Array, Object or token 'null', 'true' or 'false')
 at [Source: REDACTED (`StreamReadFeature.INCLUDE_SOURCE_IN_LOCATION` disabled); line: 1, column: 5]
	at com.fasterxml.jackson.core.JsonParser._constructError(JsonParser.java:2572)
	at com.fasterxml.jackson.core.JsonParser._constructReadException(JsonParser.java:2598)
	at com.fasterxml.jackson.core.JsonParser._constructReadException(JsonParser.java:2606)
	at com.fasterxml.jackson.core.base.ParserMinimalBase._reportError(ParserMinimalBase.java:765)
	at com.fasterxml.jackson.core.json.ReaderBasedJsonParser._reportInvalidToken(ReaderBasedJsonParser.java:3018)
	at com.fasterxml.jackson.core.json.ReaderBasedJsonParser._handleOddValue(ReaderBasedJsonParser.java:2052)
	at com.fasterxml.jackson.core.json.ReaderBasedJsonParser.nextToken(ReaderBasedJsonParser.java:780)
	at com.fasterxml.jackson.databind.ObjectMapper._readTreeAndClose(ObjectMapper.java:4934)
	at com.fasterxml.jackson.databind.ObjectMapper.readTree(ObjectMapper.java:3280)
	at cn.edu.xmu.javaee.core.util.JacksonUtil.parseInteger(JacksonUtil.java:83)
	at cn.edu.xmu.javaee.core.aop.OpenFeignMapperAspect.handleFeignMapperReturn(OpenFeignMapperAspect.java:56)
	at java.base/jdk.internal.reflect.NativeMethodAccessorImpl.invoke0(Native Method)
	at java.base/jdk.internal.reflect.NativeMethodAccessorImpl.invoke(NativeMethodAccessorImpl.java:77)
	at java.base/jdk.internal.reflect.DelegatingMethodAccessorImpl.invoke(DelegatingMethodAccessorImpl.java:43)
	at java.base/java.lang.reflect.Method.invoke(Method.java:568)
	at org.springframework.aop.aspectj.AbstractAspectJAdvice.invokeAdviceMethodWithGivenArgs(AbstractAspectJAdvice.java:637)
	at org.springframework.aop.aspectj.AbstractAspectJAdvice.invokeAdviceMethod(AbstractAspectJAdvice.java:627)
	at org.springframework.aop.aspectj.AspectJAroundAdvice.invoke(AspectJAroundAdvice.java:71)
	at org.springframework.aop.framework.ReflectiveMethodInvocation.proceed(ReflectiveMethodInvocation.java:184)
	at org.springframework.aop.interceptor.ExposeInvocationInterceptor.invoke(ExposeInvocationInterceptor.java:97)
	at org.springframework.aop.framework.ReflectiveMethodInvocation.proceed(ReflectiveMethodInvocation.java:184)
	at org.springframework.aop.framework.JdkDynamicAopProxy.invoke(JdkDynamicAopProxy.java:223)
	at jdk.proxy2/jdk.proxy2.$Proxy219.searchProductsByNameAndBarcodeAndShopId(Unknown Source)
	at cn.edu.xmu.oomall.product.dao.ProductDao.retrieveByShopIdAndBarCodeAndName(ProductDao.java:374)
	at java.base/jdk.internal.reflect.NativeMethodAccessorImpl.invoke0(Native Method)
	at java.base/jdk.internal.reflect.NativeMethodAccessorImpl.invoke(NativeMethodAccessorImpl.java:77)
	at java.base/jdk.internal.reflect.DelegatingMethodAccessorImpl.invoke(DelegatingMethodAccessorImpl.java:43)
	at java.base/java.lang.reflect.Method.invoke(Method.java:568)
	at org.springframework.aop.support.AopUtils.invokeJoinpointUsingReflection(AopUtils.java:355)
	at org.springframework.aop.framework.ReflectiveMethodInvocation.invokeJoinpoint(ReflectiveMethodInvocation.java:196)
	at org.springframework.aop.framework.ReflectiveMethodInvocation.proceed(ReflectiveMethodInvocation.java:163)
	at org.springframework.aop.framework.CglibAopProxy$CglibMethodInvocation.proceed(CglibAopProxy.java:768)
	at org.springframework.dao.support.PersistenceExceptionTranslationInterceptor.invoke(PersistenceExceptionTranslationInterceptor.java:138)
	at org.springframework.aop.framework.ReflectiveMethodInvocation.proceed(ReflectiveMethodInvocation.java:184)
	at org.springframework.aop.framework.CglibAopProxy$CglibMethodInvocation.proceed(CglibAopProxy.java:768)
	at org.springframework.aop.aspectj.MethodInvocationProceedingJoinPoint.proceed(MethodInvocationProceedingJoinPoint.java:89)
	at cn.edu.xmu.javaee.core.aop.DaoAspect.doAround(DaoAspect.java:29)
	at jdk.internal.reflect.GeneratedMethodAccessor97.invoke(Unknown Source)
	at java.base/jdk.internal.reflect.DelegatingMethodAccessorImpl.invoke(DelegatingMethodAccessorImpl.java:43)
	at java.base/java.lang.reflect.Method.invoke(Method.java:568)
	at org.springframework.aop.aspectj.AbstractAspectJAdvice.invokeAdviceMethodWithGivenArgs(AbstractAspectJAdvice.java:637)
	at org.springframework.aop.aspectj.AbstractAspectJAdvice.invokeAdviceMethod(AbstractAspectJAdvice.java:627)
	at org.springframework.aop.aspectj.AspectJAroundAdvice.invoke(AspectJAroundAdvice.java:71)
	at org.springframework.aop.framework.ReflectiveMethodInvocation.proceed(ReflectiveMethodInvocation.java:184)
	at org.springframework.aop.framework.CglibAopProxy$CglibMethodInvocation.proceed(CglibAopProxy.java:768)
	at org.springframework.aop.interceptor.ExposeInvocationInterceptor.invoke(ExposeInvocationInterceptor.java:97)
	at org.springframework.aop.framework.ReflectiveMethodInvocation.proceed(ReflectiveMethodInvocation.java:184)
	at org.springframework.aop.framework.CglibAopProxy$CglibMethodInvocation.proceed(CglibAopProxy.java:768)
	at org.springframework.aop.framework.CglibAopProxy$DynamicAdvisedInterceptor.intercept(CglibAopProxy.java:720)
	at cn.edu.xmu.oomall.product.dao.ProductDao$$SpringCGLIB$$2.retrieveByShopIdAndBarCodeAndName(<generated>)
	at java.base/jdk.internal.reflect.NativeMethodAccessorImpl.invoke0(Native Method)
	at java.base/jdk.internal.reflect.NativeMethodAccessorImpl.invoke(NativeMethodAccessorImpl.java:77)
	at java.base/jdk.internal.reflect.DelegatingMethodAccessorImpl.invoke(DelegatingMethodAccessorImpl.java:43)
	at java.base/java.lang.reflect.Method.invoke(Method.java:568)
	at org.springframework.util.ReflectionUtils.invokeMethod(ReflectionUtils.java:281)
	at org.springframework.cloud.context.scope.GenericScope$LockedScopedProxyFactoryBean.invoke(GenericScope.java:482)
	at org.springframework.aop.framework.ReflectiveMethodInvocation.proceed(ReflectiveMethodInvocation.java:184)
	at org.springframework.aop.framework.CglibAopProxy$CglibMethodInvocation.proceed(CglibAopProxy.java:768)
	at org.springframework.aop.framework.CglibAopProxy$DynamicAdvisedInterceptor.intercept(CglibAopProxy.java:720)
	at cn.edu.xmu.oomall.product.dao.ProductDao$$SpringCGLIB$$0.retrieveByShopIdAndBarCodeAndName(<generated>)
	at cn.edu.xmu.oomall.product.service.ProductService.retrieveValidProducts(ProductService.java:84)
	at java.base/jdk.internal.reflect.NativeMethodAccessorImpl.invoke0(Native Method)
	at java.base/jdk.internal.reflect.NativeMethodAccessorImpl.invoke(NativeMethodAccessorImpl.java:77)
	at java.base/jdk.internal.reflect.DelegatingMethodAccessorImpl.invoke(DelegatingMethodAccessorImpl.java:43)
	at java.base/java.lang.reflect.Method.invoke(Method.java:568)
	at org.springframework.aop.support.AopUtils.invokeJoinpointUsingReflection(AopUtils.java:355)
	at org.springframework.aop.framework.ReflectiveMethodInvocation.invokeJoinpoint(ReflectiveMethodInvocation.java:196)
	at org.springframework.aop.framework.ReflectiveMethodInvocation.proceed(ReflectiveMethodInvocation.java:163)
	at org.springframework.aop.framework.CglibAopProxy$CglibMethodInvocation.proceed(CglibAopProxy.java:768)
	at org.springframework.transaction.interceptor.TransactionAspectSupport.invokeWithinTransaction(TransactionAspectSupport.java:379)
	at org.springframework.transaction.interceptor.TransactionInterceptor.invoke(TransactionInterceptor.java:119)
	at org.springframework.aop.framework.ReflectiveMethodInvocation.proceed(ReflectiveMethodInvocation.java:184)
	at org.springframework.aop.framework.CglibAopProxy$CglibMethodInvocation.proceed(CglibAopProxy.java:768)
	at org.springframework.aop.framework.CglibAopProxy$DynamicAdvisedInterceptor.intercept(CglibAopProxy.java:720)
	at cn.edu.xmu.oomall.product.service.ProductService$$SpringCGLIB$$0.retrieveValidProducts(<generated>)
	at cn.edu.xmu.oomall.product.controller.UnAuthorizedController.getProducts(UnAuthorizedController.java:77)
	at java.base/jdk.internal.reflect.NativeMethodAccessorImpl.invoke0(Native Method)
	at java.base/jdk.internal.reflect.NativeMethodAccessorImpl.invoke(NativeMethodAccessorImpl.java:77)
	at java.base/jdk.internal.reflect.DelegatingMethodAccessorImpl.invoke(DelegatingMethodAccessorImpl.java:43)
	at java.base/java.lang.reflect.Method.invoke(Method.java:568)
	at org.springframework.aop.support.AopUtils.invokeJoinpointUsingReflection(AopUtils.java:355)
	at org.springframework.aop.framework.ReflectiveMethodInvocation.invokeJoinpoint(ReflectiveMethodInvocation.java:196)
	at org.springframework.aop.framework.ReflectiveMethodInvocation.proceed(ReflectiveMethodInvocation.java:163)
	at org.springframework.aop.framework.CglibAopProxy$CglibMethodInvocation.proceed(CglibAopProxy.java:768)
	at org.springframework.transaction.interceptor.TransactionAspectSupport.invokeWithinTransaction(TransactionAspectSupport.java:379)
	at org.springframework.transaction.interceptor.TransactionInterceptor.invoke(TransactionInterceptor.java:119)
	at org.springframework.aop.framework.ReflectiveMethodInvocation.proceed(ReflectiveMethodInvocation.java:184)
	at org.springframework.aop.framework.CglibAopProxy$CglibMethodInvocation.proceed(CglibAopProxy.java:768)
	at org.springframework.aop.aspectj.MethodInvocationProceedingJoinPoint.proceed(MethodInvocationProceedingJoinPoint.java:102)
	at cn.edu.xmu.javaee.core.aop.ControllerAspect.doAround(ControllerAspect.java:61)
	at jdk.internal.reflect.GeneratedMethodAccessor98.invoke(Unknown Source)
	at java.base/jdk.internal.reflect.DelegatingMethodAccessorImpl.invoke(DelegatingMethodAccessorImpl.java:43)
	at java.base/java.lang.reflect.Method.invoke(Method.java:568)
	at org.springframework.aop.aspectj.AbstractAspectJAdvice.invokeAdviceMethodWithGivenArgs(AbstractAspectJAdvice.java:637)
	at org.springframework.aop.aspectj.AbstractAspectJAdvice.invokeAdviceMethod(AbstractAspectJAdvice.java:627)
	at org.springframework.aop.aspectj.AspectJAroundAdvice.invoke(AspectJAroundAdvice.java:71)
	at org.springframework.aop.framework.ReflectiveMethodInvocation.proceed(ReflectiveMethodInvocation.java:184)
	at org.springframework.aop.framework.CglibAopProxy$CglibMethodInvocation.proceed(CglibAopProxy.java:768)
	at org.springframework.aop.interceptor.ExposeInvocationInterceptor.invoke(ExposeInvocationInterceptor.java:97)
	at org.springframework.aop.framework.ReflectiveMethodInvocation.proceed(ReflectiveMethodInvocation.java:184)
	at org.springframework.aop.framework.CglibAopProxy$CglibMethodInvocation.proceed(CglibAopProxy.java:768)
	at org.springframework.aop.framework.CglibAopProxy$DynamicAdvisedInterceptor.intercept(CglibAopProxy.java:720)
	at cn.edu.xmu.oomall.product.controller.UnAuthorizedController$$SpringCGLIB$$0.getProducts(<generated>)
	at java.base/jdk.internal.reflect.NativeMethodAccessorImpl.invoke0(Native Method)
	at java.base/jdk.internal.reflect.NativeMethodAccessorImpl.invoke(NativeMethodAccessorImpl.java:77)
	at java.base/jdk.internal.reflect.DelegatingMethodAccessorImpl.invoke(DelegatingMethodAccessorImpl.java:43)
	at java.base/java.lang.reflect.Method.invoke(Method.java:568)
	at org.springframework.web.method.support.InvocableHandlerMethod.doInvoke(InvocableHandlerMethod.java:255)
	at org.springframework.web.method.support.InvocableHandlerMethod.invokeForRequest(InvocableHandlerMethod.java:188)
	at org.springframework.web.servlet.mvc.method.annotation.ServletInvocableHandlerMethod.invokeAndHandle(ServletInvocableHandlerMethod.java:118)
	at org.springframework.web.servlet.mvc.method.annotation.RequestMappingHandlerAdapter.invokeHandlerMethod(RequestMappingHandlerAdapter.java:926)
	at org.springframework.web.servlet.mvc.method.annotation.RequestMappingHandlerAdapter.handleInternal(RequestMappingHandlerAdapter.java:831)
	at org.springframework.web.servlet.mvc.method.AbstractHandlerMethodAdapter.handle(AbstractHandlerMethodAdapter.java:87)
	at org.springframework.web.servlet.DispatcherServlet.doDispatch(DispatcherServlet.java:1089)
	at org.springframework.web.servlet.DispatcherServlet.doService(DispatcherServlet.java:979)
	at org.springframework.web.servlet.FrameworkServlet.processRequest(FrameworkServlet.java:1014)
	at org.springframework.web.servlet.FrameworkServlet.doGet(FrameworkServlet.java:903)
	at jakarta.servlet.http.HttpServlet.service(HttpServlet.java:564)
	at org.springframework.web.servlet.FrameworkServlet.service(FrameworkServlet.java:885)
	at org.springframework.test.web.servlet.TestDispatcherServlet.service(TestDispatcherServlet.java:72)
	at jakarta.servlet.http.HttpServlet.service(HttpServlet.java:658)
	at org.springframework.mock.web.MockFilterChain$ServletFilterProxy.doFilter(MockFilterChain.java:165)
	at org.springframework.mock.web.MockFilterChain.doFilter(MockFilterChain.java:132)
	at org.springframework.web.filter.RequestContextFilter.doFilterInternal(RequestContextFilter.java:100)
	at org.springframework.web.filter.OncePerRequestFilter.doFilter(OncePerRequestFilter.java:116)
	at org.springframework.test.web.servlet.setup.MockMvcFilterDecorator.doFilter(MockMvcFilterDecorator.java:151)
	at org.springframework.mock.web.MockFilterChain.doFilter(MockFilterChain.java:132)
	at org.springframework.web.filter.FormContentFilter.doFilterInternal(FormContentFilter.java:93)
	at org.springframework.web.filter.OncePerRequestFilter.doFilter(OncePerRequestFilter.java:116)
	at org.springframework.test.web.servlet.setup.MockMvcFilterDecorator.doFilter(MockMvcFilterDecorator.java:151)
	at org.springframework.mock.web.MockFilterChain.doFilter(MockFilterChain.java:132)
	at org.springframework.web.filter.ServerHttpObservationFilter.doFilterInternal(ServerHttpObservationFilter.java:113)
	at org.springframework.web.filter.OncePerRequestFilter.doFilter(OncePerRequestFilter.java:116)
	at org.springframework.test.web.servlet.setup.MockMvcFilterDecorator.doFilter(MockMvcFilterDecorator.java:151)
	at org.springframework.mock.web.MockFilterChain.doFilter(MockFilterChain.java:132)
	at org.springframework.web.filter.CharacterEncodingFilter.doFilterInternal(CharacterEncodingFilter.java:201)
	at org.springframework.web.filter.OncePerRequestFilter.doFilter(OncePerRequestFilter.java:116)
	at org.springframework.test.web.servlet.setup.MockMvcFilterDecorator.doFilter(MockMvcFilterDecorator.java:151)
	at org.springframework.mock.web.MockFilterChain.doFilter(MockFilterChain.java:132)
	at org.springframework.test.web.servlet.MockMvc.perform(MockMvc.java:201)
	at cn.edu.xmu.oomall.product.controller.UnAuthorizedController2Test.testGetProductSkuListGivenSuccess(UnAuthorizedController2Test.java:83)
	at java.base/jdk.internal.reflect.NativeMethodAccessorImpl.invoke0(Native Method)
	at java.base/jdk.internal.reflect.NativeMethodAccessorImpl.invoke(NativeMethodAccessorImpl.java:77)
	at java.base/jdk.internal.reflect.DelegatingMethodAccessorImpl.invoke(DelegatingMethodAccessorImpl.java:43)
	at java.base/java.lang.reflect.Method.invoke(Method.java:568)
	at org.junit.platform.commons.util.ReflectionUtils.invokeMethod(ReflectionUtils.java:728)
	at org.junit.jupiter.engine.execution.MethodInvocation.proceed(MethodInvocation.java:60)
	at org.junit.jupiter.engine.execution.InvocationInterceptorChain$ValidatingInvocation.proceed(InvocationInterceptorChain.java:131)
	at org.junit.jupiter.engine.extension.TimeoutExtension.intercept(TimeoutExtension.java:156)
	at org.junit.jupiter.engine.extension.TimeoutExtension.interceptTestableMethod(TimeoutExtension.java:147)
	at org.junit.jupiter.engine.extension.TimeoutExtension.interceptTestMethod(TimeoutExtension.java:86)
	at org.junit.jupiter.engine.execution.InterceptingExecutableInvoker$ReflectiveInterceptorCall.lambda$ofVoidMethod$0(InterceptingExecutableInvoker.java:103)
	at org.junit.jupiter.engine.execution.InterceptingExecutableInvoker.lambda$invoke$0(InterceptingExecutableInvoker.java:93)
	at org.junit.jupiter.engine.execution.InvocationInterceptorChain$InterceptedInvocation.proceed(InvocationInterceptorChain.java:106)
	at org.junit.jupiter.engine.execution.InvocationInterceptorChain.proceed(InvocationInterceptorChain.java:64)
	at org.junit.jupiter.engine.execution.InvocationInterceptorChain.chainAndInvoke(InvocationInterceptorChain.java:45)
	at org.junit.jupiter.engine.execution.InvocationInterceptorChain.invoke(InvocationInterceptorChain.java:37)
	at org.junit.jupiter.engine.execution.InterceptingExecutableInvoker.invoke(InterceptingExecutableInvoker.java:92)
	at org.junit.jupiter.engine.execution.InterceptingExecutableInvoker.invoke(InterceptingExecutableInvoker.java:86)
	at org.junit.jupiter.engine.descriptor.TestMethodTestDescriptor.lambda$invokeTestMethod$7(TestMethodTestDescriptor.java:218)
	at org.junit.platform.engine.support.hierarchical.ThrowableCollector.execute(ThrowableCollector.java:73)
	at org.junit.jupiter.engine.descriptor.TestMethodTestDescriptor.invokeTestMethod(TestMethodTestDescriptor.java:214)
	at org.junit.jupiter.engine.descriptor.TestMethodTestDescriptor.execute(TestMethodTestDescriptor.java:139)
	at org.junit.jupiter.engine.descriptor.TestMethodTestDescriptor.execute(TestMethodTestDescriptor.java:69)
	at org.junit.platform.engine.support.hierarchical.NodeTestTask.lambda$executeRecursively$6(NodeTestTask.java:156)
	at org.junit.platform.engine.support.hierarchical.ThrowableCollector.execute(ThrowableCollector.java:73)
	at org.junit.platform.engine.support.hierarchical.NodeTestTask.lambda$executeRecursively$8(NodeTestTask.java:146)
	at org.junit.platform.engine.support.hierarchical.Node.around(Node.java:137)
	at org.junit.platform.engine.support.hierarchical.NodeTestTask.lambda$executeRecursively$9(NodeTestTask.java:144)
	at org.junit.platform.engine.support.hierarchical.ThrowableCollector.execute(ThrowableCollector.java:73)
	at org.junit.platform.engine.support.hierarchical.NodeTestTask.executeRecursively(NodeTestTask.java:143)
	at org.junit.platform.engine.support.hierarchical.NodeTestTask.execute(NodeTestTask.java:100)
	at java.base/java.util.ArrayList.forEach(ArrayList.java:1511)
	at org.junit.platform.engine.support.hierarchical.SameThreadHierarchicalTestExecutorService.invokeAll(SameThreadHierarchicalTestExecutorService.java:41)
	at org.junit.platform.engine.support.hierarchical.NodeTestTask.lambda$executeRecursively$6(NodeTestTask.java:160)
	at org.junit.platform.engine.support.hierarchical.ThrowableCollector.execute(ThrowableCollector.java:73)
	at org.junit.platform.engine.support.hierarchical.NodeTestTask.lambda$executeRecursively$8(NodeTestTask.java:146)
	at org.junit.platform.engine.support.hierarchical.Node.around(Node.java:137)
	at org.junit.platform.engine.support.hierarchical.NodeTestTask.lambda$executeRecursively$9(NodeTestTask.java:144)
	at org.junit.platform.engine.support.hierarchical.ThrowableCollector.execute(ThrowableCollector.java:73)
	at org.junit.platform.engine.support.hierarchical.NodeTestTask.executeRecursively(NodeTestTask.java:143)
	at org.junit.platform.engine.support.hierarchical.NodeTestTask.execute(NodeTestTask.java:100)
	at java.base/java.util.ArrayList.forEach(ArrayList.java:1511)
	at org.junit.platform.engine.support.hierarchical.SameThreadHierarchicalTestExecutorService.invokeAll(SameThreadHierarchicalTestExecutorService.java:41)
	at org.junit.platform.engine.support.hierarchical.NodeTestTask.lambda$executeRecursively$6(NodeTestTask.java:160)
	at org.junit.platform.engine.support.hierarchical.ThrowableCollector.execute(ThrowableCollector.java:73)
	at org.junit.platform.engine.support.hierarchical.NodeTestTask.lambda$executeRecursively$8(NodeTestTask.java:146)
	at org.junit.platform.engine.support.hierarchical.Node.around(Node.java:137)
	at org.junit.platform.engine.support.hierarchical.NodeTestTask.lambda$executeRecursively$9(NodeTestTask.java:144)
	at org.junit.platform.engine.support.hierarchical.ThrowableCollector.execute(ThrowableCollector.java:73)
	at org.junit.platform.engine.support.hierarchical.NodeTestTask.executeRecursively(NodeTestTask.java:143)
	at org.junit.platform.engine.support.hierarchical.NodeTestTask.execute(NodeTestTask.java:100)
	at org.junit.platform.engine.support.hierarchical.SameThreadHierarchicalTestExecutorService.submit(SameThreadHierarchicalTestExecutorService.java:35)
	at org.junit.platform.engine.support.hierarchical.HierarchicalTestExecutor.execute(HierarchicalTestExecutor.java:57)
	at org.junit.platform.engine.support.hierarchical.HierarchicalTestEngine.execute(HierarchicalTestEngine.java:54)
	at org.junit.platform.launcher.core.EngineExecutionOrchestrator.execute(EngineExecutionOrchestrator.java:198)
	at org.junit.platform.launcher.core.EngineExecutionOrchestrator.execute(EngineExecutionOrchestrator.java:169)
	at org.junit.platform.launcher.core.EngineExecutionOrchestrator.execute(EngineExecutionOrchestrator.java:93)
	at org.junit.platform.launcher.core.EngineExecutionOrchestrator.lambda$execute$0(EngineExecutionOrchestrator.java:58)
	at org.junit.platform.launcher.core.EngineExecutionOrchestrator.withInterceptedStreams(EngineExecutionOrchestrator.java:141)
	at org.junit.platform.launcher.core.EngineExecutionOrchestrator.execute(EngineExecutionOrchestrator.java:57)
	at org.junit.platform.launcher.core.DefaultLauncher.execute(DefaultLauncher.java:103)
	at org.junit.platform.launcher.core.DefaultLauncher.execute(DefaultLauncher.java:85)
	at org.junit.platform.launcher.core.DelegatingLauncher.execute(DelegatingLauncher.java:47)
	at org.apache.maven.surefire.junitplatform.LazyLauncher.execute(LazyLauncher.java:56)
	at org.apache.maven.surefire.junitplatform.JUnitPlatformProvider.execute(JUnitPlatformProvider.java:184)
	at org.apache.maven.surefire.junitplatform.JUnitPlatformProvider.invokeAllTests(JUnitPlatformProvider.java:148)
	at org.apache.maven.surefire.junitplatform.JUnitPlatformProvider.invoke(JUnitPlatformProvider.java:122)
	at org.apache.maven.surefire.booter.ForkedBooter.runSuitesInProcess(ForkedBooter.java:385)
	at org.apache.maven.surefire.booter.ForkedBooter.execute(ForkedBooter.java:162)
	at org.apache.maven.surefire.booter.ForkedBooter.run(ForkedBooter.java:507)
	at org.apache.maven.surefire.booter.ForkedBooter.main(ForkedBooter.java:495)
2024-12-04 22:17:21.430 [main] ERROR cn.edu.xmu.javaee.core.aop.OpenFeignMapperAspect - Error: errno is null in FeignException response
2024-12-04 22:17:21.431 [main] ERROR cn.edu.xmu.oomall.product.dao.ProductDao - Error retrieving products: 
cn.edu.xmu.javaee.core.exception.BusinessException: 服务器错误
	at cn.edu.xmu.javaee.core.aop.OpenFeignMapperAspect.handleFeignMapperReturn(OpenFeignMapperAspect.java:59)
	at java.base/jdk.internal.reflect.NativeMethodAccessorImpl.invoke0(Native Method)
	at java.base/jdk.internal.reflect.NativeMethodAccessorImpl.invoke(NativeMethodAccessorImpl.java:77)
	at java.base/jdk.internal.reflect.DelegatingMethodAccessorImpl.invoke(DelegatingMethodAccessorImpl.java:43)
	at java.base/java.lang.reflect.Method.invoke(Method.java:568)
	at org.springframework.aop.aspectj.AbstractAspectJAdvice.invokeAdviceMethodWithGivenArgs(AbstractAspectJAdvice.java:637)
	at org.springframework.aop.aspectj.AbstractAspectJAdvice.invokeAdviceMethod(AbstractAspectJAdvice.java:627)
	at org.springframework.aop.aspectj.AspectJAroundAdvice.invoke(AspectJAroundAdvice.java:71)
	at org.springframework.aop.framework.ReflectiveMethodInvocation.proceed(ReflectiveMethodInvocation.java:184)
	at org.springframework.aop.interceptor.ExposeInvocationInterceptor.invoke(ExposeInvocationInterceptor.java:97)
	at org.springframework.aop.framework.ReflectiveMethodInvocation.proceed(ReflectiveMethodInvocation.java:184)
	at org.springframework.aop.framework.JdkDynamicAopProxy.invoke(JdkDynamicAopProxy.java:223)
	at jdk.proxy2/jdk.proxy2.$Proxy219.searchProductsByNameAndBarcodeAndShopId(Unknown Source)
	at cn.edu.xmu.oomall.product.dao.ProductDao.retrieveByShopIdAndBarCodeAndName(ProductDao.java:374)
	at java.base/jdk.internal.reflect.NativeMethodAccessorImpl.invoke0(Native Method)
	at java.base/jdk.internal.reflect.NativeMethodAccessorImpl.invoke(NativeMethodAccessorImpl.java:77)
	at java.base/jdk.internal.reflect.DelegatingMethodAccessorImpl.invoke(DelegatingMethodAccessorImpl.java:43)
	at java.base/java.lang.reflect.Method.invoke(Method.java:568)
	at org.springframework.aop.support.AopUtils.invokeJoinpointUsingReflection(AopUtils.java:355)
	at org.springframework.aop.framework.ReflectiveMethodInvocation.invokeJoinpoint(ReflectiveMethodInvocation.java:196)
	at org.springframework.aop.framework.ReflectiveMethodInvocation.proceed(ReflectiveMethodInvocation.java:163)
	at org.springframework.aop.framework.CglibAopProxy$CglibMethodInvocation.proceed(CglibAopProxy.java:768)
	at org.springframework.dao.support.PersistenceExceptionTranslationInterceptor.invoke(PersistenceExceptionTranslationInterceptor.java:138)
	at org.springframework.aop.framework.ReflectiveMethodInvocation.proceed(ReflectiveMethodInvocation.java:184)
	at org.springframework.aop.framework.CglibAopProxy$CglibMethodInvocation.proceed(CglibAopProxy.java:768)
	at org.springframework.aop.aspectj.MethodInvocationProceedingJoinPoint.proceed(MethodInvocationProceedingJoinPoint.java:89)
	at cn.edu.xmu.javaee.core.aop.DaoAspect.doAround(DaoAspect.java:29)
	at jdk.internal.reflect.GeneratedMethodAccessor97.invoke(Unknown Source)
	at java.base/jdk.internal.reflect.DelegatingMethodAccessorImpl.invoke(DelegatingMethodAccessorImpl.java:43)
	at java.base/java.lang.reflect.Method.invoke(Method.java:568)
	at org.springframework.aop.aspectj.AbstractAspectJAdvice.invokeAdviceMethodWithGivenArgs(AbstractAspectJAdvice.java:637)
	at org.springframework.aop.aspectj.AbstractAspectJAdvice.invokeAdviceMethod(AbstractAspectJAdvice.java:627)
	at org.springframework.aop.aspectj.AspectJAroundAdvice.invoke(AspectJAroundAdvice.java:71)
	at org.springframework.aop.framework.ReflectiveMethodInvocation.proceed(ReflectiveMethodInvocation.java:184)
	at org.springframework.aop.framework.CglibAopProxy$CglibMethodInvocation.proceed(CglibAopProxy.java:768)
	at org.springframework.aop.interceptor.ExposeInvocationInterceptor.invoke(ExposeInvocationInterceptor.java:97)
	at org.springframework.aop.framework.ReflectiveMethodInvocation.proceed(ReflectiveMethodInvocation.java:184)
	at org.springframework.aop.framework.CglibAopProxy$CglibMethodInvocation.proceed(CglibAopProxy.java:768)
	at org.springframework.aop.framework.CglibAopProxy$DynamicAdvisedInterceptor.intercept(CglibAopProxy.java:720)
	at cn.edu.xmu.oomall.product.dao.ProductDao$$SpringCGLIB$$2.retrieveByShopIdAndBarCodeAndName(<generated>)
	at java.base/jdk.internal.reflect.NativeMethodAccessorImpl.invoke0(Native Method)
	at java.base/jdk.internal.reflect.NativeMethodAccessorImpl.invoke(NativeMethodAccessorImpl.java:77)
	at java.base/jdk.internal.reflect.DelegatingMethodAccessorImpl.invoke(DelegatingMethodAccessorImpl.java:43)
	at java.base/java.lang.reflect.Method.invoke(Method.java:568)
	at org.springframework.util.ReflectionUtils.invokeMethod(ReflectionUtils.java:281)
	at org.springframework.cloud.context.scope.GenericScope$LockedScopedProxyFactoryBean.invoke(GenericScope.java:482)
	at org.springframework.aop.framework.ReflectiveMethodInvocation.proceed(ReflectiveMethodInvocation.java:184)
	at org.springframework.aop.framework.CglibAopProxy$CglibMethodInvocation.proceed(CglibAopProxy.java:768)
	at org.springframework.aop.framework.CglibAopProxy$DynamicAdvisedInterceptor.intercept(CglibAopProxy.java:720)
	at cn.edu.xmu.oomall.product.dao.ProductDao$$SpringCGLIB$$0.retrieveByShopIdAndBarCodeAndName(<generated>)
	at cn.edu.xmu.oomall.product.service.ProductService.retrieveValidProducts(ProductService.java:84)
	at java.base/jdk.internal.reflect.NativeMethodAccessorImpl.invoke0(Native Method)
	at java.base/jdk.internal.reflect.NativeMethodAccessorImpl.invoke(NativeMethodAccessorImpl.java:77)
	at java.base/jdk.internal.reflect.DelegatingMethodAccessorImpl.invoke(DelegatingMethodAccessorImpl.java:43)
	at java.base/java.lang.reflect.Method.invoke(Method.java:568)
	at org.springframework.aop.support.AopUtils.invokeJoinpointUsingReflection(AopUtils.java:355)
	at org.springframework.aop.framework.ReflectiveMethodInvocation.invokeJoinpoint(ReflectiveMethodInvocation.java:196)
	at org.springframework.aop.framework.ReflectiveMethodInvocation.proceed(ReflectiveMethodInvocation.java:163)
	at org.springframework.aop.framework.CglibAopProxy$CglibMethodInvocation.proceed(CglibAopProxy.java:768)
	at org.springframework.transaction.interceptor.TransactionAspectSupport.invokeWithinTransaction(TransactionAspectSupport.java:379)
	at org.springframework.transaction.interceptor.TransactionInterceptor.invoke(TransactionInterceptor.java:119)
	at org.springframework.aop.framework.ReflectiveMethodInvocation.proceed(ReflectiveMethodInvocation.java:184)
	at org.springframework.aop.framework.CglibAopProxy$CglibMethodInvocation.proceed(CglibAopProxy.java:768)
	at org.springframework.aop.framework.CglibAopProxy$DynamicAdvisedInterceptor.intercept(CglibAopProxy.java:720)
	at cn.edu.xmu.oomall.product.service.ProductService$$SpringCGLIB$$0.retrieveValidProducts(<generated>)
	at cn.edu.xmu.oomall.product.controller.UnAuthorizedController.getProducts(UnAuthorizedController.java:77)
	at java.base/jdk.internal.reflect.NativeMethodAccessorImpl.invoke0(Native Method)
	at java.base/jdk.internal.reflect.NativeMethodAccessorImpl.invoke(NativeMethodAccessorImpl.java:77)
	at java.base/jdk.internal.reflect.DelegatingMethodAccessorImpl.invoke(DelegatingMethodAccessorImpl.java:43)
	at java.base/java.lang.reflect.Method.invoke(Method.java:568)
	at org.springframework.aop.support.AopUtils.invokeJoinpointUsingReflection(AopUtils.java:355)
	at org.springframework.aop.framework.ReflectiveMethodInvocation.invokeJoinpoint(ReflectiveMethodInvocation.java:196)
	at org.springframework.aop.framework.ReflectiveMethodInvocation.proceed(ReflectiveMethodInvocation.java:163)
	at org.springframework.aop.framework.CglibAopProxy$CglibMethodInvocation.proceed(CglibAopProxy.java:768)
	at org.springframework.transaction.interceptor.TransactionAspectSupport.invokeWithinTransaction(TransactionAspectSupport.java:379)
	at org.springframework.transaction.interceptor.TransactionInterceptor.invoke(TransactionInterceptor.java:119)
	at org.springframework.aop.framework.ReflectiveMethodInvocation.proceed(ReflectiveMethodInvocation.java:184)
	at org.springframework.aop.framework.CglibAopProxy$CglibMethodInvocation.proceed(CglibAopProxy.java:768)
	at org.springframework.aop.aspectj.MethodInvocationProceedingJoinPoint.proceed(MethodInvocationProceedingJoinPoint.java:102)
	at cn.edu.xmu.javaee.core.aop.ControllerAspect.doAround(ControllerAspect.java:61)
	at jdk.internal.reflect.GeneratedMethodAccessor98.invoke(Unknown Source)
	at java.base/jdk.internal.reflect.DelegatingMethodAccessorImpl.invoke(DelegatingMethodAccessorImpl.java:43)
	at java.base/java.lang.reflect.Method.invoke(Method.java:568)
	at org.springframework.aop.aspectj.AbstractAspectJAdvice.invokeAdviceMethodWithGivenArgs(AbstractAspectJAdvice.java:637)
	at org.springframework.aop.aspectj.AbstractAspectJAdvice.invokeAdviceMethod(AbstractAspectJAdvice.java:627)
	at org.springframework.aop.aspectj.AspectJAroundAdvice.invoke(AspectJAroundAdvice.java:71)
	at org.springframework.aop.framework.ReflectiveMethodInvocation.proceed(ReflectiveMethodInvocation.java:184)
	at org.springframework.aop.framework.CglibAopProxy$CglibMethodInvocation.proceed(CglibAopProxy.java:768)
	at org.springframework.aop.interceptor.ExposeInvocationInterceptor.invoke(ExposeInvocationInterceptor.java:97)
	at org.springframework.aop.framework.ReflectiveMethodInvocation.proceed(ReflectiveMethodInvocation.java:184)
	at org.springframework.aop.framework.CglibAopProxy$CglibMethodInvocation.proceed(CglibAopProxy.java:768)
	at org.springframework.aop.framework.CglibAopProxy$DynamicAdvisedInterceptor.intercept(CglibAopProxy.java:720)
	at cn.edu.xmu.oomall.product.controller.UnAuthorizedController$$SpringCGLIB$$0.getProducts(<generated>)
	at java.base/jdk.internal.reflect.NativeMethodAccessorImpl.invoke0(Native Method)
	at java.base/jdk.internal.reflect.NativeMethodAccessorImpl.invoke(NativeMethodAccessorImpl.java:77)
	at java.base/jdk.internal.reflect.DelegatingMethodAccessorImpl.invoke(DelegatingMethodAccessorImpl.java:43)
	at java.base/java.lang.reflect.Method.invoke(Method.java:568)
	at org.springframework.web.method.support.InvocableHandlerMethod.doInvoke(InvocableHandlerMethod.java:255)
	at org.springframework.web.method.support.InvocableHandlerMethod.invokeForRequest(InvocableHandlerMethod.java:188)
	at org.springframework.web.servlet.mvc.method.annotation.ServletInvocableHandlerMethod.invokeAndHandle(ServletInvocableHandlerMethod.java:118)
	at org.springframework.web.servlet.mvc.method.annotation.RequestMappingHandlerAdapter.invokeHandlerMethod(RequestMappingHandlerAdapter.java:926)
	at org.springframework.web.servlet.mvc.method.annotation.RequestMappingHandlerAdapter.handleInternal(RequestMappingHandlerAdapter.java:831)
	at org.springframework.web.servlet.mvc.method.AbstractHandlerMethodAdapter.handle(AbstractHandlerMethodAdapter.java:87)
	at org.springframework.web.servlet.DispatcherServlet.doDispatch(DispatcherServlet.java:1089)
	at org.springframework.web.servlet.DispatcherServlet.doService(DispatcherServlet.java:979)
	at org.springframework.web.servlet.FrameworkServlet.processRequest(FrameworkServlet.java:1014)
	at org.springframework.web.servlet.FrameworkServlet.doGet(FrameworkServlet.java:903)
	at jakarta.servlet.http.HttpServlet.service(HttpServlet.java:564)
	at org.springframework.web.servlet.FrameworkServlet.service(FrameworkServlet.java:885)
	at org.springframework.test.web.servlet.TestDispatcherServlet.service(TestDispatcherServlet.java:72)
	at jakarta.servlet.http.HttpServlet.service(HttpServlet.java:658)
	at org.springframework.mock.web.MockFilterChain$ServletFilterProxy.doFilter(MockFilterChain.java:165)
	at org.springframework.mock.web.MockFilterChain.doFilter(MockFilterChain.java:132)
	at org.springframework.web.filter.RequestContextFilter.doFilterInternal(RequestContextFilter.java:100)
	at org.springframework.web.filter.OncePerRequestFilter.doFilter(OncePerRequestFilter.java:116)
	at org.springframework.test.web.servlet.setup.MockMvcFilterDecorator.doFilter(MockMvcFilterDecorator.java:151)
	at org.springframework.mock.web.MockFilterChain.doFilter(MockFilterChain.java:132)
	at org.springframework.web.filter.FormContentFilter.doFilterInternal(FormContentFilter.java:93)
	at org.springframework.web.filter.OncePerRequestFilter.doFilter(OncePerRequestFilter.java:116)
	at org.springframework.test.web.servlet.setup.MockMvcFilterDecorator.doFilter(MockMvcFilterDecorator.java:151)
	at org.springframework.mock.web.MockFilterChain.doFilter(MockFilterChain.java:132)
	at org.springframework.web.filter.ServerHttpObservationFilter.doFilterInternal(ServerHttpObservationFilter.java:113)
	at org.springframework.web.filter.OncePerRequestFilter.doFilter(OncePerRequestFilter.java:116)
	at org.springframework.test.web.servlet.setup.MockMvcFilterDecorator.doFilter(MockMvcFilterDecorator.java:151)
	at org.springframework.mock.web.MockFilterChain.doFilter(MockFilterChain.java:132)
	at org.springframework.web.filter.CharacterEncodingFilter.doFilterInternal(CharacterEncodingFilter.java:201)
	at org.springframework.web.filter.OncePerRequestFilter.doFilter(OncePerRequestFilter.java:116)
	at org.springframework.test.web.servlet.setup.MockMvcFilterDecorator.doFilter(MockMvcFilterDecorator.java:151)
	at org.springframework.mock.web.MockFilterChain.doFilter(MockFilterChain.java:132)
	at org.springframework.test.web.servlet.MockMvc.perform(MockMvc.java:201)
	at cn.edu.xmu.oomall.product.controller.UnAuthorizedController2Test.testGetProductSkuListGivenSuccess(UnAuthorizedController2Test.java:83)
	at java.base/jdk.internal.reflect.NativeMethodAccessorImpl.invoke0(Native Method)
	at java.base/jdk.internal.reflect.NativeMethodAccessorImpl.invoke(NativeMethodAccessorImpl.java:77)
	at java.base/jdk.internal.reflect.DelegatingMethodAccessorImpl.invoke(DelegatingMethodAccessorImpl.java:43)
	at java.base/java.lang.reflect.Method.invoke(Method.java:568)
	at org.junit.platform.commons.util.ReflectionUtils.invokeMethod(ReflectionUtils.java:728)
	at org.junit.jupiter.engine.execution.MethodInvocation.proceed(MethodInvocation.java:60)
	at org.junit.jupiter.engine.execution.InvocationInterceptorChain$ValidatingInvocation.proceed(InvocationInterceptorChain.java:131)
	at org.junit.jupiter.engine.extension.TimeoutExtension.intercept(TimeoutExtension.java:156)
	at org.junit.jupiter.engine.extension.TimeoutExtension.interceptTestableMethod(TimeoutExtension.java:147)
	at org.junit.jupiter.engine.extension.TimeoutExtension.interceptTestMethod(TimeoutExtension.java:86)
	at org.junit.jupiter.engine.execution.InterceptingExecutableInvoker$ReflectiveInterceptorCall.lambda$ofVoidMethod$0(InterceptingExecutableInvoker.java:103)
	at org.junit.jupiter.engine.execution.InterceptingExecutableInvoker.lambda$invoke$0(InterceptingExecutableInvoker.java:93)
	at org.junit.jupiter.engine.execution.InvocationInterceptorChain$InterceptedInvocation.proceed(InvocationInterceptorChain.java:106)
	at org.junit.jupiter.engine.execution.InvocationInterceptorChain.proceed(InvocationInterceptorChain.java:64)
	at org.junit.jupiter.engine.execution.InvocationInterceptorChain.chainAndInvoke(InvocationInterceptorChain.java:45)
	at org.junit.jupiter.engine.execution.InvocationInterceptorChain.invoke(InvocationInterceptorChain.java:37)
	at org.junit.jupiter.engine.execution.InterceptingExecutableInvoker.invoke(InterceptingExecutableInvoker.java:92)
	at org.junit.jupiter.engine.execution.InterceptingExecutableInvoker.invoke(InterceptingExecutableInvoker.java:86)
	at org.junit.jupiter.engine.descriptor.TestMethodTestDescriptor.lambda$invokeTestMethod$7(TestMethodTestDescriptor.java:218)
	at org.junit.platform.engine.support.hierarchical.ThrowableCollector.execute(ThrowableCollector.java:73)
	at org.junit.jupiter.engine.descriptor.TestMethodTestDescriptor.invokeTestMethod(TestMethodTestDescriptor.java:214)
	at org.junit.jupiter.engine.descriptor.TestMethodTestDescriptor.execute(TestMethodTestDescriptor.java:139)
	at org.junit.jupiter.engine.descriptor.TestMethodTestDescriptor.execute(TestMethodTestDescriptor.java:69)
	at org.junit.platform.engine.support.hierarchical.NodeTestTask.lambda$executeRecursively$6(NodeTestTask.java:156)
	at org.junit.platform.engine.support.hierarchical.ThrowableCollector.execute(ThrowableCollector.java:73)
	at org.junit.platform.engine.support.hierarchical.NodeTestTask.lambda$executeRecursively$8(NodeTestTask.java:146)
	at org.junit.platform.engine.support.hierarchical.Node.around(Node.java:137)
	at org.junit.platform.engine.support.hierarchical.NodeTestTask.lambda$executeRecursively$9(NodeTestTask.java:144)
	at org.junit.platform.engine.support.hierarchical.ThrowableCollector.execute(ThrowableCollector.java:73)
	at org.junit.platform.engine.support.hierarchical.NodeTestTask.executeRecursively(NodeTestTask.java:143)
	at org.junit.platform.engine.support.hierarchical.NodeTestTask.execute(NodeTestTask.java:100)
	at java.base/java.util.ArrayList.forEach(ArrayList.java:1511)
	at org.junit.platform.engine.support.hierarchical.SameThreadHierarchicalTestExecutorService.invokeAll(SameThreadHierarchicalTestExecutorService.java:41)
	at org.junit.platform.engine.support.hierarchical.NodeTestTask.lambda$executeRecursively$6(NodeTestTask.java:160)
	at org.junit.platform.engine.support.hierarchical.ThrowableCollector.execute(ThrowableCollector.java:73)
	at org.junit.platform.engine.support.hierarchical.NodeTestTask.lambda$executeRecursively$8(NodeTestTask.java:146)
	at org.junit.platform.engine.support.hierarchical.Node.around(Node.java:137)
	at org.junit.platform.engine.support.hierarchical.NodeTestTask.lambda$executeRecursively$9(NodeTestTask.java:144)
	at org.junit.platform.engine.support.hierarchical.ThrowableCollector.execute(ThrowableCollector.java:73)
	at org.junit.platform.engine.support.hierarchical.NodeTestTask.executeRecursively(NodeTestTask.java:143)
	at org.junit.platform.engine.support.hierarchical.NodeTestTask.execute(NodeTestTask.java:100)
	at java.base/java.util.ArrayList.forEach(ArrayList.java:1511)
	at org.junit.platform.engine.support.hierarchical.SameThreadHierarchicalTestExecutorService.invokeAll(SameThreadHierarchicalTestExecutorService.java:41)
	at org.junit.platform.engine.support.hierarchical.NodeTestTask.lambda$executeRecursively$6(NodeTestTask.java:160)
	at org.junit.platform.engine.support.hierarchical.ThrowableCollector.execute(ThrowableCollector.java:73)
	at org.junit.platform.engine.support.hierarchical.NodeTestTask.lambda$executeRecursively$8(NodeTestTask.java:146)
	at org.junit.platform.engine.support.hierarchical.Node.around(Node.java:137)
	at org.junit.platform.engine.support.hierarchical.NodeTestTask.lambda$executeRecursively$9(NodeTestTask.java:144)
	at org.junit.platform.engine.support.hierarchical.ThrowableCollector.execute(ThrowableCollector.java:73)
	at org.junit.platform.engine.support.hierarchical.NodeTestTask.executeRecursively(NodeTestTask.java:143)
	at org.junit.platform.engine.support.hierarchical.NodeTestTask.execute(NodeTestTask.java:100)
	at org.junit.platform.engine.support.hierarchical.SameThreadHierarchicalTestExecutorService.submit(SameThreadHierarchicalTestExecutorService.java:35)
	at org.junit.platform.engine.support.hierarchical.HierarchicalTestExecutor.execute(HierarchicalTestExecutor.java:57)
	at org.junit.platform.engine.support.hierarchical.HierarchicalTestEngine.execute(HierarchicalTestEngine.java:54)
	at org.junit.platform.launcher.core.EngineExecutionOrchestrator.execute(EngineExecutionOrchestrator.java:198)
	at org.junit.platform.launcher.core.EngineExecutionOrchestrator.execute(EngineExecutionOrchestrator.java:169)
	at org.junit.platform.launcher.core.EngineExecutionOrchestrator.execute(EngineExecutionOrchestrator.java:93)
	at org.junit.platform.launcher.core.EngineExecutionOrchestrator.lambda$execute$0(EngineExecutionOrchestrator.java:58)
	at org.junit.platform.launcher.core.EngineExecutionOrchestrator.withInterceptedStreams(EngineExecutionOrchestrator.java:141)
	at org.junit.platform.launcher.core.EngineExecutionOrchestrator.execute(EngineExecutionOrchestrator.java:57)
	at org.junit.platform.launcher.core.DefaultLauncher.execute(DefaultLauncher.java:103)
	at org.junit.platform.launcher.core.DefaultLauncher.execute(DefaultLauncher.java:85)
	at org.junit.platform.launcher.core.DelegatingLauncher.execute(DelegatingLauncher.java:47)
	at org.apache.maven.surefire.junitplatform.LazyLauncher.execute(LazyLauncher.java:56)
	at org.apache.maven.surefire.junitplatform.JUnitPlatformProvider.execute(JUnitPlatformProvider.java:184)
	at org.apache.maven.surefire.junitplatform.JUnitPlatformProvider.invokeAllTests(JUnitPlatformProvider.java:148)
	at org.apache.maven.surefire.junitplatform.JUnitPlatformProvider.invoke(JUnitPlatformProvider.java:122)
	at org.apache.maven.surefire.booter.ForkedBooter.runSuitesInProcess(ForkedBooter.java:385)
	at org.apache.maven.surefire.booter.ForkedBooter.execute(ForkedBooter.java:162)
	at org.apache.maven.surefire.booter.ForkedBooter.run(ForkedBooter.java:507)
	at org.apache.maven.surefire.booter.ForkedBooter.main(ForkedBooter.java:495)
2024-12-04 22:17:21.431 [main] INFO  cn.edu.xmu.javaee.core.aop.ControllerAspect - doAround: BusinessException， errno = INTERNAL_SERVER_ERR
2024-12-04 22:17:21.431 [main] DEBUG cn.edu.xmu.javaee.core.aop.ControllerAspect - doAround: jp = getProducts, code = INTERNAL_SERVER_ERR

MockHttpServletRequest:
      HTTP Method = GET
      Request URI = /products
       Parameters = {shopId=[10], barCode=[6924254673572], name=[欢乐家久宝桃罐头], page=[1], pageSize=[10]}
          Headers = [Content-Type:"application/json;charset=UTF-8", authorization:"eyJ0eXAiOiJKV1QiLCJhbGciOiJIUzI1NiJ9.eyJ1c2VySWQiOjEsImRlcGFydElkIjowLCJ0b2tlbklkIjoiMjAyNDEyMDQyMjE3MTgwS1BBIiwidXNlck5hbWUiOiIxMzA4OGFkbWluIiwidXNlckxldmVsIjoxLCJpc3MiOiJPT0FEIiwic3ViIjoidGhpcyBpcyBhIHRva2VuIiwiYXVkIjoiTUlOSUFQUCIsImlhdCI6MTczMzMyMTgzOCwiZXhwIjoxNzMzMzI1NDM4fQ.JV6GETbejZP1n1PmBFUPsPu4IvyfVvH4iU-x2PEUONY"]
             Body = null
    Session Attrs = {}

Handler:
             Type = cn.edu.xmu.oomall.product.controller.UnAuthorizedController
           Method = cn.edu.xmu.oomall.product.controller.UnAuthorizedController#getProducts(Long, String, String, Integer, Integer)

Async:
    Async started = false
     Async result = null

Resolved Exception:
             Type = null

ModelAndView:
        View name = null
             View = null
            Model = null

FlashMap:
       Attributes = null

MockHttpServletResponse:
           Status = 500
    Error message = null
          Headers = [Vary:"Origin", "Access-Control-Request-Method", "Access-Control-Request-Headers", Content-Type:"application/json;charset=UTF-8"]
     Content type = application/json;charset=UTF-8
             Body = {"errmsg":"Error retrieving products","errno":2}
    Forwarded URL = null
   Redirected URL = null
          Cookies = []
]]></system-out>
  </testcase>
  <testcase name="testGetProductByCategoryGivenSuccess" classname="cn.edu.xmu.oomall.product.controller.UnAuthorizedController2Test" time="0.222">
    <system-out><![CDATA[2024-12-04 22:17:21.549 [main] DEBUG cn.edu.xmu.javaee.core.aop.ControllerAspect - doAround: method = getCategoryProduct, paramNames = [id, page, pageSize]
2024-12-04 22:17:21.551 [main] DEBUG cn.edu.xmu.javaee.core.aop.ControllerAspect - checkPageTimeLimit: paramNames[0] = id
2024-12-04 22:17:21.552 [main] DEBUG cn.edu.xmu.javaee.core.aop.ControllerAspect - checkPageTimeLimit: paramNames[1] = page
2024-12-04 22:17:21.552 [main] DEBUG cn.edu.xmu.javaee.core.aop.ControllerAspect - checkPageTimeLimit: set page to 1
2024-12-04 22:17:21.552 [main] DEBUG cn.edu.xmu.javaee.core.aop.ControllerAspect - checkPageTimeLimit: paramNames[2] = pageSize
2024-12-04 22:17:21.552 [main] DEBUG cn.edu.xmu.javaee.core.aop.ControllerAspect - checkPageTimeLimit: set pageSize to 10
2024-12-04 22:17:21.552 [main] DEBUG cn.edu.xmu.oomall.product.service.ProductService - getLogisticsProduct: Logistics Id = 10
2024-12-04 22:17:21.616 [main] DEBUG cn.edu.xmu.javaee.core.aop.DaoAspect - doAround: obj = cn.edu.xmu.oomall.product.dao.ProductDao@6be1ba6c, method = retrieveProductByCategory
2024-12-04 22:17:21.617 [main] DEBUG cn.edu.xmu.javaee.core.aop.ControllerAspect - doAround: jp = getCategoryProduct, code = OK
]]></system-out>
  </testcase>
  <testcase name="testGetProductProdGivenFail" classname="cn.edu.xmu.oomall.product.controller.UnAuthorizedController2Test" time="0.212">
    <system-out><![CDATA[2024-12-04 22:17:21.720 [cluster-ClusterId{value='6750645306b2de2102d0963e', description='null'}-mongo2:27017] INFO  org.mongodb.driver.cluster - Rediscovering type of existing primary mongo1:27017
2024-12-04 22:17:21.720 [cluster-ClusterId{value='6750645306b2de2102d0963e', description='null'}-mongo2:27017] INFO  org.mongodb.driver.cluster - Discovered replica set primary mongo2:27017 with max election id 7fffffff00000000000000f7 and max set version 1
2024-12-04 22:17:21.740 [cluster-ClusterId{value='6750645306b2de2102d0963e', description='null'}-mongo3:27017] INFO  org.mongodb.driver.cluster - Rediscovering type of existing primary mongo2:27017
2024-12-04 22:17:21.740 [cluster-ClusterId{value='6750645306b2de2102d0963e', description='null'}-mongo3:27017] INFO  org.mongodb.driver.cluster - Discovered replica set primary mongo3:27017 with max election id 7fffffff00000000000000f7 and max set version 1
2024-12-04 22:17:21.752 [cluster-ClusterId{value='6750645306b2de2102d0963e', description='null'}-mongo1:27017] INFO  org.mongodb.driver.cluster - Rediscovering type of existing primary mongo3:27017
2024-12-04 22:17:21.752 [cluster-ClusterId{value='6750645306b2de2102d0963e', description='null'}-mongo1:27017] INFO  org.mongodb.driver.cluster - Discovered replica set primary mongo1:27017 with max election id 7fffffff00000000000000f7 and max set version 1
2024-12-04 22:17:21.772 [main] DEBUG cn.edu.xmu.javaee.core.aop.ControllerAspect - doAround: method = findProductById, paramNames = [id]
2024-12-04 22:17:21.772 [main] DEBUG cn.edu.xmu.javaee.core.aop.ControllerAspect - checkPageTimeLimit: paramNames[0] = id
2024-12-04 22:17:21.772 [main] DEBUG cn.edu.xmu.oomall.product.service.ProductService - findProductById: id = 150
2024-12-04 22:17:21.773 [main] DEBUG cn.edu.xmu.oomall.product.dao.ProductDao - findValidById: id = 150
2024-12-04 22:17:21.827 [main] INFO  cn.edu.xmu.javaee.core.aop.ControllerAspect - doAround: BusinessException， errno = RESOURCE_ID_NOTEXIST
2024-12-04 22:17:21.827 [main] DEBUG cn.edu.xmu.javaee.core.aop.ControllerAspect - doAround: jp = findProductById, code = RESOURCE_ID_NOTEXIST
]]></system-out>
  </testcase>
</testsuite>